2022-05-03 00:11:25,653 DEBUG    root            Loaded Command Group: ['gcloud', 'config']
2022-05-03 00:11:25,655 DEBUG    root            Loaded Command Group: ['gcloud', 'config', 'config_helper']
2022-05-03 00:11:25,656 DEBUG    root            Running [gcloud.config.config-helper] with arguments: [--format: "json", --min-expiry: "3600"]
2022-05-03 00:11:25,665 DEBUG    google.auth.transport.requests Making request: POST https://oauth2.googleapis.com/token
2022-05-03 00:11:25,707 DEBUG    urllib3.connectionpool Starting new HTTPS connection (1): oauth2.googleapis.com:443
2022-05-03 00:11:25,817 DEBUG    urllib3.connectionpool https://oauth2.googleapis.com:443 "POST /token HTTP/1.1" 200 None
2022-05-03 00:11:25,819 DEBUG    google.auth.transport.requests Making request: POST https://oauth2.googleapis.com/token
2022-05-03 00:11:25,821 DEBUG    urllib3.connectionpool Starting new HTTPS connection (1): oauth2.googleapis.com:443
2022-05-03 00:11:25,925 DEBUG    urllib3.connectionpool https://oauth2.googleapis.com:443 "POST /token HTTP/1.1" 200 None
2022-05-03 00:11:25,928 INFO     root            Display format: "default json"
2022-05-03 00:11:25,928 INFO     ___FILE_ONLY___ {
  "configuration": {
    "active_configuration": "default",
    "properties": {
      "compute": {
        "zone": "us-central1"
      },
      "core": {
        "account": "britton.jenner@crowdriff.com",
        "disable_usage_reporting": "False",
        "project": "crowdriff-stories-dev"
      }
    }
  },
  "credential": {
    "access_token": "ya29.A0ARrdaM9ehvScknatpfYUq-yodlMJ1cBDuoy-PYTC2kXxuhO2_r4bv9GMN7FrkmUva3_7TC-DYCZ2UUvF75NVfJaTQn2WjP6Gq-EMWYNolo8Q01x3mrzlPEjeNrMvSv7a6WX-eSeP9JLsSaFgorDcSqslR6P4GzjLu3WxDZA",
    "id_token": "eyJhbGciOiJSUzI1NiIsImtpZCI6Ijg2MTY0OWU0NTAzMTUzODNmNmI5ZDUxMGI3Y2Q0ZTkyMjZjM2NkODgiLCJ0eXAiOiJKV1QifQ.eyJpc3MiOiJodHRwczovL2FjY291bnRzLmdvb2dsZS5jb20iLCJhenAiOiIzMjU1NTk0MDU1OS5hcHBzLmdvb2dsZXVzZXJjb250ZW50LmNvbSIsImF1ZCI6IjMyNTU1OTQwNTU5LmFwcHMuZ29vZ2xldXNlcmNvbnRlbnQuY29tIiwic3ViIjoiMTA0NzU3Njk2MTMwOTc4MTMyNDM4IiwiaGQiOiJjcm93ZHJpZmYuY29tIiwiZW1haWwiOiJicml0dG9uLmplbm5lckBjcm93ZHJpZmYuY29tIiwiZW1haWxfdmVyaWZpZWQiOnRydWUsImF0X2hhc2giOiJWMm5XSmQ2clY1T1d1QkZsQjZNMXl3IiwiaWF0IjoxNjUxNTUxMDg1LCJleHAiOjE2NTE1NTQ2ODV9.FTw7Ouw72VedQrWFq1dW0E-oZTHoR2G9KDjPiaxolGk69g9IBtKMyZ7kug9DfYUdEH8R4MKbL9fhaDfPTyJZ98YaEgHx2_AoPiGy2r1EFpBWl0Wvqmv79AZRkxZGWJpPkiaiwimrmR1pHGyXI_DpqXEsrNBp-Lpf6WQG04SYe-iil-AVATynLRuEP6Ardvgmrfv4AAkhm6viaj4eaCay-lG2U8cVimL1E0iOA-6jTWl664bfDlZ-mFD0hdpSdsALQyVXJD7yj4tZVDbDyFmaWkU1EIoAP1pTElt3-yGMPxANhEQLXjSZZEdbkYOpdgrWopsOq5MVnfHlj6rlX_sTwg",
    "token_expiry": "2022-05-03T05:11:24Z"
  },
  "sentinels": {
    "config_sentinel": "/Users/britton.jenner/.config/gcloud/config_sentinel"
  }
}
2022-05-03 00:11:25,928 INFO     ___FILE_ONLY___ 

2022-05-03 00:11:25,933 DEBUG    root            Metrics reporting process started...
