2022-05-03 02:01:26,585 DEBUG    root            Loaded Command Group: ['gcloud', 'config']
2022-05-03 02:01:26,588 DEBUG    root            Loaded Command Group: ['gcloud', 'config', 'config_helper']
2022-05-03 02:01:26,588 DEBUG    root            Running [gcloud.config.config-helper] with arguments: [--format: "json", --min-expiry: "3600"]
2022-05-03 02:01:26,598 DEBUG    google.auth.transport.requests Making request: POST https://oauth2.googleapis.com/token
2022-05-03 02:01:26,634 DEBUG    urllib3.connectionpool Starting new HTTPS connection (1): oauth2.googleapis.com:443
2022-05-03 02:01:26,743 DEBUG    urllib3.connectionpool https://oauth2.googleapis.com:443 "POST /token HTTP/1.1" 200 None
2022-05-03 02:01:26,748 DEBUG    google.auth.transport.requests Making request: POST https://oauth2.googleapis.com/token
2022-05-03 02:01:26,749 DEBUG    urllib3.connectionpool Starting new HTTPS connection (1): oauth2.googleapis.com:443
2022-05-03 02:01:26,857 DEBUG    urllib3.connectionpool https://oauth2.googleapis.com:443 "POST /token HTTP/1.1" 200 None
2022-05-03 02:01:26,860 INFO     root            Display format: "default json"
2022-05-03 02:01:26,861 INFO     ___FILE_ONLY___ {
  "configuration": {
    "active_configuration": "default",
    "properties": {
      "compute": {
        "zone": "us-central1"
      },
      "core": {
        "account": "britton.jenner@crowdriff.com",
        "disable_usage_reporting": "False",
        "project": "crowdriff-stories-dev"
      }
    }
  },
  "credential": {
    "access_token": "ya29.A0ARrdaM89tA6naImrQFJpd-qOIiGv0fFrUH2D88BwKaG-Fb0HX1VLV6Ouk5wVkdD0584bHya2Yk8rSEW-HfJ5_3tGCARmApt_S5ERq38WZNfwEp90_6DYU-NiYyFvqYgoCmJc013eyaw70nmqxr2LRTYyGo-e9tjjfjZAY-M",
    "id_token": "eyJhbGciOiJSUzI1NiIsImtpZCI6Ijg2MTY0OWU0NTAzMTUzODNmNmI5ZDUxMGI3Y2Q0ZTkyMjZjM2NkODgiLCJ0eXAiOiJKV1QifQ.eyJpc3MiOiJodHRwczovL2FjY291bnRzLmdvb2dsZS5jb20iLCJhenAiOiIzMjU1NTk0MDU1OS5hcHBzLmdvb2dsZXVzZXJjb250ZW50LmNvbSIsImF1ZCI6IjMyNTU1OTQwNTU5LmFwcHMuZ29vZ2xldXNlcmNvbnRlbnQuY29tIiwic3ViIjoiMTA0NzU3Njk2MTMwOTc4MTMyNDM4IiwiaGQiOiJjcm93ZHJpZmYuY29tIiwiZW1haWwiOiJicml0dG9uLmplbm5lckBjcm93ZHJpZmYuY29tIiwiZW1haWxfdmVyaWZpZWQiOnRydWUsImF0X2hhc2giOiJUeGQ0MGV0bnRXaU1tY2xhZk5IMnV3IiwiaWF0IjoxNjUxNTU3Njg2LCJleHAiOjE2NTE1NjEyODZ9.G1mB-UXrqedOQz4CYBD9xjCgan8QwjuFfPILYu3VMs9b81VKwejFno52NGCtQSApovN2ex3BZ7mTCOL9AEkhuauolI2tVZBloo9GxzrJ7b5jhnAVHQeVonUhMUhM4NeY3KdEQJXczkit4Z5vsQwcJmmHyPGvlgKE8Ki9nOj9SJh7AnTNXFscF0rPRPTaQywDc2cKb_44KvfxjBJhmOLnfkLxuqWz_MGgA7RmxYXlU4vZnRokfZAT_fqITLN95O5c4PNlkIqLsmquece5tn6pDDF2I5YYBc5Ysj4nbbqRlwvbnzf00m3HqbMPx9kg7dMAD1H0joMUWFio8b7j4MHORw",
    "token_expiry": "2022-05-03T07:01:25Z"
  },
  "sentinels": {
    "config_sentinel": "/Users/britton.jenner/.config/gcloud/config_sentinel"
  }
}
2022-05-03 02:01:26,861 INFO     ___FILE_ONLY___ 

2022-05-03 02:01:26,868 DEBUG    root            Metrics reporting process started...
