2022-05-03 03:51:27,795 DEBUG    root            Loaded Command Group: ['gcloud', 'config']
2022-05-03 03:51:27,797 DEBUG    root            Loaded Command Group: ['gcloud', 'config', 'config_helper']
2022-05-03 03:51:27,798 DEBUG    root            Running [gcloud.config.config-helper] with arguments: [--format: "json", --min-expiry: "3600"]
2022-05-03 03:51:27,808 DEBUG    google.auth.transport.requests Making request: POST https://oauth2.googleapis.com/token
2022-05-03 03:51:27,845 DEBUG    urllib3.connectionpool Starting new HTTPS connection (1): oauth2.googleapis.com:443
2022-05-03 03:51:27,951 DEBUG    urllib3.connectionpool https://oauth2.googleapis.com:443 "POST /token HTTP/1.1" 200 None
2022-05-03 03:51:27,953 DEBUG    google.auth.transport.requests Making request: POST https://oauth2.googleapis.com/token
2022-05-03 03:51:27,955 DEBUG    urllib3.connectionpool Starting new HTTPS connection (1): oauth2.googleapis.com:443
2022-05-03 03:51:28,061 DEBUG    urllib3.connectionpool https://oauth2.googleapis.com:443 "POST /token HTTP/1.1" 200 None
2022-05-03 03:51:28,064 INFO     root            Display format: "default json"
2022-05-03 03:51:28,064 INFO     ___FILE_ONLY___ {
  "configuration": {
    "active_configuration": "default",
    "properties": {
      "compute": {
        "zone": "us-central1"
      },
      "core": {
        "account": "britton.jenner@crowdriff.com",
        "disable_usage_reporting": "False",
        "project": "crowdriff-stories-dev"
      }
    }
  },
  "credential": {
    "access_token": "ya29.A0ARrdaM99iTQ9-2UVKnMfmD9t8efj3k_gQZikzJ2GESskmcEvMb9PxhfZJSPNxHLPerWTZ47xdYzIEDOIh5jk5fLi-zb3YcWYlWeqafOTFQ8efHcPEtjvdUtqmW06NBso5BgR6p1vgQFSbOCEwQ7hdikWg7M6nQ3AZscofNk",
    "id_token": "eyJhbGciOiJSUzI1NiIsImtpZCI6Ijg2MTY0OWU0NTAzMTUzODNmNmI5ZDUxMGI3Y2Q0ZTkyMjZjM2NkODgiLCJ0eXAiOiJKV1QifQ.eyJpc3MiOiJodHRwczovL2FjY291bnRzLmdvb2dsZS5jb20iLCJhenAiOiIzMjU1NTk0MDU1OS5hcHBzLmdvb2dsZXVzZXJjb250ZW50LmNvbSIsImF1ZCI6IjMyNTU1OTQwNTU5LmFwcHMuZ29vZ2xldXNlcmNvbnRlbnQuY29tIiwic3ViIjoiMTA0NzU3Njk2MTMwOTc4MTMyNDM4IiwiaGQiOiJjcm93ZHJpZmYuY29tIiwiZW1haWwiOiJicml0dG9uLmplbm5lckBjcm93ZHJpZmYuY29tIiwiZW1haWxfdmVyaWZpZWQiOnRydWUsImF0X2hhc2giOiI3TVM2Zmk2Q3VtZGdFbEVZckFKSXJRIiwiaWF0IjoxNjUxNTY0Mjg4LCJleHAiOjE2NTE1Njc4ODh9.V9JpFpBSf1dnDzWxBAI6Qsgxzmwg0AJ0QMqac7Y10SRlYp_HQ5glR_MYk8es4VYMMAagKBobmsxhtKYbyzVesm06NzZcOeP9237Kw4UCmhjOoih3LzCn7ROBrgqSv6JHjeNrUeTfhl5fFvLyYzQAMYUmULnMJJb9HEybC0RCpARd8IcrRr6tRZm86NI8gSM-ezrlau-CeuCI1CFYDVGmyF6-3ANy1jzNLELr20xs3jDKoMiZ6mqjBXtbjF2LhYywYkM9h32-IONILjtCbu34ffVjqao5avfIxEaTiCRw7WeIoBV7oHl9rSjvOMl10auCD8jfdMBoNoxDIGquR-bqBw",
    "token_expiry": "2022-05-03T08:51:27Z"
  },
  "sentinels": {
    "config_sentinel": "/Users/britton.jenner/.config/gcloud/config_sentinel"
  }
}
2022-05-03 03:51:28,064 INFO     ___FILE_ONLY___ 

2022-05-03 03:51:28,070 DEBUG    root            Metrics reporting process started...
