2022-05-03 07:31:29,610 DEBUG    root            Loaded Command Group: ['gcloud', 'config']
2022-05-03 07:31:29,611 DEBUG    root            Loaded Command Group: ['gcloud', 'config', 'config_helper']
2022-05-03 07:31:29,612 DEBUG    root            Running [gcloud.config.config-helper] with arguments: [--format: "json", --min-expiry: "3600"]
2022-05-03 07:31:29,621 DEBUG    google.auth.transport.requests Making request: POST https://oauth2.googleapis.com/token
2022-05-03 07:31:29,670 DEBUG    urllib3.connectionpool Starting new HTTPS connection (1): oauth2.googleapis.com:443
2022-05-03 07:31:29,794 DEBUG    urllib3.connectionpool https://oauth2.googleapis.com:443 "POST /token HTTP/1.1" 200 None
2022-05-03 07:31:29,797 DEBUG    google.auth.transport.requests Making request: POST https://oauth2.googleapis.com/token
2022-05-03 07:31:29,798 DEBUG    urllib3.connectionpool Starting new HTTPS connection (1): oauth2.googleapis.com:443
2022-05-03 07:31:29,902 DEBUG    urllib3.connectionpool https://oauth2.googleapis.com:443 "POST /token HTTP/1.1" 200 None
2022-05-03 07:31:29,905 INFO     root            Display format: "default json"
2022-05-03 07:31:29,905 INFO     ___FILE_ONLY___ {
  "configuration": {
    "active_configuration": "default",
    "properties": {
      "compute": {
        "zone": "us-central1"
      },
      "core": {
        "account": "britton.jenner@crowdriff.com",
        "disable_usage_reporting": "False",
        "project": "crowdriff-stories-dev"
      }
    }
  },
  "credential": {
    "access_token": "ya29.A0ARrdaM_IkfDuq4VhTwRttga5EXMFkCS0DdVlsTli46EL7mWSIsmp5KdOs04mvQsbLLD8p5KYRREB8uvAP-FG5vyVd8Ek9oYjS-7tqYwdEBcLymUh_hP5E-nMcbHdDPvAylagUTp64n5t0S-i0-ycOzEZJZ6k5KEaaVztTSE",
    "id_token": "eyJhbGciOiJSUzI1NiIsImtpZCI6Ijg2MTY0OWU0NTAzMTUzODNmNmI5ZDUxMGI3Y2Q0ZTkyMjZjM2NkODgiLCJ0eXAiOiJKV1QifQ.eyJpc3MiOiJodHRwczovL2FjY291bnRzLmdvb2dsZS5jb20iLCJhenAiOiIzMjU1NTk0MDU1OS5hcHBzLmdvb2dsZXVzZXJjb250ZW50LmNvbSIsImF1ZCI6IjMyNTU1OTQwNTU5LmFwcHMuZ29vZ2xldXNlcmNvbnRlbnQuY29tIiwic3ViIjoiMTA0NzU3Njk2MTMwOTc4MTMyNDM4IiwiaGQiOiJjcm93ZHJpZmYuY29tIiwiZW1haWwiOiJicml0dG9uLmplbm5lckBjcm93ZHJpZmYuY29tIiwiZW1haWxfdmVyaWZpZWQiOnRydWUsImF0X2hhc2giOiJUNG9sbVFqNVhyTDRGVEtaNzBDX0FBIiwiaWF0IjoxNjUxNTc3NDg5LCJleHAiOjE2NTE1ODEwODl9.Sag502lG9s70FqKGw9Hu5P8VNdos1Spwa2lSxWLIoRq_WHct-XaWPboTS1qaPH1_bpBX0o3FkeQljgH8Bawb3KnBxhqd7qTWJLAwPCCXHCeIPgevBeSXwXw4X2Q01bq92WvKZevzbh66PYuz_hVd6mdP0C0akl8np_ee-KrtEI8UTZdWdSk_7dGUE53dBj2utFJZPCke2rclj1OqotiqX6YDkovQKFVdIVWXx_nDol6wuUh33wM3k7jbioJLwXq_vtLcN3sBXfW5-kcWFaPNiMersAK2n9dKYS6kctoxk3jnHdE-33_pPPu1DvLqsOzdrRZanrR1MfnEHHy_eIU_AA",
    "token_expiry": "2022-05-03T12:31:28Z"
  },
  "sentinels": {
    "config_sentinel": "/Users/britton.jenner/.config/gcloud/config_sentinel"
  }
}
2022-05-03 07:31:29,905 INFO     ___FILE_ONLY___ 

2022-05-03 07:31:29,911 DEBUG    root            Metrics reporting process started...
