2022-05-03 09:21:30,837 DEBUG    root            Loaded Command Group: ['gcloud', 'config']
2022-05-03 09:21:30,839 DEBUG    root            Loaded Command Group: ['gcloud', 'config', 'config_helper']
2022-05-03 09:21:30,840 DEBUG    root            Running [gcloud.config.config-helper] with arguments: [--format: "json", --min-expiry: "3600"]
2022-05-03 09:21:30,849 DEBUG    google.auth.transport.requests Making request: POST https://oauth2.googleapis.com/token
2022-05-03 09:21:30,887 DEBUG    urllib3.connectionpool Starting new HTTPS connection (1): oauth2.googleapis.com:443
2022-05-03 09:21:30,989 DEBUG    urllib3.connectionpool https://oauth2.googleapis.com:443 "POST /token HTTP/1.1" 200 None
2022-05-03 09:21:30,991 DEBUG    google.auth.transport.requests Making request: POST https://oauth2.googleapis.com/token
2022-05-03 09:21:30,993 DEBUG    urllib3.connectionpool Starting new HTTPS connection (1): oauth2.googleapis.com:443
2022-05-03 09:21:31,099 DEBUG    urllib3.connectionpool https://oauth2.googleapis.com:443 "POST /token HTTP/1.1" 200 None
2022-05-03 09:21:31,101 INFO     root            Display format: "default json"
2022-05-03 09:21:31,102 INFO     ___FILE_ONLY___ {
  "configuration": {
    "active_configuration": "default",
    "properties": {
      "compute": {
        "zone": "us-central1"
      },
      "core": {
        "account": "britton.jenner@crowdriff.com",
        "disable_usage_reporting": "False",
        "project": "crowdriff-stories-dev"
      }
    }
  },
  "credential": {
    "access_token": "ya29.A0ARrdaM_Z49V9dNxWB77uBKrMAQU86Lo-1GtiZASDLhhujfYrurQ067hKNEHKYhzaM3kEBCHJzMgIY-OzT7PQ82p98439p4jVAG17VHcieQqQM8RqEUcwOvx6uxKSRjr-qeUwhxYXw63dcFzBzr2a7Q6bymIhp-ZsgFw7rlc",
    "id_token": "eyJhbGciOiJSUzI1NiIsImtpZCI6Ijg2MTY0OWU0NTAzMTUzODNmNmI5ZDUxMGI3Y2Q0ZTkyMjZjM2NkODgiLCJ0eXAiOiJKV1QifQ.eyJpc3MiOiJodHRwczovL2FjY291bnRzLmdvb2dsZS5jb20iLCJhenAiOiIzMjU1NTk0MDU1OS5hcHBzLmdvb2dsZXVzZXJjb250ZW50LmNvbSIsImF1ZCI6IjMyNTU1OTQwNTU5LmFwcHMuZ29vZ2xldXNlcmNvbnRlbnQuY29tIiwic3ViIjoiMTA0NzU3Njk2MTMwOTc4MTMyNDM4IiwiaGQiOiJjcm93ZHJpZmYuY29tIiwiZW1haWwiOiJicml0dG9uLmplbm5lckBjcm93ZHJpZmYuY29tIiwiZW1haWxfdmVyaWZpZWQiOnRydWUsImF0X2hhc2giOiIzZEdxeUZ5X2t3a1ZIRThaamhlTUp3IiwiaWF0IjoxNjUxNTg0MDkxLCJleHAiOjE2NTE1ODc2OTF9.FSnnH0kWBr2xs11U-Q2l3VwynGc-zCEmwOtLFrq_oA803JlpEb52DlZYP2xNZ4LMYK8VQy-cnKoRJ-kqtHnJwIWe28UVUV4n1dmfAoJKpojs8GsWprePppSsVk7PqhRkbIRoga8wytBQuDj0MFu8g63K3ZLguT-7js-JaIzcQ7uDGz1Ff_JY01NAUBZHgUEtlQ8fP6O5IHMTmGFoRvqKWXEWH0H2Q7xZJWTieqNuX0UJJstRN1VVl6WwcufjT-0NbiikqwC3nkMOsYrnzc2bE-0AuL-F42HbRBuQ5_XsEkEjRhYeVP_4nvdEbRpQkrFXe4pTKNvtYULG0FIOJiGx_A",
    "token_expiry": "2022-05-03T14:21:30Z"
  },
  "sentinels": {
    "config_sentinel": "/Users/britton.jenner/.config/gcloud/config_sentinel"
  }
}
2022-05-03 09:21:31,102 INFO     ___FILE_ONLY___ 

2022-05-03 09:21:31,108 DEBUG    root            Metrics reporting process started...
