2022-05-03 12:39:08,943 DEBUG    root            Loaded Command Group: ['gcloud', 'config']
2022-05-03 12:39:08,945 DEBUG    root            Loaded Command Group: ['gcloud', 'config', 'config_helper']
2022-05-03 12:39:08,946 DEBUG    root            Running [gcloud.config.config-helper] with arguments: [--format: "json", --min-expiry: "3600"]
2022-05-03 12:39:08,966 DEBUG    google.auth.transport.requests Making request: POST https://oauth2.googleapis.com/token
2022-05-03 12:39:09,009 DEBUG    urllib3.connectionpool Starting new HTTPS connection (1): oauth2.googleapis.com:443
2022-05-03 12:39:09,122 DEBUG    urllib3.connectionpool https://oauth2.googleapis.com:443 "POST /token HTTP/1.1" 200 None
2022-05-03 12:39:09,123 DEBUG    google.auth.transport.requests Making request: POST https://oauth2.googleapis.com/token
2022-05-03 12:39:09,127 DEBUG    urllib3.connectionpool Starting new HTTPS connection (1): oauth2.googleapis.com:443
2022-05-03 12:39:09,242 DEBUG    urllib3.connectionpool https://oauth2.googleapis.com:443 "POST /token HTTP/1.1" 200 None
2022-05-03 12:39:09,248 INFO     root            Display format: "default json"
2022-05-03 12:39:09,248 INFO     ___FILE_ONLY___ {
  "configuration": {
    "active_configuration": "default",
    "properties": {
      "compute": {
        "zone": "us-central1"
      },
      "core": {
        "account": "britton.jenner@crowdriff.com",
        "disable_usage_reporting": "False",
        "project": "crowdriff-stories-dev"
      }
    }
  },
  "credential": {
    "access_token": "ya29.A0ARrdaM_eJKEDo68YhULSrUeftQzWF4mODmwW-orQnHorWUGAhoFUAwNlAq90x9FWZYZMzEYjkS0H_ZRrBdN3_a-wWpzLkN2W3FJsMx1b-Urfj5GVceIMW46L8jtdjM-OnBF4m34LIplrK_yTRygUmkT1g7UvgTHBsk9JUUg",
    "id_token": "eyJhbGciOiJSUzI1NiIsImtpZCI6Ijg2MTY0OWU0NTAzMTUzODNmNmI5ZDUxMGI3Y2Q0ZTkyMjZjM2NkODgiLCJ0eXAiOiJKV1QifQ.eyJpc3MiOiJodHRwczovL2FjY291bnRzLmdvb2dsZS5jb20iLCJhenAiOiIzMjU1NTk0MDU1OS5hcHBzLmdvb2dsZXVzZXJjb250ZW50LmNvbSIsImF1ZCI6IjMyNTU1OTQwNTU5LmFwcHMuZ29vZ2xldXNlcmNvbnRlbnQuY29tIiwic3ViIjoiMTA0NzU3Njk2MTMwOTc4MTMyNDM4IiwiaGQiOiJjcm93ZHJpZmYuY29tIiwiZW1haWwiOiJicml0dG9uLmplbm5lckBjcm93ZHJpZmYuY29tIiwiZW1haWxfdmVyaWZpZWQiOnRydWUsImF0X2hhc2giOiIwWmVPVlBDbXA5M1ROdTRsSmRMc2hnIiwiaWF0IjoxNjUxNTk1OTQ5LCJleHAiOjE2NTE1OTk1NDl9.hlVkYmyg17OH2fpfD3oeq91PSxtiV9wKAQRoxXTDdApeN2iDLAx6_SUiC17Io01djU0v4yRVdc15R1S7qwic_WIvtLsETbgBl-LMNS6MxqFcFzHXyGaetsUZwYLyf-2SLyXxALQ_jzgYbYU2R3UocMlcpzGoA9o0kFqkrlVzBJMqWpAtZH-Af8yTPLarjitmyVGrPGQgxwgxckRuGtNvlmJebbj8n_Dh3LYXW6aqZjs_wD_f_tvvrztMDd_-AnU3l6chwT36HPZsXNlyuueeJTHftuTFzLBNisjC4-sKivQn13GxhbyWwaww_YY3NCxtAnt6OaMVxRsBcd8vVfrivg",
    "token_expiry": "2022-05-03T17:39:08Z"
  },
  "sentinels": {
    "config_sentinel": "/Users/britton.jenner/.config/gcloud/config_sentinel"
  }
}
2022-05-03 12:39:09,248 INFO     ___FILE_ONLY___ 

2022-05-03 12:39:09,263 DEBUG    root            Metrics reporting process started...
