2022-05-03 14:20:27,408 DEBUG    root            Loaded Command Group: ['gcloud', 'config']
2022-05-03 14:20:27,409 DEBUG    root            Loaded Command Group: ['gcloud', 'config', 'config_helper']
2022-05-03 14:20:27,410 DEBUG    root            Running [gcloud.config.config-helper] with arguments: [--format: "json"]
2022-05-03 14:20:27,413 INFO     root            Display format: "default json"
2022-05-03 14:20:27,413 INFO     ___FILE_ONLY___ {
  "configuration": {
    "active_configuration": "default",
    "properties": {
      "compute": {
        "zone": "us-central1"
      },
      "core": {
        "account": "britton.jenner@crowdriff.com",
        "disable_usage_reporting": "False",
        "project": "crowdriff-stories-dev"
      }
    }
  },
  "credential": {
    "access_token": "ya29.A0ARrdaM8Az3SQ8DW8mlYkql4je3Ve2Yiva8tGRvp-q4LktiddzMXw2Phc_7w6O7zTZORVs3fnPcNx_NqMRIpp59UKD8uEVq0mjtxw1uwuMLhRSMp-1sQWE1r4ku6sUkFAUNf8pGnm_bTwavQLtnsG0u8X_eQBpJSGy2i871I",
    "id_token": "eyJhbGciOiJSUzI1NiIsImtpZCI6Ijg2MTY0OWU0NTAzMTUzODNmNmI5ZDUxMGI3Y2Q0ZTkyMjZjM2NkODgiLCJ0eXAiOiJKV1QifQ.eyJpc3MiOiJodHRwczovL2FjY291bnRzLmdvb2dsZS5jb20iLCJhenAiOiIzMjU1NTk0MDU1OS5hcHBzLmdvb2dsZXVzZXJjb250ZW50LmNvbSIsImF1ZCI6IjMyNTU1OTQwNTU5LmFwcHMuZ29vZ2xldXNlcmNvbnRlbnQuY29tIiwic3ViIjoiMTA0NzU3Njk2MTMwOTc4MTMyNDM4IiwiaGQiOiJjcm93ZHJpZmYuY29tIiwiZW1haWwiOiJicml0dG9uLmplbm5lckBjcm93ZHJpZmYuY29tIiwiZW1haWxfdmVyaWZpZWQiOnRydWUsImF0X2hhc2giOiJCYk1DYW83NDliNzZNbk9oRVYtSklRIiwiaWF0IjoxNjUxNjAxOTUyLCJleHAiOjE2NTE2MDU1NTJ9.T6ZpmmWHJe92tpP7OQyCvxNhaRGWDymfOI5OzH10hJoeMEKlIit2UqnE-S2NktttKdbK4zpGUTgj1SEB6TezXbOK3HEgbQX5nMgPllYY-XEuBo-dyOY51bHaikOjyN7IgFTuGCAh9rVLDBbj2rAzyYAwowUF_hSTQHv1N_YQRKbmyaaO0WlSwiDrIo0OeOXr7hKrDNqTe4D0Fxi58wz3LXXQszAy8AH-LW0ZUtni8UctL1y2FB8dd_vtJWzgpJ8veMwMyyLnykuiMzXFeXByz6I0CDloN8S3K33Mrawex68DaliyE-gvEpo1F5KSjV4BgXOEf5n4zR_BqkUAgx9fvA",
    "token_expiry": "2022-05-03T19:19:11Z"
  },
  "sentinels": {
    "config_sentinel": "/Users/britton.jenner/.config/gcloud/config_sentinel"
  }
}
2022-05-03 14:20:27,413 INFO     ___FILE_ONLY___ 

2022-05-03 14:20:27,417 DEBUG    root            Metrics reporting process started...
