2022-04-27 16:01:26,317 DEBUG    root            Loaded Command Group: ['gcloud', 'config']
2022-04-27 16:01:26,318 DEBUG    root            Loaded Command Group: ['gcloud', 'config', 'config_helper']
2022-04-27 16:01:26,319 DEBUG    root            Running [gcloud.config.config-helper] with arguments: [--format: "json"]
2022-04-27 16:01:26,322 INFO     root            Display format: "default json"
2022-04-27 16:01:26,322 INFO     ___FILE_ONLY___ {
  "configuration": {
    "active_configuration": "default",
    "properties": {
      "compute": {
        "zone": "us-central1"
      },
      "core": {
        "account": "britton.jenner@crowdriff.com",
        "disable_usage_reporting": "False",
        "project": "crowdriff-stories-dev"
      }
    }
  },
  "credential": {
    "access_token": "ya29.A0ARrdaM-S4BjnnQMjkyrhtkxJYQ01lIH-SYLqtWR4A7MzQ8rVoBW5ezl1kecQ2V-724Ejw9ZWXaRXnG8ynUG1RRj1uvU0ETEM5X1xxEWkA_zhOxGFn4i3a2eJESkzlG4o6KPQECMwY4d8IXGnrEtzbDX6S_oseGdgepK1xK8",
    "id_token": "eyJhbGciOiJSUzI1NiIsImtpZCI6Ijg2MTY0OWU0NTAzMTUzODNmNmI5ZDUxMGI3Y2Q0ZTkyMjZjM2NkODgiLCJ0eXAiOiJKV1QifQ.eyJpc3MiOiJodHRwczovL2FjY291bnRzLmdvb2dsZS5jb20iLCJhenAiOiIzMjU1NTk0MDU1OS5hcHBzLmdvb2dsZXVzZXJjb250ZW50LmNvbSIsImF1ZCI6IjMyNTU1OTQwNTU5LmFwcHMuZ29vZ2xldXNlcmNvbnRlbnQuY29tIiwic3ViIjoiMTA0NzU3Njk2MTMwOTc4MTMyNDM4IiwiaGQiOiJjcm93ZHJpZmYuY29tIiwiZW1haWwiOiJicml0dG9uLmplbm5lckBjcm93ZHJpZmYuY29tIiwiZW1haWxfdmVyaWZpZWQiOnRydWUsImF0X2hhc2giOiI3eGI4cHF0czVDZ3Q1QVY1M0kyNTNBIiwiaWF0IjoxNjUxMDg4MzQ1LCJleHAiOjE2NTEwOTE5NDV9.nRqFvK8en-uRRrKdGon6ZoNToLWGYyKsuK9Bw512HyYKnnei9pzlVB6oBRzZ-OF-5WXXEdfzYKUmcmDoK00oD0qdPJonk6-GPErYNOInlqH4kA3odezJCcIxSdlqrOpKJJUWsk5oFjy-Yo8yeCh3VuyQFzKCan7NDRPygWMh5syAsFJfxQnz3lXka24tClAxT3vCuBIcnjPMfJtwz5Kh3bjeNKuLd1lCHvdTJ54gGfOCLLN84eSuzPJHRzVXJw9_zitMUiujtF0_DP_7IC880d-hGKNBC6bLX6teUAAZIE2Ov8bcCRZSZnESM1HwPxuKC8ItitO8zynvUjaseyr9_A",
    "token_expiry": "2022-04-27T20:39:04Z"
  },
  "sentinels": {
    "config_sentinel": "/Users/britton.jenner/.config/gcloud/config_sentinel"
  }
}
2022-04-27 16:01:26,322 INFO     ___FILE_ONLY___ 

2022-04-27 16:01:26,328 DEBUG    root            Metrics reporting process started...
