2022-05-05 09:23:44,280 DEBUG    root            Loaded Command Group: ['gcloud', 'config']
2022-05-05 09:23:44,283 DEBUG    root            Loaded Command Group: ['gcloud', 'config', 'config_helper']
2022-05-05 09:23:44,284 DEBUG    root            Running [gcloud.config.config-helper] with arguments: [--format: "json", --min-expiry: "3600"]
2022-05-05 09:23:44,303 DEBUG    google.auth.transport.requests Making request: POST https://oauth2.googleapis.com/token
2022-05-05 09:23:44,340 DEBUG    urllib3.connectionpool Starting new HTTPS connection (1): oauth2.googleapis.com:443
2022-05-05 09:23:44,442 DEBUG    urllib3.connectionpool https://oauth2.googleapis.com:443 "POST /token HTTP/1.1" 200 None
2022-05-05 09:23:44,444 DEBUG    google.auth.transport.requests Making request: POST https://oauth2.googleapis.com/token
2022-05-05 09:23:44,446 DEBUG    urllib3.connectionpool Starting new HTTPS connection (1): oauth2.googleapis.com:443
2022-05-05 09:23:44,548 DEBUG    urllib3.connectionpool https://oauth2.googleapis.com:443 "POST /token HTTP/1.1" 200 None
2022-05-05 09:23:44,550 INFO     root            Display format: "default json"
2022-05-05 09:23:44,550 INFO     ___FILE_ONLY___ {
  "configuration": {
    "active_configuration": "default",
    "properties": {
      "compute": {
        "zone": "us-central1"
      },
      "core": {
        "account": "britton.jenner@crowdriff.com",
        "disable_usage_reporting": "False",
        "project": "crowdriff-stories-dev"
      }
    }
  },
  "credential": {
    "access_token": "ya29.A0ARrdaM8oVz05R3hY6zNKyKH0qpAWRAsIdUGRYcjzE8l8Now8pAPZq5td9GiR-tNG0lTk5AQ02-m71P47tycsiM9ErBHkUgOvINeFH8sl8QrqBh2i-GEKiRKQBOykXTBoYvLnZR6pXDkyeCxv7Ci3hNYeB1kc8xgPHNqTXPU",
    "id_token": "eyJhbGciOiJSUzI1NiIsImtpZCI6ImZjYmQ3ZjQ4MWE4MjVkMTEzZTBkMDNkZDk0ZTYwYjY5ZmYxNjY1YTIiLCJ0eXAiOiJKV1QifQ.eyJpc3MiOiJodHRwczovL2FjY291bnRzLmdvb2dsZS5jb20iLCJhenAiOiIzMjU1NTk0MDU1OS5hcHBzLmdvb2dsZXVzZXJjb250ZW50LmNvbSIsImF1ZCI6IjMyNTU1OTQwNTU5LmFwcHMuZ29vZ2xldXNlcmNvbnRlbnQuY29tIiwic3ViIjoiMTA0NzU3Njk2MTMwOTc4MTMyNDM4IiwiaGQiOiJjcm93ZHJpZmYuY29tIiwiZW1haWwiOiJicml0dG9uLmplbm5lckBjcm93ZHJpZmYuY29tIiwiZW1haWxfdmVyaWZpZWQiOnRydWUsImF0X2hhc2giOiI1VHVFM0dQdnZtWl9rU1NiQjBaajNnIiwiaWF0IjoxNjUxNzU3MDI0LCJleHAiOjE2NTE3NjA2MjR9.i1jsgdan16uA-7YjEgyiVEOV2EiNApW56ZEF5B_Joo7O6WX9hYjxbXxbh_gZ-2KjSOIxgtr0AroXEj7DB_JhRuqQQhggLMcvGNf5IJa3OHf1FtUoltAJAnQhWt_dqGt_RnmCYRfuzNugfOSK9037k70AulDlGVAsOAH4eold_MYlYJXqmnD3iwYPywOWxuay4aqT_qo_3Vje59HxdRe5FKut5Go1umatoCfRLYwh5ZOI3PGrMYzh9Jlgmh4luU4tpcUar1YqU_X7-lQpFGQlQDTx-aSDK2BDIDD6fAKePB3w92GJ9dZx9pTI9tB0HMew-2-9KBWwtpIPVvT-074stA",
    "token_expiry": "2022-05-05T14:23:43Z"
  },
  "sentinels": {
    "config_sentinel": "/Users/britton.jenner/.config/gcloud/config_sentinel"
  }
}
2022-05-05 09:23:44,550 INFO     ___FILE_ONLY___ 

2022-05-05 09:23:44,551 DEBUG    root            Checking for updates...
2022-05-05 09:23:44,590 DEBUG    urllib3.connectionpool Starting new HTTPS connection (1): dl.google.com:443
2022-05-05 09:23:44,687 DEBUG    urllib3.connectionpool https://dl.google.com:443 "GET /dl/cloudsdk/channels/rapid/components-2.json HTTP/1.1" 200 187079
2022-05-05 09:23:44,729 DEBUG    root            Updating notification cache...
2022-05-05 09:23:44,729 DEBUG    root            Activating notification: [default]
2022-05-05 09:23:44,734 DEBUG    root            Metrics reporting process started...
