2022-05-05 12:00:32,541 DEBUG    root            Loaded Command Group: ['gcloud', 'config']
2022-05-05 12:00:32,544 DEBUG    root            Loaded Command Group: ['gcloud', 'config', 'config_helper']
2022-05-05 12:00:32,545 DEBUG    root            Running [gcloud.config.config-helper] with arguments: [--format: "json"]
2022-05-05 12:00:32,549 INFO     root            Display format: "default json"
2022-05-05 12:00:32,549 INFO     ___FILE_ONLY___ {
  "configuration": {
    "active_configuration": "default",
    "properties": {
      "compute": {
        "zone": "us-central1"
      },
      "core": {
        "account": "britton.jenner@crowdriff.com",
        "disable_usage_reporting": "False",
        "project": "crowdriff-stories-dev"
      }
    }
  },
  "credential": {
    "access_token": "ya29.A0ARrdaM99kK_zXzITalzSpHmafZh6OgDcbZN3uDD9Gi8clh_GQ3WaDJzCFIvMV7o30tuOmzyijEj_uyClTKbabZoTVSN0dBXj5hzMjt9e-D87lJ97jOQSeltJKaMlwmWitJYM3XnMBPBrVBDgcCbgzwPpYKMWJb_OMpF-jO4",
    "id_token": "eyJhbGciOiJSUzI1NiIsImtpZCI6ImZjYmQ3ZjQ4MWE4MjVkMTEzZTBkMDNkZDk0ZTYwYjY5ZmYxNjY1YTIiLCJ0eXAiOiJKV1QifQ.eyJpc3MiOiJodHRwczovL2FjY291bnRzLmdvb2dsZS5jb20iLCJhenAiOiIzMjU1NTk0MDU1OS5hcHBzLmdvb2dsZXVzZXJjb250ZW50LmNvbSIsImF1ZCI6IjMyNTU1OTQwNTU5LmFwcHMuZ29vZ2xldXNlcmNvbnRlbnQuY29tIiwic3ViIjoiMTA0NzU3Njk2MTMwOTc4MTMyNDM4IiwiaGQiOiJjcm93ZHJpZmYuY29tIiwiZW1haWwiOiJicml0dG9uLmplbm5lckBjcm93ZHJpZmYuY29tIiwiZW1haWxfdmVyaWZpZWQiOnRydWUsImF0X2hhc2giOiJwRm1EaTBXSkxuNFBwejRqQTZTRzV3IiwiaWF0IjoxNjUxNzY2NDI5LCJleHAiOjE2NTE3NzAwMjl9.Q2ZRzpqEgU9sM7Lxdw44CNm9GKDkywygPjzCKG7aW5SS93MFFtf6WbiHsNb9tL4euavlYpD20b4K9i22avpKOiHeEplXH1jFmtV8JUEhDLeXRSkOhBKkqMbsHKGd_V5n7gHveuZgqqogjGGmhMtHPZxpJdUMvTxdhW52NEeAxxZprhfzbk-ze1pZL8UJ6ph-MwXj4a3XtV7tv351aZh06voHFKhOWh5oVayMcIIK-kUA1PQF_vhi98AfbhFtvDniePjM_qplZID4DmxLG8H-ovhdgK_a_NxdBZeC9If4MpsC8MbgIgH9CSFUGkIa4YAF-09iXF3et9uI5ApmoFSw8A",
    "token_expiry": "2022-05-05T17:00:28Z"
  },
  "sentinels": {
    "config_sentinel": "/Users/britton.jenner/.config/gcloud/config_sentinel"
  }
}
2022-05-05 12:00:32,549 INFO     ___FILE_ONLY___ 

2022-05-05 12:00:32,554 DEBUG    root            Metrics reporting process started...
