2022-05-05 13:09:45,543 DEBUG    root            Loaded Command Group: ['gcloud', 'auth']
2022-05-05 13:09:45,546 DEBUG    root            Loaded Command Group: ['gcloud', 'auth', 'list']
2022-05-05 13:09:45,546 DEBUG    root            Running [gcloud.auth.list] with arguments: []
2022-05-05 13:09:45,554 INFO     root            Display format: "    table[title='Credentialed Accounts'](
        status.yesno(yes='*', no=''):label=ACTIVE,
        account
    )"
2022-05-05 13:09:45,555 INFO     ___FILE_ONLY___        Credentialed Accounts
2022-05-05 13:09:45,555 INFO     ___FILE_ONLY___ 

2022-05-05 13:09:45,555 INFO     ___FILE_ONLY___ ACTIVE
2022-05-05 13:09:45,555 INFO     ___FILE_ONLY___   
2022-05-05 13:09:45,555 INFO     ___FILE_ONLY___ ACCOUNT
2022-05-05 13:09:45,555 INFO     ___FILE_ONLY___ 

2022-05-05 13:09:45,555 INFO     ___FILE_ONLY___ *
2022-05-05 13:09:45,555 INFO     ___FILE_ONLY___        
2022-05-05 13:09:45,555 INFO     ___FILE_ONLY___ britton.jenner@crowdriff.com
2022-05-05 13:09:45,555 INFO     ___FILE_ONLY___ 

2022-05-05 13:09:45,555 INFO     ___FILE_ONLY___ 
To set the active account, run:
    $ gcloud config set account `ACCOUNT`


2022-05-05 13:09:45,560 DEBUG    root            Metrics reporting process started...
