2022-05-04 10:54:18,959 DEBUG    root            Loaded Command Group: ['gcloud', 'config']
2022-05-04 10:54:18,961 DEBUG    root            Loaded Command Group: ['gcloud', 'config', 'config_helper']
2022-05-04 10:54:18,962 DEBUG    root            Running [gcloud.config.config-helper] with arguments: [--format: "json", --min-expiry: "3600"]
2022-05-04 10:54:18,971 DEBUG    google.auth.transport.requests Making request: POST https://oauth2.googleapis.com/token
2022-05-04 10:54:19,008 DEBUG    urllib3.connectionpool Starting new HTTPS connection (1): oauth2.googleapis.com:443
2022-05-04 10:54:19,118 DEBUG    urllib3.connectionpool https://oauth2.googleapis.com:443 "POST /token HTTP/1.1" 200 None
2022-05-04 10:54:19,120 DEBUG    google.auth.transport.requests Making request: POST https://oauth2.googleapis.com/token
2022-05-04 10:54:19,122 DEBUG    urllib3.connectionpool Starting new HTTPS connection (1): oauth2.googleapis.com:443
2022-05-04 10:54:19,228 DEBUG    urllib3.connectionpool https://oauth2.googleapis.com:443 "POST /token HTTP/1.1" 200 None
2022-05-04 10:54:19,236 INFO     root            Display format: "default json"
2022-05-04 10:54:19,236 INFO     ___FILE_ONLY___ {
  "configuration": {
    "active_configuration": "default",
    "properties": {
      "compute": {
        "zone": "us-central1"
      },
      "core": {
        "account": "britton.jenner@crowdriff.com",
        "disable_usage_reporting": "False",
        "project": "crowdriff-stories-dev"
      }
    }
  },
  "credential": {
    "access_token": "ya29.A0ARrdaM_GqSxsFEuvrtUYxIROHgOg7nCnsQUh9W5R5cAzclXbrPeYmuiEHLnCnowZgPHVFHw6SdvOJL-su06YUTGfs-U5tGPnXbc0lfab-ZB4EjiBCvPSAGKZOD-HFiQCQCcHBnhg5CK_OCqJL3r0MPPgGklfARR5I30Av6o",
    "id_token": "eyJhbGciOiJSUzI1NiIsImtpZCI6Ijg2MTY0OWU0NTAzMTUzODNmNmI5ZDUxMGI3Y2Q0ZTkyMjZjM2NkODgiLCJ0eXAiOiJKV1QifQ.eyJpc3MiOiJodHRwczovL2FjY291bnRzLmdvb2dsZS5jb20iLCJhenAiOiIzMjU1NTk0MDU1OS5hcHBzLmdvb2dsZXVzZXJjb250ZW50LmNvbSIsImF1ZCI6IjMyNTU1OTQwNTU5LmFwcHMuZ29vZ2xldXNlcmNvbnRlbnQuY29tIiwic3ViIjoiMTA0NzU3Njk2MTMwOTc4MTMyNDM4IiwiaGQiOiJjcm93ZHJpZmYuY29tIiwiZW1haWwiOiJicml0dG9uLmplbm5lckBjcm93ZHJpZmYuY29tIiwiZW1haWxfdmVyaWZpZWQiOnRydWUsImF0X2hhc2giOiJxdmx6MnVaX2tIcW1jZ0JEdjJrTk1nIiwiaWF0IjoxNjUxNjc2MDU5LCJleHAiOjE2NTE2Nzk2NTl9.LjXOHz9ITq9Vex8qtlH1gcxgQjbLWObMPp2GykwRog8ZJ4TycMt3V0hWshxx2_CTNR2cexpaktIwimf4OFWdT3oG-RpkXcUVOSlCsfEO-epC6gJWVP7gu_rJFFsVT_JJfgJwkin45m6Mbf9iP0rdfA1b30-uXo89Xa00_QNcO_qCDv9BYqs0C3T1cqkyeSFbDPmlk0P_3KDH4Z0UeqH5leOJa1RfFsXGQHopAkcRJtrXlP0uM8dWvfavW_7DVh4KaVckkLD8Kbj3gxM3B6BL086f4sB7WotWa_ui7Aw4N-U-Ep3mJGbFDA2YJvUMXGWqeqR0RbnJAQm_sXaJ7ag9CA",
    "token_expiry": "2022-05-04T15:54:18Z"
  },
  "sentinels": {
    "config_sentinel": "/Users/britton.jenner/.config/gcloud/config_sentinel"
  }
}
2022-05-04 10:54:19,236 INFO     ___FILE_ONLY___ 

2022-05-04 10:54:19,245 DEBUG    root            Metrics reporting process started...
