2022-05-04 11:40:59,074 DEBUG    root            Loaded Command Group: ['gcloud', 'config']
2022-05-04 11:40:59,076 DEBUG    root            Loaded Command Group: ['gcloud', 'config', 'config_helper']
2022-05-04 11:40:59,077 DEBUG    root            Running [gcloud.config.config-helper] with arguments: [--format: "json"]
2022-05-04 11:40:59,080 INFO     root            Display format: "default json"
2022-05-04 11:40:59,081 INFO     ___FILE_ONLY___ {
  "configuration": {
    "active_configuration": "default",
    "properties": {
      "compute": {
        "zone": "us-central1"
      },
      "core": {
        "account": "britton.jenner@crowdriff.com",
        "disable_usage_reporting": "False",
        "project": "crowdriff-stories-dev"
      }
    }
  },
  "credential": {
    "access_token": "ya29.A0ARrdaM93u0tgRIiNP2rtpFVpuP17TsKHWRd2hYYNy04yjLDwqYZOGkZt-i2iEoIsPAbD1w5d-hgnMNdU-Ga86Ycmm0iwEDJZ1UiVpbVBTDoRW5WzOI7482HoJiszkndy0NlmE2BYxJkFX25JMxHBNiAJxuFAzak74rRF4ig",
    "id_token": "eyJhbGciOiJSUzI1NiIsImtpZCI6Ijg2MTY0OWU0NTAzMTUzODNmNmI5ZDUxMGI3Y2Q0ZTkyMjZjM2NkODgiLCJ0eXAiOiJKV1QifQ.eyJpc3MiOiJodHRwczovL2FjY291bnRzLmdvb2dsZS5jb20iLCJhenAiOiIzMjU1NTk0MDU1OS5hcHBzLmdvb2dsZXVzZXJjb250ZW50LmNvbSIsImF1ZCI6IjMyNTU1OTQwNTU5LmFwcHMuZ29vZ2xldXNlcmNvbnRlbnQuY29tIiwic3ViIjoiMTA0NzU3Njk2MTMwOTc4MTMyNDM4IiwiaGQiOiJjcm93ZHJpZmYuY29tIiwiZW1haWwiOiJicml0dG9uLmplbm5lckBjcm93ZHJpZmYuY29tIiwiZW1haWxfdmVyaWZpZWQiOnRydWUsImF0X2hhc2giOiJjXzlVam9iQTI0RW5FRGo3ZUxzWVRnIiwiaWF0IjoxNjUxNjc4ODUyLCJleHAiOjE2NTE2ODI0NTJ9.pmRT6FDqQugco2f6uoWRT8HQmEDap9tYF_CzpYJwjKxNQkdyyOfGJ-auJ9BPxEKslXo6VxAysHDkRAOP8wma4gJwwTo6S2Znh3d0MlRwcxqTdfUsIHEsEaz4VRU4QdHXEQ98xEBIQviPu3E2fh0lWTZFaxJXQZkhxSOZroi80_ECjoHipIeMv4i_Tkefu2EQ54dskTxYiD7PHluggwqClAIUXeY8A5rj28gdmO72bEYL_HM1RDSfZW10sdB2Df0tTRZXpUDaer1YfKHKJKOg_l_XLI-r2gfQiV-lw98ZhtRm8hB3tZcXJcOutyUk4jROOiiT7twmykD9zH_P8pyTOg",
    "token_expiry": "2022-05-04T16:40:51Z"
  },
  "sentinels": {
    "config_sentinel": "/Users/britton.jenner/.config/gcloud/config_sentinel"
  }
}
2022-05-04 11:40:59,081 INFO     ___FILE_ONLY___ 

2022-05-04 11:40:59,086 DEBUG    root            Metrics reporting process started...
