2022-05-04 16:56:46,303 DEBUG    root            Loaded Command Group: ['gcloud', 'config']
2022-05-04 16:56:46,306 DEBUG    root            Loaded Command Group: ['gcloud', 'config', 'config_helper']
2022-05-04 16:56:46,307 DEBUG    root            Running [gcloud.config.config-helper] with arguments: [--format: "json"]
2022-05-04 16:56:46,313 INFO     root            Display format: "default json"
2022-05-04 16:56:46,313 INFO     ___FILE_ONLY___ {
  "configuration": {
    "active_configuration": "default",
    "properties": {
      "compute": {
        "zone": "us-central1"
      },
      "core": {
        "account": "britton.jenner@crowdriff.com",
        "disable_usage_reporting": "False",
        "project": "crowdriff-stories-dev"
      }
    }
  },
  "credential": {
    "access_token": "ya29.A0ARrdaM_G1mS1MplDrtpJHrQymr6PSxG1FAlTdEnGwo_WD5jYG8id8AQkifP3vK8letsXj5ZMYe8bMKO1rZndVCPbVo_jhqva3bQTw0v2kpQ0KR-jwsf_da0R3Nbad7k8Ygh6sV1been7xxuii7FQ5TaIiFY5Co3UG1-yPW8",
    "id_token": "eyJhbGciOiJSUzI1NiIsImtpZCI6Ijg2MTY0OWU0NTAzMTUzODNmNmI5ZDUxMGI3Y2Q0ZTkyMjZjM2NkODgiLCJ0eXAiOiJKV1QifQ.eyJpc3MiOiJodHRwczovL2FjY291bnRzLmdvb2dsZS5jb20iLCJhenAiOiIzMjU1NTk0MDU1OS5hcHBzLmdvb2dsZXVzZXJjb250ZW50LmNvbSIsImF1ZCI6IjMyNTU1OTQwNTU5LmFwcHMuZ29vZ2xldXNlcmNvbnRlbnQuY29tIiwic3ViIjoiMTA0NzU3Njk2MTMwOTc4MTMyNDM4IiwiaGQiOiJjcm93ZHJpZmYuY29tIiwiZW1haWwiOiJicml0dG9uLmplbm5lckBjcm93ZHJpZmYuY29tIiwiZW1haWxfdmVyaWZpZWQiOnRydWUsImF0X2hhc2giOiJsSkRNWF9KVFZPbU1ldnhERFRhUlB3IiwiaWF0IjoxNjUxNjk1Mjg0LCJleHAiOjE2NTE2OTg4ODR9.gK8sotDxaQqQcg6Hl3qYi-6OaEWhNkuIvEVriFp9lSdvfSUOZOlhV_SsnNYyBgTWFeV5mfI70p8z0ymYTr-K0EDPPEfSthUn0AddOYvMGi9Yjl-7MFbMBC4FLkKHLzF_iqVHg_IgMBeK5eZH6rF4CthtiBrqWOVREg0XwieE-NCTBxwV1UXdBelhNmm6CJzpNF6SSB9Mk1f3LV5OAeXOlA7LmDM6VSRKn951Jtjvm-4jDmdNKjiiadGXAJMo3e86jINRopGrCBb07P3fgng787fLYh9c4gX44CGl6WrxxCEx0V4CV-cjtSrqTEg8U_oQc_1H-z7qmm_6xj8YuUF3ig",
    "token_expiry": "2022-05-04T21:14:43Z"
  },
  "sentinels": {
    "config_sentinel": "/Users/britton.jenner/.config/gcloud/config_sentinel"
  }
}
2022-05-04 16:56:46,313 INFO     ___FILE_ONLY___ 

2022-05-04 16:56:46,318 DEBUG    root            Metrics reporting process started...
