2022-04-29 01:23:24,013 DEBUG    root            Loaded Command Group: ['gcloud', 'config']
2022-04-29 01:23:24,016 DEBUG    root            Loaded Command Group: ['gcloud', 'config', 'config_helper']
2022-04-29 01:23:24,017 DEBUG    root            Running [gcloud.config.config-helper] with arguments: [--format: "json", --min-expiry: "3600"]
2022-04-29 01:23:24,026 DEBUG    google.auth.transport.requests Making request: POST https://oauth2.googleapis.com/token
2022-04-29 01:23:24,088 DEBUG    urllib3.connectionpool Starting new HTTPS connection (1): oauth2.googleapis.com:443
2022-04-29 01:23:24,194 DEBUG    urllib3.connectionpool https://oauth2.googleapis.com:443 "POST /token HTTP/1.1" 200 None
2022-04-29 01:23:24,201 DEBUG    google.auth.transport.requests Making request: POST https://oauth2.googleapis.com/token
2022-04-29 01:23:24,204 DEBUG    urllib3.connectionpool Starting new HTTPS connection (1): oauth2.googleapis.com:443
2022-04-29 01:23:24,301 DEBUG    urllib3.connectionpool https://oauth2.googleapis.com:443 "POST /token HTTP/1.1" 200 None
2022-04-29 01:23:24,305 INFO     root            Display format: "default json"
2022-04-29 01:23:24,306 INFO     ___FILE_ONLY___ {
  "configuration": {
    "active_configuration": "default",
    "properties": {
      "compute": {
        "zone": "us-central1"
      },
      "core": {
        "account": "britton.jenner@crowdriff.com",
        "disable_usage_reporting": "False",
        "project": "crowdriff-stories-dev"
      }
    }
  },
  "credential": {
    "access_token": "ya29.A0ARrdaM_d0M61QN2CQ5cih8zssj8Wnuyz0V7WK_dYr_ybmCEugsnae2TgEI3zndZifNNs9fGCHpGFIyhVUxHElRsTUqa-aaBJAzt2ymT_4Tr8BX1KmhdWDoA08OC_Qlkxs6HuLVduMlHLtEp8z0TD35bi5WTS7sCaY9m71NI",
    "id_token": "eyJhbGciOiJSUzI1NiIsImtpZCI6Ijg2MTY0OWU0NTAzMTUzODNmNmI5ZDUxMGI3Y2Q0ZTkyMjZjM2NkODgiLCJ0eXAiOiJKV1QifQ.eyJpc3MiOiJodHRwczovL2FjY291bnRzLmdvb2dsZS5jb20iLCJhenAiOiIzMjU1NTk0MDU1OS5hcHBzLmdvb2dsZXVzZXJjb250ZW50LmNvbSIsImF1ZCI6IjMyNTU1OTQwNTU5LmFwcHMuZ29vZ2xldXNlcmNvbnRlbnQuY29tIiwic3ViIjoiMTA0NzU3Njk2MTMwOTc4MTMyNDM4IiwiaGQiOiJjcm93ZHJpZmYuY29tIiwiZW1haWwiOiJicml0dG9uLmplbm5lckBjcm93ZHJpZmYuY29tIiwiZW1haWxfdmVyaWZpZWQiOnRydWUsImF0X2hhc2giOiJyRDBhWHNBaXpLUkloZG1Oc2ZYLUNBIiwiaWF0IjoxNjUxMjA5ODA0LCJleHAiOjE2NTEyMTM0MDR9.VFlmrE1m-0crt8kYzjlzrkQA2_mmeAzf6NKSkdiRfqeRLW4ojsfbY-BBUv0PshE8Y2tW9_DGXGbHfcZ34GWHeORUTBJGBwHwYuTwO4SxG2An_LH5t8samTKB1JrNuhu-LVq2pkRRajM3epiY9WDGsdsgxxzI8Xy3FodkdQ-Vpi45DliulHi997Jvy5Qy_4XaZoMtKQrX2bCESyoGuorn1eZou3MVZws2pEkzXXBJJDOJMAR3aJS0cGhrwpoUxIXc6P4DSr9TI03t1rB7MiFUyXWZukptG4vrK4Qm9oHUdUh3dMnry7nJnqQrca8BMd4vtfIrFwkIC-h3I9VutS5FIg",
    "token_expiry": "2022-04-29T06:23:23Z"
  },
  "sentinels": {
    "config_sentinel": "/Users/britton.jenner/.config/gcloud/config_sentinel"
  }
}
2022-04-29 01:23:24,306 INFO     ___FILE_ONLY___ 

2022-04-29 01:23:24,314 DEBUG    root            Metrics reporting process started...
