2022-04-29 04:08:02,266 DEBUG    root            Loaded Command Group: ['gcloud', 'config']
2022-04-29 04:08:02,269 DEBUG    root            Loaded Command Group: ['gcloud', 'config', 'config_helper']
2022-04-29 04:08:02,269 DEBUG    root            Running [gcloud.config.config-helper] with arguments: [--format: "json", --min-expiry: "3600"]
2022-04-29 04:08:02,280 DEBUG    google.auth.transport.requests Making request: POST https://oauth2.googleapis.com/token
2022-04-29 04:08:02,326 DEBUG    urllib3.connectionpool Starting new HTTPS connection (1): oauth2.googleapis.com:443
2022-04-29 04:08:02,436 DEBUG    urllib3.connectionpool https://oauth2.googleapis.com:443 "POST /token HTTP/1.1" 200 None
2022-04-29 04:08:02,437 DEBUG    google.auth.transport.requests Making request: POST https://oauth2.googleapis.com/token
2022-04-29 04:08:02,439 DEBUG    urllib3.connectionpool Starting new HTTPS connection (1): oauth2.googleapis.com:443
2022-04-29 04:08:02,541 DEBUG    urllib3.connectionpool https://oauth2.googleapis.com:443 "POST /token HTTP/1.1" 200 None
2022-04-29 04:08:02,543 INFO     root            Display format: "default json"
2022-04-29 04:08:02,544 INFO     ___FILE_ONLY___ {
  "configuration": {
    "active_configuration": "default",
    "properties": {
      "compute": {
        "zone": "us-central1"
      },
      "core": {
        "account": "britton.jenner@crowdriff.com",
        "disable_usage_reporting": "False",
        "project": "crowdriff-stories-dev"
      }
    }
  },
  "credential": {
    "access_token": "ya29.A0ARrdaM8MFHKrUOofu1OMU3uNEmoB-LCjsz2BRdVFOG9DWRs9of_m760QQFk_zpAgbCsWCiOWZk8lAtOoNuoYvGXekEdIX9CtaiKARXI-psBxwZAe5fWdAXZ3H-KqtZFVTcOz0ZaEfeN0SLx3U0874Jwr9g-66KLMedMTHIc",
    "id_token": "eyJhbGciOiJSUzI1NiIsImtpZCI6Ijg2MTY0OWU0NTAzMTUzODNmNmI5ZDUxMGI3Y2Q0ZTkyMjZjM2NkODgiLCJ0eXAiOiJKV1QifQ.eyJpc3MiOiJodHRwczovL2FjY291bnRzLmdvb2dsZS5jb20iLCJhenAiOiIzMjU1NTk0MDU1OS5hcHBzLmdvb2dsZXVzZXJjb250ZW50LmNvbSIsImF1ZCI6IjMyNTU1OTQwNTU5LmFwcHMuZ29vZ2xldXNlcmNvbnRlbnQuY29tIiwic3ViIjoiMTA0NzU3Njk2MTMwOTc4MTMyNDM4IiwiaGQiOiJjcm93ZHJpZmYuY29tIiwiZW1haWwiOiJicml0dG9uLmplbm5lckBjcm93ZHJpZmYuY29tIiwiZW1haWxfdmVyaWZpZWQiOnRydWUsImF0X2hhc2giOiJZbjdNNTlnaXJmNTgwY3FCaEktdXVnIiwiaWF0IjoxNjUxMjE5NjgyLCJleHAiOjE2NTEyMjMyODJ9.Ta89gbo9xrlOCwp5KLfTWCbb870pLDpcZPWXup9Ke7M32XAJdLYh9hlpU-sxlezu1wI1K3HEbVOsyqM5MQ5JXQp-8FL3IW7DTGYj1u2j3pt_SnOvD0gi6QIrp6olwFhguCcNpAhkqSy1OXaSKiBIaamPcr4Zfr7CS0BurAozSN2f5Nv_5Wu86MeeCl7IaY8NZ7vmKLdJs5WGjw2Y64a2ts2T3KqhZytO2FvEJ91rvTrNL8HDwPuwJb1JwLHpnbisxy4RTSObX6O1AuqFyjkei8qTma2rV5QP_H8gqbb90XBRHrJGfIaIbdLV0eD5BNAfv8Pg3in292nRsvWO5rjyVw",
    "token_expiry": "2022-04-29T09:08:01Z"
  },
  "sentinels": {
    "config_sentinel": "/Users/britton.jenner/.config/gcloud/config_sentinel"
  }
}
2022-04-29 04:08:02,544 INFO     ___FILE_ONLY___ 

2022-04-29 04:08:02,549 DEBUG    root            Metrics reporting process started...
