2022-04-29 06:44:42,628 DEBUG    root            Loaded Command Group: ['gcloud', 'config']
2022-04-29 06:44:42,630 DEBUG    root            Loaded Command Group: ['gcloud', 'config', 'config_helper']
2022-04-29 06:44:42,631 DEBUG    root            Running [gcloud.config.config-helper] with arguments: [--format: "json", --min-expiry: "3600"]
2022-04-29 06:44:42,640 DEBUG    google.auth.transport.requests Making request: POST https://oauth2.googleapis.com/token
2022-04-29 06:44:42,678 DEBUG    urllib3.connectionpool Starting new HTTPS connection (1): oauth2.googleapis.com:443
2022-04-29 06:44:42,788 DEBUG    urllib3.connectionpool https://oauth2.googleapis.com:443 "POST /token HTTP/1.1" 200 None
2022-04-29 06:44:42,790 DEBUG    google.auth.transport.requests Making request: POST https://oauth2.googleapis.com/token
2022-04-29 06:44:42,791 DEBUG    urllib3.connectionpool Starting new HTTPS connection (1): oauth2.googleapis.com:443
2022-04-29 06:44:42,906 DEBUG    urllib3.connectionpool https://oauth2.googleapis.com:443 "POST /token HTTP/1.1" 200 None
2022-04-29 06:44:42,909 INFO     root            Display format: "default json"
2022-04-29 06:44:42,909 INFO     ___FILE_ONLY___ {
  "configuration": {
    "active_configuration": "default",
    "properties": {
      "compute": {
        "zone": "us-central1"
      },
      "core": {
        "account": "britton.jenner@crowdriff.com",
        "disable_usage_reporting": "False",
        "project": "crowdriff-stories-dev"
      }
    }
  },
  "credential": {
    "access_token": "ya29.A0ARrdaM8Zqkyq5un3OHHMlWfcSuss668O0aTkHhbZxD9XBeC0Sl42KJ539XpssurYwi_faPWGjBkcKTFbBOKxzuqWKmBTxYwkBjXtx0ApvmmojAaIeTV7kcmu4uTXy79O0tY0BgopllhwExZoRMboKURecXBHG7UhpOfHQVg",
    "id_token": "eyJhbGciOiJSUzI1NiIsImtpZCI6Ijg2MTY0OWU0NTAzMTUzODNmNmI5ZDUxMGI3Y2Q0ZTkyMjZjM2NkODgiLCJ0eXAiOiJKV1QifQ.eyJpc3MiOiJodHRwczovL2FjY291bnRzLmdvb2dsZS5jb20iLCJhenAiOiIzMjU1NTk0MDU1OS5hcHBzLmdvb2dsZXVzZXJjb250ZW50LmNvbSIsImF1ZCI6IjMyNTU1OTQwNTU5LmFwcHMuZ29vZ2xldXNlcmNvbnRlbnQuY29tIiwic3ViIjoiMTA0NzU3Njk2MTMwOTc4MTMyNDM4IiwiaGQiOiJjcm93ZHJpZmYuY29tIiwiZW1haWwiOiJicml0dG9uLmplbm5lckBjcm93ZHJpZmYuY29tIiwiZW1haWxfdmVyaWZpZWQiOnRydWUsImF0X2hhc2giOiJXeGVPd2otSUZGLTBtc2FTbVc2T2FRIiwiaWF0IjoxNjUxMjI5MDgyLCJleHAiOjE2NTEyMzI2ODJ9.DbWM8JjxM97y7KKONAGZ20vO643GSccdSg0fcikPxiSlSG7vuagd8kvqgTxzS42ykRtwKsCTR-MmCJdoh2U-SqPuTAGlRqLJ86RqjkZwSQT_1KbolPn5zcNjd0BD2oaowzRPsfrK9o4gMR44WUaw9GEAp6oNhE6XYZ6kWTAuAV1jlwpS-N6xi-YzUi4DIHtnShA-iwCHYgBrN-ma_4epcn-ZHqJdjsUmAmNgYOWmF-2biu9eJoIlxdIur-QyGjje7bppibmIaqPQTa1Tk4Qs42p5FiNtWAagD0fTGFY97LSBlsbp7rZAyNlq5Qne0xkyq-0b7rJVkYy39C-BSKzPnw",
    "token_expiry": "2022-04-29T11:44:41Z"
  },
  "sentinels": {
    "config_sentinel": "/Users/britton.jenner/.config/gcloud/config_sentinel"
  }
}
2022-04-29 06:44:42,909 INFO     ___FILE_ONLY___ 

2022-04-29 06:44:42,915 DEBUG    root            Metrics reporting process started...
