2022-04-29 09:07:24,442 DEBUG    root            Loaded Command Group: ['gcloud', 'config']
2022-04-29 09:07:24,445 DEBUG    root            Loaded Command Group: ['gcloud', 'config', 'config_helper']
2022-04-29 09:07:24,446 DEBUG    root            Running [gcloud.config.config-helper] with arguments: [--format: "json", --min-expiry: "3600"]
2022-04-29 09:07:24,451 DEBUG    google.auth.transport.requests Making request: POST https://oauth2.googleapis.com/token
2022-04-29 09:07:24,490 DEBUG    urllib3.connectionpool Starting new HTTPS connection (1): oauth2.googleapis.com:443
2022-04-29 09:07:24,595 DEBUG    urllib3.connectionpool https://oauth2.googleapis.com:443 "POST /token HTTP/1.1" 200 None
2022-04-29 09:07:24,598 INFO     root            Display format: "default json"
2022-04-29 09:07:24,598 INFO     ___FILE_ONLY___ {
  "configuration": {
    "active_configuration": "default",
    "properties": {
      "compute": {
        "zone": "us-central1"
      },
      "core": {
        "account": "britton.jenner@crowdriff.com",
        "disable_usage_reporting": "False",
        "project": "crowdriff-stories-dev"
      }
    }
  },
  "credential": {
    "access_token": "ya29.A0ARrdaM-PhMaY6TGmTwCoTlUkn60Hb1YNp9_WBjx_4YuVOBHhrmk_0wDCtRWTsOxkh60JABZO-h4BwpOGbdogf6shlol-_3IbBbl_jKwbaTCaWr0RuUYVZyNh9H6C3cgTmUg2XoQfhZsp4I2mb9xidoVIU3zM9Ovkcyt5ezU",
    "id_token": "eyJhbGciOiJSUzI1NiIsImtpZCI6Ijg2MTY0OWU0NTAzMTUzODNmNmI5ZDUxMGI3Y2Q0ZTkyMjZjM2NkODgiLCJ0eXAiOiJKV1QifQ.eyJpc3MiOiJodHRwczovL2FjY291bnRzLmdvb2dsZS5jb20iLCJhenAiOiIzMjU1NTk0MDU1OS5hcHBzLmdvb2dsZXVzZXJjb250ZW50LmNvbSIsImF1ZCI6IjMyNTU1OTQwNTU5LmFwcHMuZ29vZ2xldXNlcmNvbnRlbnQuY29tIiwic3ViIjoiMTA0NzU3Njk2MTMwOTc4MTMyNDM4IiwiaGQiOiJjcm93ZHJpZmYuY29tIiwiZW1haWwiOiJicml0dG9uLmplbm5lckBjcm93ZHJpZmYuY29tIiwiZW1haWxfdmVyaWZpZWQiOnRydWUsImF0X2hhc2giOiI1cFFmNy1nQmFMR0MyRUgwaFg3NmRBIiwiaWF0IjoxNjUxMjM3NjQ0LCJleHAiOjE2NTEyNDEyNDR9.BlPFtHIITi4RchilNdFgF7oM0OBpCQdWuEgTYt7vgrl6s-4K94aNYuebQ1ouMcbbQ-iqBJAoYbNf75Wq23FcwQfU85tNLyjzheqhJC9OKiCMCg79FaMzh1phxxFTdSY4OcE1fhF0asFdIEmJcxyRC45OwgIq4XBsuHi5-tsrNwwfWFJ67U4DV5gnxebdYVKsqWLKtBKO5iVrzMr4NYzE6_HA4xEvuOFmcuPWZ3QQwjzoE8SNELpkrl7vJEYtDBVFD2G1xD_6YwnZ6pBV0CmkhjLlpAUJeriS6sb8023v9OFY5-MzsB1j9syDjfvYY_OngXrSjT2daXCvSNm8Aqf12g",
    "token_expiry": "2022-04-29T14:07:23Z"
  },
  "sentinels": {
    "config_sentinel": "/Users/britton.jenner/.config/gcloud/config_sentinel"
  }
}
2022-04-29 09:07:24,598 INFO     ___FILE_ONLY___ 

2022-04-29 09:07:24,603 DEBUG    root            Metrics reporting process started...
