2022-04-29 09:59:51,825 DEBUG    root            Loaded Command Group: ['gcloud', 'config']
2022-04-29 09:59:51,827 DEBUG    root            Loaded Command Group: ['gcloud', 'config', 'config_helper']
2022-04-29 09:59:51,828 DEBUG    root            Running [gcloud.config.config-helper] with arguments: [--format: "json"]
2022-04-29 09:59:51,853 INFO     root            Display format: "default json"
2022-04-29 09:59:51,854 INFO     ___FILE_ONLY___ {
  "configuration": {
    "active_configuration": "default",
    "properties": {
      "compute": {
        "zone": "us-central1"
      },
      "core": {
        "account": "britton.jenner@crowdriff.com",
        "disable_usage_reporting": "False",
        "project": "crowdriff-stories-dev"
      }
    }
  },
  "credential": {
    "access_token": "ya29.A0ARrdaM-LJFSHn13PI4M5jsiw9qp8YSacTgwcqAxaCbKy1QMUKhCkUSTsf7ECCpgVKpL6_PvrILte0LJzcpKHMz-HGwvYtjfq4ozJzZfL0E_T1wFnfrJK7XIvIkxmA3ZlvFL69dNarMGiBa8uHNfXZioNaZ7e0RJ6WTD0EhI",
    "id_token": "eyJhbGciOiJSUzI1NiIsImtpZCI6Ijg2MTY0OWU0NTAzMTUzODNmNmI5ZDUxMGI3Y2Q0ZTkyMjZjM2NkODgiLCJ0eXAiOiJKV1QifQ.eyJpc3MiOiJodHRwczovL2FjY291bnRzLmdvb2dsZS5jb20iLCJhenAiOiIzMjU1NTk0MDU1OS5hcHBzLmdvb2dsZXVzZXJjb250ZW50LmNvbSIsImF1ZCI6IjMyNTU1OTQwNTU5LmFwcHMuZ29vZ2xldXNlcmNvbnRlbnQuY29tIiwic3ViIjoiMTA0NzU3Njk2MTMwOTc4MTMyNDM4IiwiaGQiOiJjcm93ZHJpZmYuY29tIiwiZW1haWwiOiJicml0dG9uLmplbm5lckBjcm93ZHJpZmYuY29tIiwiZW1haWxfdmVyaWZpZWQiOnRydWUsImF0X2hhc2giOiJGUFNmdzBCUzRZUXg2YlUxS0JNRDJ3IiwiaWF0IjoxNjUxMjM4NjcwLCJleHAiOjE2NTEyNDIyNzB9.mBexui58c__1se2nrn6kYIYyWLdYM3MvygxKO1HagHNK4z1x0ElilbgFDOt02A1VZPV9JTVDAu6a86Et8sGaUJUE-Yk8Pf5sAKf1Ma6ykL0DYkBXXN9jVWHDPiBReUwn7TgFnu6dsduZcePBV0MLWT18rDryEp4ltj3ariRjvMwrEK7-YAPf0eRoExIcR2FO06HbxleeRgtYuml_qzd4YDtK4Ts_qB6HCadXU0AE1OGqsr-VwecngClR5-YIZBkCGwWFv2JPs97elcI-KkAzVbtOROhSeBmIWc-1fFcdk0mU-fNYwnRwLlEWs2LX4toAGfqW1eGAl8La4FAC_qz3iQ",
    "token_expiry": "2022-04-29T14:24:29Z"
  },
  "sentinels": {
    "config_sentinel": "/Users/britton.jenner/.config/gcloud/config_sentinel"
  }
}
2022-04-29 09:59:51,854 INFO     ___FILE_ONLY___ 

2022-04-29 09:59:51,861 DEBUG    root            Metrics reporting process started...
