2022-04-29 10:19:40,129 DEBUG    root            Loaded Command Group: ['gcloud', 'config']
2022-04-29 10:19:40,131 DEBUG    root            Loaded Command Group: ['gcloud', 'config', 'config_helper']
2022-04-29 10:19:40,132 DEBUG    root            Running [gcloud.config.config-helper] with arguments: [--format: "json", --min-expiry: "3600"]
2022-04-29 10:19:40,134 DEBUG    google.auth.transport.requests Making request: POST https://oauth2.googleapis.com/token
2022-04-29 10:19:40,138 DEBUG    urllib3.connectionpool Starting new HTTPS connection (1): oauth2.googleapis.com:443
2022-04-29 10:19:40,254 DEBUG    urllib3.connectionpool https://oauth2.googleapis.com:443 "POST /token HTTP/1.1" 200 None
2022-04-29 10:19:40,270 INFO     root            Display format: "default json"
2022-04-29 10:19:40,271 INFO     ___FILE_ONLY___ {
  "configuration": {
    "active_configuration": "default",
    "properties": {
      "compute": {
        "zone": "us-central1"
      },
      "core": {
        "account": "britton.jenner@crowdriff.com",
        "disable_usage_reporting": "False",
        "project": "crowdriff-stories-dev"
      }
    }
  },
  "credential": {
    "access_token": "ya29.A0ARrdaM9eFMwEb4FnRN7ezVwKhMPXPwshP6qlKpdiijSEe6Fl-YXSyRXOSeCEhTR5anWtpjQ0XEf-X7wdnsCzdFKEX-tOGoKTJrzH0HqfUwCMuU3DP88pPuqQFx1FLh1x66zskQn2Qy3dwMHYbOi93XI6nPo23V2V-UTAI_c",
    "id_token": "eyJhbGciOiJSUzI1NiIsImtpZCI6Ijg2MTY0OWU0NTAzMTUzODNmNmI5ZDUxMGI3Y2Q0ZTkyMjZjM2NkODgiLCJ0eXAiOiJKV1QifQ.eyJpc3MiOiJodHRwczovL2FjY291bnRzLmdvb2dsZS5jb20iLCJhenAiOiIzMjU1NTk0MDU1OS5hcHBzLmdvb2dsZXVzZXJjb250ZW50LmNvbSIsImF1ZCI6IjMyNTU1OTQwNTU5LmFwcHMuZ29vZ2xldXNlcmNvbnRlbnQuY29tIiwic3ViIjoiMTA0NzU3Njk2MTMwOTc4MTMyNDM4IiwiaGQiOiJjcm93ZHJpZmYuY29tIiwiZW1haWwiOiJicml0dG9uLmplbm5lckBjcm93ZHJpZmYuY29tIiwiZW1haWxfdmVyaWZpZWQiOnRydWUsImF0X2hhc2giOiJOSXYxM1daVUt2YmxzYURkeG90RmZRIiwiaWF0IjoxNjUxMjQxOTgwLCJleHAiOjE2NTEyNDU1ODB9.R027PWJZsb1RQZIp9aZk10IiksfmoYxwo1nY1eNfaBIeCKUyBakMK-StqbPbnlSLuNNKIxeOO7ffUe43DuCMzJfcTdSb9HWD1tqKBJyBBiJoZ6KDMxIm68lFSi9wDQSRuax1swYf4Xz1vCdeOgl2dHa1oG8HXPjOYPMSTIUdxh_8KXhwvf373-h6tYOwXhat1i59vFihs7iOZHHeSyAV3RO5delXYXAaTqzGssszjcCC-roIXO17TGlGziGOETTS8skGGJHAtK-ELA9pzZYItItKesyZGwPTpbjYa6Pgn79ve-ORLEAmQOZi0zog0vXc8ofvaPiiEk3zYRrUkwuc5A",
    "token_expiry": "2022-04-29T15:19:39Z"
  },
  "sentinels": {
    "config_sentinel": "/Users/britton.jenner/.config/gcloud/config_sentinel"
  }
}
2022-04-29 10:19:40,271 INFO     ___FILE_ONLY___ 

2022-04-29 10:19:40,275 DEBUG    root            Metrics reporting process started...
