2022-04-29 12:09:43,896 DEBUG    root            Loaded Command Group: ['gcloud', 'config']
2022-04-29 12:09:43,900 DEBUG    root            Loaded Command Group: ['gcloud', 'config', 'config_helper']
2022-04-29 12:09:43,901 DEBUG    root            Running [gcloud.config.config-helper] with arguments: [--format: "json", --min-expiry: "3600"]
2022-04-29 12:09:43,918 DEBUG    google.auth.transport.requests Making request: POST https://oauth2.googleapis.com/token
2022-04-29 12:09:43,958 DEBUG    urllib3.connectionpool Starting new HTTPS connection (1): oauth2.googleapis.com:443
2022-04-29 12:09:44,072 DEBUG    urllib3.connectionpool https://oauth2.googleapis.com:443 "POST /token HTTP/1.1" 200 None
2022-04-29 12:09:44,074 DEBUG    google.auth.transport.requests Making request: POST https://oauth2.googleapis.com/token
2022-04-29 12:09:44,077 DEBUG    urllib3.connectionpool Starting new HTTPS connection (1): oauth2.googleapis.com:443
2022-04-29 12:09:44,191 DEBUG    urllib3.connectionpool https://oauth2.googleapis.com:443 "POST /token HTTP/1.1" 200 None
2022-04-29 12:09:44,194 INFO     root            Display format: "default json"
2022-04-29 12:09:44,194 INFO     ___FILE_ONLY___ {
  "configuration": {
    "active_configuration": "default",
    "properties": {
      "compute": {
        "zone": "us-central1"
      },
      "core": {
        "account": "britton.jenner@crowdriff.com",
        "disable_usage_reporting": "False",
        "project": "crowdriff-stories-dev"
      }
    }
  },
  "credential": {
    "access_token": "ya29.A0ARrdaM_PmpHfrlUMi5SQJAyH-p4rG3qB9Pu49-hZLVMWjLyrwDwKsrpiTsi5tUw9ZDFA1v97dmOU4NujSmjvDHs0PSOn-RHpXvxcY1O7GVWqZoQ5SFgL-02Wmz44pfLW1bc9Kyhb28Z7wqYYnvRhnE4dD71GGrhzRd_jo5k",
    "id_token": "eyJhbGciOiJSUzI1NiIsImtpZCI6Ijg2MTY0OWU0NTAzMTUzODNmNmI5ZDUxMGI3Y2Q0ZTkyMjZjM2NkODgiLCJ0eXAiOiJKV1QifQ.eyJpc3MiOiJodHRwczovL2FjY291bnRzLmdvb2dsZS5jb20iLCJhenAiOiIzMjU1NTk0MDU1OS5hcHBzLmdvb2dsZXVzZXJjb250ZW50LmNvbSIsImF1ZCI6IjMyNTU1OTQwNTU5LmFwcHMuZ29vZ2xldXNlcmNvbnRlbnQuY29tIiwic3ViIjoiMTA0NzU3Njk2MTMwOTc4MTMyNDM4IiwiaGQiOiJjcm93ZHJpZmYuY29tIiwiZW1haWwiOiJicml0dG9uLmplbm5lckBjcm93ZHJpZmYuY29tIiwiZW1haWxfdmVyaWZpZWQiOnRydWUsImF0X2hhc2giOiJLYzcwZzQ0dVZLYmZlZTluNC1PQjJBIiwiaWF0IjoxNjUxMjQ4NTg0LCJleHAiOjE2NTEyNTIxODR9.fa_bUZntWWZ-bziYzi-naDmLezicWQlmMd3tGi9r2ANfQ2F6nT7OPHlGHkIpl3PQaAqvfCDziAvAygOBiqopdQpGJKDpCTEfFy3aAZ60mH7niblq2K94rwGy2t0F0u_Lxnie5bB2AVO-Rr_5z87Ad8q58Q1wcVGv6ofQP-dWDWFij1jZYA23aQbtoXUsQCyN4UWBBOsYyeSdcbpPmvTE3extj05lFx5yleF8xX-cnMcLVVBLYF0DUTQoR8lWFwlYjf4HpTC0UMFX_kwGUU49-DZvOxHlTM-_XAgYjbaHKLZWx4183p0V-v3swep4nAhX3k4eGxYm8l2ywW90HEYffw",
    "token_expiry": "2022-04-29T17:09:43Z"
  },
  "sentinels": {
    "config_sentinel": "/Users/britton.jenner/.config/gcloud/config_sentinel"
  }
}
2022-04-29 12:09:44,194 INFO     ___FILE_ONLY___ 

2022-04-29 12:09:44,205 DEBUG    root            Metrics reporting process started...
