2022-04-29 13:19:38,442 DEBUG    root            Loaded Command Group: ['gcloud', 'config']
2022-04-29 13:19:38,445 DEBUG    root            Loaded Command Group: ['gcloud', 'config', 'config_helper']
2022-04-29 13:19:38,447 DEBUG    root            Running [gcloud.config.config-helper] with arguments: [--format: "json", --min-expiry: "3600"]
2022-04-29 13:19:38,461 DEBUG    google.auth.transport.requests Making request: POST https://oauth2.googleapis.com/token
2022-04-29 13:19:38,516 DEBUG    urllib3.connectionpool Starting new HTTPS connection (1): oauth2.googleapis.com:443
2022-04-29 13:19:38,628 DEBUG    urllib3.connectionpool https://oauth2.googleapis.com:443 "POST /token HTTP/1.1" 200 None
2022-04-29 13:19:38,631 DEBUG    google.auth.transport.requests Making request: POST https://oauth2.googleapis.com/token
2022-04-29 13:19:38,633 DEBUG    urllib3.connectionpool Starting new HTTPS connection (1): oauth2.googleapis.com:443
2022-04-29 13:19:38,752 DEBUG    urllib3.connectionpool https://oauth2.googleapis.com:443 "POST /token HTTP/1.1" 200 None
2022-04-29 13:19:38,756 INFO     root            Display format: "default json"
2022-04-29 13:19:38,757 INFO     ___FILE_ONLY___ {
  "configuration": {
    "active_configuration": "default",
    "properties": {
      "compute": {
        "zone": "us-central1"
      },
      "core": {
        "account": "britton.jenner@crowdriff.com",
        "disable_usage_reporting": "False",
        "project": "crowdriff-stories-dev"
      }
    }
  },
  "credential": {
    "access_token": "ya29.A0ARrdaM-NhjuwtpHSswDzK8vmT9P-mBN060iFYHZ-Nppi98Uzb2P-kGhfFXKP67lIBu3YncZJoaI3pP6iwBRAELH3zJn_VW-VKXgPsWihiUAbUzP5y-hMvJYAaUepcCkbQPe7jGL_vmmBjuc2eKFysfeAG8JeQcaFrIidijs",
    "id_token": "eyJhbGciOiJSUzI1NiIsImtpZCI6Ijg2MTY0OWU0NTAzMTUzODNmNmI5ZDUxMGI3Y2Q0ZTkyMjZjM2NkODgiLCJ0eXAiOiJKV1QifQ.eyJpc3MiOiJodHRwczovL2FjY291bnRzLmdvb2dsZS5jb20iLCJhenAiOiIzMjU1NTk0MDU1OS5hcHBzLmdvb2dsZXVzZXJjb250ZW50LmNvbSIsImF1ZCI6IjMyNTU1OTQwNTU5LmFwcHMuZ29vZ2xldXNlcmNvbnRlbnQuY29tIiwic3ViIjoiMTA0NzU3Njk2MTMwOTc4MTMyNDM4IiwiaGQiOiJjcm93ZHJpZmYuY29tIiwiZW1haWwiOiJicml0dG9uLmplbm5lckBjcm93ZHJpZmYuY29tIiwiZW1haWxfdmVyaWZpZWQiOnRydWUsImF0X2hhc2giOiJzU2VIaEpMbmpOSXR2VjNoWVM1THVBIiwiaWF0IjoxNjUxMjUyNzc4LCJleHAiOjE2NTEyNTYzNzh9.bCwV7KY2-Veb2PjyBdzw-a-YDQ3waCZ3Y2bU-MVC_mCx3omriApVDEl3aL4FCapmintkYdi7JTbw7vu3Fdk-qpK-bgex7__QAhXYip_93XAg2ctLqDbSA0hBihY0dUQFmsUBqsrZSqbLM67hG0orOm-nbebNC_KntoH5VymftQZVYxMMsI_SxLsdRlw7rz7IfTtoN-uNO0IAuF2egChli0q0IZZGDp8obM5bznlWno3ujwF7RBVegQ3B8EUAAFsWLSVsLintblupQybyPMBGJAQSBQBN_tg35ouKxoI5XEFAOr9jYUgBm1nFm7WesEXUFWBunbmbZNgP9I4lPK6i5g",
    "token_expiry": "2022-04-29T18:19:37Z"
  },
  "sentinels": {
    "config_sentinel": "/Users/britton.jenner/.config/gcloud/config_sentinel"
  }
}
2022-04-29 13:19:38,757 INFO     ___FILE_ONLY___ 

2022-04-29 13:19:38,769 DEBUG    root            Metrics reporting process started...
