2022-04-29 15:09:44,908 DEBUG    root            Loaded Command Group: ['gcloud', 'config']
2022-04-29 15:09:44,911 DEBUG    root            Loaded Command Group: ['gcloud', 'config', 'config_helper']
2022-04-29 15:09:44,911 DEBUG    root            Running [gcloud.config.config-helper] with arguments: [--format: "json", --min-expiry: "3600"]
2022-04-29 15:09:44,917 DEBUG    google.auth.transport.requests Making request: POST https://oauth2.googleapis.com/token
2022-04-29 15:09:44,977 DEBUG    urllib3.connectionpool Starting new HTTPS connection (1): oauth2.googleapis.com:443
2022-04-29 15:09:45,094 DEBUG    urllib3.connectionpool https://oauth2.googleapis.com:443 "POST /token HTTP/1.1" 200 None
2022-04-29 15:09:45,096 INFO     root            Display format: "default json"
2022-04-29 15:09:45,096 INFO     ___FILE_ONLY___ {
  "configuration": {
    "active_configuration": "default",
    "properties": {
      "compute": {
        "zone": "us-central1"
      },
      "core": {
        "account": "britton.jenner@crowdriff.com",
        "disable_usage_reporting": "False",
        "project": "crowdriff-stories-dev"
      }
    }
  },
  "credential": {
    "access_token": "ya29.A0ARrdaM9Gvza4wNRA9mDxheA6d8_n-8qcnuGfidhbPl4_fPCd7BKrapcaLu34YLjyjKgYNQY5IyFilbZ7XADv2t33Gjj6wTkS0vbLpckLqxheQczKYeKopJmF8anPgWRdlMdKkdMmTcP10wdJFJ0h9ZA6hMlNFdbm49ljE4o",
    "id_token": "eyJhbGciOiJSUzI1NiIsImtpZCI6Ijg2MTY0OWU0NTAzMTUzODNmNmI5ZDUxMGI3Y2Q0ZTkyMjZjM2NkODgiLCJ0eXAiOiJKV1QifQ.eyJpc3MiOiJodHRwczovL2FjY291bnRzLmdvb2dsZS5jb20iLCJhenAiOiIzMjU1NTk0MDU1OS5hcHBzLmdvb2dsZXVzZXJjb250ZW50LmNvbSIsImF1ZCI6IjMyNTU1OTQwNTU5LmFwcHMuZ29vZ2xldXNlcmNvbnRlbnQuY29tIiwic3ViIjoiMTA0NzU3Njk2MTMwOTc4MTMyNDM4IiwiaGQiOiJjcm93ZHJpZmYuY29tIiwiZW1haWwiOiJicml0dG9uLmplbm5lckBjcm93ZHJpZmYuY29tIiwiZW1haWxfdmVyaWZpZWQiOnRydWUsImF0X2hhc2giOiJBdGZEcmpJTktrZV82aHdrRXBBa2J3IiwiaWF0IjoxNjUxMjU5Mzg1LCJleHAiOjE2NTEyNjI5ODV9.Z1yVaExI9HGYFGVnjW2veaoxV0KlivL1976zRM-0Ey9A_L0BxmbQGzglf49rRDwvl8I7_KYDXssZXOd0rxd3CGUrx_NNgZbMC4AHoBwE_-ZJ81prFk4eLJEtjdnz8FWWskDk1aV96kKrmsbbzexLvkcxMCgWd3vK8MEw_1fIX_pf58GOZbUkoVf1s1doiJY0ZK1Tt3jnnJstISItA2_QMaJwa_2f0Ml6L6v5NYCzb3p9-ppdH-b9lQ2CKb8gEKi8LJvwGMalOEjSJg9DfJ4rE3uzHK6nBgqGPniES29WiUOXiZrO3GXN0jE0QgulA2SqqUWJcHxCZ7hKIWHLmyIv9g",
    "token_expiry": "2022-04-29T20:09:44Z"
  },
  "sentinels": {
    "config_sentinel": "/Users/britton.jenner/.config/gcloud/config_sentinel"
  }
}
2022-04-29 15:09:45,096 INFO     ___FILE_ONLY___ 

2022-04-29 15:09:45,101 DEBUG    root            Metrics reporting process started...
