2022-04-29 15:14:57,322 DEBUG    root            Loaded Command Group: ['gcloud', 'config']
2022-04-29 15:14:57,324 DEBUG    root            Loaded Command Group: ['gcloud', 'config', 'config_helper']
2022-04-29 15:14:57,325 DEBUG    root            Running [gcloud.config.config-helper] with arguments: [--format: "json", --min-expiry: "3600"]
2022-04-29 15:14:57,326 DEBUG    google.auth.transport.requests Making request: POST https://oauth2.googleapis.com/token
2022-04-29 15:14:57,335 DEBUG    urllib3.connectionpool Starting new HTTPS connection (1): oauth2.googleapis.com:443
2022-04-29 15:14:57,450 DEBUG    urllib3.connectionpool https://oauth2.googleapis.com:443 "POST /token HTTP/1.1" 200 None
2022-04-29 15:14:57,453 INFO     root            Display format: "default json"
2022-04-29 15:14:57,453 INFO     ___FILE_ONLY___ {
  "configuration": {
    "active_configuration": "default",
    "properties": {
      "compute": {
        "zone": "us-central1"
      },
      "core": {
        "account": "britton.jenner@crowdriff.com",
        "disable_usage_reporting": "False",
        "project": "crowdriff-stories-dev"
      }
    }
  },
  "credential": {
    "access_token": "ya29.A0ARrdaM_AYAbk6p5Cqnwe_OFg5R_g_gq31fiCB393m76DON06xLdYx9rpbBZR7BXnIV88EyKrAcEpq9PEk7XjXf5lJSTnw7Mu0ErjxQwA3co_jqqLUHE2vU9T1h7-Hv2WXultirhRv7f25PBIVEa6qm3I725pF5qMnVJjpoo",
    "id_token": "eyJhbGciOiJSUzI1NiIsImtpZCI6Ijg2MTY0OWU0NTAzMTUzODNmNmI5ZDUxMGI3Y2Q0ZTkyMjZjM2NkODgiLCJ0eXAiOiJKV1QifQ.eyJpc3MiOiJodHRwczovL2FjY291bnRzLmdvb2dsZS5jb20iLCJhenAiOiIzMjU1NTk0MDU1OS5hcHBzLmdvb2dsZXVzZXJjb250ZW50LmNvbSIsImF1ZCI6IjMyNTU1OTQwNTU5LmFwcHMuZ29vZ2xldXNlcmNvbnRlbnQuY29tIiwic3ViIjoiMTA0NzU3Njk2MTMwOTc4MTMyNDM4IiwiaGQiOiJjcm93ZHJpZmYuY29tIiwiZW1haWwiOiJicml0dG9uLmplbm5lckBjcm93ZHJpZmYuY29tIiwiZW1haWxfdmVyaWZpZWQiOnRydWUsImF0X2hhc2giOiJrcW52NGRBMjNMVmFrYzBYZ0lVLWx3IiwiaWF0IjoxNjUxMjU5Njk3LCJleHAiOjE2NTEyNjMyOTd9.EsK5LBu78eWacBnsU0ibfhDWOf-JBLAR1-nRwStqnUoCAcgNJlDfCMN88qwQCOElXdPStoroFvyqALc-wpm7ag8J2RVAc_gGcPh-9u1zivlj0Dao-WU3bXjLSUMdFYkfdaXNrx-oZz2rwtzNI3IvpBSwb_sTEySVB1lEO5-1wIOSO65kkmDnMskY4pb2tnxbd4xNnfU_l_SMg-UtHeabuBHmbaM5vOoQ7BMG4gMj-nllq3EKoGWrzHsR5asEbA-zn7z2E_i9jlx38ht1wEkvbA1R17897XPJL-1QfIK-FdG24_BPcsggrNBNEs7_LvLVqV1mnvCoyPT3EDBl3t6e2g",
    "token_expiry": "2022-04-29T20:14:56Z"
  },
  "sentinels": {
    "config_sentinel": "/Users/britton.jenner/.config/gcloud/config_sentinel"
  }
}
2022-04-29 15:14:57,454 INFO     ___FILE_ONLY___ 

2022-04-29 15:14:57,458 DEBUG    root            Metrics reporting process started...
