2022-04-29 19:25:50,143 DEBUG    root            Loaded Command Group: ['gcloud', 'config']
2022-04-29 19:25:50,145 DEBUG    root            Loaded Command Group: ['gcloud', 'config', 'config_helper']
2022-04-29 19:25:50,146 DEBUG    root            Running [gcloud.config.config-helper] with arguments: [--format: "json", --min-expiry: "3600"]
2022-04-29 19:25:50,171 DEBUG    google.auth.transport.requests Making request: POST https://oauth2.googleapis.com/token
2022-04-29 19:25:50,230 DEBUG    urllib3.connectionpool Starting new HTTPS connection (1): oauth2.googleapis.com:443
2022-04-29 19:25:50,338 DEBUG    urllib3.connectionpool https://oauth2.googleapis.com:443 "POST /token HTTP/1.1" 200 None
2022-04-29 19:25:50,339 DEBUG    google.auth.transport.requests Making request: POST https://oauth2.googleapis.com/token
2022-04-29 19:25:50,341 DEBUG    urllib3.connectionpool Starting new HTTPS connection (1): oauth2.googleapis.com:443
2022-04-29 19:25:50,447 DEBUG    urllib3.connectionpool https://oauth2.googleapis.com:443 "POST /token HTTP/1.1" 200 None
2022-04-29 19:25:50,452 INFO     root            Display format: "default json"
2022-04-29 19:25:50,452 INFO     ___FILE_ONLY___ {
  "configuration": {
    "active_configuration": "default",
    "properties": {
      "compute": {
        "zone": "us-central1"
      },
      "core": {
        "account": "britton.jenner@crowdriff.com",
        "disable_usage_reporting": "False",
        "project": "crowdriff-stories-dev"
      }
    }
  },
  "credential": {
    "access_token": "ya29.A0ARrdaM98-_RM_a7FU8c_2MwWPXIhxGIwyP3m4M7vdNIsymD6zENcozkiXTO3cN0-s4ldU8ah-5Ge6CMqcU48y0ZgNNSCYq-MUTwldq2eQYmJ8wiHzEDnLIWKobJ5IspnmYB5N5zYQMRXvlHswNKRpLVjf3IOI2f3gN2K4_0",
    "id_token": "eyJhbGciOiJSUzI1NiIsImtpZCI6Ijg2MTY0OWU0NTAzMTUzODNmNmI5ZDUxMGI3Y2Q0ZTkyMjZjM2NkODgiLCJ0eXAiOiJKV1QifQ.eyJpc3MiOiJodHRwczovL2FjY291bnRzLmdvb2dsZS5jb20iLCJhenAiOiIzMjU1NTk0MDU1OS5hcHBzLmdvb2dsZXVzZXJjb250ZW50LmNvbSIsImF1ZCI6IjMyNTU1OTQwNTU5LmFwcHMuZ29vZ2xldXNlcmNvbnRlbnQuY29tIiwic3ViIjoiMTA0NzU3Njk2MTMwOTc4MTMyNDM4IiwiaGQiOiJjcm93ZHJpZmYuY29tIiwiZW1haWwiOiJicml0dG9uLmplbm5lckBjcm93ZHJpZmYuY29tIiwiZW1haWxfdmVyaWZpZWQiOnRydWUsImF0X2hhc2giOiIyNlVGNUk4NnNKMXpKTEJ4ZHd1Nk1RIiwiaWF0IjoxNjUxMjc0NzUwLCJleHAiOjE2NTEyNzgzNTB9.I770IGAaO7sk8TtuiPmcZBml5yR-N1jRgLcb1bMXeGK3CuxvB8Q5Fuf3a1-hUcZNC7_vj5dliR5gSC3LHThR_3iJdm2KG7fLR5F-8RPOp1tyV9eQFp-zgxY1etVpIKfhIwzpcDnAybzNbxfCKVN74AYx8kO_Mz1XXeDiSphNe2Z0meG9xxqM-L58egGEVOJWIcSlVKr5EOhJzBQ02qyGkDt8SmxFMOdUK0b8O3A4OhPw8MMwCyXM-ficNzC2zRkMhA5WtQ8IMnIB5MPebDeADV9YEGZHUiHdH_gnvxoq5VCpoo0B16ym1eIDom8uzQyoUGrVWLTQb4Eoe6QpkYpOCA",
    "token_expiry": "2022-04-30T00:25:49Z"
  },
  "sentinels": {
    "config_sentinel": "/Users/britton.jenner/.config/gcloud/config_sentinel"
  }
}
2022-04-29 19:25:50,452 INFO     ___FILE_ONLY___ 

2022-04-29 19:25:50,458 DEBUG    root            Metrics reporting process started...
