2022-04-29 22:01:15,978 DEBUG    root            Loaded Command Group: ['gcloud', 'config']
2022-04-29 22:01:15,979 DEBUG    root            Loaded Command Group: ['gcloud', 'config', 'config_helper']
2022-04-29 22:01:15,980 DEBUG    root            Running [gcloud.config.config-helper] with arguments: [--format: "json", --min-expiry: "3600"]
2022-04-29 22:01:15,990 DEBUG    google.auth.transport.requests Making request: POST https://oauth2.googleapis.com/token
2022-04-29 22:01:16,069 DEBUG    urllib3.connectionpool Starting new HTTPS connection (1): oauth2.googleapis.com:443
2022-04-29 22:01:16,179 DEBUG    urllib3.connectionpool https://oauth2.googleapis.com:443 "POST /token HTTP/1.1" 200 None
2022-04-29 22:01:16,181 DEBUG    google.auth.transport.requests Making request: POST https://oauth2.googleapis.com/token
2022-04-29 22:01:16,182 DEBUG    urllib3.connectionpool Starting new HTTPS connection (1): oauth2.googleapis.com:443
2022-04-29 22:01:16,286 DEBUG    urllib3.connectionpool https://oauth2.googleapis.com:443 "POST /token HTTP/1.1" 200 None
2022-04-29 22:01:16,289 INFO     root            Display format: "default json"
2022-04-29 22:01:16,289 INFO     ___FILE_ONLY___ {
  "configuration": {
    "active_configuration": "default",
    "properties": {
      "compute": {
        "zone": "us-central1"
      },
      "core": {
        "account": "britton.jenner@crowdriff.com",
        "disable_usage_reporting": "False",
        "project": "crowdriff-stories-dev"
      }
    }
  },
  "credential": {
    "access_token": "ya29.A0ARrdaM_HKvx5JUSX3QUDKcCopgvx3Wb9RDUfdPxD7Ico6PPAW2dUeJ68lqxMe73_yAZAs9-xaZGxnno-wpJLWMRHf2YUNXMRAZ6k3yi-YBBsx2U90lL7B3RRBe1lFLzAzcca8fU0cb_59wrNSrCyeBzvKPkxdpKoVHCv2Tk",
    "id_token": "eyJhbGciOiJSUzI1NiIsImtpZCI6Ijg2MTY0OWU0NTAzMTUzODNmNmI5ZDUxMGI3Y2Q0ZTkyMjZjM2NkODgiLCJ0eXAiOiJKV1QifQ.eyJpc3MiOiJodHRwczovL2FjY291bnRzLmdvb2dsZS5jb20iLCJhenAiOiIzMjU1NTk0MDU1OS5hcHBzLmdvb2dsZXVzZXJjb250ZW50LmNvbSIsImF1ZCI6IjMyNTU1OTQwNTU5LmFwcHMuZ29vZ2xldXNlcmNvbnRlbnQuY29tIiwic3ViIjoiMTA0NzU3Njk2MTMwOTc4MTMyNDM4IiwiaGQiOiJjcm93ZHJpZmYuY29tIiwiZW1haWwiOiJicml0dG9uLmplbm5lckBjcm93ZHJpZmYuY29tIiwiZW1haWxfdmVyaWZpZWQiOnRydWUsImF0X2hhc2giOiJjVEpDaXpNUTc2UkRMM1RsT1NyOHRRIiwiaWF0IjoxNjUxMjg0MDc2LCJleHAiOjE2NTEyODc2NzZ9.pYK04dwyyO4P1YRdJ_4Xzc_JU5Jk5Jm31omhMbTR7IGFF8dZ59MVRf2TriOVCi_TMob07HTfdZO3J1bRh9rR6_FYBipUS5nOBFs6ZsmdtdPqUQ44bAs1Ub7jrcadnmVI8GbcVF3gXx5ExHCChF9M1IbR778OOf25y9bsULyU5NB5DfSDFeMtEEEngoHzAImbthD3na65Tj6VP92YxGJtjVmsrIPaoIg0vz85FMLqymu5FuxzNHyw9lpX43_aeAMIAKWjs13wWbEzAbYwoNmu1IGw7bCLg8OOsIVZizC-6hkNX-AN4RosrEdDA9p5EoN90Pkkkp-clHoRlrQRGFuhLA",
    "token_expiry": "2022-04-30T03:01:15Z"
  },
  "sentinels": {
    "config_sentinel": "/Users/britton.jenner/.config/gcloud/config_sentinel"
  }
}
2022-04-29 22:01:16,289 INFO     ___FILE_ONLY___ 

2022-04-29 22:01:16,298 DEBUG    root            Metrics reporting process started...
