2022-05-12 11:35:08,690 DEBUG    root            Loaded Command Group: ['gcloud', 'config']
2022-05-12 11:35:08,691 DEBUG    root            Loaded Command Group: ['gcloud', 'config', 'config_helper']
2022-05-12 11:35:08,696 DEBUG    root            Running [gcloud.config.config-helper] with arguments: [--format: "json"]
2022-05-12 11:35:08,713 INFO     root            Display format: "default json"
2022-05-12 11:35:08,714 INFO     ___FILE_ONLY___ {
  "configuration": {
    "active_configuration": "default",
    "properties": {
      "compute": {
        "zone": "us-central1"
      },
      "core": {
        "account": "britton.jenner@crowdriff.com",
        "disable_usage_reporting": "False",
        "project": "crowdriff-stories-dev"
      }
    }
  },
  "credential": {
    "access_token": "ya29.A0ARrdaM8pUl4ISyEl__NcyvNM7gSIah2dEbW6Rn5X6Ski4GSpnTkqczcePPe1tFIAO0P3BPr7W2XcGW5TOdMrT_5iML7o21tZt8DA5aL-apiOgD2GmVzgcMW4-Ke6T-_7h87UoHOHJc4yEkNdjvPZO32L0irwovEJio9SM4I",
    "id_token": "eyJhbGciOiJSUzI1NiIsImtpZCI6ImZjYmQ3ZjQ4MWE4MjVkMTEzZTBkMDNkZDk0ZTYwYjY5ZmYxNjY1YTIiLCJ0eXAiOiJKV1QifQ.eyJpc3MiOiJodHRwczovL2FjY291bnRzLmdvb2dsZS5jb20iLCJhenAiOiIzMjU1NTk0MDU1OS5hcHBzLmdvb2dsZXVzZXJjb250ZW50LmNvbSIsImF1ZCI6IjMyNTU1OTQwNTU5LmFwcHMuZ29vZ2xldXNlcmNvbnRlbnQuY29tIiwic3ViIjoiMTA0NzU3Njk2MTMwOTc4MTMyNDM4IiwiaGQiOiJjcm93ZHJpZmYuY29tIiwiZW1haWwiOiJicml0dG9uLmplbm5lckBjcm93ZHJpZmYuY29tIiwiZW1haWxfdmVyaWZpZWQiOnRydWUsImF0X2hhc2giOiIwNnFiOXZZTXdaWGZPSHR6SzA4cE5RIiwiaWF0IjoxNjUyMzY3MzA5LCJleHAiOjE2NTIzNzA5MDl9.bBzM7kopPb9GZ-2WA8eTeANHX0p0hmqrnTYjsiOOe3W56lgJMkd_Z3c-cp6tN82IgY7Dty4Bv8v8AWuV5uCIY-JuDQa2ZZ17wATVuLzLYC0OOd282SoM-ll_4ujMEnURGoIaKes3eUS7xXjWTcE1BbPT2t-sTI_R2ZHn4BtgQHpgcrto2z63LUDtalv2Jqsva1tLpoh5gXqVSOkrHAWrGIoyswK1rB7oX1r3BkLUjq0ynPxwqAL3AHH_-16-Fkag_CR1K8V-PrZykvwgM7pQwnOfcR4jsyIW99mYJwJEI-0GLQDJm6PQkWAUxz5U8yz3N79w2YKvdl2eyq2xELzKVQ",
    "token_expiry": "2022-05-12T15:55:08Z"
  },
  "sentinels": {
    "config_sentinel": "/Users/britton.jenner/.config/gcloud/config_sentinel"
  }
}
2022-05-12 11:35:08,714 INFO     ___FILE_ONLY___ 

2022-05-12 11:35:08,731 DEBUG    root            Metrics reporting process started...
