2022-05-12 16:28:51,972 DEBUG    root            Loaded Command Group: ['gcloud', 'config']
2022-05-12 16:28:51,972 DEBUG    root            Loaded Command Group: ['gcloud', 'config', 'config_helper']
2022-05-12 16:28:51,973 DEBUG    root            Running [gcloud.config.config-helper] with arguments: [--format: "json"]
2022-05-12 16:28:51,976 INFO     root            Display format: "default json"
2022-05-12 16:28:51,976 INFO     ___FILE_ONLY___ {
  "configuration": {
    "active_configuration": "default",
    "properties": {
      "compute": {
        "zone": "us-central1"
      },
      "core": {
        "account": "britton.jenner@crowdriff.com",
        "disable_usage_reporting": "False",
        "project": "crowdriff-stories-dev"
      }
    }
  },
  "credential": {
    "access_token": "ya29.A0ARrdaM9p1uE_622dFqj1BoMg1jAK-QVV6zI54uMF4_28QWyA7TPuRxkcCl5gI-jHLC6VmzyoUUDJrJfHm2C14kQh5ES_qAdlp_gcojljMGCnKGjsA2WfgEqhB5JFqQxhvwESq-VmMEqgrQCHxpIjg8TIqmJFV731sU1Ek7s",
    "id_token": "eyJhbGciOiJSUzI1NiIsImtpZCI6ImZjYmQ3ZjQ4MWE4MjVkMTEzZTBkMDNkZDk0ZTYwYjY5ZmYxNjY1YTIiLCJ0eXAiOiJKV1QifQ.eyJpc3MiOiJodHRwczovL2FjY291bnRzLmdvb2dsZS5jb20iLCJhenAiOiIzMjU1NTk0MDU1OS5hcHBzLmdvb2dsZXVzZXJjb250ZW50LmNvbSIsImF1ZCI6IjMyNTU1OTQwNTU5LmFwcHMuZ29vZ2xldXNlcmNvbnRlbnQuY29tIiwic3ViIjoiMTA0NzU3Njk2MTMwOTc4MTMyNDM4IiwiaGQiOiJjcm93ZHJpZmYuY29tIiwiZW1haWwiOiJicml0dG9uLmplbm5lckBjcm93ZHJpZmYuY29tIiwiZW1haWxfdmVyaWZpZWQiOnRydWUsImF0X2hhc2giOiJrSGZ4aUxOOUliNVFnVFZkSGp5TXh3IiwiaWF0IjoxNjUyMzg2OTE4LCJleHAiOjE2NTIzOTA1MTh9.SMKycu2gdpI8Vumf9jE_1D8-KeYd1mU3KvppMeo9iGg0Ff-SRjLB4gtFir2__aNevZzba5QTyjeuQPzJBcuFtIxL_6jJCNklu229dEoLDlj-nyOhqFzTLZ0a6y5eBwlh1lWCvhIIK3LuHbDjstOKuLbUvFfwZKbvyQRcIYw2UhhD1517rcFCmxmr08J3bqFsZSebIS-vKOVPneU7nms9BE4Cjvogj_LQYxrh5XQO_RQssVvNIehJq5w4AriPYPLwlSGIzExN8RWcIdLuB-AHAqbxxip2tew-9zlMc7zAMNO8yXgW_6byP4n1ZaU_j46ECCTv2rhw9Neqx45uRkPMKQ",
    "token_expiry": "2022-05-12T21:21:57Z"
  },
  "sentinels": {
    "config_sentinel": "/Users/britton.jenner/.config/gcloud/config_sentinel"
  }
}
2022-05-12 16:28:51,976 INFO     ___FILE_ONLY___ 

2022-05-12 16:28:51,982 DEBUG    root            Metrics reporting process started...
