2022-05-12 16:38:48,290 DEBUG    root            Loaded Command Group: ['gcloud', 'config']
2022-05-12 16:38:48,295 DEBUG    root            Loaded Command Group: ['gcloud', 'config', 'config_helper']
2022-05-12 16:38:48,297 DEBUG    root            Running [gcloud.config.config-helper] with arguments: [--format: "json"]
2022-05-12 16:38:48,304 INFO     root            Display format: "default json"
2022-05-12 16:38:48,306 INFO     ___FILE_ONLY___ {
  "configuration": {
    "active_configuration": "default",
    "properties": {
      "compute": {
        "zone": "us-central1"
      },
      "core": {
        "account": "britton.jenner@crowdriff.com",
        "disable_usage_reporting": "False",
        "project": "crowdriff-stories-dev"
      }
    }
  },
  "credential": {
    "access_token": "ya29.A0ARrdaM-Sy7M5Td7VBO1sa54TaF8mimGEvxP7O2DjejimAVVLEsTj_r2LvlBqiuFznG7CivMwIB1BxchXUe2UGUKMyKZ92BO912oEhn7PhPsZr78R-lyQPyTUo1d2bcbwHi9K2aPEOtpk-Uda1G1Ys2jqE0dFiFWWu7IjRd4",
    "id_token": "eyJhbGciOiJSUzI1NiIsImtpZCI6ImZjYmQ3ZjQ4MWE4MjVkMTEzZTBkMDNkZDk0ZTYwYjY5ZmYxNjY1YTIiLCJ0eXAiOiJKV1QifQ.eyJpc3MiOiJodHRwczovL2FjY291bnRzLmdvb2dsZS5jb20iLCJhenAiOiIzMjU1NTk0MDU1OS5hcHBzLmdvb2dsZXVzZXJjb250ZW50LmNvbSIsImF1ZCI6IjMyNTU1OTQwNTU5LmFwcHMuZ29vZ2xldXNlcmNvbnRlbnQuY29tIiwic3ViIjoiMTA0NzU3Njk2MTMwOTc4MTMyNDM4IiwiaGQiOiJjcm93ZHJpZmYuY29tIiwiZW1haWwiOiJicml0dG9uLmplbm5lckBjcm93ZHJpZmYuY29tIiwiZW1haWxfdmVyaWZpZWQiOnRydWUsImF0X2hhc2giOiI3SjVEOTBjY2k0RG43OU1QaVRZTkRnIiwiaWF0IjoxNjUyMzg3NDQ1LCJleHAiOjE2NTIzOTEwNDV9.hUWAzpPy_HixV700U4cdXBGQx5iVjMNPB31ytAUrqtZ8dSaAl-KjkeLynIxDmMtqcUWsJzQ4KFjV7RGPpAkSy9r8Upx4G8AtZ2-x1ikJ_KGMnz1TnCShEU88ZJwqKOasuep2xd-bc7iVG8D-SRhVYoHTCW7Mps72zomgR6c0rkpXVe9Rcv3hj5wiSX5zH7W5JQYpMctBmdSmeyWXdjWoQf5ZLV8c0_Ws3AmIOMDOTYyFvaotmtSFekdZYS7qRpZWQxeOX_EmFyKmZ4A3FK_CqM9pwT2UBPtwQ4A5uvl6cNqnsT9uLxhf0j1qhOTuAPaJiPdM8brCtOL-G5Mo81_1dQ",
    "token_expiry": "2022-05-12T21:30:44Z"
  },
  "sentinels": {
    "config_sentinel": "/Users/britton.jenner/.config/gcloud/config_sentinel"
  }
}
2022-05-12 16:38:48,306 INFO     ___FILE_ONLY___ 

2022-05-12 16:38:48,314 DEBUG    root            Metrics reporting process started...
