2022-05-12 17:17:43,180 DEBUG    root            Loaded Command Group: ['gcloud', 'functions']
2022-05-12 17:17:43,227 DEBUG    root            Loaded Command Group: ['gcloud', 'functions', 'deploy']
2022-05-12 17:17:43,235 DEBUG    root            Running [gcloud.functions.deploy] with arguments: [--entry-point: "entrypoint", --env-vars-file: "{'NODE_ENV': 'development', 'NODE_PATH': '.', 'GATEWAY_BASE': 'https://story-network-gateway.derp.website', 'SERVICE_ACCOUNT': 'github-actions@crowdriff-stories-dev.iam.gserviceaccount.com', 'GOOGLE_CLOUD_PROJECT': 'crowdriff-stories-dev'}", --memory: "128Mi", --runtime: "nodejs10", --source: "dist/", --timeout: "30", --trigger-topic: "stories-es-sync", NAME: "stories-es-sync"]
2022-05-12 17:17:43,292 DEBUG    urllib3.connectionpool Starting new HTTPS connection (1): cloudfunctions.googleapis.com:443
2022-05-12 17:17:43,521 DEBUG    urllib3.connectionpool https://cloudfunctions.googleapis.com:443 "GET /v1/projects/crowdriff-stories-dev/locations/us-central1/functions/stories-es-sync?alt=json HTTP/1.1" 200 None
2022-05-12 17:17:43,522 WARNING  root            The nodejs10 runtime is deprecated on Cloud Functions. Please migrate to a newer Node.js version (--runtime=nodejs12). See https://cloud.google.com/functions/docs/migrating/nodejs-runtimes
2022-05-12 17:17:43,526 INFO     root            Not using ignore file.
2022-05-12 17:17:43,527 INFO     root            Not using ignore file.
2022-05-12 17:17:43,554 DEBUG    urllib3.connectionpool Starting new HTTPS connection (1): cloudfunctions.googleapis.com:443
2022-05-12 17:17:44,095 DEBUG    urllib3.connectionpool https://cloudfunctions.googleapis.com:443 "POST /v1/projects/crowdriff-stories-dev/locations/us-central1/functions:generateUploadUrl?alt=json HTTP/1.1" 200 None
2022-05-12 17:17:44,132 DEBUG    urllib3.connectionpool Starting new HTTPS connection (1): storage.googleapis.com:443
2022-05-12 17:17:44,373 DEBUG    urllib3.connectionpool https://storage.googleapis.com:443 "PUT /uploads-556841579775.us-central1.cloudfunctions.appspot.com/b6f48fdc-6943-482d-b993-fa6b426aa3a0.zip?GoogleAccessId=service-31098141265%40gcf-admin-robot.iam.gserviceaccount.com&Expires=1652392064&Signature=nippa1Mh5YlB6WkB3DeGxxoX4ehfTSW0NJsE%2BxUXNf3qmrX4%2BragJtKPaZrNzezpqarxQEsUUVHutixfVHEDEjMrsTK6Ywj3svVECZzYijpu7crg8Gu3A4XWzMkJk0A9igzqWDIfiHbKj50lmCS6q39K7qv61UOQN7TIwpxUuNojv5Z85wXPSCzPN55Ta7zMcycQCJJwQa5wGF1Skju9YX1s3pQShdH5WiM4XuZ11Y0E6vf5zKTX%2BOhojx%2FTGjdCOOcZl3KnMKG8fey47bsYSQ05qMSojgdHWK%2BvX2peMuSdEo0JotQdQbk3b7d7OjSTSfjNyQv2K1eHpkJqZXiwtw%3D%3D HTTP/1.1" 200 0
2022-05-12 17:17:44,381 DEBUG    urllib3.connectionpool Starting new HTTPS connection (1): cloudfunctions.googleapis.com:443
2022-05-12 17:17:44,785 DEBUG    urllib3.connectionpool https://cloudfunctions.googleapis.com:443 "PATCH /v1/projects/crowdriff-stories-dev/locations/us-central1/functions/stories-es-sync?alt=json&updateMask=availableMemoryMb%2CentryPoint%2CenvironmentVariables%2CeventTrigger%2ChttpsTrigger%2Cruntime%2CsourceUploadUrl%2Ctimeout HTTP/1.1" 200 None
2022-05-12 17:17:44,790 INFO     ___FILE_ONLY___ Deploying function (may take a while - up to 2 minutes)...
2022-05-12 17:17:44,792 DEBUG    urllib3.connectionpool Starting new HTTPS connection (1): cloudfunctions.googleapis.com:443
2022-05-12 17:17:45,001 DEBUG    urllib3.connectionpool https://cloudfunctions.googleapis.com:443 "GET /v1/operations/Y3Jvd2RyaWZmLXN0b3JpZXMtZGV2L3VzLWNlbnRyYWwxL3N0b3JpZXMtZXMtc3luYy95WE9kLVdXM0lqdw?alt=json HTTP/1.1" 200 None
2022-05-12 17:17:46,270 DEBUG    urllib3.connectionpool https://cloudfunctions.googleapis.com:443 "GET /v1/operations/Y3Jvd2RyaWZmLXN0b3JpZXMtZGV2L3VzLWNlbnRyYWwxL3N0b3JpZXMtZXMtc3luYy95WE9kLVdXM0lqdw?alt=json HTTP/1.1" 200 None
2022-05-12 17:17:46,273 INFO     ___FILE_ONLY___ 
For Cloud Build Logs, visit: https://console.cloud.google.com/cloud-build/builds;region=us-central1/04bc2f55-890a-4e28-8180-ea89b2e7afd8?project=31098141265

2022-05-12 17:17:47,749 DEBUG    urllib3.connectionpool https://cloudfunctions.googleapis.com:443 "GET /v1/operations/Y3Jvd2RyaWZmLXN0b3JpZXMtZGV2L3VzLWNlbnRyYWwxL3N0b3JpZXMtZXMtc3luYy95WE9kLVdXM0lqdw?alt=json HTTP/1.1" 200 None
2022-05-12 17:17:48,982 DEBUG    urllib3.connectionpool https://cloudfunctions.googleapis.com:443 "GET /v1/operations/Y3Jvd2RyaWZmLXN0b3JpZXMtZGV2L3VzLWNlbnRyYWwxL3N0b3JpZXMtZXMtc3luYy95WE9kLVdXM0lqdw?alt=json HTTP/1.1" 200 None
2022-05-12 17:17:50,513 DEBUG    urllib3.connectionpool https://cloudfunctions.googleapis.com:443 "GET /v1/operations/Y3Jvd2RyaWZmLXN0b3JpZXMtZGV2L3VzLWNlbnRyYWwxL3N0b3JpZXMtZXMtc3luYy95WE9kLVdXM0lqdw?alt=json HTTP/1.1" 200 None
2022-05-12 17:17:52,245 DEBUG    urllib3.connectionpool https://cloudfunctions.googleapis.com:443 "GET /v1/operations/Y3Jvd2RyaWZmLXN0b3JpZXMtZGV2L3VzLWNlbnRyYWwxL3N0b3JpZXMtZXMtc3luYy95WE9kLVdXM0lqdw?alt=json HTTP/1.1" 200 None
2022-05-12 17:17:53,392 DEBUG    urllib3.connectionpool https://cloudfunctions.googleapis.com:443 "GET /v1/operations/Y3Jvd2RyaWZmLXN0b3JpZXMtZGV2L3VzLWNlbnRyYWwxL3N0b3JpZXMtZXMtc3luYy95WE9kLVdXM0lqdw?alt=json HTTP/1.1" 200 None
2022-05-12 17:17:54,826 DEBUG    urllib3.connectionpool https://cloudfunctions.googleapis.com:443 "GET /v1/operations/Y3Jvd2RyaWZmLXN0b3JpZXMtZGV2L3VzLWNlbnRyYWwxL3N0b3JpZXMtZXMtc3luYy95WE9kLVdXM0lqdw?alt=json HTTP/1.1" 200 None
2022-05-12 17:17:56,978 DEBUG    urllib3.connectionpool https://cloudfunctions.googleapis.com:443 "GET /v1/operations/Y3Jvd2RyaWZmLXN0b3JpZXMtZGV2L3VzLWNlbnRyYWwxL3N0b3JpZXMtZXMtc3luYy95WE9kLVdXM0lqdw?alt=json HTTP/1.1" 200 None
2022-05-12 17:17:58,420 DEBUG    urllib3.connectionpool https://cloudfunctions.googleapis.com:443 "GET /v1/operations/Y3Jvd2RyaWZmLXN0b3JpZXMtZGV2L3VzLWNlbnRyYWwxL3N0b3JpZXMtZXMtc3luYy95WE9kLVdXM0lqdw?alt=json HTTP/1.1" 200 None
2022-05-12 17:18:00,068 DEBUG    urllib3.connectionpool https://cloudfunctions.googleapis.com:443 "GET /v1/operations/Y3Jvd2RyaWZmLXN0b3JpZXMtZGV2L3VzLWNlbnRyYWwxL3N0b3JpZXMtZXMtc3luYy95WE9kLVdXM0lqdw?alt=json HTTP/1.1" 200 None
2022-05-12 17:18:01,362 DEBUG    urllib3.connectionpool https://cloudfunctions.googleapis.com:443 "GET /v1/operations/Y3Jvd2RyaWZmLXN0b3JpZXMtZGV2L3VzLWNlbnRyYWwxL3N0b3JpZXMtZXMtc3luYy95WE9kLVdXM0lqdw?alt=json HTTP/1.1" 200 None
2022-05-12 17:18:03,474 DEBUG    urllib3.connectionpool https://cloudfunctions.googleapis.com:443 "GET /v1/operations/Y3Jvd2RyaWZmLXN0b3JpZXMtZGV2L3VzLWNlbnRyYWwxL3N0b3JpZXMtZXMtc3luYy95WE9kLVdXM0lqdw?alt=json HTTP/1.1" 200 None
2022-05-12 17:18:05,196 DEBUG    urllib3.connectionpool https://cloudfunctions.googleapis.com:443 "GET /v1/operations/Y3Jvd2RyaWZmLXN0b3JpZXMtZGV2L3VzLWNlbnRyYWwxL3N0b3JpZXMtZXMtc3luYy95WE9kLVdXM0lqdw?alt=json HTTP/1.1" 200 None
2022-05-12 17:18:07,125 DEBUG    urllib3.connectionpool https://cloudfunctions.googleapis.com:443 "GET /v1/operations/Y3Jvd2RyaWZmLXN0b3JpZXMtZGV2L3VzLWNlbnRyYWwxL3N0b3JpZXMtZXMtc3luYy95WE9kLVdXM0lqdw?alt=json HTTP/1.1" 200 None
2022-05-12 17:18:08,313 DEBUG    urllib3.connectionpool https://cloudfunctions.googleapis.com:443 "GET /v1/operations/Y3Jvd2RyaWZmLXN0b3JpZXMtZGV2L3VzLWNlbnRyYWwxL3N0b3JpZXMtZXMtc3luYy95WE9kLVdXM0lqdw?alt=json HTTP/1.1" 200 None
2022-05-12 17:18:09,815 DEBUG    urllib3.connectionpool https://cloudfunctions.googleapis.com:443 "GET /v1/operations/Y3Jvd2RyaWZmLXN0b3JpZXMtZGV2L3VzLWNlbnRyYWwxL3N0b3JpZXMtZXMtc3luYy95WE9kLVdXM0lqdw?alt=json HTTP/1.1" 200 None
2022-05-12 17:18:11,874 DEBUG    urllib3.connectionpool https://cloudfunctions.googleapis.com:443 "GET /v1/operations/Y3Jvd2RyaWZmLXN0b3JpZXMtZGV2L3VzLWNlbnRyYWwxL3N0b3JpZXMtZXMtc3luYy95WE9kLVdXM0lqdw?alt=json HTTP/1.1" 200 None
2022-05-12 17:18:13,600 DEBUG    urllib3.connectionpool https://cloudfunctions.googleapis.com:443 "GET /v1/operations/Y3Jvd2RyaWZmLXN0b3JpZXMtZGV2L3VzLWNlbnRyYWwxL3N0b3JpZXMtZXMtc3luYy95WE9kLVdXM0lqdw?alt=json HTTP/1.1" 200 None
2022-05-12 17:18:14,814 DEBUG    urllib3.connectionpool https://cloudfunctions.googleapis.com:443 "GET /v1/operations/Y3Jvd2RyaWZmLXN0b3JpZXMtZGV2L3VzLWNlbnRyYWwxL3N0b3JpZXMtZXMtc3luYy95WE9kLVdXM0lqdw?alt=json HTTP/1.1" 200 None
2022-05-12 17:18:16,411 DEBUG    urllib3.connectionpool https://cloudfunctions.googleapis.com:443 "GET /v1/operations/Y3Jvd2RyaWZmLXN0b3JpZXMtZGV2L3VzLWNlbnRyYWwxL3N0b3JpZXMtZXMtc3luYy95WE9kLVdXM0lqdw?alt=json HTTP/1.1" 200 None
2022-05-12 17:18:18,203 DEBUG    urllib3.connectionpool https://cloudfunctions.googleapis.com:443 "GET /v1/operations/Y3Jvd2RyaWZmLXN0b3JpZXMtZGV2L3VzLWNlbnRyYWwxL3N0b3JpZXMtZXMtc3luYy95WE9kLVdXM0lqdw?alt=json HTTP/1.1" 200 None
2022-05-12 17:18:19,833 DEBUG    urllib3.connectionpool https://cloudfunctions.googleapis.com:443 "GET /v1/operations/Y3Jvd2RyaWZmLXN0b3JpZXMtZGV2L3VzLWNlbnRyYWwxL3N0b3JpZXMtZXMtc3luYy95WE9kLVdXM0lqdw?alt=json HTTP/1.1" 200 None
2022-05-12 17:18:21,693 DEBUG    urllib3.connectionpool https://cloudfunctions.googleapis.com:443 "GET /v1/operations/Y3Jvd2RyaWZmLXN0b3JpZXMtZGV2L3VzLWNlbnRyYWwxL3N0b3JpZXMtZXMtc3luYy95WE9kLVdXM0lqdw?alt=json HTTP/1.1" 200 None
2022-05-12 17:18:23,461 DEBUG    urllib3.connectionpool https://cloudfunctions.googleapis.com:443 "GET /v1/operations/Y3Jvd2RyaWZmLXN0b3JpZXMtZGV2L3VzLWNlbnRyYWwxL3N0b3JpZXMtZXMtc3luYy95WE9kLVdXM0lqdw?alt=json HTTP/1.1" 200 None
2022-05-12 17:18:24,847 DEBUG    urllib3.connectionpool https://cloudfunctions.googleapis.com:443 "GET /v1/operations/Y3Jvd2RyaWZmLXN0b3JpZXMtZGV2L3VzLWNlbnRyYWwxL3N0b3JpZXMtZXMtc3luYy95WE9kLVdXM0lqdw?alt=json HTTP/1.1" 200 None
2022-05-12 17:18:26,770 DEBUG    urllib3.connectionpool https://cloudfunctions.googleapis.com:443 "GET /v1/operations/Y3Jvd2RyaWZmLXN0b3JpZXMtZGV2L3VzLWNlbnRyYWwxL3N0b3JpZXMtZXMtc3luYy95WE9kLVdXM0lqdw?alt=json HTTP/1.1" 200 None
2022-05-12 17:18:28,152 DEBUG    urllib3.connectionpool https://cloudfunctions.googleapis.com:443 "GET /v1/operations/Y3Jvd2RyaWZmLXN0b3JpZXMtZGV2L3VzLWNlbnRyYWwxL3N0b3JpZXMtZXMtc3luYy95WE9kLVdXM0lqdw?alt=json HTTP/1.1" 200 None
2022-05-12 17:18:29,813 DEBUG    urllib3.connectionpool https://cloudfunctions.googleapis.com:443 "GET /v1/operations/Y3Jvd2RyaWZmLXN0b3JpZXMtZGV2L3VzLWNlbnRyYWwxL3N0b3JpZXMtZXMtc3luYy95WE9kLVdXM0lqdw?alt=json HTTP/1.1" 200 None
2022-05-12 17:18:31,718 DEBUG    urllib3.connectionpool https://cloudfunctions.googleapis.com:443 "GET /v1/operations/Y3Jvd2RyaWZmLXN0b3JpZXMtZGV2L3VzLWNlbnRyYWwxL3N0b3JpZXMtZXMtc3luYy95WE9kLVdXM0lqdw?alt=json HTTP/1.1" 200 None
2022-05-12 17:18:33,135 DEBUG    urllib3.connectionpool https://cloudfunctions.googleapis.com:443 "GET /v1/operations/Y3Jvd2RyaWZmLXN0b3JpZXMtZGV2L3VzLWNlbnRyYWwxL3N0b3JpZXMtZXMtc3luYy95WE9kLVdXM0lqdw?alt=json HTTP/1.1" 200 None
2022-05-12 17:18:34,510 DEBUG    urllib3.connectionpool https://cloudfunctions.googleapis.com:443 "GET /v1/operations/Y3Jvd2RyaWZmLXN0b3JpZXMtZGV2L3VzLWNlbnRyYWwxL3N0b3JpZXMtZXMtc3luYy95WE9kLVdXM0lqdw?alt=json HTTP/1.1" 200 None
2022-05-12 17:18:36,548 DEBUG    urllib3.connectionpool https://cloudfunctions.googleapis.com:443 "GET /v1/operations/Y3Jvd2RyaWZmLXN0b3JpZXMtZGV2L3VzLWNlbnRyYWwxL3N0b3JpZXMtZXMtc3luYy95WE9kLVdXM0lqdw?alt=json HTTP/1.1" 200 None
2022-05-12 17:18:38,626 DEBUG    urllib3.connectionpool https://cloudfunctions.googleapis.com:443 "GET /v1/operations/Y3Jvd2RyaWZmLXN0b3JpZXMtZGV2L3VzLWNlbnRyYWwxL3N0b3JpZXMtZXMtc3luYy95WE9kLVdXM0lqdw?alt=json HTTP/1.1" 200 None
2022-05-12 17:18:39,887 DEBUG    urllib3.connectionpool https://cloudfunctions.googleapis.com:443 "GET /v1/operations/Y3Jvd2RyaWZmLXN0b3JpZXMtZGV2L3VzLWNlbnRyYWwxL3N0b3JpZXMtZXMtc3luYy95WE9kLVdXM0lqdw?alt=json HTTP/1.1" 200 None
2022-05-12 17:18:41,293 DEBUG    urllib3.connectionpool https://cloudfunctions.googleapis.com:443 "GET /v1/operations/Y3Jvd2RyaWZmLXN0b3JpZXMtZGV2L3VzLWNlbnRyYWwxL3N0b3JpZXMtZXMtc3luYy95WE9kLVdXM0lqdw?alt=json HTTP/1.1" 200 None
2022-05-12 17:18:42,890 DEBUG    urllib3.connectionpool https://cloudfunctions.googleapis.com:443 "GET /v1/operations/Y3Jvd2RyaWZmLXN0b3JpZXMtZGV2L3VzLWNlbnRyYWwxL3N0b3JpZXMtZXMtc3luYy95WE9kLVdXM0lqdw?alt=json HTTP/1.1" 200 None
2022-05-12 17:18:44,199 DEBUG    urllib3.connectionpool https://cloudfunctions.googleapis.com:443 "GET /v1/operations/Y3Jvd2RyaWZmLXN0b3JpZXMtZGV2L3VzLWNlbnRyYWwxL3N0b3JpZXMtZXMtc3luYy95WE9kLVdXM0lqdw?alt=json HTTP/1.1" 200 None
2022-05-12 17:18:46,277 DEBUG    urllib3.connectionpool https://cloudfunctions.googleapis.com:443 "GET /v1/operations/Y3Jvd2RyaWZmLXN0b3JpZXMtZGV2L3VzLWNlbnRyYWwxL3N0b3JpZXMtZXMtc3luYy95WE9kLVdXM0lqdw?alt=json HTTP/1.1" 200 None
2022-05-12 17:18:47,791 DEBUG    urllib3.connectionpool https://cloudfunctions.googleapis.com:443 "GET /v1/operations/Y3Jvd2RyaWZmLXN0b3JpZXMtZGV2L3VzLWNlbnRyYWwxL3N0b3JpZXMtZXMtc3luYy95WE9kLVdXM0lqdw?alt=json HTTP/1.1" 200 None
2022-05-12 17:18:48,924 DEBUG    urllib3.connectionpool https://cloudfunctions.googleapis.com:443 "GET /v1/operations/Y3Jvd2RyaWZmLXN0b3JpZXMtZGV2L3VzLWNlbnRyYWwxL3N0b3JpZXMtZXMtc3luYy95WE9kLVdXM0lqdw?alt=json HTTP/1.1" 200 None
2022-05-12 17:18:50,646 DEBUG    urllib3.connectionpool https://cloudfunctions.googleapis.com:443 "GET /v1/operations/Y3Jvd2RyaWZmLXN0b3JpZXMtZGV2L3VzLWNlbnRyYWwxL3N0b3JpZXMtZXMtc3luYy95WE9kLVdXM0lqdw?alt=json HTTP/1.1" 200 None
2022-05-12 17:18:52,329 DEBUG    urllib3.connectionpool https://cloudfunctions.googleapis.com:443 "GET /v1/operations/Y3Jvd2RyaWZmLXN0b3JpZXMtZGV2L3VzLWNlbnRyYWwxL3N0b3JpZXMtZXMtc3luYy95WE9kLVdXM0lqdw?alt=json HTTP/1.1" 200 None
2022-05-12 17:18:52,361 DEBUG    urllib3.connectionpool Starting new HTTPS connection (1): cloudfunctions.googleapis.com:443
2022-05-12 17:18:52,521 DEBUG    urllib3.connectionpool https://cloudfunctions.googleapis.com:443 "GET /v1/projects/crowdriff-stories-dev/locations/us-central1/functions/stories-es-sync?alt=json HTTP/1.1" 200 None
2022-05-12 17:18:52,526 INFO     root            Display format: "default"
2022-05-12 17:18:52,529 INFO     ___FILE_ONLY___ availableMemoryMb
2022-05-12 17:18:52,529 INFO     ___FILE_ONLY___ :
2022-05-12 17:18:52,529 INFO     ___FILE_ONLY___  
2022-05-12 17:18:52,529 INFO     ___FILE_ONLY___ 128
2022-05-12 17:18:52,529 INFO     ___FILE_ONLY___ 

2022-05-12 17:18:52,530 INFO     ___FILE_ONLY___ buildId
2022-05-12 17:18:52,530 INFO     ___FILE_ONLY___ :
2022-05-12 17:18:52,530 INFO     ___FILE_ONLY___  
2022-05-12 17:18:52,530 INFO     ___FILE_ONLY___ 04bc2f55-890a-4e28-8180-ea89b2e7afd8
2022-05-12 17:18:52,530 INFO     ___FILE_ONLY___ 

2022-05-12 17:18:52,530 INFO     ___FILE_ONLY___ buildName
2022-05-12 17:18:52,530 INFO     ___FILE_ONLY___ :
2022-05-12 17:18:52,530 INFO     ___FILE_ONLY___  
2022-05-12 17:18:52,530 INFO     ___FILE_ONLY___ projects/31098141265/locations/us-central1/builds/04bc2f55-890a-4e28-8180-ea89b2e7afd8
2022-05-12 17:18:52,530 INFO     ___FILE_ONLY___ 

2022-05-12 17:18:52,530 INFO     ___FILE_ONLY___ dockerRegistry
2022-05-12 17:18:52,530 INFO     ___FILE_ONLY___ :
2022-05-12 17:18:52,531 INFO     ___FILE_ONLY___  
2022-05-12 17:18:52,531 INFO     ___FILE_ONLY___ CONTAINER_REGISTRY
2022-05-12 17:18:52,531 INFO     ___FILE_ONLY___ 

2022-05-12 17:18:52,531 INFO     ___FILE_ONLY___ entryPoint
2022-05-12 17:18:52,531 INFO     ___FILE_ONLY___ :
2022-05-12 17:18:52,531 INFO     ___FILE_ONLY___  
2022-05-12 17:18:52,531 INFO     ___FILE_ONLY___ entrypoint
2022-05-12 17:18:52,531 INFO     ___FILE_ONLY___ 

2022-05-12 17:18:52,531 INFO     ___FILE_ONLY___ environmentVariables
2022-05-12 17:18:52,531 INFO     ___FILE_ONLY___ :
2022-05-12 17:18:52,531 INFO     ___FILE_ONLY___ 

2022-05-12 17:18:52,531 INFO     ___FILE_ONLY___   
2022-05-12 17:18:52,531 INFO     ___FILE_ONLY___ GATEWAY_BASE
2022-05-12 17:18:52,531 INFO     ___FILE_ONLY___ :
2022-05-12 17:18:52,531 INFO     ___FILE_ONLY___  
2022-05-12 17:18:52,531 INFO     ___FILE_ONLY___ https://story-network-gateway.derp.website
2022-05-12 17:18:52,531 INFO     ___FILE_ONLY___ 

2022-05-12 17:18:52,531 INFO     ___FILE_ONLY___   
2022-05-12 17:18:52,531 INFO     ___FILE_ONLY___ GOOGLE_CLOUD_PROJECT
2022-05-12 17:18:52,531 INFO     ___FILE_ONLY___ :
2022-05-12 17:18:52,531 INFO     ___FILE_ONLY___  
2022-05-12 17:18:52,531 INFO     ___FILE_ONLY___ crowdriff-stories-dev
2022-05-12 17:18:52,531 INFO     ___FILE_ONLY___ 

2022-05-12 17:18:52,531 INFO     ___FILE_ONLY___   
2022-05-12 17:18:52,532 INFO     ___FILE_ONLY___ NODE_ENV
2022-05-12 17:18:52,532 INFO     ___FILE_ONLY___ :
2022-05-12 17:18:52,532 INFO     ___FILE_ONLY___  
2022-05-12 17:18:52,532 INFO     ___FILE_ONLY___ development
2022-05-12 17:18:52,532 INFO     ___FILE_ONLY___ 

2022-05-12 17:18:52,532 INFO     ___FILE_ONLY___   
2022-05-12 17:18:52,532 INFO     ___FILE_ONLY___ NODE_PATH
2022-05-12 17:18:52,532 INFO     ___FILE_ONLY___ :
2022-05-12 17:18:52,532 INFO     ___FILE_ONLY___  
2022-05-12 17:18:52,532 INFO     ___FILE_ONLY___ .
2022-05-12 17:18:52,532 INFO     ___FILE_ONLY___ 

2022-05-12 17:18:52,532 INFO     ___FILE_ONLY___   
2022-05-12 17:18:52,532 INFO     ___FILE_ONLY___ SERVICE_ACCOUNT
2022-05-12 17:18:52,532 INFO     ___FILE_ONLY___ :
2022-05-12 17:18:52,532 INFO     ___FILE_ONLY___  
2022-05-12 17:18:52,532 INFO     ___FILE_ONLY___ github-actions@crowdriff-stories-dev.iam.gserviceaccount.com
2022-05-12 17:18:52,532 INFO     ___FILE_ONLY___ 

2022-05-12 17:18:52,532 INFO     ___FILE_ONLY___ eventTrigger
2022-05-12 17:18:52,532 INFO     ___FILE_ONLY___ :
2022-05-12 17:18:52,532 INFO     ___FILE_ONLY___ 

2022-05-12 17:18:52,532 INFO     ___FILE_ONLY___   
2022-05-12 17:18:52,533 INFO     ___FILE_ONLY___ eventType
2022-05-12 17:18:52,533 INFO     ___FILE_ONLY___ :
2022-05-12 17:18:52,533 INFO     ___FILE_ONLY___  
2022-05-12 17:18:52,533 INFO     ___FILE_ONLY___ google.pubsub.topic.publish
2022-05-12 17:18:52,533 INFO     ___FILE_ONLY___ 

2022-05-12 17:18:52,533 INFO     ___FILE_ONLY___   
2022-05-12 17:18:52,533 INFO     ___FILE_ONLY___ failurePolicy
2022-05-12 17:18:52,533 INFO     ___FILE_ONLY___ :
2022-05-12 17:18:52,533 INFO     ___FILE_ONLY___  {
2022-05-12 17:18:52,533 INFO     ___FILE_ONLY___ }
2022-05-12 17:18:52,533 INFO     ___FILE_ONLY___ 

2022-05-12 17:18:52,533 INFO     ___FILE_ONLY___   
2022-05-12 17:18:52,533 INFO     ___FILE_ONLY___ resource
2022-05-12 17:18:52,533 INFO     ___FILE_ONLY___ :
2022-05-12 17:18:52,533 INFO     ___FILE_ONLY___  
2022-05-12 17:18:52,533 INFO     ___FILE_ONLY___ projects/crowdriff-stories-dev/topics/stories-es-sync
2022-05-12 17:18:52,533 INFO     ___FILE_ONLY___ 

2022-05-12 17:18:52,533 INFO     ___FILE_ONLY___   
2022-05-12 17:18:52,533 INFO     ___FILE_ONLY___ service
2022-05-12 17:18:52,533 INFO     ___FILE_ONLY___ :
2022-05-12 17:18:52,533 INFO     ___FILE_ONLY___  
2022-05-12 17:18:52,533 INFO     ___FILE_ONLY___ pubsub.googleapis.com
2022-05-12 17:18:52,533 INFO     ___FILE_ONLY___ 

2022-05-12 17:18:52,533 INFO     ___FILE_ONLY___ ingressSettings
2022-05-12 17:18:52,533 INFO     ___FILE_ONLY___ :
2022-05-12 17:18:52,534 INFO     ___FILE_ONLY___  
2022-05-12 17:18:52,534 INFO     ___FILE_ONLY___ ALLOW_ALL
2022-05-12 17:18:52,534 INFO     ___FILE_ONLY___ 

2022-05-12 17:18:52,534 INFO     ___FILE_ONLY___ labels
2022-05-12 17:18:52,534 INFO     ___FILE_ONLY___ :
2022-05-12 17:18:52,534 INFO     ___FILE_ONLY___ 

2022-05-12 17:18:52,534 INFO     ___FILE_ONLY___   
2022-05-12 17:18:52,534 INFO     ___FILE_ONLY___ deployment-tool
2022-05-12 17:18:52,534 INFO     ___FILE_ONLY___ :
2022-05-12 17:18:52,534 INFO     ___FILE_ONLY___  
2022-05-12 17:18:52,534 INFO     ___FILE_ONLY___ cli-gcloud
2022-05-12 17:18:52,534 INFO     ___FILE_ONLY___ 

2022-05-12 17:18:52,534 INFO     ___FILE_ONLY___ name
2022-05-12 17:18:52,534 INFO     ___FILE_ONLY___ :
2022-05-12 17:18:52,534 INFO     ___FILE_ONLY___  
2022-05-12 17:18:52,534 INFO     ___FILE_ONLY___ projects/crowdriff-stories-dev/locations/us-central1/functions/stories-es-sync
2022-05-12 17:18:52,534 INFO     ___FILE_ONLY___ 

2022-05-12 17:18:52,534 INFO     ___FILE_ONLY___ runtime
2022-05-12 17:18:52,534 INFO     ___FILE_ONLY___ :
2022-05-12 17:18:52,534 INFO     ___FILE_ONLY___  
2022-05-12 17:18:52,534 INFO     ___FILE_ONLY___ nodejs10
2022-05-12 17:18:52,534 INFO     ___FILE_ONLY___ 

2022-05-12 17:18:52,534 INFO     ___FILE_ONLY___ serviceAccountEmail
2022-05-12 17:18:52,535 INFO     ___FILE_ONLY___ :
2022-05-12 17:18:52,535 INFO     ___FILE_ONLY___  
2022-05-12 17:18:52,535 INFO     ___FILE_ONLY___ crowdriff-stories-dev@appspot.gserviceaccount.com
2022-05-12 17:18:52,535 INFO     ___FILE_ONLY___ 

2022-05-12 17:18:52,535 INFO     ___FILE_ONLY___ sourceUploadUrl
2022-05-12 17:18:52,535 INFO     ___FILE_ONLY___ :
2022-05-12 17:18:52,535 INFO     ___FILE_ONLY___  
2022-05-12 17:18:52,535 INFO     ___FILE_ONLY___ https://storage.googleapis.com/uploads-556841579775.us-central1.cloudfunctions.appspot.com/b6f48fdc-6943-482d-b993-fa6b426aa3a0.zip
2022-05-12 17:18:52,535 INFO     ___FILE_ONLY___ 

2022-05-12 17:18:52,535 INFO     ___FILE_ONLY___ status
2022-05-12 17:18:52,535 INFO     ___FILE_ONLY___ :
2022-05-12 17:18:52,535 INFO     ___FILE_ONLY___  
2022-05-12 17:18:52,535 INFO     ___FILE_ONLY___ ACTIVE
2022-05-12 17:18:52,535 INFO     ___FILE_ONLY___ 

2022-05-12 17:18:52,535 INFO     ___FILE_ONLY___ timeout
2022-05-12 17:18:52,535 INFO     ___FILE_ONLY___ :
2022-05-12 17:18:52,535 INFO     ___FILE_ONLY___  
2022-05-12 17:18:52,535 INFO     ___FILE_ONLY___ 30s
2022-05-12 17:18:52,535 INFO     ___FILE_ONLY___ 

2022-05-12 17:18:52,535 INFO     ___FILE_ONLY___ updateTime
2022-05-12 17:18:52,535 INFO     ___FILE_ONLY___ :
2022-05-12 17:18:52,535 INFO     ___FILE_ONLY___  '
2022-05-12 17:18:52,535 INFO     ___FILE_ONLY___ 2022-05-12T21:18:50.780Z
2022-05-12 17:18:52,536 INFO     ___FILE_ONLY___ '
2022-05-12 17:18:52,536 INFO     ___FILE_ONLY___ 

2022-05-12 17:18:52,536 INFO     ___FILE_ONLY___ versionId
2022-05-12 17:18:52,536 INFO     ___FILE_ONLY___ :
2022-05-12 17:18:52,536 INFO     ___FILE_ONLY___  '
2022-05-12 17:18:52,536 INFO     ___FILE_ONLY___ 3
2022-05-12 17:18:52,536 INFO     ___FILE_ONLY___ '
2022-05-12 17:18:52,536 INFO     ___FILE_ONLY___ 

2022-05-12 17:18:52,538 INFO     ___FILE_ONLY___ 

Updates are available for some Cloud SDK components.  To install them,
please run:
  $ gcloud components update


2022-05-12 17:18:52,546 DEBUG    root            Metrics reporting process started...
