2022-05-02 00:34:38,075 DEBUG    root            Loaded Command Group: ['gcloud', 'config']
2022-05-02 00:34:38,077 DEBUG    root            Loaded Command Group: ['gcloud', 'config', 'config_helper']
2022-05-02 00:34:38,078 DEBUG    root            Running [gcloud.config.config-helper] with arguments: [--format: "json", --min-expiry: "3600"]
2022-05-02 00:34:38,087 DEBUG    google.auth.transport.requests Making request: POST https://oauth2.googleapis.com/token
2022-05-02 00:34:38,136 DEBUG    urllib3.connectionpool Starting new HTTPS connection (1): oauth2.googleapis.com:443
2022-05-02 00:34:38,287 DEBUG    urllib3.connectionpool https://oauth2.googleapis.com:443 "POST /token HTTP/1.1" 200 None
2022-05-02 00:34:38,288 DEBUG    google.auth.transport.requests Making request: POST https://oauth2.googleapis.com/token
2022-05-02 00:34:38,290 DEBUG    urllib3.connectionpool Starting new HTTPS connection (1): oauth2.googleapis.com:443
2022-05-02 00:34:38,399 DEBUG    urllib3.connectionpool https://oauth2.googleapis.com:443 "POST /token HTTP/1.1" 200 None
2022-05-02 00:34:38,403 INFO     root            Display format: "default json"
2022-05-02 00:34:38,403 INFO     ___FILE_ONLY___ {
  "configuration": {
    "active_configuration": "default",
    "properties": {
      "compute": {
        "zone": "us-central1"
      },
      "core": {
        "account": "britton.jenner@crowdriff.com",
        "disable_usage_reporting": "False",
        "project": "crowdriff-stories-dev"
      }
    }
  },
  "credential": {
    "access_token": "ya29.A0ARrdaM-lFXiObM52Oh7WrGtrn27CbI4XFyf9W1mPzDzmfwKR5fuGajnAT1wJYZc2m1uhXu-NOKlRbc40ZODLBjqZIJhNBp1K5jmkf8WSCtwzsVJB8gcOWIVqDxHJM7X4jbv2-wDP6hK8xANE0ZmWiOz6b0ZetJ3I7_pVXWk",
    "id_token": "eyJhbGciOiJSUzI1NiIsImtpZCI6Ijg2MTY0OWU0NTAzMTUzODNmNmI5ZDUxMGI3Y2Q0ZTkyMjZjM2NkODgiLCJ0eXAiOiJKV1QifQ.eyJpc3MiOiJodHRwczovL2FjY291bnRzLmdvb2dsZS5jb20iLCJhenAiOiIzMjU1NTk0MDU1OS5hcHBzLmdvb2dsZXVzZXJjb250ZW50LmNvbSIsImF1ZCI6IjMyNTU1OTQwNTU5LmFwcHMuZ29vZ2xldXNlcmNvbnRlbnQuY29tIiwic3ViIjoiMTA0NzU3Njk2MTMwOTc4MTMyNDM4IiwiaGQiOiJjcm93ZHJpZmYuY29tIiwiZW1haWwiOiJicml0dG9uLmplbm5lckBjcm93ZHJpZmYuY29tIiwiZW1haWxfdmVyaWZpZWQiOnRydWUsImF0X2hhc2giOiJySUtrWDQ0Y1pUWkg5b3ZBcGZRcTlnIiwiaWF0IjoxNjUxNDY2MDc4LCJleHAiOjE2NTE0Njk2Nzh9.l9hwv4Sr49A8cYEMA6WldE-pSry9SFjUFEaE5Xjy3AMBiysmBWYhKaKwh3p8n4infxDdM3NSBMrdkBz1Kzqhv4dNjx1z0hm9MWrD4n51Tsv5G_j649MKBjWe1_OBnjPFRsKP88hX1bPqtJ9P-WzqT-tyiTGJMQDhCNcJ8QvWbuM0DUFpYJGBkapAvCmOZlbX-v5aQx_2Ua-PYFOAGcdndfB6krkCBzrLFsSdkEIuYYVcuXChHViiJ-bsrxgzWdhwfjsGtDzRR9Vr5i4vjDk7fseVItlrcbkXtkUtemBeiYhSIM-3qwLEuzsMfogOIXxdveIM0Z3R67uPiai1f9_jmQ",
    "token_expiry": "2022-05-02T05:34:37Z"
  },
  "sentinels": {
    "config_sentinel": "/Users/britton.jenner/.config/gcloud/config_sentinel"
  }
}
2022-05-02 00:34:38,403 INFO     ___FILE_ONLY___ 

2022-05-02 00:34:38,432 DEBUG    root            Metrics reporting process started...
