2022-05-02 02:30:12,885 DEBUG    root            Loaded Command Group: ['gcloud', 'config']
2022-05-02 02:30:12,887 DEBUG    root            Loaded Command Group: ['gcloud', 'config', 'config_helper']
2022-05-02 02:30:12,888 DEBUG    root            Running [gcloud.config.config-helper] with arguments: [--format: "json", --min-expiry: "3600"]
2022-05-02 02:30:12,897 DEBUG    google.auth.transport.requests Making request: POST https://oauth2.googleapis.com/token
2022-05-02 02:30:12,957 DEBUG    urllib3.connectionpool Starting new HTTPS connection (1): oauth2.googleapis.com:443
2022-05-02 02:30:13,063 DEBUG    urllib3.connectionpool https://oauth2.googleapis.com:443 "POST /token HTTP/1.1" 200 None
2022-05-02 02:30:13,064 DEBUG    google.auth.transport.requests Making request: POST https://oauth2.googleapis.com/token
2022-05-02 02:30:13,065 DEBUG    urllib3.connectionpool Starting new HTTPS connection (1): oauth2.googleapis.com:443
2022-05-02 02:30:13,181 DEBUG    urllib3.connectionpool https://oauth2.googleapis.com:443 "POST /token HTTP/1.1" 200 None
2022-05-02 02:30:13,183 INFO     root            Display format: "default json"
2022-05-02 02:30:13,183 INFO     ___FILE_ONLY___ {
  "configuration": {
    "active_configuration": "default",
    "properties": {
      "compute": {
        "zone": "us-central1"
      },
      "core": {
        "account": "britton.jenner@crowdriff.com",
        "disable_usage_reporting": "False",
        "project": "crowdriff-stories-dev"
      }
    }
  },
  "credential": {
    "access_token": "ya29.A0ARrdaM847q0Td0MJNK9QqxgMOsSg-1mxkBAXsz_MbNMrrlKRQK5bFlbtkQjrNK_6HTbcipw52cAUwhUywx0rpCXSsO2jcKwiMsu_pBuGfOAsdsClEX8LCqWkVwI1HtvnwE_Y7NF2sD4u7xD2woOCLZ9iHgM_lgVMNWQHDdE",
    "id_token": "eyJhbGciOiJSUzI1NiIsImtpZCI6Ijg2MTY0OWU0NTAzMTUzODNmNmI5ZDUxMGI3Y2Q0ZTkyMjZjM2NkODgiLCJ0eXAiOiJKV1QifQ.eyJpc3MiOiJodHRwczovL2FjY291bnRzLmdvb2dsZS5jb20iLCJhenAiOiIzMjU1NTk0MDU1OS5hcHBzLmdvb2dsZXVzZXJjb250ZW50LmNvbSIsImF1ZCI6IjMyNTU1OTQwNTU5LmFwcHMuZ29vZ2xldXNlcmNvbnRlbnQuY29tIiwic3ViIjoiMTA0NzU3Njk2MTMwOTc4MTMyNDM4IiwiaGQiOiJjcm93ZHJpZmYuY29tIiwiZW1haWwiOiJicml0dG9uLmplbm5lckBjcm93ZHJpZmYuY29tIiwiZW1haWxfdmVyaWZpZWQiOnRydWUsImF0X2hhc2giOiJaWkxyUlkwakNKM2p6NlZ3SlpjZFhRIiwiaWF0IjoxNjUxNDczMDEzLCJleHAiOjE2NTE0NzY2MTN9.FkgIfa0ll1uFu1dNivXFGP_wC3gG0_zJNxqiyhV9lUUC3K2KYvIPZp8ud8HiDA8kD7tOmRwzpVgMb1GD_6-FM4Z4EO-O5tlLV7CF1GRvqD0KSVJrhNjbZEItmkz76GzuzTj_zedTupfSa4Y6v43oWhJ2gcmT20wax-TG-z8AY_9y9-A6qFkXXByUHB7VUXWkjU6xJ-UgRBgH0eR1ZpF0I4Fw7aBH_NPS__xJN7_91n71zQD918PNW82a9jX3RilnvkFH4GSSJsk-hEzZJyUTMuy012jWPosGkAPoiAHQw6Cr00cQKwQjsgcyJnuJL3BKpRxLOsXiIIS5vaoIq07bkQ",
    "token_expiry": "2022-05-02T07:30:12Z"
  },
  "sentinels": {
    "config_sentinel": "/Users/britton.jenner/.config/gcloud/config_sentinel"
  }
}
2022-05-02 02:30:13,183 INFO     ___FILE_ONLY___ 

2022-05-02 02:30:13,191 DEBUG    root            Metrics reporting process started...
