2022-05-02 05:15:27,231 DEBUG    root            Loaded Command Group: ['gcloud', 'config']
2022-05-02 05:15:27,233 DEBUG    root            Loaded Command Group: ['gcloud', 'config', 'config_helper']
2022-05-02 05:15:27,234 DEBUG    root            Running [gcloud.config.config-helper] with arguments: [--format: "json", --min-expiry: "3600"]
2022-05-02 05:15:27,243 DEBUG    google.auth.transport.requests Making request: POST https://oauth2.googleapis.com/token
2022-05-02 05:15:27,286 DEBUG    urllib3.connectionpool Starting new HTTPS connection (1): oauth2.googleapis.com:443
2022-05-02 05:15:27,636 DEBUG    urllib3.connectionpool https://oauth2.googleapis.com:443 "POST /token HTTP/1.1" 200 None
2022-05-02 05:15:27,639 DEBUG    google.auth.transport.requests Making request: POST https://oauth2.googleapis.com/token
2022-05-02 05:15:27,640 DEBUG    urllib3.connectionpool Starting new HTTPS connection (1): oauth2.googleapis.com:443
2022-05-02 05:15:27,751 DEBUG    urllib3.connectionpool https://oauth2.googleapis.com:443 "POST /token HTTP/1.1" 200 None
2022-05-02 05:15:27,753 INFO     root            Display format: "default json"
2022-05-02 05:15:27,754 INFO     ___FILE_ONLY___ {
  "configuration": {
    "active_configuration": "default",
    "properties": {
      "compute": {
        "zone": "us-central1"
      },
      "core": {
        "account": "britton.jenner@crowdriff.com",
        "disable_usage_reporting": "False",
        "project": "crowdriff-stories-dev"
      }
    }
  },
  "credential": {
    "access_token": "ya29.A0ARrdaM-OQim7upeMh8GSOZ75xWVYD6LKhImEkbJfLn5J3w9WwHUQqgOScPoLGg8NdOzy8xE4O3aTqJJ8Y0s_lp6nFQvOrWCrpSCuwUZnSGTarEkl1cSRhhleyn56SbMz0sb-U5y3WSwHOmOe7i1rq-Zfcz2p1-N4JZIAtx8",
    "id_token": "eyJhbGciOiJSUzI1NiIsImtpZCI6Ijg2MTY0OWU0NTAzMTUzODNmNmI5ZDUxMGI3Y2Q0ZTkyMjZjM2NkODgiLCJ0eXAiOiJKV1QifQ.eyJpc3MiOiJodHRwczovL2FjY291bnRzLmdvb2dsZS5jb20iLCJhenAiOiIzMjU1NTk0MDU1OS5hcHBzLmdvb2dsZXVzZXJjb250ZW50LmNvbSIsImF1ZCI6IjMyNTU1OTQwNTU5LmFwcHMuZ29vZ2xldXNlcmNvbnRlbnQuY29tIiwic3ViIjoiMTA0NzU3Njk2MTMwOTc4MTMyNDM4IiwiaGQiOiJjcm93ZHJpZmYuY29tIiwiZW1haWwiOiJicml0dG9uLmplbm5lckBjcm93ZHJpZmYuY29tIiwiZW1haWxfdmVyaWZpZWQiOnRydWUsImF0X2hhc2giOiJSUWxFeW1uZGxwT21YblNMRkZjbXJ3IiwiaWF0IjoxNjUxNDgyOTI3LCJleHAiOjE2NTE0ODY1Mjd9.hEJJi_IqoxQiXT9RVIQWMR2Fc3vcl-F1YU4xbK_ykIqmUXhQJY6wMln-BjYAXOl0M4Sy2AAuEVL67GmHjXecmjgbl0uH-RUdoC5o2rCu5-Fg4NcNsLZfoa22L8iSCIflxBkvCWorzXMWYUH6KeVUTbK5XvXyNFlAEVZWfq52T0zA45G7noP9yU0RYFmDXdZqXp2v2Cz32iQNFI4foIqOIx1OWzJOh7ff9b4DuJZ-5NNeKtMhqF0esVRdwmKavhd7JIaNXpDZsadURVmMWxeaZhC4kkxlWR_Awh3ONEbwMX3l950nTGTbgdznSKZoPlVXxrhXZ4DsedWXVxY6g-jtPw",
    "token_expiry": "2022-05-02T10:15:26Z"
  },
  "sentinels": {
    "config_sentinel": "/Users/britton.jenner/.config/gcloud/config_sentinel"
  }
}
2022-05-02 05:15:27,754 INFO     ___FILE_ONLY___ 

2022-05-02 05:15:27,759 DEBUG    root            Metrics reporting process started...
