2022-05-02 07:44:39,746 DEBUG    root            Loaded Command Group: ['gcloud', 'config']
2022-05-02 07:44:39,749 DEBUG    root            Loaded Command Group: ['gcloud', 'config', 'config_helper']
2022-05-02 07:44:39,750 DEBUG    root            Running [gcloud.config.config-helper] with arguments: [--format: "json", --min-expiry: "3600"]
2022-05-02 07:44:39,759 DEBUG    google.auth.transport.requests Making request: POST https://oauth2.googleapis.com/token
2022-05-02 07:44:39,809 DEBUG    urllib3.connectionpool Starting new HTTPS connection (1): oauth2.googleapis.com:443
2022-05-02 07:44:39,914 DEBUG    urllib3.connectionpool https://oauth2.googleapis.com:443 "POST /token HTTP/1.1" 200 None
2022-05-02 07:44:39,915 DEBUG    google.auth.transport.requests Making request: POST https://oauth2.googleapis.com/token
2022-05-02 07:44:39,916 DEBUG    urllib3.connectionpool Starting new HTTPS connection (1): oauth2.googleapis.com:443
2022-05-02 07:44:40,024 DEBUG    urllib3.connectionpool https://oauth2.googleapis.com:443 "POST /token HTTP/1.1" 200 None
2022-05-02 07:44:40,026 INFO     root            Display format: "default json"
2022-05-02 07:44:40,026 INFO     ___FILE_ONLY___ {
  "configuration": {
    "active_configuration": "default",
    "properties": {
      "compute": {
        "zone": "us-central1"
      },
      "core": {
        "account": "britton.jenner@crowdriff.com",
        "disable_usage_reporting": "False",
        "project": "crowdriff-stories-dev"
      }
    }
  },
  "credential": {
    "access_token": "ya29.A0ARrdaM9dny4QjLbyoJi30XsQg7Y_CYGiW1p2Mwd08POYr3E3-8MkM43xSKiTA-GkLLVXHA91IYHQ3zuNzYH_ksDPSiOoh1LscANdYPlQmY1PDM5lh541MZ_cO1b9R0WtFMcLqTFqFRJTGrAAHNcTAnIBUBzsAWA0f3KT_LY",
    "id_token": "eyJhbGciOiJSUzI1NiIsImtpZCI6Ijg2MTY0OWU0NTAzMTUzODNmNmI5ZDUxMGI3Y2Q0ZTkyMjZjM2NkODgiLCJ0eXAiOiJKV1QifQ.eyJpc3MiOiJodHRwczovL2FjY291bnRzLmdvb2dsZS5jb20iLCJhenAiOiIzMjU1NTk0MDU1OS5hcHBzLmdvb2dsZXVzZXJjb250ZW50LmNvbSIsImF1ZCI6IjMyNTU1OTQwNTU5LmFwcHMuZ29vZ2xldXNlcmNvbnRlbnQuY29tIiwic3ViIjoiMTA0NzU3Njk2MTMwOTc4MTMyNDM4IiwiaGQiOiJjcm93ZHJpZmYuY29tIiwiZW1haWwiOiJicml0dG9uLmplbm5lckBjcm93ZHJpZmYuY29tIiwiZW1haWxfdmVyaWZpZWQiOnRydWUsImF0X2hhc2giOiJQNUEtQnBRcEN3WkFQdTFmbEdpSEJBIiwiaWF0IjoxNjUxNDkxODgwLCJleHAiOjE2NTE0OTU0ODB9.KlVo9OoiwjsTatfpED5TNDm4bEGa0NvAO6us1z4eexX9zBmsuzcKVaafnpumQ7iUp5truEakknwIaiCUiGfBj30cl018WZ8U7hkvO5FQLcja6zIeT11O8Sh48WZrjfVwpxmSsD9NoS6Ed74G3W7O5dbyMPaH2mg0GQqXTma_OA_kFsljgpr7zlxwQKxvqpcUGUrD8WvETHxMFCYeIqbljx3xKkTlUsi25Jojcxlbmsz2RVwf9QEZxONBFEMkShoDI8rf2pXE-2av6WlrqSMeWEzTub9XjfH_wcKOkA11o1ji3gTfzQpbI-7_zJgpgksYdXFjf2rH5K9NB2PfSkY7mQ",
    "token_expiry": "2022-05-02T12:44:39Z"
  },
  "sentinels": {
    "config_sentinel": "/Users/britton.jenner/.config/gcloud/config_sentinel"
  }
}
2022-05-02 07:44:40,027 INFO     ___FILE_ONLY___ 

2022-05-02 07:44:40,033 DEBUG    root            Metrics reporting process started...
