2022-05-02 09:38:53,645 DEBUG    root            Loaded Command Group: ['gcloud', 'config']
2022-05-02 09:38:53,651 DEBUG    root            Loaded Command Group: ['gcloud', 'config', 'config_helper']
2022-05-02 09:38:53,654 DEBUG    root            Running [gcloud.config.config-helper] with arguments: [--format: "json", --min-expiry: "3600"]
2022-05-02 09:38:53,701 DEBUG    google.auth.transport.requests Making request: POST https://oauth2.googleapis.com/token
2022-05-02 09:38:53,776 DEBUG    urllib3.connectionpool Starting new HTTPS connection (1): oauth2.googleapis.com:443
2022-05-02 09:38:53,903 DEBUG    urllib3.connectionpool https://oauth2.googleapis.com:443 "POST /token HTTP/1.1" 200 None
2022-05-02 09:38:53,906 DEBUG    google.auth.transport.requests Making request: POST https://oauth2.googleapis.com/token
2022-05-02 09:38:53,911 DEBUG    urllib3.connectionpool Starting new HTTPS connection (1): oauth2.googleapis.com:443
2022-05-02 09:38:54,021 DEBUG    urllib3.connectionpool https://oauth2.googleapis.com:443 "POST /token HTTP/1.1" 200 None
2022-05-02 09:38:54,027 INFO     root            Display format: "default json"
2022-05-02 09:38:54,028 INFO     ___FILE_ONLY___ {
  "configuration": {
    "active_configuration": "default",
    "properties": {
      "compute": {
        "zone": "us-central1"
      },
      "core": {
        "account": "britton.jenner@crowdriff.com",
        "disable_usage_reporting": "False",
        "project": "crowdriff-stories-dev"
      }
    }
  },
  "credential": {
    "access_token": "ya29.A0ARrdaM_GbKTKHNJ6gQgqIUpy6yLXLJcDQTpv-JejVXo9mQ-qARGbVGKbzgi3RGERNuARVI3SMAY0ono5echyq3E0ByMLsnmDiXLC7GFiX-7U29IsRhlIw3qKBo6_RydjD8jQh0Q6RluVlKmNV3VA_CPMJQgFLwjaN--VXpE",
    "id_token": "eyJhbGciOiJSUzI1NiIsImtpZCI6Ijg2MTY0OWU0NTAzMTUzODNmNmI5ZDUxMGI3Y2Q0ZTkyMjZjM2NkODgiLCJ0eXAiOiJKV1QifQ.eyJpc3MiOiJodHRwczovL2FjY291bnRzLmdvb2dsZS5jb20iLCJhenAiOiIzMjU1NTk0MDU1OS5hcHBzLmdvb2dsZXVzZXJjb250ZW50LmNvbSIsImF1ZCI6IjMyNTU1OTQwNTU5LmFwcHMuZ29vZ2xldXNlcmNvbnRlbnQuY29tIiwic3ViIjoiMTA0NzU3Njk2MTMwOTc4MTMyNDM4IiwiaGQiOiJjcm93ZHJpZmYuY29tIiwiZW1haWwiOiJicml0dG9uLmplbm5lckBjcm93ZHJpZmYuY29tIiwiZW1haWxfdmVyaWZpZWQiOnRydWUsImF0X2hhc2giOiJONUdVUjFsVEdoc0VqVnVJaVJvYm93IiwiaWF0IjoxNjUxNDk4NzM0LCJleHAiOjE2NTE1MDIzMzR9.VE3kU8b5DMD4Kcx8yQvkhPB4KikhIFkGOXHaBEl2qvSCp-pRQ1CNW05MWT9swovq612ceq6Iahxa5Ywr13_r9FYeMfMZMJQ2OZoaHPDmbOqgmpDdZF44Fb1g9Od3TLcSKaW6-ZBOJIf3IBTNyGUsBAaiJ_a9XQj34D98u6v89_Ti-Hdm9lbmTIGMqpJoP8Tf5-UI41j1FohyR_QjVqcKdgJYYY4mGUipPLpEUfPRApeic52AlsUvwaHlizqcPBR6b7Y-s0ZN-hSjQIaIfooy6T4SrkNbYlIH6n3jF-choW-c_SHDr3EYyrmOAx2plAJfNdP934z9QVTx1Sm4sXEkDw",
    "token_expiry": "2022-05-02T14:38:53Z"
  },
  "sentinels": {
    "config_sentinel": "/Users/britton.jenner/.config/gcloud/config_sentinel"
  }
}
2022-05-02 09:38:54,028 INFO     ___FILE_ONLY___ 

2022-05-02 09:38:54,042 DEBUG    root            Metrics reporting process started...
