2022-05-02 11:28:55,192 DEBUG    root            Loaded Command Group: ['gcloud', 'config']
2022-05-02 11:28:55,193 DEBUG    root            Loaded Command Group: ['gcloud', 'config', 'config_helper']
2022-05-02 11:28:55,194 DEBUG    root            Running [gcloud.config.config-helper] with arguments: [--format: "json", --min-expiry: "3600"]
2022-05-02 11:28:55,215 DEBUG    google.auth.transport.requests Making request: POST https://oauth2.googleapis.com/token
2022-05-02 11:28:55,255 DEBUG    urllib3.connectionpool Starting new HTTPS connection (1): oauth2.googleapis.com:443
2022-05-02 11:28:55,377 DEBUG    urllib3.connectionpool https://oauth2.googleapis.com:443 "POST /token HTTP/1.1" 200 None
2022-05-02 11:28:55,380 DEBUG    google.auth.transport.requests Making request: POST https://oauth2.googleapis.com/token
2022-05-02 11:28:55,381 DEBUG    urllib3.connectionpool Starting new HTTPS connection (1): oauth2.googleapis.com:443
2022-05-02 11:28:55,488 DEBUG    urllib3.connectionpool https://oauth2.googleapis.com:443 "POST /token HTTP/1.1" 200 None
2022-05-02 11:28:55,490 INFO     root            Display format: "default json"
2022-05-02 11:28:55,490 INFO     ___FILE_ONLY___ {
  "configuration": {
    "active_configuration": "default",
    "properties": {
      "compute": {
        "zone": "us-central1"
      },
      "core": {
        "account": "britton.jenner@crowdriff.com",
        "disable_usage_reporting": "False",
        "project": "crowdriff-stories-dev"
      }
    }
  },
  "credential": {
    "access_token": "ya29.A0ARrdaM8Sp979VqRHuP9Nva23cEKNeKpiAB6LqkLPG8F_BnU6vRHDjVQhtPkJOAHWl1SwdcSI27oU2F2Ax6sCSrLoP9G6c4EOpU5cccMGiJlEhPndmE2yLfVOYHrLZCoPGKe3wVo_HbdrcbnalM7rrNc72vWis8ITktscWKU",
    "id_token": "eyJhbGciOiJSUzI1NiIsImtpZCI6Ijg2MTY0OWU0NTAzMTUzODNmNmI5ZDUxMGI3Y2Q0ZTkyMjZjM2NkODgiLCJ0eXAiOiJKV1QifQ.eyJpc3MiOiJodHRwczovL2FjY291bnRzLmdvb2dsZS5jb20iLCJhenAiOiIzMjU1NTk0MDU1OS5hcHBzLmdvb2dsZXVzZXJjb250ZW50LmNvbSIsImF1ZCI6IjMyNTU1OTQwNTU5LmFwcHMuZ29vZ2xldXNlcmNvbnRlbnQuY29tIiwic3ViIjoiMTA0NzU3Njk2MTMwOTc4MTMyNDM4IiwiaGQiOiJjcm93ZHJpZmYuY29tIiwiZW1haWwiOiJicml0dG9uLmplbm5lckBjcm93ZHJpZmYuY29tIiwiZW1haWxfdmVyaWZpZWQiOnRydWUsImF0X2hhc2giOiIzZFNaMmUyR0FFNHdvdHVzdFo0eV9BIiwiaWF0IjoxNjUxNTA1MzM1LCJleHAiOjE2NTE1MDg5MzV9.VxwSi7T8yvbTK5d6WGGt4cn9ksCe8dZXdwW5mloA3mV4ZcsNk0yqBzhsAKqyGK_TRGHXrkTNJkFbENrHQzdP3w-Yi42nXK7XNCswhH7xtAowUEP4_cS48OmNdKTMvWdRbClLVVUab5CO0fzA2aeocrtbGcvRbmLna_Yv38FlL_C-EF3gKzHxz2NMes1aqudLZHQEZx3-LQOb3JkY7XVN5gRL3c60HUlJ4nsnpCtGyvKaIu56Tjbb1RYq6Vt1ebdzwxPoGPSQz2XAFRTgekXqWbnCz2Gk7Q1tG9We-qu052jQHTMmP22hs01b4XFdbfYA_2oXoX0XYT-ikmJKJBx9Zg",
    "token_expiry": "2022-05-02T16:28:54Z"
  },
  "sentinels": {
    "config_sentinel": "/Users/britton.jenner/.config/gcloud/config_sentinel"
  }
}
2022-05-02 11:28:55,490 INFO     ___FILE_ONLY___ 

2022-05-02 11:28:55,496 DEBUG    root            Metrics reporting process started...
