2022-05-02 12:49:48,235 DEBUG    root            Loaded Command Group: ['gcloud', 'config']
2022-05-02 12:49:48,237 DEBUG    root            Loaded Command Group: ['gcloud', 'config', 'config_helper']
2022-05-02 12:49:48,238 DEBUG    root            Running [gcloud.config.config-helper] with arguments: [--format: "json", --min-expiry: "3600"]
2022-05-02 12:49:48,246 DEBUG    google.auth.transport.requests Making request: POST https://oauth2.googleapis.com/token
2022-05-02 12:49:48,294 DEBUG    urllib3.connectionpool Starting new HTTPS connection (1): oauth2.googleapis.com:443
2022-05-02 12:49:48,403 DEBUG    urllib3.connectionpool https://oauth2.googleapis.com:443 "POST /token HTTP/1.1" 200 None
2022-05-02 12:49:48,407 DEBUG    google.auth.transport.requests Making request: POST https://oauth2.googleapis.com/token
2022-05-02 12:49:48,410 DEBUG    urllib3.connectionpool Starting new HTTPS connection (1): oauth2.googleapis.com:443
2022-05-02 12:49:48,529 DEBUG    urllib3.connectionpool https://oauth2.googleapis.com:443 "POST /token HTTP/1.1" 200 None
2022-05-02 12:49:48,535 INFO     root            Display format: "default json"
2022-05-02 12:49:48,536 INFO     ___FILE_ONLY___ {
  "configuration": {
    "active_configuration": "default",
    "properties": {
      "compute": {
        "zone": "us-central1"
      },
      "core": {
        "account": "britton.jenner@crowdriff.com",
        "disable_usage_reporting": "False",
        "project": "crowdriff-stories-dev"
      }
    }
  },
  "credential": {
    "access_token": "ya29.A0ARrdaM9wVs0MdjDNqJrnVu5JWImYMHzHXE5JVSTgAmYVCN-DEu_CWcrah3q3GN2MtCSC4Ah1ki7bidHhRlBAQeLjV3rY16NNx0--ERkV8GOyY-UATarnNUrODv6HDTf9-YmVboyyckNFZp_bstVkyKJ2hIPHx9a9P7grGxg",
    "id_token": "eyJhbGciOiJSUzI1NiIsImtpZCI6Ijg2MTY0OWU0NTAzMTUzODNmNmI5ZDUxMGI3Y2Q0ZTkyMjZjM2NkODgiLCJ0eXAiOiJKV1QifQ.eyJpc3MiOiJodHRwczovL2FjY291bnRzLmdvb2dsZS5jb20iLCJhenAiOiIzMjU1NTk0MDU1OS5hcHBzLmdvb2dsZXVzZXJjb250ZW50LmNvbSIsImF1ZCI6IjMyNTU1OTQwNTU5LmFwcHMuZ29vZ2xldXNlcmNvbnRlbnQuY29tIiwic3ViIjoiMTA0NzU3Njk2MTMwOTc4MTMyNDM4IiwiaGQiOiJjcm93ZHJpZmYuY29tIiwiZW1haWwiOiJicml0dG9uLmplbm5lckBjcm93ZHJpZmYuY29tIiwiZW1haWxfdmVyaWZpZWQiOnRydWUsImF0X2hhc2giOiJMby1LMURzUHliQmJpZklWQXhSc1B3IiwiaWF0IjoxNjUxNTEwMTg4LCJleHAiOjE2NTE1MTM3ODh9.ESFmb7vz8R2FxLMwDTBa4m-TVD5McB_4v1ZhuNpoCPGjAVX155fr6sm5Cx6dsh5W5z22uYckrPLz7Mbe4UJfvqiV8lLvlpfgDMB1tSaqRBJWGuqcGsKsvoL9X34J6DCoixMcYvZ2xlkqF3K5SEsWTpAfhHHiQQavHFEONO2HIChyUd2aoK0Ox6vd_kN8MQweHl3UP-s24GBsMTESBflpsB-snlLa-VhIjhS0c9cY4IA-9kYjyFkxUwyi_2sKDrGpdY6Daos12dBgFC7Y3trdiIhy1MeNQhtO7wVqaKfRHdRiJsvfnJku7G0sidsz0MmyvMpdpYop7e8C5YgI8ZhGKQ",
    "token_expiry": "2022-05-02T17:49:47Z"
  },
  "sentinels": {
    "config_sentinel": "/Users/britton.jenner/.config/gcloud/config_sentinel"
  }
}
2022-05-02 12:49:48,536 INFO     ___FILE_ONLY___ 

2022-05-02 12:49:48,550 DEBUG    root            Metrics reporting process started...
