2022-05-02 13:11:07,331 DEBUG    root            Loaded Command Group: ['gcloud', 'config']
2022-05-02 13:11:07,334 DEBUG    root            Loaded Command Group: ['gcloud', 'config', 'config_helper']
2022-05-02 13:11:07,335 DEBUG    root            Running [gcloud.config.config-helper] with arguments: [--format: "json", --min-expiry: "3600"]
2022-05-02 13:11:07,337 DEBUG    google.auth.transport.requests Making request: POST https://oauth2.googleapis.com/token
2022-05-02 13:11:07,373 DEBUG    urllib3.connectionpool Starting new HTTPS connection (1): oauth2.googleapis.com:443
2022-05-02 13:11:07,480 DEBUG    urllib3.connectionpool https://oauth2.googleapis.com:443 "POST /token HTTP/1.1" 200 None
2022-05-02 13:11:07,483 INFO     root            Display format: "default json"
2022-05-02 13:11:07,484 INFO     ___FILE_ONLY___ {
  "configuration": {
    "active_configuration": "default",
    "properties": {
      "compute": {
        "zone": "us-central1"
      },
      "core": {
        "account": "britton.jenner@crowdriff.com",
        "disable_usage_reporting": "False",
        "project": "crowdriff-stories-dev"
      }
    }
  },
  "credential": {
    "access_token": "ya29.A0ARrdaM-erAguKJMjQaXYvtBjpjCML3X1-8p2cFFoTeZNRagrfP5o6lCT_2qTHjdIcRXqLITCgLNJIaJGR0Mib_zbIxAjKKxb2dt8gPKFlUo8LrIA0VdOqBYeYQqpX1w_PIKlMyPR3KYkgE7mq-cy83HPxu7MOTCEnczrjWA",
    "id_token": "eyJhbGciOiJSUzI1NiIsImtpZCI6Ijg2MTY0OWU0NTAzMTUzODNmNmI5ZDUxMGI3Y2Q0ZTkyMjZjM2NkODgiLCJ0eXAiOiJKV1QifQ.eyJpc3MiOiJodHRwczovL2FjY291bnRzLmdvb2dsZS5jb20iLCJhenAiOiIzMjU1NTk0MDU1OS5hcHBzLmdvb2dsZXVzZXJjb250ZW50LmNvbSIsImF1ZCI6IjMyNTU1OTQwNTU5LmFwcHMuZ29vZ2xldXNlcmNvbnRlbnQuY29tIiwic3ViIjoiMTA0NzU3Njk2MTMwOTc4MTMyNDM4IiwiaGQiOiJjcm93ZHJpZmYuY29tIiwiZW1haWwiOiJicml0dG9uLmplbm5lckBjcm93ZHJpZmYuY29tIiwiZW1haWxfdmVyaWZpZWQiOnRydWUsImF0X2hhc2giOiJNWW84N09lUjc5UVdMZlRqcktVX2NBIiwiaWF0IjoxNjUxNTExNDY3LCJleHAiOjE2NTE1MTUwNjd9.BvYCxfZQcDMQBoUGIrekJdz73LqGI8KCb7ti7O4mS0PEuVGHWsfRzDQ9MjiAN9mLH97umTnydPK1ZPRr8cqIVRSvSR8j2u_Ltz0ipvyYb39rhLRhzU2By1QRTZpf0jkxF2x0q2WMM3gCA6A0R2EhH0Mjekik-WnIufrwyTA6KcWSktcElrM0HAC13H4hlIsyehytTlLCY-PkXf5FuukBNbKw8iaxo3sbiw2K9eq4DIkfCTKyG2nGKTp8STO_r_8kyk9Lj6YPTQFf6oFyTOkcG3vY_h6wD92s09RJ4NAubJxz7oZgiZISFHRattO62RP-gPZtf6KW_-1uhJZq9t3Yfg",
    "token_expiry": "2022-05-02T18:11:06Z"
  },
  "sentinels": {
    "config_sentinel": "/Users/britton.jenner/.config/gcloud/config_sentinel"
  }
}
2022-05-02 13:11:07,484 INFO     ___FILE_ONLY___ 

2022-05-02 13:11:07,488 DEBUG    root            Metrics reporting process started...
