2022-05-02 15:01:17,553 DEBUG    root            Loaded Command Group: ['gcloud', 'config']
2022-05-02 15:01:17,555 DEBUG    root            Loaded Command Group: ['gcloud', 'config', 'config_helper']
2022-05-02 15:01:17,556 DEBUG    root            Running [gcloud.config.config-helper] with arguments: [--format: "json", --min-expiry: "3600"]
2022-05-02 15:01:17,572 DEBUG    google.auth.transport.requests Making request: POST https://oauth2.googleapis.com/token
2022-05-02 15:01:17,631 DEBUG    urllib3.connectionpool Starting new HTTPS connection (1): oauth2.googleapis.com:443
2022-05-02 15:01:17,770 DEBUG    urllib3.connectionpool https://oauth2.googleapis.com:443 "POST /token HTTP/1.1" 200 None
2022-05-02 15:01:17,772 DEBUG    google.auth.transport.requests Making request: POST https://oauth2.googleapis.com/token
2022-05-02 15:01:17,773 DEBUG    urllib3.connectionpool Starting new HTTPS connection (1): oauth2.googleapis.com:443
2022-05-02 15:01:17,900 DEBUG    urllib3.connectionpool https://oauth2.googleapis.com:443 "POST /token HTTP/1.1" 200 None
2022-05-02 15:01:17,902 INFO     root            Display format: "default json"
2022-05-02 15:01:17,903 INFO     ___FILE_ONLY___ {
  "configuration": {
    "active_configuration": "default",
    "properties": {
      "compute": {
        "zone": "us-central1"
      },
      "core": {
        "account": "britton.jenner@crowdriff.com",
        "disable_usage_reporting": "False",
        "project": "crowdriff-stories-dev"
      }
    }
  },
  "credential": {
    "access_token": "ya29.A0ARrdaM_dyzud4vDOLjQoMqEbJPHzC92bnipyxWKwhon_i4MZIroH_54sa2Du94Svl56eNweZgnSl-2g1S02PXDllyRUGqgsXO-_4pIpLfKs-sHVRB8ZdKHgESoDyA7BmsLkE16fAUHzNbYwsMLtseihXkKeWbIPSGs1HE-c",
    "id_token": "eyJhbGciOiJSUzI1NiIsImtpZCI6Ijg2MTY0OWU0NTAzMTUzODNmNmI5ZDUxMGI3Y2Q0ZTkyMjZjM2NkODgiLCJ0eXAiOiJKV1QifQ.eyJpc3MiOiJodHRwczovL2FjY291bnRzLmdvb2dsZS5jb20iLCJhenAiOiIzMjU1NTk0MDU1OS5hcHBzLmdvb2dsZXVzZXJjb250ZW50LmNvbSIsImF1ZCI6IjMyNTU1OTQwNTU5LmFwcHMuZ29vZ2xldXNlcmNvbnRlbnQuY29tIiwic3ViIjoiMTA0NzU3Njk2MTMwOTc4MTMyNDM4IiwiaGQiOiJjcm93ZHJpZmYuY29tIiwiZW1haWwiOiJicml0dG9uLmplbm5lckBjcm93ZHJpZmYuY29tIiwiZW1haWxfdmVyaWZpZWQiOnRydWUsImF0X2hhc2giOiJWS2E2dDgweHdBdmptaUJvRndzbmJRIiwiaWF0IjoxNjUxNTE4MDc3LCJleHAiOjE2NTE1MjE2Nzd9.NFFSq7dH6N1uC_jGtYpG8tvVk9lX0WJAseHjQMizAajhoB9TkmpH0j2vR-JExBwyGRxh9FFob2mpCtZZZLHwSx40lTO5bYLzma8xHeGCFVBeMa2SOQtFYQtRAhX5ME4gP8qZhuvCOwcj7KUoqO2w2jSqzrU5zn2fkxT5Leaart-bDyG2Vboh8BP_a0GIGLn7zEvZTqXVs8ZM0TBuag6FoYqEErM7Vda0QQSkJjv2B4IoIzdH0nIh2S0R1WuTfcN1OKTXVcECTBWfQrswg4_gkdXNixIbzf13rRjzXiLO1TsfZ0Q3YKdsSKfmyZq7eCeJty3LjAYU0OU0Pib7srqJHw",
    "token_expiry": "2022-05-02T20:01:16Z"
  },
  "sentinels": {
    "config_sentinel": "/Users/britton.jenner/.config/gcloud/config_sentinel"
  }
}
2022-05-02 15:01:17,903 INFO     ___FILE_ONLY___ 

2022-05-02 15:01:17,910 DEBUG    root            Metrics reporting process started...
