2022-05-02 22:21:24,624 DEBUG    root            Loaded Command Group: ['gcloud', 'config']
2022-05-02 22:21:24,626 DEBUG    root            Loaded Command Group: ['gcloud', 'config', 'config_helper']
2022-05-02 22:21:24,627 DEBUG    root            Running [gcloud.config.config-helper] with arguments: [--format: "json", --min-expiry: "3600"]
2022-05-02 22:21:24,637 DEBUG    google.auth.transport.requests Making request: POST https://oauth2.googleapis.com/token
2022-05-02 22:21:24,693 DEBUG    urllib3.connectionpool Starting new HTTPS connection (1): oauth2.googleapis.com:443
2022-05-02 22:21:24,798 DEBUG    urllib3.connectionpool https://oauth2.googleapis.com:443 "POST /token HTTP/1.1" 200 None
2022-05-02 22:21:24,800 DEBUG    google.auth.transport.requests Making request: POST https://oauth2.googleapis.com/token
2022-05-02 22:21:24,801 DEBUG    urllib3.connectionpool Starting new HTTPS connection (1): oauth2.googleapis.com:443
2022-05-02 22:21:24,902 DEBUG    urllib3.connectionpool https://oauth2.googleapis.com:443 "POST /token HTTP/1.1" 200 None
2022-05-02 22:21:24,905 INFO     root            Display format: "default json"
2022-05-02 22:21:24,906 INFO     ___FILE_ONLY___ {
  "configuration": {
    "active_configuration": "default",
    "properties": {
      "compute": {
        "zone": "us-central1"
      },
      "core": {
        "account": "britton.jenner@crowdriff.com",
        "disable_usage_reporting": "False",
        "project": "crowdriff-stories-dev"
      }
    }
  },
  "credential": {
    "access_token": "ya29.A0ARrdaM9B0OHxGwKjF_Y7bluUFXi_zAfPgzSlwNtw7QzxOF7_zIoLh1fVS8rsju7TftZehBIt33vpjaBRvjqXTdVfwe0ekPSQVbPlBEuNyGGigKf25s3_jl1QMp7KM9OFSGmS92igHmBoIDHQDvBxLn2IywNKLIqqCNHEclU",
    "id_token": "eyJhbGciOiJSUzI1NiIsImtpZCI6Ijg2MTY0OWU0NTAzMTUzODNmNmI5ZDUxMGI3Y2Q0ZTkyMjZjM2NkODgiLCJ0eXAiOiJKV1QifQ.eyJpc3MiOiJodHRwczovL2FjY291bnRzLmdvb2dsZS5jb20iLCJhenAiOiIzMjU1NTk0MDU1OS5hcHBzLmdvb2dsZXVzZXJjb250ZW50LmNvbSIsImF1ZCI6IjMyNTU1OTQwNTU5LmFwcHMuZ29vZ2xldXNlcmNvbnRlbnQuY29tIiwic3ViIjoiMTA0NzU3Njk2MTMwOTc4MTMyNDM4IiwiaGQiOiJjcm93ZHJpZmYuY29tIiwiZW1haWwiOiJicml0dG9uLmplbm5lckBjcm93ZHJpZmYuY29tIiwiZW1haWxfdmVyaWZpZWQiOnRydWUsImF0X2hhc2giOiJPYjlMd2tzU1oxUHNvSmFrUk4yVEN3IiwiaWF0IjoxNjUxNTQ0NDg0LCJleHAiOjE2NTE1NDgwODR9.kDJxZz_9Z_vPdkXkb7sMyRHhwvoiJhkzw8T5bHorGG0aaN2AEv5cAf4aS8n1zlS3NfZMgFFU14ssmvmv27sLXjYdWfIL_qpsvfCcLIKf37DeaTc6KZ7dzWwr1hoCln0zVvNd0QfTrpNYGLGjaoV5EjBjOeMpZ_hzGn83mQHQNZJtcEVSw3fvrHRFZCK8rXlCXNLCM6zzTuR3g4sRiaxjtzjsqtEUQWTpoUV_n28XL2Ran84hdmMTZfQ7DLqNpatC2if1NN0HGi4lwGVg88TeDVJ9aDyBrwGQtEgfEbQfma8uY2gkBdCHq0PxErgaF0_2kcM3g1F1LDnV_mfV3hMXyQ",
    "token_expiry": "2022-05-03T03:21:23Z"
  },
  "sentinels": {
    "config_sentinel": "/Users/britton.jenner/.config/gcloud/config_sentinel"
  }
}
2022-05-02 22:21:24,906 INFO     ___FILE_ONLY___ 

2022-05-02 22:21:24,914 DEBUG    root            Metrics reporting process started...
