2022-04-30 00:43:00,539 DEBUG    root            Loaded Command Group: ['gcloud', 'config']
2022-04-30 00:43:00,542 DEBUG    root            Loaded Command Group: ['gcloud', 'config', 'config_helper']
2022-04-30 00:43:00,542 DEBUG    root            Running [gcloud.config.config-helper] with arguments: [--format: "json", --min-expiry: "3600"]
2022-04-30 00:43:00,553 DEBUG    google.auth.transport.requests Making request: POST https://oauth2.googleapis.com/token
2022-04-30 00:43:00,595 DEBUG    urllib3.connectionpool Starting new HTTPS connection (1): oauth2.googleapis.com:443
2022-04-30 00:43:00,710 DEBUG    urllib3.connectionpool https://oauth2.googleapis.com:443 "POST /token HTTP/1.1" 200 None
2022-04-30 00:43:00,712 DEBUG    google.auth.transport.requests Making request: POST https://oauth2.googleapis.com/token
2022-04-30 00:43:00,713 DEBUG    urllib3.connectionpool Starting new HTTPS connection (1): oauth2.googleapis.com:443
2022-04-30 00:43:00,813 DEBUG    urllib3.connectionpool https://oauth2.googleapis.com:443 "POST /token HTTP/1.1" 200 None
2022-04-30 00:43:00,816 INFO     root            Display format: "default json"
2022-04-30 00:43:00,816 INFO     ___FILE_ONLY___ {
  "configuration": {
    "active_configuration": "default",
    "properties": {
      "compute": {
        "zone": "us-central1"
      },
      "core": {
        "account": "britton.jenner@crowdriff.com",
        "disable_usage_reporting": "False",
        "project": "crowdriff-stories-dev"
      }
    }
  },
  "credential": {
    "access_token": "ya29.A0ARrdaM-SBv0yv3R2sKWhnDbKucGjlptqFYcyZo45e_sgW7fZJ5bvTd3u2-NNRPAR6UxqVRatZCdVZsIDusXUZ-4XK060e6mxunplAzROTaBeWDHr7ijR6Vqvb32_X0fJdLx2B584N3CZ06bGzbAV49nLEAsN1HC_NcyDOlE",
    "id_token": "eyJhbGciOiJSUzI1NiIsImtpZCI6Ijg2MTY0OWU0NTAzMTUzODNmNmI5ZDUxMGI3Y2Q0ZTkyMjZjM2NkODgiLCJ0eXAiOiJKV1QifQ.eyJpc3MiOiJodHRwczovL2FjY291bnRzLmdvb2dsZS5jb20iLCJhenAiOiIzMjU1NTk0MDU1OS5hcHBzLmdvb2dsZXVzZXJjb250ZW50LmNvbSIsImF1ZCI6IjMyNTU1OTQwNTU5LmFwcHMuZ29vZ2xldXNlcmNvbnRlbnQuY29tIiwic3ViIjoiMTA0NzU3Njk2MTMwOTc4MTMyNDM4IiwiaGQiOiJjcm93ZHJpZmYuY29tIiwiZW1haWwiOiJicml0dG9uLmplbm5lckBjcm93ZHJpZmYuY29tIiwiZW1haWxfdmVyaWZpZWQiOnRydWUsImF0X2hhc2giOiJWeVNpZHMyZmZrZWx4UF9tTWJSOWFRIiwiaWF0IjoxNjUxMjkzNzgwLCJleHAiOjE2NTEyOTczODB9.kYDyyk1Cjb1HLVjePf3c0byLsOinvMS0khkEgy11djwwaxpOaK4dHl-FFKjkCzKD7tZHYcOQVSoOTYjHDGMnSOk0ww-jMxebDpylljwyOyv2U2O7CNyZdP9QJMPawNC2sGVWq9W5aFaSzPliHalmJW05VhJDRre-cwCS8uncJmHYQq9sv6u9rBrLTGtqTn9m20HgRhHQYg8nZINmJfVkzQMbmRLfjroE9lDXiKmq8234rTcBxPHz1LoqbmpSPXY0907-o77R90RIK4EUNL6hwPiN90e05fRDoEsCOpjyuCGqL3uaQ38Sb8hkGDGGglj52ljC3tHuZGbv1lwa3eXW0Q",
    "token_expiry": "2022-04-30T05:42:59Z"
  },
  "sentinels": {
    "config_sentinel": "/Users/britton.jenner/.config/gcloud/config_sentinel"
  }
}
2022-04-30 00:43:00,816 INFO     ___FILE_ONLY___ 

2022-04-30 00:43:00,821 DEBUG    root            Metrics reporting process started...
