2022-04-30 02:59:45,890 DEBUG    root            Loaded Command Group: ['gcloud', 'config']
2022-04-30 02:59:45,891 DEBUG    root            Loaded Command Group: ['gcloud', 'config', 'config_helper']
2022-04-30 02:59:45,892 DEBUG    root            Running [gcloud.config.config-helper] with arguments: [--format: "json", --min-expiry: "3600"]
2022-04-30 02:59:45,906 DEBUG    google.auth.transport.requests Making request: POST https://oauth2.googleapis.com/token
2022-04-30 02:59:45,996 DEBUG    urllib3.connectionpool Starting new HTTPS connection (1): oauth2.googleapis.com:443
2022-04-30 02:59:46,103 DEBUG    urllib3.connectionpool https://oauth2.googleapis.com:443 "POST /token HTTP/1.1" 200 None
2022-04-30 02:59:46,113 DEBUG    google.auth.transport.requests Making request: POST https://oauth2.googleapis.com/token
2022-04-30 02:59:46,115 DEBUG    urllib3.connectionpool Starting new HTTPS connection (1): oauth2.googleapis.com:443
2022-04-30 02:59:46,216 DEBUG    urllib3.connectionpool https://oauth2.googleapis.com:443 "POST /token HTTP/1.1" 200 None
2022-04-30 02:59:46,218 INFO     root            Display format: "default json"
2022-04-30 02:59:46,218 INFO     ___FILE_ONLY___ {
  "configuration": {
    "active_configuration": "default",
    "properties": {
      "compute": {
        "zone": "us-central1"
      },
      "core": {
        "account": "britton.jenner@crowdriff.com",
        "disable_usage_reporting": "False",
        "project": "crowdriff-stories-dev"
      }
    }
  },
  "credential": {
    "access_token": "ya29.A0ARrdaM9ljpd46ky5qgP8gOTWxMOyF56sLPqyeiZn9x5elvYZXlNP8sAJAp7hWFBVv7pyFsWOUbnnA8BxlRJF-AGY-0AcbF2t_pXtHHZz51NvaS9y5By-cdlItssQhDhSG4K1ExZOtj0AZEdP2HXdRqkex4QYsbjh-GLOcMk",
    "id_token": "eyJhbGciOiJSUzI1NiIsImtpZCI6Ijg2MTY0OWU0NTAzMTUzODNmNmI5ZDUxMGI3Y2Q0ZTkyMjZjM2NkODgiLCJ0eXAiOiJKV1QifQ.eyJpc3MiOiJodHRwczovL2FjY291bnRzLmdvb2dsZS5jb20iLCJhenAiOiIzMjU1NTk0MDU1OS5hcHBzLmdvb2dsZXVzZXJjb250ZW50LmNvbSIsImF1ZCI6IjMyNTU1OTQwNTU5LmFwcHMuZ29vZ2xldXNlcmNvbnRlbnQuY29tIiwic3ViIjoiMTA0NzU3Njk2MTMwOTc4MTMyNDM4IiwiaGQiOiJjcm93ZHJpZmYuY29tIiwiZW1haWwiOiJicml0dG9uLmplbm5lckBjcm93ZHJpZmYuY29tIiwiZW1haWxfdmVyaWZpZWQiOnRydWUsImF0X2hhc2giOiJvY0ZnRlJyRnoxbHRQaE5PMDdLUUVBIiwiaWF0IjoxNjUxMzAxOTg2LCJleHAiOjE2NTEzMDU1ODZ9.l2pGHV4r1kYRc1H9ENNnT508vOk_Gfo53neuRkKRrURMHKV22y8OXMXU_QyzRkbngI6PWT6Hbq15FK64rxvq6SaXtewxAijaa17TTRgHalCiDVz3UouuGrG7XEBFKPZlUwNunf6106o2Ro1jSZTChK9YMYszh2zfI960vyl_D2whn9Uy9JzVl87QnTz76M7qOlxRXvISKZFElvDzUGvzr7dZiDKQa4JPLaINLOJ2kBZOMuyD1EQsVZzOXTH93JkAdyzQK41Dh5gmY-4YgSj1hVSPPhGm03kQF4gFeeuDC99jSDfO-AhaiCBYX0kblHEgjmB6Ch-dJk4q-ZUiBIFfNw",
    "token_expiry": "2022-04-30T07:59:45Z"
  },
  "sentinels": {
    "config_sentinel": "/Users/britton.jenner/.config/gcloud/config_sentinel"
  }
}
2022-04-30 02:59:46,218 INFO     ___FILE_ONLY___ 

2022-04-30 02:59:46,228 DEBUG    root            Metrics reporting process started...
