2022-04-30 05:55:07,184 DEBUG    root            Loaded Command Group: ['gcloud', 'config']
2022-04-30 05:55:07,186 DEBUG    root            Loaded Command Group: ['gcloud', 'config', 'config_helper']
2022-04-30 05:55:07,187 DEBUG    root            Running [gcloud.config.config-helper] with arguments: [--format: "json", --min-expiry: "3600"]
2022-04-30 05:55:07,200 DEBUG    google.auth.transport.requests Making request: POST https://oauth2.googleapis.com/token
2022-04-30 05:55:07,254 DEBUG    urllib3.connectionpool Starting new HTTPS connection (1): oauth2.googleapis.com:443
2022-04-30 05:55:07,395 DEBUG    urllib3.connectionpool https://oauth2.googleapis.com:443 "POST /token HTTP/1.1" 200 None
2022-04-30 05:55:07,397 DEBUG    google.auth.transport.requests Making request: POST https://oauth2.googleapis.com/token
2022-04-30 05:55:07,399 DEBUG    urllib3.connectionpool Starting new HTTPS connection (1): oauth2.googleapis.com:443
2022-04-30 05:55:07,501 DEBUG    urllib3.connectionpool https://oauth2.googleapis.com:443 "POST /token HTTP/1.1" 200 None
2022-04-30 05:55:07,503 INFO     root            Display format: "default json"
2022-04-30 05:55:07,503 INFO     ___FILE_ONLY___ {
  "configuration": {
    "active_configuration": "default",
    "properties": {
      "compute": {
        "zone": "us-central1"
      },
      "core": {
        "account": "britton.jenner@crowdriff.com",
        "disable_usage_reporting": "False",
        "project": "crowdriff-stories-dev"
      }
    }
  },
  "credential": {
    "access_token": "ya29.A0ARrdaM-YAllo0UepUOxqCWGteFcWX_8c6NdgdMaKa-cWeTvCwCGf1PEX5QX3OuUSsqaKd4coRh_BA1mihR7IaR7KgTpR_5XifEwlc9x6wI4QPNj1vicGG0ecnBKcGBoH8N38U-xHxsPw-isIkHCCKoqGGAcQkaB-YRZcLqo",
    "id_token": "eyJhbGciOiJSUzI1NiIsImtpZCI6Ijg2MTY0OWU0NTAzMTUzODNmNmI5ZDUxMGI3Y2Q0ZTkyMjZjM2NkODgiLCJ0eXAiOiJKV1QifQ.eyJpc3MiOiJodHRwczovL2FjY291bnRzLmdvb2dsZS5jb20iLCJhenAiOiIzMjU1NTk0MDU1OS5hcHBzLmdvb2dsZXVzZXJjb250ZW50LmNvbSIsImF1ZCI6IjMyNTU1OTQwNTU5LmFwcHMuZ29vZ2xldXNlcmNvbnRlbnQuY29tIiwic3ViIjoiMTA0NzU3Njk2MTMwOTc4MTMyNDM4IiwiaGQiOiJjcm93ZHJpZmYuY29tIiwiZW1haWwiOiJicml0dG9uLmplbm5lckBjcm93ZHJpZmYuY29tIiwiZW1haWxfdmVyaWZpZWQiOnRydWUsImF0X2hhc2giOiI1a0l0d2dxclpjNDM2ZndBRWFFbFJBIiwiaWF0IjoxNjUxMzEyNTA3LCJleHAiOjE2NTEzMTYxMDd9.Jfibusr1UJCcT3_pvjxNz5TQ4UY0FRu7SsbQR3woPN4evQ5l5uVL6itpImYEIbpGD_sJ4v90HFgqnj0KK8x1iPehk1uRgl2OveNCCYLaLsSI7MOu1B0OU5y7ZMeRsu0kyu-evRUCpw-nCUQKTfmyw15ewd-igjQdLTwioXr6YwcHLDgh3QEVFwxx3GrD7TJi4wCAQOFHNFFwkx_Wk50QLubYsEE9jty7JYodx1PdXHZJQgepcH6ZnO7UoKGgXrSgz_pUc04p7FF7eY-M2mpsoKpiPpkEoAKzrMDCsfA-Ty4j5wF6v5Cj-AR_ioNzwc9dzxHpuNQ19xQEr-DvVLSh0Q",
    "token_expiry": "2022-04-30T10:55:06Z"
  },
  "sentinels": {
    "config_sentinel": "/Users/britton.jenner/.config/gcloud/config_sentinel"
  }
}
2022-04-30 05:55:07,503 INFO     ___FILE_ONLY___ 

2022-04-30 05:55:07,510 DEBUG    root            Metrics reporting process started...
