2022-04-30 13:58:12,576 DEBUG    root            Loaded Command Group: ['gcloud', 'config']
2022-04-30 13:58:12,578 DEBUG    root            Loaded Command Group: ['gcloud', 'config', 'config_helper']
2022-04-30 13:58:12,579 DEBUG    root            Running [gcloud.config.config-helper] with arguments: [--format: "json", --min-expiry: "3600"]
2022-04-30 13:58:12,593 DEBUG    google.auth.transport.requests Making request: POST https://oauth2.googleapis.com/token
2022-04-30 13:58:12,631 DEBUG    urllib3.connectionpool Starting new HTTPS connection (1): oauth2.googleapis.com:443
2022-04-30 13:58:12,755 DEBUG    urllib3.connectionpool https://oauth2.googleapis.com:443 "POST /token HTTP/1.1" 200 None
2022-04-30 13:58:12,760 DEBUG    google.auth.transport.requests Making request: POST https://oauth2.googleapis.com/token
2022-04-30 13:58:12,762 DEBUG    urllib3.connectionpool Starting new HTTPS connection (1): oauth2.googleapis.com:443
2022-04-30 13:58:12,872 DEBUG    urllib3.connectionpool https://oauth2.googleapis.com:443 "POST /token HTTP/1.1" 200 None
2022-04-30 13:58:12,875 INFO     root            Display format: "default json"
2022-04-30 13:58:12,875 INFO     ___FILE_ONLY___ {
  "configuration": {
    "active_configuration": "default",
    "properties": {
      "compute": {
        "zone": "us-central1"
      },
      "core": {
        "account": "britton.jenner@crowdriff.com",
        "disable_usage_reporting": "False",
        "project": "crowdriff-stories-dev"
      }
    }
  },
  "credential": {
    "access_token": "ya29.A0ARrdaM_VBXpcy87MsUmE3hTAycJ1Ytx7Jad_foQh2Z135I7MVVLgk1rrrfuF0DNjxcBiYrSdD-yPew_MqCaoZ48Zzhw3ssCQNRqODIEAoONiqkPLwsxU-OndeneaVKtAPOiKMjswc3EiYclVSf2IF6ubh-GqsqVtCzQQcrM",
    "id_token": "eyJhbGciOiJSUzI1NiIsImtpZCI6Ijg2MTY0OWU0NTAzMTUzODNmNmI5ZDUxMGI3Y2Q0ZTkyMjZjM2NkODgiLCJ0eXAiOiJKV1QifQ.eyJpc3MiOiJodHRwczovL2FjY291bnRzLmdvb2dsZS5jb20iLCJhenAiOiIzMjU1NTk0MDU1OS5hcHBzLmdvb2dsZXVzZXJjb250ZW50LmNvbSIsImF1ZCI6IjMyNTU1OTQwNTU5LmFwcHMuZ29vZ2xldXNlcmNvbnRlbnQuY29tIiwic3ViIjoiMTA0NzU3Njk2MTMwOTc4MTMyNDM4IiwiaGQiOiJjcm93ZHJpZmYuY29tIiwiZW1haWwiOiJicml0dG9uLmplbm5lckBjcm93ZHJpZmYuY29tIiwiZW1haWxfdmVyaWZpZWQiOnRydWUsImF0X2hhc2giOiI0UU1sVjVpRkZPS05uaDZ5b2pPRG9BIiwiaWF0IjoxNjUxMzQxNDkyLCJleHAiOjE2NTEzNDUwOTJ9.GnasOnNl1RxsDJWQgv_uVzx_4Esq0gt-Xx-luylhLU0DdXyjpPFUBulwaj_q5yL6G8YRAha1dx6vAj0V5KSFwaDGbg0lgwAF3uzWR0kjBvpXcMrIh1kmTcvqFqVPeuw_BUbBQycmTjCsoPKIRAD47sm2os2ylRo4JYpcrnTD1YW0xU1xQXZhu1J8v946y-nADVv_hp72Ow9grkuwNdUSKuM8saJznm6QI45UB0LIsbtEWrUb2V33ww5uYypvlMAUpuPIxJtCtoLfdHOQaXcyTEnGLX-hlE2Pv2NHUnt6x-p1ziHbnCf3BIr4fjbEThnI4LHetyFM7xD_-MhI37jzMQ",
    "token_expiry": "2022-04-30T18:58:11Z"
  },
  "sentinels": {
    "config_sentinel": "/Users/britton.jenner/.config/gcloud/config_sentinel"
  }
}
2022-04-30 13:58:12,875 INFO     ___FILE_ONLY___ 

2022-04-30 13:58:12,881 DEBUG    root            Metrics reporting process started...
