2022-04-30 16:31:48,647 DEBUG    root            Loaded Command Group: ['gcloud', 'config']
2022-04-30 16:31:48,648 DEBUG    root            Loaded Command Group: ['gcloud', 'config', 'config_helper']
2022-04-30 16:31:48,649 DEBUG    root            Running [gcloud.config.config-helper] with arguments: [--format: "json", --min-expiry: "3600"]
2022-04-30 16:31:48,671 DEBUG    google.auth.transport.requests Making request: POST https://oauth2.googleapis.com/token
2022-04-30 16:31:48,713 DEBUG    urllib3.connectionpool Starting new HTTPS connection (1): oauth2.googleapis.com:443
2022-04-30 16:31:48,818 DEBUG    urllib3.connectionpool https://oauth2.googleapis.com:443 "POST /token HTTP/1.1" 200 None
2022-04-30 16:31:48,819 DEBUG    google.auth.transport.requests Making request: POST https://oauth2.googleapis.com/token
2022-04-30 16:31:48,821 DEBUG    urllib3.connectionpool Starting new HTTPS connection (1): oauth2.googleapis.com:443
2022-04-30 16:31:48,927 DEBUG    urllib3.connectionpool https://oauth2.googleapis.com:443 "POST /token HTTP/1.1" 200 None
2022-04-30 16:31:48,930 INFO     root            Display format: "default json"
2022-04-30 16:31:48,930 INFO     ___FILE_ONLY___ {
  "configuration": {
    "active_configuration": "default",
    "properties": {
      "compute": {
        "zone": "us-central1"
      },
      "core": {
        "account": "britton.jenner@crowdriff.com",
        "disable_usage_reporting": "False",
        "project": "crowdriff-stories-dev"
      }
    }
  },
  "credential": {
    "access_token": "ya29.A0ARrdaM9lf7DZAZK_YBkZ7VpxymIkK5NOdOj78CNwGKYEN5jK9JIQ5qFuuUVT3cpky3ihfV3-8fsTn13omDgfWi-KfjL7z-6-I3xvuLvR4pqvjEzh77oAP3Nsxu2XLt977K3UenVx00G8Wra7SaBhT4EvRsqsoBLNEUi_gXY",
    "id_token": "eyJhbGciOiJSUzI1NiIsImtpZCI6Ijg2MTY0OWU0NTAzMTUzODNmNmI5ZDUxMGI3Y2Q0ZTkyMjZjM2NkODgiLCJ0eXAiOiJKV1QifQ.eyJpc3MiOiJodHRwczovL2FjY291bnRzLmdvb2dsZS5jb20iLCJhenAiOiIzMjU1NTk0MDU1OS5hcHBzLmdvb2dsZXVzZXJjb250ZW50LmNvbSIsImF1ZCI6IjMyNTU1OTQwNTU5LmFwcHMuZ29vZ2xldXNlcmNvbnRlbnQuY29tIiwic3ViIjoiMTA0NzU3Njk2MTMwOTc4MTMyNDM4IiwiaGQiOiJjcm93ZHJpZmYuY29tIiwiZW1haWwiOiJicml0dG9uLmplbm5lckBjcm93ZHJpZmYuY29tIiwiZW1haWxfdmVyaWZpZWQiOnRydWUsImF0X2hhc2giOiJlYUViVlFkUjZRTnBhQ2hBY0N5WWNRIiwiaWF0IjoxNjUxMzUwNzA4LCJleHAiOjE2NTEzNTQzMDh9.iYtrJrH1zyeFCr6esUMxVIw8zuha61L9cIq2E3lMtDoHIj8EVXozh8lk3jrxKNwcNispnnAYB_qxGuAS2GuHDpSOUTOfAhwwvOuQEOQ9uUXH0QAPTyxvL8qCWcPrxpWUn9HE7TB9ovHzLiOI_jRm7kxizkt75fbU2MPAt9bSzkDU2NeX9c2DGzZTYw689JQlVgaHFQ5Fs3YqBFeVhVn47ypC7masGmJDNEJal5vnpG92OZpIauSDo48nlT3ZaL3EIuiniI51Z1ZNs-IyKAswaUaXKDkp1M5f80knguxLmKSukGlUPPFSKGFlkI6DKQNevsLOfWsyHhGu_etzwhI55Q",
    "token_expiry": "2022-04-30T21:31:47Z"
  },
  "sentinels": {
    "config_sentinel": "/Users/britton.jenner/.config/gcloud/config_sentinel"
  }
}
2022-04-30 16:31:48,930 INFO     ___FILE_ONLY___ 

2022-04-30 16:31:48,931 DEBUG    root            Checking for updates...
2022-04-30 16:31:48,966 DEBUG    urllib3.connectionpool Starting new HTTPS connection (1): dl.google.com:443
2022-04-30 16:31:49,052 DEBUG    urllib3.connectionpool https://dl.google.com:443 "GET /dl/cloudsdk/channels/rapid/components-2.json HTTP/1.1" 200 187078
2022-04-30 16:31:49,101 DEBUG    root            Metrics reporting process started...
