2022-04-30 21:56:21,998 DEBUG    root            Loaded Command Group: ['gcloud', 'config']
2022-04-30 21:56:22,000 DEBUG    root            Loaded Command Group: ['gcloud', 'config', 'config_helper']
2022-04-30 21:56:22,001 DEBUG    root            Running [gcloud.config.config-helper] with arguments: [--format: "json", --min-expiry: "3600"]
2022-04-30 21:56:22,011 DEBUG    google.auth.transport.requests Making request: POST https://oauth2.googleapis.com/token
2022-04-30 21:56:22,061 DEBUG    urllib3.connectionpool Starting new HTTPS connection (1): oauth2.googleapis.com:443
2022-04-30 21:56:22,166 DEBUG    urllib3.connectionpool https://oauth2.googleapis.com:443 "POST /token HTTP/1.1" 200 None
2022-04-30 21:56:22,170 DEBUG    google.auth.transport.requests Making request: POST https://oauth2.googleapis.com/token
2022-04-30 21:56:22,171 DEBUG    urllib3.connectionpool Starting new HTTPS connection (1): oauth2.googleapis.com:443
2022-04-30 21:56:22,274 DEBUG    urllib3.connectionpool https://oauth2.googleapis.com:443 "POST /token HTTP/1.1" 200 None
2022-04-30 21:56:22,276 INFO     root            Display format: "default json"
2022-04-30 21:56:22,277 INFO     ___FILE_ONLY___ {
  "configuration": {
    "active_configuration": "default",
    "properties": {
      "compute": {
        "zone": "us-central1"
      },
      "core": {
        "account": "britton.jenner@crowdriff.com",
        "disable_usage_reporting": "False",
        "project": "crowdriff-stories-dev"
      }
    }
  },
  "credential": {
    "access_token": "ya29.A0ARrdaM9E4Sl2yAq044Br53vGNvlXn8ddpjG_7mxiwvZE5xwJZ3dF1hLS4SMu7A0oSTew--gM1eumbZ6cG5ANU4nFjOJJp8r-d_vBdPUPDQFo1vKrg3pR1KVYEXCAdURHtVX0_3SiQj03Uce_Mr673pufabt_zs4fR1Xf18s",
    "id_token": "eyJhbGciOiJSUzI1NiIsImtpZCI6Ijg2MTY0OWU0NTAzMTUzODNmNmI5ZDUxMGI3Y2Q0ZTkyMjZjM2NkODgiLCJ0eXAiOiJKV1QifQ.eyJpc3MiOiJodHRwczovL2FjY291bnRzLmdvb2dsZS5jb20iLCJhenAiOiIzMjU1NTk0MDU1OS5hcHBzLmdvb2dsZXVzZXJjb250ZW50LmNvbSIsImF1ZCI6IjMyNTU1OTQwNTU5LmFwcHMuZ29vZ2xldXNlcmNvbnRlbnQuY29tIiwic3ViIjoiMTA0NzU3Njk2MTMwOTc4MTMyNDM4IiwiaGQiOiJjcm93ZHJpZmYuY29tIiwiZW1haWwiOiJicml0dG9uLmplbm5lckBjcm93ZHJpZmYuY29tIiwiZW1haWxfdmVyaWZpZWQiOnRydWUsImF0X2hhc2giOiJtckVhaFFXdXRpajVvRDZqdTViM3ZRIiwiaWF0IjoxNjUxMzcwMTgyLCJleHAiOjE2NTEzNzM3ODJ9.gKWo65xR5GK78MhuVZy6Hy7h9p-d038it1YrBnc4Bw5ZVlmwXZMmnwDOKdAf73vhGp9iBoZJbDR3BBbBup_6HS6AepaH6kiVDdL5dxlxEqPsHQk49ux_tTNrCRb04TLOfrjqhrh74POg-JIBVyNL4t3AYTz64SKCNklbMw5EYfeUuJgG5YWXcY-Smpt30uUPiryBfNIo62ZDOhtXtuW80FrolYmhvzJ-bMnp9whaQ0qltkJXjD73B3PO-YJbSL2XoBmKHYayFNXHD-h01tmeZSxicvjb6-113hFMxHpd_zc67wje5J2kl6RKF1bOqVHOt52FQ7z7A-Y73A7AFhK2kA",
    "token_expiry": "2022-05-01T02:56:21Z"
  },
  "sentinels": {
    "config_sentinel": "/Users/britton.jenner/.config/gcloud/config_sentinel"
  }
}
2022-04-30 21:56:22,277 INFO     ___FILE_ONLY___ 

2022-04-30 21:56:22,283 DEBUG    root            Metrics reporting process started...
