2022-05-18 11:01:02,297 DEBUG    root            Loaded Command Group: ['gcloud', 'config']
2022-05-18 11:01:02,299 DEBUG    root            Loaded Command Group: ['gcloud', 'config', 'config_helper']
2022-05-18 11:01:02,300 DEBUG    root            Running [gcloud.config.config-helper] with arguments: [--format: "json"]
2022-05-18 11:01:02,305 INFO     root            Display format: "default json"
2022-05-18 11:01:02,305 INFO     ___FILE_ONLY___ {
  "configuration": {
    "active_configuration": "default",
    "properties": {
      "compute": {
        "zone": "us-central1"
      },
      "core": {
        "account": "britton.jenner@crowdriff.com",
        "disable_usage_reporting": "False",
        "project": "crowdriff-stories-dev"
      }
    }
  },
  "credential": {
    "access_token": "ya29.a0ARrdaM_peomNTSny4AE5FWoIu5IpKIPU0qBnWfzgN3HEdx7ILQgkOu_QiGUuvvMcwkzAZI-oBtStH-fPQuV1vDNvDXcPlMI1GRXbE2TAUwLLYM1p21hOFJmQoV9qSS195Gr_xf6GQAk7Dp8i2C0mYqrbuR5ZZpJSsLhXl_w",
    "id_token": "eyJhbGciOiJSUzI1NiIsImtpZCI6ImIxYTgyNTllYjA3NjYwZWYyMzc4MWM4NWI3ODQ5YmZhMGExYzgwNmMiLCJ0eXAiOiJKV1QifQ.eyJpc3MiOiJodHRwczovL2FjY291bnRzLmdvb2dsZS5jb20iLCJhenAiOiIzMjU1NTk0MDU1OS5hcHBzLmdvb2dsZXVzZXJjb250ZW50LmNvbSIsImF1ZCI6IjMyNTU1OTQwNTU5LmFwcHMuZ29vZ2xldXNlcmNvbnRlbnQuY29tIiwic3ViIjoiMTA0NzU3Njk2MTMwOTc4MTMyNDM4IiwiaGQiOiJjcm93ZHJpZmYuY29tIiwiZW1haWwiOiJicml0dG9uLmplbm5lckBjcm93ZHJpZmYuY29tIiwiZW1haWxfdmVyaWZpZWQiOnRydWUsImF0X2hhc2giOiJTZmt2eEJtQWVZMGlBOUUxTUNyQkZ3IiwiaWF0IjoxNjUyODg1OTA3LCJleHAiOjE2NTI4ODk1MDd9.s7MvU0uim7kOqakzIzA9S4NjuMQgMyhe-xS3Rmu9gRFbh5DU9Pu4lc8CoHCuHb7q1V5Xp7Ii8GDQDLvfBaKriaIU-MMhHVU01jjB51SwRtFlil3UMY2XMkKuEcVyM1la2hAOiQ7wGAy_LDFWWlu7UWVjKcrwJkU3Kly5WaT7ImKm_OTX1T2brHSAeiCinxWQMU_6zX3pEJXIas1_to0ndg7_Ws0I5z5eaC6UD1ZK5kZ5j9hnM1JKp4Uk_j2pmaJkHNHzto_yS205jGAORqeDQezlZ7Vz-x9Ai2OaSv7pB95SIE0i0AZ0to4c06jF9zDm6KuerA0t8gXFwf3UHeFkdw",
    "token_expiry": "2022-05-18T15:58:26Z"
  },
  "sentinels": {
    "config_sentinel": "/Users/britton.jenner/.config/gcloud/config_sentinel"
  }
}
2022-05-18 11:01:02,305 INFO     ___FILE_ONLY___ 

2022-05-18 11:01:02,310 DEBUG    root            Metrics reporting process started...
