2022-05-18 17:08:30,241 DEBUG    root            Loaded Command Group: ['gcloud', 'functions']
2022-05-18 17:08:30,292 DEBUG    root            Loaded Command Group: ['gcloud', 'functions', 'deploy']
2022-05-18 17:08:30,301 DEBUG    root            Running [gcloud.functions.deploy] with arguments: [--entry-point: "entrypoint", --env-vars-file: "{'NODE_ENV': 'production', 'NODE_PATH': '.', 'GATEWAY_BASE': 'https://story-network-gateway.crowdriff.com', 'SERVICE_ACCOUNT': 'github-actions@crowdriff-stories-prod.iam.gserviceaccount.com', 'GOOGLE_CLOUD_PROJECT': 'crowdriff-stories-prod'}", --memory: "256Mi", --runtime: "nodejs14", --source: "dist/", --timeout: "540", --trigger-topic: "stories-es-sync", NAME: "stories-es-sync"]
2022-05-18 17:08:30,348 DEBUG    urllib3.connectionpool Starting new HTTPS connection (1): cloudfunctions.googleapis.com:443
2022-05-18 17:08:30,562 DEBUG    urllib3.connectionpool https://cloudfunctions.googleapis.com:443 "GET /v1/projects/crowdriff-stories-dev/locations/us-central1/functions/stories-es-sync?alt=json HTTP/1.1" 200 None
2022-05-18 17:08:30,571 INFO     root            Not using ignore file.
2022-05-18 17:08:30,572 INFO     root            Not using ignore file.
2022-05-18 17:08:30,592 DEBUG    urllib3.connectionpool Starting new HTTPS connection (1): cloudfunctions.googleapis.com:443
2022-05-18 17:08:31,181 DEBUG    urllib3.connectionpool https://cloudfunctions.googleapis.com:443 "POST /v1/projects/crowdriff-stories-dev/locations/us-central1/functions:generateUploadUrl?alt=json HTTP/1.1" 200 None
2022-05-18 17:08:31,225 DEBUG    urllib3.connectionpool Starting new HTTPS connection (1): storage.googleapis.com:443
2022-05-18 17:08:31,610 DEBUG    urllib3.connectionpool https://storage.googleapis.com:443 "PUT /uploads-556841579775.us-central1.cloudfunctions.appspot.com/bdea38a3-3e0e-44e3-a4bb-381ee03bf048.zip?GoogleAccessId=service-31098141265%40gcf-admin-robot.iam.gserviceaccount.com&Expires=1652909911&Signature=KmKzFSFzMx7qMad1gcvMDr48BFGk4hxjM0zWvqeymCW%2Bf5uVpLYbHhZ%2BLKe1FI4Ek3t25ev6q0%2BZbasfH3KzjLxsyPuKBf9xnO2ItyZbF8Zb7pa589qxV%2Br3mMGAydh62BLp6YgrcnE53YCXpxc6ueDPMv6j%2BMYZLpTEJT4PNI6IiIp%2FLbSOY1yQyZ9oqGxiAPBcChP3Nsg64Esg0TveegsUE1Bvi0Jdw8mw7yYvMG%2F%2BH%2B91YN%2BvxX0eSaVSqTiM0w1MSQIrFlGOPftUw8jsgUIE%2BFbAwwh8TN2dW1qONprO07WJZ2Wuu3ZM%2B9%2Fm3erPKPXE6iPPZGaYY3Y4miDNng%3D%3D HTTP/1.1" 200 0
2022-05-18 17:08:31,628 DEBUG    urllib3.connectionpool Starting new HTTPS connection (1): cloudfunctions.googleapis.com:443
2022-05-18 17:08:32,123 DEBUG    urllib3.connectionpool https://cloudfunctions.googleapis.com:443 "PATCH /v1/projects/crowdriff-stories-dev/locations/us-central1/functions/stories-es-sync?alt=json&updateMask=availableMemoryMb%2CentryPoint%2CenvironmentVariables%2CeventTrigger%2ChttpsTrigger%2Cruntime%2CsourceUploadUrl%2Ctimeout HTTP/1.1" 200 None
2022-05-18 17:08:32,134 INFO     ___FILE_ONLY___ Deploying function (may take a while - up to 2 minutes)...
2022-05-18 17:08:32,138 DEBUG    urllib3.connectionpool Starting new HTTPS connection (1): cloudfunctions.googleapis.com:443
2022-05-18 17:08:32,342 DEBUG    urllib3.connectionpool https://cloudfunctions.googleapis.com:443 "GET /v1/operations/Y3Jvd2RyaWZmLXN0b3JpZXMtZGV2L3VzLWNlbnRyYWwxL3N0b3JpZXMtZXMtc3luYy9aT1ZaazhNSUhEcw?alt=json HTTP/1.1" 200 None
2022-05-18 17:08:34,017 DEBUG    urllib3.connectionpool https://cloudfunctions.googleapis.com:443 "GET /v1/operations/Y3Jvd2RyaWZmLXN0b3JpZXMtZGV2L3VzLWNlbnRyYWwxL3N0b3JpZXMtZXMtc3luYy9aT1ZaazhNSUhEcw?alt=json HTTP/1.1" 200 None
2022-05-18 17:08:34,026 INFO     ___FILE_ONLY___ 
For Cloud Build Logs, visit: https://console.cloud.google.com/cloud-build/builds;region=us-central1/40f3b553-b389-4cc1-b6b8-51f12ab81e17?project=31098141265

2022-05-18 17:08:35,534 DEBUG    urllib3.connectionpool https://cloudfunctions.googleapis.com:443 "GET /v1/operations/Y3Jvd2RyaWZmLXN0b3JpZXMtZGV2L3VzLWNlbnRyYWwxL3N0b3JpZXMtZXMtc3luYy9aT1ZaazhNSUhEcw?alt=json HTTP/1.1" 200 None
2022-05-18 17:08:37,444 DEBUG    urllib3.connectionpool https://cloudfunctions.googleapis.com:443 "GET /v1/operations/Y3Jvd2RyaWZmLXN0b3JpZXMtZGV2L3VzLWNlbnRyYWwxL3N0b3JpZXMtZXMtc3luYy9aT1ZaazhNSUhEcw?alt=json HTTP/1.1" 200 None
2022-05-18 17:08:38,654 DEBUG    urllib3.connectionpool https://cloudfunctions.googleapis.com:443 "GET /v1/operations/Y3Jvd2RyaWZmLXN0b3JpZXMtZGV2L3VzLWNlbnRyYWwxL3N0b3JpZXMtZXMtc3luYy9aT1ZaazhNSUhEcw?alt=json HTTP/1.1" 200 None
2022-05-18 17:08:40,610 DEBUG    urllib3.connectionpool https://cloudfunctions.googleapis.com:443 "GET /v1/operations/Y3Jvd2RyaWZmLXN0b3JpZXMtZGV2L3VzLWNlbnRyYWwxL3N0b3JpZXMtZXMtc3luYy9aT1ZaazhNSUhEcw?alt=json HTTP/1.1" 200 None
2022-05-18 17:08:41,980 DEBUG    urllib3.connectionpool https://cloudfunctions.googleapis.com:443 "GET /v1/operations/Y3Jvd2RyaWZmLXN0b3JpZXMtZGV2L3VzLWNlbnRyYWwxL3N0b3JpZXMtZXMtc3luYy9aT1ZaazhNSUhEcw?alt=json HTTP/1.1" 200 None
2022-05-18 17:08:43,919 DEBUG    urllib3.connectionpool https://cloudfunctions.googleapis.com:443 "GET /v1/operations/Y3Jvd2RyaWZmLXN0b3JpZXMtZGV2L3VzLWNlbnRyYWwxL3N0b3JpZXMtZXMtc3luYy9aT1ZaazhNSUhEcw?alt=json HTTP/1.1" 200 None
2022-05-18 17:08:45,953 DEBUG    urllib3.connectionpool https://cloudfunctions.googleapis.com:443 "GET /v1/operations/Y3Jvd2RyaWZmLXN0b3JpZXMtZGV2L3VzLWNlbnRyYWwxL3N0b3JpZXMtZXMtc3luYy9aT1ZaazhNSUhEcw?alt=json HTTP/1.1" 200 None
2022-05-18 17:08:47,275 DEBUG    urllib3.connectionpool https://cloudfunctions.googleapis.com:443 "GET /v1/operations/Y3Jvd2RyaWZmLXN0b3JpZXMtZGV2L3VzLWNlbnRyYWwxL3N0b3JpZXMtZXMtc3luYy9aT1ZaazhNSUhEcw?alt=json HTTP/1.1" 200 None
2022-05-18 17:08:48,797 DEBUG    urllib3.connectionpool https://cloudfunctions.googleapis.com:443 "GET /v1/operations/Y3Jvd2RyaWZmLXN0b3JpZXMtZGV2L3VzLWNlbnRyYWwxL3N0b3JpZXMtZXMtc3luYy9aT1ZaazhNSUhEcw?alt=json HTTP/1.1" 200 None
2022-05-18 17:08:50,435 DEBUG    urllib3.connectionpool https://cloudfunctions.googleapis.com:443 "GET /v1/operations/Y3Jvd2RyaWZmLXN0b3JpZXMtZGV2L3VzLWNlbnRyYWwxL3N0b3JpZXMtZXMtc3luYy9aT1ZaazhNSUhEcw?alt=json HTTP/1.1" 200 None
2022-05-18 17:08:52,297 DEBUG    urllib3.connectionpool https://cloudfunctions.googleapis.com:443 "GET /v1/operations/Y3Jvd2RyaWZmLXN0b3JpZXMtZGV2L3VzLWNlbnRyYWwxL3N0b3JpZXMtZXMtc3luYy9aT1ZaazhNSUhEcw?alt=json HTTP/1.1" 200 None
2022-05-18 17:08:53,744 DEBUG    urllib3.connectionpool https://cloudfunctions.googleapis.com:443 "GET /v1/operations/Y3Jvd2RyaWZmLXN0b3JpZXMtZGV2L3VzLWNlbnRyYWwxL3N0b3JpZXMtZXMtc3luYy9aT1ZaazhNSUhEcw?alt=json HTTP/1.1" 200 None
2022-05-18 17:08:55,557 DEBUG    urllib3.connectionpool https://cloudfunctions.googleapis.com:443 "GET /v1/operations/Y3Jvd2RyaWZmLXN0b3JpZXMtZGV2L3VzLWNlbnRyYWwxL3N0b3JpZXMtZXMtc3luYy9aT1ZaazhNSUhEcw?alt=json HTTP/1.1" 200 None
2022-05-18 17:08:57,553 DEBUG    urllib3.connectionpool https://cloudfunctions.googleapis.com:443 "GET /v1/operations/Y3Jvd2RyaWZmLXN0b3JpZXMtZGV2L3VzLWNlbnRyYWwxL3N0b3JpZXMtZXMtc3luYy9aT1ZaazhNSUhEcw?alt=json HTTP/1.1" 200 None
2022-05-18 17:08:59,151 DEBUG    urllib3.connectionpool https://cloudfunctions.googleapis.com:443 "GET /v1/operations/Y3Jvd2RyaWZmLXN0b3JpZXMtZGV2L3VzLWNlbnRyYWwxL3N0b3JpZXMtZXMtc3luYy9aT1ZaazhNSUhEcw?alt=json HTTP/1.1" 200 None
2022-05-18 17:09:00,438 DEBUG    urllib3.connectionpool https://cloudfunctions.googleapis.com:443 "GET /v1/operations/Y3Jvd2RyaWZmLXN0b3JpZXMtZGV2L3VzLWNlbnRyYWwxL3N0b3JpZXMtZXMtc3luYy9aT1ZaazhNSUhEcw?alt=json HTTP/1.1" 200 None
2022-05-18 17:09:02,378 DEBUG    urllib3.connectionpool https://cloudfunctions.googleapis.com:443 "GET /v1/operations/Y3Jvd2RyaWZmLXN0b3JpZXMtZGV2L3VzLWNlbnRyYWwxL3N0b3JpZXMtZXMtc3luYy9aT1ZaazhNSUhEcw?alt=json HTTP/1.1" 200 None
2022-05-18 17:09:04,168 DEBUG    urllib3.connectionpool https://cloudfunctions.googleapis.com:443 "GET /v1/operations/Y3Jvd2RyaWZmLXN0b3JpZXMtZGV2L3VzLWNlbnRyYWwxL3N0b3JpZXMtZXMtc3luYy9aT1ZaazhNSUhEcw?alt=json HTTP/1.1" 200 None
2022-05-18 17:09:06,075 DEBUG    urllib3.connectionpool https://cloudfunctions.googleapis.com:443 "GET /v1/operations/Y3Jvd2RyaWZmLXN0b3JpZXMtZGV2L3VzLWNlbnRyYWwxL3N0b3JpZXMtZXMtc3luYy9aT1ZaazhNSUhEcw?alt=json HTTP/1.1" 200 None
2022-05-18 17:09:07,818 DEBUG    urllib3.connectionpool https://cloudfunctions.googleapis.com:443 "GET /v1/operations/Y3Jvd2RyaWZmLXN0b3JpZXMtZGV2L3VzLWNlbnRyYWwxL3N0b3JpZXMtZXMtc3luYy9aT1ZaazhNSUhEcw?alt=json HTTP/1.1" 200 None
2022-05-18 17:09:09,781 DEBUG    urllib3.connectionpool https://cloudfunctions.googleapis.com:443 "GET /v1/operations/Y3Jvd2RyaWZmLXN0b3JpZXMtZGV2L3VzLWNlbnRyYWwxL3N0b3JpZXMtZXMtc3luYy9aT1ZaazhNSUhEcw?alt=json HTTP/1.1" 200 None
2022-05-18 17:09:11,315 DEBUG    urllib3.connectionpool https://cloudfunctions.googleapis.com:443 "GET /v1/operations/Y3Jvd2RyaWZmLXN0b3JpZXMtZGV2L3VzLWNlbnRyYWwxL3N0b3JpZXMtZXMtc3luYy9aT1ZaazhNSUhEcw?alt=json HTTP/1.1" 200 None
2022-05-18 17:09:13,200 DEBUG    urllib3.connectionpool https://cloudfunctions.googleapis.com:443 "GET /v1/operations/Y3Jvd2RyaWZmLXN0b3JpZXMtZGV2L3VzLWNlbnRyYWwxL3N0b3JpZXMtZXMtc3luYy9aT1ZaazhNSUhEcw?alt=json HTTP/1.1" 200 None
2022-05-18 17:09:14,754 DEBUG    urllib3.connectionpool https://cloudfunctions.googleapis.com:443 "GET /v1/operations/Y3Jvd2RyaWZmLXN0b3JpZXMtZGV2L3VzLWNlbnRyYWwxL3N0b3JpZXMtZXMtc3luYy9aT1ZaazhNSUhEcw?alt=json HTTP/1.1" 200 None
2022-05-18 17:09:16,785 DEBUG    urllib3.connectionpool https://cloudfunctions.googleapis.com:443 "GET /v1/operations/Y3Jvd2RyaWZmLXN0b3JpZXMtZGV2L3VzLWNlbnRyYWwxL3N0b3JpZXMtZXMtc3luYy9aT1ZaazhNSUhEcw?alt=json HTTP/1.1" 200 None
2022-05-18 17:09:18,056 DEBUG    urllib3.connectionpool https://cloudfunctions.googleapis.com:443 "GET /v1/operations/Y3Jvd2RyaWZmLXN0b3JpZXMtZGV2L3VzLWNlbnRyYWwxL3N0b3JpZXMtZXMtc3luYy9aT1ZaazhNSUhEcw?alt=json HTTP/1.1" 200 None
2022-05-18 17:09:19,359 DEBUG    urllib3.connectionpool https://cloudfunctions.googleapis.com:443 "GET /v1/operations/Y3Jvd2RyaWZmLXN0b3JpZXMtZGV2L3VzLWNlbnRyYWwxL3N0b3JpZXMtZXMtc3luYy9aT1ZaazhNSUhEcw?alt=json HTTP/1.1" 200 None
2022-05-18 17:09:20,697 DEBUG    urllib3.connectionpool https://cloudfunctions.googleapis.com:443 "GET /v1/operations/Y3Jvd2RyaWZmLXN0b3JpZXMtZGV2L3VzLWNlbnRyYWwxL3N0b3JpZXMtZXMtc3luYy9aT1ZaazhNSUhEcw?alt=json HTTP/1.1" 200 None
2022-05-18 17:09:22,128 DEBUG    urllib3.connectionpool https://cloudfunctions.googleapis.com:443 "GET /v1/operations/Y3Jvd2RyaWZmLXN0b3JpZXMtZGV2L3VzLWNlbnRyYWwxL3N0b3JpZXMtZXMtc3luYy9aT1ZaazhNSUhEcw?alt=json HTTP/1.1" 200 None
2022-05-18 17:09:23,937 DEBUG    urllib3.connectionpool https://cloudfunctions.googleapis.com:443 "GET /v1/operations/Y3Jvd2RyaWZmLXN0b3JpZXMtZGV2L3VzLWNlbnRyYWwxL3N0b3JpZXMtZXMtc3luYy9aT1ZaazhNSUhEcw?alt=json HTTP/1.1" 200 None
2022-05-18 17:09:25,367 DEBUG    urllib3.connectionpool https://cloudfunctions.googleapis.com:443 "GET /v1/operations/Y3Jvd2RyaWZmLXN0b3JpZXMtZGV2L3VzLWNlbnRyYWwxL3N0b3JpZXMtZXMtc3luYy9aT1ZaazhNSUhEcw?alt=json HTTP/1.1" 200 None
2022-05-18 17:09:26,936 DEBUG    urllib3.connectionpool https://cloudfunctions.googleapis.com:443 "GET /v1/operations/Y3Jvd2RyaWZmLXN0b3JpZXMtZGV2L3VzLWNlbnRyYWwxL3N0b3JpZXMtZXMtc3luYy9aT1ZaazhNSUhEcw?alt=json HTTP/1.1" 200 None
2022-05-18 17:09:28,245 DEBUG    urllib3.connectionpool https://cloudfunctions.googleapis.com:443 "GET /v1/operations/Y3Jvd2RyaWZmLXN0b3JpZXMtZGV2L3VzLWNlbnRyYWwxL3N0b3JpZXMtZXMtc3luYy9aT1ZaazhNSUhEcw?alt=json HTTP/1.1" 200 None
2022-05-18 17:09:29,980 DEBUG    urllib3.connectionpool https://cloudfunctions.googleapis.com:443 "GET /v1/operations/Y3Jvd2RyaWZmLXN0b3JpZXMtZGV2L3VzLWNlbnRyYWwxL3N0b3JpZXMtZXMtc3luYy9aT1ZaazhNSUhEcw?alt=json HTTP/1.1" 200 None
2022-05-18 17:09:31,344 DEBUG    urllib3.connectionpool https://cloudfunctions.googleapis.com:443 "GET /v1/operations/Y3Jvd2RyaWZmLXN0b3JpZXMtZGV2L3VzLWNlbnRyYWwxL3N0b3JpZXMtZXMtc3luYy9aT1ZaazhNSUhEcw?alt=json HTTP/1.1" 200 None
2022-05-18 17:09:33,177 DEBUG    urllib3.connectionpool https://cloudfunctions.googleapis.com:443 "GET /v1/operations/Y3Jvd2RyaWZmLXN0b3JpZXMtZGV2L3VzLWNlbnRyYWwxL3N0b3JpZXMtZXMtc3luYy9aT1ZaazhNSUhEcw?alt=json HTTP/1.1" 200 None
2022-05-18 17:09:34,465 DEBUG    urllib3.connectionpool https://cloudfunctions.googleapis.com:443 "GET /v1/operations/Y3Jvd2RyaWZmLXN0b3JpZXMtZGV2L3VzLWNlbnRyYWwxL3N0b3JpZXMtZXMtc3luYy9aT1ZaazhNSUhEcw?alt=json HTTP/1.1" 200 None
2022-05-18 17:09:35,992 DEBUG    urllib3.connectionpool https://cloudfunctions.googleapis.com:443 "GET /v1/operations/Y3Jvd2RyaWZmLXN0b3JpZXMtZGV2L3VzLWNlbnRyYWwxL3N0b3JpZXMtZXMtc3luYy9aT1ZaazhNSUhEcw?alt=json HTTP/1.1" 200 None
2022-05-18 17:09:38,066 DEBUG    urllib3.connectionpool https://cloudfunctions.googleapis.com:443 "GET /v1/operations/Y3Jvd2RyaWZmLXN0b3JpZXMtZGV2L3VzLWNlbnRyYWwxL3N0b3JpZXMtZXMtc3luYy9aT1ZaazhNSUhEcw?alt=json HTTP/1.1" 200 None
2022-05-18 17:09:40,114 DEBUG    urllib3.connectionpool https://cloudfunctions.googleapis.com:443 "GET /v1/operations/Y3Jvd2RyaWZmLXN0b3JpZXMtZGV2L3VzLWNlbnRyYWwxL3N0b3JpZXMtZXMtc3luYy9aT1ZaazhNSUhEcw?alt=json HTTP/1.1" 200 None
2022-05-18 17:09:41,345 DEBUG    urllib3.connectionpool https://cloudfunctions.googleapis.com:443 "GET /v1/operations/Y3Jvd2RyaWZmLXN0b3JpZXMtZGV2L3VzLWNlbnRyYWwxL3N0b3JpZXMtZXMtc3luYy9aT1ZaazhNSUhEcw?alt=json HTTP/1.1" 200 None
2022-05-18 17:09:42,617 DEBUG    urllib3.connectionpool https://cloudfunctions.googleapis.com:443 "GET /v1/operations/Y3Jvd2RyaWZmLXN0b3JpZXMtZGV2L3VzLWNlbnRyYWwxL3N0b3JpZXMtZXMtc3luYy9aT1ZaazhNSUhEcw?alt=json HTTP/1.1" 200 None
2022-05-18 17:09:44,322 DEBUG    urllib3.connectionpool https://cloudfunctions.googleapis.com:443 "GET /v1/operations/Y3Jvd2RyaWZmLXN0b3JpZXMtZGV2L3VzLWNlbnRyYWwxL3N0b3JpZXMtZXMtc3luYy9aT1ZaazhNSUhEcw?alt=json HTTP/1.1" 200 None
2022-05-18 17:09:45,718 DEBUG    urllib3.connectionpool https://cloudfunctions.googleapis.com:443 "GET /v1/operations/Y3Jvd2RyaWZmLXN0b3JpZXMtZGV2L3VzLWNlbnRyYWwxL3N0b3JpZXMtZXMtc3luYy9aT1ZaazhNSUhEcw?alt=json HTTP/1.1" 200 None
2022-05-18 17:09:47,031 DEBUG    urllib3.connectionpool https://cloudfunctions.googleapis.com:443 "GET /v1/operations/Y3Jvd2RyaWZmLXN0b3JpZXMtZGV2L3VzLWNlbnRyYWwxL3N0b3JpZXMtZXMtc3luYy9aT1ZaazhNSUhEcw?alt=json HTTP/1.1" 200 None
2022-05-18 17:09:48,868 DEBUG    urllib3.connectionpool https://cloudfunctions.googleapis.com:443 "GET /v1/operations/Y3Jvd2RyaWZmLXN0b3JpZXMtZGV2L3VzLWNlbnRyYWwxL3N0b3JpZXMtZXMtc3luYy9aT1ZaazhNSUhEcw?alt=json HTTP/1.1" 200 None
2022-05-18 17:09:50,758 DEBUG    urllib3.connectionpool https://cloudfunctions.googleapis.com:443 "GET /v1/operations/Y3Jvd2RyaWZmLXN0b3JpZXMtZGV2L3VzLWNlbnRyYWwxL3N0b3JpZXMtZXMtc3luYy9aT1ZaazhNSUhEcw?alt=json HTTP/1.1" 200 None
2022-05-18 17:09:52,881 DEBUG    urllib3.connectionpool https://cloudfunctions.googleapis.com:443 "GET /v1/operations/Y3Jvd2RyaWZmLXN0b3JpZXMtZGV2L3VzLWNlbnRyYWwxL3N0b3JpZXMtZXMtc3luYy9aT1ZaazhNSUhEcw?alt=json HTTP/1.1" 200 None
2022-05-18 17:09:54,471 DEBUG    urllib3.connectionpool https://cloudfunctions.googleapis.com:443 "GET /v1/operations/Y3Jvd2RyaWZmLXN0b3JpZXMtZGV2L3VzLWNlbnRyYWwxL3N0b3JpZXMtZXMtc3luYy9aT1ZaazhNSUhEcw?alt=json HTTP/1.1" 200 None
2022-05-18 17:09:55,994 DEBUG    urllib3.connectionpool https://cloudfunctions.googleapis.com:443 "GET /v1/operations/Y3Jvd2RyaWZmLXN0b3JpZXMtZGV2L3VzLWNlbnRyYWwxL3N0b3JpZXMtZXMtc3luYy9aT1ZaazhNSUhEcw?alt=json HTTP/1.1" 200 None
2022-05-18 17:09:57,380 DEBUG    urllib3.connectionpool https://cloudfunctions.googleapis.com:443 "GET /v1/operations/Y3Jvd2RyaWZmLXN0b3JpZXMtZGV2L3VzLWNlbnRyYWwxL3N0b3JpZXMtZXMtc3luYy9aT1ZaazhNSUhEcw?alt=json HTTP/1.1" 200 None
2022-05-18 17:09:59,207 DEBUG    urllib3.connectionpool https://cloudfunctions.googleapis.com:443 "GET /v1/operations/Y3Jvd2RyaWZmLXN0b3JpZXMtZGV2L3VzLWNlbnRyYWwxL3N0b3JpZXMtZXMtc3luYy9aT1ZaazhNSUhEcw?alt=json HTTP/1.1" 200 None
2022-05-18 17:10:00,524 DEBUG    urllib3.connectionpool https://cloudfunctions.googleapis.com:443 "GET /v1/operations/Y3Jvd2RyaWZmLXN0b3JpZXMtZGV2L3VzLWNlbnRyYWwxL3N0b3JpZXMtZXMtc3luYy9aT1ZaazhNSUhEcw?alt=json HTTP/1.1" 200 None
2022-05-18 17:10:02,256 DEBUG    urllib3.connectionpool https://cloudfunctions.googleapis.com:443 "GET /v1/operations/Y3Jvd2RyaWZmLXN0b3JpZXMtZGV2L3VzLWNlbnRyYWwxL3N0b3JpZXMtZXMtc3luYy9aT1ZaazhNSUhEcw?alt=json HTTP/1.1" 200 None
2022-05-18 17:10:03,889 DEBUG    urllib3.connectionpool https://cloudfunctions.googleapis.com:443 "GET /v1/operations/Y3Jvd2RyaWZmLXN0b3JpZXMtZGV2L3VzLWNlbnRyYWwxL3N0b3JpZXMtZXMtc3luYy9aT1ZaazhNSUhEcw?alt=json HTTP/1.1" 200 None
2022-05-18 17:10:05,277 DEBUG    urllib3.connectionpool https://cloudfunctions.googleapis.com:443 "GET /v1/operations/Y3Jvd2RyaWZmLXN0b3JpZXMtZGV2L3VzLWNlbnRyYWwxL3N0b3JpZXMtZXMtc3luYy9aT1ZaazhNSUhEcw?alt=json HTTP/1.1" 200 None
2022-05-18 17:10:07,323 DEBUG    urllib3.connectionpool https://cloudfunctions.googleapis.com:443 "GET /v1/operations/Y3Jvd2RyaWZmLXN0b3JpZXMtZGV2L3VzLWNlbnRyYWwxL3N0b3JpZXMtZXMtc3luYy9aT1ZaazhNSUhEcw?alt=json HTTP/1.1" 200 None
2022-05-18 17:10:08,993 DEBUG    urllib3.connectionpool https://cloudfunctions.googleapis.com:443 "GET /v1/operations/Y3Jvd2RyaWZmLXN0b3JpZXMtZGV2L3VzLWNlbnRyYWwxL3N0b3JpZXMtZXMtc3luYy9aT1ZaazhNSUhEcw?alt=json HTTP/1.1" 200 None
2022-05-18 17:10:10,633 DEBUG    urllib3.connectionpool https://cloudfunctions.googleapis.com:443 "GET /v1/operations/Y3Jvd2RyaWZmLXN0b3JpZXMtZGV2L3VzLWNlbnRyYWwxL3N0b3JpZXMtZXMtc3luYy9aT1ZaazhNSUhEcw?alt=json HTTP/1.1" 200 None
2022-05-18 17:10:12,642 DEBUG    urllib3.connectionpool https://cloudfunctions.googleapis.com:443 "GET /v1/operations/Y3Jvd2RyaWZmLXN0b3JpZXMtZGV2L3VzLWNlbnRyYWwxL3N0b3JpZXMtZXMtc3luYy9aT1ZaazhNSUhEcw?alt=json HTTP/1.1" 200 None
2022-05-18 17:10:13,881 DEBUG    urllib3.connectionpool https://cloudfunctions.googleapis.com:443 "GET /v1/operations/Y3Jvd2RyaWZmLXN0b3JpZXMtZGV2L3VzLWNlbnRyYWwxL3N0b3JpZXMtZXMtc3luYy9aT1ZaazhNSUhEcw?alt=json HTTP/1.1" 200 None
2022-05-18 17:10:15,314 DEBUG    urllib3.connectionpool https://cloudfunctions.googleapis.com:443 "GET /v1/operations/Y3Jvd2RyaWZmLXN0b3JpZXMtZGV2L3VzLWNlbnRyYWwxL3N0b3JpZXMtZXMtc3luYy9aT1ZaazhNSUhEcw?alt=json HTTP/1.1" 200 None
2022-05-18 17:10:16,854 DEBUG    urllib3.connectionpool https://cloudfunctions.googleapis.com:443 "GET /v1/operations/Y3Jvd2RyaWZmLXN0b3JpZXMtZGV2L3VzLWNlbnRyYWwxL3N0b3JpZXMtZXMtc3luYy9aT1ZaazhNSUhEcw?alt=json HTTP/1.1" 200 None
2022-05-18 17:10:18,542 DEBUG    urllib3.connectionpool https://cloudfunctions.googleapis.com:443 "GET /v1/operations/Y3Jvd2RyaWZmLXN0b3JpZXMtZGV2L3VzLWNlbnRyYWwxL3N0b3JpZXMtZXMtc3luYy9aT1ZaazhNSUhEcw?alt=json HTTP/1.1" 200 None
2022-05-18 17:10:19,725 DEBUG    urllib3.connectionpool https://cloudfunctions.googleapis.com:443 "GET /v1/operations/Y3Jvd2RyaWZmLXN0b3JpZXMtZGV2L3VzLWNlbnRyYWwxL3N0b3JpZXMtZXMtc3luYy9aT1ZaazhNSUhEcw?alt=json HTTP/1.1" 200 None
2022-05-18 17:10:21,798 DEBUG    urllib3.connectionpool https://cloudfunctions.googleapis.com:443 "GET /v1/operations/Y3Jvd2RyaWZmLXN0b3JpZXMtZGV2L3VzLWNlbnRyYWwxL3N0b3JpZXMtZXMtc3luYy9aT1ZaazhNSUhEcw?alt=json HTTP/1.1" 200 None
2022-05-18 17:10:23,844 DEBUG    urllib3.connectionpool https://cloudfunctions.googleapis.com:443 "GET /v1/operations/Y3Jvd2RyaWZmLXN0b3JpZXMtZGV2L3VzLWNlbnRyYWwxL3N0b3JpZXMtZXMtc3luYy9aT1ZaazhNSUhEcw?alt=json HTTP/1.1" 200 None
2022-05-18 17:10:25,573 DEBUG    urllib3.connectionpool https://cloudfunctions.googleapis.com:443 "GET /v1/operations/Y3Jvd2RyaWZmLXN0b3JpZXMtZGV2L3VzLWNlbnRyYWwxL3N0b3JpZXMtZXMtc3luYy9aT1ZaazhNSUhEcw?alt=json HTTP/1.1" 200 None
2022-05-18 17:10:26,935 DEBUG    urllib3.connectionpool https://cloudfunctions.googleapis.com:443 "GET /v1/operations/Y3Jvd2RyaWZmLXN0b3JpZXMtZGV2L3VzLWNlbnRyYWwxL3N0b3JpZXMtZXMtc3luYy9aT1ZaazhNSUhEcw?alt=json HTTP/1.1" 200 None
2022-05-18 17:10:28,681 DEBUG    urllib3.connectionpool https://cloudfunctions.googleapis.com:443 "GET /v1/operations/Y3Jvd2RyaWZmLXN0b3JpZXMtZGV2L3VzLWNlbnRyYWwxL3N0b3JpZXMtZXMtc3luYy9aT1ZaazhNSUhEcw?alt=json HTTP/1.1" 200 None
2022-05-18 17:10:30,313 DEBUG    urllib3.connectionpool https://cloudfunctions.googleapis.com:443 "GET /v1/operations/Y3Jvd2RyaWZmLXN0b3JpZXMtZGV2L3VzLWNlbnRyYWwxL3N0b3JpZXMtZXMtc3luYy9aT1ZaazhNSUhEcw?alt=json HTTP/1.1" 200 None
2022-05-18 17:10:31,512 DEBUG    urllib3.connectionpool https://cloudfunctions.googleapis.com:443 "GET /v1/operations/Y3Jvd2RyaWZmLXN0b3JpZXMtZGV2L3VzLWNlbnRyYWwxL3N0b3JpZXMtZXMtc3luYy9aT1ZaazhNSUhEcw?alt=json HTTP/1.1" 200 None
2022-05-18 17:10:33,327 DEBUG    urllib3.connectionpool https://cloudfunctions.googleapis.com:443 "GET /v1/operations/Y3Jvd2RyaWZmLXN0b3JpZXMtZGV2L3VzLWNlbnRyYWwxL3N0b3JpZXMtZXMtc3luYy9aT1ZaazhNSUhEcw?alt=json HTTP/1.1" 200 None
2022-05-18 17:10:35,070 DEBUG    urllib3.connectionpool https://cloudfunctions.googleapis.com:443 "GET /v1/operations/Y3Jvd2RyaWZmLXN0b3JpZXMtZGV2L3VzLWNlbnRyYWwxL3N0b3JpZXMtZXMtc3luYy9aT1ZaazhNSUhEcw?alt=json HTTP/1.1" 200 None
2022-05-18 17:10:36,891 DEBUG    urllib3.connectionpool https://cloudfunctions.googleapis.com:443 "GET /v1/operations/Y3Jvd2RyaWZmLXN0b3JpZXMtZGV2L3VzLWNlbnRyYWwxL3N0b3JpZXMtZXMtc3luYy9aT1ZaazhNSUhEcw?alt=json HTTP/1.1" 200 None
2022-05-18 17:10:38,627 DEBUG    urllib3.connectionpool https://cloudfunctions.googleapis.com:443 "GET /v1/operations/Y3Jvd2RyaWZmLXN0b3JpZXMtZGV2L3VzLWNlbnRyYWwxL3N0b3JpZXMtZXMtc3luYy9aT1ZaazhNSUhEcw?alt=json HTTP/1.1" 200 None
2022-05-18 17:10:39,797 DEBUG    urllib3.connectionpool https://cloudfunctions.googleapis.com:443 "GET /v1/operations/Y3Jvd2RyaWZmLXN0b3JpZXMtZGV2L3VzLWNlbnRyYWwxL3N0b3JpZXMtZXMtc3luYy9aT1ZaazhNSUhEcw?alt=json HTTP/1.1" 200 None
2022-05-18 17:10:41,158 DEBUG    urllib3.connectionpool https://cloudfunctions.googleapis.com:443 "GET /v1/operations/Y3Jvd2RyaWZmLXN0b3JpZXMtZGV2L3VzLWNlbnRyYWwxL3N0b3JpZXMtZXMtc3luYy9aT1ZaazhNSUhEcw?alt=json HTTP/1.1" 200 None
2022-05-18 17:10:42,924 DEBUG    urllib3.connectionpool https://cloudfunctions.googleapis.com:443 "GET /v1/operations/Y3Jvd2RyaWZmLXN0b3JpZXMtZGV2L3VzLWNlbnRyYWwxL3N0b3JpZXMtZXMtc3luYy9aT1ZaazhNSUhEcw?alt=json HTTP/1.1" 200 None
2022-05-18 17:10:44,275 DEBUG    urllib3.connectionpool https://cloudfunctions.googleapis.com:443 "GET /v1/operations/Y3Jvd2RyaWZmLXN0b3JpZXMtZGV2L3VzLWNlbnRyYWwxL3N0b3JpZXMtZXMtc3luYy9aT1ZaazhNSUhEcw?alt=json HTTP/1.1" 200 None
2022-05-18 17:10:45,907 DEBUG    urllib3.connectionpool https://cloudfunctions.googleapis.com:443 "GET /v1/operations/Y3Jvd2RyaWZmLXN0b3JpZXMtZGV2L3VzLWNlbnRyYWwxL3N0b3JpZXMtZXMtc3luYy9aT1ZaazhNSUhEcw?alt=json HTTP/1.1" 200 None
2022-05-18 17:10:47,134 DEBUG    urllib3.connectionpool https://cloudfunctions.googleapis.com:443 "GET /v1/operations/Y3Jvd2RyaWZmLXN0b3JpZXMtZGV2L3VzLWNlbnRyYWwxL3N0b3JpZXMtZXMtc3luYy9aT1ZaazhNSUhEcw?alt=json HTTP/1.1" 200 None
2022-05-18 17:10:48,791 DEBUG    urllib3.connectionpool https://cloudfunctions.googleapis.com:443 "GET /v1/operations/Y3Jvd2RyaWZmLXN0b3JpZXMtZGV2L3VzLWNlbnRyYWwxL3N0b3JpZXMtZXMtc3luYy9aT1ZaazhNSUhEcw?alt=json HTTP/1.1" 200 None
2022-05-18 17:10:50,807 DEBUG    urllib3.connectionpool https://cloudfunctions.googleapis.com:443 "GET /v1/operations/Y3Jvd2RyaWZmLXN0b3JpZXMtZGV2L3VzLWNlbnRyYWwxL3N0b3JpZXMtZXMtc3luYy9aT1ZaazhNSUhEcw?alt=json HTTP/1.1" 200 None
2022-05-18 17:10:52,398 DEBUG    urllib3.connectionpool https://cloudfunctions.googleapis.com:443 "GET /v1/operations/Y3Jvd2RyaWZmLXN0b3JpZXMtZGV2L3VzLWNlbnRyYWwxL3N0b3JpZXMtZXMtc3luYy9aT1ZaazhNSUhEcw?alt=json HTTP/1.1" 200 None
2022-05-18 17:10:53,768 DEBUG    urllib3.connectionpool https://cloudfunctions.googleapis.com:443 "GET /v1/operations/Y3Jvd2RyaWZmLXN0b3JpZXMtZGV2L3VzLWNlbnRyYWwxL3N0b3JpZXMtZXMtc3luYy9aT1ZaazhNSUhEcw?alt=json HTTP/1.1" 200 None
2022-05-18 17:10:55,852 DEBUG    urllib3.connectionpool https://cloudfunctions.googleapis.com:443 "GET /v1/operations/Y3Jvd2RyaWZmLXN0b3JpZXMtZGV2L3VzLWNlbnRyYWwxL3N0b3JpZXMtZXMtc3luYy9aT1ZaazhNSUhEcw?alt=json HTTP/1.1" 200 None
2022-05-18 17:10:57,806 DEBUG    urllib3.connectionpool https://cloudfunctions.googleapis.com:443 "GET /v1/operations/Y3Jvd2RyaWZmLXN0b3JpZXMtZGV2L3VzLWNlbnRyYWwxL3N0b3JpZXMtZXMtc3luYy9aT1ZaazhNSUhEcw?alt=json HTTP/1.1" 200 None
2022-05-18 17:10:59,795 DEBUG    urllib3.connectionpool https://cloudfunctions.googleapis.com:443 "GET /v1/operations/Y3Jvd2RyaWZmLXN0b3JpZXMtZGV2L3VzLWNlbnRyYWwxL3N0b3JpZXMtZXMtc3luYy9aT1ZaazhNSUhEcw?alt=json HTTP/1.1" 200 None
2022-05-18 17:11:01,757 DEBUG    urllib3.connectionpool https://cloudfunctions.googleapis.com:443 "GET /v1/operations/Y3Jvd2RyaWZmLXN0b3JpZXMtZGV2L3VzLWNlbnRyYWwxL3N0b3JpZXMtZXMtc3luYy9aT1ZaazhNSUhEcw?alt=json HTTP/1.1" 200 None
2022-05-18 17:11:03,116 DEBUG    urllib3.connectionpool https://cloudfunctions.googleapis.com:443 "GET /v1/operations/Y3Jvd2RyaWZmLXN0b3JpZXMtZGV2L3VzLWNlbnRyYWwxL3N0b3JpZXMtZXMtc3luYy9aT1ZaazhNSUhEcw?alt=json HTTP/1.1" 200 None
2022-05-18 17:11:04,435 DEBUG    urllib3.connectionpool https://cloudfunctions.googleapis.com:443 "GET /v1/operations/Y3Jvd2RyaWZmLXN0b3JpZXMtZGV2L3VzLWNlbnRyYWwxL3N0b3JpZXMtZXMtc3luYy9aT1ZaazhNSUhEcw?alt=json HTTP/1.1" 200 None
2022-05-18 17:11:05,908 DEBUG    urllib3.connectionpool https://cloudfunctions.googleapis.com:443 "GET /v1/operations/Y3Jvd2RyaWZmLXN0b3JpZXMtZGV2L3VzLWNlbnRyYWwxL3N0b3JpZXMtZXMtc3luYy9aT1ZaazhNSUhEcw?alt=json HTTP/1.1" 200 None
2022-05-18 17:11:07,189 DEBUG    urllib3.connectionpool https://cloudfunctions.googleapis.com:443 "GET /v1/operations/Y3Jvd2RyaWZmLXN0b3JpZXMtZGV2L3VzLWNlbnRyYWwxL3N0b3JpZXMtZXMtc3luYy9aT1ZaazhNSUhEcw?alt=json HTTP/1.1" 200 None
2022-05-18 17:11:09,206 DEBUG    urllib3.connectionpool https://cloudfunctions.googleapis.com:443 "GET /v1/operations/Y3Jvd2RyaWZmLXN0b3JpZXMtZGV2L3VzLWNlbnRyYWwxL3N0b3JpZXMtZXMtc3luYy9aT1ZaazhNSUhEcw?alt=json HTTP/1.1" 200 None
2022-05-18 17:11:10,444 DEBUG    urllib3.connectionpool https://cloudfunctions.googleapis.com:443 "GET /v1/operations/Y3Jvd2RyaWZmLXN0b3JpZXMtZGV2L3VzLWNlbnRyYWwxL3N0b3JpZXMtZXMtc3luYy9aT1ZaazhNSUhEcw?alt=json HTTP/1.1" 200 None
2022-05-18 17:11:10,476 DEBUG    urllib3.connectionpool Starting new HTTPS connection (1): cloudfunctions.googleapis.com:443
2022-05-18 17:11:10,697 DEBUG    urllib3.connectionpool https://cloudfunctions.googleapis.com:443 "GET /v1/projects/crowdriff-stories-dev/locations/us-central1/functions/stories-es-sync?alt=json HTTP/1.1" 200 None
2022-05-18 17:11:10,713 INFO     root            Display format: "default"
2022-05-18 17:11:10,724 INFO     ___FILE_ONLY___ availableMemoryMb
2022-05-18 17:11:10,724 INFO     ___FILE_ONLY___ :
2022-05-18 17:11:10,724 INFO     ___FILE_ONLY___  
2022-05-18 17:11:10,724 INFO     ___FILE_ONLY___ 256
2022-05-18 17:11:10,724 INFO     ___FILE_ONLY___ 

2022-05-18 17:11:10,724 INFO     ___FILE_ONLY___ buildId
2022-05-18 17:11:10,725 INFO     ___FILE_ONLY___ :
2022-05-18 17:11:10,725 INFO     ___FILE_ONLY___  
2022-05-18 17:11:10,726 INFO     ___FILE_ONLY___ 40f3b553-b389-4cc1-b6b8-51f12ab81e17
2022-05-18 17:11:10,726 INFO     ___FILE_ONLY___ 

2022-05-18 17:11:10,726 INFO     ___FILE_ONLY___ buildName
2022-05-18 17:11:10,726 INFO     ___FILE_ONLY___ :
2022-05-18 17:11:10,726 INFO     ___FILE_ONLY___  
2022-05-18 17:11:10,726 INFO     ___FILE_ONLY___ projects/31098141265/locations/us-central1/builds/40f3b553-b389-4cc1-b6b8-51f12ab81e17
2022-05-18 17:11:10,726 INFO     ___FILE_ONLY___ 

2022-05-18 17:11:10,726 INFO     ___FILE_ONLY___ dockerRegistry
2022-05-18 17:11:10,726 INFO     ___FILE_ONLY___ :
2022-05-18 17:11:10,726 INFO     ___FILE_ONLY___  
2022-05-18 17:11:10,726 INFO     ___FILE_ONLY___ CONTAINER_REGISTRY
2022-05-18 17:11:10,726 INFO     ___FILE_ONLY___ 

2022-05-18 17:11:10,727 INFO     ___FILE_ONLY___ entryPoint
2022-05-18 17:11:10,727 INFO     ___FILE_ONLY___ :
2022-05-18 17:11:10,727 INFO     ___FILE_ONLY___  
2022-05-18 17:11:10,727 INFO     ___FILE_ONLY___ entrypoint
2022-05-18 17:11:10,727 INFO     ___FILE_ONLY___ 

2022-05-18 17:11:10,727 INFO     ___FILE_ONLY___ environmentVariables
2022-05-18 17:11:10,727 INFO     ___FILE_ONLY___ :
2022-05-18 17:11:10,727 INFO     ___FILE_ONLY___ 

2022-05-18 17:11:10,727 INFO     ___FILE_ONLY___   
2022-05-18 17:11:10,727 INFO     ___FILE_ONLY___ GATEWAY_BASE
2022-05-18 17:11:10,727 INFO     ___FILE_ONLY___ :
2022-05-18 17:11:10,727 INFO     ___FILE_ONLY___  
2022-05-18 17:11:10,727 INFO     ___FILE_ONLY___ https://story-network-gateway.crowdriff.com
2022-05-18 17:11:10,727 INFO     ___FILE_ONLY___ 

2022-05-18 17:11:10,727 INFO     ___FILE_ONLY___   
2022-05-18 17:11:10,728 INFO     ___FILE_ONLY___ GOOGLE_CLOUD_PROJECT
2022-05-18 17:11:10,728 INFO     ___FILE_ONLY___ :
2022-05-18 17:11:10,728 INFO     ___FILE_ONLY___  
2022-05-18 17:11:10,728 INFO     ___FILE_ONLY___ crowdriff-stories-prod
2022-05-18 17:11:10,728 INFO     ___FILE_ONLY___ 

2022-05-18 17:11:10,728 INFO     ___FILE_ONLY___   
2022-05-18 17:11:10,728 INFO     ___FILE_ONLY___ NODE_ENV
2022-05-18 17:11:10,728 INFO     ___FILE_ONLY___ :
2022-05-18 17:11:10,728 INFO     ___FILE_ONLY___  
2022-05-18 17:11:10,728 INFO     ___FILE_ONLY___ production
2022-05-18 17:11:10,728 INFO     ___FILE_ONLY___ 

2022-05-18 17:11:10,728 INFO     ___FILE_ONLY___   
2022-05-18 17:11:10,728 INFO     ___FILE_ONLY___ NODE_PATH
2022-05-18 17:11:10,728 INFO     ___FILE_ONLY___ :
2022-05-18 17:11:10,728 INFO     ___FILE_ONLY___  
2022-05-18 17:11:10,729 INFO     ___FILE_ONLY___ .
2022-05-18 17:11:10,729 INFO     ___FILE_ONLY___ 

2022-05-18 17:11:10,729 INFO     ___FILE_ONLY___   
2022-05-18 17:11:10,729 INFO     ___FILE_ONLY___ SERVICE_ACCOUNT
2022-05-18 17:11:10,729 INFO     ___FILE_ONLY___ :
2022-05-18 17:11:10,729 INFO     ___FILE_ONLY___  
2022-05-18 17:11:10,729 INFO     ___FILE_ONLY___ github-actions@crowdriff-stories-prod.iam.gserviceaccount.com
2022-05-18 17:11:10,729 INFO     ___FILE_ONLY___ 

2022-05-18 17:11:10,729 INFO     ___FILE_ONLY___ eventTrigger
2022-05-18 17:11:10,729 INFO     ___FILE_ONLY___ :
2022-05-18 17:11:10,729 INFO     ___FILE_ONLY___ 

2022-05-18 17:11:10,729 INFO     ___FILE_ONLY___   
2022-05-18 17:11:10,729 INFO     ___FILE_ONLY___ eventType
2022-05-18 17:11:10,729 INFO     ___FILE_ONLY___ :
2022-05-18 17:11:10,729 INFO     ___FILE_ONLY___  
2022-05-18 17:11:10,729 INFO     ___FILE_ONLY___ google.pubsub.topic.publish
2022-05-18 17:11:10,729 INFO     ___FILE_ONLY___ 

2022-05-18 17:11:10,729 INFO     ___FILE_ONLY___   
2022-05-18 17:11:10,729 INFO     ___FILE_ONLY___ failurePolicy
2022-05-18 17:11:10,730 INFO     ___FILE_ONLY___ :
2022-05-18 17:11:10,730 INFO     ___FILE_ONLY___  {
2022-05-18 17:11:10,730 INFO     ___FILE_ONLY___ }
2022-05-18 17:11:10,730 INFO     ___FILE_ONLY___ 

2022-05-18 17:11:10,730 INFO     ___FILE_ONLY___   
2022-05-18 17:11:10,731 INFO     ___FILE_ONLY___ resource
2022-05-18 17:11:10,731 INFO     ___FILE_ONLY___ :
2022-05-18 17:11:10,731 INFO     ___FILE_ONLY___  
2022-05-18 17:11:10,731 INFO     ___FILE_ONLY___ projects/crowdriff-stories-dev/topics/stories-es-sync
2022-05-18 17:11:10,731 INFO     ___FILE_ONLY___ 

2022-05-18 17:11:10,731 INFO     ___FILE_ONLY___   
2022-05-18 17:11:10,731 INFO     ___FILE_ONLY___ service
2022-05-18 17:11:10,731 INFO     ___FILE_ONLY___ :
2022-05-18 17:11:10,731 INFO     ___FILE_ONLY___  
2022-05-18 17:11:10,731 INFO     ___FILE_ONLY___ pubsub.googleapis.com
2022-05-18 17:11:10,731 INFO     ___FILE_ONLY___ 

2022-05-18 17:11:10,731 INFO     ___FILE_ONLY___ ingressSettings
2022-05-18 17:11:10,731 INFO     ___FILE_ONLY___ :
2022-05-18 17:11:10,731 INFO     ___FILE_ONLY___  
2022-05-18 17:11:10,732 INFO     ___FILE_ONLY___ ALLOW_ALL
2022-05-18 17:11:10,732 INFO     ___FILE_ONLY___ 

2022-05-18 17:11:10,732 INFO     ___FILE_ONLY___ labels
2022-05-18 17:11:10,732 INFO     ___FILE_ONLY___ :
2022-05-18 17:11:10,732 INFO     ___FILE_ONLY___ 

2022-05-18 17:11:10,732 INFO     ___FILE_ONLY___   
2022-05-18 17:11:10,732 INFO     ___FILE_ONLY___ deployment-tool
2022-05-18 17:11:10,732 INFO     ___FILE_ONLY___ :
2022-05-18 17:11:10,732 INFO     ___FILE_ONLY___  
2022-05-18 17:11:10,732 INFO     ___FILE_ONLY___ cli-gcloud
2022-05-18 17:11:10,732 INFO     ___FILE_ONLY___ 

2022-05-18 17:11:10,732 INFO     ___FILE_ONLY___ name
2022-05-18 17:11:10,733 INFO     ___FILE_ONLY___ :
2022-05-18 17:11:10,733 INFO     ___FILE_ONLY___  
2022-05-18 17:11:10,733 INFO     ___FILE_ONLY___ projects/crowdriff-stories-dev/locations/us-central1/functions/stories-es-sync
2022-05-18 17:11:10,733 INFO     ___FILE_ONLY___ 

2022-05-18 17:11:10,733 INFO     ___FILE_ONLY___ runtime
2022-05-18 17:11:10,733 INFO     ___FILE_ONLY___ :
2022-05-18 17:11:10,733 INFO     ___FILE_ONLY___  
2022-05-18 17:11:10,733 INFO     ___FILE_ONLY___ nodejs14
2022-05-18 17:11:10,733 INFO     ___FILE_ONLY___ 

2022-05-18 17:11:10,733 INFO     ___FILE_ONLY___ serviceAccountEmail
2022-05-18 17:11:10,734 INFO     ___FILE_ONLY___ :
2022-05-18 17:11:10,734 INFO     ___FILE_ONLY___  
2022-05-18 17:11:10,734 INFO     ___FILE_ONLY___ crowdriff-stories-dev@appspot.gserviceaccount.com
2022-05-18 17:11:10,734 INFO     ___FILE_ONLY___ 

2022-05-18 17:11:10,734 INFO     ___FILE_ONLY___ sourceUploadUrl
2022-05-18 17:11:10,734 INFO     ___FILE_ONLY___ :
2022-05-18 17:11:10,734 INFO     ___FILE_ONLY___  
2022-05-18 17:11:10,735 INFO     ___FILE_ONLY___ https://storage.googleapis.com/uploads-556841579775.us-central1.cloudfunctions.appspot.com/bdea38a3-3e0e-44e3-a4bb-381ee03bf048.zip
2022-05-18 17:11:10,735 INFO     ___FILE_ONLY___ 

2022-05-18 17:11:10,735 INFO     ___FILE_ONLY___ status
2022-05-18 17:11:10,735 INFO     ___FILE_ONLY___ :
2022-05-18 17:11:10,735 INFO     ___FILE_ONLY___  
2022-05-18 17:11:10,735 INFO     ___FILE_ONLY___ ACTIVE
2022-05-18 17:11:10,735 INFO     ___FILE_ONLY___ 

2022-05-18 17:11:10,735 INFO     ___FILE_ONLY___ timeout
2022-05-18 17:11:10,735 INFO     ___FILE_ONLY___ :
2022-05-18 17:11:10,735 INFO     ___FILE_ONLY___  
2022-05-18 17:11:10,735 INFO     ___FILE_ONLY___ 540s
2022-05-18 17:11:10,735 INFO     ___FILE_ONLY___ 

2022-05-18 17:11:10,735 INFO     ___FILE_ONLY___ updateTime
2022-05-18 17:11:10,735 INFO     ___FILE_ONLY___ :
2022-05-18 17:11:10,736 INFO     ___FILE_ONLY___  '
2022-05-18 17:11:10,736 INFO     ___FILE_ONLY___ 2022-05-18T21:11:09.871Z
2022-05-18 17:11:10,736 INFO     ___FILE_ONLY___ '
2022-05-18 17:11:10,736 INFO     ___FILE_ONLY___ 

2022-05-18 17:11:10,736 INFO     ___FILE_ONLY___ versionId
2022-05-18 17:11:10,736 INFO     ___FILE_ONLY___ :
2022-05-18 17:11:10,736 INFO     ___FILE_ONLY___  '
2022-05-18 17:11:10,736 INFO     ___FILE_ONLY___ 13
2022-05-18 17:11:10,736 INFO     ___FILE_ONLY___ '
2022-05-18 17:11:10,736 INFO     ___FILE_ONLY___ 

2022-05-18 17:11:10,738 INFO     ___FILE_ONLY___ 

Updates are available for some Cloud SDK components.  To install them,
please run:
  $ gcloud components update


2022-05-18 17:11:10,741 INFO     ___FILE_ONLY___ 

To take a quick anonymous survey, run:
  $ gcloud survey


2022-05-18 17:11:10,750 DEBUG    root            Metrics reporting process started...
