2022-05-18 17:17:51,037 DEBUG    root            Loaded Command Group: ['gcloud', 'components']
2022-05-18 17:17:51,041 DEBUG    root            Loaded Command Group: ['gcloud', 'components', 'update']
2022-05-18 17:17:51,042 DEBUG    root            Running [gcloud.components.update] with arguments: []
2022-05-18 17:17:51,043 INFO     ___FILE_ONLY___ Beginning update. This process may take several minutes.

2022-05-18 17:17:51,130 DEBUG    urllib3.connectionpool Starting new HTTPS connection (1): dl.google.com:443
2022-05-18 17:17:51,231 DEBUG    urllib3.connectionpool https://dl.google.com:443 "GET /dl/cloudsdk/channels/rapid/components-2.json HTTP/1.1" 200 187088
2022-05-18 17:17:51,287 WARNING  root            The ARM versions of the following components are not available yet, using x86_64 versions instead: [].
2022-05-18 17:17:51,288 INFO     ___FILE_ONLY___ 

2022-05-18 17:17:51,288 INFO     ___FILE_ONLY___ 
Your current Cloud SDK version is: 366.0.0

2022-05-18 17:17:51,288 INFO     ___FILE_ONLY___ You will be upgraded to version: 386.0.0

2022-05-18 17:17:51,288 INFO     ___FILE_ONLY___ 

2022-05-18 17:17:51,292 INFO     ___FILE_ONLY___ ┌─────────────────────────────────────────────────────────────────────────────┐
2022-05-18 17:17:51,292 INFO     ___FILE_ONLY___ 

2022-05-18 17:17:51,292 INFO     ___FILE_ONLY___ │                      These components will be updated.                      │
2022-05-18 17:17:51,292 INFO     ___FILE_ONLY___ 

2022-05-18 17:17:51,292 INFO     ___FILE_ONLY___ ├─────────────────────────────────────────────────────┬────────────┬──────────┤
2022-05-18 17:17:51,292 INFO     ___FILE_ONLY___ 

2022-05-18 17:17:51,292 INFO     ___FILE_ONLY___ │                         Name                        │  Version   │   Size   │
2022-05-18 17:17:51,293 INFO     ___FILE_ONLY___ 

2022-05-18 17:17:51,293 INFO     ___FILE_ONLY___ ├─────────────────────────────────────────────────────┼────────────┼──────────┤
2022-05-18 17:17:51,293 INFO     ___FILE_ONLY___ 

2022-05-18 17:17:51,293 INFO     ___FILE_ONLY___ │ 
2022-05-18 17:17:51,293 INFO     ___FILE_ONLY___ BigQuery Command Line Tool                         
2022-05-18 17:17:51,293 INFO     ___FILE_ONLY___  
2022-05-18 17:17:51,293 INFO     ___FILE_ONLY___ │ 
2022-05-18 17:17:51,293 INFO     ___FILE_ONLY___     2.0.74
2022-05-18 17:17:51,293 INFO     ___FILE_ONLY___  
2022-05-18 17:17:51,293 INFO     ___FILE_ONLY___ │ 
2022-05-18 17:17:51,293 INFO     ___FILE_ONLY___  1.0 MiB
2022-05-18 17:17:51,293 INFO     ___FILE_ONLY___  
2022-05-18 17:17:51,293 INFO     ___FILE_ONLY___ │
2022-05-18 17:17:51,293 INFO     ___FILE_ONLY___ 

2022-05-18 17:17:51,293 INFO     ___FILE_ONLY___ │ 
2022-05-18 17:17:51,293 INFO     ___FILE_ONLY___ BigQuery Command Line Tool (Platform Specific)     
2022-05-18 17:17:51,293 INFO     ___FILE_ONLY___  
2022-05-18 17:17:51,293 INFO     ___FILE_ONLY___ │ 
2022-05-18 17:17:51,293 INFO     ___FILE_ONLY___     2.0.73
2022-05-18 17:17:51,293 INFO     ___FILE_ONLY___  
2022-05-18 17:17:51,293 INFO     ___FILE_ONLY___ │ 
2022-05-18 17:17:51,293 INFO     ___FILE_ONLY___  < 1 MiB
2022-05-18 17:17:51,293 INFO     ___FILE_ONLY___  
2022-05-18 17:17:51,293 INFO     ___FILE_ONLY___ │
2022-05-18 17:17:51,293 INFO     ___FILE_ONLY___ 

2022-05-18 17:17:51,293 INFO     ___FILE_ONLY___ │ 
2022-05-18 17:17:51,293 INFO     ___FILE_ONLY___ Cloud Storage Command Line Tool                    
2022-05-18 17:17:51,293 INFO     ___FILE_ONLY___  
2022-05-18 17:17:51,293 INFO     ___FILE_ONLY___ │ 
2022-05-18 17:17:51,293 INFO     ___FILE_ONLY___       5.10
2022-05-18 17:17:51,293 INFO     ___FILE_ONLY___  
2022-05-18 17:17:51,293 INFO     ___FILE_ONLY___ │ 
2022-05-18 17:17:51,293 INFO     ___FILE_ONLY___ 15.5 MiB
2022-05-18 17:17:51,293 INFO     ___FILE_ONLY___  
2022-05-18 17:17:51,293 INFO     ___FILE_ONLY___ │
2022-05-18 17:17:51,294 INFO     ___FILE_ONLY___ 

2022-05-18 17:17:51,294 INFO     ___FILE_ONLY___ │ 
2022-05-18 17:17:51,294 INFO     ___FILE_ONLY___ Cloud Storage Command Line Tool (Platform Specific)
2022-05-18 17:17:51,294 INFO     ___FILE_ONLY___  
2022-05-18 17:17:51,294 INFO     ___FILE_ONLY___ │ 
2022-05-18 17:17:51,294 INFO     ___FILE_ONLY___        5.6
2022-05-18 17:17:51,294 INFO     ___FILE_ONLY___  
2022-05-18 17:17:51,294 INFO     ___FILE_ONLY___ │ 
2022-05-18 17:17:51,294 INFO     ___FILE_ONLY___  < 1 MiB
2022-05-18 17:17:51,294 INFO     ___FILE_ONLY___  
2022-05-18 17:17:51,294 INFO     ___FILE_ONLY___ │
2022-05-18 17:17:51,294 INFO     ___FILE_ONLY___ 

2022-05-18 17:17:51,294 INFO     ___FILE_ONLY___ │ 
2022-05-18 17:17:51,294 INFO     ___FILE_ONLY___ Google Cloud CLI Core Libraries                    
2022-05-18 17:17:51,294 INFO     ___FILE_ONLY___  
2022-05-18 17:17:51,294 INFO     ___FILE_ONLY___ │ 
2022-05-18 17:17:51,294 INFO     ___FILE_ONLY___ 2022.05.13
2022-05-18 17:17:51,294 INFO     ___FILE_ONLY___  
2022-05-18 17:17:51,294 INFO     ___FILE_ONLY___ │ 
2022-05-18 17:17:51,294 INFO     ___FILE_ONLY___ 23.2 MiB
2022-05-18 17:17:51,294 INFO     ___FILE_ONLY___  
2022-05-18 17:17:51,294 INFO     ___FILE_ONLY___ │
2022-05-18 17:17:51,294 INFO     ___FILE_ONLY___ 

2022-05-18 17:17:51,294 INFO     ___FILE_ONLY___ │ 
2022-05-18 17:17:51,294 INFO     ___FILE_ONLY___ Google Cloud CLI Core Libraries (Platform Specific)
2022-05-18 17:17:51,294 INFO     ___FILE_ONLY___  
2022-05-18 17:17:51,294 INFO     ___FILE_ONLY___ │ 
2022-05-18 17:17:51,295 INFO     ___FILE_ONLY___ 2022.01.28
2022-05-18 17:17:51,295 INFO     ___FILE_ONLY___  
2022-05-18 17:17:51,295 INFO     ___FILE_ONLY___ │ 
2022-05-18 17:17:51,295 INFO     ___FILE_ONLY___  < 1 MiB
2022-05-18 17:17:51,295 INFO     ___FILE_ONLY___  
2022-05-18 17:17:51,295 INFO     ___FILE_ONLY___ │
2022-05-18 17:17:51,295 INFO     ___FILE_ONLY___ 

2022-05-18 17:17:51,295 INFO     ___FILE_ONLY___ │ 
2022-05-18 17:17:51,295 INFO     ___FILE_ONLY___ anthoscli                                          
2022-05-18 17:17:51,295 INFO     ___FILE_ONLY___  
2022-05-18 17:17:51,295 INFO     ___FILE_ONLY___ │ 
2022-05-18 17:17:51,295 INFO     ___FILE_ONLY___     0.2.26
2022-05-18 17:17:51,295 INFO     ___FILE_ONLY___  
2022-05-18 17:17:51,295 INFO     ___FILE_ONLY___ │ 
2022-05-18 17:17:51,295 INFO     ___FILE_ONLY___ 46.5 MiB
2022-05-18 17:17:51,295 INFO     ___FILE_ONLY___  
2022-05-18 17:17:51,295 INFO     ___FILE_ONLY___ │
2022-05-18 17:17:51,295 INFO     ___FILE_ONLY___ 

2022-05-18 17:17:51,295 INFO     ___FILE_ONLY___ │ 
2022-05-18 17:17:51,295 INFO     ___FILE_ONLY___ gcloud cli dependencies                            
2022-05-18 17:17:51,295 INFO     ___FILE_ONLY___  
2022-05-18 17:17:51,295 INFO     ___FILE_ONLY___ │ 
2022-05-18 17:17:51,295 INFO     ___FILE_ONLY___ 2022.05.02
2022-05-18 17:17:51,295 INFO     ___FILE_ONLY___  
2022-05-18 17:17:51,295 INFO     ___FILE_ONLY___ │ 
2022-05-18 17:17:51,295 INFO     ___FILE_ONLY___ 11.0 MiB
2022-05-18 17:17:51,295 INFO     ___FILE_ONLY___  
2022-05-18 17:17:51,295 INFO     ___FILE_ONLY___ │
2022-05-18 17:17:51,295 INFO     ___FILE_ONLY___ 

2022-05-18 17:17:51,295 INFO     ___FILE_ONLY___ └─────────────────────────────────────────────────────┴────────────┴──────────┘
2022-05-18 17:17:51,295 INFO     ___FILE_ONLY___ 

2022-05-18 17:17:51,296 INFO     ___FILE_ONLY___ 

2022-05-18 17:17:51,298 DEBUG    urllib3.connectionpool Starting new HTTPS connection (1): dl.google.com:443
2022-05-18 17:17:51,391 DEBUG    urllib3.connectionpool https://dl.google.com:443 "GET /dl/cloudsdk/channels/rapid/RELEASE_NOTES HTTP/1.1" 200 804997
2022-05-18 17:17:51,462 INFO     ___FILE_ONLY___ A lot has changed since your last upgrade.  For the latest full release notes,
please visit:
  https://cloud.google.com/sdk/release_notes


2022-05-18 17:17:52,940 INFO     ___FILE_ONLY___ ╔════════════════════════════════════════════════════════════╗

2022-05-18 17:17:52,940 INFO     ___FILE_ONLY___ ╠═ Creating update staging area                             ═╣

2022-05-18 17:17:52,940 INFO     ___FILE_ONLY___ ╚
2022-05-18 17:17:52,941 INFO     ___FILE_ONLY___ ══════
2022-05-18 17:17:54,280 INFO     ___FILE_ONLY___ ══════
2022-05-18 17:17:54,280 INFO     ___FILE_ONLY___ ══════
2022-05-18 17:17:55,947 INFO     ___FILE_ONLY___ ═
2022-05-18 17:17:56,098 INFO     ___FILE_ONLY___ ═
2022-05-18 17:17:56,169 INFO     ___FILE_ONLY___ ═
2022-05-18 17:17:56,290 INFO     ___FILE_ONLY___ ═
2022-05-18 17:17:56,392 INFO     ___FILE_ONLY___ ═
2022-05-18 17:17:56,504 INFO     ___FILE_ONLY___ ═
2022-05-18 17:17:56,631 INFO     ___FILE_ONLY___ ═
2022-05-18 17:17:56,867 INFO     ___FILE_ONLY___ ═
2022-05-18 17:17:57,048 INFO     ___FILE_ONLY___ ═
2022-05-18 17:17:57,135 INFO     ___FILE_ONLY___ ═
2022-05-18 17:17:57,386 INFO     ___FILE_ONLY___ ═
2022-05-18 17:17:57,535 INFO     ___FILE_ONLY___ ═
2022-05-18 17:17:57,718 INFO     ___FILE_ONLY___ ═
2022-05-18 17:17:57,970 INFO     ___FILE_ONLY___ ═
2022-05-18 17:17:58,339 INFO     ___FILE_ONLY___ ═
2022-05-18 17:17:58,452 INFO     ___FILE_ONLY___ ═
2022-05-18 17:17:58,555 INFO     ___FILE_ONLY___ ═
2022-05-18 17:17:58,691 INFO     ___FILE_ONLY___ ═
2022-05-18 17:17:58,780 INFO     ___FILE_ONLY___ ═
2022-05-18 17:17:58,853 INFO     ___FILE_ONLY___ ═
2022-05-18 17:17:58,946 INFO     ___FILE_ONLY___ ═
2022-05-18 17:17:58,996 INFO     ___FILE_ONLY___ ═
2022-05-18 17:17:59,093 INFO     ___FILE_ONLY___ ═
2022-05-18 17:17:59,178 INFO     ___FILE_ONLY___ ═
2022-05-18 17:17:59,287 INFO     ___FILE_ONLY___ ═
2022-05-18 17:17:59,425 INFO     ___FILE_ONLY___ ═
2022-05-18 17:17:59,567 INFO     ___FILE_ONLY___ ═
2022-05-18 17:17:59,689 INFO     ___FILE_ONLY___ ═
2022-05-18 17:17:59,806 INFO     ___FILE_ONLY___ ═
2022-05-18 17:17:59,950 INFO     ___FILE_ONLY___ ═
2022-05-18 17:18:00,099 INFO     ___FILE_ONLY___ ═
2022-05-18 17:18:00,235 INFO     ___FILE_ONLY___ ═
2022-05-18 17:18:00,412 INFO     ___FILE_ONLY___ ═
2022-05-18 17:18:00,505 INFO     ___FILE_ONLY___ ═
2022-05-18 17:18:00,619 INFO     ___FILE_ONLY___ ═
2022-05-18 17:18:00,710 INFO     ___FILE_ONLY___ ═
2022-05-18 17:18:00,796 INFO     ___FILE_ONLY___ ═
2022-05-18 17:18:00,911 INFO     ___FILE_ONLY___ ═
2022-05-18 17:18:00,999 INFO     ___FILE_ONLY___ ═
2022-05-18 17:18:01,112 INFO     ___FILE_ONLY___ ═
2022-05-18 17:18:01,196 INFO     ___FILE_ONLY___ ═
2022-05-18 17:18:01,280 INFO     ___FILE_ONLY___ ═
2022-05-18 17:18:01,280 INFO     ___FILE_ONLY___ ╝
2022-05-18 17:18:06,292 INFO     ___FILE_ONLY___ ╠════════════════════════════════════════════════════════════╣

2022-05-18 17:18:06,293 INFO     ___FILE_ONLY___ ╠═ Uninstalling: BigQuery Command Line Tool                 ═╣

2022-05-18 17:18:06,293 INFO     ___FILE_ONLY___ ╚
2022-05-18 17:18:06,295 INFO     ___FILE_ONLY___ ═
2022-05-18 17:18:06,297 INFO     ___FILE_ONLY___ ═
2022-05-18 17:18:06,298 INFO     ___FILE_ONLY___ ═
2022-05-18 17:18:06,299 INFO     ___FILE_ONLY___ ═
2022-05-18 17:18:06,300 INFO     ___FILE_ONLY___ ═
2022-05-18 17:18:06,300 INFO     ___FILE_ONLY___ ═
2022-05-18 17:18:06,302 INFO     ___FILE_ONLY___ ═
2022-05-18 17:18:06,303 INFO     ___FILE_ONLY___ ═
2022-05-18 17:18:06,304 INFO     ___FILE_ONLY___ ═
2022-05-18 17:18:06,305 INFO     ___FILE_ONLY___ ═
2022-05-18 17:18:06,305 INFO     ___FILE_ONLY___ ═
2022-05-18 17:18:06,306 INFO     ___FILE_ONLY___ ═
2022-05-18 17:18:06,308 INFO     ___FILE_ONLY___ ═
2022-05-18 17:18:06,308 INFO     ___FILE_ONLY___ ═
2022-05-18 17:18:06,309 INFO     ___FILE_ONLY___ ═
2022-05-18 17:18:06,310 INFO     ___FILE_ONLY___ ═
2022-05-18 17:18:06,311 INFO     ___FILE_ONLY___ ═
2022-05-18 17:18:06,311 INFO     ___FILE_ONLY___ ═
2022-05-18 17:18:06,312 INFO     ___FILE_ONLY___ ═
2022-05-18 17:18:06,314 INFO     ___FILE_ONLY___ ═
2022-05-18 17:18:06,316 INFO     ___FILE_ONLY___ ═
2022-05-18 17:18:06,317 INFO     ___FILE_ONLY___ ═
2022-05-18 17:18:06,318 INFO     ___FILE_ONLY___ ═
2022-05-18 17:18:06,318 INFO     ___FILE_ONLY___ ═
2022-05-18 17:18:06,319 INFO     ___FILE_ONLY___ ═
2022-05-18 17:18:06,319 INFO     ___FILE_ONLY___ ═
2022-05-18 17:18:06,320 INFO     ___FILE_ONLY___ ═
2022-05-18 17:18:06,320 INFO     ___FILE_ONLY___ ═
2022-05-18 17:18:06,321 INFO     ___FILE_ONLY___ ═
2022-05-18 17:18:06,322 INFO     ___FILE_ONLY___ ═
2022-05-18 17:18:06,322 INFO     ___FILE_ONLY___ ═
2022-05-18 17:18:06,323 INFO     ___FILE_ONLY___ ═
2022-05-18 17:18:06,323 INFO     ___FILE_ONLY___ ═
2022-05-18 17:18:06,324 INFO     ___FILE_ONLY___ ═
2022-05-18 17:18:06,325 INFO     ___FILE_ONLY___ ═
2022-05-18 17:18:06,325 INFO     ___FILE_ONLY___ ═
2022-05-18 17:18:06,326 INFO     ___FILE_ONLY___ ═
2022-05-18 17:18:06,326 INFO     ___FILE_ONLY___ ═
2022-05-18 17:18:06,327 INFO     ___FILE_ONLY___ ═
2022-05-18 17:18:06,328 INFO     ___FILE_ONLY___ ═
2022-05-18 17:18:06,328 INFO     ___FILE_ONLY___ ═
2022-05-18 17:18:06,329 INFO     ___FILE_ONLY___ ═
2022-05-18 17:18:06,330 INFO     ___FILE_ONLY___ ═
2022-05-18 17:18:06,330 INFO     ___FILE_ONLY___ ═
2022-05-18 17:18:06,331 INFO     ___FILE_ONLY___ ═
2022-05-18 17:18:06,333 INFO     ___FILE_ONLY___ ═
2022-05-18 17:18:06,333 INFO     ___FILE_ONLY___ ═
2022-05-18 17:18:06,334 INFO     ___FILE_ONLY___ ═
2022-05-18 17:18:06,335 INFO     ___FILE_ONLY___ ═
2022-05-18 17:18:06,335 INFO     ___FILE_ONLY___ ═
2022-05-18 17:18:06,336 INFO     ___FILE_ONLY___ ═
2022-05-18 17:18:06,336 INFO     ___FILE_ONLY___ ═
2022-05-18 17:18:06,338 INFO     ___FILE_ONLY___ ═
2022-05-18 17:18:06,338 INFO     ___FILE_ONLY___ ═
2022-05-18 17:18:06,339 INFO     ___FILE_ONLY___ ═
2022-05-18 17:18:06,339 INFO     ___FILE_ONLY___ ═
2022-05-18 17:18:06,340 INFO     ___FILE_ONLY___ ═
2022-05-18 17:18:06,340 INFO     ___FILE_ONLY___ ═
2022-05-18 17:18:06,341 INFO     ___FILE_ONLY___ ═
2022-05-18 17:18:06,341 INFO     ___FILE_ONLY___ ═
2022-05-18 17:18:06,341 INFO     ___FILE_ONLY___ ╝
2022-05-18 17:18:06,369 INFO     ___FILE_ONLY___ ╠════════════════════════════════════════════════════════════╣

2022-05-18 17:18:06,369 INFO     ___FILE_ONLY___ ╠═ Uninstalling: BigQuery Command Line Tool (Platform Sp... ═╣

2022-05-18 17:18:06,369 INFO     ___FILE_ONLY___ ╚
2022-05-18 17:18:06,370 INFO     ___FILE_ONLY___ ════════════════════════════════════════════════════════════
2022-05-18 17:18:06,370 INFO     ___FILE_ONLY___ ╝
2022-05-18 17:18:06,370 INFO     ___FILE_ONLY___ ╠════════════════════════════════════════════════════════════╣

2022-05-18 17:18:06,370 INFO     ___FILE_ONLY___ ╠═ Uninstalling: Cloud SDK Core Libraries                   ═╣

2022-05-18 17:18:06,370 INFO     ___FILE_ONLY___ ╚
2022-05-18 17:18:06,390 INFO     ___FILE_ONLY___ ═
2022-05-18 17:18:06,402 INFO     ___FILE_ONLY___ ═
2022-05-18 17:18:06,416 INFO     ___FILE_ONLY___ ═
2022-05-18 17:18:06,427 INFO     ___FILE_ONLY___ ═
2022-05-18 17:18:06,461 INFO     ___FILE_ONLY___ ═
2022-05-18 17:18:06,471 INFO     ___FILE_ONLY___ ═
2022-05-18 17:18:06,519 INFO     ___FILE_ONLY___ ═
2022-05-18 17:18:06,531 INFO     ___FILE_ONLY___ ═
2022-05-18 17:18:06,586 INFO     ___FILE_ONLY___ ═
2022-05-18 17:18:06,609 INFO     ___FILE_ONLY___ ═
2022-05-18 17:18:06,620 INFO     ___FILE_ONLY___ ═
2022-05-18 17:18:06,636 INFO     ___FILE_ONLY___ ═
2022-05-18 17:18:06,647 INFO     ___FILE_ONLY___ ═
2022-05-18 17:18:06,657 INFO     ___FILE_ONLY___ ═
2022-05-18 17:18:06,667 INFO     ___FILE_ONLY___ ═
2022-05-18 17:18:06,677 INFO     ___FILE_ONLY___ ═
2022-05-18 17:18:06,687 INFO     ___FILE_ONLY___ ═
2022-05-18 17:18:06,697 INFO     ___FILE_ONLY___ ═
2022-05-18 17:18:06,707 INFO     ___FILE_ONLY___ ═
2022-05-18 17:18:06,718 INFO     ___FILE_ONLY___ ═
2022-05-18 17:18:06,728 INFO     ___FILE_ONLY___ ═
2022-05-18 17:18:06,739 INFO     ___FILE_ONLY___ ═
2022-05-18 17:18:06,750 INFO     ___FILE_ONLY___ ═
2022-05-18 17:18:06,761 INFO     ___FILE_ONLY___ ═
2022-05-18 17:18:06,774 INFO     ___FILE_ONLY___ ═
2022-05-18 17:18:06,786 INFO     ___FILE_ONLY___ ═
2022-05-18 17:18:06,796 INFO     ___FILE_ONLY___ ═
2022-05-18 17:18:06,809 INFO     ___FILE_ONLY___ ═
2022-05-18 17:18:06,820 INFO     ___FILE_ONLY___ ═
2022-05-18 17:18:06,830 INFO     ___FILE_ONLY___ ═
2022-05-18 17:18:06,841 INFO     ___FILE_ONLY___ ═
2022-05-18 17:18:06,851 INFO     ___FILE_ONLY___ ═
2022-05-18 17:18:06,862 INFO     ___FILE_ONLY___ ═
2022-05-18 17:18:06,871 INFO     ___FILE_ONLY___ ═
2022-05-18 17:18:06,918 INFO     ___FILE_ONLY___ ═
2022-05-18 17:18:06,929 INFO     ___FILE_ONLY___ ═
2022-05-18 17:18:06,940 INFO     ___FILE_ONLY___ ═
2022-05-18 17:18:06,952 INFO     ___FILE_ONLY___ ═
2022-05-18 17:18:06,961 INFO     ___FILE_ONLY___ ═
2022-05-18 17:18:06,972 INFO     ___FILE_ONLY___ ═
2022-05-18 17:18:06,981 INFO     ___FILE_ONLY___ ═
2022-05-18 17:18:06,991 INFO     ___FILE_ONLY___ ═
2022-05-18 17:18:07,001 INFO     ___FILE_ONLY___ ═
2022-05-18 17:18:07,011 INFO     ___FILE_ONLY___ ═
2022-05-18 17:18:07,022 INFO     ___FILE_ONLY___ ═
2022-05-18 17:18:07,031 INFO     ___FILE_ONLY___ ═
2022-05-18 17:18:07,041 INFO     ___FILE_ONLY___ ═
2022-05-18 17:18:07,053 INFO     ___FILE_ONLY___ ═
2022-05-18 17:18:07,063 INFO     ___FILE_ONLY___ ═
2022-05-18 17:18:07,074 INFO     ___FILE_ONLY___ ═
2022-05-18 17:18:07,084 INFO     ___FILE_ONLY___ ═
2022-05-18 17:18:07,094 INFO     ___FILE_ONLY___ ═
2022-05-18 17:18:07,105 INFO     ___FILE_ONLY___ ═
2022-05-18 17:18:07,115 INFO     ___FILE_ONLY___ ═
2022-05-18 17:18:07,126 INFO     ___FILE_ONLY___ ═
2022-05-18 17:18:07,136 INFO     ___FILE_ONLY___ ═
2022-05-18 17:18:07,145 INFO     ___FILE_ONLY___ ═
2022-05-18 17:18:07,155 INFO     ___FILE_ONLY___ ═
2022-05-18 17:18:07,165 INFO     ___FILE_ONLY___ ═
2022-05-18 17:18:07,177 INFO     ___FILE_ONLY___ ═
2022-05-18 17:18:07,177 INFO     ___FILE_ONLY___ ╝
2022-05-18 17:18:08,015 INFO     ___FILE_ONLY___ ╠════════════════════════════════════════════════════════════╣

2022-05-18 17:18:08,015 INFO     ___FILE_ONLY___ ╠═ Uninstalling: Cloud SDK Core Libraries (Platform Spec... ═╣

2022-05-18 17:18:08,015 INFO     ___FILE_ONLY___ ╚
2022-05-18 17:18:08,018 INFO     ___FILE_ONLY___ ══════════════════════════════
2022-05-18 17:18:08,018 INFO     ___FILE_ONLY___ ══════════════════════════════
2022-05-18 17:18:08,018 INFO     ___FILE_ONLY___ ╝
2022-05-18 17:18:08,018 INFO     ___FILE_ONLY___ ╠════════════════════════════════════════════════════════════╣

2022-05-18 17:18:08,018 INFO     ___FILE_ONLY___ ╠═ Uninstalling: Cloud Storage Command Line Tool            ═╣

2022-05-18 17:18:08,018 INFO     ___FILE_ONLY___ ╚
2022-05-18 17:18:08,031 INFO     ___FILE_ONLY___ ═
2022-05-18 17:18:08,036 INFO     ___FILE_ONLY___ ═
2022-05-18 17:18:08,041 INFO     ___FILE_ONLY___ ═
2022-05-18 17:18:08,045 INFO     ___FILE_ONLY___ ═
2022-05-18 17:18:08,051 INFO     ___FILE_ONLY___ ═
2022-05-18 17:18:08,055 INFO     ___FILE_ONLY___ ═
2022-05-18 17:18:08,060 INFO     ___FILE_ONLY___ ═
2022-05-18 17:18:08,065 INFO     ___FILE_ONLY___ ═
2022-05-18 17:18:08,070 INFO     ___FILE_ONLY___ ═
2022-05-18 17:18:08,076 INFO     ___FILE_ONLY___ ═
2022-05-18 17:18:08,080 INFO     ___FILE_ONLY___ ═
2022-05-18 17:18:08,085 INFO     ___FILE_ONLY___ ═
2022-05-18 17:18:08,089 INFO     ___FILE_ONLY___ ═
2022-05-18 17:18:08,095 INFO     ___FILE_ONLY___ ═
2022-05-18 17:18:08,100 INFO     ___FILE_ONLY___ ═
2022-05-18 17:18:08,105 INFO     ___FILE_ONLY___ ═
2022-05-18 17:18:08,110 INFO     ___FILE_ONLY___ ═
2022-05-18 17:18:08,115 INFO     ___FILE_ONLY___ ═
2022-05-18 17:18:08,119 INFO     ___FILE_ONLY___ ═
2022-05-18 17:18:08,124 INFO     ___FILE_ONLY___ ═
2022-05-18 17:18:08,128 INFO     ___FILE_ONLY___ ═
2022-05-18 17:18:08,133 INFO     ___FILE_ONLY___ ═
2022-05-18 17:18:08,138 INFO     ___FILE_ONLY___ ═
2022-05-18 17:18:08,144 INFO     ___FILE_ONLY___ ═
2022-05-18 17:18:08,149 INFO     ___FILE_ONLY___ ═
2022-05-18 17:18:08,153 INFO     ___FILE_ONLY___ ═
2022-05-18 17:18:08,160 INFO     ___FILE_ONLY___ ═
2022-05-18 17:18:08,165 INFO     ___FILE_ONLY___ ═
2022-05-18 17:18:08,169 INFO     ___FILE_ONLY___ ═
2022-05-18 17:18:08,174 INFO     ___FILE_ONLY___ ═
2022-05-18 17:18:08,179 INFO     ___FILE_ONLY___ ═
2022-05-18 17:18:08,185 INFO     ___FILE_ONLY___ ═
2022-05-18 17:18:08,189 INFO     ___FILE_ONLY___ ═
2022-05-18 17:18:08,194 INFO     ___FILE_ONLY___ ═
2022-05-18 17:18:08,199 INFO     ___FILE_ONLY___ ═
2022-05-18 17:18:08,203 INFO     ___FILE_ONLY___ ═
2022-05-18 17:18:08,208 INFO     ___FILE_ONLY___ ═
2022-05-18 17:18:08,212 INFO     ___FILE_ONLY___ ═
2022-05-18 17:18:08,218 INFO     ___FILE_ONLY___ ═
2022-05-18 17:18:08,222 INFO     ___FILE_ONLY___ ═
2022-05-18 17:18:08,227 INFO     ___FILE_ONLY___ ═
2022-05-18 17:18:08,231 INFO     ___FILE_ONLY___ ═
2022-05-18 17:18:08,235 INFO     ___FILE_ONLY___ ═
2022-05-18 17:18:08,239 INFO     ___FILE_ONLY___ ═
2022-05-18 17:18:08,244 INFO     ___FILE_ONLY___ ═
2022-05-18 17:18:08,247 INFO     ___FILE_ONLY___ ═
2022-05-18 17:18:08,251 INFO     ___FILE_ONLY___ ═
2022-05-18 17:18:08,255 INFO     ___FILE_ONLY___ ═
2022-05-18 17:18:08,261 INFO     ___FILE_ONLY___ ═
2022-05-18 17:18:08,267 INFO     ___FILE_ONLY___ ═
2022-05-18 17:18:08,272 INFO     ___FILE_ONLY___ ═
2022-05-18 17:18:08,276 INFO     ___FILE_ONLY___ ═
2022-05-18 17:18:08,280 INFO     ___FILE_ONLY___ ═
2022-05-18 17:18:08,284 INFO     ___FILE_ONLY___ ═
2022-05-18 17:18:08,289 INFO     ___FILE_ONLY___ ═
2022-05-18 17:18:08,293 INFO     ___FILE_ONLY___ ═
2022-05-18 17:18:08,298 INFO     ___FILE_ONLY___ ═
2022-05-18 17:18:08,304 INFO     ___FILE_ONLY___ ═
2022-05-18 17:18:08,308 INFO     ___FILE_ONLY___ ═
2022-05-18 17:18:08,312 INFO     ___FILE_ONLY___ ═
2022-05-18 17:18:08,312 INFO     ___FILE_ONLY___ ╝
2022-05-18 17:18:08,504 INFO     ___FILE_ONLY___ ╠════════════════════════════════════════════════════════════╣

2022-05-18 17:18:08,504 INFO     ___FILE_ONLY___ ╠═ Uninstalling: Cloud Storage Command Line Tool (Platfo... ═╣

2022-05-18 17:18:08,504 INFO     ___FILE_ONLY___ ╚
2022-05-18 17:18:08,505 INFO     ___FILE_ONLY___ ════════════════════════════════════════════════════════════
2022-05-18 17:18:08,505 INFO     ___FILE_ONLY___ ╝
2022-05-18 17:18:08,506 INFO     ___FILE_ONLY___ ╠════════════════════════════════════════════════════════════╣

2022-05-18 17:18:08,506 INFO     ___FILE_ONLY___ ╠═ Uninstalling: anthoscli                                  ═╣

2022-05-18 17:18:08,506 INFO     ___FILE_ONLY___ ╚
2022-05-18 17:18:08,509 INFO     ___FILE_ONLY___ ════════════════════
2022-05-18 17:18:08,510 INFO     ___FILE_ONLY___ ════════════════════
2022-05-18 17:18:08,510 INFO     ___FILE_ONLY___ ════════════════════
2022-05-18 17:18:08,510 INFO     ___FILE_ONLY___ ╝
2022-05-18 17:18:08,510 INFO     ___FILE_ONLY___ ╠════════════════════════════════════════════════════════════╣

2022-05-18 17:18:08,510 INFO     ___FILE_ONLY___ ╠═ Uninstalling: gcloud cli dependencies                    ═╣

2022-05-18 17:18:08,510 INFO     ___FILE_ONLY___ ╚
2022-05-18 17:18:08,521 INFO     ___FILE_ONLY___ ═
2022-05-18 17:18:08,525 INFO     ___FILE_ONLY___ ═
2022-05-18 17:18:08,529 INFO     ___FILE_ONLY___ ═
2022-05-18 17:18:08,535 INFO     ___FILE_ONLY___ ═
2022-05-18 17:18:08,539 INFO     ___FILE_ONLY___ ═
2022-05-18 17:18:08,543 INFO     ___FILE_ONLY___ ═
2022-05-18 17:18:08,548 INFO     ___FILE_ONLY___ ═
2022-05-18 17:18:08,575 INFO     ___FILE_ONLY___ ═
2022-05-18 17:18:08,580 INFO     ___FILE_ONLY___ ═
2022-05-18 17:18:08,586 INFO     ___FILE_ONLY___ ═
2022-05-18 17:18:08,591 INFO     ___FILE_ONLY___ ═
2022-05-18 17:18:08,596 INFO     ___FILE_ONLY___ ═
2022-05-18 17:18:08,601 INFO     ___FILE_ONLY___ ═
2022-05-18 17:18:08,606 INFO     ___FILE_ONLY___ ═
2022-05-18 17:18:08,611 INFO     ___FILE_ONLY___ ═
2022-05-18 17:18:08,616 INFO     ___FILE_ONLY___ ═
2022-05-18 17:18:08,620 INFO     ___FILE_ONLY___ ═
2022-05-18 17:18:08,624 INFO     ___FILE_ONLY___ ═
2022-05-18 17:18:08,629 INFO     ___FILE_ONLY___ ═
2022-05-18 17:18:08,633 INFO     ___FILE_ONLY___ ═
2022-05-18 17:18:08,637 INFO     ___FILE_ONLY___ ═
2022-05-18 17:18:08,643 INFO     ___FILE_ONLY___ ═
2022-05-18 17:18:08,647 INFO     ___FILE_ONLY___ ═
2022-05-18 17:18:08,653 INFO     ___FILE_ONLY___ ═
2022-05-18 17:18:08,659 INFO     ___FILE_ONLY___ ═
2022-05-18 17:18:08,664 INFO     ___FILE_ONLY___ ═
2022-05-18 17:18:08,669 INFO     ___FILE_ONLY___ ═
2022-05-18 17:18:08,675 INFO     ___FILE_ONLY___ ═
2022-05-18 17:18:08,681 INFO     ___FILE_ONLY___ ═
2022-05-18 17:18:08,687 INFO     ___FILE_ONLY___ ═
2022-05-18 17:18:08,692 INFO     ___FILE_ONLY___ ═
2022-05-18 17:18:08,697 INFO     ___FILE_ONLY___ ═
2022-05-18 17:18:08,704 INFO     ___FILE_ONLY___ ═
2022-05-18 17:18:08,709 INFO     ___FILE_ONLY___ ═
2022-05-18 17:18:08,715 INFO     ___FILE_ONLY___ ═
2022-05-18 17:18:08,721 INFO     ___FILE_ONLY___ ═
2022-05-18 17:18:08,726 INFO     ___FILE_ONLY___ ═
2022-05-18 17:18:08,731 INFO     ___FILE_ONLY___ ═
2022-05-18 17:18:08,738 INFO     ___FILE_ONLY___ ═
2022-05-18 17:18:08,742 INFO     ___FILE_ONLY___ ═
2022-05-18 17:18:08,747 INFO     ___FILE_ONLY___ ═
2022-05-18 17:18:08,752 INFO     ___FILE_ONLY___ ═
2022-05-18 17:18:08,756 INFO     ___FILE_ONLY___ ═
2022-05-18 17:18:08,761 INFO     ___FILE_ONLY___ ═
2022-05-18 17:18:08,765 INFO     ___FILE_ONLY___ ═
2022-05-18 17:18:08,770 INFO     ___FILE_ONLY___ ═
2022-05-18 17:18:08,775 INFO     ___FILE_ONLY___ ═
2022-05-18 17:18:08,779 INFO     ___FILE_ONLY___ ═
2022-05-18 17:18:08,783 INFO     ___FILE_ONLY___ ═
2022-05-18 17:18:08,788 INFO     ___FILE_ONLY___ ═
2022-05-18 17:18:08,814 INFO     ___FILE_ONLY___ ═
2022-05-18 17:18:08,818 INFO     ___FILE_ONLY___ ═
2022-05-18 17:18:08,822 INFO     ___FILE_ONLY___ ═
2022-05-18 17:18:08,827 INFO     ___FILE_ONLY___ ═
2022-05-18 17:18:08,831 INFO     ___FILE_ONLY___ ═
2022-05-18 17:18:08,835 INFO     ___FILE_ONLY___ ═
2022-05-18 17:18:08,839 INFO     ___FILE_ONLY___ ═
2022-05-18 17:18:08,849 INFO     ___FILE_ONLY___ ═
2022-05-18 17:18:08,888 INFO     ___FILE_ONLY___ ═
2022-05-18 17:18:08,898 INFO     ___FILE_ONLY___ ═
2022-05-18 17:18:08,899 INFO     ___FILE_ONLY___ ╝
2022-05-18 17:18:09,133 INFO     ___FILE_ONLY___ ╠════════════════════════════════════════════════════════════╣

2022-05-18 17:18:09,133 INFO     ___FILE_ONLY___ ╠═ Installing: BigQuery Command Line Tool                   ═╣

2022-05-18 17:18:09,133 INFO     ___FILE_ONLY___ ╚
2022-05-18 17:18:09,138 DEBUG    urllib3.connectionpool Starting new HTTPS connection (1): dl.google.com:443
2022-05-18 17:18:09,233 DEBUG    urllib3.connectionpool https://dl.google.com:443 "GET /dl/cloudsdk/channels/rapid/components/google-cloud-sdk-bq-20220222143224.tar.gz HTTP/1.1" 200 1085920
2022-05-18 17:18:09,300 INFO     ___FILE_ONLY___ ═
2022-05-18 17:18:09,300 INFO     ___FILE_ONLY___ ═
2022-05-18 17:18:09,301 INFO     ___FILE_ONLY___ ═
2022-05-18 17:18:09,301 INFO     ___FILE_ONLY___ ═
2022-05-18 17:18:09,301 INFO     ___FILE_ONLY___ ═
2022-05-18 17:18:09,301 INFO     ___FILE_ONLY___ ═
2022-05-18 17:18:09,301 INFO     ___FILE_ONLY___ ═
2022-05-18 17:18:09,301 INFO     ___FILE_ONLY___ ═
2022-05-18 17:18:09,301 INFO     ___FILE_ONLY___ ═
2022-05-18 17:18:09,301 INFO     ___FILE_ONLY___ ═
2022-05-18 17:18:09,302 INFO     ___FILE_ONLY___ ═
2022-05-18 17:18:09,302 INFO     ___FILE_ONLY___ ═
2022-05-18 17:18:09,302 INFO     ___FILE_ONLY___ ═
2022-05-18 17:18:09,302 INFO     ___FILE_ONLY___ ═
2022-05-18 17:18:09,302 INFO     ___FILE_ONLY___ ═
2022-05-18 17:18:09,302 INFO     ___FILE_ONLY___ ═
2022-05-18 17:18:09,302 INFO     ___FILE_ONLY___ ═
2022-05-18 17:18:09,302 INFO     ___FILE_ONLY___ ═
2022-05-18 17:18:09,302 INFO     ___FILE_ONLY___ ═
2022-05-18 17:18:09,303 INFO     ___FILE_ONLY___ ═
2022-05-18 17:18:09,303 INFO     ___FILE_ONLY___ ═
2022-05-18 17:18:09,303 INFO     ___FILE_ONLY___ ═
2022-05-18 17:18:09,303 INFO     ___FILE_ONLY___ ═
2022-05-18 17:18:09,303 INFO     ___FILE_ONLY___ ═
2022-05-18 17:18:09,303 INFO     ___FILE_ONLY___ ═
2022-05-18 17:18:09,303 INFO     ___FILE_ONLY___ ═
2022-05-18 17:18:09,303 INFO     ___FILE_ONLY___ ═
2022-05-18 17:18:09,303 INFO     ___FILE_ONLY___ ═
2022-05-18 17:18:09,303 INFO     ___FILE_ONLY___ ═
2022-05-18 17:18:09,303 INFO     ___FILE_ONLY___ ═
2022-05-18 17:18:09,332 INFO     ___FILE_ONLY___ ═
2022-05-18 17:18:09,336 INFO     ___FILE_ONLY___ ═
2022-05-18 17:18:09,339 INFO     ___FILE_ONLY___ ═
2022-05-18 17:18:09,341 INFO     ___FILE_ONLY___ ═
2022-05-18 17:18:09,343 INFO     ___FILE_ONLY___ ═
2022-05-18 17:18:09,344 INFO     ___FILE_ONLY___ ═
2022-05-18 17:18:09,347 INFO     ___FILE_ONLY___ ═
2022-05-18 17:18:09,348 INFO     ___FILE_ONLY___ ═
2022-05-18 17:18:09,350 INFO     ___FILE_ONLY___ ═
2022-05-18 17:18:09,351 INFO     ___FILE_ONLY___ ═
2022-05-18 17:18:09,353 INFO     ___FILE_ONLY___ ═
2022-05-18 17:18:09,356 INFO     ___FILE_ONLY___ ═
2022-05-18 17:18:09,358 INFO     ___FILE_ONLY___ ═
2022-05-18 17:18:09,359 INFO     ___FILE_ONLY___ ═
2022-05-18 17:18:09,361 INFO     ___FILE_ONLY___ ═
2022-05-18 17:18:09,362 INFO     ___FILE_ONLY___ ═
2022-05-18 17:18:09,364 INFO     ___FILE_ONLY___ ═
2022-05-18 17:18:09,365 INFO     ___FILE_ONLY___ ═
2022-05-18 17:18:09,367 INFO     ___FILE_ONLY___ ═
2022-05-18 17:18:09,368 INFO     ___FILE_ONLY___ ═
2022-05-18 17:18:09,370 INFO     ___FILE_ONLY___ ═
2022-05-18 17:18:09,374 INFO     ___FILE_ONLY___ ═
2022-05-18 17:18:09,375 INFO     ___FILE_ONLY___ ═
2022-05-18 17:18:09,377 INFO     ___FILE_ONLY___ ═
2022-05-18 17:18:09,378 INFO     ___FILE_ONLY___ ═
2022-05-18 17:18:09,380 INFO     ___FILE_ONLY___ ═
2022-05-18 17:18:09,381 INFO     ___FILE_ONLY___ ═
2022-05-18 17:18:09,382 INFO     ___FILE_ONLY___ ═
2022-05-18 17:18:09,383 INFO     ___FILE_ONLY___ ═
2022-05-18 17:18:09,385 INFO     ___FILE_ONLY___ ═
2022-05-18 17:18:09,385 INFO     ___FILE_ONLY___ ╝
2022-05-18 17:18:09,394 INFO     ___FILE_ONLY___ ╠════════════════════════════════════════════════════════════╣

2022-05-18 17:18:09,394 INFO     ___FILE_ONLY___ ╠═ Installing: BigQuery Command Line Tool (Platform Spec... ═╣

2022-05-18 17:18:09,394 INFO     ___FILE_ONLY___ ╚
2022-05-18 17:18:09,399 DEBUG    urllib3.connectionpool Starting new HTTPS connection (1): dl.google.com:443
2022-05-18 17:18:09,490 DEBUG    urllib3.connectionpool https://dl.google.com:443 "GET /dl/cloudsdk/channels/rapid/components/google-cloud-sdk-bq-nix-20220128152443.tar.gz HTTP/1.1" 200 1943
2022-05-18 17:18:09,490 INFO     ___FILE_ONLY___ ══════════════════════════════
2022-05-18 17:18:09,491 INFO     ___FILE_ONLY___ ══════════════════════════════
2022-05-18 17:18:09,491 INFO     ___FILE_ONLY___ ╝
2022-05-18 17:18:09,494 INFO     ___FILE_ONLY___ ╠════════════════════════════════════════════════════════════╣

2022-05-18 17:18:09,494 INFO     ___FILE_ONLY___ ╠═ Installing: Cloud Storage Command Line Tool              ═╣

2022-05-18 17:18:09,494 INFO     ___FILE_ONLY___ ╚
2022-05-18 17:18:09,496 DEBUG    urllib3.connectionpool Starting new HTTPS connection (1): dl.google.com:443
2022-05-18 17:18:09,588 DEBUG    urllib3.connectionpool https://dl.google.com:443 "GET /dl/cloudsdk/channels/rapid/components/google-cloud-sdk-gsutil-20220504215042.tar.gz HTTP/1.1" 200 16215233
2022-05-18 17:18:09,995 INFO     ___FILE_ONLY___ ═
2022-05-18 17:18:09,997 INFO     ___FILE_ONLY___ ═
2022-05-18 17:18:09,998 INFO     ___FILE_ONLY___ ═
2022-05-18 17:18:10,001 INFO     ___FILE_ONLY___ ═
2022-05-18 17:18:10,002 INFO     ___FILE_ONLY___ ═
2022-05-18 17:18:10,004 INFO     ___FILE_ONLY___ ═
2022-05-18 17:18:10,006 INFO     ___FILE_ONLY___ ═
2022-05-18 17:18:10,008 INFO     ___FILE_ONLY___ ═
2022-05-18 17:18:10,009 INFO     ___FILE_ONLY___ ═
2022-05-18 17:18:10,010 INFO     ___FILE_ONLY___ ═
2022-05-18 17:18:10,010 INFO     ___FILE_ONLY___ ═
2022-05-18 17:18:10,011 INFO     ___FILE_ONLY___ ═
2022-05-18 17:18:10,012 INFO     ___FILE_ONLY___ ═
2022-05-18 17:18:10,012 INFO     ___FILE_ONLY___ ═
2022-05-18 17:18:10,012 INFO     ___FILE_ONLY___ ═
2022-05-18 17:18:10,013 INFO     ___FILE_ONLY___ ═
2022-05-18 17:18:10,014 INFO     ___FILE_ONLY___ ═
2022-05-18 17:18:10,014 INFO     ___FILE_ONLY___ ═
2022-05-18 17:18:10,015 INFO     ___FILE_ONLY___ ═
2022-05-18 17:18:10,016 INFO     ___FILE_ONLY___ ═
2022-05-18 17:18:10,016 INFO     ___FILE_ONLY___ ═
2022-05-18 17:18:10,017 INFO     ___FILE_ONLY___ ═
2022-05-18 17:18:10,017 INFO     ___FILE_ONLY___ ═
2022-05-18 17:18:10,018 INFO     ___FILE_ONLY___ ═
2022-05-18 17:18:10,018 INFO     ___FILE_ONLY___ ═
2022-05-18 17:18:10,019 INFO     ___FILE_ONLY___ ═
2022-05-18 17:18:10,019 INFO     ___FILE_ONLY___ ═
2022-05-18 17:18:10,020 INFO     ___FILE_ONLY___ ═
2022-05-18 17:18:10,022 INFO     ___FILE_ONLY___ ═
2022-05-18 17:18:10,022 INFO     ___FILE_ONLY___ ═
2022-05-18 17:18:10,535 INFO     ___FILE_ONLY___ ═
2022-05-18 17:18:10,562 INFO     ___FILE_ONLY___ ═
2022-05-18 17:18:10,587 INFO     ___FILE_ONLY___ ═
2022-05-18 17:18:10,609 INFO     ___FILE_ONLY___ ═
2022-05-18 17:18:10,632 INFO     ___FILE_ONLY___ ═
2022-05-18 17:18:10,667 INFO     ___FILE_ONLY___ ═
2022-05-18 17:18:10,696 INFO     ___FILE_ONLY___ ═
2022-05-18 17:18:10,731 INFO     ___FILE_ONLY___ ═
2022-05-18 17:18:10,761 INFO     ___FILE_ONLY___ ═
2022-05-18 17:18:10,783 INFO     ___FILE_ONLY___ ═
2022-05-18 17:18:10,814 INFO     ___FILE_ONLY___ ═
2022-05-18 17:18:10,838 INFO     ___FILE_ONLY___ ═
2022-05-18 17:18:10,870 INFO     ___FILE_ONLY___ ═
2022-05-18 17:18:10,941 INFO     ___FILE_ONLY___ ═
2022-05-18 17:18:11,115 INFO     ___FILE_ONLY___ ═
2022-05-18 17:18:11,141 INFO     ___FILE_ONLY___ ═
2022-05-18 17:18:11,167 INFO     ___FILE_ONLY___ ═
2022-05-18 17:18:11,190 INFO     ___FILE_ONLY___ ═
2022-05-18 17:18:11,212 INFO     ___FILE_ONLY___ ═
2022-05-18 17:18:11,236 INFO     ___FILE_ONLY___ ═
2022-05-18 17:18:11,261 INFO     ___FILE_ONLY___ ═
2022-05-18 17:18:11,288 INFO     ___FILE_ONLY___ ═
2022-05-18 17:18:11,318 INFO     ___FILE_ONLY___ ═
2022-05-18 17:18:11,344 INFO     ___FILE_ONLY___ ═
2022-05-18 17:18:11,373 INFO     ___FILE_ONLY___ ═
2022-05-18 17:18:11,448 INFO     ___FILE_ONLY___ ═
2022-05-18 17:18:11,471 INFO     ___FILE_ONLY___ ═
2022-05-18 17:18:11,492 INFO     ___FILE_ONLY___ ═
2022-05-18 17:18:11,513 INFO     ___FILE_ONLY___ ═
2022-05-18 17:18:11,552 INFO     ___FILE_ONLY___ ═
2022-05-18 17:18:11,552 INFO     ___FILE_ONLY___ ╝
2022-05-18 17:18:11,594 INFO     ___FILE_ONLY___ ╠════════════════════════════════════════════════════════════╣

2022-05-18 17:18:11,594 INFO     ___FILE_ONLY___ ╠═ Installing: Cloud Storage Command Line Tool (Platform... ═╣

2022-05-18 17:18:11,594 INFO     ___FILE_ONLY___ ╚
2022-05-18 17:18:11,597 DEBUG    urllib3.connectionpool Starting new HTTPS connection (1): dl.google.com:443
2022-05-18 17:18:11,680 DEBUG    urllib3.connectionpool https://dl.google.com:443 "GET /dl/cloudsdk/channels/rapid/components/google-cloud-sdk-gsutil-nix-20220128152443.tar.gz HTTP/1.1" 200 1955
2022-05-18 17:18:11,681 INFO     ___FILE_ONLY___ ══════════════════════════════
2022-05-18 17:18:11,682 INFO     ___FILE_ONLY___ ══════════════════════════════
2022-05-18 17:18:11,682 INFO     ___FILE_ONLY___ ╝
2022-05-18 17:18:11,685 INFO     ___FILE_ONLY___ ╠════════════════════════════════════════════════════════════╣

2022-05-18 17:18:11,685 INFO     ___FILE_ONLY___ ╠═ Installing: Google Cloud CLI Core Libraries              ═╣

2022-05-18 17:18:11,685 INFO     ___FILE_ONLY___ ╚
2022-05-18 17:18:11,687 DEBUG    urllib3.connectionpool Starting new HTTPS connection (1): dl.google.com:443
2022-05-18 17:18:11,770 DEBUG    urllib3.connectionpool https://dl.google.com:443 "GET /dl/cloudsdk/channels/rapid/components/google-cloud-sdk-core-20220513155936.tar.gz HTTP/1.1" 200 24357880
2022-05-18 17:18:12,188 INFO     ___FILE_ONLY___ ═
2022-05-18 17:18:12,191 INFO     ___FILE_ONLY___ ═
2022-05-18 17:18:12,192 INFO     ___FILE_ONLY___ ═
2022-05-18 17:18:12,195 INFO     ___FILE_ONLY___ ═
2022-05-18 17:18:12,196 INFO     ___FILE_ONLY___ ═
2022-05-18 17:18:12,197 INFO     ___FILE_ONLY___ ═
2022-05-18 17:18:12,197 INFO     ___FILE_ONLY___ ═
2022-05-18 17:18:12,199 INFO     ___FILE_ONLY___ ═
2022-05-18 17:18:12,199 INFO     ___FILE_ONLY___ ═
2022-05-18 17:18:12,200 INFO     ___FILE_ONLY___ ═
2022-05-18 17:18:12,201 INFO     ___FILE_ONLY___ ═
2022-05-18 17:18:12,202 INFO     ___FILE_ONLY___ ═
2022-05-18 17:18:12,202 INFO     ___FILE_ONLY___ ═
2022-05-18 17:18:12,203 INFO     ___FILE_ONLY___ ═
2022-05-18 17:18:12,204 INFO     ___FILE_ONLY___ ═
2022-05-18 17:18:12,205 INFO     ___FILE_ONLY___ ═
2022-05-18 17:18:12,206 INFO     ___FILE_ONLY___ ═
2022-05-18 17:18:12,206 INFO     ___FILE_ONLY___ ═
2022-05-18 17:18:12,207 INFO     ___FILE_ONLY___ ═
2022-05-18 17:18:12,207 INFO     ___FILE_ONLY___ ═
2022-05-18 17:18:12,208 INFO     ___FILE_ONLY___ ═
2022-05-18 17:18:12,209 INFO     ___FILE_ONLY___ ═
2022-05-18 17:18:12,210 INFO     ___FILE_ONLY___ ═
2022-05-18 17:18:12,210 INFO     ___FILE_ONLY___ ═
2022-05-18 17:18:12,212 INFO     ___FILE_ONLY___ ═
2022-05-18 17:18:12,212 INFO     ___FILE_ONLY___ ═
2022-05-18 17:18:12,213 INFO     ___FILE_ONLY___ ═
2022-05-18 17:18:12,214 INFO     ___FILE_ONLY___ ═
2022-05-18 17:18:12,214 INFO     ___FILE_ONLY___ ═
2022-05-18 17:18:12,215 INFO     ___FILE_ONLY___ ═
2022-05-18 17:18:13,620 INFO     ___FILE_ONLY___ ═
2022-05-18 17:18:13,660 INFO     ___FILE_ONLY___ ═
2022-05-18 17:18:13,699 INFO     ___FILE_ONLY___ ═
2022-05-18 17:18:13,737 INFO     ___FILE_ONLY___ ═
2022-05-18 17:18:13,778 INFO     ___FILE_ONLY___ ═
2022-05-18 17:18:13,815 INFO     ___FILE_ONLY___ ═
2022-05-18 17:18:13,859 INFO     ___FILE_ONLY___ ═
2022-05-18 17:18:13,904 INFO     ___FILE_ONLY___ ═
2022-05-18 17:18:13,949 INFO     ___FILE_ONLY___ ═
2022-05-18 17:18:13,989 INFO     ___FILE_ONLY___ ═
2022-05-18 17:18:14,038 INFO     ___FILE_ONLY___ ═
2022-05-18 17:18:14,082 INFO     ___FILE_ONLY___ ═
2022-05-18 17:18:14,125 INFO     ___FILE_ONLY___ ═
2022-05-18 17:18:14,167 INFO     ___FILE_ONLY___ ═
2022-05-18 17:18:14,207 INFO     ___FILE_ONLY___ ═
2022-05-18 17:18:14,242 INFO     ___FILE_ONLY___ ═
2022-05-18 17:18:14,279 INFO     ___FILE_ONLY___ ═
2022-05-18 17:18:14,316 INFO     ___FILE_ONLY___ ═
2022-05-18 17:18:14,356 INFO     ___FILE_ONLY___ ═
2022-05-18 17:18:14,393 INFO     ___FILE_ONLY___ ═
2022-05-18 17:18:14,433 INFO     ___FILE_ONLY___ ═
2022-05-18 17:18:14,470 INFO     ___FILE_ONLY___ ═
2022-05-18 17:18:14,511 INFO     ___FILE_ONLY___ ═
2022-05-18 17:18:14,572 INFO     ___FILE_ONLY___ ═
2022-05-18 17:18:14,649 INFO     ___FILE_ONLY___ ═
2022-05-18 17:18:14,723 INFO     ___FILE_ONLY___ ═
2022-05-18 17:18:14,862 INFO     ___FILE_ONLY___ ═
2022-05-18 17:18:14,952 INFO     ___FILE_ONLY___ ═
2022-05-18 17:18:15,026 INFO     ___FILE_ONLY___ ═
2022-05-18 17:18:15,090 INFO     ___FILE_ONLY___ ═
2022-05-18 17:18:15,090 INFO     ___FILE_ONLY___ ╝
2022-05-18 17:18:15,143 INFO     ___FILE_ONLY___ ╠════════════════════════════════════════════════════════════╣

2022-05-18 17:18:15,143 INFO     ___FILE_ONLY___ ╠═ Installing: Google Cloud CLI Core Libraries (Platform... ═╣

2022-05-18 17:18:15,143 INFO     ___FILE_ONLY___ ╚
2022-05-18 17:18:15,145 DEBUG    urllib3.connectionpool Starting new HTTPS connection (1): dl.google.com:443
2022-05-18 17:18:15,230 DEBUG    urllib3.connectionpool https://dl.google.com:443 "GET /dl/cloudsdk/channels/rapid/components/google-cloud-sdk-core-nix-20220128152443.tar.gz HTTP/1.1" 200 2321
2022-05-18 17:18:15,231 INFO     ___FILE_ONLY___ ══════════════════════════════
2022-05-18 17:18:15,232 INFO     ___FILE_ONLY___ ═══════════════
2022-05-18 17:18:15,232 INFO     ___FILE_ONLY___ ═══════════════
2022-05-18 17:18:15,232 INFO     ___FILE_ONLY___ ╝
2022-05-18 17:18:15,235 INFO     ___FILE_ONLY___ ╠════════════════════════════════════════════════════════════╣

2022-05-18 17:18:15,235 INFO     ___FILE_ONLY___ ╠═ Installing: anthoscli                                    ═╣

2022-05-18 17:18:15,235 INFO     ___FILE_ONLY___ ╚
2022-05-18 17:18:15,237 DEBUG    urllib3.connectionpool Starting new HTTPS connection (1): dl.google.com:443
2022-05-18 17:18:15,345 DEBUG    urllib3.connectionpool https://dl.google.com:443 "GET /dl/cloudsdk/channels/rapid/components/google-cloud-sdk-anthoscli-darwin-arm-20220408151416.tar.gz HTTP/1.1" 200 48720031
2022-05-18 17:18:16,070 INFO     ___FILE_ONLY___ ═
2022-05-18 17:18:16,071 INFO     ___FILE_ONLY___ ═
2022-05-18 17:18:16,073 INFO     ___FILE_ONLY___ ═
2022-05-18 17:18:16,074 INFO     ___FILE_ONLY___ ═
2022-05-18 17:18:16,075 INFO     ___FILE_ONLY___ ═
2022-05-18 17:18:16,077 INFO     ___FILE_ONLY___ ═
2022-05-18 17:18:16,078 INFO     ___FILE_ONLY___ ═
2022-05-18 17:18:16,080 INFO     ___FILE_ONLY___ ═
2022-05-18 17:18:16,081 INFO     ___FILE_ONLY___ ═
2022-05-18 17:18:16,082 INFO     ___FILE_ONLY___ ═
2022-05-18 17:18:16,083 INFO     ___FILE_ONLY___ ═
2022-05-18 17:18:16,085 INFO     ___FILE_ONLY___ ═
2022-05-18 17:18:16,086 INFO     ___FILE_ONLY___ ═
2022-05-18 17:18:16,087 INFO     ___FILE_ONLY___ ═
2022-05-18 17:18:16,088 INFO     ___FILE_ONLY___ ═
2022-05-18 17:18:16,090 INFO     ___FILE_ONLY___ ═
2022-05-18 17:18:16,091 INFO     ___FILE_ONLY___ ═
2022-05-18 17:18:16,092 INFO     ___FILE_ONLY___ ═
2022-05-18 17:18:16,093 INFO     ___FILE_ONLY___ ═
2022-05-18 17:18:16,094 INFO     ___FILE_ONLY___ ═
2022-05-18 17:18:16,096 INFO     ___FILE_ONLY___ ═
2022-05-18 17:18:16,097 INFO     ___FILE_ONLY___ ═
2022-05-18 17:18:16,098 INFO     ___FILE_ONLY___ ═
2022-05-18 17:18:16,099 INFO     ___FILE_ONLY___ ═
2022-05-18 17:18:16,100 INFO     ___FILE_ONLY___ ═
2022-05-18 17:18:16,102 INFO     ___FILE_ONLY___ ═
2022-05-18 17:18:16,104 INFO     ___FILE_ONLY___ ═
2022-05-18 17:18:16,105 INFO     ___FILE_ONLY___ ═
2022-05-18 17:18:16,106 INFO     ___FILE_ONLY___ ═
2022-05-18 17:18:16,107 INFO     ___FILE_ONLY___ ═
2022-05-18 17:18:17,270 INFO     ___FILE_ONLY___ ══════════
2022-05-18 17:18:17,275 INFO     ___FILE_ONLY___ ═════════
2022-05-18 17:18:17,296 INFO     ___FILE_ONLY___ ═══════════
2022-05-18 17:18:17,297 INFO     ___FILE_ONLY___ ╝
2022-05-18 17:18:17,306 INFO     ___FILE_ONLY___ ╠════════════════════════════════════════════════════════════╣

2022-05-18 17:18:17,307 INFO     ___FILE_ONLY___ ╠═ Installing: gcloud cli dependencies                      ═╣

2022-05-18 17:18:17,307 INFO     ___FILE_ONLY___ ╚
2022-05-18 17:18:17,312 DEBUG    urllib3.connectionpool Starting new HTTPS connection (1): dl.google.com:443
2022-05-18 17:18:17,478 DEBUG    urllib3.connectionpool https://dl.google.com:443 "GET /dl/cloudsdk/channels/rapid/components/google-cloud-sdk-gcloud-deps-20220502181233.tar.gz HTTP/1.1" 200 11566241
2022-05-18 17:18:17,777 INFO     ___FILE_ONLY___ ═
2022-05-18 17:18:17,778 INFO     ___FILE_ONLY___ ═
2022-05-18 17:18:17,779 INFO     ___FILE_ONLY___ ═
2022-05-18 17:18:17,780 INFO     ___FILE_ONLY___ ═
2022-05-18 17:18:17,782 INFO     ___FILE_ONLY___ ═
2022-05-18 17:18:17,782 INFO     ___FILE_ONLY___ ═
2022-05-18 17:18:17,783 INFO     ___FILE_ONLY___ ═
2022-05-18 17:18:17,784 INFO     ___FILE_ONLY___ ═
2022-05-18 17:18:17,785 INFO     ___FILE_ONLY___ ═
2022-05-18 17:18:17,786 INFO     ___FILE_ONLY___ ═
2022-05-18 17:18:17,787 INFO     ___FILE_ONLY___ ═
2022-05-18 17:18:17,788 INFO     ___FILE_ONLY___ ═
2022-05-18 17:18:17,789 INFO     ___FILE_ONLY___ ═
2022-05-18 17:18:17,789 INFO     ___FILE_ONLY___ ═
2022-05-18 17:18:17,790 INFO     ___FILE_ONLY___ ═
2022-05-18 17:18:17,790 INFO     ___FILE_ONLY___ ═
2022-05-18 17:18:17,790 INFO     ___FILE_ONLY___ ═
2022-05-18 17:18:17,791 INFO     ___FILE_ONLY___ ═
2022-05-18 17:18:17,791 INFO     ___FILE_ONLY___ ═
2022-05-18 17:18:17,791 INFO     ___FILE_ONLY___ ═
2022-05-18 17:18:17,791 INFO     ___FILE_ONLY___ ═
2022-05-18 17:18:17,792 INFO     ___FILE_ONLY___ ═
2022-05-18 17:18:17,793 INFO     ___FILE_ONLY___ ═
2022-05-18 17:18:17,794 INFO     ___FILE_ONLY___ ═
2022-05-18 17:18:17,795 INFO     ___FILE_ONLY___ ═
2022-05-18 17:18:17,795 INFO     ___FILE_ONLY___ ═
2022-05-18 17:18:17,796 INFO     ___FILE_ONLY___ ═
2022-05-18 17:18:17,796 INFO     ___FILE_ONLY___ ═
2022-05-18 17:18:17,797 INFO     ___FILE_ONLY___ ═
2022-05-18 17:18:17,797 INFO     ___FILE_ONLY___ ═
2022-05-18 17:18:18,216 INFO     ___FILE_ONLY___ ═
2022-05-18 17:18:18,255 INFO     ___FILE_ONLY___ ═
2022-05-18 17:18:18,304 INFO     ___FILE_ONLY___ ═
2022-05-18 17:18:18,339 INFO     ___FILE_ONLY___ ═
2022-05-18 17:18:18,372 INFO     ___FILE_ONLY___ ═
2022-05-18 17:18:18,411 INFO     ___FILE_ONLY___ ═
2022-05-18 17:18:18,434 INFO     ___FILE_ONLY___ ═
2022-05-18 17:18:18,452 INFO     ___FILE_ONLY___ ═
2022-05-18 17:18:18,471 INFO     ___FILE_ONLY___ ═
2022-05-18 17:18:18,489 INFO     ___FILE_ONLY___ ═
2022-05-18 17:18:18,516 INFO     ___FILE_ONLY___ ═
2022-05-18 17:18:18,531 INFO     ___FILE_ONLY___ ═
2022-05-18 17:18:18,547 INFO     ___FILE_ONLY___ ═
2022-05-18 17:18:18,563 INFO     ___FILE_ONLY___ ═
2022-05-18 17:18:18,578 INFO     ___FILE_ONLY___ ═
2022-05-18 17:18:18,615 INFO     ___FILE_ONLY___ ═
2022-05-18 17:18:18,660 INFO     ___FILE_ONLY___ ═
2022-05-18 17:18:18,691 INFO     ___FILE_ONLY___ ═
2022-05-18 17:18:18,724 INFO     ___FILE_ONLY___ ═
2022-05-18 17:18:18,749 INFO     ___FILE_ONLY___ ═
2022-05-18 17:18:18,774 INFO     ___FILE_ONLY___ ═
2022-05-18 17:18:18,798 INFO     ___FILE_ONLY___ ═
2022-05-18 17:18:18,818 INFO     ___FILE_ONLY___ ═
2022-05-18 17:18:18,839 INFO     ___FILE_ONLY___ ═
2022-05-18 17:18:18,863 INFO     ___FILE_ONLY___ ═
2022-05-18 17:18:18,888 INFO     ___FILE_ONLY___ ═
2022-05-18 17:18:18,929 INFO     ___FILE_ONLY___ ═
2022-05-18 17:18:18,961 INFO     ___FILE_ONLY___ ═
2022-05-18 17:18:18,986 INFO     ___FILE_ONLY___ ═
2022-05-18 17:18:19,013 INFO     ___FILE_ONLY___ ═
2022-05-18 17:18:19,014 INFO     ___FILE_ONLY___ ╝
2022-05-18 17:18:19,040 INFO     ___FILE_ONLY___ ╠════════════════════════════════════════════════════════════╣

2022-05-18 17:18:19,040 INFO     ___FILE_ONLY___ ╠═ Creating backup and activating new installation          ═╣

2022-05-18 17:18:19,040 INFO     ___FILE_ONLY___ ╚
2022-05-18 17:18:19,041 DEBUG    root            Attempting to move directory [/opt/homebrew/Caskroom/google-cloud-sdk/latest/google-cloud-sdk] to [/opt/homebrew/Caskroom/google-cloud-sdk/latest/google-cloud-sdk.staging/.install/.backup]
2022-05-18 17:18:19,098 INFO     ___FILE_ONLY___ ══════════════════════════════
2022-05-18 17:18:19,099 DEBUG    root            Attempting to move directory [/opt/homebrew/Caskroom/google-cloud-sdk/latest/google-cloud-sdk.staging] to [/opt/homebrew/Caskroom/google-cloud-sdk/latest/google-cloud-sdk]
2022-05-18 17:18:19,099 INFO     ___FILE_ONLY___ ══════════════════════════════
2022-05-18 17:18:19,099 INFO     ___FILE_ONLY___ ╝

2022-05-18 17:18:19,111 DEBUG    root            Updating notification cache...
2022-05-18 17:18:19,112 INFO     ___FILE_ONLY___ 

2022-05-18 17:18:19,112 INFO     ___FILE_ONLY___ Performing post processing steps...
2022-05-18 17:18:19,112 DEBUG    root            Executing command: ['/opt/homebrew/bin/python3', '-S', '/opt/homebrew/Caskroom/google-cloud-sdk/latest/google-cloud-sdk/lib/gcloud.py', 'components', 'post-process']
2022-05-18 17:18:30,772 DEBUG    ___FILE_ONLY___ 
2022-05-18 17:18:30,773 DEBUG    ___FILE_ONLY___ 
2022-05-18 17:18:30,810 INFO     ___FILE_ONLY___ 
Update done!


2022-05-18 17:18:30,810 INFO     ___FILE_ONLY___ To revert your SDK to the previously installed version, you may run:
  $ gcloud components update --version 366.0.0


2022-05-18 17:18:30,823 INFO     root            Display format: "none"
2022-05-18 17:18:30,829 DEBUG    root            Metrics reporting process started...
