2022-05-18 17:18:47,253 DEBUG    root            Loaded Command Group: ['gcloud', 'functions']
2022-05-18 17:18:47,282 DEBUG    root            Loaded Command Group: ['gcloud', 'functions', 'deploy']
2022-05-18 17:18:47,290 DEBUG    root            Running [gcloud.functions.deploy] with arguments: [--entry-point: "entrypoint", --env-vars-file: "{'NODE_ENV': 'production', 'NODE_PATH': '.', 'GATEWAY_BASE': 'https://story-network-gateway.crowdriff.com', 'SERVICE_ACCOUNT': 'github-actions@crowdriff-stories-prod.iam.gserviceaccount.com', 'GOOGLE_CLOUD_PROJECT': 'crowdriff-stories-prod'}", --memory: "256Mi", --runtime: "nodejs14", --source: "dist/", --timeout: "540", --trigger-topic: "stories-es-sync", NAME: "stories-es-sync"]
2022-05-18 17:18:47,334 DEBUG    urllib3.connectionpool Starting new HTTPS connection (1): cloudfunctions.googleapis.com:443
2022-05-18 17:18:47,538 DEBUG    urllib3.connectionpool https://cloudfunctions.googleapis.com:443 "GET /v1/projects/crowdriff-stories-dev/locations/us-central1/functions/stories-es-sync?alt=json HTTP/1.1" 200 None
2022-05-18 17:18:47,552 INFO     root            Not using ignore file.
2022-05-18 17:18:47,554 INFO     root            Not using ignore file.
2022-05-18 17:18:47,592 DEBUG    urllib3.connectionpool Starting new HTTPS connection (1): cloudfunctions.googleapis.com:443
2022-05-18 17:18:48,221 DEBUG    urllib3.connectionpool https://cloudfunctions.googleapis.com:443 "POST /v1/projects/crowdriff-stories-dev/locations/us-central1/functions:generateUploadUrl?alt=json HTTP/1.1" 200 None
2022-05-18 17:18:48,262 DEBUG    urllib3.connectionpool Starting new HTTPS connection (1): storage.googleapis.com:443
2022-05-18 17:18:48,528 DEBUG    urllib3.connectionpool https://storage.googleapis.com:443 "PUT /uploads-556841579775.us-central1.cloudfunctions.appspot.com/c29303cb-209a-49e2-8753-d82b5c94724b.zip?GoogleAccessId=service-31098141265%40gcf-admin-robot.iam.gserviceaccount.com&Expires=1652910528&Signature=FwI8hDf%2F7YjxhoS1O2nYKW8JTY4OhE%2Bz4cuDD2IaATdydD5eYRrLteQXJJcA6sQetKz4rs3JQmyUAxwK4BSfL%2B6ewM08W%2FGMs%2F7esZe5ei8boEuP85sgRBbYLPEYZuTX7HwMMtd39G1r2DCxHJ3phMdgt8TUm%2BFppqRIabIzytKtlf4OkppLtDxKZos%2BcmQTPhjgRyn3UF8GYSRx%2BiqCVil%2FJdf%2Bx8qbzHZDPfxg3QR6%2FvTy%2FrTiPXKuKoS4bVE%2FKy1vCIhpYMSKgAgBXstzs2oqNonalUIGJOKVy%2B9TeznQqmI6pDzzHHyGRpVYRnQcEpsoC0T7jQTelYJlm3bXUw%3D%3D HTTP/1.1" 200 0
2022-05-18 17:18:48,547 DEBUG    urllib3.connectionpool Starting new HTTPS connection (1): cloudfunctions.googleapis.com:443
2022-05-18 17:18:49,116 DEBUG    urllib3.connectionpool https://cloudfunctions.googleapis.com:443 "PATCH /v1/projects/crowdriff-stories-dev/locations/us-central1/functions/stories-es-sync?alt=json&updateMask=availableMemoryMb%2CentryPoint%2CeventTrigger%2ChttpsTrigger%2Cruntime%2CsourceUploadUrl%2Ctimeout HTTP/1.1" 200 None
2022-05-18 17:18:49,125 INFO     ___FILE_ONLY___ Deploying function (may take a while - up to 2 minutes)...
2022-05-18 17:18:49,133 DEBUG    urllib3.connectionpool Starting new HTTPS connection (1): cloudfunctions.googleapis.com:443
2022-05-18 17:18:49,319 DEBUG    urllib3.connectionpool https://cloudfunctions.googleapis.com:443 "GET /v1/operations/Y3Jvd2RyaWZmLXN0b3JpZXMtZGV2L3VzLWNlbnRyYWwxL3N0b3JpZXMtZXMtc3luYy9NSlRqVU1hM3ZtVQ?alt=json HTTP/1.1" 200 None
2022-05-18 17:18:51,088 DEBUG    urllib3.connectionpool https://cloudfunctions.googleapis.com:443 "GET /v1/operations/Y3Jvd2RyaWZmLXN0b3JpZXMtZGV2L3VzLWNlbnRyYWwxL3N0b3JpZXMtZXMtc3luYy9NSlRqVU1hM3ZtVQ?alt=json HTTP/1.1" 200 None
2022-05-18 17:18:51,098 INFO     ___FILE_ONLY___ 
For Cloud Build Logs, visit: https://console.cloud.google.com/cloud-build/builds;region=us-central1/2e0b4d7e-49f1-4dae-b4d5-bd735e68f0f9?project=31098141265

2022-05-18 17:18:53,164 DEBUG    urllib3.connectionpool https://cloudfunctions.googleapis.com:443 "GET /v1/operations/Y3Jvd2RyaWZmLXN0b3JpZXMtZGV2L3VzLWNlbnRyYWwxL3N0b3JpZXMtZXMtc3luYy9NSlRqVU1hM3ZtVQ?alt=json HTTP/1.1" 200 None
2022-05-18 17:18:54,823 DEBUG    urllib3.connectionpool https://cloudfunctions.googleapis.com:443 "GET /v1/operations/Y3Jvd2RyaWZmLXN0b3JpZXMtZGV2L3VzLWNlbnRyYWwxL3N0b3JpZXMtZXMtc3luYy9NSlRqVU1hM3ZtVQ?alt=json HTTP/1.1" 200 None
2022-05-18 17:18:56,196 DEBUG    urllib3.connectionpool https://cloudfunctions.googleapis.com:443 "GET /v1/operations/Y3Jvd2RyaWZmLXN0b3JpZXMtZGV2L3VzLWNlbnRyYWwxL3N0b3JpZXMtZXMtc3luYy9NSlRqVU1hM3ZtVQ?alt=json HTTP/1.1" 200 None
2022-05-18 17:18:57,733 DEBUG    urllib3.connectionpool https://cloudfunctions.googleapis.com:443 "GET /v1/operations/Y3Jvd2RyaWZmLXN0b3JpZXMtZGV2L3VzLWNlbnRyYWwxL3N0b3JpZXMtZXMtc3luYy9NSlRqVU1hM3ZtVQ?alt=json HTTP/1.1" 200 None
2022-05-18 17:18:58,882 DEBUG    urllib3.connectionpool https://cloudfunctions.googleapis.com:443 "GET /v1/operations/Y3Jvd2RyaWZmLXN0b3JpZXMtZGV2L3VzLWNlbnRyYWwxL3N0b3JpZXMtZXMtc3luYy9NSlRqVU1hM3ZtVQ?alt=json HTTP/1.1" 200 None
2022-05-18 17:19:00,167 DEBUG    urllib3.connectionpool https://cloudfunctions.googleapis.com:443 "GET /v1/operations/Y3Jvd2RyaWZmLXN0b3JpZXMtZGV2L3VzLWNlbnRyYWwxL3N0b3JpZXMtZXMtc3luYy9NSlRqVU1hM3ZtVQ?alt=json HTTP/1.1" 200 None
2022-05-18 17:19:01,709 DEBUG    urllib3.connectionpool https://cloudfunctions.googleapis.com:443 "GET /v1/operations/Y3Jvd2RyaWZmLXN0b3JpZXMtZGV2L3VzLWNlbnRyYWwxL3N0b3JpZXMtZXMtc3luYy9NSlRqVU1hM3ZtVQ?alt=json HTTP/1.1" 200 None
2022-05-18 17:19:03,320 DEBUG    urllib3.connectionpool https://cloudfunctions.googleapis.com:443 "GET /v1/operations/Y3Jvd2RyaWZmLXN0b3JpZXMtZGV2L3VzLWNlbnRyYWwxL3N0b3JpZXMtZXMtc3luYy9NSlRqVU1hM3ZtVQ?alt=json HTTP/1.1" 200 None
2022-05-18 17:19:04,660 DEBUG    urllib3.connectionpool https://cloudfunctions.googleapis.com:443 "GET /v1/operations/Y3Jvd2RyaWZmLXN0b3JpZXMtZGV2L3VzLWNlbnRyYWwxL3N0b3JpZXMtZXMtc3luYy9NSlRqVU1hM3ZtVQ?alt=json HTTP/1.1" 200 None
2022-05-18 17:19:06,103 DEBUG    urllib3.connectionpool https://cloudfunctions.googleapis.com:443 "GET /v1/operations/Y3Jvd2RyaWZmLXN0b3JpZXMtZGV2L3VzLWNlbnRyYWwxL3N0b3JpZXMtZXMtc3luYy9NSlRqVU1hM3ZtVQ?alt=json HTTP/1.1" 200 None
2022-05-18 17:19:08,166 DEBUG    urllib3.connectionpool https://cloudfunctions.googleapis.com:443 "GET /v1/operations/Y3Jvd2RyaWZmLXN0b3JpZXMtZGV2L3VzLWNlbnRyYWwxL3N0b3JpZXMtZXMtc3luYy9NSlRqVU1hM3ZtVQ?alt=json HTTP/1.1" 200 None
2022-05-18 17:19:09,420 DEBUG    urllib3.connectionpool https://cloudfunctions.googleapis.com:443 "GET /v1/operations/Y3Jvd2RyaWZmLXN0b3JpZXMtZGV2L3VzLWNlbnRyYWwxL3N0b3JpZXMtZXMtc3luYy9NSlRqVU1hM3ZtVQ?alt=json HTTP/1.1" 200 None
2022-05-18 17:19:10,945 DEBUG    urllib3.connectionpool https://cloudfunctions.googleapis.com:443 "GET /v1/operations/Y3Jvd2RyaWZmLXN0b3JpZXMtZGV2L3VzLWNlbnRyYWwxL3N0b3JpZXMtZXMtc3luYy9NSlRqVU1hM3ZtVQ?alt=json HTTP/1.1" 200 None
2022-05-18 17:19:13,060 DEBUG    urllib3.connectionpool https://cloudfunctions.googleapis.com:443 "GET /v1/operations/Y3Jvd2RyaWZmLXN0b3JpZXMtZGV2L3VzLWNlbnRyYWwxL3N0b3JpZXMtZXMtc3luYy9NSlRqVU1hM3ZtVQ?alt=json HTTP/1.1" 200 None
2022-05-18 17:19:14,512 DEBUG    urllib3.connectionpool https://cloudfunctions.googleapis.com:443 "GET /v1/operations/Y3Jvd2RyaWZmLXN0b3JpZXMtZGV2L3VzLWNlbnRyYWwxL3N0b3JpZXMtZXMtc3luYy9NSlRqVU1hM3ZtVQ?alt=json HTTP/1.1" 200 None
2022-05-18 17:19:16,390 DEBUG    urllib3.connectionpool https://cloudfunctions.googleapis.com:443 "GET /v1/operations/Y3Jvd2RyaWZmLXN0b3JpZXMtZGV2L3VzLWNlbnRyYWwxL3N0b3JpZXMtZXMtc3luYy9NSlRqVU1hM3ZtVQ?alt=json HTTP/1.1" 200 None
2022-05-18 17:19:17,760 DEBUG    urllib3.connectionpool https://cloudfunctions.googleapis.com:443 "GET /v1/operations/Y3Jvd2RyaWZmLXN0b3JpZXMtZGV2L3VzLWNlbnRyYWwxL3N0b3JpZXMtZXMtc3luYy9NSlRqVU1hM3ZtVQ?alt=json HTTP/1.1" 200 None
2022-05-18 17:19:19,116 DEBUG    urllib3.connectionpool https://cloudfunctions.googleapis.com:443 "GET /v1/operations/Y3Jvd2RyaWZmLXN0b3JpZXMtZGV2L3VzLWNlbnRyYWwxL3N0b3JpZXMtZXMtc3luYy9NSlRqVU1hM3ZtVQ?alt=json HTTP/1.1" 200 None
2022-05-18 17:19:20,648 DEBUG    urllib3.connectionpool https://cloudfunctions.googleapis.com:443 "GET /v1/operations/Y3Jvd2RyaWZmLXN0b3JpZXMtZGV2L3VzLWNlbnRyYWwxL3N0b3JpZXMtZXMtc3luYy9NSlRqVU1hM3ZtVQ?alt=json HTTP/1.1" 200 None
2022-05-18 17:19:22,487 DEBUG    urllib3.connectionpool https://cloudfunctions.googleapis.com:443 "GET /v1/operations/Y3Jvd2RyaWZmLXN0b3JpZXMtZGV2L3VzLWNlbnRyYWwxL3N0b3JpZXMtZXMtc3luYy9NSlRqVU1hM3ZtVQ?alt=json HTTP/1.1" 200 None
2022-05-18 17:19:23,679 DEBUG    urllib3.connectionpool https://cloudfunctions.googleapis.com:443 "GET /v1/operations/Y3Jvd2RyaWZmLXN0b3JpZXMtZGV2L3VzLWNlbnRyYWwxL3N0b3JpZXMtZXMtc3luYy9NSlRqVU1hM3ZtVQ?alt=json HTTP/1.1" 200 None
2022-05-18 17:19:25,030 DEBUG    urllib3.connectionpool https://cloudfunctions.googleapis.com:443 "GET /v1/operations/Y3Jvd2RyaWZmLXN0b3JpZXMtZGV2L3VzLWNlbnRyYWwxL3N0b3JpZXMtZXMtc3luYy9NSlRqVU1hM3ZtVQ?alt=json HTTP/1.1" 200 None
2022-05-18 17:19:26,946 DEBUG    urllib3.connectionpool https://cloudfunctions.googleapis.com:443 "GET /v1/operations/Y3Jvd2RyaWZmLXN0b3JpZXMtZGV2L3VzLWNlbnRyYWwxL3N0b3JpZXMtZXMtc3luYy9NSlRqVU1hM3ZtVQ?alt=json HTTP/1.1" 200 None
2022-05-18 17:19:28,937 DEBUG    urllib3.connectionpool https://cloudfunctions.googleapis.com:443 "GET /v1/operations/Y3Jvd2RyaWZmLXN0b3JpZXMtZGV2L3VzLWNlbnRyYWwxL3N0b3JpZXMtZXMtc3luYy9NSlRqVU1hM3ZtVQ?alt=json HTTP/1.1" 200 None
2022-05-18 17:19:30,469 DEBUG    urllib3.connectionpool https://cloudfunctions.googleapis.com:443 "GET /v1/operations/Y3Jvd2RyaWZmLXN0b3JpZXMtZGV2L3VzLWNlbnRyYWwxL3N0b3JpZXMtZXMtc3luYy9NSlRqVU1hM3ZtVQ?alt=json HTTP/1.1" 200 None
2022-05-18 17:19:32,360 DEBUG    urllib3.connectionpool https://cloudfunctions.googleapis.com:443 "GET /v1/operations/Y3Jvd2RyaWZmLXN0b3JpZXMtZGV2L3VzLWNlbnRyYWwxL3N0b3JpZXMtZXMtc3luYy9NSlRqVU1hM3ZtVQ?alt=json HTTP/1.1" 200 None
2022-05-18 17:19:34,427 DEBUG    urllib3.connectionpool https://cloudfunctions.googleapis.com:443 "GET /v1/operations/Y3Jvd2RyaWZmLXN0b3JpZXMtZGV2L3VzLWNlbnRyYWwxL3N0b3JpZXMtZXMtc3luYy9NSlRqVU1hM3ZtVQ?alt=json HTTP/1.1" 200 None
2022-05-18 17:19:35,939 DEBUG    urllib3.connectionpool https://cloudfunctions.googleapis.com:443 "GET /v1/operations/Y3Jvd2RyaWZmLXN0b3JpZXMtZGV2L3VzLWNlbnRyYWwxL3N0b3JpZXMtZXMtc3luYy9NSlRqVU1hM3ZtVQ?alt=json HTTP/1.1" 200 None
2022-05-18 17:19:37,264 DEBUG    urllib3.connectionpool https://cloudfunctions.googleapis.com:443 "GET /v1/operations/Y3Jvd2RyaWZmLXN0b3JpZXMtZGV2L3VzLWNlbnRyYWwxL3N0b3JpZXMtZXMtc3luYy9NSlRqVU1hM3ZtVQ?alt=json HTTP/1.1" 200 None
2022-05-18 17:19:38,930 DEBUG    urllib3.connectionpool https://cloudfunctions.googleapis.com:443 "GET /v1/operations/Y3Jvd2RyaWZmLXN0b3JpZXMtZGV2L3VzLWNlbnRyYWwxL3N0b3JpZXMtZXMtc3luYy9NSlRqVU1hM3ZtVQ?alt=json HTTP/1.1" 200 None
2022-05-18 17:19:40,892 DEBUG    urllib3.connectionpool https://cloudfunctions.googleapis.com:443 "GET /v1/operations/Y3Jvd2RyaWZmLXN0b3JpZXMtZGV2L3VzLWNlbnRyYWwxL3N0b3JpZXMtZXMtc3luYy9NSlRqVU1hM3ZtVQ?alt=json HTTP/1.1" 200 None
2022-05-18 17:19:42,606 DEBUG    urllib3.connectionpool https://cloudfunctions.googleapis.com:443 "GET /v1/operations/Y3Jvd2RyaWZmLXN0b3JpZXMtZGV2L3VzLWNlbnRyYWwxL3N0b3JpZXMtZXMtc3luYy9NSlRqVU1hM3ZtVQ?alt=json HTTP/1.1" 200 None
2022-05-18 17:19:44,304 DEBUG    urllib3.connectionpool https://cloudfunctions.googleapis.com:443 "GET /v1/operations/Y3Jvd2RyaWZmLXN0b3JpZXMtZGV2L3VzLWNlbnRyYWwxL3N0b3JpZXMtZXMtc3luYy9NSlRqVU1hM3ZtVQ?alt=json HTTP/1.1" 200 None
2022-05-18 17:19:46,178 DEBUG    urllib3.connectionpool https://cloudfunctions.googleapis.com:443 "GET /v1/operations/Y3Jvd2RyaWZmLXN0b3JpZXMtZGV2L3VzLWNlbnRyYWwxL3N0b3JpZXMtZXMtc3luYy9NSlRqVU1hM3ZtVQ?alt=json HTTP/1.1" 200 None
2022-05-18 17:19:47,864 DEBUG    urllib3.connectionpool https://cloudfunctions.googleapis.com:443 "GET /v1/operations/Y3Jvd2RyaWZmLXN0b3JpZXMtZGV2L3VzLWNlbnRyYWwxL3N0b3JpZXMtZXMtc3luYy9NSlRqVU1hM3ZtVQ?alt=json HTTP/1.1" 200 None
2022-05-18 17:19:49,833 DEBUG    urllib3.connectionpool https://cloudfunctions.googleapis.com:443 "GET /v1/operations/Y3Jvd2RyaWZmLXN0b3JpZXMtZGV2L3VzLWNlbnRyYWwxL3N0b3JpZXMtZXMtc3luYy9NSlRqVU1hM3ZtVQ?alt=json HTTP/1.1" 200 None
2022-05-18 17:19:51,556 DEBUG    urllib3.connectionpool https://cloudfunctions.googleapis.com:443 "GET /v1/operations/Y3Jvd2RyaWZmLXN0b3JpZXMtZGV2L3VzLWNlbnRyYWwxL3N0b3JpZXMtZXMtc3luYy9NSlRqVU1hM3ZtVQ?alt=json HTTP/1.1" 200 None
2022-05-18 17:19:52,909 DEBUG    urllib3.connectionpool https://cloudfunctions.googleapis.com:443 "GET /v1/operations/Y3Jvd2RyaWZmLXN0b3JpZXMtZGV2L3VzLWNlbnRyYWwxL3N0b3JpZXMtZXMtc3luYy9NSlRqVU1hM3ZtVQ?alt=json HTTP/1.1" 200 None
2022-05-18 17:19:54,139 DEBUG    urllib3.connectionpool https://cloudfunctions.googleapis.com:443 "GET /v1/operations/Y3Jvd2RyaWZmLXN0b3JpZXMtZGV2L3VzLWNlbnRyYWwxL3N0b3JpZXMtZXMtc3luYy9NSlRqVU1hM3ZtVQ?alt=json HTTP/1.1" 200 None
2022-05-18 17:19:55,644 DEBUG    urllib3.connectionpool https://cloudfunctions.googleapis.com:443 "GET /v1/operations/Y3Jvd2RyaWZmLXN0b3JpZXMtZGV2L3VzLWNlbnRyYWwxL3N0b3JpZXMtZXMtc3luYy9NSlRqVU1hM3ZtVQ?alt=json HTTP/1.1" 200 None
2022-05-18 17:19:57,685 DEBUG    urllib3.connectionpool https://cloudfunctions.googleapis.com:443 "GET /v1/operations/Y3Jvd2RyaWZmLXN0b3JpZXMtZGV2L3VzLWNlbnRyYWwxL3N0b3JpZXMtZXMtc3luYy9NSlRqVU1hM3ZtVQ?alt=json HTTP/1.1" 200 None
2022-05-18 17:19:58,910 DEBUG    urllib3.connectionpool https://cloudfunctions.googleapis.com:443 "GET /v1/operations/Y3Jvd2RyaWZmLXN0b3JpZXMtZGV2L3VzLWNlbnRyYWwxL3N0b3JpZXMtZXMtc3luYy9NSlRqVU1hM3ZtVQ?alt=json HTTP/1.1" 200 None
2022-05-18 17:20:00,233 DEBUG    urllib3.connectionpool https://cloudfunctions.googleapis.com:443 "GET /v1/operations/Y3Jvd2RyaWZmLXN0b3JpZXMtZGV2L3VzLWNlbnRyYWwxL3N0b3JpZXMtZXMtc3luYy9NSlRqVU1hM3ZtVQ?alt=json HTTP/1.1" 200 None
2022-05-18 17:20:02,023 DEBUG    urllib3.connectionpool https://cloudfunctions.googleapis.com:443 "GET /v1/operations/Y3Jvd2RyaWZmLXN0b3JpZXMtZGV2L3VzLWNlbnRyYWwxL3N0b3JpZXMtZXMtc3luYy9NSlRqVU1hM3ZtVQ?alt=json HTTP/1.1" 200 None
2022-05-18 17:20:03,747 DEBUG    urllib3.connectionpool https://cloudfunctions.googleapis.com:443 "GET /v1/operations/Y3Jvd2RyaWZmLXN0b3JpZXMtZGV2L3VzLWNlbnRyYWwxL3N0b3JpZXMtZXMtc3luYy9NSlRqVU1hM3ZtVQ?alt=json HTTP/1.1" 200 None
2022-05-18 17:20:05,425 DEBUG    urllib3.connectionpool https://cloudfunctions.googleapis.com:443 "GET /v1/operations/Y3Jvd2RyaWZmLXN0b3JpZXMtZGV2L3VzLWNlbnRyYWwxL3N0b3JpZXMtZXMtc3luYy9NSlRqVU1hM3ZtVQ?alt=json HTTP/1.1" 200 None
2022-05-18 17:20:07,490 DEBUG    urllib3.connectionpool https://cloudfunctions.googleapis.com:443 "GET /v1/operations/Y3Jvd2RyaWZmLXN0b3JpZXMtZGV2L3VzLWNlbnRyYWwxL3N0b3JpZXMtZXMtc3luYy9NSlRqVU1hM3ZtVQ?alt=json HTTP/1.1" 200 None
2022-05-18 17:20:08,636 DEBUG    urllib3.connectionpool https://cloudfunctions.googleapis.com:443 "GET /v1/operations/Y3Jvd2RyaWZmLXN0b3JpZXMtZGV2L3VzLWNlbnRyYWwxL3N0b3JpZXMtZXMtc3luYy9NSlRqVU1hM3ZtVQ?alt=json HTTP/1.1" 200 None
2022-05-18 17:20:09,829 DEBUG    urllib3.connectionpool https://cloudfunctions.googleapis.com:443 "GET /v1/operations/Y3Jvd2RyaWZmLXN0b3JpZXMtZGV2L3VzLWNlbnRyYWwxL3N0b3JpZXMtZXMtc3luYy9NSlRqVU1hM3ZtVQ?alt=json HTTP/1.1" 200 None
2022-05-18 17:20:11,829 DEBUG    urllib3.connectionpool https://cloudfunctions.googleapis.com:443 "GET /v1/operations/Y3Jvd2RyaWZmLXN0b3JpZXMtZGV2L3VzLWNlbnRyYWwxL3N0b3JpZXMtZXMtc3luYy9NSlRqVU1hM3ZtVQ?alt=json HTTP/1.1" 200 None
2022-05-18 17:20:13,752 DEBUG    urllib3.connectionpool https://cloudfunctions.googleapis.com:443 "GET /v1/operations/Y3Jvd2RyaWZmLXN0b3JpZXMtZGV2L3VzLWNlbnRyYWwxL3N0b3JpZXMtZXMtc3luYy9NSlRqVU1hM3ZtVQ?alt=json HTTP/1.1" 200 None
2022-05-18 17:20:15,853 DEBUG    urllib3.connectionpool https://cloudfunctions.googleapis.com:443 "GET /v1/operations/Y3Jvd2RyaWZmLXN0b3JpZXMtZGV2L3VzLWNlbnRyYWwxL3N0b3JpZXMtZXMtc3luYy9NSlRqVU1hM3ZtVQ?alt=json HTTP/1.1" 200 None
2022-05-18 17:20:17,838 DEBUG    urllib3.connectionpool https://cloudfunctions.googleapis.com:443 "GET /v1/operations/Y3Jvd2RyaWZmLXN0b3JpZXMtZGV2L3VzLWNlbnRyYWwxL3N0b3JpZXMtZXMtc3luYy9NSlRqVU1hM3ZtVQ?alt=json HTTP/1.1" 200 None
2022-05-18 17:20:19,569 DEBUG    urllib3.connectionpool https://cloudfunctions.googleapis.com:443 "GET /v1/operations/Y3Jvd2RyaWZmLXN0b3JpZXMtZGV2L3VzLWNlbnRyYWwxL3N0b3JpZXMtZXMtc3luYy9NSlRqVU1hM3ZtVQ?alt=json HTTP/1.1" 200 None
2022-05-18 17:20:21,225 DEBUG    urllib3.connectionpool https://cloudfunctions.googleapis.com:443 "GET /v1/operations/Y3Jvd2RyaWZmLXN0b3JpZXMtZGV2L3VzLWNlbnRyYWwxL3N0b3JpZXMtZXMtc3luYy9NSlRqVU1hM3ZtVQ?alt=json HTTP/1.1" 200 None
2022-05-18 17:20:22,776 DEBUG    urllib3.connectionpool https://cloudfunctions.googleapis.com:443 "GET /v1/operations/Y3Jvd2RyaWZmLXN0b3JpZXMtZGV2L3VzLWNlbnRyYWwxL3N0b3JpZXMtZXMtc3luYy9NSlRqVU1hM3ZtVQ?alt=json HTTP/1.1" 200 None
2022-05-18 17:20:24,640 DEBUG    urllib3.connectionpool https://cloudfunctions.googleapis.com:443 "GET /v1/operations/Y3Jvd2RyaWZmLXN0b3JpZXMtZGV2L3VzLWNlbnRyYWwxL3N0b3JpZXMtZXMtc3luYy9NSlRqVU1hM3ZtVQ?alt=json HTTP/1.1" 200 None
2022-05-18 17:20:26,370 DEBUG    urllib3.connectionpool https://cloudfunctions.googleapis.com:443 "GET /v1/operations/Y3Jvd2RyaWZmLXN0b3JpZXMtZGV2L3VzLWNlbnRyYWwxL3N0b3JpZXMtZXMtc3luYy9NSlRqVU1hM3ZtVQ?alt=json HTTP/1.1" 200 None
2022-05-18 17:20:27,831 DEBUG    urllib3.connectionpool https://cloudfunctions.googleapis.com:443 "GET /v1/operations/Y3Jvd2RyaWZmLXN0b3JpZXMtZGV2L3VzLWNlbnRyYWwxL3N0b3JpZXMtZXMtc3luYy9NSlRqVU1hM3ZtVQ?alt=json HTTP/1.1" 200 None
2022-05-18 17:20:29,440 DEBUG    urllib3.connectionpool https://cloudfunctions.googleapis.com:443 "GET /v1/operations/Y3Jvd2RyaWZmLXN0b3JpZXMtZGV2L3VzLWNlbnRyYWwxL3N0b3JpZXMtZXMtc3luYy9NSlRqVU1hM3ZtVQ?alt=json HTTP/1.1" 200 None
2022-05-18 17:20:31,202 DEBUG    urllib3.connectionpool https://cloudfunctions.googleapis.com:443 "GET /v1/operations/Y3Jvd2RyaWZmLXN0b3JpZXMtZGV2L3VzLWNlbnRyYWwxL3N0b3JpZXMtZXMtc3luYy9NSlRqVU1hM3ZtVQ?alt=json HTTP/1.1" 200 None
2022-05-18 17:20:32,532 DEBUG    urllib3.connectionpool https://cloudfunctions.googleapis.com:443 "GET /v1/operations/Y3Jvd2RyaWZmLXN0b3JpZXMtZGV2L3VzLWNlbnRyYWwxL3N0b3JpZXMtZXMtc3luYy9NSlRqVU1hM3ZtVQ?alt=json HTTP/1.1" 200 None
2022-05-18 17:20:34,548 DEBUG    urllib3.connectionpool https://cloudfunctions.googleapis.com:443 "GET /v1/operations/Y3Jvd2RyaWZmLXN0b3JpZXMtZGV2L3VzLWNlbnRyYWwxL3N0b3JpZXMtZXMtc3luYy9NSlRqVU1hM3ZtVQ?alt=json HTTP/1.1" 200 None
2022-05-18 17:20:36,629 DEBUG    urllib3.connectionpool https://cloudfunctions.googleapis.com:443 "GET /v1/operations/Y3Jvd2RyaWZmLXN0b3JpZXMtZGV2L3VzLWNlbnRyYWwxL3N0b3JpZXMtZXMtc3luYy9NSlRqVU1hM3ZtVQ?alt=json HTTP/1.1" 200 None
2022-05-18 17:20:38,374 DEBUG    urllib3.connectionpool https://cloudfunctions.googleapis.com:443 "GET /v1/operations/Y3Jvd2RyaWZmLXN0b3JpZXMtZGV2L3VzLWNlbnRyYWwxL3N0b3JpZXMtZXMtc3luYy9NSlRqVU1hM3ZtVQ?alt=json HTTP/1.1" 200 None
2022-05-18 17:20:38,446 DEBUG    urllib3.connectionpool Starting new HTTPS connection (1): cloudfunctions.googleapis.com:443
2022-05-18 17:20:38,632 DEBUG    urllib3.connectionpool https://cloudfunctions.googleapis.com:443 "GET /v1/projects/crowdriff-stories-dev/locations/us-central1/functions/stories-es-sync?alt=json HTTP/1.1" 200 None
2022-05-18 17:20:38,657 INFO     root            Display format: "default"
2022-05-18 17:20:38,662 INFO     ___FILE_ONLY___ availableMemoryMb
2022-05-18 17:20:38,662 INFO     ___FILE_ONLY___ :
2022-05-18 17:20:38,663 INFO     ___FILE_ONLY___  
2022-05-18 17:20:38,663 INFO     ___FILE_ONLY___ 256
2022-05-18 17:20:38,663 INFO     ___FILE_ONLY___ 

2022-05-18 17:20:38,663 INFO     ___FILE_ONLY___ buildId
2022-05-18 17:20:38,663 INFO     ___FILE_ONLY___ :
2022-05-18 17:20:38,663 INFO     ___FILE_ONLY___  
2022-05-18 17:20:38,663 INFO     ___FILE_ONLY___ 2e0b4d7e-49f1-4dae-b4d5-bd735e68f0f9
2022-05-18 17:20:38,663 INFO     ___FILE_ONLY___ 

2022-05-18 17:20:38,664 INFO     ___FILE_ONLY___ buildName
2022-05-18 17:20:38,664 INFO     ___FILE_ONLY___ :
2022-05-18 17:20:38,664 INFO     ___FILE_ONLY___  
2022-05-18 17:20:38,664 INFO     ___FILE_ONLY___ projects/31098141265/locations/us-central1/builds/2e0b4d7e-49f1-4dae-b4d5-bd735e68f0f9
2022-05-18 17:20:38,664 INFO     ___FILE_ONLY___ 

2022-05-18 17:20:38,664 INFO     ___FILE_ONLY___ dockerRegistry
2022-05-18 17:20:38,664 INFO     ___FILE_ONLY___ :
2022-05-18 17:20:38,664 INFO     ___FILE_ONLY___  
2022-05-18 17:20:38,664 INFO     ___FILE_ONLY___ CONTAINER_REGISTRY
2022-05-18 17:20:38,664 INFO     ___FILE_ONLY___ 

2022-05-18 17:20:38,664 INFO     ___FILE_ONLY___ entryPoint
2022-05-18 17:20:38,664 INFO     ___FILE_ONLY___ :
2022-05-18 17:20:38,664 INFO     ___FILE_ONLY___  
2022-05-18 17:20:38,664 INFO     ___FILE_ONLY___ entrypoint
2022-05-18 17:20:38,664 INFO     ___FILE_ONLY___ 

2022-05-18 17:20:38,664 INFO     ___FILE_ONLY___ environmentVariables
2022-05-18 17:20:38,664 INFO     ___FILE_ONLY___ :
2022-05-18 17:20:38,664 INFO     ___FILE_ONLY___ 

2022-05-18 17:20:38,664 INFO     ___FILE_ONLY___   
2022-05-18 17:20:38,664 INFO     ___FILE_ONLY___ GATEWAY_BASE
2022-05-18 17:20:38,664 INFO     ___FILE_ONLY___ :
2022-05-18 17:20:38,664 INFO     ___FILE_ONLY___  
2022-05-18 17:20:38,664 INFO     ___FILE_ONLY___ https://story-network-gateway.crowdriff.com
2022-05-18 17:20:38,664 INFO     ___FILE_ONLY___ 

2022-05-18 17:20:38,664 INFO     ___FILE_ONLY___   
2022-05-18 17:20:38,664 INFO     ___FILE_ONLY___ GOOGLE_CLOUD_PROJECT
2022-05-18 17:20:38,664 INFO     ___FILE_ONLY___ :
2022-05-18 17:20:38,664 INFO     ___FILE_ONLY___  
2022-05-18 17:20:38,664 INFO     ___FILE_ONLY___ crowdriff-stories-prod
2022-05-18 17:20:38,665 INFO     ___FILE_ONLY___ 

2022-05-18 17:20:38,665 INFO     ___FILE_ONLY___   
2022-05-18 17:20:38,665 INFO     ___FILE_ONLY___ NODE_ENV
2022-05-18 17:20:38,665 INFO     ___FILE_ONLY___ :
2022-05-18 17:20:38,665 INFO     ___FILE_ONLY___  
2022-05-18 17:20:38,665 INFO     ___FILE_ONLY___ production
2022-05-18 17:20:38,665 INFO     ___FILE_ONLY___ 

2022-05-18 17:20:38,665 INFO     ___FILE_ONLY___   
2022-05-18 17:20:38,665 INFO     ___FILE_ONLY___ NODE_PATH
2022-05-18 17:20:38,665 INFO     ___FILE_ONLY___ :
2022-05-18 17:20:38,665 INFO     ___FILE_ONLY___  
2022-05-18 17:20:38,665 INFO     ___FILE_ONLY___ .
2022-05-18 17:20:38,665 INFO     ___FILE_ONLY___ 

2022-05-18 17:20:38,665 INFO     ___FILE_ONLY___   
2022-05-18 17:20:38,665 INFO     ___FILE_ONLY___ SERVICE_ACCOUNT
2022-05-18 17:20:38,665 INFO     ___FILE_ONLY___ :
2022-05-18 17:20:38,665 INFO     ___FILE_ONLY___  
2022-05-18 17:20:38,665 INFO     ___FILE_ONLY___ github-actions@crowdriff-stories-prod.iam.gserviceaccount.com
2022-05-18 17:20:38,665 INFO     ___FILE_ONLY___ 

2022-05-18 17:20:38,665 INFO     ___FILE_ONLY___ eventTrigger
2022-05-18 17:20:38,665 INFO     ___FILE_ONLY___ :
2022-05-18 17:20:38,665 INFO     ___FILE_ONLY___ 

2022-05-18 17:20:38,665 INFO     ___FILE_ONLY___   
2022-05-18 17:20:38,665 INFO     ___FILE_ONLY___ eventType
2022-05-18 17:20:38,665 INFO     ___FILE_ONLY___ :
2022-05-18 17:20:38,665 INFO     ___FILE_ONLY___  
2022-05-18 17:20:38,665 INFO     ___FILE_ONLY___ google.pubsub.topic.publish
2022-05-18 17:20:38,665 INFO     ___FILE_ONLY___ 

2022-05-18 17:20:38,666 INFO     ___FILE_ONLY___   
2022-05-18 17:20:38,666 INFO     ___FILE_ONLY___ failurePolicy
2022-05-18 17:20:38,666 INFO     ___FILE_ONLY___ :
2022-05-18 17:20:38,666 INFO     ___FILE_ONLY___  {
2022-05-18 17:20:38,666 INFO     ___FILE_ONLY___ }
2022-05-18 17:20:38,666 INFO     ___FILE_ONLY___ 

2022-05-18 17:20:38,666 INFO     ___FILE_ONLY___   
2022-05-18 17:20:38,666 INFO     ___FILE_ONLY___ resource
2022-05-18 17:20:38,666 INFO     ___FILE_ONLY___ :
2022-05-18 17:20:38,666 INFO     ___FILE_ONLY___  
2022-05-18 17:20:38,666 INFO     ___FILE_ONLY___ projects/crowdriff-stories-dev/topics/stories-es-sync
2022-05-18 17:20:38,666 INFO     ___FILE_ONLY___ 

2022-05-18 17:20:38,666 INFO     ___FILE_ONLY___   
2022-05-18 17:20:38,666 INFO     ___FILE_ONLY___ service
2022-05-18 17:20:38,666 INFO     ___FILE_ONLY___ :
2022-05-18 17:20:38,666 INFO     ___FILE_ONLY___  
2022-05-18 17:20:38,666 INFO     ___FILE_ONLY___ pubsub.googleapis.com
2022-05-18 17:20:38,666 INFO     ___FILE_ONLY___ 

2022-05-18 17:20:38,666 INFO     ___FILE_ONLY___ ingressSettings
2022-05-18 17:20:38,666 INFO     ___FILE_ONLY___ :
2022-05-18 17:20:38,666 INFO     ___FILE_ONLY___  
2022-05-18 17:20:38,666 INFO     ___FILE_ONLY___ ALLOW_ALL
2022-05-18 17:20:38,666 INFO     ___FILE_ONLY___ 

2022-05-18 17:20:38,666 INFO     ___FILE_ONLY___ labels
2022-05-18 17:20:38,666 INFO     ___FILE_ONLY___ :
2022-05-18 17:20:38,666 INFO     ___FILE_ONLY___ 

2022-05-18 17:20:38,666 INFO     ___FILE_ONLY___   
2022-05-18 17:20:38,666 INFO     ___FILE_ONLY___ deployment-tool
2022-05-18 17:20:38,666 INFO     ___FILE_ONLY___ :
2022-05-18 17:20:38,666 INFO     ___FILE_ONLY___  
2022-05-18 17:20:38,666 INFO     ___FILE_ONLY___ cli-gcloud
2022-05-18 17:20:38,667 INFO     ___FILE_ONLY___ 

2022-05-18 17:20:38,667 INFO     ___FILE_ONLY___ name
2022-05-18 17:20:38,667 INFO     ___FILE_ONLY___ :
2022-05-18 17:20:38,667 INFO     ___FILE_ONLY___  
2022-05-18 17:20:38,667 INFO     ___FILE_ONLY___ projects/crowdriff-stories-dev/locations/us-central1/functions/stories-es-sync
2022-05-18 17:20:38,667 INFO     ___FILE_ONLY___ 

2022-05-18 17:20:38,667 INFO     ___FILE_ONLY___ runtime
2022-05-18 17:20:38,667 INFO     ___FILE_ONLY___ :
2022-05-18 17:20:38,667 INFO     ___FILE_ONLY___  
2022-05-18 17:20:38,667 INFO     ___FILE_ONLY___ nodejs14
2022-05-18 17:20:38,667 INFO     ___FILE_ONLY___ 

2022-05-18 17:20:38,667 INFO     ___FILE_ONLY___ serviceAccountEmail
2022-05-18 17:20:38,667 INFO     ___FILE_ONLY___ :
2022-05-18 17:20:38,667 INFO     ___FILE_ONLY___  
2022-05-18 17:20:38,667 INFO     ___FILE_ONLY___ crowdriff-stories-dev@appspot.gserviceaccount.com
2022-05-18 17:20:38,667 INFO     ___FILE_ONLY___ 

2022-05-18 17:20:38,667 INFO     ___FILE_ONLY___ sourceUploadUrl
2022-05-18 17:20:38,667 INFO     ___FILE_ONLY___ :
2022-05-18 17:20:38,667 INFO     ___FILE_ONLY___  
2022-05-18 17:20:38,667 INFO     ___FILE_ONLY___ https://storage.googleapis.com/uploads-556841579775.us-central1.cloudfunctions.appspot.com/c29303cb-209a-49e2-8753-d82b5c94724b.zip
2022-05-18 17:20:38,667 INFO     ___FILE_ONLY___ 

2022-05-18 17:20:38,671 INFO     ___FILE_ONLY___ status
2022-05-18 17:20:38,671 INFO     ___FILE_ONLY___ :
2022-05-18 17:20:38,671 INFO     ___FILE_ONLY___  
2022-05-18 17:20:38,671 INFO     ___FILE_ONLY___ ACTIVE
2022-05-18 17:20:38,671 INFO     ___FILE_ONLY___ 

2022-05-18 17:20:38,671 INFO     ___FILE_ONLY___ timeout
2022-05-18 17:20:38,671 INFO     ___FILE_ONLY___ :
2022-05-18 17:20:38,671 INFO     ___FILE_ONLY___  
2022-05-18 17:20:38,671 INFO     ___FILE_ONLY___ 540s
2022-05-18 17:20:38,671 INFO     ___FILE_ONLY___ 

2022-05-18 17:20:38,671 INFO     ___FILE_ONLY___ updateTime
2022-05-18 17:20:38,671 INFO     ___FILE_ONLY___ :
2022-05-18 17:20:38,671 INFO     ___FILE_ONLY___  '
2022-05-18 17:20:38,671 INFO     ___FILE_ONLY___ 2022-05-18T21:20:37.291Z
2022-05-18 17:20:38,671 INFO     ___FILE_ONLY___ '
2022-05-18 17:20:38,671 INFO     ___FILE_ONLY___ 

2022-05-18 17:20:38,671 INFO     ___FILE_ONLY___ versionId
2022-05-18 17:20:38,671 INFO     ___FILE_ONLY___ :
2022-05-18 17:20:38,671 INFO     ___FILE_ONLY___  '
2022-05-18 17:20:38,672 INFO     ___FILE_ONLY___ 14
2022-05-18 17:20:38,672 INFO     ___FILE_ONLY___ '
2022-05-18 17:20:38,672 INFO     ___FILE_ONLY___ 

2022-05-18 17:20:38,707 DEBUG    root            Metrics reporting process started...
