2022-05-13 10:33:37,613 DEBUG    root            Loaded Command Group: ['gcloud', 'functions']
2022-05-13 10:33:37,653 DEBUG    root            Loaded Command Group: ['gcloud', 'functions', 'deploy']
2022-05-13 10:33:37,662 DEBUG    root            Running [gcloud.functions.deploy] with arguments: [--entry-point: "entrypoint", --env-vars-file: "{'NODE_ENV': 'development', 'NODE_PATH': '.', 'GATEWAY_BASE': 'https://story-network-gateway.derp.website', 'SERVICE_ACCOUNT': 'github-actions@crowdriff-stories-dev.iam.gserviceaccount.com', 'GOOGLE_CLOUD_PROJECT': 'crowdriff-stories-dev'}", --memory: "128Mi", --runtime: "nodejs14", --source: "dist/", --timeout: "540", --trigger-topic: "stories-es-sync", NAME: "stories-es-sync"]
2022-05-13 10:33:37,671 DEBUG    urllib3.connectionpool Starting new HTTPS connection (1): cloudfunctions.googleapis.com:443
2022-05-13 10:33:37,858 DEBUG    urllib3.connectionpool https://cloudfunctions.googleapis.com:443 "GET /v1/projects/crowdriff-stories-dev/locations/us-central1/functions/stories-es-sync?alt=json HTTP/1.1" 200 None
2022-05-13 10:33:37,874 INFO     root            Not using ignore file.
2022-05-13 10:33:37,874 INFO     root            Not using ignore file.
2022-05-13 10:33:37,902 DEBUG    urllib3.connectionpool Starting new HTTPS connection (1): cloudfunctions.googleapis.com:443
2022-05-13 10:33:38,553 DEBUG    urllib3.connectionpool https://cloudfunctions.googleapis.com:443 "POST /v1/projects/crowdriff-stories-dev/locations/us-central1/functions:generateUploadUrl?alt=json HTTP/1.1" 200 None
2022-05-13 10:33:38,566 DEBUG    urllib3.connectionpool Starting new HTTPS connection (1): storage.googleapis.com:443
2022-05-13 10:33:38,811 DEBUG    urllib3.connectionpool https://storage.googleapis.com:443 "PUT /uploads-556841579775.us-central1.cloudfunctions.appspot.com/b62c925d-22d4-49df-a188-c71a998cb4b5.zip?GoogleAccessId=service-31098141265%40gcf-admin-robot.iam.gserviceaccount.com&Expires=1652454218&Signature=EjB%2F%2FJ0315xC9QfGlYNJ9nLKSH2elh4h6lcHvso%2B779UraGn266Nb5CZNTSmYJNiRjmp6xBX%2BBCPifBnzla6U9OKaX0yJ9jUQkFiucRPYreMe2e%2B8Mr9dhp55EESqpg%2Fa8lPFR7GxHpjMlgiLjmEHQG78ouvxxv79vj3C4t%2BKlvCPMRPM5pzrNDqYZNNVsFAmjbkXxeFK3gHLLEsZU1em4wkLcCZTPCfMoRuvExRIUv0izUz7heXmYl%2BVnZrIXSzuy%2BTqg1juAQpiDAX9zonX7qG1kJHAeMBb%2FtewU1D1Yk38V0PkrcEtK8Kw2UYY6fg%2BdbKLN7LbUaBNoT6Os1UBg%3D%3D HTTP/1.1" 200 0
2022-05-13 10:33:38,819 DEBUG    urllib3.connectionpool Starting new HTTPS connection (1): cloudfunctions.googleapis.com:443
2022-05-13 10:33:39,214 DEBUG    urllib3.connectionpool https://cloudfunctions.googleapis.com:443 "PATCH /v1/projects/crowdriff-stories-dev/locations/us-central1/functions/stories-es-sync?alt=json&updateMask=availableMemoryMb%2CentryPoint%2CeventTrigger%2ChttpsTrigger%2Cruntime%2CsourceUploadUrl%2Ctimeout HTTP/1.1" 200 None
2022-05-13 10:33:39,219 INFO     ___FILE_ONLY___ Deploying function (may take a while - up to 2 minutes)...
2022-05-13 10:33:39,225 DEBUG    urllib3.connectionpool Starting new HTTPS connection (1): cloudfunctions.googleapis.com:443
2022-05-13 10:33:39,405 DEBUG    urllib3.connectionpool https://cloudfunctions.googleapis.com:443 "GET /v1/operations/Y3Jvd2RyaWZmLXN0b3JpZXMtZGV2L3VzLWNlbnRyYWwxL3N0b3JpZXMtZXMtc3luYy93bzBrN0VIWWpHaw?alt=json HTTP/1.1" 200 None
2022-05-13 10:33:40,938 DEBUG    urllib3.connectionpool https://cloudfunctions.googleapis.com:443 "GET /v1/operations/Y3Jvd2RyaWZmLXN0b3JpZXMtZGV2L3VzLWNlbnRyYWwxL3N0b3JpZXMtZXMtc3luYy93bzBrN0VIWWpHaw?alt=json HTTP/1.1" 200 None
2022-05-13 10:33:40,943 INFO     ___FILE_ONLY___ 
For Cloud Build Logs, visit: https://console.cloud.google.com/cloud-build/builds;region=us-central1/25dd90ea-e7d2-4e7d-a0b8-667fe2b1def4?project=31098141265

2022-05-13 10:33:42,681 DEBUG    urllib3.connectionpool https://cloudfunctions.googleapis.com:443 "GET /v1/operations/Y3Jvd2RyaWZmLXN0b3JpZXMtZGV2L3VzLWNlbnRyYWwxL3N0b3JpZXMtZXMtc3luYy93bzBrN0VIWWpHaw?alt=json HTTP/1.1" 200 None
2022-05-13 10:33:44,272 DEBUG    urllib3.connectionpool https://cloudfunctions.googleapis.com:443 "GET /v1/operations/Y3Jvd2RyaWZmLXN0b3JpZXMtZGV2L3VzLWNlbnRyYWwxL3N0b3JpZXMtZXMtc3luYy93bzBrN0VIWWpHaw?alt=json HTTP/1.1" 200 None
2022-05-13 10:33:45,724 DEBUG    urllib3.connectionpool https://cloudfunctions.googleapis.com:443 "GET /v1/operations/Y3Jvd2RyaWZmLXN0b3JpZXMtZGV2L3VzLWNlbnRyYWwxL3N0b3JpZXMtZXMtc3luYy93bzBrN0VIWWpHaw?alt=json HTTP/1.1" 200 None
2022-05-13 10:33:46,863 DEBUG    urllib3.connectionpool https://cloudfunctions.googleapis.com:443 "GET /v1/operations/Y3Jvd2RyaWZmLXN0b3JpZXMtZGV2L3VzLWNlbnRyYWwxL3N0b3JpZXMtZXMtc3luYy93bzBrN0VIWWpHaw?alt=json HTTP/1.1" 200 None
2022-05-13 10:33:48,384 DEBUG    urllib3.connectionpool https://cloudfunctions.googleapis.com:443 "GET /v1/operations/Y3Jvd2RyaWZmLXN0b3JpZXMtZGV2L3VzLWNlbnRyYWwxL3N0b3JpZXMtZXMtc3luYy93bzBrN0VIWWpHaw?alt=json HTTP/1.1" 200 None
2022-05-13 10:33:50,124 DEBUG    urllib3.connectionpool https://cloudfunctions.googleapis.com:443 "GET /v1/operations/Y3Jvd2RyaWZmLXN0b3JpZXMtZGV2L3VzLWNlbnRyYWwxL3N0b3JpZXMtZXMtc3luYy93bzBrN0VIWWpHaw?alt=json HTTP/1.1" 200 None
2022-05-13 10:33:51,868 DEBUG    urllib3.connectionpool https://cloudfunctions.googleapis.com:443 "GET /v1/operations/Y3Jvd2RyaWZmLXN0b3JpZXMtZGV2L3VzLWNlbnRyYWwxL3N0b3JpZXMtZXMtc3luYy93bzBrN0VIWWpHaw?alt=json HTTP/1.1" 200 None
2022-05-13 10:33:53,305 DEBUG    urllib3.connectionpool https://cloudfunctions.googleapis.com:443 "GET /v1/operations/Y3Jvd2RyaWZmLXN0b3JpZXMtZGV2L3VzLWNlbnRyYWwxL3N0b3JpZXMtZXMtc3luYy93bzBrN0VIWWpHaw?alt=json HTTP/1.1" 200 None
2022-05-13 10:33:55,224 DEBUG    urllib3.connectionpool https://cloudfunctions.googleapis.com:443 "GET /v1/operations/Y3Jvd2RyaWZmLXN0b3JpZXMtZGV2L3VzLWNlbnRyYWwxL3N0b3JpZXMtZXMtc3luYy93bzBrN0VIWWpHaw?alt=json HTTP/1.1" 200 None
2022-05-13 10:33:57,086 DEBUG    urllib3.connectionpool https://cloudfunctions.googleapis.com:443 "GET /v1/operations/Y3Jvd2RyaWZmLXN0b3JpZXMtZGV2L3VzLWNlbnRyYWwxL3N0b3JpZXMtZXMtc3luYy93bzBrN0VIWWpHaw?alt=json HTTP/1.1" 200 None
2022-05-13 10:33:58,291 DEBUG    urllib3.connectionpool https://cloudfunctions.googleapis.com:443 "GET /v1/operations/Y3Jvd2RyaWZmLXN0b3JpZXMtZGV2L3VzLWNlbnRyYWwxL3N0b3JpZXMtZXMtc3luYy93bzBrN0VIWWpHaw?alt=json HTTP/1.1" 200 None
2022-05-13 10:34:00,269 DEBUG    urllib3.connectionpool https://cloudfunctions.googleapis.com:443 "GET /v1/operations/Y3Jvd2RyaWZmLXN0b3JpZXMtZGV2L3VzLWNlbnRyYWwxL3N0b3JpZXMtZXMtc3luYy93bzBrN0VIWWpHaw?alt=json HTTP/1.1" 200 None
2022-05-13 10:34:02,036 DEBUG    urllib3.connectionpool https://cloudfunctions.googleapis.com:443 "GET /v1/operations/Y3Jvd2RyaWZmLXN0b3JpZXMtZGV2L3VzLWNlbnRyYWwxL3N0b3JpZXMtZXMtc3luYy93bzBrN0VIWWpHaw?alt=json HTTP/1.1" 200 None
2022-05-13 10:34:03,231 DEBUG    urllib3.connectionpool https://cloudfunctions.googleapis.com:443 "GET /v1/operations/Y3Jvd2RyaWZmLXN0b3JpZXMtZGV2L3VzLWNlbnRyYWwxL3N0b3JpZXMtZXMtc3luYy93bzBrN0VIWWpHaw?alt=json HTTP/1.1" 200 None
2022-05-13 10:34:04,609 DEBUG    urllib3.connectionpool https://cloudfunctions.googleapis.com:443 "GET /v1/operations/Y3Jvd2RyaWZmLXN0b3JpZXMtZGV2L3VzLWNlbnRyYWwxL3N0b3JpZXMtZXMtc3luYy93bzBrN0VIWWpHaw?alt=json HTTP/1.1" 200 None
2022-05-13 10:34:06,103 DEBUG    urllib3.connectionpool https://cloudfunctions.googleapis.com:443 "GET /v1/operations/Y3Jvd2RyaWZmLXN0b3JpZXMtZGV2L3VzLWNlbnRyYWwxL3N0b3JpZXMtZXMtc3luYy93bzBrN0VIWWpHaw?alt=json HTTP/1.1" 200 None
2022-05-13 10:34:07,454 DEBUG    urllib3.connectionpool https://cloudfunctions.googleapis.com:443 "GET /v1/operations/Y3Jvd2RyaWZmLXN0b3JpZXMtZGV2L3VzLWNlbnRyYWwxL3N0b3JpZXMtZXMtc3luYy93bzBrN0VIWWpHaw?alt=json HTTP/1.1" 200 None
2022-05-13 10:34:08,935 DEBUG    urllib3.connectionpool https://cloudfunctions.googleapis.com:443 "GET /v1/operations/Y3Jvd2RyaWZmLXN0b3JpZXMtZGV2L3VzLWNlbnRyYWwxL3N0b3JpZXMtZXMtc3luYy93bzBrN0VIWWpHaw?alt=json HTTP/1.1" 200 None
2022-05-13 10:34:10,571 DEBUG    urllib3.connectionpool https://cloudfunctions.googleapis.com:443 "GET /v1/operations/Y3Jvd2RyaWZmLXN0b3JpZXMtZGV2L3VzLWNlbnRyYWwxL3N0b3JpZXMtZXMtc3luYy93bzBrN0VIWWpHaw?alt=json HTTP/1.1" 200 None
2022-05-13 10:34:12,372 DEBUG    urllib3.connectionpool https://cloudfunctions.googleapis.com:443 "GET /v1/operations/Y3Jvd2RyaWZmLXN0b3JpZXMtZGV2L3VzLWNlbnRyYWwxL3N0b3JpZXMtZXMtc3luYy93bzBrN0VIWWpHaw?alt=json HTTP/1.1" 200 None
2022-05-13 10:34:14,314 DEBUG    urllib3.connectionpool https://cloudfunctions.googleapis.com:443 "GET /v1/operations/Y3Jvd2RyaWZmLXN0b3JpZXMtZGV2L3VzLWNlbnRyYWwxL3N0b3JpZXMtZXMtc3luYy93bzBrN0VIWWpHaw?alt=json HTTP/1.1" 200 None
2022-05-13 10:34:15,926 DEBUG    urllib3.connectionpool https://cloudfunctions.googleapis.com:443 "GET /v1/operations/Y3Jvd2RyaWZmLXN0b3JpZXMtZGV2L3VzLWNlbnRyYWwxL3N0b3JpZXMtZXMtc3luYy93bzBrN0VIWWpHaw?alt=json HTTP/1.1" 200 None
2022-05-13 10:34:17,077 DEBUG    urllib3.connectionpool https://cloudfunctions.googleapis.com:443 "GET /v1/operations/Y3Jvd2RyaWZmLXN0b3JpZXMtZGV2L3VzLWNlbnRyYWwxL3N0b3JpZXMtZXMtc3luYy93bzBrN0VIWWpHaw?alt=json HTTP/1.1" 200 None
2022-05-13 10:34:18,941 DEBUG    urllib3.connectionpool https://cloudfunctions.googleapis.com:443 "GET /v1/operations/Y3Jvd2RyaWZmLXN0b3JpZXMtZGV2L3VzLWNlbnRyYWwxL3N0b3JpZXMtZXMtc3luYy93bzBrN0VIWWpHaw?alt=json HTTP/1.1" 200 None
2022-05-13 10:34:20,382 DEBUG    urllib3.connectionpool https://cloudfunctions.googleapis.com:443 "GET /v1/operations/Y3Jvd2RyaWZmLXN0b3JpZXMtZGV2L3VzLWNlbnRyYWwxL3N0b3JpZXMtZXMtc3luYy93bzBrN0VIWWpHaw?alt=json HTTP/1.1" 200 None
2022-05-13 10:34:21,671 DEBUG    urllib3.connectionpool https://cloudfunctions.googleapis.com:443 "GET /v1/operations/Y3Jvd2RyaWZmLXN0b3JpZXMtZGV2L3VzLWNlbnRyYWwxL3N0b3JpZXMtZXMtc3luYy93bzBrN0VIWWpHaw?alt=json HTTP/1.1" 200 None
2022-05-13 10:34:23,026 DEBUG    urllib3.connectionpool https://cloudfunctions.googleapis.com:443 "GET /v1/operations/Y3Jvd2RyaWZmLXN0b3JpZXMtZGV2L3VzLWNlbnRyYWwxL3N0b3JpZXMtZXMtc3luYy93bzBrN0VIWWpHaw?alt=json HTTP/1.1" 200 None
2022-05-13 10:34:24,284 DEBUG    urllib3.connectionpool https://cloudfunctions.googleapis.com:443 "GET /v1/operations/Y3Jvd2RyaWZmLXN0b3JpZXMtZGV2L3VzLWNlbnRyYWwxL3N0b3JpZXMtZXMtc3luYy93bzBrN0VIWWpHaw?alt=json HTTP/1.1" 200 None
2022-05-13 10:34:25,518 DEBUG    urllib3.connectionpool https://cloudfunctions.googleapis.com:443 "GET /v1/operations/Y3Jvd2RyaWZmLXN0b3JpZXMtZGV2L3VzLWNlbnRyYWwxL3N0b3JpZXMtZXMtc3luYy93bzBrN0VIWWpHaw?alt=json HTTP/1.1" 200 None
2022-05-13 10:34:26,819 DEBUG    urllib3.connectionpool https://cloudfunctions.googleapis.com:443 "GET /v1/operations/Y3Jvd2RyaWZmLXN0b3JpZXMtZGV2L3VzLWNlbnRyYWwxL3N0b3JpZXMtZXMtc3luYy93bzBrN0VIWWpHaw?alt=json HTTP/1.1" 200 None
2022-05-13 10:34:28,467 DEBUG    urllib3.connectionpool https://cloudfunctions.googleapis.com:443 "GET /v1/operations/Y3Jvd2RyaWZmLXN0b3JpZXMtZGV2L3VzLWNlbnRyYWwxL3N0b3JpZXMtZXMtc3luYy93bzBrN0VIWWpHaw?alt=json HTTP/1.1" 200 None
2022-05-13 10:34:30,490 DEBUG    urllib3.connectionpool https://cloudfunctions.googleapis.com:443 "GET /v1/operations/Y3Jvd2RyaWZmLXN0b3JpZXMtZGV2L3VzLWNlbnRyYWwxL3N0b3JpZXMtZXMtc3luYy93bzBrN0VIWWpHaw?alt=json HTTP/1.1" 200 None
2022-05-13 10:34:31,925 DEBUG    urllib3.connectionpool https://cloudfunctions.googleapis.com:443 "GET /v1/operations/Y3Jvd2RyaWZmLXN0b3JpZXMtZGV2L3VzLWNlbnRyYWwxL3N0b3JpZXMtZXMtc3luYy93bzBrN0VIWWpHaw?alt=json HTTP/1.1" 200 None
2022-05-13 10:34:33,834 DEBUG    urllib3.connectionpool https://cloudfunctions.googleapis.com:443 "GET /v1/operations/Y3Jvd2RyaWZmLXN0b3JpZXMtZGV2L3VzLWNlbnRyYWwxL3N0b3JpZXMtZXMtc3luYy93bzBrN0VIWWpHaw?alt=json HTTP/1.1" 200 None
2022-05-13 10:34:35,541 DEBUG    urllib3.connectionpool https://cloudfunctions.googleapis.com:443 "GET /v1/operations/Y3Jvd2RyaWZmLXN0b3JpZXMtZGV2L3VzLWNlbnRyYWwxL3N0b3JpZXMtZXMtc3luYy93bzBrN0VIWWpHaw?alt=json HTTP/1.1" 200 None
2022-05-13 10:34:37,038 DEBUG    urllib3.connectionpool https://cloudfunctions.googleapis.com:443 "GET /v1/operations/Y3Jvd2RyaWZmLXN0b3JpZXMtZGV2L3VzLWNlbnRyYWwxL3N0b3JpZXMtZXMtc3luYy93bzBrN0VIWWpHaw?alt=json HTTP/1.1" 200 None
2022-05-13 10:34:38,913 DEBUG    urllib3.connectionpool https://cloudfunctions.googleapis.com:443 "GET /v1/operations/Y3Jvd2RyaWZmLXN0b3JpZXMtZGV2L3VzLWNlbnRyYWwxL3N0b3JpZXMtZXMtc3luYy93bzBrN0VIWWpHaw?alt=json HTTP/1.1" 200 None
2022-05-13 10:34:40,439 DEBUG    urllib3.connectionpool https://cloudfunctions.googleapis.com:443 "GET /v1/operations/Y3Jvd2RyaWZmLXN0b3JpZXMtZGV2L3VzLWNlbnRyYWwxL3N0b3JpZXMtZXMtc3luYy93bzBrN0VIWWpHaw?alt=json HTTP/1.1" 200 None
2022-05-13 10:34:42,468 DEBUG    urllib3.connectionpool https://cloudfunctions.googleapis.com:443 "GET /v1/operations/Y3Jvd2RyaWZmLXN0b3JpZXMtZGV2L3VzLWNlbnRyYWwxL3N0b3JpZXMtZXMtc3luYy93bzBrN0VIWWpHaw?alt=json HTTP/1.1" 200 None
2022-05-13 10:34:43,804 DEBUG    urllib3.connectionpool https://cloudfunctions.googleapis.com:443 "GET /v1/operations/Y3Jvd2RyaWZmLXN0b3JpZXMtZGV2L3VzLWNlbnRyYWwxL3N0b3JpZXMtZXMtc3luYy93bzBrN0VIWWpHaw?alt=json HTTP/1.1" 200 None
2022-05-13 10:34:44,966 DEBUG    urllib3.connectionpool https://cloudfunctions.googleapis.com:443 "GET /v1/operations/Y3Jvd2RyaWZmLXN0b3JpZXMtZGV2L3VzLWNlbnRyYWwxL3N0b3JpZXMtZXMtc3luYy93bzBrN0VIWWpHaw?alt=json HTTP/1.1" 200 None
2022-05-13 10:34:46,167 DEBUG    urllib3.connectionpool https://cloudfunctions.googleapis.com:443 "GET /v1/operations/Y3Jvd2RyaWZmLXN0b3JpZXMtZGV2L3VzLWNlbnRyYWwxL3N0b3JpZXMtZXMtc3luYy93bzBrN0VIWWpHaw?alt=json HTTP/1.1" 200 None
2022-05-13 10:34:47,702 DEBUG    urllib3.connectionpool https://cloudfunctions.googleapis.com:443 "GET /v1/operations/Y3Jvd2RyaWZmLXN0b3JpZXMtZGV2L3VzLWNlbnRyYWwxL3N0b3JpZXMtZXMtc3luYy93bzBrN0VIWWpHaw?alt=json HTTP/1.1" 200 None
2022-05-13 10:34:48,910 DEBUG    urllib3.connectionpool https://cloudfunctions.googleapis.com:443 "GET /v1/operations/Y3Jvd2RyaWZmLXN0b3JpZXMtZGV2L3VzLWNlbnRyYWwxL3N0b3JpZXMtZXMtc3luYy93bzBrN0VIWWpHaw?alt=json HTTP/1.1" 200 None
2022-05-13 10:34:50,266 DEBUG    urllib3.connectionpool https://cloudfunctions.googleapis.com:443 "GET /v1/operations/Y3Jvd2RyaWZmLXN0b3JpZXMtZGV2L3VzLWNlbnRyYWwxL3N0b3JpZXMtZXMtc3luYy93bzBrN0VIWWpHaw?alt=json HTTP/1.1" 200 None
2022-05-13 10:34:52,086 DEBUG    urllib3.connectionpool https://cloudfunctions.googleapis.com:443 "GET /v1/operations/Y3Jvd2RyaWZmLXN0b3JpZXMtZGV2L3VzLWNlbnRyYWwxL3N0b3JpZXMtZXMtc3luYy93bzBrN0VIWWpHaw?alt=json HTTP/1.1" 200 None
2022-05-13 10:34:53,902 DEBUG    urllib3.connectionpool https://cloudfunctions.googleapis.com:443 "GET /v1/operations/Y3Jvd2RyaWZmLXN0b3JpZXMtZGV2L3VzLWNlbnRyYWwxL3N0b3JpZXMtZXMtc3luYy93bzBrN0VIWWpHaw?alt=json HTTP/1.1" 200 None
2022-05-13 10:34:55,365 DEBUG    urllib3.connectionpool https://cloudfunctions.googleapis.com:443 "GET /v1/operations/Y3Jvd2RyaWZmLXN0b3JpZXMtZGV2L3VzLWNlbnRyYWwxL3N0b3JpZXMtZXMtc3luYy93bzBrN0VIWWpHaw?alt=json HTTP/1.1" 200 None
2022-05-13 10:34:56,875 DEBUG    urllib3.connectionpool https://cloudfunctions.googleapis.com:443 "GET /v1/operations/Y3Jvd2RyaWZmLXN0b3JpZXMtZGV2L3VzLWNlbnRyYWwxL3N0b3JpZXMtZXMtc3luYy93bzBrN0VIWWpHaw?alt=json HTTP/1.1" 200 None
2022-05-13 10:34:58,322 DEBUG    urllib3.connectionpool https://cloudfunctions.googleapis.com:443 "GET /v1/operations/Y3Jvd2RyaWZmLXN0b3JpZXMtZGV2L3VzLWNlbnRyYWwxL3N0b3JpZXMtZXMtc3luYy93bzBrN0VIWWpHaw?alt=json HTTP/1.1" 200 None
2022-05-13 10:35:00,252 DEBUG    urllib3.connectionpool https://cloudfunctions.googleapis.com:443 "GET /v1/operations/Y3Jvd2RyaWZmLXN0b3JpZXMtZGV2L3VzLWNlbnRyYWwxL3N0b3JpZXMtZXMtc3luYy93bzBrN0VIWWpHaw?alt=json HTTP/1.1" 200 None
2022-05-13 10:35:01,393 DEBUG    urllib3.connectionpool https://cloudfunctions.googleapis.com:443 "GET /v1/operations/Y3Jvd2RyaWZmLXN0b3JpZXMtZGV2L3VzLWNlbnRyYWwxL3N0b3JpZXMtZXMtc3luYy93bzBrN0VIWWpHaw?alt=json HTTP/1.1" 200 None
2022-05-13 10:35:03,211 DEBUG    urllib3.connectionpool https://cloudfunctions.googleapis.com:443 "GET /v1/operations/Y3Jvd2RyaWZmLXN0b3JpZXMtZGV2L3VzLWNlbnRyYWwxL3N0b3JpZXMtZXMtc3luYy93bzBrN0VIWWpHaw?alt=json HTTP/1.1" 200 None
2022-05-13 10:35:05,079 DEBUG    urllib3.connectionpool https://cloudfunctions.googleapis.com:443 "GET /v1/operations/Y3Jvd2RyaWZmLXN0b3JpZXMtZGV2L3VzLWNlbnRyYWwxL3N0b3JpZXMtZXMtc3luYy93bzBrN0VIWWpHaw?alt=json HTTP/1.1" 200 None
2022-05-13 10:35:06,512 DEBUG    urllib3.connectionpool https://cloudfunctions.googleapis.com:443 "GET /v1/operations/Y3Jvd2RyaWZmLXN0b3JpZXMtZGV2L3VzLWNlbnRyYWwxL3N0b3JpZXMtZXMtc3luYy93bzBrN0VIWWpHaw?alt=json HTTP/1.1" 200 None
2022-05-13 10:35:08,404 DEBUG    urllib3.connectionpool https://cloudfunctions.googleapis.com:443 "GET /v1/operations/Y3Jvd2RyaWZmLXN0b3JpZXMtZGV2L3VzLWNlbnRyYWwxL3N0b3JpZXMtZXMtc3luYy93bzBrN0VIWWpHaw?alt=json HTTP/1.1" 200 None
2022-05-13 10:35:09,731 DEBUG    urllib3.connectionpool https://cloudfunctions.googleapis.com:443 "GET /v1/operations/Y3Jvd2RyaWZmLXN0b3JpZXMtZGV2L3VzLWNlbnRyYWwxL3N0b3JpZXMtZXMtc3luYy93bzBrN0VIWWpHaw?alt=json HTTP/1.1" 200 None
2022-05-13 10:35:11,656 DEBUG    urllib3.connectionpool https://cloudfunctions.googleapis.com:443 "GET /v1/operations/Y3Jvd2RyaWZmLXN0b3JpZXMtZGV2L3VzLWNlbnRyYWwxL3N0b3JpZXMtZXMtc3luYy93bzBrN0VIWWpHaw?alt=json HTTP/1.1" 200 None
2022-05-13 10:35:13,645 DEBUG    urllib3.connectionpool https://cloudfunctions.googleapis.com:443 "GET /v1/operations/Y3Jvd2RyaWZmLXN0b3JpZXMtZGV2L3VzLWNlbnRyYWwxL3N0b3JpZXMtZXMtc3luYy93bzBrN0VIWWpHaw?alt=json HTTP/1.1" 200 None
2022-05-13 10:35:15,037 DEBUG    urllib3.connectionpool https://cloudfunctions.googleapis.com:443 "GET /v1/operations/Y3Jvd2RyaWZmLXN0b3JpZXMtZGV2L3VzLWNlbnRyYWwxL3N0b3JpZXMtZXMtc3luYy93bzBrN0VIWWpHaw?alt=json HTTP/1.1" 200 None
2022-05-13 10:35:16,289 DEBUG    urllib3.connectionpool https://cloudfunctions.googleapis.com:443 "GET /v1/operations/Y3Jvd2RyaWZmLXN0b3JpZXMtZGV2L3VzLWNlbnRyYWwxL3N0b3JpZXMtZXMtc3luYy93bzBrN0VIWWpHaw?alt=json HTTP/1.1" 200 None
2022-05-13 10:35:17,711 DEBUG    urllib3.connectionpool https://cloudfunctions.googleapis.com:443 "GET /v1/operations/Y3Jvd2RyaWZmLXN0b3JpZXMtZGV2L3VzLWNlbnRyYWwxL3N0b3JpZXMtZXMtc3luYy93bzBrN0VIWWpHaw?alt=json HTTP/1.1" 200 None
2022-05-13 10:35:18,863 DEBUG    urllib3.connectionpool https://cloudfunctions.googleapis.com:443 "GET /v1/operations/Y3Jvd2RyaWZmLXN0b3JpZXMtZGV2L3VzLWNlbnRyYWwxL3N0b3JpZXMtZXMtc3luYy93bzBrN0VIWWpHaw?alt=json HTTP/1.1" 200 None
2022-05-13 10:35:20,511 DEBUG    urllib3.connectionpool https://cloudfunctions.googleapis.com:443 "GET /v1/operations/Y3Jvd2RyaWZmLXN0b3JpZXMtZGV2L3VzLWNlbnRyYWwxL3N0b3JpZXMtZXMtc3luYy93bzBrN0VIWWpHaw?alt=json HTTP/1.1" 200 None
2022-05-13 10:35:21,802 DEBUG    urllib3.connectionpool https://cloudfunctions.googleapis.com:443 "GET /v1/operations/Y3Jvd2RyaWZmLXN0b3JpZXMtZGV2L3VzLWNlbnRyYWwxL3N0b3JpZXMtZXMtc3luYy93bzBrN0VIWWpHaw?alt=json HTTP/1.1" 200 None
2022-05-13 10:35:23,522 DEBUG    urllib3.connectionpool https://cloudfunctions.googleapis.com:443 "GET /v1/operations/Y3Jvd2RyaWZmLXN0b3JpZXMtZGV2L3VzLWNlbnRyYWwxL3N0b3JpZXMtZXMtc3luYy93bzBrN0VIWWpHaw?alt=json HTTP/1.1" 200 None
2022-05-13 10:35:23,542 DEBUG    urllib3.connectionpool Starting new HTTPS connection (1): cloudfunctions.googleapis.com:443
2022-05-13 10:35:23,748 DEBUG    urllib3.connectionpool https://cloudfunctions.googleapis.com:443 "GET /v1/projects/crowdriff-stories-dev/locations/us-central1/functions/stories-es-sync?alt=json HTTP/1.1" 200 None
2022-05-13 10:35:23,754 INFO     root            Display format: "default"
2022-05-13 10:35:23,756 INFO     ___FILE_ONLY___ availableMemoryMb
2022-05-13 10:35:23,756 INFO     ___FILE_ONLY___ :
2022-05-13 10:35:23,756 INFO     ___FILE_ONLY___  
2022-05-13 10:35:23,757 INFO     ___FILE_ONLY___ 128
2022-05-13 10:35:23,757 INFO     ___FILE_ONLY___ 

2022-05-13 10:35:23,757 INFO     ___FILE_ONLY___ buildId
2022-05-13 10:35:23,757 INFO     ___FILE_ONLY___ :
2022-05-13 10:35:23,757 INFO     ___FILE_ONLY___  
2022-05-13 10:35:23,757 INFO     ___FILE_ONLY___ 25dd90ea-e7d2-4e7d-a0b8-667fe2b1def4
2022-05-13 10:35:23,757 INFO     ___FILE_ONLY___ 

2022-05-13 10:35:23,757 INFO     ___FILE_ONLY___ buildName
2022-05-13 10:35:23,757 INFO     ___FILE_ONLY___ :
2022-05-13 10:35:23,757 INFO     ___FILE_ONLY___  
2022-05-13 10:35:23,757 INFO     ___FILE_ONLY___ projects/31098141265/locations/us-central1/builds/25dd90ea-e7d2-4e7d-a0b8-667fe2b1def4
2022-05-13 10:35:23,757 INFO     ___FILE_ONLY___ 

2022-05-13 10:35:23,758 INFO     ___FILE_ONLY___ dockerRegistry
2022-05-13 10:35:23,758 INFO     ___FILE_ONLY___ :
2022-05-13 10:35:23,758 INFO     ___FILE_ONLY___  
2022-05-13 10:35:23,758 INFO     ___FILE_ONLY___ CONTAINER_REGISTRY
2022-05-13 10:35:23,758 INFO     ___FILE_ONLY___ 

2022-05-13 10:35:23,758 INFO     ___FILE_ONLY___ entryPoint
2022-05-13 10:35:23,758 INFO     ___FILE_ONLY___ :
2022-05-13 10:35:23,758 INFO     ___FILE_ONLY___  
2022-05-13 10:35:23,758 INFO     ___FILE_ONLY___ entrypoint
2022-05-13 10:35:23,758 INFO     ___FILE_ONLY___ 

2022-05-13 10:35:23,758 INFO     ___FILE_ONLY___ environmentVariables
2022-05-13 10:35:23,758 INFO     ___FILE_ONLY___ :
2022-05-13 10:35:23,758 INFO     ___FILE_ONLY___ 

2022-05-13 10:35:23,758 INFO     ___FILE_ONLY___   
2022-05-13 10:35:23,758 INFO     ___FILE_ONLY___ GATEWAY_BASE
2022-05-13 10:35:23,758 INFO     ___FILE_ONLY___ :
2022-05-13 10:35:23,758 INFO     ___FILE_ONLY___  
2022-05-13 10:35:23,758 INFO     ___FILE_ONLY___ https://story-network-gateway.derp.website
2022-05-13 10:35:23,758 INFO     ___FILE_ONLY___ 

2022-05-13 10:35:23,758 INFO     ___FILE_ONLY___   
2022-05-13 10:35:23,758 INFO     ___FILE_ONLY___ GOOGLE_CLOUD_PROJECT
2022-05-13 10:35:23,758 INFO     ___FILE_ONLY___ :
2022-05-13 10:35:23,758 INFO     ___FILE_ONLY___  
2022-05-13 10:35:23,759 INFO     ___FILE_ONLY___ crowdriff-stories-dev
2022-05-13 10:35:23,759 INFO     ___FILE_ONLY___ 

2022-05-13 10:35:23,759 INFO     ___FILE_ONLY___   
2022-05-13 10:35:23,759 INFO     ___FILE_ONLY___ NODE_ENV
2022-05-13 10:35:23,759 INFO     ___FILE_ONLY___ :
2022-05-13 10:35:23,759 INFO     ___FILE_ONLY___  
2022-05-13 10:35:23,759 INFO     ___FILE_ONLY___ development
2022-05-13 10:35:23,759 INFO     ___FILE_ONLY___ 

2022-05-13 10:35:23,759 INFO     ___FILE_ONLY___   
2022-05-13 10:35:23,759 INFO     ___FILE_ONLY___ NODE_PATH
2022-05-13 10:35:23,759 INFO     ___FILE_ONLY___ :
2022-05-13 10:35:23,759 INFO     ___FILE_ONLY___  
2022-05-13 10:35:23,759 INFO     ___FILE_ONLY___ .
2022-05-13 10:35:23,759 INFO     ___FILE_ONLY___ 

2022-05-13 10:35:23,759 INFO     ___FILE_ONLY___   
2022-05-13 10:35:23,759 INFO     ___FILE_ONLY___ SERVICE_ACCOUNT
2022-05-13 10:35:23,759 INFO     ___FILE_ONLY___ :
2022-05-13 10:35:23,759 INFO     ___FILE_ONLY___  
2022-05-13 10:35:23,760 INFO     ___FILE_ONLY___ github-actions@crowdriff-stories-dev.iam.gserviceaccount.com
2022-05-13 10:35:23,760 INFO     ___FILE_ONLY___ 

2022-05-13 10:35:23,760 INFO     ___FILE_ONLY___ eventTrigger
2022-05-13 10:35:23,760 INFO     ___FILE_ONLY___ :
2022-05-13 10:35:23,760 INFO     ___FILE_ONLY___ 

2022-05-13 10:35:23,760 INFO     ___FILE_ONLY___   
2022-05-13 10:35:23,760 INFO     ___FILE_ONLY___ eventType
2022-05-13 10:35:23,760 INFO     ___FILE_ONLY___ :
2022-05-13 10:35:23,760 INFO     ___FILE_ONLY___  
2022-05-13 10:35:23,760 INFO     ___FILE_ONLY___ google.pubsub.topic.publish
2022-05-13 10:35:23,760 INFO     ___FILE_ONLY___ 

2022-05-13 10:35:23,760 INFO     ___FILE_ONLY___   
2022-05-13 10:35:23,760 INFO     ___FILE_ONLY___ failurePolicy
2022-05-13 10:35:23,760 INFO     ___FILE_ONLY___ :
2022-05-13 10:35:23,760 INFO     ___FILE_ONLY___  {
2022-05-13 10:35:23,760 INFO     ___FILE_ONLY___ }
2022-05-13 10:35:23,760 INFO     ___FILE_ONLY___ 

2022-05-13 10:35:23,760 INFO     ___FILE_ONLY___   
2022-05-13 10:35:23,760 INFO     ___FILE_ONLY___ resource
2022-05-13 10:35:23,760 INFO     ___FILE_ONLY___ :
2022-05-13 10:35:23,760 INFO     ___FILE_ONLY___  
2022-05-13 10:35:23,760 INFO     ___FILE_ONLY___ projects/crowdriff-stories-dev/topics/stories-es-sync
2022-05-13 10:35:23,760 INFO     ___FILE_ONLY___ 

2022-05-13 10:35:23,760 INFO     ___FILE_ONLY___   
2022-05-13 10:35:23,761 INFO     ___FILE_ONLY___ service
2022-05-13 10:35:23,761 INFO     ___FILE_ONLY___ :
2022-05-13 10:35:23,761 INFO     ___FILE_ONLY___  
2022-05-13 10:35:23,761 INFO     ___FILE_ONLY___ pubsub.googleapis.com
2022-05-13 10:35:23,761 INFO     ___FILE_ONLY___ 

2022-05-13 10:35:23,761 INFO     ___FILE_ONLY___ ingressSettings
2022-05-13 10:35:23,761 INFO     ___FILE_ONLY___ :
2022-05-13 10:35:23,761 INFO     ___FILE_ONLY___  
2022-05-13 10:35:23,761 INFO     ___FILE_ONLY___ ALLOW_ALL
2022-05-13 10:35:23,761 INFO     ___FILE_ONLY___ 

2022-05-13 10:35:23,761 INFO     ___FILE_ONLY___ labels
2022-05-13 10:35:23,761 INFO     ___FILE_ONLY___ :
2022-05-13 10:35:23,761 INFO     ___FILE_ONLY___ 

2022-05-13 10:35:23,761 INFO     ___FILE_ONLY___   
2022-05-13 10:35:23,761 INFO     ___FILE_ONLY___ deployment-tool
2022-05-13 10:35:23,761 INFO     ___FILE_ONLY___ :
2022-05-13 10:35:23,761 INFO     ___FILE_ONLY___  
2022-05-13 10:35:23,761 INFO     ___FILE_ONLY___ cli-gcloud
2022-05-13 10:35:23,761 INFO     ___FILE_ONLY___ 

2022-05-13 10:35:23,761 INFO     ___FILE_ONLY___ name
2022-05-13 10:35:23,761 INFO     ___FILE_ONLY___ :
2022-05-13 10:35:23,761 INFO     ___FILE_ONLY___  
2022-05-13 10:35:23,761 INFO     ___FILE_ONLY___ projects/crowdriff-stories-dev/locations/us-central1/functions/stories-es-sync
2022-05-13 10:35:23,761 INFO     ___FILE_ONLY___ 

2022-05-13 10:35:23,761 INFO     ___FILE_ONLY___ runtime
2022-05-13 10:35:23,761 INFO     ___FILE_ONLY___ :
2022-05-13 10:35:23,761 INFO     ___FILE_ONLY___  
2022-05-13 10:35:23,762 INFO     ___FILE_ONLY___ nodejs14
2022-05-13 10:35:23,762 INFO     ___FILE_ONLY___ 

2022-05-13 10:35:23,762 INFO     ___FILE_ONLY___ serviceAccountEmail
2022-05-13 10:35:23,762 INFO     ___FILE_ONLY___ :
2022-05-13 10:35:23,762 INFO     ___FILE_ONLY___  
2022-05-13 10:35:23,762 INFO     ___FILE_ONLY___ crowdriff-stories-dev@appspot.gserviceaccount.com
2022-05-13 10:35:23,762 INFO     ___FILE_ONLY___ 

2022-05-13 10:35:23,762 INFO     ___FILE_ONLY___ sourceUploadUrl
2022-05-13 10:35:23,762 INFO     ___FILE_ONLY___ :
2022-05-13 10:35:23,762 INFO     ___FILE_ONLY___  
2022-05-13 10:35:23,762 INFO     ___FILE_ONLY___ https://storage.googleapis.com/uploads-556841579775.us-central1.cloudfunctions.appspot.com/b62c925d-22d4-49df-a188-c71a998cb4b5.zip
2022-05-13 10:35:23,762 INFO     ___FILE_ONLY___ 

2022-05-13 10:35:23,762 INFO     ___FILE_ONLY___ status
2022-05-13 10:35:23,762 INFO     ___FILE_ONLY___ :
2022-05-13 10:35:23,762 INFO     ___FILE_ONLY___  
2022-05-13 10:35:23,762 INFO     ___FILE_ONLY___ ACTIVE
2022-05-13 10:35:23,762 INFO     ___FILE_ONLY___ 

2022-05-13 10:35:23,762 INFO     ___FILE_ONLY___ timeout
2022-05-13 10:35:23,762 INFO     ___FILE_ONLY___ :
2022-05-13 10:35:23,762 INFO     ___FILE_ONLY___  
2022-05-13 10:35:23,762 INFO     ___FILE_ONLY___ 540s
2022-05-13 10:35:23,762 INFO     ___FILE_ONLY___ 

2022-05-13 10:35:23,762 INFO     ___FILE_ONLY___ updateTime
2022-05-13 10:35:23,762 INFO     ___FILE_ONLY___ :
2022-05-13 10:35:23,763 INFO     ___FILE_ONLY___  '
2022-05-13 10:35:23,763 INFO     ___FILE_ONLY___ 2022-05-13T14:35:23.061Z
2022-05-13 10:35:23,763 INFO     ___FILE_ONLY___ '
2022-05-13 10:35:23,763 INFO     ___FILE_ONLY___ 

2022-05-13 10:35:23,763 INFO     ___FILE_ONLY___ versionId
2022-05-13 10:35:23,763 INFO     ___FILE_ONLY___ :
2022-05-13 10:35:23,763 INFO     ___FILE_ONLY___  '
2022-05-13 10:35:23,763 INFO     ___FILE_ONLY___ 7
2022-05-13 10:35:23,763 INFO     ___FILE_ONLY___ '
2022-05-13 10:35:23,763 INFO     ___FILE_ONLY___ 

2022-05-13 10:35:23,771 DEBUG    root            Metrics reporting process started...
