2022-05-13 11:13:26,187 DEBUG    root            Loaded Command Group: ['gcloud', 'config']
2022-05-13 11:13:26,188 DEBUG    root            Loaded Command Group: ['gcloud', 'config', 'config_helper']
2022-05-13 11:13:26,189 DEBUG    root            Running [gcloud.config.config-helper] with arguments: [--format: "json"]
2022-05-13 11:13:26,191 INFO     root            Display format: "default json"
2022-05-13 11:13:26,192 INFO     ___FILE_ONLY___ {
  "configuration": {
    "active_configuration": "default",
    "properties": {
      "compute": {
        "zone": "us-central1"
      },
      "core": {
        "account": "britton.jenner@crowdriff.com",
        "disable_usage_reporting": "False",
        "project": "crowdriff-stories-dev"
      }
    }
  },
  "credential": {
    "access_token": "ya29.A0ARrdaM-wCySRNEmNT1FJpvqpjeLDZquMfkJc2lyuSbdjV7C5zrfgo8eMXXVmKLKhmwKKE4LXSS01bPuLkLNNgu2tfFPhV89HucYA0epKLRIcYGajgR6FkPMf3Tas2660QaIfeWkcsUyrFMPMIk0JN8Ma4xdfgG6qyThcd9A",
    "id_token": "eyJhbGciOiJSUzI1NiIsImtpZCI6ImIxYTgyNTllYjA3NjYwZWYyMzc4MWM4NWI3ODQ5YmZhMGExYzgwNmMiLCJ0eXAiOiJKV1QifQ.eyJpc3MiOiJodHRwczovL2FjY291bnRzLmdvb2dsZS5jb20iLCJhenAiOiIzMjU1NTk0MDU1OS5hcHBzLmdvb2dsZXVzZXJjb250ZW50LmNvbSIsImF1ZCI6IjMyNTU1OTQwNTU5LmFwcHMuZ29vZ2xldXNlcmNvbnRlbnQuY29tIiwic3ViIjoiMTA0NzU3Njk2MTMwOTc4MTMyNDM4IiwiaGQiOiJjcm93ZHJpZmYuY29tIiwiZW1haWwiOiJicml0dG9uLmplbm5lckBjcm93ZHJpZmYuY29tIiwiZW1haWxfdmVyaWZpZWQiOnRydWUsImF0X2hhc2giOiJNOWhoOXhVZVVwblR2SXNHS3ZOSlFnIiwiaWF0IjoxNjUyNDU0MjYzLCJleHAiOjE2NTI0NTc4NjN9.PyQHWS5Aso51Quj5vl0V4Svngpuy3cYD7JP-wPPT7q7xzPxeN6O8hFRLECMRIWaDEH-JQuIHYUGSkR6fOxdEv1tHGeWy8HZ5hLWBbkD9leHtKyDaWd8LaAynkpf2w73XuusdTyf15dROAr4EL4AGzdwRn-Swd_QjWz7nwBjXW9awkn6d-kLvkov8imBPaRpYkBM_rn2DNASmuVHKYaNadH5ayTXYI_S7UpYPflr-pIrNo5u6PixfnoALDziSptU3y3uoRBT4rcJxntjhQ1_Q5H4UaALqn2rv1FNQYyBljsf8-1qmHJMHaRN5kYBeQXH2x6WJ-QfP5SlzK4TXG3C_pg",
    "token_expiry": "2022-05-13T16:04:22Z"
  },
  "sentinels": {
    "config_sentinel": "/Users/britton.jenner/.config/gcloud/config_sentinel"
  }
}
2022-05-13 11:13:26,192 INFO     ___FILE_ONLY___ 

2022-05-13 11:13:26,196 DEBUG    root            Metrics reporting process started...
