2022-05-13 12:06:19,801 DEBUG    root            Loaded Command Group: ['gcloud', 'functions']
2022-05-13 12:06:19,914 DEBUG    root            Loaded Command Group: ['gcloud', 'functions', 'deploy']
2022-05-13 12:06:19,928 DEBUG    root            Running [gcloud.functions.deploy] with arguments: [--entry-point: "entrypoint", --env-vars-file: "{'NODE_ENV': 'development', 'NODE_PATH': '.', 'GATEWAY_BASE': 'https://story-network-gateway.derp.website', 'SERVICE_ACCOUNT': 'github-actions@crowdriff-stories-dev.iam.gserviceaccount.com', 'GOOGLE_CLOUD_PROJECT': 'crowdriff-stories-dev'}", --memory: "128Mi", --runtime: "nodejs14", --source: "dist/", --timeout: "540", --trigger-topic: "stories-es-sync", NAME: "stories-es-sync"]
2022-05-13 12:06:19,981 DEBUG    urllib3.connectionpool Starting new HTTPS connection (1): cloudfunctions.googleapis.com:443
2022-05-13 12:06:20,188 DEBUG    urllib3.connectionpool https://cloudfunctions.googleapis.com:443 "GET /v1/projects/crowdriff-stories-dev/locations/us-central1/functions/stories-es-sync?alt=json HTTP/1.1" 200 None
2022-05-13 12:06:20,191 INFO     root            Not using ignore file.
2022-05-13 12:06:20,192 INFO     root            Not using ignore file.
2022-05-13 12:06:20,221 DEBUG    urllib3.connectionpool Starting new HTTPS connection (1): cloudfunctions.googleapis.com:443
2022-05-13 12:06:20,733 DEBUG    urllib3.connectionpool https://cloudfunctions.googleapis.com:443 "POST /v1/projects/crowdriff-stories-dev/locations/us-central1/functions:generateUploadUrl?alt=json HTTP/1.1" 200 None
2022-05-13 12:06:20,772 DEBUG    urllib3.connectionpool Starting new HTTPS connection (1): storage.googleapis.com:443
2022-05-13 12:06:21,029 DEBUG    urllib3.connectionpool https://storage.googleapis.com:443 "PUT /uploads-556841579775.us-central1.cloudfunctions.appspot.com/aa2bbc54-124a-489c-8004-ea3b3d4068b5.zip?GoogleAccessId=service-31098141265%40gcf-admin-robot.iam.gserviceaccount.com&Expires=1652459780&Signature=X0jy9KHpv2%2F2XxetDKnbHwOq%2FBUVdwuNNuxh4fchA74P2FvWxGFLBkf8xq%2BDLae2Y9rz%2BqyfJ8eS9rLcoSoj4mKvP8cn2D3JwwwLmS9QrbRjhpxVNXDuhGiv39Gvc8fYJ6A%2FaBk8sKrYSt0R1XW%2Bng3fJ1NYA6HfaTF%2BGUlXBjd4kdjRB%2B17oirR6cl2ktqR2oMLZe3KVfZP2pdkY5xnDJPQLrzwhafomXLVIGU2VYMHGgo4xd1b%2FomtxdyKYH7DtiqJUPOe0x5yNdBc9Bl5livpNtdbjF%2Fw6XqeGQ0ziFSV7RsE1GuKzwSuENq%2B41C8e%2Fds3z8aPJ5QUzceBA48yw%3D%3D HTTP/1.1" 200 0
2022-05-13 12:06:21,035 DEBUG    urllib3.connectionpool Starting new HTTPS connection (1): cloudfunctions.googleapis.com:443
2022-05-13 12:06:21,407 DEBUG    urllib3.connectionpool https://cloudfunctions.googleapis.com:443 "PATCH /v1/projects/crowdriff-stories-dev/locations/us-central1/functions/stories-es-sync?alt=json&updateMask=availableMemoryMb%2CentryPoint%2CeventTrigger%2ChttpsTrigger%2Cruntime%2CsourceUploadUrl%2Ctimeout HTTP/1.1" 200 None
2022-05-13 12:06:21,412 INFO     ___FILE_ONLY___ Deploying function (may take a while - up to 2 minutes)...
2022-05-13 12:06:21,416 DEBUG    urllib3.connectionpool Starting new HTTPS connection (1): cloudfunctions.googleapis.com:443
2022-05-13 12:06:21,614 DEBUG    urllib3.connectionpool https://cloudfunctions.googleapis.com:443 "GET /v1/operations/Y3Jvd2RyaWZmLXN0b3JpZXMtZGV2L3VzLWNlbnRyYWwxL3N0b3JpZXMtZXMtc3luYy81alVGWUtDUUZmWQ?alt=json HTTP/1.1" 200 None
2022-05-13 12:06:23,482 DEBUG    urllib3.connectionpool https://cloudfunctions.googleapis.com:443 "GET /v1/operations/Y3Jvd2RyaWZmLXN0b3JpZXMtZGV2L3VzLWNlbnRyYWwxL3N0b3JpZXMtZXMtc3luYy81alVGWUtDUUZmWQ?alt=json HTTP/1.1" 200 None
2022-05-13 12:06:23,484 INFO     ___FILE_ONLY___ 
For Cloud Build Logs, visit: https://console.cloud.google.com/cloud-build/builds;region=us-central1/26219e1c-0805-42b6-9fad-0eafc4f41f60?project=31098141265

2022-05-13 12:06:24,849 DEBUG    urllib3.connectionpool https://cloudfunctions.googleapis.com:443 "GET /v1/operations/Y3Jvd2RyaWZmLXN0b3JpZXMtZGV2L3VzLWNlbnRyYWwxL3N0b3JpZXMtZXMtc3luYy81alVGWUtDUUZmWQ?alt=json HTTP/1.1" 200 None
2022-05-13 12:06:26,016 DEBUG    urllib3.connectionpool https://cloudfunctions.googleapis.com:443 "GET /v1/operations/Y3Jvd2RyaWZmLXN0b3JpZXMtZGV2L3VzLWNlbnRyYWwxL3N0b3JpZXMtZXMtc3luYy81alVGWUtDUUZmWQ?alt=json HTTP/1.1" 200 None
2022-05-13 12:06:27,354 DEBUG    urllib3.connectionpool https://cloudfunctions.googleapis.com:443 "GET /v1/operations/Y3Jvd2RyaWZmLXN0b3JpZXMtZGV2L3VzLWNlbnRyYWwxL3N0b3JpZXMtZXMtc3luYy81alVGWUtDUUZmWQ?alt=json HTTP/1.1" 200 None
2022-05-13 12:06:28,501 DEBUG    urllib3.connectionpool https://cloudfunctions.googleapis.com:443 "GET /v1/operations/Y3Jvd2RyaWZmLXN0b3JpZXMtZGV2L3VzLWNlbnRyYWwxL3N0b3JpZXMtZXMtc3luYy81alVGWUtDUUZmWQ?alt=json HTTP/1.1" 200 None
2022-05-13 12:06:30,097 DEBUG    urllib3.connectionpool https://cloudfunctions.googleapis.com:443 "GET /v1/operations/Y3Jvd2RyaWZmLXN0b3JpZXMtZGV2L3VzLWNlbnRyYWwxL3N0b3JpZXMtZXMtc3luYy81alVGWUtDUUZmWQ?alt=json HTTP/1.1" 200 None
2022-05-13 12:06:31,322 DEBUG    urllib3.connectionpool https://cloudfunctions.googleapis.com:443 "GET /v1/operations/Y3Jvd2RyaWZmLXN0b3JpZXMtZGV2L3VzLWNlbnRyYWwxL3N0b3JpZXMtZXMtc3luYy81alVGWUtDUUZmWQ?alt=json HTTP/1.1" 200 None
2022-05-13 12:06:32,768 DEBUG    urllib3.connectionpool https://cloudfunctions.googleapis.com:443 "GET /v1/operations/Y3Jvd2RyaWZmLXN0b3JpZXMtZGV2L3VzLWNlbnRyYWwxL3N0b3JpZXMtZXMtc3luYy81alVGWUtDUUZmWQ?alt=json HTTP/1.1" 200 None
2022-05-13 12:06:34,326 DEBUG    urllib3.connectionpool https://cloudfunctions.googleapis.com:443 "GET /v1/operations/Y3Jvd2RyaWZmLXN0b3JpZXMtZGV2L3VzLWNlbnRyYWwxL3N0b3JpZXMtZXMtc3luYy81alVGWUtDUUZmWQ?alt=json HTTP/1.1" 200 None
2022-05-13 12:06:36,278 DEBUG    urllib3.connectionpool https://cloudfunctions.googleapis.com:443 "GET /v1/operations/Y3Jvd2RyaWZmLXN0b3JpZXMtZGV2L3VzLWNlbnRyYWwxL3N0b3JpZXMtZXMtc3luYy81alVGWUtDUUZmWQ?alt=json HTTP/1.1" 200 None
2022-05-13 12:06:37,826 DEBUG    urllib3.connectionpool https://cloudfunctions.googleapis.com:443 "GET /v1/operations/Y3Jvd2RyaWZmLXN0b3JpZXMtZGV2L3VzLWNlbnRyYWwxL3N0b3JpZXMtZXMtc3luYy81alVGWUtDUUZmWQ?alt=json HTTP/1.1" 200 None
2022-05-13 12:06:39,780 DEBUG    urllib3.connectionpool https://cloudfunctions.googleapis.com:443 "GET /v1/operations/Y3Jvd2RyaWZmLXN0b3JpZXMtZGV2L3VzLWNlbnRyYWwxL3N0b3JpZXMtZXMtc3luYy81alVGWUtDUUZmWQ?alt=json HTTP/1.1" 200 None
2022-05-13 12:06:41,765 DEBUG    urllib3.connectionpool https://cloudfunctions.googleapis.com:443 "GET /v1/operations/Y3Jvd2RyaWZmLXN0b3JpZXMtZGV2L3VzLWNlbnRyYWwxL3N0b3JpZXMtZXMtc3luYy81alVGWUtDUUZmWQ?alt=json HTTP/1.1" 200 None
2022-05-13 12:06:43,700 DEBUG    urllib3.connectionpool https://cloudfunctions.googleapis.com:443 "GET /v1/operations/Y3Jvd2RyaWZmLXN0b3JpZXMtZGV2L3VzLWNlbnRyYWwxL3N0b3JpZXMtZXMtc3luYy81alVGWUtDUUZmWQ?alt=json HTTP/1.1" 200 None
2022-05-13 12:06:45,111 DEBUG    urllib3.connectionpool https://cloudfunctions.googleapis.com:443 "GET /v1/operations/Y3Jvd2RyaWZmLXN0b3JpZXMtZGV2L3VzLWNlbnRyYWwxL3N0b3JpZXMtZXMtc3luYy81alVGWUtDUUZmWQ?alt=json HTTP/1.1" 200 None
2022-05-13 12:06:46,671 DEBUG    urllib3.connectionpool https://cloudfunctions.googleapis.com:443 "GET /v1/operations/Y3Jvd2RyaWZmLXN0b3JpZXMtZGV2L3VzLWNlbnRyYWwxL3N0b3JpZXMtZXMtc3luYy81alVGWUtDUUZmWQ?alt=json HTTP/1.1" 200 None
2022-05-13 12:06:48,519 DEBUG    urllib3.connectionpool https://cloudfunctions.googleapis.com:443 "GET /v1/operations/Y3Jvd2RyaWZmLXN0b3JpZXMtZGV2L3VzLWNlbnRyYWwxL3N0b3JpZXMtZXMtc3luYy81alVGWUtDUUZmWQ?alt=json HTTP/1.1" 200 None
2022-05-13 12:06:49,932 DEBUG    urllib3.connectionpool https://cloudfunctions.googleapis.com:443 "GET /v1/operations/Y3Jvd2RyaWZmLXN0b3JpZXMtZGV2L3VzLWNlbnRyYWwxL3N0b3JpZXMtZXMtc3luYy81alVGWUtDUUZmWQ?alt=json HTTP/1.1" 200 None
2022-05-13 12:06:51,070 DEBUG    urllib3.connectionpool https://cloudfunctions.googleapis.com:443 "GET /v1/operations/Y3Jvd2RyaWZmLXN0b3JpZXMtZGV2L3VzLWNlbnRyYWwxL3N0b3JpZXMtZXMtc3luYy81alVGWUtDUUZmWQ?alt=json HTTP/1.1" 200 None
2022-05-13 12:06:53,156 DEBUG    urllib3.connectionpool https://cloudfunctions.googleapis.com:443 "GET /v1/operations/Y3Jvd2RyaWZmLXN0b3JpZXMtZGV2L3VzLWNlbnRyYWwxL3N0b3JpZXMtZXMtc3luYy81alVGWUtDUUZmWQ?alt=json HTTP/1.1" 200 None
2022-05-13 12:06:54,722 DEBUG    urllib3.connectionpool https://cloudfunctions.googleapis.com:443 "GET /v1/operations/Y3Jvd2RyaWZmLXN0b3JpZXMtZGV2L3VzLWNlbnRyYWwxL3N0b3JpZXMtZXMtc3luYy81alVGWUtDUUZmWQ?alt=json HTTP/1.1" 200 None
2022-05-13 12:06:56,134 DEBUG    urllib3.connectionpool https://cloudfunctions.googleapis.com:443 "GET /v1/operations/Y3Jvd2RyaWZmLXN0b3JpZXMtZGV2L3VzLWNlbnRyYWwxL3N0b3JpZXMtZXMtc3luYy81alVGWUtDUUZmWQ?alt=json HTTP/1.1" 200 None
2022-05-13 12:06:57,906 DEBUG    urllib3.connectionpool https://cloudfunctions.googleapis.com:443 "GET /v1/operations/Y3Jvd2RyaWZmLXN0b3JpZXMtZGV2L3VzLWNlbnRyYWwxL3N0b3JpZXMtZXMtc3luYy81alVGWUtDUUZmWQ?alt=json HTTP/1.1" 200 None
2022-05-13 12:06:59,068 DEBUG    urllib3.connectionpool https://cloudfunctions.googleapis.com:443 "GET /v1/operations/Y3Jvd2RyaWZmLXN0b3JpZXMtZGV2L3VzLWNlbnRyYWwxL3N0b3JpZXMtZXMtc3luYy81alVGWUtDUUZmWQ?alt=json HTTP/1.1" 200 None
2022-05-13 12:07:01,185 DEBUG    urllib3.connectionpool https://cloudfunctions.googleapis.com:443 "GET /v1/operations/Y3Jvd2RyaWZmLXN0b3JpZXMtZGV2L3VzLWNlbnRyYWwxL3N0b3JpZXMtZXMtc3luYy81alVGWUtDUUZmWQ?alt=json HTTP/1.1" 200 None
2022-05-13 12:07:03,082 DEBUG    urllib3.connectionpool https://cloudfunctions.googleapis.com:443 "GET /v1/operations/Y3Jvd2RyaWZmLXN0b3JpZXMtZGV2L3VzLWNlbnRyYWwxL3N0b3JpZXMtZXMtc3luYy81alVGWUtDUUZmWQ?alt=json HTTP/1.1" 200 None
2022-05-13 12:07:04,803 DEBUG    urllib3.connectionpool https://cloudfunctions.googleapis.com:443 "GET /v1/operations/Y3Jvd2RyaWZmLXN0b3JpZXMtZGV2L3VzLWNlbnRyYWwxL3N0b3JpZXMtZXMtc3luYy81alVGWUtDUUZmWQ?alt=json HTTP/1.1" 200 None
2022-05-13 12:07:06,804 DEBUG    urllib3.connectionpool https://cloudfunctions.googleapis.com:443 "GET /v1/operations/Y3Jvd2RyaWZmLXN0b3JpZXMtZGV2L3VzLWNlbnRyYWwxL3N0b3JpZXMtZXMtc3luYy81alVGWUtDUUZmWQ?alt=json HTTP/1.1" 200 None
2022-05-13 12:07:08,557 DEBUG    urllib3.connectionpool https://cloudfunctions.googleapis.com:443 "GET /v1/operations/Y3Jvd2RyaWZmLXN0b3JpZXMtZGV2L3VzLWNlbnRyYWwxL3N0b3JpZXMtZXMtc3luYy81alVGWUtDUUZmWQ?alt=json HTTP/1.1" 200 None
2022-05-13 12:07:09,758 DEBUG    urllib3.connectionpool https://cloudfunctions.googleapis.com:443 "GET /v1/operations/Y3Jvd2RyaWZmLXN0b3JpZXMtZGV2L3VzLWNlbnRyYWwxL3N0b3JpZXMtZXMtc3luYy81alVGWUtDUUZmWQ?alt=json HTTP/1.1" 200 None
2022-05-13 12:07:10,920 DEBUG    urllib3.connectionpool https://cloudfunctions.googleapis.com:443 "GET /v1/operations/Y3Jvd2RyaWZmLXN0b3JpZXMtZGV2L3VzLWNlbnRyYWwxL3N0b3JpZXMtZXMtc3luYy81alVGWUtDUUZmWQ?alt=json HTTP/1.1" 200 None
2022-05-13 12:07:12,426 DEBUG    urllib3.connectionpool https://cloudfunctions.googleapis.com:443 "GET /v1/operations/Y3Jvd2RyaWZmLXN0b3JpZXMtZGV2L3VzLWNlbnRyYWwxL3N0b3JpZXMtZXMtc3luYy81alVGWUtDUUZmWQ?alt=json HTTP/1.1" 200 None
2022-05-13 12:07:13,638 DEBUG    urllib3.connectionpool https://cloudfunctions.googleapis.com:443 "GET /v1/operations/Y3Jvd2RyaWZmLXN0b3JpZXMtZGV2L3VzLWNlbnRyYWwxL3N0b3JpZXMtZXMtc3luYy81alVGWUtDUUZmWQ?alt=json HTTP/1.1" 200 None
2022-05-13 12:07:14,799 DEBUG    urllib3.connectionpool https://cloudfunctions.googleapis.com:443 "GET /v1/operations/Y3Jvd2RyaWZmLXN0b3JpZXMtZGV2L3VzLWNlbnRyYWwxL3N0b3JpZXMtZXMtc3luYy81alVGWUtDUUZmWQ?alt=json HTTP/1.1" 200 None
2022-05-13 12:07:15,961 DEBUG    urllib3.connectionpool https://cloudfunctions.googleapis.com:443 "GET /v1/operations/Y3Jvd2RyaWZmLXN0b3JpZXMtZGV2L3VzLWNlbnRyYWwxL3N0b3JpZXMtZXMtc3luYy81alVGWUtDUUZmWQ?alt=json HTTP/1.1" 200 None
2022-05-13 12:07:17,146 DEBUG    urllib3.connectionpool https://cloudfunctions.googleapis.com:443 "GET /v1/operations/Y3Jvd2RyaWZmLXN0b3JpZXMtZGV2L3VzLWNlbnRyYWwxL3N0b3JpZXMtZXMtc3luYy81alVGWUtDUUZmWQ?alt=json HTTP/1.1" 200 None
2022-05-13 12:07:18,792 DEBUG    urllib3.connectionpool https://cloudfunctions.googleapis.com:443 "GET /v1/operations/Y3Jvd2RyaWZmLXN0b3JpZXMtZGV2L3VzLWNlbnRyYWwxL3N0b3JpZXMtZXMtc3luYy81alVGWUtDUUZmWQ?alt=json HTTP/1.1" 200 None
2022-05-13 12:07:20,127 DEBUG    urllib3.connectionpool https://cloudfunctions.googleapis.com:443 "GET /v1/operations/Y3Jvd2RyaWZmLXN0b3JpZXMtZGV2L3VzLWNlbnRyYWwxL3N0b3JpZXMtZXMtc3luYy81alVGWUtDUUZmWQ?alt=json HTTP/1.1" 200 None
2022-05-13 12:07:22,017 DEBUG    urllib3.connectionpool https://cloudfunctions.googleapis.com:443 "GET /v1/operations/Y3Jvd2RyaWZmLXN0b3JpZXMtZGV2L3VzLWNlbnRyYWwxL3N0b3JpZXMtZXMtc3luYy81alVGWUtDUUZmWQ?alt=json HTTP/1.1" 200 None
2022-05-13 12:07:24,079 DEBUG    urllib3.connectionpool https://cloudfunctions.googleapis.com:443 "GET /v1/operations/Y3Jvd2RyaWZmLXN0b3JpZXMtZGV2L3VzLWNlbnRyYWwxL3N0b3JpZXMtZXMtc3luYy81alVGWUtDUUZmWQ?alt=json HTTP/1.1" 200 None
2022-05-13 12:07:25,725 DEBUG    urllib3.connectionpool https://cloudfunctions.googleapis.com:443 "GET /v1/operations/Y3Jvd2RyaWZmLXN0b3JpZXMtZGV2L3VzLWNlbnRyYWwxL3N0b3JpZXMtZXMtc3luYy81alVGWUtDUUZmWQ?alt=json HTTP/1.1" 200 None
2022-05-13 12:07:27,809 DEBUG    urllib3.connectionpool https://cloudfunctions.googleapis.com:443 "GET /v1/operations/Y3Jvd2RyaWZmLXN0b3JpZXMtZGV2L3VzLWNlbnRyYWwxL3N0b3JpZXMtZXMtc3luYy81alVGWUtDUUZmWQ?alt=json HTTP/1.1" 200 None
2022-05-13 12:07:29,521 DEBUG    urllib3.connectionpool https://cloudfunctions.googleapis.com:443 "GET /v1/operations/Y3Jvd2RyaWZmLXN0b3JpZXMtZGV2L3VzLWNlbnRyYWwxL3N0b3JpZXMtZXMtc3luYy81alVGWUtDUUZmWQ?alt=json HTTP/1.1" 200 None
2022-05-13 12:07:30,698 DEBUG    urllib3.connectionpool https://cloudfunctions.googleapis.com:443 "GET /v1/operations/Y3Jvd2RyaWZmLXN0b3JpZXMtZGV2L3VzLWNlbnRyYWwxL3N0b3JpZXMtZXMtc3luYy81alVGWUtDUUZmWQ?alt=json HTTP/1.1" 200 None
2022-05-13 12:07:32,507 DEBUG    urllib3.connectionpool https://cloudfunctions.googleapis.com:443 "GET /v1/operations/Y3Jvd2RyaWZmLXN0b3JpZXMtZGV2L3VzLWNlbnRyYWwxL3N0b3JpZXMtZXMtc3luYy81alVGWUtDUUZmWQ?alt=json HTTP/1.1" 200 None
2022-05-13 12:07:34,197 DEBUG    urllib3.connectionpool https://cloudfunctions.googleapis.com:443 "GET /v1/operations/Y3Jvd2RyaWZmLXN0b3JpZXMtZGV2L3VzLWNlbnRyYWwxL3N0b3JpZXMtZXMtc3luYy81alVGWUtDUUZmWQ?alt=json HTTP/1.1" 200 None
2022-05-13 12:07:36,320 DEBUG    urllib3.connectionpool https://cloudfunctions.googleapis.com:443 "GET /v1/operations/Y3Jvd2RyaWZmLXN0b3JpZXMtZGV2L3VzLWNlbnRyYWwxL3N0b3JpZXMtZXMtc3luYy81alVGWUtDUUZmWQ?alt=json HTTP/1.1" 200 None
2022-05-13 12:07:37,675 DEBUG    urllib3.connectionpool https://cloudfunctions.googleapis.com:443 "GET /v1/operations/Y3Jvd2RyaWZmLXN0b3JpZXMtZGV2L3VzLWNlbnRyYWwxL3N0b3JpZXMtZXMtc3luYy81alVGWUtDUUZmWQ?alt=json HTTP/1.1" 200 None
2022-05-13 12:07:39,641 DEBUG    urllib3.connectionpool https://cloudfunctions.googleapis.com:443 "GET /v1/operations/Y3Jvd2RyaWZmLXN0b3JpZXMtZGV2L3VzLWNlbnRyYWwxL3N0b3JpZXMtZXMtc3luYy81alVGWUtDUUZmWQ?alt=json HTTP/1.1" 200 None
2022-05-13 12:07:41,626 DEBUG    urllib3.connectionpool https://cloudfunctions.googleapis.com:443 "GET /v1/operations/Y3Jvd2RyaWZmLXN0b3JpZXMtZGV2L3VzLWNlbnRyYWwxL3N0b3JpZXMtZXMtc3luYy81alVGWUtDUUZmWQ?alt=json HTTP/1.1" 200 None
2022-05-13 12:07:43,505 DEBUG    urllib3.connectionpool https://cloudfunctions.googleapis.com:443 "GET /v1/operations/Y3Jvd2RyaWZmLXN0b3JpZXMtZGV2L3VzLWNlbnRyYWwxL3N0b3JpZXMtZXMtc3luYy81alVGWUtDUUZmWQ?alt=json HTTP/1.1" 200 None
2022-05-13 12:07:45,409 DEBUG    urllib3.connectionpool https://cloudfunctions.googleapis.com:443 "GET /v1/operations/Y3Jvd2RyaWZmLXN0b3JpZXMtZGV2L3VzLWNlbnRyYWwxL3N0b3JpZXMtZXMtc3luYy81alVGWUtDUUZmWQ?alt=json HTTP/1.1" 200 None
2022-05-13 12:07:46,888 DEBUG    urllib3.connectionpool https://cloudfunctions.googleapis.com:443 "GET /v1/operations/Y3Jvd2RyaWZmLXN0b3JpZXMtZGV2L3VzLWNlbnRyYWwxL3N0b3JpZXMtZXMtc3luYy81alVGWUtDUUZmWQ?alt=json HTTP/1.1" 200 None
2022-05-13 12:07:48,750 DEBUG    urllib3.connectionpool https://cloudfunctions.googleapis.com:443 "GET /v1/operations/Y3Jvd2RyaWZmLXN0b3JpZXMtZGV2L3VzLWNlbnRyYWwxL3N0b3JpZXMtZXMtc3luYy81alVGWUtDUUZmWQ?alt=json HTTP/1.1" 200 None
2022-05-13 12:07:49,983 DEBUG    urllib3.connectionpool https://cloudfunctions.googleapis.com:443 "GET /v1/operations/Y3Jvd2RyaWZmLXN0b3JpZXMtZGV2L3VzLWNlbnRyYWwxL3N0b3JpZXMtZXMtc3luYy81alVGWUtDUUZmWQ?alt=json HTTP/1.1" 200 None
2022-05-13 12:07:51,706 DEBUG    urllib3.connectionpool https://cloudfunctions.googleapis.com:443 "GET /v1/operations/Y3Jvd2RyaWZmLXN0b3JpZXMtZGV2L3VzLWNlbnRyYWwxL3N0b3JpZXMtZXMtc3luYy81alVGWUtDUUZmWQ?alt=json HTTP/1.1" 200 None
2022-05-13 12:07:52,867 DEBUG    urllib3.connectionpool https://cloudfunctions.googleapis.com:443 "GET /v1/operations/Y3Jvd2RyaWZmLXN0b3JpZXMtZGV2L3VzLWNlbnRyYWwxL3N0b3JpZXMtZXMtc3luYy81alVGWUtDUUZmWQ?alt=json HTTP/1.1" 200 None
2022-05-13 12:07:54,855 DEBUG    urllib3.connectionpool https://cloudfunctions.googleapis.com:443 "GET /v1/operations/Y3Jvd2RyaWZmLXN0b3JpZXMtZGV2L3VzLWNlbnRyYWwxL3N0b3JpZXMtZXMtc3luYy81alVGWUtDUUZmWQ?alt=json HTTP/1.1" 200 None
2022-05-13 12:07:57,154 DEBUG    urllib3.connectionpool https://cloudfunctions.googleapis.com:443 "GET /v1/operations/Y3Jvd2RyaWZmLXN0b3JpZXMtZGV2L3VzLWNlbnRyYWwxL3N0b3JpZXMtZXMtc3luYy81alVGWUtDUUZmWQ?alt=json HTTP/1.1" 200 None
2022-05-13 12:07:58,441 DEBUG    urllib3.connectionpool https://cloudfunctions.googleapis.com:443 "GET /v1/operations/Y3Jvd2RyaWZmLXN0b3JpZXMtZGV2L3VzLWNlbnRyYWwxL3N0b3JpZXMtZXMtc3luYy81alVGWUtDUUZmWQ?alt=json HTTP/1.1" 200 None
2022-05-13 12:08:00,470 DEBUG    urllib3.connectionpool https://cloudfunctions.googleapis.com:443 "GET /v1/operations/Y3Jvd2RyaWZmLXN0b3JpZXMtZGV2L3VzLWNlbnRyYWwxL3N0b3JpZXMtZXMtc3luYy81alVGWUtDUUZmWQ?alt=json HTTP/1.1" 200 None
2022-05-13 12:08:01,821 DEBUG    urllib3.connectionpool https://cloudfunctions.googleapis.com:443 "GET /v1/operations/Y3Jvd2RyaWZmLXN0b3JpZXMtZGV2L3VzLWNlbnRyYWwxL3N0b3JpZXMtZXMtc3luYy81alVGWUtDUUZmWQ?alt=json HTTP/1.1" 200 None
2022-05-13 12:08:03,807 DEBUG    urllib3.connectionpool https://cloudfunctions.googleapis.com:443 "GET /v1/operations/Y3Jvd2RyaWZmLXN0b3JpZXMtZGV2L3VzLWNlbnRyYWwxL3N0b3JpZXMtZXMtc3luYy81alVGWUtDUUZmWQ?alt=json HTTP/1.1" 200 None
2022-05-13 12:08:05,059 DEBUG    urllib3.connectionpool https://cloudfunctions.googleapis.com:443 "GET /v1/operations/Y3Jvd2RyaWZmLXN0b3JpZXMtZGV2L3VzLWNlbnRyYWwxL3N0b3JpZXMtZXMtc3luYy81alVGWUtDUUZmWQ?alt=json HTTP/1.1" 200 None
2022-05-13 12:08:06,810 DEBUG    urllib3.connectionpool https://cloudfunctions.googleapis.com:443 "GET /v1/operations/Y3Jvd2RyaWZmLXN0b3JpZXMtZGV2L3VzLWNlbnRyYWwxL3N0b3JpZXMtZXMtc3luYy81alVGWUtDUUZmWQ?alt=json HTTP/1.1" 200 None
2022-05-13 12:08:08,918 DEBUG    urllib3.connectionpool https://cloudfunctions.googleapis.com:443 "GET /v1/operations/Y3Jvd2RyaWZmLXN0b3JpZXMtZGV2L3VzLWNlbnRyYWwxL3N0b3JpZXMtZXMtc3luYy81alVGWUtDUUZmWQ?alt=json HTTP/1.1" 200 None
2022-05-13 12:08:10,842 DEBUG    urllib3.connectionpool https://cloudfunctions.googleapis.com:443 "GET /v1/operations/Y3Jvd2RyaWZmLXN0b3JpZXMtZGV2L3VzLWNlbnRyYWwxL3N0b3JpZXMtZXMtc3luYy81alVGWUtDUUZmWQ?alt=json HTTP/1.1" 200 None
2022-05-13 12:08:12,834 DEBUG    urllib3.connectionpool https://cloudfunctions.googleapis.com:443 "GET /v1/operations/Y3Jvd2RyaWZmLXN0b3JpZXMtZGV2L3VzLWNlbnRyYWwxL3N0b3JpZXMtZXMtc3luYy81alVGWUtDUUZmWQ?alt=json HTTP/1.1" 200 None
2022-05-13 12:08:14,198 DEBUG    urllib3.connectionpool https://cloudfunctions.googleapis.com:443 "GET /v1/operations/Y3Jvd2RyaWZmLXN0b3JpZXMtZGV2L3VzLWNlbnRyYWwxL3N0b3JpZXMtZXMtc3luYy81alVGWUtDUUZmWQ?alt=json HTTP/1.1" 200 None
2022-05-13 12:08:15,527 DEBUG    urllib3.connectionpool https://cloudfunctions.googleapis.com:443 "GET /v1/operations/Y3Jvd2RyaWZmLXN0b3JpZXMtZGV2L3VzLWNlbnRyYWwxL3N0b3JpZXMtZXMtc3luYy81alVGWUtDUUZmWQ?alt=json HTTP/1.1" 200 None
2022-05-13 12:08:17,063 DEBUG    urllib3.connectionpool https://cloudfunctions.googleapis.com:443 "GET /v1/operations/Y3Jvd2RyaWZmLXN0b3JpZXMtZGV2L3VzLWNlbnRyYWwxL3N0b3JpZXMtZXMtc3luYy81alVGWUtDUUZmWQ?alt=json HTTP/1.1" 200 None
2022-05-13 12:08:19,118 DEBUG    urllib3.connectionpool https://cloudfunctions.googleapis.com:443 "GET /v1/operations/Y3Jvd2RyaWZmLXN0b3JpZXMtZGV2L3VzLWNlbnRyYWwxL3N0b3JpZXMtZXMtc3luYy81alVGWUtDUUZmWQ?alt=json HTTP/1.1" 200 None
2022-05-13 12:08:21,193 DEBUG    urllib3.connectionpool https://cloudfunctions.googleapis.com:443 "GET /v1/operations/Y3Jvd2RyaWZmLXN0b3JpZXMtZGV2L3VzLWNlbnRyYWwxL3N0b3JpZXMtZXMtc3luYy81alVGWUtDUUZmWQ?alt=json HTTP/1.1" 200 None
2022-05-13 12:08:23,286 DEBUG    urllib3.connectionpool https://cloudfunctions.googleapis.com:443 "GET /v1/operations/Y3Jvd2RyaWZmLXN0b3JpZXMtZGV2L3VzLWNlbnRyYWwxL3N0b3JpZXMtZXMtc3luYy81alVGWUtDUUZmWQ?alt=json HTTP/1.1" 200 None
2022-05-13 12:08:25,247 DEBUG    urllib3.connectionpool https://cloudfunctions.googleapis.com:443 "GET /v1/operations/Y3Jvd2RyaWZmLXN0b3JpZXMtZGV2L3VzLWNlbnRyYWwxL3N0b3JpZXMtZXMtc3luYy81alVGWUtDUUZmWQ?alt=json HTTP/1.1" 200 None
2022-05-13 12:08:26,684 DEBUG    urllib3.connectionpool https://cloudfunctions.googleapis.com:443 "GET /v1/operations/Y3Jvd2RyaWZmLXN0b3JpZXMtZGV2L3VzLWNlbnRyYWwxL3N0b3JpZXMtZXMtc3luYy81alVGWUtDUUZmWQ?alt=json HTTP/1.1" 200 None
2022-05-13 12:08:27,862 DEBUG    urllib3.connectionpool https://cloudfunctions.googleapis.com:443 "GET /v1/operations/Y3Jvd2RyaWZmLXN0b3JpZXMtZGV2L3VzLWNlbnRyYWwxL3N0b3JpZXMtZXMtc3luYy81alVGWUtDUUZmWQ?alt=json HTTP/1.1" 200 None
2022-05-13 12:08:27,884 DEBUG    urllib3.connectionpool Starting new HTTPS connection (1): cloudfunctions.googleapis.com:443
2022-05-13 12:08:28,058 DEBUG    urllib3.connectionpool https://cloudfunctions.googleapis.com:443 "GET /v1/projects/crowdriff-stories-dev/locations/us-central1/functions/stories-es-sync?alt=json HTTP/1.1" 200 None
2022-05-13 12:08:28,064 INFO     root            Display format: "default"
2022-05-13 12:08:28,067 INFO     ___FILE_ONLY___ availableMemoryMb
2022-05-13 12:08:28,067 INFO     ___FILE_ONLY___ :
2022-05-13 12:08:28,067 INFO     ___FILE_ONLY___  
2022-05-13 12:08:28,067 INFO     ___FILE_ONLY___ 128
2022-05-13 12:08:28,067 INFO     ___FILE_ONLY___ 

2022-05-13 12:08:28,067 INFO     ___FILE_ONLY___ buildId
2022-05-13 12:08:28,067 INFO     ___FILE_ONLY___ :
2022-05-13 12:08:28,067 INFO     ___FILE_ONLY___  
2022-05-13 12:08:28,068 INFO     ___FILE_ONLY___ 26219e1c-0805-42b6-9fad-0eafc4f41f60
2022-05-13 12:08:28,068 INFO     ___FILE_ONLY___ 

2022-05-13 12:08:28,068 INFO     ___FILE_ONLY___ buildName
2022-05-13 12:08:28,068 INFO     ___FILE_ONLY___ :
2022-05-13 12:08:28,068 INFO     ___FILE_ONLY___  
2022-05-13 12:08:28,068 INFO     ___FILE_ONLY___ projects/31098141265/locations/us-central1/builds/26219e1c-0805-42b6-9fad-0eafc4f41f60
2022-05-13 12:08:28,068 INFO     ___FILE_ONLY___ 

2022-05-13 12:08:28,068 INFO     ___FILE_ONLY___ dockerRegistry
2022-05-13 12:08:28,068 INFO     ___FILE_ONLY___ :
2022-05-13 12:08:28,068 INFO     ___FILE_ONLY___  
2022-05-13 12:08:28,068 INFO     ___FILE_ONLY___ CONTAINER_REGISTRY
2022-05-13 12:08:28,068 INFO     ___FILE_ONLY___ 

2022-05-13 12:08:28,068 INFO     ___FILE_ONLY___ entryPoint
2022-05-13 12:08:28,068 INFO     ___FILE_ONLY___ :
2022-05-13 12:08:28,068 INFO     ___FILE_ONLY___  
2022-05-13 12:08:28,068 INFO     ___FILE_ONLY___ entrypoint
2022-05-13 12:08:28,068 INFO     ___FILE_ONLY___ 

2022-05-13 12:08:28,068 INFO     ___FILE_ONLY___ environmentVariables
2022-05-13 12:08:28,068 INFO     ___FILE_ONLY___ :
2022-05-13 12:08:28,068 INFO     ___FILE_ONLY___ 

2022-05-13 12:08:28,068 INFO     ___FILE_ONLY___   
2022-05-13 12:08:28,068 INFO     ___FILE_ONLY___ GATEWAY_BASE
2022-05-13 12:08:28,068 INFO     ___FILE_ONLY___ :
2022-05-13 12:08:28,068 INFO     ___FILE_ONLY___  
2022-05-13 12:08:28,068 INFO     ___FILE_ONLY___ https://story-network-gateway.derp.website
2022-05-13 12:08:28,068 INFO     ___FILE_ONLY___ 

2022-05-13 12:08:28,068 INFO     ___FILE_ONLY___   
2022-05-13 12:08:28,068 INFO     ___FILE_ONLY___ GOOGLE_CLOUD_PROJECT
2022-05-13 12:08:28,068 INFO     ___FILE_ONLY___ :
2022-05-13 12:08:28,069 INFO     ___FILE_ONLY___  
2022-05-13 12:08:28,069 INFO     ___FILE_ONLY___ crowdriff-stories-dev
2022-05-13 12:08:28,069 INFO     ___FILE_ONLY___ 

2022-05-13 12:08:28,069 INFO     ___FILE_ONLY___   
2022-05-13 12:08:28,069 INFO     ___FILE_ONLY___ NODE_ENV
2022-05-13 12:08:28,069 INFO     ___FILE_ONLY___ :
2022-05-13 12:08:28,069 INFO     ___FILE_ONLY___  
2022-05-13 12:08:28,069 INFO     ___FILE_ONLY___ development
2022-05-13 12:08:28,069 INFO     ___FILE_ONLY___ 

2022-05-13 12:08:28,069 INFO     ___FILE_ONLY___   
2022-05-13 12:08:28,069 INFO     ___FILE_ONLY___ NODE_PATH
2022-05-13 12:08:28,069 INFO     ___FILE_ONLY___ :
2022-05-13 12:08:28,069 INFO     ___FILE_ONLY___  
2022-05-13 12:08:28,069 INFO     ___FILE_ONLY___ .
2022-05-13 12:08:28,069 INFO     ___FILE_ONLY___ 

2022-05-13 12:08:28,069 INFO     ___FILE_ONLY___   
2022-05-13 12:08:28,069 INFO     ___FILE_ONLY___ SERVICE_ACCOUNT
2022-05-13 12:08:28,069 INFO     ___FILE_ONLY___ :
2022-05-13 12:08:28,069 INFO     ___FILE_ONLY___  
2022-05-13 12:08:28,069 INFO     ___FILE_ONLY___ github-actions@crowdriff-stories-dev.iam.gserviceaccount.com
2022-05-13 12:08:28,069 INFO     ___FILE_ONLY___ 

2022-05-13 12:08:28,069 INFO     ___FILE_ONLY___ eventTrigger
2022-05-13 12:08:28,069 INFO     ___FILE_ONLY___ :
2022-05-13 12:08:28,069 INFO     ___FILE_ONLY___ 

2022-05-13 12:08:28,069 INFO     ___FILE_ONLY___   
2022-05-13 12:08:28,069 INFO     ___FILE_ONLY___ eventType
2022-05-13 12:08:28,069 INFO     ___FILE_ONLY___ :
2022-05-13 12:08:28,070 INFO     ___FILE_ONLY___  
2022-05-13 12:08:28,070 INFO     ___FILE_ONLY___ google.pubsub.topic.publish
2022-05-13 12:08:28,070 INFO     ___FILE_ONLY___ 

2022-05-13 12:08:28,070 INFO     ___FILE_ONLY___   
2022-05-13 12:08:28,070 INFO     ___FILE_ONLY___ failurePolicy
2022-05-13 12:08:28,070 INFO     ___FILE_ONLY___ :
2022-05-13 12:08:28,070 INFO     ___FILE_ONLY___  {
2022-05-13 12:08:28,070 INFO     ___FILE_ONLY___ }
2022-05-13 12:08:28,070 INFO     ___FILE_ONLY___ 

2022-05-13 12:08:28,070 INFO     ___FILE_ONLY___   
2022-05-13 12:08:28,070 INFO     ___FILE_ONLY___ resource
2022-05-13 12:08:28,070 INFO     ___FILE_ONLY___ :
2022-05-13 12:08:28,070 INFO     ___FILE_ONLY___  
2022-05-13 12:08:28,070 INFO     ___FILE_ONLY___ projects/crowdriff-stories-dev/topics/stories-es-sync
2022-05-13 12:08:28,070 INFO     ___FILE_ONLY___ 

2022-05-13 12:08:28,070 INFO     ___FILE_ONLY___   
2022-05-13 12:08:28,070 INFO     ___FILE_ONLY___ service
2022-05-13 12:08:28,070 INFO     ___FILE_ONLY___ :
2022-05-13 12:08:28,070 INFO     ___FILE_ONLY___  
2022-05-13 12:08:28,070 INFO     ___FILE_ONLY___ pubsub.googleapis.com
2022-05-13 12:08:28,070 INFO     ___FILE_ONLY___ 

2022-05-13 12:08:28,070 INFO     ___FILE_ONLY___ ingressSettings
2022-05-13 12:08:28,070 INFO     ___FILE_ONLY___ :
2022-05-13 12:08:28,070 INFO     ___FILE_ONLY___  
2022-05-13 12:08:28,070 INFO     ___FILE_ONLY___ ALLOW_ALL
2022-05-13 12:08:28,070 INFO     ___FILE_ONLY___ 

2022-05-13 12:08:28,070 INFO     ___FILE_ONLY___ labels
2022-05-13 12:08:28,070 INFO     ___FILE_ONLY___ :
2022-05-13 12:08:28,070 INFO     ___FILE_ONLY___ 

2022-05-13 12:08:28,070 INFO     ___FILE_ONLY___   
2022-05-13 12:08:28,070 INFO     ___FILE_ONLY___ deployment-tool
2022-05-13 12:08:28,070 INFO     ___FILE_ONLY___ :
2022-05-13 12:08:28,071 INFO     ___FILE_ONLY___  
2022-05-13 12:08:28,071 INFO     ___FILE_ONLY___ cli-gcloud
2022-05-13 12:08:28,071 INFO     ___FILE_ONLY___ 

2022-05-13 12:08:28,071 INFO     ___FILE_ONLY___ name
2022-05-13 12:08:28,071 INFO     ___FILE_ONLY___ :
2022-05-13 12:08:28,071 INFO     ___FILE_ONLY___  
2022-05-13 12:08:28,071 INFO     ___FILE_ONLY___ projects/crowdriff-stories-dev/locations/us-central1/functions/stories-es-sync
2022-05-13 12:08:28,071 INFO     ___FILE_ONLY___ 

2022-05-13 12:08:28,071 INFO     ___FILE_ONLY___ runtime
2022-05-13 12:08:28,071 INFO     ___FILE_ONLY___ :
2022-05-13 12:08:28,071 INFO     ___FILE_ONLY___  
2022-05-13 12:08:28,071 INFO     ___FILE_ONLY___ nodejs14
2022-05-13 12:08:28,071 INFO     ___FILE_ONLY___ 

2022-05-13 12:08:28,071 INFO     ___FILE_ONLY___ serviceAccountEmail
2022-05-13 12:08:28,071 INFO     ___FILE_ONLY___ :
2022-05-13 12:08:28,071 INFO     ___FILE_ONLY___  
2022-05-13 12:08:28,071 INFO     ___FILE_ONLY___ crowdriff-stories-dev@appspot.gserviceaccount.com
2022-05-13 12:08:28,071 INFO     ___FILE_ONLY___ 

2022-05-13 12:08:28,071 INFO     ___FILE_ONLY___ sourceUploadUrl
2022-05-13 12:08:28,071 INFO     ___FILE_ONLY___ :
2022-05-13 12:08:28,071 INFO     ___FILE_ONLY___  
2022-05-13 12:08:28,071 INFO     ___FILE_ONLY___ https://storage.googleapis.com/uploads-556841579775.us-central1.cloudfunctions.appspot.com/aa2bbc54-124a-489c-8004-ea3b3d4068b5.zip
2022-05-13 12:08:28,071 INFO     ___FILE_ONLY___ 

2022-05-13 12:08:28,071 INFO     ___FILE_ONLY___ status
2022-05-13 12:08:28,071 INFO     ___FILE_ONLY___ :
2022-05-13 12:08:28,071 INFO     ___FILE_ONLY___  
2022-05-13 12:08:28,071 INFO     ___FILE_ONLY___ ACTIVE
2022-05-13 12:08:28,071 INFO     ___FILE_ONLY___ 

2022-05-13 12:08:28,072 INFO     ___FILE_ONLY___ timeout
2022-05-13 12:08:28,072 INFO     ___FILE_ONLY___ :
2022-05-13 12:08:28,072 INFO     ___FILE_ONLY___  
2022-05-13 12:08:28,072 INFO     ___FILE_ONLY___ 540s
2022-05-13 12:08:28,072 INFO     ___FILE_ONLY___ 

2022-05-13 12:08:28,072 INFO     ___FILE_ONLY___ updateTime
2022-05-13 12:08:28,072 INFO     ___FILE_ONLY___ :
2022-05-13 12:08:28,072 INFO     ___FILE_ONLY___  '
2022-05-13 12:08:28,072 INFO     ___FILE_ONLY___ 2022-05-13T16:08:27.385Z
2022-05-13 12:08:28,072 INFO     ___FILE_ONLY___ '
2022-05-13 12:08:28,072 INFO     ___FILE_ONLY___ 

2022-05-13 12:08:28,072 INFO     ___FILE_ONLY___ versionId
2022-05-13 12:08:28,072 INFO     ___FILE_ONLY___ :
2022-05-13 12:08:28,072 INFO     ___FILE_ONLY___  '
2022-05-13 12:08:28,072 INFO     ___FILE_ONLY___ 9
2022-05-13 12:08:28,072 INFO     ___FILE_ONLY___ '
2022-05-13 12:08:28,072 INFO     ___FILE_ONLY___ 

2022-05-13 12:08:28,083 DEBUG    root            Metrics reporting process started...
