2022-05-13 12:28:06,614 DEBUG    root            Loaded Command Group: ['gcloud', 'functions']
2022-05-13 12:28:06,657 DEBUG    root            Loaded Command Group: ['gcloud', 'functions', 'deploy']
2022-05-13 12:28:06,666 DEBUG    root            Running [gcloud.functions.deploy] with arguments: [--entry-point: "entrypoint", --env-vars-file: "{'NODE_ENV': 'development', 'NODE_PATH': '.', 'GATEWAY_BASE': 'https://story-network-gateway.derp.website', 'SERVICE_ACCOUNT': 'github-actions@crowdriff-stories-dev.iam.gserviceaccount.com', 'GOOGLE_CLOUD_PROJECT': 'crowdriff-stories-dev'}", --memory: "128Mi", --runtime: "nodejs14", --source: "dist/", --timeout: "540", --trigger-topic: "stories-es-sync", NAME: "stories-es-sync"]
2022-05-13 12:28:06,728 DEBUG    urllib3.connectionpool Starting new HTTPS connection (1): cloudfunctions.googleapis.com:443
2022-05-13 12:28:06,921 DEBUG    urllib3.connectionpool https://cloudfunctions.googleapis.com:443 "GET /v1/projects/crowdriff-stories-dev/locations/us-central1/functions/stories-es-sync?alt=json HTTP/1.1" 200 None
2022-05-13 12:28:06,935 INFO     root            Not using ignore file.
2022-05-13 12:28:06,938 INFO     root            Not using ignore file.
2022-05-13 12:28:07,052 DEBUG    urllib3.connectionpool Starting new HTTPS connection (1): cloudfunctions.googleapis.com:443
2022-05-13 12:28:07,621 DEBUG    urllib3.connectionpool https://cloudfunctions.googleapis.com:443 "POST /v1/projects/crowdriff-stories-dev/locations/us-central1/functions:generateUploadUrl?alt=json HTTP/1.1" 200 None
2022-05-13 12:28:07,679 DEBUG    urllib3.connectionpool Starting new HTTPS connection (1): storage.googleapis.com:443
2022-05-13 12:28:07,979 DEBUG    urllib3.connectionpool https://storage.googleapis.com:443 "PUT /uploads-556841579775.us-central1.cloudfunctions.appspot.com/3ebe14fa-b18d-42f9-96fc-c881f46f525d.zip?GoogleAccessId=service-31098141265%40gcf-admin-robot.iam.gserviceaccount.com&Expires=1652461087&Signature=ZjPJmHPqZ20P6ZjAfbzSPNCXqfjlEevQqTyEgPbcDH2BgYLFpaW9MisIUT7uGDERNaIO8zXEcv9aVMtp6s%2Fbm6s7loW9meZx9oJUyn8S2tN6f01Ao7BIcXXU8pGLxqcTIJ%2BCEJhFrWos8UaD3MWQBCvSHdpBhzBCMeKnLxxbAyYp4D4dzoS6sRDnxWovk71dryFh7748e17ED4WtJWQflPqbdAj5ptrZThzLwp0205m5wLqINSCMQXI6%2Bm0TvhEjKa1Zfv2qu18qjSVgllRWgPjHdxqbS1ZrGsJ%2FlNKaVscdZdIMV4N8QEg5RGOtN7NO6Lo0CEMAqyEqBKcsd8ZDmA%3D%3D HTTP/1.1" 200 0
2022-05-13 12:28:08,042 DEBUG    urllib3.connectionpool Starting new HTTPS connection (1): cloudfunctions.googleapis.com:443
2022-05-13 12:28:08,474 DEBUG    urllib3.connectionpool https://cloudfunctions.googleapis.com:443 "PATCH /v1/projects/crowdriff-stories-dev/locations/us-central1/functions/stories-es-sync?alt=json&updateMask=availableMemoryMb%2CentryPoint%2CeventTrigger%2ChttpsTrigger%2Cruntime%2CsourceUploadUrl%2Ctimeout HTTP/1.1" 200 None
2022-05-13 12:28:08,485 INFO     ___FILE_ONLY___ Deploying function (may take a while - up to 2 minutes)...
2022-05-13 12:28:08,494 DEBUG    urllib3.connectionpool Starting new HTTPS connection (1): cloudfunctions.googleapis.com:443
2022-05-13 12:28:08,697 DEBUG    urllib3.connectionpool https://cloudfunctions.googleapis.com:443 "GET /v1/operations/Y3Jvd2RyaWZmLXN0b3JpZXMtZGV2L3VzLWNlbnRyYWwxL3N0b3JpZXMtZXMtc3luYy9hb1JXdXNIRjduUQ?alt=json HTTP/1.1" 200 None
2022-05-13 12:28:10,590 DEBUG    urllib3.connectionpool https://cloudfunctions.googleapis.com:443 "GET /v1/operations/Y3Jvd2RyaWZmLXN0b3JpZXMtZGV2L3VzLWNlbnRyYWwxL3N0b3JpZXMtZXMtc3luYy9hb1JXdXNIRjduUQ?alt=json HTTP/1.1" 200 None
2022-05-13 12:28:10,604 INFO     ___FILE_ONLY___ 
For Cloud Build Logs, visit: https://console.cloud.google.com/cloud-build/builds;region=us-central1/d680dbba-5f0c-4834-b3f5-895b37d838bc?project=31098141265

2022-05-13 12:28:11,792 DEBUG    urllib3.connectionpool https://cloudfunctions.googleapis.com:443 "GET /v1/operations/Y3Jvd2RyaWZmLXN0b3JpZXMtZGV2L3VzLWNlbnRyYWwxL3N0b3JpZXMtZXMtc3luYy9hb1JXdXNIRjduUQ?alt=json HTTP/1.1" 200 None
2022-05-13 12:28:13,532 DEBUG    urllib3.connectionpool https://cloudfunctions.googleapis.com:443 "GET /v1/operations/Y3Jvd2RyaWZmLXN0b3JpZXMtZGV2L3VzLWNlbnRyYWwxL3N0b3JpZXMtZXMtc3luYy9hb1JXdXNIRjduUQ?alt=json HTTP/1.1" 200 None
2022-05-13 12:28:15,210 DEBUG    urllib3.connectionpool https://cloudfunctions.googleapis.com:443 "GET /v1/operations/Y3Jvd2RyaWZmLXN0b3JpZXMtZGV2L3VzLWNlbnRyYWwxL3N0b3JpZXMtZXMtc3luYy9hb1JXdXNIRjduUQ?alt=json HTTP/1.1" 200 None
2022-05-13 12:28:16,389 DEBUG    urllib3.connectionpool https://cloudfunctions.googleapis.com:443 "GET /v1/operations/Y3Jvd2RyaWZmLXN0b3JpZXMtZGV2L3VzLWNlbnRyYWwxL3N0b3JpZXMtZXMtc3luYy9hb1JXdXNIRjduUQ?alt=json HTTP/1.1" 200 None
2022-05-13 12:28:17,850 DEBUG    urllib3.connectionpool https://cloudfunctions.googleapis.com:443 "GET /v1/operations/Y3Jvd2RyaWZmLXN0b3JpZXMtZGV2L3VzLWNlbnRyYWwxL3N0b3JpZXMtZXMtc3luYy9hb1JXdXNIRjduUQ?alt=json HTTP/1.1" 200 None
2022-05-13 12:28:19,072 DEBUG    urllib3.connectionpool https://cloudfunctions.googleapis.com:443 "GET /v1/operations/Y3Jvd2RyaWZmLXN0b3JpZXMtZGV2L3VzLWNlbnRyYWwxL3N0b3JpZXMtZXMtc3luYy9hb1JXdXNIRjduUQ?alt=json HTTP/1.1" 200 None
2022-05-13 12:28:21,068 DEBUG    urllib3.connectionpool https://cloudfunctions.googleapis.com:443 "GET /v1/operations/Y3Jvd2RyaWZmLXN0b3JpZXMtZGV2L3VzLWNlbnRyYWwxL3N0b3JpZXMtZXMtc3luYy9hb1JXdXNIRjduUQ?alt=json HTTP/1.1" 200 None
2022-05-13 12:28:22,673 DEBUG    urllib3.connectionpool https://cloudfunctions.googleapis.com:443 "GET /v1/operations/Y3Jvd2RyaWZmLXN0b3JpZXMtZGV2L3VzLWNlbnRyYWwxL3N0b3JpZXMtZXMtc3luYy9hb1JXdXNIRjduUQ?alt=json HTTP/1.1" 200 None
2022-05-13 12:28:24,367 DEBUG    urllib3.connectionpool https://cloudfunctions.googleapis.com:443 "GET /v1/operations/Y3Jvd2RyaWZmLXN0b3JpZXMtZGV2L3VzLWNlbnRyYWwxL3N0b3JpZXMtZXMtc3luYy9hb1JXdXNIRjduUQ?alt=json HTTP/1.1" 200 None
2022-05-13 12:28:26,417 DEBUG    urllib3.connectionpool https://cloudfunctions.googleapis.com:443 "GET /v1/operations/Y3Jvd2RyaWZmLXN0b3JpZXMtZGV2L3VzLWNlbnRyYWwxL3N0b3JpZXMtZXMtc3luYy9hb1JXdXNIRjduUQ?alt=json HTTP/1.1" 200 None
2022-05-13 12:28:28,097 DEBUG    urllib3.connectionpool https://cloudfunctions.googleapis.com:443 "GET /v1/operations/Y3Jvd2RyaWZmLXN0b3JpZXMtZGV2L3VzLWNlbnRyYWwxL3N0b3JpZXMtZXMtc3luYy9hb1JXdXNIRjduUQ?alt=json HTTP/1.1" 200 None
2022-05-13 12:28:29,882 DEBUG    urllib3.connectionpool https://cloudfunctions.googleapis.com:443 "GET /v1/operations/Y3Jvd2RyaWZmLXN0b3JpZXMtZGV2L3VzLWNlbnRyYWwxL3N0b3JpZXMtZXMtc3luYy9hb1JXdXNIRjduUQ?alt=json HTTP/1.1" 200 None
2022-05-13 12:28:31,269 DEBUG    urllib3.connectionpool https://cloudfunctions.googleapis.com:443 "GET /v1/operations/Y3Jvd2RyaWZmLXN0b3JpZXMtZGV2L3VzLWNlbnRyYWwxL3N0b3JpZXMtZXMtc3luYy9hb1JXdXNIRjduUQ?alt=json HTTP/1.1" 200 None
2022-05-13 12:28:32,998 DEBUG    urllib3.connectionpool https://cloudfunctions.googleapis.com:443 "GET /v1/operations/Y3Jvd2RyaWZmLXN0b3JpZXMtZGV2L3VzLWNlbnRyYWwxL3N0b3JpZXMtZXMtc3luYy9hb1JXdXNIRjduUQ?alt=json HTTP/1.1" 200 None
2022-05-13 12:28:34,239 DEBUG    urllib3.connectionpool https://cloudfunctions.googleapis.com:443 "GET /v1/operations/Y3Jvd2RyaWZmLXN0b3JpZXMtZGV2L3VzLWNlbnRyYWwxL3N0b3JpZXMtZXMtc3luYy9hb1JXdXNIRjduUQ?alt=json HTTP/1.1" 200 None
2022-05-13 12:28:36,156 DEBUG    urllib3.connectionpool https://cloudfunctions.googleapis.com:443 "GET /v1/operations/Y3Jvd2RyaWZmLXN0b3JpZXMtZGV2L3VzLWNlbnRyYWwxL3N0b3JpZXMtZXMtc3luYy9hb1JXdXNIRjduUQ?alt=json HTTP/1.1" 200 None
2022-05-13 12:28:37,715 DEBUG    urllib3.connectionpool https://cloudfunctions.googleapis.com:443 "GET /v1/operations/Y3Jvd2RyaWZmLXN0b3JpZXMtZGV2L3VzLWNlbnRyYWwxL3N0b3JpZXMtZXMtc3luYy9hb1JXdXNIRjduUQ?alt=json HTTP/1.1" 200 None
2022-05-13 12:28:39,197 DEBUG    urllib3.connectionpool https://cloudfunctions.googleapis.com:443 "GET /v1/operations/Y3Jvd2RyaWZmLXN0b3JpZXMtZGV2L3VzLWNlbnRyYWwxL3N0b3JpZXMtZXMtc3luYy9hb1JXdXNIRjduUQ?alt=json HTTP/1.1" 200 None
2022-05-13 12:28:40,575 DEBUG    urllib3.connectionpool https://cloudfunctions.googleapis.com:443 "GET /v1/operations/Y3Jvd2RyaWZmLXN0b3JpZXMtZGV2L3VzLWNlbnRyYWwxL3N0b3JpZXMtZXMtc3luYy9hb1JXdXNIRjduUQ?alt=json HTTP/1.1" 200 None
2022-05-13 12:28:42,265 DEBUG    urllib3.connectionpool https://cloudfunctions.googleapis.com:443 "GET /v1/operations/Y3Jvd2RyaWZmLXN0b3JpZXMtZGV2L3VzLWNlbnRyYWwxL3N0b3JpZXMtZXMtc3luYy9hb1JXdXNIRjduUQ?alt=json HTTP/1.1" 200 None
2022-05-13 12:28:43,731 DEBUG    urllib3.connectionpool https://cloudfunctions.googleapis.com:443 "GET /v1/operations/Y3Jvd2RyaWZmLXN0b3JpZXMtZGV2L3VzLWNlbnRyYWwxL3N0b3JpZXMtZXMtc3luYy9hb1JXdXNIRjduUQ?alt=json HTTP/1.1" 200 None
2022-05-13 12:28:45,704 DEBUG    urllib3.connectionpool https://cloudfunctions.googleapis.com:443 "GET /v1/operations/Y3Jvd2RyaWZmLXN0b3JpZXMtZGV2L3VzLWNlbnRyYWwxL3N0b3JpZXMtZXMtc3luYy9hb1JXdXNIRjduUQ?alt=json HTTP/1.1" 200 None
2022-05-13 12:28:47,156 DEBUG    urllib3.connectionpool https://cloudfunctions.googleapis.com:443 "GET /v1/operations/Y3Jvd2RyaWZmLXN0b3JpZXMtZGV2L3VzLWNlbnRyYWwxL3N0b3JpZXMtZXMtc3luYy9hb1JXdXNIRjduUQ?alt=json HTTP/1.1" 200 None
2022-05-13 12:28:48,305 DEBUG    urllib3.connectionpool https://cloudfunctions.googleapis.com:443 "GET /v1/operations/Y3Jvd2RyaWZmLXN0b3JpZXMtZGV2L3VzLWNlbnRyYWwxL3N0b3JpZXMtZXMtc3luYy9hb1JXdXNIRjduUQ?alt=json HTTP/1.1" 200 None
2022-05-13 12:28:49,981 DEBUG    urllib3.connectionpool https://cloudfunctions.googleapis.com:443 "GET /v1/operations/Y3Jvd2RyaWZmLXN0b3JpZXMtZGV2L3VzLWNlbnRyYWwxL3N0b3JpZXMtZXMtc3luYy9hb1JXdXNIRjduUQ?alt=json HTTP/1.1" 200 None
2022-05-13 12:28:51,414 DEBUG    urllib3.connectionpool https://cloudfunctions.googleapis.com:443 "GET /v1/operations/Y3Jvd2RyaWZmLXN0b3JpZXMtZGV2L3VzLWNlbnRyYWwxL3N0b3JpZXMtZXMtc3luYy9hb1JXdXNIRjduUQ?alt=json HTTP/1.1" 200 None
2022-05-13 12:28:53,138 DEBUG    urllib3.connectionpool https://cloudfunctions.googleapis.com:443 "GET /v1/operations/Y3Jvd2RyaWZmLXN0b3JpZXMtZGV2L3VzLWNlbnRyYWwxL3N0b3JpZXMtZXMtc3luYy9hb1JXdXNIRjduUQ?alt=json HTTP/1.1" 200 None
2022-05-13 12:28:54,521 DEBUG    urllib3.connectionpool https://cloudfunctions.googleapis.com:443 "GET /v1/operations/Y3Jvd2RyaWZmLXN0b3JpZXMtZGV2L3VzLWNlbnRyYWwxL3N0b3JpZXMtZXMtc3luYy9hb1JXdXNIRjduUQ?alt=json HTTP/1.1" 200 None
2022-05-13 12:28:56,244 DEBUG    urllib3.connectionpool https://cloudfunctions.googleapis.com:443 "GET /v1/operations/Y3Jvd2RyaWZmLXN0b3JpZXMtZGV2L3VzLWNlbnRyYWwxL3N0b3JpZXMtZXMtc3luYy9hb1JXdXNIRjduUQ?alt=json HTTP/1.1" 200 None
2022-05-13 12:28:57,474 DEBUG    urllib3.connectionpool https://cloudfunctions.googleapis.com:443 "GET /v1/operations/Y3Jvd2RyaWZmLXN0b3JpZXMtZGV2L3VzLWNlbnRyYWwxL3N0b3JpZXMtZXMtc3luYy9hb1JXdXNIRjduUQ?alt=json HTTP/1.1" 200 None
2022-05-13 12:28:59,231 DEBUG    urllib3.connectionpool https://cloudfunctions.googleapis.com:443 "GET /v1/operations/Y3Jvd2RyaWZmLXN0b3JpZXMtZGV2L3VzLWNlbnRyYWwxL3N0b3JpZXMtZXMtc3luYy9hb1JXdXNIRjduUQ?alt=json HTTP/1.1" 200 None
2022-05-13 12:29:00,944 DEBUG    urllib3.connectionpool https://cloudfunctions.googleapis.com:443 "GET /v1/operations/Y3Jvd2RyaWZmLXN0b3JpZXMtZGV2L3VzLWNlbnRyYWwxL3N0b3JpZXMtZXMtc3luYy9hb1JXdXNIRjduUQ?alt=json HTTP/1.1" 200 None
2022-05-13 12:29:02,771 DEBUG    urllib3.connectionpool https://cloudfunctions.googleapis.com:443 "GET /v1/operations/Y3Jvd2RyaWZmLXN0b3JpZXMtZGV2L3VzLWNlbnRyYWwxL3N0b3JpZXMtZXMtc3luYy9hb1JXdXNIRjduUQ?alt=json HTTP/1.1" 200 None
2022-05-13 12:29:04,251 DEBUG    urllib3.connectionpool https://cloudfunctions.googleapis.com:443 "GET /v1/operations/Y3Jvd2RyaWZmLXN0b3JpZXMtZGV2L3VzLWNlbnRyYWwxL3N0b3JpZXMtZXMtc3luYy9hb1JXdXNIRjduUQ?alt=json HTTP/1.1" 200 None
2022-05-13 12:29:06,396 DEBUG    urllib3.connectionpool https://cloudfunctions.googleapis.com:443 "GET /v1/operations/Y3Jvd2RyaWZmLXN0b3JpZXMtZGV2L3VzLWNlbnRyYWwxL3N0b3JpZXMtZXMtc3luYy9hb1JXdXNIRjduUQ?alt=json HTTP/1.1" 200 None
2022-05-13 12:29:08,444 DEBUG    urllib3.connectionpool https://cloudfunctions.googleapis.com:443 "GET /v1/operations/Y3Jvd2RyaWZmLXN0b3JpZXMtZGV2L3VzLWNlbnRyYWwxL3N0b3JpZXMtZXMtc3luYy9hb1JXdXNIRjduUQ?alt=json HTTP/1.1" 200 None
2022-05-13 12:29:10,458 DEBUG    urllib3.connectionpool https://cloudfunctions.googleapis.com:443 "GET /v1/operations/Y3Jvd2RyaWZmLXN0b3JpZXMtZGV2L3VzLWNlbnRyYWwxL3N0b3JpZXMtZXMtc3luYy9hb1JXdXNIRjduUQ?alt=json HTTP/1.1" 200 None
2022-05-13 12:29:11,972 DEBUG    urllib3.connectionpool https://cloudfunctions.googleapis.com:443 "GET /v1/operations/Y3Jvd2RyaWZmLXN0b3JpZXMtZGV2L3VzLWNlbnRyYWwxL3N0b3JpZXMtZXMtc3luYy9hb1JXdXNIRjduUQ?alt=json HTTP/1.1" 200 None
2022-05-13 12:29:14,025 DEBUG    urllib3.connectionpool https://cloudfunctions.googleapis.com:443 "GET /v1/operations/Y3Jvd2RyaWZmLXN0b3JpZXMtZGV2L3VzLWNlbnRyYWwxL3N0b3JpZXMtZXMtc3luYy9hb1JXdXNIRjduUQ?alt=json HTTP/1.1" 200 None
2022-05-13 12:29:16,031 DEBUG    urllib3.connectionpool https://cloudfunctions.googleapis.com:443 "GET /v1/operations/Y3Jvd2RyaWZmLXN0b3JpZXMtZGV2L3VzLWNlbnRyYWwxL3N0b3JpZXMtZXMtc3luYy9hb1JXdXNIRjduUQ?alt=json HTTP/1.1" 200 None
2022-05-13 12:29:18,015 DEBUG    urllib3.connectionpool https://cloudfunctions.googleapis.com:443 "GET /v1/operations/Y3Jvd2RyaWZmLXN0b3JpZXMtZGV2L3VzLWNlbnRyYWwxL3N0b3JpZXMtZXMtc3luYy9hb1JXdXNIRjduUQ?alt=json HTTP/1.1" 200 None
2022-05-13 12:29:19,411 DEBUG    urllib3.connectionpool https://cloudfunctions.googleapis.com:443 "GET /v1/operations/Y3Jvd2RyaWZmLXN0b3JpZXMtZGV2L3VzLWNlbnRyYWwxL3N0b3JpZXMtZXMtc3luYy9hb1JXdXNIRjduUQ?alt=json HTTP/1.1" 200 None
2022-05-13 12:29:21,015 DEBUG    urllib3.connectionpool https://cloudfunctions.googleapis.com:443 "GET /v1/operations/Y3Jvd2RyaWZmLXN0b3JpZXMtZGV2L3VzLWNlbnRyYWwxL3N0b3JpZXMtZXMtc3luYy9hb1JXdXNIRjduUQ?alt=json HTTP/1.1" 200 None
2022-05-13 12:29:22,699 DEBUG    urllib3.connectionpool https://cloudfunctions.googleapis.com:443 "GET /v1/operations/Y3Jvd2RyaWZmLXN0b3JpZXMtZGV2L3VzLWNlbnRyYWwxL3N0b3JpZXMtZXMtc3luYy9hb1JXdXNIRjduUQ?alt=json HTTP/1.1" 200 None
2022-05-13 12:29:22,809 DEBUG    urllib3.connectionpool Starting new HTTPS connection (1): cloudfunctions.googleapis.com:443
2022-05-13 12:29:23,035 DEBUG    urllib3.connectionpool https://cloudfunctions.googleapis.com:443 "GET /v1/projects/crowdriff-stories-dev/locations/us-central1/functions/stories-es-sync?alt=json HTTP/1.1" 200 None
2022-05-13 12:29:23,061 INFO     root            Display format: "default"
2022-05-13 12:29:23,072 INFO     ___FILE_ONLY___ availableMemoryMb
2022-05-13 12:29:23,072 INFO     ___FILE_ONLY___ :
2022-05-13 12:29:23,072 INFO     ___FILE_ONLY___  
2022-05-13 12:29:23,072 INFO     ___FILE_ONLY___ 128
2022-05-13 12:29:23,072 INFO     ___FILE_ONLY___ 

2022-05-13 12:29:23,072 INFO     ___FILE_ONLY___ buildId
2022-05-13 12:29:23,072 INFO     ___FILE_ONLY___ :
2022-05-13 12:29:23,072 INFO     ___FILE_ONLY___  
2022-05-13 12:29:23,072 INFO     ___FILE_ONLY___ d680dbba-5f0c-4834-b3f5-895b37d838bc
2022-05-13 12:29:23,072 INFO     ___FILE_ONLY___ 

2022-05-13 12:29:23,073 INFO     ___FILE_ONLY___ buildName
2022-05-13 12:29:23,073 INFO     ___FILE_ONLY___ :
2022-05-13 12:29:23,073 INFO     ___FILE_ONLY___  
2022-05-13 12:29:23,073 INFO     ___FILE_ONLY___ projects/31098141265/locations/us-central1/builds/d680dbba-5f0c-4834-b3f5-895b37d838bc
2022-05-13 12:29:23,073 INFO     ___FILE_ONLY___ 

2022-05-13 12:29:23,073 INFO     ___FILE_ONLY___ dockerRegistry
2022-05-13 12:29:23,073 INFO     ___FILE_ONLY___ :
2022-05-13 12:29:23,073 INFO     ___FILE_ONLY___  
2022-05-13 12:29:23,073 INFO     ___FILE_ONLY___ CONTAINER_REGISTRY
2022-05-13 12:29:23,073 INFO     ___FILE_ONLY___ 

2022-05-13 12:29:23,073 INFO     ___FILE_ONLY___ entryPoint
2022-05-13 12:29:23,073 INFO     ___FILE_ONLY___ :
2022-05-13 12:29:23,073 INFO     ___FILE_ONLY___  
2022-05-13 12:29:23,073 INFO     ___FILE_ONLY___ entrypoint
2022-05-13 12:29:23,073 INFO     ___FILE_ONLY___ 

2022-05-13 12:29:23,073 INFO     ___FILE_ONLY___ environmentVariables
2022-05-13 12:29:23,074 INFO     ___FILE_ONLY___ :
2022-05-13 12:29:23,074 INFO     ___FILE_ONLY___ 

2022-05-13 12:29:23,074 INFO     ___FILE_ONLY___   
2022-05-13 12:29:23,074 INFO     ___FILE_ONLY___ GATEWAY_BASE
2022-05-13 12:29:23,074 INFO     ___FILE_ONLY___ :
2022-05-13 12:29:23,074 INFO     ___FILE_ONLY___  
2022-05-13 12:29:23,074 INFO     ___FILE_ONLY___ https://story-network-gateway.derp.website
2022-05-13 12:29:23,074 INFO     ___FILE_ONLY___ 

2022-05-13 12:29:23,074 INFO     ___FILE_ONLY___   
2022-05-13 12:29:23,074 INFO     ___FILE_ONLY___ GOOGLE_CLOUD_PROJECT
2022-05-13 12:29:23,074 INFO     ___FILE_ONLY___ :
2022-05-13 12:29:23,074 INFO     ___FILE_ONLY___  
2022-05-13 12:29:23,074 INFO     ___FILE_ONLY___ crowdriff-stories-dev
2022-05-13 12:29:23,076 INFO     ___FILE_ONLY___ 

2022-05-13 12:29:23,076 INFO     ___FILE_ONLY___   
2022-05-13 12:29:23,076 INFO     ___FILE_ONLY___ NODE_ENV
2022-05-13 12:29:23,076 INFO     ___FILE_ONLY___ :
2022-05-13 12:29:23,076 INFO     ___FILE_ONLY___  
2022-05-13 12:29:23,076 INFO     ___FILE_ONLY___ development
2022-05-13 12:29:23,077 INFO     ___FILE_ONLY___ 

2022-05-13 12:29:23,077 INFO     ___FILE_ONLY___   
2022-05-13 12:29:23,077 INFO     ___FILE_ONLY___ NODE_PATH
2022-05-13 12:29:23,077 INFO     ___FILE_ONLY___ :
2022-05-13 12:29:23,077 INFO     ___FILE_ONLY___  
2022-05-13 12:29:23,077 INFO     ___FILE_ONLY___ .
2022-05-13 12:29:23,077 INFO     ___FILE_ONLY___ 

2022-05-13 12:29:23,077 INFO     ___FILE_ONLY___   
2022-05-13 12:29:23,077 INFO     ___FILE_ONLY___ SERVICE_ACCOUNT
2022-05-13 12:29:23,077 INFO     ___FILE_ONLY___ :
2022-05-13 12:29:23,077 INFO     ___FILE_ONLY___  
2022-05-13 12:29:23,077 INFO     ___FILE_ONLY___ github-actions@crowdriff-stories-dev.iam.gserviceaccount.com
2022-05-13 12:29:23,077 INFO     ___FILE_ONLY___ 

2022-05-13 12:29:23,077 INFO     ___FILE_ONLY___ eventTrigger
2022-05-13 12:29:23,077 INFO     ___FILE_ONLY___ :
2022-05-13 12:29:23,078 INFO     ___FILE_ONLY___ 

2022-05-13 12:29:23,078 INFO     ___FILE_ONLY___   
2022-05-13 12:29:23,078 INFO     ___FILE_ONLY___ eventType
2022-05-13 12:29:23,078 INFO     ___FILE_ONLY___ :
2022-05-13 12:29:23,078 INFO     ___FILE_ONLY___  
2022-05-13 12:29:23,078 INFO     ___FILE_ONLY___ google.pubsub.topic.publish
2022-05-13 12:29:23,078 INFO     ___FILE_ONLY___ 

2022-05-13 12:29:23,078 INFO     ___FILE_ONLY___   
2022-05-13 12:29:23,078 INFO     ___FILE_ONLY___ failurePolicy
2022-05-13 12:29:23,078 INFO     ___FILE_ONLY___ :
2022-05-13 12:29:23,078 INFO     ___FILE_ONLY___  {
2022-05-13 12:29:23,078 INFO     ___FILE_ONLY___ }
2022-05-13 12:29:23,078 INFO     ___FILE_ONLY___ 

2022-05-13 12:29:23,078 INFO     ___FILE_ONLY___   
2022-05-13 12:29:23,078 INFO     ___FILE_ONLY___ resource
2022-05-13 12:29:23,078 INFO     ___FILE_ONLY___ :
2022-05-13 12:29:23,078 INFO     ___FILE_ONLY___  
2022-05-13 12:29:23,078 INFO     ___FILE_ONLY___ projects/crowdriff-stories-dev/topics/stories-es-sync
2022-05-13 12:29:23,078 INFO     ___FILE_ONLY___ 

2022-05-13 12:29:23,079 INFO     ___FILE_ONLY___   
2022-05-13 12:29:23,079 INFO     ___FILE_ONLY___ service
2022-05-13 12:29:23,079 INFO     ___FILE_ONLY___ :
2022-05-13 12:29:23,079 INFO     ___FILE_ONLY___  
2022-05-13 12:29:23,079 INFO     ___FILE_ONLY___ pubsub.googleapis.com
2022-05-13 12:29:23,079 INFO     ___FILE_ONLY___ 

2022-05-13 12:29:23,079 INFO     ___FILE_ONLY___ ingressSettings
2022-05-13 12:29:23,079 INFO     ___FILE_ONLY___ :
2022-05-13 12:29:23,079 INFO     ___FILE_ONLY___  
2022-05-13 12:29:23,079 INFO     ___FILE_ONLY___ ALLOW_ALL
2022-05-13 12:29:23,079 INFO     ___FILE_ONLY___ 

2022-05-13 12:29:23,079 INFO     ___FILE_ONLY___ labels
2022-05-13 12:29:23,079 INFO     ___FILE_ONLY___ :
2022-05-13 12:29:23,079 INFO     ___FILE_ONLY___ 

2022-05-13 12:29:23,079 INFO     ___FILE_ONLY___   
2022-05-13 12:29:23,079 INFO     ___FILE_ONLY___ deployment-tool
2022-05-13 12:29:23,079 INFO     ___FILE_ONLY___ :
2022-05-13 12:29:23,079 INFO     ___FILE_ONLY___  
2022-05-13 12:29:23,079 INFO     ___FILE_ONLY___ cli-gcloud
2022-05-13 12:29:23,080 INFO     ___FILE_ONLY___ 

2022-05-13 12:29:23,080 INFO     ___FILE_ONLY___ name
2022-05-13 12:29:23,080 INFO     ___FILE_ONLY___ :
2022-05-13 12:29:23,080 INFO     ___FILE_ONLY___  
2022-05-13 12:29:23,080 INFO     ___FILE_ONLY___ projects/crowdriff-stories-dev/locations/us-central1/functions/stories-es-sync
2022-05-13 12:29:23,080 INFO     ___FILE_ONLY___ 

2022-05-13 12:29:23,080 INFO     ___FILE_ONLY___ runtime
2022-05-13 12:29:23,080 INFO     ___FILE_ONLY___ :
2022-05-13 12:29:23,080 INFO     ___FILE_ONLY___  
2022-05-13 12:29:23,080 INFO     ___FILE_ONLY___ nodejs14
2022-05-13 12:29:23,080 INFO     ___FILE_ONLY___ 

2022-05-13 12:29:23,080 INFO     ___FILE_ONLY___ serviceAccountEmail
2022-05-13 12:29:23,080 INFO     ___FILE_ONLY___ :
2022-05-13 12:29:23,080 INFO     ___FILE_ONLY___  
2022-05-13 12:29:23,080 INFO     ___FILE_ONLY___ crowdriff-stories-dev@appspot.gserviceaccount.com
2022-05-13 12:29:23,080 INFO     ___FILE_ONLY___ 

2022-05-13 12:29:23,080 INFO     ___FILE_ONLY___ sourceUploadUrl
2022-05-13 12:29:23,080 INFO     ___FILE_ONLY___ :
2022-05-13 12:29:23,080 INFO     ___FILE_ONLY___  
2022-05-13 12:29:23,080 INFO     ___FILE_ONLY___ https://storage.googleapis.com/uploads-556841579775.us-central1.cloudfunctions.appspot.com/3ebe14fa-b18d-42f9-96fc-c881f46f525d.zip
2022-05-13 12:29:23,081 INFO     ___FILE_ONLY___ 

2022-05-13 12:29:23,081 INFO     ___FILE_ONLY___ status
2022-05-13 12:29:23,081 INFO     ___FILE_ONLY___ :
2022-05-13 12:29:23,081 INFO     ___FILE_ONLY___  
2022-05-13 12:29:23,081 INFO     ___FILE_ONLY___ ACTIVE
2022-05-13 12:29:23,081 INFO     ___FILE_ONLY___ 

2022-05-13 12:29:23,081 INFO     ___FILE_ONLY___ timeout
2022-05-13 12:29:23,081 INFO     ___FILE_ONLY___ :
2022-05-13 12:29:23,081 INFO     ___FILE_ONLY___  
2022-05-13 12:29:23,081 INFO     ___FILE_ONLY___ 540s
2022-05-13 12:29:23,081 INFO     ___FILE_ONLY___ 

2022-05-13 12:29:23,082 INFO     ___FILE_ONLY___ updateTime
2022-05-13 12:29:23,082 INFO     ___FILE_ONLY___ :
2022-05-13 12:29:23,082 INFO     ___FILE_ONLY___  '
2022-05-13 12:29:23,082 INFO     ___FILE_ONLY___ 2022-05-13T16:29:21.148Z
2022-05-13 12:29:23,082 INFO     ___FILE_ONLY___ '
2022-05-13 12:29:23,082 INFO     ___FILE_ONLY___ 

2022-05-13 12:29:23,082 INFO     ___FILE_ONLY___ versionId
2022-05-13 12:29:23,082 INFO     ___FILE_ONLY___ :
2022-05-13 12:29:23,082 INFO     ___FILE_ONLY___  '
2022-05-13 12:29:23,082 INFO     ___FILE_ONLY___ 10
2022-05-13 12:29:23,082 INFO     ___FILE_ONLY___ '
2022-05-13 12:29:23,082 INFO     ___FILE_ONLY___ 

2022-05-13 12:29:23,147 DEBUG    root            Metrics reporting process started...
