2022-05-13 15:05:43,004 DEBUG    root            Loaded Command Group: ['gcloud', 'config']
2022-05-13 15:05:43,005 DEBUG    root            Loaded Command Group: ['gcloud', 'config', 'config_helper']
2022-05-13 15:05:43,006 DEBUG    root            Running [gcloud.config.config-helper] with arguments: [--format: "json"]
2022-05-13 15:05:43,010 INFO     root            Display format: "default json"
2022-05-13 15:05:43,010 INFO     ___FILE_ONLY___ {
  "configuration": {
    "active_configuration": "default",
    "properties": {
      "compute": {
        "zone": "us-central1"
      },
      "core": {
        "account": "britton.jenner@crowdriff.com",
        "disable_usage_reporting": "False",
        "project": "crowdriff-stories-dev"
      }
    }
  },
  "credential": {
    "access_token": "ya29.A0ARrdaM_CsajK25yhl8vQRckO91cKe025jt7KQG5zd_39KtgTT9rHbSHaRnzto8s11PpWmsVeNmirXil5waJ8ocK3dfP8iiAL4UvlgonhbQcTkF0AeKg0VGvx-fCSAalawLFsu5tNhLBI3FB3GABCcc7wKhoi_C9V2iPG3-M",
    "id_token": "eyJhbGciOiJSUzI1NiIsImtpZCI6ImIxYTgyNTllYjA3NjYwZWYyMzc4MWM4NWI3ODQ5YmZhMGExYzgwNmMiLCJ0eXAiOiJKV1QifQ.eyJpc3MiOiJodHRwczovL2FjY291bnRzLmdvb2dsZS5jb20iLCJhenAiOiIzMjU1NTk0MDU1OS5hcHBzLmdvb2dsZXVzZXJjb250ZW50LmNvbSIsImF1ZCI6IjMyNTU1OTQwNTU5LmFwcHMuZ29vZ2xldXNlcmNvbnRlbnQuY29tIiwic3ViIjoiMTA0NzU3Njk2MTMwOTc4MTMyNDM4IiwiaGQiOiJjcm93ZHJpZmYuY29tIiwiZW1haWwiOiJicml0dG9uLmplbm5lckBjcm93ZHJpZmYuY29tIiwiZW1haWxfdmVyaWZpZWQiOnRydWUsImF0X2hhc2giOiJCcXAtby10am1oSHlYVzBFeWVQTEdBIiwiaWF0IjoxNjUyNDY4NDEyLCJleHAiOjE2NTI0NzIwMTJ9.GU3JAEoKlS36mA343rEtsDTM1ZD1AtSDEXuA68ZlBYTXO2pdf6DoeBERIiLsH068R0poApIagrDhMhnTu6ojYOvrJ3zgN1HnGQNe3ykYOMJJb0okj2w6-oAPOfVBMy_p6ohutdR_fn-EpZ6Y2amh0og9f_8TsgpIygRXC3AAJEcR5XCQ5CpBbDHyeSHPv39RIGcs4y1QYV8-eXp34mlkC8ZXVJ5faDFvgsNFlJeY9C-xDYlLNdwdwPJCpDZAVVTaqnT4pHH1YmuC-ZzJQNQSFw7VzkSG1sqf8aSzjN2a3wAw3hlHvZiZG-eUq4lir_TRxNiaDx3-g7QHqFjoLSUMtw",
    "token_expiry": "2022-05-13T20:00:11Z"
  },
  "sentinels": {
    "config_sentinel": "/Users/britton.jenner/.config/gcloud/config_sentinel"
  }
}
2022-05-13 15:05:43,010 INFO     ___FILE_ONLY___ 

2022-05-13 15:05:43,015 DEBUG    root            Metrics reporting process started...
