2022-05-13 15:53:34,934 DEBUG    root            Loaded Command Group: ['gcloud', 'config']
2022-05-13 15:53:34,936 DEBUG    root            Loaded Command Group: ['gcloud', 'config', 'config_helper']
2022-05-13 15:53:34,937 DEBUG    root            Running [gcloud.config.config-helper] with arguments: [--format: "json", --min-expiry: "3600"]
2022-05-13 15:53:34,938 DEBUG    google.auth.transport.requests Making request: POST https://oauth2.googleapis.com/token
2022-05-13 15:53:34,973 DEBUG    urllib3.connectionpool Starting new HTTPS connection (1): oauth2.googleapis.com:443
2022-05-13 15:53:35,092 DEBUG    urllib3.connectionpool https://oauth2.googleapis.com:443 "POST /token HTTP/1.1" 200 None
2022-05-13 15:53:35,097 INFO     root            Display format: "default json"
2022-05-13 15:53:35,098 INFO     ___FILE_ONLY___ {
  "configuration": {
    "active_configuration": "default",
    "properties": {
      "compute": {
        "zone": "us-central1"
      },
      "core": {
        "account": "britton.jenner@crowdriff.com",
        "disable_usage_reporting": "False",
        "project": "crowdriff-stories-dev"
      }
    }
  },
  "credential": {
    "access_token": "ya29.a0ARrdaM9NyUkTbwCCLBTwOqO36fZz5S43pvrjiiyeZGKkodZovBI4uH6z5kEl80dr3BQAdw_2xgAltLZX8rbiR5c0K0v5s3QDJtWcDVB717TzoRo9bHa4pTX_H0aKGqZE6WT9cwh4oxkKSdylfZBJTYm-5_aPYfYdfp4twnM",
    "id_token": "eyJhbGciOiJSUzI1NiIsImtpZCI6ImIxYTgyNTllYjA3NjYwZWYyMzc4MWM4NWI3ODQ5YmZhMGExYzgwNmMiLCJ0eXAiOiJKV1QifQ.eyJpc3MiOiJodHRwczovL2FjY291bnRzLmdvb2dsZS5jb20iLCJhenAiOiIzMjU1NTk0MDU1OS5hcHBzLmdvb2dsZXVzZXJjb250ZW50LmNvbSIsImF1ZCI6IjMyNTU1OTQwNTU5LmFwcHMuZ29vZ2xldXNlcmNvbnRlbnQuY29tIiwic3ViIjoiMTA0NzU3Njk2MTMwOTc4MTMyNDM4IiwiaGQiOiJjcm93ZHJpZmYuY29tIiwiZW1haWwiOiJicml0dG9uLmplbm5lckBjcm93ZHJpZmYuY29tIiwiZW1haWxfdmVyaWZpZWQiOnRydWUsImF0X2hhc2giOiJoSXhzeER1WG4wSXpFUXk1ZG5GYmxRIiwiaWF0IjoxNjUyNDcxNjE1LCJleHAiOjE2NTI0NzUyMTV9.DOSDLY-cvwhE020XwJJRbmzY0V5IV4Tmll37hrkB2HSDYlPzUFHRFY2Nli3eTMUdLMoUP9eUcvYy__70rzaBdHyhH2btZZqK2-TeSXdL5WdBV4uyilE_5a13JqTfql2-aYjgnLP9Z6TvdIaWREt_t7tEflUs2KXzRZbOPWchV4zfxhI_yhL9ag7gbXkWa5B_BRW1oaon81j1l3mpL_Si1jelwRPF0xfjoG7VKuHixy0iG7yOj9v5o5i1thwgDyPQRvuYWOE3-_S6gj2moB2yBm_XhhwRpLSRoWOWaLWqtnizmsqtndZdPlmSU9bVZMrpSUkicwEjjEaTEbpAWd04fQ",
    "token_expiry": "2022-05-13T20:53:34Z"
  },
  "sentinels": {
    "config_sentinel": "/Users/britton.jenner/.config/gcloud/config_sentinel"
  }
}
2022-05-13 15:53:35,098 INFO     ___FILE_ONLY___ 

2022-05-13 15:53:35,105 DEBUG    root            Metrics reporting process started...
