2022-04-28 09:28:19,971 DEBUG    root            Loaded Command Group: ['gcloud', 'config']
2022-04-28 09:28:19,972 DEBUG    root            Loaded Command Group: ['gcloud', 'config', 'config_helper']
2022-04-28 09:28:19,973 DEBUG    root            Running [gcloud.config.config-helper] with arguments: [--format: "json"]
2022-04-28 09:28:19,975 INFO     root            Display format: "default json"
2022-04-28 09:28:19,976 INFO     ___FILE_ONLY___ {
  "configuration": {
    "active_configuration": "default",
    "properties": {
      "compute": {
        "zone": "us-central1"
      },
      "core": {
        "account": "britton.jenner@crowdriff.com",
        "disable_usage_reporting": "False",
        "project": "crowdriff-stories-dev"
      }
    }
  },
  "credential": {
    "access_token": "ya29.A0ARrdaM8c7wuJ3aN22Oxrp-uqG_9inwzab0LZfi3Yaxo4y54UUAYn2fbEH5dnpzUDDyj-iRLDA8Uo3se4l8Rnxkqd4QWGQBort1JTJZGMx9bXpIduEB-w0UVeQ1UmGSoj2RfnIcxDstHuiAj5BVPhdlZEdsJppjhbcpxqE6o",
    "id_token": "eyJhbGciOiJSUzI1NiIsImtpZCI6Ijg2MTY0OWU0NTAzMTUzODNmNmI5ZDUxMGI3Y2Q0ZTkyMjZjM2NkODgiLCJ0eXAiOiJKV1QifQ.eyJpc3MiOiJodHRwczovL2FjY291bnRzLmdvb2dsZS5jb20iLCJhenAiOiIzMjU1NTk0MDU1OS5hcHBzLmdvb2dsZXVzZXJjb250ZW50LmNvbSIsImF1ZCI6IjMyNTU1OTQwNTU5LmFwcHMuZ29vZ2xldXNlcmNvbnRlbnQuY29tIiwic3ViIjoiMTA0NzU3Njk2MTMwOTc4MTMyNDM4IiwiaGQiOiJjcm93ZHJpZmYuY29tIiwiZW1haWwiOiJicml0dG9uLmplbm5lckBjcm93ZHJpZmYuY29tIiwiZW1haWxfdmVyaWZpZWQiOnRydWUsImF0X2hhc2giOiJaUWFTckJ5LURieXhzWHBhVGNUUXhBIiwiaWF0IjoxNjUxMTUyNDkwLCJleHAiOjE2NTExNTYwOTB9.j8albkScYgQnyHlw1k_nJuNXsK24NdtZ9_BAz5ns8_h5HBs30R4mzPZQAaW5LmOHhdUKfrAFlSY_71weINalDVCcUyPKVv99qw-Oq9ew-_9P4aKsq_SWyN_o4UntuBczr4xIVfmRgD5NR65d7ZhG7xKj7ljFL0fP05fXa_WRoXAXjw81bDsEPBx9n1vkdDg_oYcF_sVCHw09hc4I8oP4e4uopaiipFsmXPYZwUa4c48Qdom9hZpZ83x-6VJRHLwPk9dAzg5DzcRFvEpDmLHy3qtsTYsfIllB-NC9lyddDCzS0HVfOGVZdjGgquc93qnAKiBEnVIAVdVTCg5WsEIR7g",
    "token_expiry": "2022-04-28T14:28:09Z"
  },
  "sentinels": {
    "config_sentinel": "/Users/britton.jenner/.config/gcloud/config_sentinel"
  }
}
2022-04-28 09:28:19,976 INFO     ___FILE_ONLY___ 

2022-04-28 09:28:19,980 DEBUG    root            Metrics reporting process started...
