2022-04-28 11:09:01,408 DEBUG    root            Loaded Command Group: ['gcloud', 'config']
2022-04-28 11:09:01,410 DEBUG    root            Loaded Command Group: ['gcloud', 'config', 'config_helper']
2022-04-28 11:09:01,411 DEBUG    root            Running [gcloud.config.config-helper] with arguments: [--format: "json", --min-expiry: "3600"]
2022-04-28 11:09:01,418 DEBUG    google.auth.transport.requests Making request: POST https://oauth2.googleapis.com/token
2022-04-28 11:09:01,428 DEBUG    urllib3.connectionpool Starting new HTTPS connection (1): oauth2.googleapis.com:443
2022-04-28 11:09:01,540 DEBUG    urllib3.connectionpool https://oauth2.googleapis.com:443 "POST /token HTTP/1.1" 200 None
2022-04-28 11:09:01,548 INFO     root            Display format: "default json"
2022-04-28 11:09:01,548 INFO     ___FILE_ONLY___ {
  "configuration": {
    "active_configuration": "default",
    "properties": {
      "compute": {
        "zone": "us-central1"
      },
      "core": {
        "account": "britton.jenner@crowdriff.com",
        "disable_usage_reporting": "False",
        "project": "crowdriff-stories-dev"
      }
    }
  },
  "credential": {
    "access_token": "ya29.A0ARrdaM_Q93Oxh3D-7nYHIjXe1k00UY9kXp4eyhf5LMDo03PSXTaJGkRvUMdRqxLgew02YCc_NcOifm9T94eMfXH-DwA1d4VeXorDLmWLAg8nXhPnlQ9Vs8TpmP9Oh5O9sC7NHihtTlBuTTobTfvtDJg9REnf9e7xkUr6agI",
    "id_token": "eyJhbGciOiJSUzI1NiIsImtpZCI6Ijg2MTY0OWU0NTAzMTUzODNmNmI5ZDUxMGI3Y2Q0ZTkyMjZjM2NkODgiLCJ0eXAiOiJKV1QifQ.eyJpc3MiOiJodHRwczovL2FjY291bnRzLmdvb2dsZS5jb20iLCJhenAiOiIzMjU1NTk0MDU1OS5hcHBzLmdvb2dsZXVzZXJjb250ZW50LmNvbSIsImF1ZCI6IjMyNTU1OTQwNTU5LmFwcHMuZ29vZ2xldXNlcmNvbnRlbnQuY29tIiwic3ViIjoiMTA0NzU3Njk2MTMwOTc4MTMyNDM4IiwiaGQiOiJjcm93ZHJpZmYuY29tIiwiZW1haWwiOiJicml0dG9uLmplbm5lckBjcm93ZHJpZmYuY29tIiwiZW1haWxfdmVyaWZpZWQiOnRydWUsImF0X2hhc2giOiJwTE5XYWtsdUlLS3F3ZVlaejBxcUpBIiwiaWF0IjoxNjUxMTU4NTQxLCJleHAiOjE2NTExNjIxNDF9.kFs65uIE-9UBMOfc354tNftTq3ccTylaxyC05z-ehJuJrwefO-5wRnBFBKOUianCit3FyDhFTUNUJwiUDGgq8GV3rq6URgp6pgu87LNPpP1cNaShdPMFEfuh749k0jFM42hhgilCjlfytWGeLnhxV5_cfrgTeZvPoxwyOzWqI3-Lnfqc8128DMv5zGG0ftYHw0IqbTo0pOAqp4LSyw9EEWs2P2n3tRu0X80rAMW1QpI_u7fxK5DwdmqxkDJTcpxy0cUjrbOcQpwtNyiXwYR2DnQgUcEsZ3-5vFIQuhcwlQ7PPDGXIxyPfnlI-AA977k4zviW9Yc72ks8nRF7geDSEg",
    "token_expiry": "2022-04-28T16:09:00Z"
  },
  "sentinels": {
    "config_sentinel": "/Users/britton.jenner/.config/gcloud/config_sentinel"
  }
}
2022-04-28 11:09:01,548 INFO     ___FILE_ONLY___ 

2022-04-28 11:09:01,556 DEBUG    root            Metrics reporting process started...
