2022-04-28 14:22:07,785 DEBUG    root            Loaded Command Group: ['gcloud', 'config']
2022-04-28 14:22:07,786 DEBUG    root            Loaded Command Group: ['gcloud', 'config', 'config_helper']
2022-04-28 14:22:07,787 DEBUG    root            Running [gcloud.config.config-helper] with arguments: [--format: "json"]
2022-04-28 14:22:07,789 INFO     root            Display format: "default json"
2022-04-28 14:22:07,790 INFO     ___FILE_ONLY___ {
  "configuration": {
    "active_configuration": "default",
    "properties": {
      "compute": {
        "zone": "us-central1"
      },
      "core": {
        "account": "britton.jenner@crowdriff.com",
        "disable_usage_reporting": "False",
        "project": "crowdriff-stories-dev"
      }
    }
  },
  "credential": {
    "access_token": "ya29.A0ARrdaM8NfzhhOjp5YU_MyExoXQdtDe6t5tdIm6OtmoXLjjg_sBulcGUkV8YXcB9L0VgqNTilh2JT9UDFfLu_PzThIZ3_56XhbwQZ-OnicpilT2YQgpJDhL4eu8ZBdOTp98_EcWyw4P1dICM-jO6WE9SfOyAnBvAkEkRg3ck",
    "id_token": "eyJhbGciOiJSUzI1NiIsImtpZCI6Ijg2MTY0OWU0NTAzMTUzODNmNmI5ZDUxMGI3Y2Q0ZTkyMjZjM2NkODgiLCJ0eXAiOiJKV1QifQ.eyJpc3MiOiJodHRwczovL2FjY291bnRzLmdvb2dsZS5jb20iLCJhenAiOiIzMjU1NTk0MDU1OS5hcHBzLmdvb2dsZXVzZXJjb250ZW50LmNvbSIsImF1ZCI6IjMyNTU1OTQwNTU5LmFwcHMuZ29vZ2xldXNlcmNvbnRlbnQuY29tIiwic3ViIjoiMTA0NzU3Njk2MTMwOTc4MTMyNDM4IiwiaGQiOiJjcm93ZHJpZmYuY29tIiwiZW1haWwiOiJicml0dG9uLmplbm5lckBjcm93ZHJpZmYuY29tIiwiZW1haWxfdmVyaWZpZWQiOnRydWUsImF0X2hhc2giOiJabi1PQmRqLWlmQWNTYk9weVFaZmx3IiwiaWF0IjoxNjUxMTY3MjY0LCJleHAiOjE2NTExNzA4NjR9.ZjI17sWgfBV6x73lnWFKDK8GpT0Kyl4GGHLZb_sDBbEI_65KeiXhYL5iYQKDKxTPI30bChCSL-IXm0ZITIXQtSTgn0HeKgvM2oUIPdTxobKvFJMIC_UtbEa6JQ4iwX_1n-Dmuf96IqZqnZ5yPdJGjD4nwssUs_d4oFUQYNAHftU8yCqdTFZEQ4sNFnpDkn9zmIkH_YuTkMyRytjZcAJpIIBMw8stjBZuVR4vfXsvjc9e3KPAa1XDYQ1Bth32grwzm90odzA4zemlOm1wiIQQp7MdL7CuL-wm4lNlFwPmlhtMrFsgZywxtJUREv8B2WrtGM8E-kSeSFEbyMe9fiG3Hw",
    "token_expiry": "2022-04-28T18:34:23Z"
  },
  "sentinels": {
    "config_sentinel": "/Users/britton.jenner/.config/gcloud/config_sentinel"
  }
}
2022-04-28 14:22:07,790 INFO     ___FILE_ONLY___ 

2022-04-28 14:22:07,793 DEBUG    root            Metrics reporting process started...
