2022-04-28 16:15:18,780 DEBUG    root            Loaded Command Group: ['gcloud', 'config']
2022-04-28 16:15:18,783 DEBUG    root            Loaded Command Group: ['gcloud', 'config', 'config_helper']
2022-04-28 16:15:18,785 DEBUG    root            Running [gcloud.config.config-helper] with arguments: [--format: "json", --min-expiry: "3600"]
2022-04-28 16:15:18,788 DEBUG    google.auth.transport.requests Making request: POST https://oauth2.googleapis.com/token
2022-04-28 16:15:18,796 DEBUG    urllib3.connectionpool Starting new HTTPS connection (1): oauth2.googleapis.com:443
2022-04-28 16:15:18,906 DEBUG    urllib3.connectionpool https://oauth2.googleapis.com:443 "POST /token HTTP/1.1" 200 None
2022-04-28 16:15:18,910 INFO     root            Display format: "default json"
2022-04-28 16:15:18,910 INFO     ___FILE_ONLY___ {
  "configuration": {
    "active_configuration": "default",
    "properties": {
      "compute": {
        "zone": "us-central1"
      },
      "core": {
        "account": "britton.jenner@crowdriff.com",
        "disable_usage_reporting": "False",
        "project": "crowdriff-stories-dev"
      }
    }
  },
  "credential": {
    "access_token": "ya29.A0ARrdaM_eegmADZ2mcOF-EQcsd7mUHExMv6exA-2duizSWyJaV5nb-R2VuQned0D9QzcaL753sYa8lsxzmo_IgXLTqi_P0-1MFknH0-_9AuBf21FpHcDtTfEEZQyxCiKgzUqSk5cUZGfGbMKFqU-fL7xH_xO_bp4es2uz3Uo",
    "id_token": "eyJhbGciOiJSUzI1NiIsImtpZCI6Ijg2MTY0OWU0NTAzMTUzODNmNmI5ZDUxMGI3Y2Q0ZTkyMjZjM2NkODgiLCJ0eXAiOiJKV1QifQ.eyJpc3MiOiJodHRwczovL2FjY291bnRzLmdvb2dsZS5jb20iLCJhenAiOiIzMjU1NTk0MDU1OS5hcHBzLmdvb2dsZXVzZXJjb250ZW50LmNvbSIsImF1ZCI6IjMyNTU1OTQwNTU5LmFwcHMuZ29vZ2xldXNlcmNvbnRlbnQuY29tIiwic3ViIjoiMTA0NzU3Njk2MTMwOTc4MTMyNDM4IiwiaGQiOiJjcm93ZHJpZmYuY29tIiwiZW1haWwiOiJicml0dG9uLmplbm5lckBjcm93ZHJpZmYuY29tIiwiZW1haWxfdmVyaWZpZWQiOnRydWUsImF0X2hhc2giOiJlSDk5UG80ME1QQm1HWnc2eVk3Yl9RIiwiaWF0IjoxNjUxMTc2OTE4LCJleHAiOjE2NTExODA1MTh9.Lg6HMWXqKHRw-w_gS4f330wNEmr545lzTzmZe9HYdr5DCzMHxWAmsrYdYwM5toyXPrkVDeIOEbpRpXGEdjVnfriyMBQbiARLsEWF5Tmsklc4Da--WfbGuJXYWeVS_nuUnIh4NLMGjmVMEYNV77NN-t0EnWFr-YAVbVLXcKfNDIlq2iKqHAl-fKH0s2zThtvIj7sKFsDxa_-e9DEaGKyCCqbIoDhduxo4jdZABASAGzZhr_btARWSF-7DS1c4-auSUsSBWHDxtFtRQXU50c3NWsetcM5EG2Tfpn0ibElwzglHMMW1YivIlPq1nb6EjNooNrIRtUZtnLFgmPj-eSFDbQ",
    "token_expiry": "2022-04-28T21:15:17Z"
  },
  "sentinels": {
    "config_sentinel": "/Users/britton.jenner/.config/gcloud/config_sentinel"
  }
}
2022-04-28 16:15:18,910 INFO     ___FILE_ONLY___ 

2022-04-28 16:15:18,915 DEBUG    root            Metrics reporting process started...
