2022-04-28 16:11:43,718 DEBUG    root            Loaded Command Group: ['gcloud', 'config']
2022-04-28 16:11:43,721 DEBUG    root            Loaded Command Group: ['gcloud', 'config', 'config_helper']
2022-04-28 16:11:43,722 DEBUG    root            Running [gcloud.config.config-helper] with arguments: [--format: "json", --min-expiry: "3600"]
2022-04-28 16:11:43,727 DEBUG    google.auth.transport.requests Making request: POST https://oauth2.googleapis.com/token
2022-04-28 16:11:43,776 DEBUG    urllib3.connectionpool Starting new HTTPS connection (1): oauth2.googleapis.com:443
2022-04-28 16:11:43,882 DEBUG    urllib3.connectionpool https://oauth2.googleapis.com:443 "POST /token HTTP/1.1" 200 None
2022-04-28 16:11:43,886 INFO     root            Display format: "default json"
2022-04-28 16:11:43,886 INFO     ___FILE_ONLY___ {
  "configuration": {
    "active_configuration": "default",
    "properties": {
      "compute": {
        "zone": "us-central1"
      },
      "core": {
        "account": "britton.jenner@crowdriff.com",
        "disable_usage_reporting": "False",
        "project": "crowdriff-stories-dev"
      }
    }
  },
  "credential": {
    "access_token": "ya29.A0ARrdaM_OhYG9tu7C5fmptruO6clwi0zCz4N_6mWllY2FYVTd2DV9wLgDqnIJGpL0qdZSBdU-Pzb2BF4axMhCcZnICPENM1xy7MWFhosrMRK_jQOSit-V3v8jAZE_MeODpr2DOYygrWDy8hGzxLGD8kjGCl1rd020HWdYehU",
    "id_token": "eyJhbGciOiJSUzI1NiIsImtpZCI6Ijg2MTY0OWU0NTAzMTUzODNmNmI5ZDUxMGI3Y2Q0ZTkyMjZjM2NkODgiLCJ0eXAiOiJKV1QifQ.eyJpc3MiOiJodHRwczovL2FjY291bnRzLmdvb2dsZS5jb20iLCJhenAiOiIzMjU1NTk0MDU1OS5hcHBzLmdvb2dsZXVzZXJjb250ZW50LmNvbSIsImF1ZCI6IjMyNTU1OTQwNTU5LmFwcHMuZ29vZ2xldXNlcmNvbnRlbnQuY29tIiwic3ViIjoiMTA0NzU3Njk2MTMwOTc4MTMyNDM4IiwiaGQiOiJjcm93ZHJpZmYuY29tIiwiZW1haWwiOiJicml0dG9uLmplbm5lckBjcm93ZHJpZmYuY29tIiwiZW1haWxfdmVyaWZpZWQiOnRydWUsImF0X2hhc2giOiJ1c05kUmZRQkU0MWRTS1dITlVYb0NRIiwiaWF0IjoxNjUxMTc2NzAzLCJleHAiOjE2NTExODAzMDN9.MYlxJjLwN2YRFStrHdzVAQI6c_2B5aRMkppPz71HOiq8OMXufXneUnFzrKAxeGVsY8S_Wsr0semC7DCDJG50jgJ-iSokbOmzYEM8l2wAFY5uS5YXTDOOYqXf7EwprRz0n387lJvrzEpjrxtrFH0tZwlWYsFXNg4xX8ih19kYHxq862QpdtmQ3rjTd3K8DMhW_GtvxZUUUKuQuKyB3IKFC2HIlVLfgJ5lGUQomwbmdjPCLcl2pgzna629jDdWmsm0fpXUDmoJk5H0QjHyhtiFLrxlIBV4ab9p8FhMad6DJnaF2CYuSeNkrCAUj3t9irT0TtE61RDZtUJ5om6HcTpPzQ",
    "token_expiry": "2022-04-28T21:11:42Z"
  },
  "sentinels": {
    "config_sentinel": "/Users/britton.jenner/.config/gcloud/config_sentinel"
  }
}
2022-04-28 16:11:43,886 INFO     ___FILE_ONLY___ 

2022-04-28 16:11:43,891 DEBUG    root            Metrics reporting process started...
