2022-04-28 19:33:27,526 DEBUG    root            Loaded Command Group: ['gcloud', 'config']
2022-04-28 19:33:27,528 DEBUG    root            Loaded Command Group: ['gcloud', 'config', 'config_helper']
2022-04-28 19:33:27,529 DEBUG    root            Running [gcloud.config.config-helper] with arguments: [--format: "json", --min-expiry: "3600"]
2022-04-28 19:33:27,540 DEBUG    google.auth.transport.requests Making request: POST https://oauth2.googleapis.com/token
2022-04-28 19:33:27,588 DEBUG    urllib3.connectionpool Starting new HTTPS connection (1): oauth2.googleapis.com:443
2022-04-28 19:33:27,698 DEBUG    urllib3.connectionpool https://oauth2.googleapis.com:443 "POST /token HTTP/1.1" 200 None
2022-04-28 19:33:27,699 DEBUG    google.auth.transport.requests Making request: POST https://oauth2.googleapis.com/token
2022-04-28 19:33:27,701 DEBUG    urllib3.connectionpool Starting new HTTPS connection (1): oauth2.googleapis.com:443
2022-04-28 19:33:27,800 DEBUG    urllib3.connectionpool https://oauth2.googleapis.com:443 "POST /token HTTP/1.1" 200 None
2022-04-28 19:33:27,803 INFO     root            Display format: "default json"
2022-04-28 19:33:27,803 INFO     ___FILE_ONLY___ {
  "configuration": {
    "active_configuration": "default",
    "properties": {
      "compute": {
        "zone": "us-central1"
      },
      "core": {
        "account": "britton.jenner@crowdriff.com",
        "disable_usage_reporting": "False",
        "project": "crowdriff-stories-dev"
      }
    }
  },
  "credential": {
    "access_token": "ya29.A0ARrdaM-jnL2P3suD2NdOoRXF5p1Th24iFO5GRLuGp8cR2pwwwX3S-T0i9jjTxYc-29p-C6r_ztoZPfQXw_RHm4zEDuOya_KyKbsWdoScazBJCMzvl4GAqeq54mXqBIrPuhavL0PUNEJRIpNeccgDwrNsQGFrfKPx3aSFPoA",
    "id_token": "eyJhbGciOiJSUzI1NiIsImtpZCI6Ijg2MTY0OWU0NTAzMTUzODNmNmI5ZDUxMGI3Y2Q0ZTkyMjZjM2NkODgiLCJ0eXAiOiJKV1QifQ.eyJpc3MiOiJodHRwczovL2FjY291bnRzLmdvb2dsZS5jb20iLCJhenAiOiIzMjU1NTk0MDU1OS5hcHBzLmdvb2dsZXVzZXJjb250ZW50LmNvbSIsImF1ZCI6IjMyNTU1OTQwNTU5LmFwcHMuZ29vZ2xldXNlcmNvbnRlbnQuY29tIiwic3ViIjoiMTA0NzU3Njk2MTMwOTc4MTMyNDM4IiwiaGQiOiJjcm93ZHJpZmYuY29tIiwiZW1haWwiOiJicml0dG9uLmplbm5lckBjcm93ZHJpZmYuY29tIiwiZW1haWxfdmVyaWZpZWQiOnRydWUsImF0X2hhc2giOiJpeUYyUkwwUFRld2xIWDhWZHRUYnVRIiwiaWF0IjoxNjUxMTg4ODA3LCJleHAiOjE2NTExOTI0MDd9.iWz-V_U83WgRJpzEpsikycQ4Wr0EJzUdwV54S0wpkwxx14EgD6AMNO_IDDks28atCaBafBJzuETKUNJ7lXHc3j9LMqPeyN-cYAUGzD0_4MtFid8xamhgao0QhMc0e1r0BZhdEJNC6Xm4HOwO6GskncbAISgs7Kcmuw6JdbtkkiIxrHmFd_oKjgwCEvGK1nAjpuqxxswJzs7USw9DhqWGoBO1CfPgvf--tG5lgzFAGRXkxzDT8ROl2b9uVkI6wrStikc3fQ3jIU9nOoHk4ySfTproiCSMw_i75YW9eZTC6upR3DB73_vm0YJTlo6-P7CUK11OjREQydmg0Z5rp8czgg",
    "token_expiry": "2022-04-29T00:33:26Z"
  },
  "sentinels": {
    "config_sentinel": "/Users/britton.jenner/.config/gcloud/config_sentinel"
  }
}
2022-04-28 19:33:27,804 INFO     ___FILE_ONLY___ 

2022-04-28 19:33:27,809 DEBUG    root            Metrics reporting process started...
