2022-05-25 11:02:24,212 DEBUG    root            Loaded Command Group: ['gcloud', 'functions']
2022-05-25 11:02:24,254 DEBUG    root            Loaded Command Group: ['gcloud', 'functions', 'deploy']
2022-05-25 11:02:24,263 DEBUG    root            Running [gcloud.functions.deploy] with arguments: [--entry-point: "entrypoint", --env-vars-file: "{'NODE_ENV': 'development', 'NODE_PATH': '.', 'GATEWAY_BASE': 'https://story-network-gateway.derp.website', 'SERVICE_ACCOUNT': 'github-actions@crowdriff-stories-dev.iam.gserviceaccount.com', 'GOOGLE_CLOUD_PROJECT': 'crowdriff-stories-dev', 'PUB_SUB_TOPIC': 'stories-es-sync'}", --memory: "256Mi", --runtime: "nodejs14", --source: "dist/", --timeout: "540", --trigger-topic: "stories-es-sync", NAME: "stories-es-sync"]
2022-05-25 11:02:24,306 DEBUG    urllib3.connectionpool Starting new HTTPS connection (1): cloudfunctions.googleapis.com:443
2022-05-25 11:02:24,631 DEBUG    urllib3.connectionpool https://cloudfunctions.googleapis.com:443 "GET /v1/projects/crowdriff-stories-prod/locations/us-central1/functions/stories-es-sync?alt=json HTTP/1.1" 200 None
2022-05-25 11:02:24,652 INFO     root            Not using ignore file.
2022-05-25 11:02:24,653 INFO     root            Not using ignore file.
2022-05-25 11:02:24,694 DEBUG    urllib3.connectionpool Starting new HTTPS connection (1): cloudfunctions.googleapis.com:443
2022-05-25 11:02:25,226 DEBUG    urllib3.connectionpool https://cloudfunctions.googleapis.com:443 "POST /v1/projects/crowdriff-stories-prod/locations/us-central1/functions:generateUploadUrl?alt=json HTTP/1.1" 200 None
2022-05-25 11:02:25,278 DEBUG    urllib3.connectionpool Starting new HTTPS connection (1): storage.googleapis.com:443
2022-05-25 11:02:25,581 DEBUG    urllib3.connectionpool https://storage.googleapis.com:443 "PUT /uploads-447683951867.us-central1.cloudfunctions.appspot.com/284a7c0a-972c-4115-826b-577f2a5d34f8.zip?GoogleAccessId=service-844241651460%40gcf-admin-robot.iam.gserviceaccount.com&Expires=1653492745&Signature=D6CSZCkhjLagKuWXGPPlr0H2k3YPjUWYc3Jc8KoLNq8ubbRGCyckjyCEkkKM4bcWq7km12eXL%2BYfsYBnM5RqoD9rcPF2VdsoJKKXIIulFcXnb0sbSEF0GOHg44deoR%2FAwEonDEqScQGVY%2Fb4QTp1geDkKM7Z46zDzEe8u2Ni%2Fy1j9xOgwg%2FYBIivrmtYHKJllqB8e%2FVMFHnCSMLmoog6WpMh9womZc0xdnXzUVdJN3P8dabafDZpu59eUooWQbIHBfuCwsANAoojUOPldj%2FiapzOCYexcmPTvQC2GPqVjoKZromT%2FUP74jdhLXBIWb2WPemUsX93ov5t8oNQJ9H4ow%3D%3D HTTP/1.1" 200 0
2022-05-25 11:02:25,595 DEBUG    urllib3.connectionpool Starting new HTTPS connection (1): cloudfunctions.googleapis.com:443
2022-05-25 11:02:25,981 DEBUG    urllib3.connectionpool https://cloudfunctions.googleapis.com:443 "PATCH /v1/projects/crowdriff-stories-prod/locations/us-central1/functions/stories-es-sync?alt=json&updateMask=availableMemoryMb%2CentryPoint%2CenvironmentVariables%2CeventTrigger%2ChttpsTrigger%2Cruntime%2CsourceUploadUrl%2Ctimeout HTTP/1.1" 200 None
2022-05-25 11:02:25,989 INFO     ___FILE_ONLY___ Deploying function (may take a while - up to 2 minutes)...
2022-05-25 11:02:25,992 DEBUG    urllib3.connectionpool Starting new HTTPS connection (1): cloudfunctions.googleapis.com:443
2022-05-25 11:02:26,176 DEBUG    urllib3.connectionpool https://cloudfunctions.googleapis.com:443 "GET /v1/operations/Y3Jvd2RyaWZmLXN0b3JpZXMtcHJvZC91cy1jZW50cmFsMS9zdG9yaWVzLWVzLXN5bmMva0ZVSE4xUWY2N2s?alt=json HTTP/1.1" 200 None
2022-05-25 11:02:27,810 DEBUG    urllib3.connectionpool https://cloudfunctions.googleapis.com:443 "GET /v1/operations/Y3Jvd2RyaWZmLXN0b3JpZXMtcHJvZC91cy1jZW50cmFsMS9zdG9yaWVzLWVzLXN5bmMva0ZVSE4xUWY2N2s?alt=json HTTP/1.1" 200 None
2022-05-25 11:02:27,822 INFO     ___FILE_ONLY___ 
For Cloud Build Logs, visit: https://console.cloud.google.com/cloud-build/builds;region=us-central1/72b418d8-16d5-46a3-b65b-e268f3156fd3?project=844241651460

2022-05-25 11:02:29,083 DEBUG    urllib3.connectionpool https://cloudfunctions.googleapis.com:443 "GET /v1/operations/Y3Jvd2RyaWZmLXN0b3JpZXMtcHJvZC91cy1jZW50cmFsMS9zdG9yaWVzLWVzLXN5bmMva0ZVSE4xUWY2N2s?alt=json HTTP/1.1" 200 None
2022-05-25 11:02:30,765 DEBUG    urllib3.connectionpool https://cloudfunctions.googleapis.com:443 "GET /v1/operations/Y3Jvd2RyaWZmLXN0b3JpZXMtcHJvZC91cy1jZW50cmFsMS9zdG9yaWVzLWVzLXN5bmMva0ZVSE4xUWY2N2s?alt=json HTTP/1.1" 200 None
2022-05-25 11:02:32,864 DEBUG    urllib3.connectionpool https://cloudfunctions.googleapis.com:443 "GET /v1/operations/Y3Jvd2RyaWZmLXN0b3JpZXMtcHJvZC91cy1jZW50cmFsMS9zdG9yaWVzLWVzLXN5bmMva0ZVSE4xUWY2N2s?alt=json HTTP/1.1" 200 None
2022-05-25 11:02:34,426 DEBUG    urllib3.connectionpool https://cloudfunctions.googleapis.com:443 "GET /v1/operations/Y3Jvd2RyaWZmLXN0b3JpZXMtcHJvZC91cy1jZW50cmFsMS9zdG9yaWVzLWVzLXN5bmMva0ZVSE4xUWY2N2s?alt=json HTTP/1.1" 200 None
2022-05-25 11:02:36,059 DEBUG    urllib3.connectionpool https://cloudfunctions.googleapis.com:443 "GET /v1/operations/Y3Jvd2RyaWZmLXN0b3JpZXMtcHJvZC91cy1jZW50cmFsMS9zdG9yaWVzLWVzLXN5bmMva0ZVSE4xUWY2N2s?alt=json HTTP/1.1" 200 None
2022-05-25 11:02:37,742 DEBUG    urllib3.connectionpool https://cloudfunctions.googleapis.com:443 "GET /v1/operations/Y3Jvd2RyaWZmLXN0b3JpZXMtcHJvZC91cy1jZW50cmFsMS9zdG9yaWVzLWVzLXN5bmMva0ZVSE4xUWY2N2s?alt=json HTTP/1.1" 200 None
2022-05-25 11:02:39,600 DEBUG    urllib3.connectionpool https://cloudfunctions.googleapis.com:443 "GET /v1/operations/Y3Jvd2RyaWZmLXN0b3JpZXMtcHJvZC91cy1jZW50cmFsMS9zdG9yaWVzLWVzLXN5bmMva0ZVSE4xUWY2N2s?alt=json HTTP/1.1" 200 None
2022-05-25 11:02:41,532 DEBUG    urllib3.connectionpool https://cloudfunctions.googleapis.com:443 "GET /v1/operations/Y3Jvd2RyaWZmLXN0b3JpZXMtcHJvZC91cy1jZW50cmFsMS9zdG9yaWVzLWVzLXN5bmMva0ZVSE4xUWY2N2s?alt=json HTTP/1.1" 200 None
2022-05-25 11:02:42,933 DEBUG    urllib3.connectionpool https://cloudfunctions.googleapis.com:443 "GET /v1/operations/Y3Jvd2RyaWZmLXN0b3JpZXMtcHJvZC91cy1jZW50cmFsMS9zdG9yaWVzLWVzLXN5bmMva0ZVSE4xUWY2N2s?alt=json HTTP/1.1" 200 None
2022-05-25 11:02:45,044 DEBUG    urllib3.connectionpool https://cloudfunctions.googleapis.com:443 "GET /v1/operations/Y3Jvd2RyaWZmLXN0b3JpZXMtcHJvZC91cy1jZW50cmFsMS9zdG9yaWVzLWVzLXN5bmMva0ZVSE4xUWY2N2s?alt=json HTTP/1.1" 200 None
2022-05-25 11:02:47,131 DEBUG    urllib3.connectionpool https://cloudfunctions.googleapis.com:443 "GET /v1/operations/Y3Jvd2RyaWZmLXN0b3JpZXMtcHJvZC91cy1jZW50cmFsMS9zdG9yaWVzLWVzLXN5bmMva0ZVSE4xUWY2N2s?alt=json HTTP/1.1" 200 None
2022-05-25 11:02:48,932 DEBUG    urllib3.connectionpool https://cloudfunctions.googleapis.com:443 "GET /v1/operations/Y3Jvd2RyaWZmLXN0b3JpZXMtcHJvZC91cy1jZW50cmFsMS9zdG9yaWVzLWVzLXN5bmMva0ZVSE4xUWY2N2s?alt=json HTTP/1.1" 200 None
2022-05-25 11:02:50,684 DEBUG    urllib3.connectionpool https://cloudfunctions.googleapis.com:443 "GET /v1/operations/Y3Jvd2RyaWZmLXN0b3JpZXMtcHJvZC91cy1jZW50cmFsMS9zdG9yaWVzLWVzLXN5bmMva0ZVSE4xUWY2N2s?alt=json HTTP/1.1" 200 None
2022-05-25 11:02:52,438 DEBUG    urllib3.connectionpool https://cloudfunctions.googleapis.com:443 "GET /v1/operations/Y3Jvd2RyaWZmLXN0b3JpZXMtcHJvZC91cy1jZW50cmFsMS9zdG9yaWVzLWVzLXN5bmMva0ZVSE4xUWY2N2s?alt=json HTTP/1.1" 200 None
2022-05-25 11:02:54,053 DEBUG    urllib3.connectionpool https://cloudfunctions.googleapis.com:443 "GET /v1/operations/Y3Jvd2RyaWZmLXN0b3JpZXMtcHJvZC91cy1jZW50cmFsMS9zdG9yaWVzLWVzLXN5bmMva0ZVSE4xUWY2N2s?alt=json HTTP/1.1" 200 None
2022-05-25 11:02:55,299 DEBUG    urllib3.connectionpool https://cloudfunctions.googleapis.com:443 "GET /v1/operations/Y3Jvd2RyaWZmLXN0b3JpZXMtcHJvZC91cy1jZW50cmFsMS9zdG9yaWVzLWVzLXN5bmMva0ZVSE4xUWY2N2s?alt=json HTTP/1.1" 200 None
2022-05-25 11:02:56,606 DEBUG    urllib3.connectionpool https://cloudfunctions.googleapis.com:443 "GET /v1/operations/Y3Jvd2RyaWZmLXN0b3JpZXMtcHJvZC91cy1jZW50cmFsMS9zdG9yaWVzLWVzLXN5bmMva0ZVSE4xUWY2N2s?alt=json HTTP/1.1" 200 None
2022-05-25 11:02:57,966 DEBUG    urllib3.connectionpool https://cloudfunctions.googleapis.com:443 "GET /v1/operations/Y3Jvd2RyaWZmLXN0b3JpZXMtcHJvZC91cy1jZW50cmFsMS9zdG9yaWVzLWVzLXN5bmMva0ZVSE4xUWY2N2s?alt=json HTTP/1.1" 200 None
2022-05-25 11:02:59,849 DEBUG    urllib3.connectionpool https://cloudfunctions.googleapis.com:443 "GET /v1/operations/Y3Jvd2RyaWZmLXN0b3JpZXMtcHJvZC91cy1jZW50cmFsMS9zdG9yaWVzLWVzLXN5bmMva0ZVSE4xUWY2N2s?alt=json HTTP/1.1" 200 None
2022-05-25 11:03:01,492 DEBUG    urllib3.connectionpool https://cloudfunctions.googleapis.com:443 "GET /v1/operations/Y3Jvd2RyaWZmLXN0b3JpZXMtcHJvZC91cy1jZW50cmFsMS9zdG9yaWVzLWVzLXN5bmMva0ZVSE4xUWY2N2s?alt=json HTTP/1.1" 200 None
2022-05-25 11:03:02,865 DEBUG    urllib3.connectionpool https://cloudfunctions.googleapis.com:443 "GET /v1/operations/Y3Jvd2RyaWZmLXN0b3JpZXMtcHJvZC91cy1jZW50cmFsMS9zdG9yaWVzLWVzLXN5bmMva0ZVSE4xUWY2N2s?alt=json HTTP/1.1" 200 None
2022-05-25 11:03:04,797 DEBUG    urllib3.connectionpool https://cloudfunctions.googleapis.com:443 "GET /v1/operations/Y3Jvd2RyaWZmLXN0b3JpZXMtcHJvZC91cy1jZW50cmFsMS9zdG9yaWVzLWVzLXN5bmMva0ZVSE4xUWY2N2s?alt=json HTTP/1.1" 200 None
2022-05-25 11:03:06,594 DEBUG    urllib3.connectionpool https://cloudfunctions.googleapis.com:443 "GET /v1/operations/Y3Jvd2RyaWZmLXN0b3JpZXMtcHJvZC91cy1jZW50cmFsMS9zdG9yaWVzLWVzLXN5bmMva0ZVSE4xUWY2N2s?alt=json HTTP/1.1" 200 None
2022-05-25 11:03:07,769 DEBUG    urllib3.connectionpool https://cloudfunctions.googleapis.com:443 "GET /v1/operations/Y3Jvd2RyaWZmLXN0b3JpZXMtcHJvZC91cy1jZW50cmFsMS9zdG9yaWVzLWVzLXN5bmMva0ZVSE4xUWY2N2s?alt=json HTTP/1.1" 200 None
2022-05-25 11:03:09,643 DEBUG    urllib3.connectionpool https://cloudfunctions.googleapis.com:443 "GET /v1/operations/Y3Jvd2RyaWZmLXN0b3JpZXMtcHJvZC91cy1jZW50cmFsMS9zdG9yaWVzLWVzLXN5bmMva0ZVSE4xUWY2N2s?alt=json HTTP/1.1" 200 None
2022-05-25 11:03:11,630 DEBUG    urllib3.connectionpool https://cloudfunctions.googleapis.com:443 "GET /v1/operations/Y3Jvd2RyaWZmLXN0b3JpZXMtcHJvZC91cy1jZW50cmFsMS9zdG9yaWVzLWVzLXN5bmMva0ZVSE4xUWY2N2s?alt=json HTTP/1.1" 200 None
2022-05-25 11:03:12,894 DEBUG    urllib3.connectionpool https://cloudfunctions.googleapis.com:443 "GET /v1/operations/Y3Jvd2RyaWZmLXN0b3JpZXMtcHJvZC91cy1jZW50cmFsMS9zdG9yaWVzLWVzLXN5bmMva0ZVSE4xUWY2N2s?alt=json HTTP/1.1" 200 None
2022-05-25 11:03:14,411 DEBUG    urllib3.connectionpool https://cloudfunctions.googleapis.com:443 "GET /v1/operations/Y3Jvd2RyaWZmLXN0b3JpZXMtcHJvZC91cy1jZW50cmFsMS9zdG9yaWVzLWVzLXN5bmMva0ZVSE4xUWY2N2s?alt=json HTTP/1.1" 200 None
2022-05-25 11:03:15,688 DEBUG    urllib3.connectionpool https://cloudfunctions.googleapis.com:443 "GET /v1/operations/Y3Jvd2RyaWZmLXN0b3JpZXMtcHJvZC91cy1jZW50cmFsMS9zdG9yaWVzLWVzLXN5bmMva0ZVSE4xUWY2N2s?alt=json HTTP/1.1" 200 None
2022-05-25 11:03:16,998 DEBUG    urllib3.connectionpool https://cloudfunctions.googleapis.com:443 "GET /v1/operations/Y3Jvd2RyaWZmLXN0b3JpZXMtcHJvZC91cy1jZW50cmFsMS9zdG9yaWVzLWVzLXN5bmMva0ZVSE4xUWY2N2s?alt=json HTTP/1.1" 200 None
2022-05-25 11:03:19,031 DEBUG    urllib3.connectionpool https://cloudfunctions.googleapis.com:443 "GET /v1/operations/Y3Jvd2RyaWZmLXN0b3JpZXMtcHJvZC91cy1jZW50cmFsMS9zdG9yaWVzLWVzLXN5bmMva0ZVSE4xUWY2N2s?alt=json HTTP/1.1" 200 None
2022-05-25 11:03:20,601 DEBUG    urllib3.connectionpool https://cloudfunctions.googleapis.com:443 "GET /v1/operations/Y3Jvd2RyaWZmLXN0b3JpZXMtcHJvZC91cy1jZW50cmFsMS9zdG9yaWVzLWVzLXN5bmMva0ZVSE4xUWY2N2s?alt=json HTTP/1.1" 200 None
2022-05-25 11:03:22,245 DEBUG    urllib3.connectionpool https://cloudfunctions.googleapis.com:443 "GET /v1/operations/Y3Jvd2RyaWZmLXN0b3JpZXMtcHJvZC91cy1jZW50cmFsMS9zdG9yaWVzLWVzLXN5bmMva0ZVSE4xUWY2N2s?alt=json HTTP/1.1" 200 None
2022-05-25 11:03:23,998 DEBUG    urllib3.connectionpool https://cloudfunctions.googleapis.com:443 "GET /v1/operations/Y3Jvd2RyaWZmLXN0b3JpZXMtcHJvZC91cy1jZW50cmFsMS9zdG9yaWVzLWVzLXN5bmMva0ZVSE4xUWY2N2s?alt=json HTTP/1.1" 200 None
2022-05-25 11:03:25,300 DEBUG    urllib3.connectionpool https://cloudfunctions.googleapis.com:443 "GET /v1/operations/Y3Jvd2RyaWZmLXN0b3JpZXMtcHJvZC91cy1jZW50cmFsMS9zdG9yaWVzLWVzLXN5bmMva0ZVSE4xUWY2N2s?alt=json HTTP/1.1" 200 None
2022-05-25 11:03:27,621 DEBUG    urllib3.connectionpool https://cloudfunctions.googleapis.com:443 "GET /v1/operations/Y3Jvd2RyaWZmLXN0b3JpZXMtcHJvZC91cy1jZW50cmFsMS9zdG9yaWVzLWVzLXN5bmMva0ZVSE4xUWY2N2s?alt=json HTTP/1.1" 200 None
2022-05-25 11:03:29,609 DEBUG    urllib3.connectionpool https://cloudfunctions.googleapis.com:443 "GET /v1/operations/Y3Jvd2RyaWZmLXN0b3JpZXMtcHJvZC91cy1jZW50cmFsMS9zdG9yaWVzLWVzLXN5bmMva0ZVSE4xUWY2N2s?alt=json HTTP/1.1" 200 None
2022-05-25 11:03:31,693 DEBUG    urllib3.connectionpool https://cloudfunctions.googleapis.com:443 "GET /v1/operations/Y3Jvd2RyaWZmLXN0b3JpZXMtcHJvZC91cy1jZW50cmFsMS9zdG9yaWVzLWVzLXN5bmMva0ZVSE4xUWY2N2s?alt=json HTTP/1.1" 200 None
2022-05-25 11:03:33,707 DEBUG    urllib3.connectionpool https://cloudfunctions.googleapis.com:443 "GET /v1/operations/Y3Jvd2RyaWZmLXN0b3JpZXMtcHJvZC91cy1jZW50cmFsMS9zdG9yaWVzLWVzLXN5bmMva0ZVSE4xUWY2N2s?alt=json HTTP/1.1" 200 None
2022-05-25 11:03:35,265 DEBUG    urllib3.connectionpool https://cloudfunctions.googleapis.com:443 "GET /v1/operations/Y3Jvd2RyaWZmLXN0b3JpZXMtcHJvZC91cy1jZW50cmFsMS9zdG9yaWVzLWVzLXN5bmMva0ZVSE4xUWY2N2s?alt=json HTTP/1.1" 200 None
2022-05-25 11:03:37,354 DEBUG    urllib3.connectionpool https://cloudfunctions.googleapis.com:443 "GET /v1/operations/Y3Jvd2RyaWZmLXN0b3JpZXMtcHJvZC91cy1jZW50cmFsMS9zdG9yaWVzLWVzLXN5bmMva0ZVSE4xUWY2N2s?alt=json HTTP/1.1" 200 None
2022-05-25 11:03:38,514 DEBUG    urllib3.connectionpool https://cloudfunctions.googleapis.com:443 "GET /v1/operations/Y3Jvd2RyaWZmLXN0b3JpZXMtcHJvZC91cy1jZW50cmFsMS9zdG9yaWVzLWVzLXN5bmMva0ZVSE4xUWY2N2s?alt=json HTTP/1.1" 200 None
2022-05-25 11:03:39,747 DEBUG    urllib3.connectionpool https://cloudfunctions.googleapis.com:443 "GET /v1/operations/Y3Jvd2RyaWZmLXN0b3JpZXMtcHJvZC91cy1jZW50cmFsMS9zdG9yaWVzLWVzLXN5bmMva0ZVSE4xUWY2N2s?alt=json HTTP/1.1" 200 None
2022-05-25 11:03:41,480 DEBUG    urllib3.connectionpool https://cloudfunctions.googleapis.com:443 "GET /v1/operations/Y3Jvd2RyaWZmLXN0b3JpZXMtcHJvZC91cy1jZW50cmFsMS9zdG9yaWVzLWVzLXN5bmMva0ZVSE4xUWY2N2s?alt=json HTTP/1.1" 200 None
2022-05-25 11:03:43,081 DEBUG    urllib3.connectionpool https://cloudfunctions.googleapis.com:443 "GET /v1/operations/Y3Jvd2RyaWZmLXN0b3JpZXMtcHJvZC91cy1jZW50cmFsMS9zdG9yaWVzLWVzLXN5bmMva0ZVSE4xUWY2N2s?alt=json HTTP/1.1" 200 None
2022-05-25 11:03:44,785 DEBUG    urllib3.connectionpool https://cloudfunctions.googleapis.com:443 "GET /v1/operations/Y3Jvd2RyaWZmLXN0b3JpZXMtcHJvZC91cy1jZW50cmFsMS9zdG9yaWVzLWVzLXN5bmMva0ZVSE4xUWY2N2s?alt=json HTTP/1.1" 200 None
2022-05-25 11:03:46,000 DEBUG    urllib3.connectionpool https://cloudfunctions.googleapis.com:443 "GET /v1/operations/Y3Jvd2RyaWZmLXN0b3JpZXMtcHJvZC91cy1jZW50cmFsMS9zdG9yaWVzLWVzLXN5bmMva0ZVSE4xUWY2N2s?alt=json HTTP/1.1" 200 None
2022-05-25 11:03:47,981 DEBUG    urllib3.connectionpool https://cloudfunctions.googleapis.com:443 "GET /v1/operations/Y3Jvd2RyaWZmLXN0b3JpZXMtcHJvZC91cy1jZW50cmFsMS9zdG9yaWVzLWVzLXN5bmMva0ZVSE4xUWY2N2s?alt=json HTTP/1.1" 200 None
2022-05-25 11:03:50,070 DEBUG    urllib3.connectionpool https://cloudfunctions.googleapis.com:443 "GET /v1/operations/Y3Jvd2RyaWZmLXN0b3JpZXMtcHJvZC91cy1jZW50cmFsMS9zdG9yaWVzLWVzLXN5bmMva0ZVSE4xUWY2N2s?alt=json HTTP/1.1" 200 None
2022-05-25 11:03:51,197 DEBUG    urllib3.connectionpool https://cloudfunctions.googleapis.com:443 "GET /v1/operations/Y3Jvd2RyaWZmLXN0b3JpZXMtcHJvZC91cy1jZW50cmFsMS9zdG9yaWVzLWVzLXN5bmMva0ZVSE4xUWY2N2s?alt=json HTTP/1.1" 200 None
2022-05-25 11:03:53,199 DEBUG    urllib3.connectionpool https://cloudfunctions.googleapis.com:443 "GET /v1/operations/Y3Jvd2RyaWZmLXN0b3JpZXMtcHJvZC91cy1jZW50cmFsMS9zdG9yaWVzLWVzLXN5bmMva0ZVSE4xUWY2N2s?alt=json HTTP/1.1" 200 None
2022-05-25 11:03:55,188 DEBUG    urllib3.connectionpool https://cloudfunctions.googleapis.com:443 "GET /v1/operations/Y3Jvd2RyaWZmLXN0b3JpZXMtcHJvZC91cy1jZW50cmFsMS9zdG9yaWVzLWVzLXN5bmMva0ZVSE4xUWY2N2s?alt=json HTTP/1.1" 200 None
2022-05-25 11:03:56,824 DEBUG    urllib3.connectionpool https://cloudfunctions.googleapis.com:443 "GET /v1/operations/Y3Jvd2RyaWZmLXN0b3JpZXMtcHJvZC91cy1jZW50cmFsMS9zdG9yaWVzLWVzLXN5bmMva0ZVSE4xUWY2N2s?alt=json HTTP/1.1" 200 None
2022-05-25 11:03:58,736 DEBUG    urllib3.connectionpool https://cloudfunctions.googleapis.com:443 "GET /v1/operations/Y3Jvd2RyaWZmLXN0b3JpZXMtcHJvZC91cy1jZW50cmFsMS9zdG9yaWVzLWVzLXN5bmMva0ZVSE4xUWY2N2s?alt=json HTTP/1.1" 200 None
2022-05-25 11:04:00,673 DEBUG    urllib3.connectionpool https://cloudfunctions.googleapis.com:443 "GET /v1/operations/Y3Jvd2RyaWZmLXN0b3JpZXMtcHJvZC91cy1jZW50cmFsMS9zdG9yaWVzLWVzLXN5bmMva0ZVSE4xUWY2N2s?alt=json HTTP/1.1" 200 None
2022-05-25 11:04:02,542 DEBUG    urllib3.connectionpool https://cloudfunctions.googleapis.com:443 "GET /v1/operations/Y3Jvd2RyaWZmLXN0b3JpZXMtcHJvZC91cy1jZW50cmFsMS9zdG9yaWVzLWVzLXN5bmMva0ZVSE4xUWY2N2s?alt=json HTTP/1.1" 200 None
2022-05-25 11:04:03,841 DEBUG    urllib3.connectionpool https://cloudfunctions.googleapis.com:443 "GET /v1/operations/Y3Jvd2RyaWZmLXN0b3JpZXMtcHJvZC91cy1jZW50cmFsMS9zdG9yaWVzLWVzLXN5bmMva0ZVSE4xUWY2N2s?alt=json HTTP/1.1" 200 None
2022-05-25 11:04:05,204 DEBUG    urllib3.connectionpool https://cloudfunctions.googleapis.com:443 "GET /v1/operations/Y3Jvd2RyaWZmLXN0b3JpZXMtcHJvZC91cy1jZW50cmFsMS9zdG9yaWVzLWVzLXN5bmMva0ZVSE4xUWY2N2s?alt=json HTTP/1.1" 200 None
2022-05-25 11:04:07,069 DEBUG    urllib3.connectionpool https://cloudfunctions.googleapis.com:443 "GET /v1/operations/Y3Jvd2RyaWZmLXN0b3JpZXMtcHJvZC91cy1jZW50cmFsMS9zdG9yaWVzLWVzLXN5bmMva0ZVSE4xUWY2N2s?alt=json HTTP/1.1" 200 None
2022-05-25 11:04:08,842 DEBUG    urllib3.connectionpool https://cloudfunctions.googleapis.com:443 "GET /v1/operations/Y3Jvd2RyaWZmLXN0b3JpZXMtcHJvZC91cy1jZW50cmFsMS9zdG9yaWVzLWVzLXN5bmMva0ZVSE4xUWY2N2s?alt=json HTTP/1.1" 200 None
2022-05-25 11:04:10,182 DEBUG    urllib3.connectionpool https://cloudfunctions.googleapis.com:443 "GET /v1/operations/Y3Jvd2RyaWZmLXN0b3JpZXMtcHJvZC91cy1jZW50cmFsMS9zdG9yaWVzLWVzLXN5bmMva0ZVSE4xUWY2N2s?alt=json HTTP/1.1" 200 None
2022-05-25 11:04:12,001 DEBUG    urllib3.connectionpool https://cloudfunctions.googleapis.com:443 "GET /v1/operations/Y3Jvd2RyaWZmLXN0b3JpZXMtcHJvZC91cy1jZW50cmFsMS9zdG9yaWVzLWVzLXN5bmMva0ZVSE4xUWY2N2s?alt=json HTTP/1.1" 200 None
2022-05-25 11:04:13,328 DEBUG    urllib3.connectionpool https://cloudfunctions.googleapis.com:443 "GET /v1/operations/Y3Jvd2RyaWZmLXN0b3JpZXMtcHJvZC91cy1jZW50cmFsMS9zdG9yaWVzLWVzLXN5bmMva0ZVSE4xUWY2N2s?alt=json HTTP/1.1" 200 None
2022-05-25 11:04:15,082 DEBUG    urllib3.connectionpool https://cloudfunctions.googleapis.com:443 "GET /v1/operations/Y3Jvd2RyaWZmLXN0b3JpZXMtcHJvZC91cy1jZW50cmFsMS9zdG9yaWVzLWVzLXN5bmMva0ZVSE4xUWY2N2s?alt=json HTTP/1.1" 200 None
2022-05-25 11:04:16,745 DEBUG    urllib3.connectionpool https://cloudfunctions.googleapis.com:443 "GET /v1/operations/Y3Jvd2RyaWZmLXN0b3JpZXMtcHJvZC91cy1jZW50cmFsMS9zdG9yaWVzLWVzLXN5bmMva0ZVSE4xUWY2N2s?alt=json HTTP/1.1" 200 None
2022-05-25 11:04:18,191 DEBUG    urllib3.connectionpool https://cloudfunctions.googleapis.com:443 "GET /v1/operations/Y3Jvd2RyaWZmLXN0b3JpZXMtcHJvZC91cy1jZW50cmFsMS9zdG9yaWVzLWVzLXN5bmMva0ZVSE4xUWY2N2s?alt=json HTTP/1.1" 200 None
2022-05-25 11:04:20,027 DEBUG    urllib3.connectionpool https://cloudfunctions.googleapis.com:443 "GET /v1/operations/Y3Jvd2RyaWZmLXN0b3JpZXMtcHJvZC91cy1jZW50cmFsMS9zdG9yaWVzLWVzLXN5bmMva0ZVSE4xUWY2N2s?alt=json HTTP/1.1" 200 None
2022-05-25 11:04:21,858 DEBUG    urllib3.connectionpool https://cloudfunctions.googleapis.com:443 "GET /v1/operations/Y3Jvd2RyaWZmLXN0b3JpZXMtcHJvZC91cy1jZW50cmFsMS9zdG9yaWVzLWVzLXN5bmMva0ZVSE4xUWY2N2s?alt=json HTTP/1.1" 200 None
2022-05-25 11:04:23,854 DEBUG    urllib3.connectionpool https://cloudfunctions.googleapis.com:443 "GET /v1/operations/Y3Jvd2RyaWZmLXN0b3JpZXMtcHJvZC91cy1jZW50cmFsMS9zdG9yaWVzLWVzLXN5bmMva0ZVSE4xUWY2N2s?alt=json HTTP/1.1" 200 None
2022-05-25 11:04:25,615 DEBUG    urllib3.connectionpool https://cloudfunctions.googleapis.com:443 "GET /v1/operations/Y3Jvd2RyaWZmLXN0b3JpZXMtcHJvZC91cy1jZW50cmFsMS9zdG9yaWVzLWVzLXN5bmMva0ZVSE4xUWY2N2s?alt=json HTTP/1.1" 200 None
2022-05-25 11:04:26,897 DEBUG    urllib3.connectionpool https://cloudfunctions.googleapis.com:443 "GET /v1/operations/Y3Jvd2RyaWZmLXN0b3JpZXMtcHJvZC91cy1jZW50cmFsMS9zdG9yaWVzLWVzLXN5bmMva0ZVSE4xUWY2N2s?alt=json HTTP/1.1" 200 None
2022-05-25 11:04:28,453 DEBUG    urllib3.connectionpool https://cloudfunctions.googleapis.com:443 "GET /v1/operations/Y3Jvd2RyaWZmLXN0b3JpZXMtcHJvZC91cy1jZW50cmFsMS9zdG9yaWVzLWVzLXN5bmMva0ZVSE4xUWY2N2s?alt=json HTTP/1.1" 200 None
2022-05-25 11:04:30,428 DEBUG    urllib3.connectionpool https://cloudfunctions.googleapis.com:443 "GET /v1/operations/Y3Jvd2RyaWZmLXN0b3JpZXMtcHJvZC91cy1jZW50cmFsMS9zdG9yaWVzLWVzLXN5bmMva0ZVSE4xUWY2N2s?alt=json HTTP/1.1" 200 None
2022-05-25 11:04:32,153 DEBUG    urllib3.connectionpool https://cloudfunctions.googleapis.com:443 "GET /v1/operations/Y3Jvd2RyaWZmLXN0b3JpZXMtcHJvZC91cy1jZW50cmFsMS9zdG9yaWVzLWVzLXN5bmMva0ZVSE4xUWY2N2s?alt=json HTTP/1.1" 200 None
2022-05-25 11:04:33,446 DEBUG    urllib3.connectionpool https://cloudfunctions.googleapis.com:443 "GET /v1/operations/Y3Jvd2RyaWZmLXN0b3JpZXMtcHJvZC91cy1jZW50cmFsMS9zdG9yaWVzLWVzLXN5bmMva0ZVSE4xUWY2N2s?alt=json HTTP/1.1" 200 None
2022-05-25 11:04:34,954 DEBUG    urllib3.connectionpool https://cloudfunctions.googleapis.com:443 "GET /v1/operations/Y3Jvd2RyaWZmLXN0b3JpZXMtcHJvZC91cy1jZW50cmFsMS9zdG9yaWVzLWVzLXN5bmMva0ZVSE4xUWY2N2s?alt=json HTTP/1.1" 200 None
2022-05-25 11:04:36,516 DEBUG    urllib3.connectionpool https://cloudfunctions.googleapis.com:443 "GET /v1/operations/Y3Jvd2RyaWZmLXN0b3JpZXMtcHJvZC91cy1jZW50cmFsMS9zdG9yaWVzLWVzLXN5bmMva0ZVSE4xUWY2N2s?alt=json HTTP/1.1" 200 None
2022-05-25 11:04:37,904 DEBUG    urllib3.connectionpool https://cloudfunctions.googleapis.com:443 "GET /v1/operations/Y3Jvd2RyaWZmLXN0b3JpZXMtcHJvZC91cy1jZW50cmFsMS9zdG9yaWVzLWVzLXN5bmMva0ZVSE4xUWY2N2s?alt=json HTTP/1.1" 200 None
2022-05-25 11:04:40,002 DEBUG    urllib3.connectionpool https://cloudfunctions.googleapis.com:443 "GET /v1/operations/Y3Jvd2RyaWZmLXN0b3JpZXMtcHJvZC91cy1jZW50cmFsMS9zdG9yaWVzLWVzLXN5bmMva0ZVSE4xUWY2N2s?alt=json HTTP/1.1" 200 None
2022-05-25 11:04:41,967 DEBUG    urllib3.connectionpool https://cloudfunctions.googleapis.com:443 "GET /v1/operations/Y3Jvd2RyaWZmLXN0b3JpZXMtcHJvZC91cy1jZW50cmFsMS9zdG9yaWVzLWVzLXN5bmMva0ZVSE4xUWY2N2s?alt=json HTTP/1.1" 200 None
2022-05-25 11:04:43,434 DEBUG    urllib3.connectionpool https://cloudfunctions.googleapis.com:443 "GET /v1/operations/Y3Jvd2RyaWZmLXN0b3JpZXMtcHJvZC91cy1jZW50cmFsMS9zdG9yaWVzLWVzLXN5bmMva0ZVSE4xUWY2N2s?alt=json HTTP/1.1" 200 None
2022-05-25 11:04:45,186 DEBUG    urllib3.connectionpool https://cloudfunctions.googleapis.com:443 "GET /v1/operations/Y3Jvd2RyaWZmLXN0b3JpZXMtcHJvZC91cy1jZW50cmFsMS9zdG9yaWVzLWVzLXN5bmMva0ZVSE4xUWY2N2s?alt=json HTTP/1.1" 200 None
2022-05-25 11:04:46,828 DEBUG    urllib3.connectionpool https://cloudfunctions.googleapis.com:443 "GET /v1/operations/Y3Jvd2RyaWZmLXN0b3JpZXMtcHJvZC91cy1jZW50cmFsMS9zdG9yaWVzLWVzLXN5bmMva0ZVSE4xUWY2N2s?alt=json HTTP/1.1" 200 None
2022-05-25 11:04:48,844 DEBUG    urllib3.connectionpool https://cloudfunctions.googleapis.com:443 "GET /v1/operations/Y3Jvd2RyaWZmLXN0b3JpZXMtcHJvZC91cy1jZW50cmFsMS9zdG9yaWVzLWVzLXN5bmMva0ZVSE4xUWY2N2s?alt=json HTTP/1.1" 200 None
2022-05-25 11:04:50,431 DEBUG    urllib3.connectionpool https://cloudfunctions.googleapis.com:443 "GET /v1/operations/Y3Jvd2RyaWZmLXN0b3JpZXMtcHJvZC91cy1jZW50cmFsMS9zdG9yaWVzLWVzLXN5bmMva0ZVSE4xUWY2N2s?alt=json HTTP/1.1" 200 None
2022-05-25 11:04:52,351 DEBUG    urllib3.connectionpool https://cloudfunctions.googleapis.com:443 "GET /v1/operations/Y3Jvd2RyaWZmLXN0b3JpZXMtcHJvZC91cy1jZW50cmFsMS9zdG9yaWVzLWVzLXN5bmMva0ZVSE4xUWY2N2s?alt=json HTTP/1.1" 200 None
2022-05-25 11:04:54,147 DEBUG    urllib3.connectionpool https://cloudfunctions.googleapis.com:443 "GET /v1/operations/Y3Jvd2RyaWZmLXN0b3JpZXMtcHJvZC91cy1jZW50cmFsMS9zdG9yaWVzLWVzLXN5bmMva0ZVSE4xUWY2N2s?alt=json HTTP/1.1" 200 None
2022-05-25 11:04:55,616 DEBUG    urllib3.connectionpool https://cloudfunctions.googleapis.com:443 "GET /v1/operations/Y3Jvd2RyaWZmLXN0b3JpZXMtcHJvZC91cy1jZW50cmFsMS9zdG9yaWVzLWVzLXN5bmMva0ZVSE4xUWY2N2s?alt=json HTTP/1.1" 200 None
2022-05-25 11:04:57,513 DEBUG    urllib3.connectionpool https://cloudfunctions.googleapis.com:443 "GET /v1/operations/Y3Jvd2RyaWZmLXN0b3JpZXMtcHJvZC91cy1jZW50cmFsMS9zdG9yaWVzLWVzLXN5bmMva0ZVSE4xUWY2N2s?alt=json HTTP/1.1" 200 None
2022-05-25 11:04:59,436 DEBUG    urllib3.connectionpool https://cloudfunctions.googleapis.com:443 "GET /v1/operations/Y3Jvd2RyaWZmLXN0b3JpZXMtcHJvZC91cy1jZW50cmFsMS9zdG9yaWVzLWVzLXN5bmMva0ZVSE4xUWY2N2s?alt=json HTTP/1.1" 200 None
2022-05-25 11:05:00,990 DEBUG    urllib3.connectionpool https://cloudfunctions.googleapis.com:443 "GET /v1/operations/Y3Jvd2RyaWZmLXN0b3JpZXMtcHJvZC91cy1jZW50cmFsMS9zdG9yaWVzLWVzLXN5bmMva0ZVSE4xUWY2N2s?alt=json HTTP/1.1" 200 None
2022-05-25 11:05:02,880 DEBUG    urllib3.connectionpool https://cloudfunctions.googleapis.com:443 "GET /v1/operations/Y3Jvd2RyaWZmLXN0b3JpZXMtcHJvZC91cy1jZW50cmFsMS9zdG9yaWVzLWVzLXN5bmMva0ZVSE4xUWY2N2s?alt=json HTTP/1.1" 200 None
2022-05-25 11:05:04,740 DEBUG    urllib3.connectionpool https://cloudfunctions.googleapis.com:443 "GET /v1/operations/Y3Jvd2RyaWZmLXN0b3JpZXMtcHJvZC91cy1jZW50cmFsMS9zdG9yaWVzLWVzLXN5bmMva0ZVSE4xUWY2N2s?alt=json HTTP/1.1" 200 None
2022-05-25 11:05:06,330 DEBUG    urllib3.connectionpool https://cloudfunctions.googleapis.com:443 "GET /v1/operations/Y3Jvd2RyaWZmLXN0b3JpZXMtcHJvZC91cy1jZW50cmFsMS9zdG9yaWVzLWVzLXN5bmMva0ZVSE4xUWY2N2s?alt=json HTTP/1.1" 200 None
2022-05-25 11:05:07,487 DEBUG    urllib3.connectionpool https://cloudfunctions.googleapis.com:443 "GET /v1/operations/Y3Jvd2RyaWZmLXN0b3JpZXMtcHJvZC91cy1jZW50cmFsMS9zdG9yaWVzLWVzLXN5bmMva0ZVSE4xUWY2N2s?alt=json HTTP/1.1" 200 None
2022-05-25 11:05:08,717 DEBUG    urllib3.connectionpool https://cloudfunctions.googleapis.com:443 "GET /v1/operations/Y3Jvd2RyaWZmLXN0b3JpZXMtcHJvZC91cy1jZW50cmFsMS9zdG9yaWVzLWVzLXN5bmMva0ZVSE4xUWY2N2s?alt=json HTTP/1.1" 200 None
2022-05-25 11:05:10,747 DEBUG    urllib3.connectionpool https://cloudfunctions.googleapis.com:443 "GET /v1/operations/Y3Jvd2RyaWZmLXN0b3JpZXMtcHJvZC91cy1jZW50cmFsMS9zdG9yaWVzLWVzLXN5bmMva0ZVSE4xUWY2N2s?alt=json HTTP/1.1" 200 None
2022-05-25 11:05:12,075 DEBUG    urllib3.connectionpool https://cloudfunctions.googleapis.com:443 "GET /v1/operations/Y3Jvd2RyaWZmLXN0b3JpZXMtcHJvZC91cy1jZW50cmFsMS9zdG9yaWVzLWVzLXN5bmMva0ZVSE4xUWY2N2s?alt=json HTTP/1.1" 200 None
2022-05-25 11:05:13,525 DEBUG    urllib3.connectionpool https://cloudfunctions.googleapis.com:443 "GET /v1/operations/Y3Jvd2RyaWZmLXN0b3JpZXMtcHJvZC91cy1jZW50cmFsMS9zdG9yaWVzLWVzLXN5bmMva0ZVSE4xUWY2N2s?alt=json HTTP/1.1" 200 None
2022-05-25 11:05:14,946 DEBUG    urllib3.connectionpool https://cloudfunctions.googleapis.com:443 "GET /v1/operations/Y3Jvd2RyaWZmLXN0b3JpZXMtcHJvZC91cy1jZW50cmFsMS9zdG9yaWVzLWVzLXN5bmMva0ZVSE4xUWY2N2s?alt=json HTTP/1.1" 200 None
2022-05-25 11:05:16,415 DEBUG    urllib3.connectionpool https://cloudfunctions.googleapis.com:443 "GET /v1/operations/Y3Jvd2RyaWZmLXN0b3JpZXMtcHJvZC91cy1jZW50cmFsMS9zdG9yaWVzLWVzLXN5bmMva0ZVSE4xUWY2N2s?alt=json HTTP/1.1" 200 None
2022-05-25 11:05:18,123 DEBUG    urllib3.connectionpool https://cloudfunctions.googleapis.com:443 "GET /v1/operations/Y3Jvd2RyaWZmLXN0b3JpZXMtcHJvZC91cy1jZW50cmFsMS9zdG9yaWVzLWVzLXN5bmMva0ZVSE4xUWY2N2s?alt=json HTTP/1.1" 200 None
2022-05-25 11:05:20,071 DEBUG    urllib3.connectionpool https://cloudfunctions.googleapis.com:443 "GET /v1/operations/Y3Jvd2RyaWZmLXN0b3JpZXMtcHJvZC91cy1jZW50cmFsMS9zdG9yaWVzLWVzLXN5bmMva0ZVSE4xUWY2N2s?alt=json HTTP/1.1" 200 None
2022-05-25 11:05:22,127 DEBUG    urllib3.connectionpool https://cloudfunctions.googleapis.com:443 "GET /v1/operations/Y3Jvd2RyaWZmLXN0b3JpZXMtcHJvZC91cy1jZW50cmFsMS9zdG9yaWVzLWVzLXN5bmMva0ZVSE4xUWY2N2s?alt=json HTTP/1.1" 200 None
2022-05-25 11:05:23,578 DEBUG    urllib3.connectionpool https://cloudfunctions.googleapis.com:443 "GET /v1/operations/Y3Jvd2RyaWZmLXN0b3JpZXMtcHJvZC91cy1jZW50cmFsMS9zdG9yaWVzLWVzLXN5bmMva0ZVSE4xUWY2N2s?alt=json HTTP/1.1" 200 None
2022-05-25 11:05:25,106 DEBUG    urllib3.connectionpool https://cloudfunctions.googleapis.com:443 "GET /v1/operations/Y3Jvd2RyaWZmLXN0b3JpZXMtcHJvZC91cy1jZW50cmFsMS9zdG9yaWVzLWVzLXN5bmMva0ZVSE4xUWY2N2s?alt=json HTTP/1.1" 200 None
2022-05-25 11:05:26,528 DEBUG    urllib3.connectionpool https://cloudfunctions.googleapis.com:443 "GET /v1/operations/Y3Jvd2RyaWZmLXN0b3JpZXMtcHJvZC91cy1jZW50cmFsMS9zdG9yaWVzLWVzLXN5bmMva0ZVSE4xUWY2N2s?alt=json HTTP/1.1" 200 None
2022-05-25 11:05:28,053 DEBUG    urllib3.connectionpool https://cloudfunctions.googleapis.com:443 "GET /v1/operations/Y3Jvd2RyaWZmLXN0b3JpZXMtcHJvZC91cy1jZW50cmFsMS9zdG9yaWVzLWVzLXN5bmMva0ZVSE4xUWY2N2s?alt=json HTTP/1.1" 200 None
2022-05-25 11:05:29,359 DEBUG    urllib3.connectionpool https://cloudfunctions.googleapis.com:443 "GET /v1/operations/Y3Jvd2RyaWZmLXN0b3JpZXMtcHJvZC91cy1jZW50cmFsMS9zdG9yaWVzLWVzLXN5bmMva0ZVSE4xUWY2N2s?alt=json HTTP/1.1" 200 None
2022-05-25 11:05:31,039 DEBUG    urllib3.connectionpool https://cloudfunctions.googleapis.com:443 "GET /v1/operations/Y3Jvd2RyaWZmLXN0b3JpZXMtcHJvZC91cy1jZW50cmFsMS9zdG9yaWVzLWVzLXN5bmMva0ZVSE4xUWY2N2s?alt=json HTTP/1.1" 200 None
2022-05-25 11:05:32,740 DEBUG    urllib3.connectionpool https://cloudfunctions.googleapis.com:443 "GET /v1/operations/Y3Jvd2RyaWZmLXN0b3JpZXMtcHJvZC91cy1jZW50cmFsMS9zdG9yaWVzLWVzLXN5bmMva0ZVSE4xUWY2N2s?alt=json HTTP/1.1" 200 None
2022-05-25 11:05:34,201 DEBUG    urllib3.connectionpool https://cloudfunctions.googleapis.com:443 "GET /v1/operations/Y3Jvd2RyaWZmLXN0b3JpZXMtcHJvZC91cy1jZW50cmFsMS9zdG9yaWVzLWVzLXN5bmMva0ZVSE4xUWY2N2s?alt=json HTTP/1.1" 200 None
2022-05-25 11:05:35,467 DEBUG    urllib3.connectionpool https://cloudfunctions.googleapis.com:443 "GET /v1/operations/Y3Jvd2RyaWZmLXN0b3JpZXMtcHJvZC91cy1jZW50cmFsMS9zdG9yaWVzLWVzLXN5bmMva0ZVSE4xUWY2N2s?alt=json HTTP/1.1" 200 None
2022-05-25 11:05:37,348 DEBUG    urllib3.connectionpool https://cloudfunctions.googleapis.com:443 "GET /v1/operations/Y3Jvd2RyaWZmLXN0b3JpZXMtcHJvZC91cy1jZW50cmFsMS9zdG9yaWVzLWVzLXN5bmMva0ZVSE4xUWY2N2s?alt=json HTTP/1.1" 200 None
2022-05-25 11:05:38,881 DEBUG    urllib3.connectionpool https://cloudfunctions.googleapis.com:443 "GET /v1/operations/Y3Jvd2RyaWZmLXN0b3JpZXMtcHJvZC91cy1jZW50cmFsMS9zdG9yaWVzLWVzLXN5bmMva0ZVSE4xUWY2N2s?alt=json HTTP/1.1" 200 None
2022-05-25 11:05:40,807 DEBUG    urllib3.connectionpool https://cloudfunctions.googleapis.com:443 "GET /v1/operations/Y3Jvd2RyaWZmLXN0b3JpZXMtcHJvZC91cy1jZW50cmFsMS9zdG9yaWVzLWVzLXN5bmMva0ZVSE4xUWY2N2s?alt=json HTTP/1.1" 200 None
2022-05-25 11:05:42,446 DEBUG    urllib3.connectionpool https://cloudfunctions.googleapis.com:443 "GET /v1/operations/Y3Jvd2RyaWZmLXN0b3JpZXMtcHJvZC91cy1jZW50cmFsMS9zdG9yaWVzLWVzLXN5bmMva0ZVSE4xUWY2N2s?alt=json HTTP/1.1" 200 None
2022-05-25 11:05:44,187 DEBUG    urllib3.connectionpool https://cloudfunctions.googleapis.com:443 "GET /v1/operations/Y3Jvd2RyaWZmLXN0b3JpZXMtcHJvZC91cy1jZW50cmFsMS9zdG9yaWVzLWVzLXN5bmMva0ZVSE4xUWY2N2s?alt=json HTTP/1.1" 200 None
2022-05-25 11:05:45,590 DEBUG    urllib3.connectionpool https://cloudfunctions.googleapis.com:443 "GET /v1/operations/Y3Jvd2RyaWZmLXN0b3JpZXMtcHJvZC91cy1jZW50cmFsMS9zdG9yaWVzLWVzLXN5bmMva0ZVSE4xUWY2N2s?alt=json HTTP/1.1" 200 None
2022-05-25 11:05:47,064 DEBUG    urllib3.connectionpool https://cloudfunctions.googleapis.com:443 "GET /v1/operations/Y3Jvd2RyaWZmLXN0b3JpZXMtcHJvZC91cy1jZW50cmFsMS9zdG9yaWVzLWVzLXN5bmMva0ZVSE4xUWY2N2s?alt=json HTTP/1.1" 200 None
2022-05-25 11:05:48,861 DEBUG    urllib3.connectionpool https://cloudfunctions.googleapis.com:443 "GET /v1/operations/Y3Jvd2RyaWZmLXN0b3JpZXMtcHJvZC91cy1jZW50cmFsMS9zdG9yaWVzLWVzLXN5bmMva0ZVSE4xUWY2N2s?alt=json HTTP/1.1" 200 None
2022-05-25 11:05:50,630 DEBUG    urllib3.connectionpool https://cloudfunctions.googleapis.com:443 "GET /v1/operations/Y3Jvd2RyaWZmLXN0b3JpZXMtcHJvZC91cy1jZW50cmFsMS9zdG9yaWVzLWVzLXN5bmMva0ZVSE4xUWY2N2s?alt=json HTTP/1.1" 200 None
2022-05-25 11:05:52,268 DEBUG    urllib3.connectionpool https://cloudfunctions.googleapis.com:443 "GET /v1/operations/Y3Jvd2RyaWZmLXN0b3JpZXMtcHJvZC91cy1jZW50cmFsMS9zdG9yaWVzLWVzLXN5bmMva0ZVSE4xUWY2N2s?alt=json HTTP/1.1" 200 None
2022-05-25 11:05:54,290 DEBUG    urllib3.connectionpool https://cloudfunctions.googleapis.com:443 "GET /v1/operations/Y3Jvd2RyaWZmLXN0b3JpZXMtcHJvZC91cy1jZW50cmFsMS9zdG9yaWVzLWVzLXN5bmMva0ZVSE4xUWY2N2s?alt=json HTTP/1.1" 200 None
2022-05-25 11:05:55,529 DEBUG    urllib3.connectionpool https://cloudfunctions.googleapis.com:443 "GET /v1/operations/Y3Jvd2RyaWZmLXN0b3JpZXMtcHJvZC91cy1jZW50cmFsMS9zdG9yaWVzLWVzLXN5bmMva0ZVSE4xUWY2N2s?alt=json HTTP/1.1" 200 None
2022-05-25 11:05:57,295 DEBUG    urllib3.connectionpool https://cloudfunctions.googleapis.com:443 "GET /v1/operations/Y3Jvd2RyaWZmLXN0b3JpZXMtcHJvZC91cy1jZW50cmFsMS9zdG9yaWVzLWVzLXN5bmMva0ZVSE4xUWY2N2s?alt=json HTTP/1.1" 200 None
2022-05-25 11:05:59,026 DEBUG    urllib3.connectionpool https://cloudfunctions.googleapis.com:443 "GET /v1/operations/Y3Jvd2RyaWZmLXN0b3JpZXMtcHJvZC91cy1jZW50cmFsMS9zdG9yaWVzLWVzLXN5bmMva0ZVSE4xUWY2N2s?alt=json HTTP/1.1" 200 None
2022-05-25 11:06:01,100 DEBUG    urllib3.connectionpool https://cloudfunctions.googleapis.com:443 "GET /v1/operations/Y3Jvd2RyaWZmLXN0b3JpZXMtcHJvZC91cy1jZW50cmFsMS9zdG9yaWVzLWVzLXN5bmMva0ZVSE4xUWY2N2s?alt=json HTTP/1.1" 200 None
2022-05-25 11:06:02,864 DEBUG    urllib3.connectionpool https://cloudfunctions.googleapis.com:443 "GET /v1/operations/Y3Jvd2RyaWZmLXN0b3JpZXMtcHJvZC91cy1jZW50cmFsMS9zdG9yaWVzLWVzLXN5bmMva0ZVSE4xUWY2N2s?alt=json HTTP/1.1" 200 None
2022-05-25 11:06:04,594 DEBUG    urllib3.connectionpool https://cloudfunctions.googleapis.com:443 "GET /v1/operations/Y3Jvd2RyaWZmLXN0b3JpZXMtcHJvZC91cy1jZW50cmFsMS9zdG9yaWVzLWVzLXN5bmMva0ZVSE4xUWY2N2s?alt=json HTTP/1.1" 200 None
2022-05-25 11:06:06,006 DEBUG    urllib3.connectionpool https://cloudfunctions.googleapis.com:443 "GET /v1/operations/Y3Jvd2RyaWZmLXN0b3JpZXMtcHJvZC91cy1jZW50cmFsMS9zdG9yaWVzLWVzLXN5bmMva0ZVSE4xUWY2N2s?alt=json HTTP/1.1" 200 None
2022-05-25 11:06:07,258 DEBUG    urllib3.connectionpool https://cloudfunctions.googleapis.com:443 "GET /v1/operations/Y3Jvd2RyaWZmLXN0b3JpZXMtcHJvZC91cy1jZW50cmFsMS9zdG9yaWVzLWVzLXN5bmMva0ZVSE4xUWY2N2s?alt=json HTTP/1.1" 200 None
2022-05-25 11:06:08,529 DEBUG    urllib3.connectionpool https://cloudfunctions.googleapis.com:443 "GET /v1/operations/Y3Jvd2RyaWZmLXN0b3JpZXMtcHJvZC91cy1jZW50cmFsMS9zdG9yaWVzLWVzLXN5bmMva0ZVSE4xUWY2N2s?alt=json HTTP/1.1" 200 None
2022-05-25 11:06:09,757 DEBUG    urllib3.connectionpool https://cloudfunctions.googleapis.com:443 "GET /v1/operations/Y3Jvd2RyaWZmLXN0b3JpZXMtcHJvZC91cy1jZW50cmFsMS9zdG9yaWVzLWVzLXN5bmMva0ZVSE4xUWY2N2s?alt=json HTTP/1.1" 200 None
2022-05-25 11:06:11,542 DEBUG    urllib3.connectionpool https://cloudfunctions.googleapis.com:443 "GET /v1/operations/Y3Jvd2RyaWZmLXN0b3JpZXMtcHJvZC91cy1jZW50cmFsMS9zdG9yaWVzLWVzLXN5bmMva0ZVSE4xUWY2N2s?alt=json HTTP/1.1" 200 None
2022-05-25 11:06:13,176 DEBUG    urllib3.connectionpool https://cloudfunctions.googleapis.com:443 "GET /v1/operations/Y3Jvd2RyaWZmLXN0b3JpZXMtcHJvZC91cy1jZW50cmFsMS9zdG9yaWVzLWVzLXN5bmMva0ZVSE4xUWY2N2s?alt=json HTTP/1.1" 200 None
2022-05-25 11:06:14,377 DEBUG    urllib3.connectionpool https://cloudfunctions.googleapis.com:443 "GET /v1/operations/Y3Jvd2RyaWZmLXN0b3JpZXMtcHJvZC91cy1jZW50cmFsMS9zdG9yaWVzLWVzLXN5bmMva0ZVSE4xUWY2N2s?alt=json HTTP/1.1" 200 None
2022-05-25 11:06:16,114 DEBUG    urllib3.connectionpool https://cloudfunctions.googleapis.com:443 "GET /v1/operations/Y3Jvd2RyaWZmLXN0b3JpZXMtcHJvZC91cy1jZW50cmFsMS9zdG9yaWVzLWVzLXN5bmMva0ZVSE4xUWY2N2s?alt=json HTTP/1.1" 200 None
2022-05-25 11:06:17,851 DEBUG    urllib3.connectionpool https://cloudfunctions.googleapis.com:443 "GET /v1/operations/Y3Jvd2RyaWZmLXN0b3JpZXMtcHJvZC91cy1jZW50cmFsMS9zdG9yaWVzLWVzLXN5bmMva0ZVSE4xUWY2N2s?alt=json HTTP/1.1" 200 None
2022-05-25 11:06:19,679 DEBUG    urllib3.connectionpool https://cloudfunctions.googleapis.com:443 "GET /v1/operations/Y3Jvd2RyaWZmLXN0b3JpZXMtcHJvZC91cy1jZW50cmFsMS9zdG9yaWVzLWVzLXN5bmMva0ZVSE4xUWY2N2s?alt=json HTTP/1.1" 200 None
2022-05-25 11:06:21,057 DEBUG    urllib3.connectionpool https://cloudfunctions.googleapis.com:443 "GET /v1/operations/Y3Jvd2RyaWZmLXN0b3JpZXMtcHJvZC91cy1jZW50cmFsMS9zdG9yaWVzLWVzLXN5bmMva0ZVSE4xUWY2N2s?alt=json HTTP/1.1" 200 None
2022-05-25 11:06:22,671 DEBUG    urllib3.connectionpool https://cloudfunctions.googleapis.com:443 "GET /v1/operations/Y3Jvd2RyaWZmLXN0b3JpZXMtcHJvZC91cy1jZW50cmFsMS9zdG9yaWVzLWVzLXN5bmMva0ZVSE4xUWY2N2s?alt=json HTTP/1.1" 200 None
2022-05-25 11:06:24,541 DEBUG    urllib3.connectionpool https://cloudfunctions.googleapis.com:443 "GET /v1/operations/Y3Jvd2RyaWZmLXN0b3JpZXMtcHJvZC91cy1jZW50cmFsMS9zdG9yaWVzLWVzLXN5bmMva0ZVSE4xUWY2N2s?alt=json HTTP/1.1" 200 None
2022-05-25 11:06:26,657 DEBUG    urllib3.connectionpool https://cloudfunctions.googleapis.com:443 "GET /v1/operations/Y3Jvd2RyaWZmLXN0b3JpZXMtcHJvZC91cy1jZW50cmFsMS9zdG9yaWVzLWVzLXN5bmMva0ZVSE4xUWY2N2s?alt=json HTTP/1.1" 200 None
2022-05-25 11:06:28,315 DEBUG    urllib3.connectionpool https://cloudfunctions.googleapis.com:443 "GET /v1/operations/Y3Jvd2RyaWZmLXN0b3JpZXMtcHJvZC91cy1jZW50cmFsMS9zdG9yaWVzLWVzLXN5bmMva0ZVSE4xUWY2N2s?alt=json HTTP/1.1" 200 None
2022-05-25 11:06:29,456 DEBUG    urllib3.connectionpool https://cloudfunctions.googleapis.com:443 "GET /v1/operations/Y3Jvd2RyaWZmLXN0b3JpZXMtcHJvZC91cy1jZW50cmFsMS9zdG9yaWVzLWVzLXN5bmMva0ZVSE4xUWY2N2s?alt=json HTTP/1.1" 200 None
2022-05-25 11:06:31,257 DEBUG    urllib3.connectionpool https://cloudfunctions.googleapis.com:443 "GET /v1/operations/Y3Jvd2RyaWZmLXN0b3JpZXMtcHJvZC91cy1jZW50cmFsMS9zdG9yaWVzLWVzLXN5bmMva0ZVSE4xUWY2N2s?alt=json HTTP/1.1" 200 None
2022-05-25 11:06:32,963 DEBUG    urllib3.connectionpool https://cloudfunctions.googleapis.com:443 "GET /v1/operations/Y3Jvd2RyaWZmLXN0b3JpZXMtcHJvZC91cy1jZW50cmFsMS9zdG9yaWVzLWVzLXN5bmMva0ZVSE4xUWY2N2s?alt=json HTTP/1.1" 200 None
2022-05-25 11:06:34,305 DEBUG    urllib3.connectionpool https://cloudfunctions.googleapis.com:443 "GET /v1/operations/Y3Jvd2RyaWZmLXN0b3JpZXMtcHJvZC91cy1jZW50cmFsMS9zdG9yaWVzLWVzLXN5bmMva0ZVSE4xUWY2N2s?alt=json HTTP/1.1" 200 None
2022-05-25 11:06:35,466 DEBUG    urllib3.connectionpool https://cloudfunctions.googleapis.com:443 "GET /v1/operations/Y3Jvd2RyaWZmLXN0b3JpZXMtcHJvZC91cy1jZW50cmFsMS9zdG9yaWVzLWVzLXN5bmMva0ZVSE4xUWY2N2s?alt=json HTTP/1.1" 200 None
2022-05-25 11:06:36,764 DEBUG    urllib3.connectionpool https://cloudfunctions.googleapis.com:443 "GET /v1/operations/Y3Jvd2RyaWZmLXN0b3JpZXMtcHJvZC91cy1jZW50cmFsMS9zdG9yaWVzLWVzLXN5bmMva0ZVSE4xUWY2N2s?alt=json HTTP/1.1" 200 None
2022-05-25 11:06:38,545 DEBUG    urllib3.connectionpool https://cloudfunctions.googleapis.com:443 "GET /v1/operations/Y3Jvd2RyaWZmLXN0b3JpZXMtcHJvZC91cy1jZW50cmFsMS9zdG9yaWVzLWVzLXN5bmMva0ZVSE4xUWY2N2s?alt=json HTTP/1.1" 200 None
2022-05-25 11:06:40,180 DEBUG    urllib3.connectionpool https://cloudfunctions.googleapis.com:443 "GET /v1/operations/Y3Jvd2RyaWZmLXN0b3JpZXMtcHJvZC91cy1jZW50cmFsMS9zdG9yaWVzLWVzLXN5bmMva0ZVSE4xUWY2N2s?alt=json HTTP/1.1" 200 None
2022-05-25 11:06:42,006 DEBUG    urllib3.connectionpool https://cloudfunctions.googleapis.com:443 "GET /v1/operations/Y3Jvd2RyaWZmLXN0b3JpZXMtcHJvZC91cy1jZW50cmFsMS9zdG9yaWVzLWVzLXN5bmMva0ZVSE4xUWY2N2s?alt=json HTTP/1.1" 200 None
2022-05-25 11:06:43,746 DEBUG    urllib3.connectionpool https://cloudfunctions.googleapis.com:443 "GET /v1/operations/Y3Jvd2RyaWZmLXN0b3JpZXMtcHJvZC91cy1jZW50cmFsMS9zdG9yaWVzLWVzLXN5bmMva0ZVSE4xUWY2N2s?alt=json HTTP/1.1" 200 None
2022-05-25 11:06:45,855 DEBUG    urllib3.connectionpool https://cloudfunctions.googleapis.com:443 "GET /v1/operations/Y3Jvd2RyaWZmLXN0b3JpZXMtcHJvZC91cy1jZW50cmFsMS9zdG9yaWVzLWVzLXN5bmMva0ZVSE4xUWY2N2s?alt=json HTTP/1.1" 200 None
2022-05-25 11:06:47,614 DEBUG    urllib3.connectionpool https://cloudfunctions.googleapis.com:443 "GET /v1/operations/Y3Jvd2RyaWZmLXN0b3JpZXMtcHJvZC91cy1jZW50cmFsMS9zdG9yaWVzLWVzLXN5bmMva0ZVSE4xUWY2N2s?alt=json HTTP/1.1" 200 None
2022-05-25 11:06:49,293 DEBUG    urllib3.connectionpool https://cloudfunctions.googleapis.com:443 "GET /v1/operations/Y3Jvd2RyaWZmLXN0b3JpZXMtcHJvZC91cy1jZW50cmFsMS9zdG9yaWVzLWVzLXN5bmMva0ZVSE4xUWY2N2s?alt=json HTTP/1.1" 200 None
2022-05-25 11:06:51,085 DEBUG    urllib3.connectionpool https://cloudfunctions.googleapis.com:443 "GET /v1/operations/Y3Jvd2RyaWZmLXN0b3JpZXMtcHJvZC91cy1jZW50cmFsMS9zdG9yaWVzLWVzLXN5bmMva0ZVSE4xUWY2N2s?alt=json HTTP/1.1" 200 None
2022-05-25 11:06:53,188 DEBUG    urllib3.connectionpool https://cloudfunctions.googleapis.com:443 "GET /v1/operations/Y3Jvd2RyaWZmLXN0b3JpZXMtcHJvZC91cy1jZW50cmFsMS9zdG9yaWVzLWVzLXN5bmMva0ZVSE4xUWY2N2s?alt=json HTTP/1.1" 200 None
2022-05-25 11:06:54,434 DEBUG    urllib3.connectionpool https://cloudfunctions.googleapis.com:443 "GET /v1/operations/Y3Jvd2RyaWZmLXN0b3JpZXMtcHJvZC91cy1jZW50cmFsMS9zdG9yaWVzLWVzLXN5bmMva0ZVSE4xUWY2N2s?alt=json HTTP/1.1" 200 None
2022-05-25 11:06:56,236 DEBUG    urllib3.connectionpool https://cloudfunctions.googleapis.com:443 "GET /v1/operations/Y3Jvd2RyaWZmLXN0b3JpZXMtcHJvZC91cy1jZW50cmFsMS9zdG9yaWVzLWVzLXN5bmMva0ZVSE4xUWY2N2s?alt=json HTTP/1.1" 200 None
2022-05-25 11:06:57,401 DEBUG    urllib3.connectionpool https://cloudfunctions.googleapis.com:443 "GET /v1/operations/Y3Jvd2RyaWZmLXN0b3JpZXMtcHJvZC91cy1jZW50cmFsMS9zdG9yaWVzLWVzLXN5bmMva0ZVSE4xUWY2N2s?alt=json HTTP/1.1" 200 None
2022-05-25 11:06:58,544 DEBUG    urllib3.connectionpool https://cloudfunctions.googleapis.com:443 "GET /v1/operations/Y3Jvd2RyaWZmLXN0b3JpZXMtcHJvZC91cy1jZW50cmFsMS9zdG9yaWVzLWVzLXN5bmMva0ZVSE4xUWY2N2s?alt=json HTTP/1.1" 200 None
2022-05-25 11:07:00,546 DEBUG    urllib3.connectionpool https://cloudfunctions.googleapis.com:443 "GET /v1/operations/Y3Jvd2RyaWZmLXN0b3JpZXMtcHJvZC91cy1jZW50cmFsMS9zdG9yaWVzLWVzLXN5bmMva0ZVSE4xUWY2N2s?alt=json HTTP/1.1" 200 None
2022-05-25 11:07:02,243 DEBUG    urllib3.connectionpool https://cloudfunctions.googleapis.com:443 "GET /v1/operations/Y3Jvd2RyaWZmLXN0b3JpZXMtcHJvZC91cy1jZW50cmFsMS9zdG9yaWVzLWVzLXN5bmMva0ZVSE4xUWY2N2s?alt=json HTTP/1.1" 200 None
2022-05-25 11:07:03,458 DEBUG    urllib3.connectionpool https://cloudfunctions.googleapis.com:443 "GET /v1/operations/Y3Jvd2RyaWZmLXN0b3JpZXMtcHJvZC91cy1jZW50cmFsMS9zdG9yaWVzLWVzLXN5bmMva0ZVSE4xUWY2N2s?alt=json HTTP/1.1" 200 None
2022-05-25 11:07:05,196 DEBUG    urllib3.connectionpool https://cloudfunctions.googleapis.com:443 "GET /v1/operations/Y3Jvd2RyaWZmLXN0b3JpZXMtcHJvZC91cy1jZW50cmFsMS9zdG9yaWVzLWVzLXN5bmMva0ZVSE4xUWY2N2s?alt=json HTTP/1.1" 200 None
2022-05-25 11:07:06,658 DEBUG    urllib3.connectionpool https://cloudfunctions.googleapis.com:443 "GET /v1/operations/Y3Jvd2RyaWZmLXN0b3JpZXMtcHJvZC91cy1jZW50cmFsMS9zdG9yaWVzLWVzLXN5bmMva0ZVSE4xUWY2N2s?alt=json HTTP/1.1" 200 None
2022-05-25 11:07:08,128 DEBUG    urllib3.connectionpool https://cloudfunctions.googleapis.com:443 "GET /v1/operations/Y3Jvd2RyaWZmLXN0b3JpZXMtcHJvZC91cy1jZW50cmFsMS9zdG9yaWVzLWVzLXN5bmMva0ZVSE4xUWY2N2s?alt=json HTTP/1.1" 200 None
2022-05-25 11:07:10,169 DEBUG    urllib3.connectionpool https://cloudfunctions.googleapis.com:443 "GET /v1/operations/Y3Jvd2RyaWZmLXN0b3JpZXMtcHJvZC91cy1jZW50cmFsMS9zdG9yaWVzLWVzLXN5bmMva0ZVSE4xUWY2N2s?alt=json HTTP/1.1" 200 None
2022-05-25 11:07:11,904 DEBUG    urllib3.connectionpool https://cloudfunctions.googleapis.com:443 "GET /v1/operations/Y3Jvd2RyaWZmLXN0b3JpZXMtcHJvZC91cy1jZW50cmFsMS9zdG9yaWVzLWVzLXN5bmMva0ZVSE4xUWY2N2s?alt=json HTTP/1.1" 200 None
2022-05-25 11:07:13,589 DEBUG    urllib3.connectionpool https://cloudfunctions.googleapis.com:443 "GET /v1/operations/Y3Jvd2RyaWZmLXN0b3JpZXMtcHJvZC91cy1jZW50cmFsMS9zdG9yaWVzLWVzLXN5bmMva0ZVSE4xUWY2N2s?alt=json HTTP/1.1" 200 None
2022-05-25 11:07:15,092 DEBUG    urllib3.connectionpool https://cloudfunctions.googleapis.com:443 "GET /v1/operations/Y3Jvd2RyaWZmLXN0b3JpZXMtcHJvZC91cy1jZW50cmFsMS9zdG9yaWVzLWVzLXN5bmMva0ZVSE4xUWY2N2s?alt=json HTTP/1.1" 200 None
2022-05-25 11:07:17,108 DEBUG    urllib3.connectionpool https://cloudfunctions.googleapis.com:443 "GET /v1/operations/Y3Jvd2RyaWZmLXN0b3JpZXMtcHJvZC91cy1jZW50cmFsMS9zdG9yaWVzLWVzLXN5bmMva0ZVSE4xUWY2N2s?alt=json HTTP/1.1" 200 None
2022-05-25 11:07:18,615 DEBUG    urllib3.connectionpool https://cloudfunctions.googleapis.com:443 "GET /v1/operations/Y3Jvd2RyaWZmLXN0b3JpZXMtcHJvZC91cy1jZW50cmFsMS9zdG9yaWVzLWVzLXN5bmMva0ZVSE4xUWY2N2s?alt=json HTTP/1.1" 200 None
2022-05-25 11:07:20,154 DEBUG    urllib3.connectionpool https://cloudfunctions.googleapis.com:443 "GET /v1/operations/Y3Jvd2RyaWZmLXN0b3JpZXMtcHJvZC91cy1jZW50cmFsMS9zdG9yaWVzLWVzLXN5bmMva0ZVSE4xUWY2N2s?alt=json HTTP/1.1" 200 None
2022-05-25 11:07:21,344 DEBUG    urllib3.connectionpool https://cloudfunctions.googleapis.com:443 "GET /v1/operations/Y3Jvd2RyaWZmLXN0b3JpZXMtcHJvZC91cy1jZW50cmFsMS9zdG9yaWVzLWVzLXN5bmMva0ZVSE4xUWY2N2s?alt=json HTTP/1.1" 200 None
2022-05-25 11:07:22,551 DEBUG    urllib3.connectionpool https://cloudfunctions.googleapis.com:443 "GET /v1/operations/Y3Jvd2RyaWZmLXN0b3JpZXMtcHJvZC91cy1jZW50cmFsMS9zdG9yaWVzLWVzLXN5bmMva0ZVSE4xUWY2N2s?alt=json HTTP/1.1" 200 None
2022-05-25 11:07:24,574 DEBUG    urllib3.connectionpool https://cloudfunctions.googleapis.com:443 "GET /v1/operations/Y3Jvd2RyaWZmLXN0b3JpZXMtcHJvZC91cy1jZW50cmFsMS9zdG9yaWVzLWVzLXN5bmMva0ZVSE4xUWY2N2s?alt=json HTTP/1.1" 200 None
2022-05-25 11:07:26,594 DEBUG    urllib3.connectionpool https://cloudfunctions.googleapis.com:443 "GET /v1/operations/Y3Jvd2RyaWZmLXN0b3JpZXMtcHJvZC91cy1jZW50cmFsMS9zdG9yaWVzLWVzLXN5bmMva0ZVSE4xUWY2N2s?alt=json HTTP/1.1" 200 None
2022-05-25 11:07:28,567 DEBUG    urllib3.connectionpool https://cloudfunctions.googleapis.com:443 "GET /v1/operations/Y3Jvd2RyaWZmLXN0b3JpZXMtcHJvZC91cy1jZW50cmFsMS9zdG9yaWVzLWVzLXN5bmMva0ZVSE4xUWY2N2s?alt=json HTTP/1.1" 200 None
2022-05-25 11:07:30,613 DEBUG    urllib3.connectionpool https://cloudfunctions.googleapis.com:443 "GET /v1/operations/Y3Jvd2RyaWZmLXN0b3JpZXMtcHJvZC91cy1jZW50cmFsMS9zdG9yaWVzLWVzLXN5bmMva0ZVSE4xUWY2N2s?alt=json HTTP/1.1" 200 None
2022-05-25 11:07:31,922 DEBUG    urllib3.connectionpool https://cloudfunctions.googleapis.com:443 "GET /v1/operations/Y3Jvd2RyaWZmLXN0b3JpZXMtcHJvZC91cy1jZW50cmFsMS9zdG9yaWVzLWVzLXN5bmMva0ZVSE4xUWY2N2s?alt=json HTTP/1.1" 200 None
2022-05-25 11:07:33,467 DEBUG    urllib3.connectionpool https://cloudfunctions.googleapis.com:443 "GET /v1/operations/Y3Jvd2RyaWZmLXN0b3JpZXMtcHJvZC91cy1jZW50cmFsMS9zdG9yaWVzLWVzLXN5bmMva0ZVSE4xUWY2N2s?alt=json HTTP/1.1" 200 None
2022-05-25 11:07:34,822 DEBUG    urllib3.connectionpool https://cloudfunctions.googleapis.com:443 "GET /v1/operations/Y3Jvd2RyaWZmLXN0b3JpZXMtcHJvZC91cy1jZW50cmFsMS9zdG9yaWVzLWVzLXN5bmMva0ZVSE4xUWY2N2s?alt=json HTTP/1.1" 200 None
2022-05-25 11:07:36,797 DEBUG    urllib3.connectionpool https://cloudfunctions.googleapis.com:443 "GET /v1/operations/Y3Jvd2RyaWZmLXN0b3JpZXMtcHJvZC91cy1jZW50cmFsMS9zdG9yaWVzLWVzLXN5bmMva0ZVSE4xUWY2N2s?alt=json HTTP/1.1" 200 None
2022-05-25 11:07:38,139 DEBUG    urllib3.connectionpool https://cloudfunctions.googleapis.com:443 "GET /v1/operations/Y3Jvd2RyaWZmLXN0b3JpZXMtcHJvZC91cy1jZW50cmFsMS9zdG9yaWVzLWVzLXN5bmMva0ZVSE4xUWY2N2s?alt=json HTTP/1.1" 200 None
2022-05-25 11:07:39,556 DEBUG    urllib3.connectionpool https://cloudfunctions.googleapis.com:443 "GET /v1/operations/Y3Jvd2RyaWZmLXN0b3JpZXMtcHJvZC91cy1jZW50cmFsMS9zdG9yaWVzLWVzLXN5bmMva0ZVSE4xUWY2N2s?alt=json HTTP/1.1" 200 None
2022-05-25 11:07:41,203 DEBUG    urllib3.connectionpool https://cloudfunctions.googleapis.com:443 "GET /v1/operations/Y3Jvd2RyaWZmLXN0b3JpZXMtcHJvZC91cy1jZW50cmFsMS9zdG9yaWVzLWVzLXN5bmMva0ZVSE4xUWY2N2s?alt=json HTTP/1.1" 200 None
2022-05-25 11:07:43,267 DEBUG    urllib3.connectionpool https://cloudfunctions.googleapis.com:443 "GET /v1/operations/Y3Jvd2RyaWZmLXN0b3JpZXMtcHJvZC91cy1jZW50cmFsMS9zdG9yaWVzLWVzLXN5bmMva0ZVSE4xUWY2N2s?alt=json HTTP/1.1" 200 None
2022-05-25 11:07:44,895 DEBUG    urllib3.connectionpool https://cloudfunctions.googleapis.com:443 "GET /v1/operations/Y3Jvd2RyaWZmLXN0b3JpZXMtcHJvZC91cy1jZW50cmFsMS9zdG9yaWVzLWVzLXN5bmMva0ZVSE4xUWY2N2s?alt=json HTTP/1.1" 200 None
2022-05-25 11:07:46,556 DEBUG    urllib3.connectionpool https://cloudfunctions.googleapis.com:443 "GET /v1/operations/Y3Jvd2RyaWZmLXN0b3JpZXMtcHJvZC91cy1jZW50cmFsMS9zdG9yaWVzLWVzLXN5bmMva0ZVSE4xUWY2N2s?alt=json HTTP/1.1" 200 None
2022-05-25 11:07:48,627 DEBUG    urllib3.connectionpool https://cloudfunctions.googleapis.com:443 "GET /v1/operations/Y3Jvd2RyaWZmLXN0b3JpZXMtcHJvZC91cy1jZW50cmFsMS9zdG9yaWVzLWVzLXN5bmMva0ZVSE4xUWY2N2s?alt=json HTTP/1.1" 200 None
2022-05-25 11:07:50,398 DEBUG    urllib3.connectionpool https://cloudfunctions.googleapis.com:443 "GET /v1/operations/Y3Jvd2RyaWZmLXN0b3JpZXMtcHJvZC91cy1jZW50cmFsMS9zdG9yaWVzLWVzLXN5bmMva0ZVSE4xUWY2N2s?alt=json HTTP/1.1" 200 None
2022-05-25 11:07:51,650 DEBUG    urllib3.connectionpool https://cloudfunctions.googleapis.com:443 "GET /v1/operations/Y3Jvd2RyaWZmLXN0b3JpZXMtcHJvZC91cy1jZW50cmFsMS9zdG9yaWVzLWVzLXN5bmMva0ZVSE4xUWY2N2s?alt=json HTTP/1.1" 200 None
2022-05-25 11:07:53,784 DEBUG    urllib3.connectionpool https://cloudfunctions.googleapis.com:443 "GET /v1/operations/Y3Jvd2RyaWZmLXN0b3JpZXMtcHJvZC91cy1jZW50cmFsMS9zdG9yaWVzLWVzLXN5bmMva0ZVSE4xUWY2N2s?alt=json HTTP/1.1" 200 None
2022-05-25 11:07:55,566 DEBUG    urllib3.connectionpool https://cloudfunctions.googleapis.com:443 "GET /v1/operations/Y3Jvd2RyaWZmLXN0b3JpZXMtcHJvZC91cy1jZW50cmFsMS9zdG9yaWVzLWVzLXN5bmMva0ZVSE4xUWY2N2s?alt=json HTTP/1.1" 200 None
2022-05-25 11:07:57,299 DEBUG    urllib3.connectionpool https://cloudfunctions.googleapis.com:443 "GET /v1/operations/Y3Jvd2RyaWZmLXN0b3JpZXMtcHJvZC91cy1jZW50cmFsMS9zdG9yaWVzLWVzLXN5bmMva0ZVSE4xUWY2N2s?alt=json HTTP/1.1" 200 None
2022-05-25 11:07:59,376 DEBUG    urllib3.connectionpool https://cloudfunctions.googleapis.com:443 "GET /v1/operations/Y3Jvd2RyaWZmLXN0b3JpZXMtcHJvZC91cy1jZW50cmFsMS9zdG9yaWVzLWVzLXN5bmMva0ZVSE4xUWY2N2s?alt=json HTTP/1.1" 200 None
2022-05-25 11:08:00,803 DEBUG    urllib3.connectionpool https://cloudfunctions.googleapis.com:443 "GET /v1/operations/Y3Jvd2RyaWZmLXN0b3JpZXMtcHJvZC91cy1jZW50cmFsMS9zdG9yaWVzLWVzLXN5bmMva0ZVSE4xUWY2N2s?alt=json HTTP/1.1" 200 None
2022-05-25 11:08:02,903 DEBUG    urllib3.connectionpool https://cloudfunctions.googleapis.com:443 "GET /v1/operations/Y3Jvd2RyaWZmLXN0b3JpZXMtcHJvZC91cy1jZW50cmFsMS9zdG9yaWVzLWVzLXN5bmMva0ZVSE4xUWY2N2s?alt=json HTTP/1.1" 200 None
2022-05-25 11:08:04,189 DEBUG    urllib3.connectionpool https://cloudfunctions.googleapis.com:443 "GET /v1/operations/Y3Jvd2RyaWZmLXN0b3JpZXMtcHJvZC91cy1jZW50cmFsMS9zdG9yaWVzLWVzLXN5bmMva0ZVSE4xUWY2N2s?alt=json HTTP/1.1" 200 None
2022-05-25 11:08:05,816 DEBUG    urllib3.connectionpool https://cloudfunctions.googleapis.com:443 "GET /v1/operations/Y3Jvd2RyaWZmLXN0b3JpZXMtcHJvZC91cy1jZW50cmFsMS9zdG9yaWVzLWVzLXN5bmMva0ZVSE4xUWY2N2s?alt=json HTTP/1.1" 200 None
2022-05-25 11:08:07,188 DEBUG    urllib3.connectionpool https://cloudfunctions.googleapis.com:443 "GET /v1/operations/Y3Jvd2RyaWZmLXN0b3JpZXMtcHJvZC91cy1jZW50cmFsMS9zdG9yaWVzLWVzLXN5bmMva0ZVSE4xUWY2N2s?alt=json HTTP/1.1" 200 None
2022-05-25 11:08:09,284 DEBUG    urllib3.connectionpool https://cloudfunctions.googleapis.com:443 "GET /v1/operations/Y3Jvd2RyaWZmLXN0b3JpZXMtcHJvZC91cy1jZW50cmFsMS9zdG9yaWVzLWVzLXN5bmMva0ZVSE4xUWY2N2s?alt=json HTTP/1.1" 200 None
2022-05-25 11:08:11,122 DEBUG    urllib3.connectionpool https://cloudfunctions.googleapis.com:443 "GET /v1/operations/Y3Jvd2RyaWZmLXN0b3JpZXMtcHJvZC91cy1jZW50cmFsMS9zdG9yaWVzLWVzLXN5bmMva0ZVSE4xUWY2N2s?alt=json HTTP/1.1" 200 None
2022-05-25 11:08:12,678 DEBUG    urllib3.connectionpool https://cloudfunctions.googleapis.com:443 "GET /v1/operations/Y3Jvd2RyaWZmLXN0b3JpZXMtcHJvZC91cy1jZW50cmFsMS9zdG9yaWVzLWVzLXN5bmMva0ZVSE4xUWY2N2s?alt=json HTTP/1.1" 200 None
2022-05-25 11:08:14,185 DEBUG    urllib3.connectionpool https://cloudfunctions.googleapis.com:443 "GET /v1/operations/Y3Jvd2RyaWZmLXN0b3JpZXMtcHJvZC91cy1jZW50cmFsMS9zdG9yaWVzLWVzLXN5bmMva0ZVSE4xUWY2N2s?alt=json HTTP/1.1" 200 None
2022-05-25 11:08:15,794 DEBUG    urllib3.connectionpool https://cloudfunctions.googleapis.com:443 "GET /v1/operations/Y3Jvd2RyaWZmLXN0b3JpZXMtcHJvZC91cy1jZW50cmFsMS9zdG9yaWVzLWVzLXN5bmMva0ZVSE4xUWY2N2s?alt=json HTTP/1.1" 200 None
2022-05-25 11:08:17,187 DEBUG    urllib3.connectionpool https://cloudfunctions.googleapis.com:443 "GET /v1/operations/Y3Jvd2RyaWZmLXN0b3JpZXMtcHJvZC91cy1jZW50cmFsMS9zdG9yaWVzLWVzLXN5bmMva0ZVSE4xUWY2N2s?alt=json HTTP/1.1" 200 None
2022-05-25 11:08:19,013 DEBUG    urllib3.connectionpool https://cloudfunctions.googleapis.com:443 "GET /v1/operations/Y3Jvd2RyaWZmLXN0b3JpZXMtcHJvZC91cy1jZW50cmFsMS9zdG9yaWVzLWVzLXN5bmMva0ZVSE4xUWY2N2s?alt=json HTTP/1.1" 200 None
2022-05-25 11:08:20,550 DEBUG    urllib3.connectionpool https://cloudfunctions.googleapis.com:443 "GET /v1/operations/Y3Jvd2RyaWZmLXN0b3JpZXMtcHJvZC91cy1jZW50cmFsMS9zdG9yaWVzLWVzLXN5bmMva0ZVSE4xUWY2N2s?alt=json HTTP/1.1" 200 None
2022-05-25 11:08:21,794 DEBUG    urllib3.connectionpool https://cloudfunctions.googleapis.com:443 "GET /v1/operations/Y3Jvd2RyaWZmLXN0b3JpZXMtcHJvZC91cy1jZW50cmFsMS9zdG9yaWVzLWVzLXN5bmMva0ZVSE4xUWY2N2s?alt=json HTTP/1.1" 200 None
2022-05-25 11:08:23,601 DEBUG    urllib3.connectionpool https://cloudfunctions.googleapis.com:443 "GET /v1/operations/Y3Jvd2RyaWZmLXN0b3JpZXMtcHJvZC91cy1jZW50cmFsMS9zdG9yaWVzLWVzLXN5bmMva0ZVSE4xUWY2N2s?alt=json HTTP/1.1" 200 None
2022-05-25 11:08:24,792 DEBUG    urllib3.connectionpool https://cloudfunctions.googleapis.com:443 "GET /v1/operations/Y3Jvd2RyaWZmLXN0b3JpZXMtcHJvZC91cy1jZW50cmFsMS9zdG9yaWVzLWVzLXN5bmMva0ZVSE4xUWY2N2s?alt=json HTTP/1.1" 200 None
2022-05-25 11:08:26,859 DEBUG    urllib3.connectionpool https://cloudfunctions.googleapis.com:443 "GET /v1/operations/Y3Jvd2RyaWZmLXN0b3JpZXMtcHJvZC91cy1jZW50cmFsMS9zdG9yaWVzLWVzLXN5bmMva0ZVSE4xUWY2N2s?alt=json HTTP/1.1" 200 None
2022-05-25 11:08:28,170 DEBUG    urllib3.connectionpool https://cloudfunctions.googleapis.com:443 "GET /v1/operations/Y3Jvd2RyaWZmLXN0b3JpZXMtcHJvZC91cy1jZW50cmFsMS9zdG9yaWVzLWVzLXN5bmMva0ZVSE4xUWY2N2s?alt=json HTTP/1.1" 200 None
2022-05-25 11:08:29,854 DEBUG    urllib3.connectionpool https://cloudfunctions.googleapis.com:443 "GET /v1/operations/Y3Jvd2RyaWZmLXN0b3JpZXMtcHJvZC91cy1jZW50cmFsMS9zdG9yaWVzLWVzLXN5bmMva0ZVSE4xUWY2N2s?alt=json HTTP/1.1" 200 None
2022-05-25 11:08:31,158 DEBUG    urllib3.connectionpool https://cloudfunctions.googleapis.com:443 "GET /v1/operations/Y3Jvd2RyaWZmLXN0b3JpZXMtcHJvZC91cy1jZW50cmFsMS9zdG9yaWVzLWVzLXN5bmMva0ZVSE4xUWY2N2s?alt=json HTTP/1.1" 200 None
2022-05-25 11:08:33,250 DEBUG    urllib3.connectionpool https://cloudfunctions.googleapis.com:443 "GET /v1/operations/Y3Jvd2RyaWZmLXN0b3JpZXMtcHJvZC91cy1jZW50cmFsMS9zdG9yaWVzLWVzLXN5bmMva0ZVSE4xUWY2N2s?alt=json HTTP/1.1" 200 None
2022-05-25 11:08:34,644 DEBUG    urllib3.connectionpool https://cloudfunctions.googleapis.com:443 "GET /v1/operations/Y3Jvd2RyaWZmLXN0b3JpZXMtcHJvZC91cy1jZW50cmFsMS9zdG9yaWVzLWVzLXN5bmMva0ZVSE4xUWY2N2s?alt=json HTTP/1.1" 200 None
2022-05-25 11:08:36,022 DEBUG    urllib3.connectionpool https://cloudfunctions.googleapis.com:443 "GET /v1/operations/Y3Jvd2RyaWZmLXN0b3JpZXMtcHJvZC91cy1jZW50cmFsMS9zdG9yaWVzLWVzLXN5bmMva0ZVSE4xUWY2N2s?alt=json HTTP/1.1" 200 None
2022-05-25 11:08:37,268 DEBUG    urllib3.connectionpool https://cloudfunctions.googleapis.com:443 "GET /v1/operations/Y3Jvd2RyaWZmLXN0b3JpZXMtcHJvZC91cy1jZW50cmFsMS9zdG9yaWVzLWVzLXN5bmMva0ZVSE4xUWY2N2s?alt=json HTTP/1.1" 200 None
2022-05-25 11:08:38,852 DEBUG    urllib3.connectionpool https://cloudfunctions.googleapis.com:443 "GET /v1/operations/Y3Jvd2RyaWZmLXN0b3JpZXMtcHJvZC91cy1jZW50cmFsMS9zdG9yaWVzLWVzLXN5bmMva0ZVSE4xUWY2N2s?alt=json HTTP/1.1" 200 None
2022-05-25 11:08:40,989 DEBUG    urllib3.connectionpool https://cloudfunctions.googleapis.com:443 "GET /v1/operations/Y3Jvd2RyaWZmLXN0b3JpZXMtcHJvZC91cy1jZW50cmFsMS9zdG9yaWVzLWVzLXN5bmMva0ZVSE4xUWY2N2s?alt=json HTTP/1.1" 200 None
2022-05-25 11:08:42,759 DEBUG    urllib3.connectionpool https://cloudfunctions.googleapis.com:443 "GET /v1/operations/Y3Jvd2RyaWZmLXN0b3JpZXMtcHJvZC91cy1jZW50cmFsMS9zdG9yaWVzLWVzLXN5bmMva0ZVSE4xUWY2N2s?alt=json HTTP/1.1" 200 None
2022-05-25 11:08:44,286 DEBUG    urllib3.connectionpool https://cloudfunctions.googleapis.com:443 "GET /v1/operations/Y3Jvd2RyaWZmLXN0b3JpZXMtcHJvZC91cy1jZW50cmFsMS9zdG9yaWVzLWVzLXN5bmMva0ZVSE4xUWY2N2s?alt=json HTTP/1.1" 200 None
2022-05-25 11:08:45,451 DEBUG    urllib3.connectionpool https://cloudfunctions.googleapis.com:443 "GET /v1/operations/Y3Jvd2RyaWZmLXN0b3JpZXMtcHJvZC91cy1jZW50cmFsMS9zdG9yaWVzLWVzLXN5bmMva0ZVSE4xUWY2N2s?alt=json HTTP/1.1" 200 None
2022-05-25 11:08:46,748 DEBUG    urllib3.connectionpool https://cloudfunctions.googleapis.com:443 "GET /v1/operations/Y3Jvd2RyaWZmLXN0b3JpZXMtcHJvZC91cy1jZW50cmFsMS9zdG9yaWVzLWVzLXN5bmMva0ZVSE4xUWY2N2s?alt=json HTTP/1.1" 200 None
2022-05-25 11:08:47,913 DEBUG    urllib3.connectionpool https://cloudfunctions.googleapis.com:443 "GET /v1/operations/Y3Jvd2RyaWZmLXN0b3JpZXMtcHJvZC91cy1jZW50cmFsMS9zdG9yaWVzLWVzLXN5bmMva0ZVSE4xUWY2N2s?alt=json HTTP/1.1" 200 None
2022-05-25 11:08:49,885 DEBUG    urllib3.connectionpool https://cloudfunctions.googleapis.com:443 "GET /v1/operations/Y3Jvd2RyaWZmLXN0b3JpZXMtcHJvZC91cy1jZW50cmFsMS9zdG9yaWVzLWVzLXN5bmMva0ZVSE4xUWY2N2s?alt=json HTTP/1.1" 200 None
2022-05-25 11:08:51,250 DEBUG    urllib3.connectionpool https://cloudfunctions.googleapis.com:443 "GET /v1/operations/Y3Jvd2RyaWZmLXN0b3JpZXMtcHJvZC91cy1jZW50cmFsMS9zdG9yaWVzLWVzLXN5bmMva0ZVSE4xUWY2N2s?alt=json HTTP/1.1" 200 None
2022-05-25 11:08:53,214 DEBUG    urllib3.connectionpool https://cloudfunctions.googleapis.com:443 "GET /v1/operations/Y3Jvd2RyaWZmLXN0b3JpZXMtcHJvZC91cy1jZW50cmFsMS9zdG9yaWVzLWVzLXN5bmMva0ZVSE4xUWY2N2s?alt=json HTTP/1.1" 200 None
2022-05-25 11:08:55,203 DEBUG    urllib3.connectionpool https://cloudfunctions.googleapis.com:443 "GET /v1/operations/Y3Jvd2RyaWZmLXN0b3JpZXMtcHJvZC91cy1jZW50cmFsMS9zdG9yaWVzLWVzLXN5bmMva0ZVSE4xUWY2N2s?alt=json HTTP/1.1" 200 None
2022-05-25 11:08:56,927 DEBUG    urllib3.connectionpool https://cloudfunctions.googleapis.com:443 "GET /v1/operations/Y3Jvd2RyaWZmLXN0b3JpZXMtcHJvZC91cy1jZW50cmFsMS9zdG9yaWVzLWVzLXN5bmMva0ZVSE4xUWY2N2s?alt=json HTTP/1.1" 200 None
2022-05-25 11:08:58,333 DEBUG    urllib3.connectionpool https://cloudfunctions.googleapis.com:443 "GET /v1/operations/Y3Jvd2RyaWZmLXN0b3JpZXMtcHJvZC91cy1jZW50cmFsMS9zdG9yaWVzLWVzLXN5bmMva0ZVSE4xUWY2N2s?alt=json HTTP/1.1" 200 None
2022-05-25 11:09:00,495 DEBUG    urllib3.connectionpool https://cloudfunctions.googleapis.com:443 "GET /v1/operations/Y3Jvd2RyaWZmLXN0b3JpZXMtcHJvZC91cy1jZW50cmFsMS9zdG9yaWVzLWVzLXN5bmMva0ZVSE4xUWY2N2s?alt=json HTTP/1.1" 200 None
2022-05-25 11:09:02,488 DEBUG    urllib3.connectionpool https://cloudfunctions.googleapis.com:443 "GET /v1/operations/Y3Jvd2RyaWZmLXN0b3JpZXMtcHJvZC91cy1jZW50cmFsMS9zdG9yaWVzLWVzLXN5bmMva0ZVSE4xUWY2N2s?alt=json HTTP/1.1" 200 None
2022-05-25 11:09:04,295 DEBUG    urllib3.connectionpool https://cloudfunctions.googleapis.com:443 "GET /v1/operations/Y3Jvd2RyaWZmLXN0b3JpZXMtcHJvZC91cy1jZW50cmFsMS9zdG9yaWVzLWVzLXN5bmMva0ZVSE4xUWY2N2s?alt=json HTTP/1.1" 200 None
2022-05-25 11:09:06,213 DEBUG    urllib3.connectionpool https://cloudfunctions.googleapis.com:443 "GET /v1/operations/Y3Jvd2RyaWZmLXN0b3JpZXMtcHJvZC91cy1jZW50cmFsMS9zdG9yaWVzLWVzLXN5bmMva0ZVSE4xUWY2N2s?alt=json HTTP/1.1" 200 None
2022-05-25 11:09:07,457 DEBUG    urllib3.connectionpool https://cloudfunctions.googleapis.com:443 "GET /v1/operations/Y3Jvd2RyaWZmLXN0b3JpZXMtcHJvZC91cy1jZW50cmFsMS9zdG9yaWVzLWVzLXN5bmMva0ZVSE4xUWY2N2s?alt=json HTTP/1.1" 200 None
2022-05-25 11:09:09,209 DEBUG    urllib3.connectionpool https://cloudfunctions.googleapis.com:443 "GET /v1/operations/Y3Jvd2RyaWZmLXN0b3JpZXMtcHJvZC91cy1jZW50cmFsMS9zdG9yaWVzLWVzLXN5bmMva0ZVSE4xUWY2N2s?alt=json HTTP/1.1" 200 None
2022-05-25 11:09:10,940 DEBUG    urllib3.connectionpool https://cloudfunctions.googleapis.com:443 "GET /v1/operations/Y3Jvd2RyaWZmLXN0b3JpZXMtcHJvZC91cy1jZW50cmFsMS9zdG9yaWVzLWVzLXN5bmMva0ZVSE4xUWY2N2s?alt=json HTTP/1.1" 200 None
2022-05-25 11:09:12,754 DEBUG    urllib3.connectionpool https://cloudfunctions.googleapis.com:443 "GET /v1/operations/Y3Jvd2RyaWZmLXN0b3JpZXMtcHJvZC91cy1jZW50cmFsMS9zdG9yaWVzLWVzLXN5bmMva0ZVSE4xUWY2N2s?alt=json HTTP/1.1" 200 None
2022-05-25 11:09:14,065 DEBUG    urllib3.connectionpool https://cloudfunctions.googleapis.com:443 "GET /v1/operations/Y3Jvd2RyaWZmLXN0b3JpZXMtcHJvZC91cy1jZW50cmFsMS9zdG9yaWVzLWVzLXN5bmMva0ZVSE4xUWY2N2s?alt=json HTTP/1.1" 200 None
2022-05-25 11:09:16,007 DEBUG    urllib3.connectionpool https://cloudfunctions.googleapis.com:443 "GET /v1/operations/Y3Jvd2RyaWZmLXN0b3JpZXMtcHJvZC91cy1jZW50cmFsMS9zdG9yaWVzLWVzLXN5bmMva0ZVSE4xUWY2N2s?alt=json HTTP/1.1" 200 None
2022-05-25 11:09:17,719 DEBUG    urllib3.connectionpool https://cloudfunctions.googleapis.com:443 "GET /v1/operations/Y3Jvd2RyaWZmLXN0b3JpZXMtcHJvZC91cy1jZW50cmFsMS9zdG9yaWVzLWVzLXN5bmMva0ZVSE4xUWY2N2s?alt=json HTTP/1.1" 200 None
2022-05-25 11:09:19,506 DEBUG    urllib3.connectionpool https://cloudfunctions.googleapis.com:443 "GET /v1/operations/Y3Jvd2RyaWZmLXN0b3JpZXMtcHJvZC91cy1jZW50cmFsMS9zdG9yaWVzLWVzLXN5bmMva0ZVSE4xUWY2N2s?alt=json HTTP/1.1" 200 None
2022-05-25 11:09:20,700 DEBUG    urllib3.connectionpool https://cloudfunctions.googleapis.com:443 "GET /v1/operations/Y3Jvd2RyaWZmLXN0b3JpZXMtcHJvZC91cy1jZW50cmFsMS9zdG9yaWVzLWVzLXN5bmMva0ZVSE4xUWY2N2s?alt=json HTTP/1.1" 200 None
2022-05-25 11:09:22,404 DEBUG    urllib3.connectionpool https://cloudfunctions.googleapis.com:443 "GET /v1/operations/Y3Jvd2RyaWZmLXN0b3JpZXMtcHJvZC91cy1jZW50cmFsMS9zdG9yaWVzLWVzLXN5bmMva0ZVSE4xUWY2N2s?alt=json HTTP/1.1" 200 None
2022-05-25 11:09:24,218 DEBUG    urllib3.connectionpool https://cloudfunctions.googleapis.com:443 "GET /v1/operations/Y3Jvd2RyaWZmLXN0b3JpZXMtcHJvZC91cy1jZW50cmFsMS9zdG9yaWVzLWVzLXN5bmMva0ZVSE4xUWY2N2s?alt=json HTTP/1.1" 200 None
2022-05-25 11:09:25,842 DEBUG    urllib3.connectionpool https://cloudfunctions.googleapis.com:443 "GET /v1/operations/Y3Jvd2RyaWZmLXN0b3JpZXMtcHJvZC91cy1jZW50cmFsMS9zdG9yaWVzLWVzLXN5bmMva0ZVSE4xUWY2N2s?alt=json HTTP/1.1" 200 None
2022-05-25 11:09:27,262 DEBUG    urllib3.connectionpool https://cloudfunctions.googleapis.com:443 "GET /v1/operations/Y3Jvd2RyaWZmLXN0b3JpZXMtcHJvZC91cy1jZW50cmFsMS9zdG9yaWVzLWVzLXN5bmMva0ZVSE4xUWY2N2s?alt=json HTTP/1.1" 200 None
2022-05-25 11:09:28,802 DEBUG    urllib3.connectionpool https://cloudfunctions.googleapis.com:443 "GET /v1/operations/Y3Jvd2RyaWZmLXN0b3JpZXMtcHJvZC91cy1jZW50cmFsMS9zdG9yaWVzLWVzLXN5bmMva0ZVSE4xUWY2N2s?alt=json HTTP/1.1" 200 None
2022-05-25 11:09:30,243 DEBUG    urllib3.connectionpool https://cloudfunctions.googleapis.com:443 "GET /v1/operations/Y3Jvd2RyaWZmLXN0b3JpZXMtcHJvZC91cy1jZW50cmFsMS9zdG9yaWVzLWVzLXN5bmMva0ZVSE4xUWY2N2s?alt=json HTTP/1.1" 200 None
2022-05-25 11:09:31,651 DEBUG    urllib3.connectionpool https://cloudfunctions.googleapis.com:443 "GET /v1/operations/Y3Jvd2RyaWZmLXN0b3JpZXMtcHJvZC91cy1jZW50cmFsMS9zdG9yaWVzLWVzLXN5bmMva0ZVSE4xUWY2N2s?alt=json HTTP/1.1" 200 None
2022-05-25 11:09:33,156 DEBUG    urllib3.connectionpool https://cloudfunctions.googleapis.com:443 "GET /v1/operations/Y3Jvd2RyaWZmLXN0b3JpZXMtcHJvZC91cy1jZW50cmFsMS9zdG9yaWVzLWVzLXN5bmMva0ZVSE4xUWY2N2s?alt=json HTTP/1.1" 200 None
2022-05-25 11:09:33,243 DEBUG    urllib3.connectionpool Starting new HTTPS connection (1): cloudfunctions.googleapis.com:443
2022-05-25 11:09:33,425 DEBUG    urllib3.connectionpool https://cloudfunctions.googleapis.com:443 "GET /v1/projects/crowdriff-stories-prod/locations/us-central1/functions/stories-es-sync?alt=json HTTP/1.1" 200 None
2022-05-25 11:09:33,460 INFO     root            Display format: "default"
2022-05-25 11:09:33,474 INFO     ___FILE_ONLY___ availableMemoryMb
2022-05-25 11:09:33,474 INFO     ___FILE_ONLY___ :
2022-05-25 11:09:33,475 INFO     ___FILE_ONLY___  
2022-05-25 11:09:33,475 INFO     ___FILE_ONLY___ 256
2022-05-25 11:09:33,475 INFO     ___FILE_ONLY___ 

2022-05-25 11:09:33,475 INFO     ___FILE_ONLY___ buildId
2022-05-25 11:09:33,475 INFO     ___FILE_ONLY___ :
2022-05-25 11:09:33,475 INFO     ___FILE_ONLY___  
2022-05-25 11:09:33,475 INFO     ___FILE_ONLY___ 72b418d8-16d5-46a3-b65b-e268f3156fd3
2022-05-25 11:09:33,475 INFO     ___FILE_ONLY___ 

2022-05-25 11:09:33,475 INFO     ___FILE_ONLY___ buildName
2022-05-25 11:09:33,475 INFO     ___FILE_ONLY___ :
2022-05-25 11:09:33,476 INFO     ___FILE_ONLY___  
2022-05-25 11:09:33,476 INFO     ___FILE_ONLY___ projects/844241651460/locations/us-central1/builds/72b418d8-16d5-46a3-b65b-e268f3156fd3
2022-05-25 11:09:33,476 INFO     ___FILE_ONLY___ 

2022-05-25 11:09:33,476 INFO     ___FILE_ONLY___ dockerRegistry
2022-05-25 11:09:33,476 INFO     ___FILE_ONLY___ :
2022-05-25 11:09:33,476 INFO     ___FILE_ONLY___  
2022-05-25 11:09:33,476 INFO     ___FILE_ONLY___ CONTAINER_REGISTRY
2022-05-25 11:09:33,476 INFO     ___FILE_ONLY___ 

2022-05-25 11:09:33,476 INFO     ___FILE_ONLY___ entryPoint
2022-05-25 11:09:33,476 INFO     ___FILE_ONLY___ :
2022-05-25 11:09:33,476 INFO     ___FILE_ONLY___  
2022-05-25 11:09:33,476 INFO     ___FILE_ONLY___ entrypoint
2022-05-25 11:09:33,476 INFO     ___FILE_ONLY___ 

2022-05-25 11:09:33,476 INFO     ___FILE_ONLY___ environmentVariables
2022-05-25 11:09:33,476 INFO     ___FILE_ONLY___ :
2022-05-25 11:09:33,476 INFO     ___FILE_ONLY___ 

2022-05-25 11:09:33,476 INFO     ___FILE_ONLY___   
2022-05-25 11:09:33,476 INFO     ___FILE_ONLY___ GATEWAY_BASE
2022-05-25 11:09:33,476 INFO     ___FILE_ONLY___ :
2022-05-25 11:09:33,476 INFO     ___FILE_ONLY___  
2022-05-25 11:09:33,476 INFO     ___FILE_ONLY___ https://story-network-gateway.derp.website
2022-05-25 11:09:33,476 INFO     ___FILE_ONLY___ 

2022-05-25 11:09:33,476 INFO     ___FILE_ONLY___   
2022-05-25 11:09:33,476 INFO     ___FILE_ONLY___ GOOGLE_CLOUD_PROJECT
2022-05-25 11:09:33,476 INFO     ___FILE_ONLY___ :
2022-05-25 11:09:33,476 INFO     ___FILE_ONLY___  
2022-05-25 11:09:33,477 INFO     ___FILE_ONLY___ crowdriff-stories-dev
2022-05-25 11:09:33,477 INFO     ___FILE_ONLY___ 

2022-05-25 11:09:33,477 INFO     ___FILE_ONLY___   
2022-05-25 11:09:33,477 INFO     ___FILE_ONLY___ NODE_ENV
2022-05-25 11:09:33,477 INFO     ___FILE_ONLY___ :
2022-05-25 11:09:33,477 INFO     ___FILE_ONLY___  
2022-05-25 11:09:33,477 INFO     ___FILE_ONLY___ development
2022-05-25 11:09:33,477 INFO     ___FILE_ONLY___ 

2022-05-25 11:09:33,477 INFO     ___FILE_ONLY___   
2022-05-25 11:09:33,477 INFO     ___FILE_ONLY___ NODE_PATH
2022-05-25 11:09:33,477 INFO     ___FILE_ONLY___ :
2022-05-25 11:09:33,477 INFO     ___FILE_ONLY___  
2022-05-25 11:09:33,477 INFO     ___FILE_ONLY___ .
2022-05-25 11:09:33,477 INFO     ___FILE_ONLY___ 

2022-05-25 11:09:33,477 INFO     ___FILE_ONLY___   
2022-05-25 11:09:33,478 INFO     ___FILE_ONLY___ PUB_SUB_TOPIC
2022-05-25 11:09:33,478 INFO     ___FILE_ONLY___ :
2022-05-25 11:09:33,478 INFO     ___FILE_ONLY___  
2022-05-25 11:09:33,478 INFO     ___FILE_ONLY___ stories-es-sync
2022-05-25 11:09:33,478 INFO     ___FILE_ONLY___ 

2022-05-25 11:09:33,478 INFO     ___FILE_ONLY___   
2022-05-25 11:09:33,478 INFO     ___FILE_ONLY___ SERVICE_ACCOUNT
2022-05-25 11:09:33,478 INFO     ___FILE_ONLY___ :
2022-05-25 11:09:33,478 INFO     ___FILE_ONLY___  
2022-05-25 11:09:33,478 INFO     ___FILE_ONLY___ github-actions@crowdriff-stories-dev.iam.gserviceaccount.com
2022-05-25 11:09:33,478 INFO     ___FILE_ONLY___ 

2022-05-25 11:09:33,478 INFO     ___FILE_ONLY___ eventTrigger
2022-05-25 11:09:33,478 INFO     ___FILE_ONLY___ :
2022-05-25 11:09:33,478 INFO     ___FILE_ONLY___ 

2022-05-25 11:09:33,478 INFO     ___FILE_ONLY___   
2022-05-25 11:09:33,478 INFO     ___FILE_ONLY___ eventType
2022-05-25 11:09:33,479 INFO     ___FILE_ONLY___ :
2022-05-25 11:09:33,479 INFO     ___FILE_ONLY___  
2022-05-25 11:09:33,479 INFO     ___FILE_ONLY___ google.pubsub.topic.publish
2022-05-25 11:09:33,479 INFO     ___FILE_ONLY___ 

2022-05-25 11:09:33,479 INFO     ___FILE_ONLY___   
2022-05-25 11:09:33,479 INFO     ___FILE_ONLY___ failurePolicy
2022-05-25 11:09:33,479 INFO     ___FILE_ONLY___ :
2022-05-25 11:09:33,479 INFO     ___FILE_ONLY___  {
2022-05-25 11:09:33,479 INFO     ___FILE_ONLY___ }
2022-05-25 11:09:33,479 INFO     ___FILE_ONLY___ 

2022-05-25 11:09:33,479 INFO     ___FILE_ONLY___   
2022-05-25 11:09:33,479 INFO     ___FILE_ONLY___ resource
2022-05-25 11:09:33,479 INFO     ___FILE_ONLY___ :
2022-05-25 11:09:33,479 INFO     ___FILE_ONLY___  
2022-05-25 11:09:33,479 INFO     ___FILE_ONLY___ projects/crowdriff-stories-prod/topics/stories-es-sync
2022-05-25 11:09:33,479 INFO     ___FILE_ONLY___ 

2022-05-25 11:09:33,479 INFO     ___FILE_ONLY___   
2022-05-25 11:09:33,479 INFO     ___FILE_ONLY___ service
2022-05-25 11:09:33,479 INFO     ___FILE_ONLY___ :
2022-05-25 11:09:33,479 INFO     ___FILE_ONLY___  
2022-05-25 11:09:33,479 INFO     ___FILE_ONLY___ pubsub.googleapis.com
2022-05-25 11:09:33,479 INFO     ___FILE_ONLY___ 

2022-05-25 11:09:33,479 INFO     ___FILE_ONLY___ ingressSettings
2022-05-25 11:09:33,480 INFO     ___FILE_ONLY___ :
2022-05-25 11:09:33,480 INFO     ___FILE_ONLY___  
2022-05-25 11:09:33,480 INFO     ___FILE_ONLY___ ALLOW_ALL
2022-05-25 11:09:33,480 INFO     ___FILE_ONLY___ 

2022-05-25 11:09:33,480 INFO     ___FILE_ONLY___ labels
2022-05-25 11:09:33,480 INFO     ___FILE_ONLY___ :
2022-05-25 11:09:33,480 INFO     ___FILE_ONLY___ 

2022-05-25 11:09:33,480 INFO     ___FILE_ONLY___   
2022-05-25 11:09:33,480 INFO     ___FILE_ONLY___ deployment-tool
2022-05-25 11:09:33,480 INFO     ___FILE_ONLY___ :
2022-05-25 11:09:33,480 INFO     ___FILE_ONLY___  
2022-05-25 11:09:33,480 INFO     ___FILE_ONLY___ cli-gcloud
2022-05-25 11:09:33,480 INFO     ___FILE_ONLY___ 

2022-05-25 11:09:33,480 INFO     ___FILE_ONLY___ name
2022-05-25 11:09:33,480 INFO     ___FILE_ONLY___ :
2022-05-25 11:09:33,481 INFO     ___FILE_ONLY___  
2022-05-25 11:09:33,481 INFO     ___FILE_ONLY___ projects/crowdriff-stories-prod/locations/us-central1/functions/stories-es-sync
2022-05-25 11:09:33,481 INFO     ___FILE_ONLY___ 

2022-05-25 11:09:33,481 INFO     ___FILE_ONLY___ runtime
2022-05-25 11:09:33,481 INFO     ___FILE_ONLY___ :
2022-05-25 11:09:33,481 INFO     ___FILE_ONLY___  
2022-05-25 11:09:33,481 INFO     ___FILE_ONLY___ nodejs14
2022-05-25 11:09:33,481 INFO     ___FILE_ONLY___ 

2022-05-25 11:09:33,481 INFO     ___FILE_ONLY___ serviceAccountEmail
2022-05-25 11:09:33,481 INFO     ___FILE_ONLY___ :
2022-05-25 11:09:33,482 INFO     ___FILE_ONLY___  
2022-05-25 11:09:33,482 INFO     ___FILE_ONLY___ crowdriff-stories-prod@appspot.gserviceaccount.com
2022-05-25 11:09:33,482 INFO     ___FILE_ONLY___ 

2022-05-25 11:09:33,482 INFO     ___FILE_ONLY___ sourceUploadUrl
2022-05-25 11:09:33,482 INFO     ___FILE_ONLY___ :
2022-05-25 11:09:33,482 INFO     ___FILE_ONLY___  
2022-05-25 11:09:33,482 INFO     ___FILE_ONLY___ https://storage.googleapis.com/uploads-447683951867.us-central1.cloudfunctions.appspot.com/284a7c0a-972c-4115-826b-577f2a5d34f8.zip
2022-05-25 11:09:33,482 INFO     ___FILE_ONLY___ 

2022-05-25 11:09:33,482 INFO     ___FILE_ONLY___ status
2022-05-25 11:09:33,482 INFO     ___FILE_ONLY___ :
2022-05-25 11:09:33,482 INFO     ___FILE_ONLY___  
2022-05-25 11:09:33,482 INFO     ___FILE_ONLY___ ACTIVE
2022-05-25 11:09:33,482 INFO     ___FILE_ONLY___ 

2022-05-25 11:09:33,482 INFO     ___FILE_ONLY___ timeout
2022-05-25 11:09:33,482 INFO     ___FILE_ONLY___ :
2022-05-25 11:09:33,482 INFO     ___FILE_ONLY___  
2022-05-25 11:09:33,482 INFO     ___FILE_ONLY___ 540s
2022-05-25 11:09:33,482 INFO     ___FILE_ONLY___ 

2022-05-25 11:09:33,482 INFO     ___FILE_ONLY___ updateTime
2022-05-25 11:09:33,482 INFO     ___FILE_ONLY___ :
2022-05-25 11:09:33,482 INFO     ___FILE_ONLY___  '
2022-05-25 11:09:33,482 INFO     ___FILE_ONLY___ 2022-05-25T15:09:32.378Z
2022-05-25 11:09:33,482 INFO     ___FILE_ONLY___ '
2022-05-25 11:09:33,482 INFO     ___FILE_ONLY___ 

2022-05-25 11:09:33,482 INFO     ___FILE_ONLY___ versionId
2022-05-25 11:09:33,483 INFO     ___FILE_ONLY___ :
2022-05-25 11:09:33,483 INFO     ___FILE_ONLY___  '
2022-05-25 11:09:33,483 INFO     ___FILE_ONLY___ 5
2022-05-25 11:09:33,483 INFO     ___FILE_ONLY___ '
2022-05-25 11:09:33,483 INFO     ___FILE_ONLY___ 

2022-05-25 11:09:33,493 INFO     ___FILE_ONLY___ 

Updates are available for some Google Cloud CLI components.  To install them,
please run:
  $ gcloud components update


2022-05-25 11:09:33,521 DEBUG    root            Metrics reporting process started...
