2022-05-25 11:42:06,912 DEBUG    root            Loaded Command Group: ['gcloud', 'functions']
2022-05-25 11:42:06,948 DEBUG    root            Loaded Command Group: ['gcloud', 'functions', 'deploy']
2022-05-25 11:42:06,957 DEBUG    root            Running [gcloud.functions.deploy] with arguments: [--entry-point: "entrypoint", --env-vars-file: "{'NODE_ENV': 'development', 'NODE_PATH': '.', 'GATEWAY_BASE': 'https://story-network-gateway.derp.website', 'SERVICE_ACCOUNT': 'github-actions@crowdriff-stories-dev.iam.gserviceaccount.com', 'GOOGLE_CLOUD_PROJECT': 'crowdriff-stories-dev', 'PUB_SUB_TOPIC': 'stories-es-sync'}", --memory: "256Mi", --runtime: "nodejs14", --source: "dist/", --timeout: "540", --trigger-topic: "stories-es-sync", NAME: "stories-es-sync"]
2022-05-25 11:42:07,014 DEBUG    urllib3.connectionpool Starting new HTTPS connection (1): cloudfunctions.googleapis.com:443
2022-05-25 11:42:07,235 DEBUG    urllib3.connectionpool https://cloudfunctions.googleapis.com:443 "GET /v1/projects/crowdriff-stories-dev/locations/us-central1/functions/stories-es-sync?alt=json HTTP/1.1" 200 None
2022-05-25 11:42:07,246 INFO     root            Not using ignore file.
2022-05-25 11:42:07,248 INFO     root            Not using ignore file.
2022-05-25 11:42:07,289 DEBUG    urllib3.connectionpool Starting new HTTPS connection (1): cloudfunctions.googleapis.com:443
2022-05-25 11:42:07,852 DEBUG    urllib3.connectionpool https://cloudfunctions.googleapis.com:443 "POST /v1/projects/crowdriff-stories-dev/locations/us-central1/functions:generateUploadUrl?alt=json HTTP/1.1" 200 None
2022-05-25 11:42:07,902 DEBUG    urllib3.connectionpool Starting new HTTPS connection (1): storage.googleapis.com:443
2022-05-25 11:42:08,156 DEBUG    urllib3.connectionpool https://storage.googleapis.com:443 "PUT /uploads-556841579775.us-central1.cloudfunctions.appspot.com/4b0e24fc-51a2-4694-be75-c944dd8228d9.zip?GoogleAccessId=service-31098141265%40gcf-admin-robot.iam.gserviceaccount.com&Expires=1653495127&Signature=sN7%2BlJ3WjnGYj2ySQjwXbwwQzKUgdcJhUUMRyHsoW1XiT7d1VGF%2BNDvhnvYgUAXjUYxQX7A%2F%2FeLz0LqG6pA0vKUJyp5OQl3WaKWOD%2FPhxI%2FY8XWBL%2Fxzp315lq6DQB9ZHhOt9O1mG%2FXyAIynMVIAOLiW56G2hhvf9TwpxiIjmNkQXv3FGBBtzewCgD90r4OjkpxMnXjtf61%2F0ItOKAbeT%2FkHUmPVJSZA7VJBvtBIhmzEJSsUBeSSkEvViSydlSFX%2Fa8zjKluZxvp2qiZO0dss4Zgy13jVqGE3Emmaw1Gwj%2FTgUmgxKCZMsPFCMJi07e1Ed%2BIaTdK53CkSDV1lWhD1g%3D%3D HTTP/1.1" 200 0
2022-05-25 11:42:08,167 DEBUG    urllib3.connectionpool Starting new HTTPS connection (1): cloudfunctions.googleapis.com:443
2022-05-25 11:42:08,526 DEBUG    urllib3.connectionpool https://cloudfunctions.googleapis.com:443 "PATCH /v1/projects/crowdriff-stories-dev/locations/us-central1/functions/stories-es-sync?alt=json&updateMask=availableMemoryMb%2CentryPoint%2CeventTrigger%2ChttpsTrigger%2Cruntime%2CsourceUploadUrl%2Ctimeout HTTP/1.1" 200 None
2022-05-25 11:42:08,538 INFO     ___FILE_ONLY___ Deploying function (may take a while - up to 2 minutes)...
2022-05-25 11:42:08,542 DEBUG    urllib3.connectionpool Starting new HTTPS connection (1): cloudfunctions.googleapis.com:443
2022-05-25 11:42:08,735 DEBUG    urllib3.connectionpool https://cloudfunctions.googleapis.com:443 "GET /v1/operations/Y3Jvd2RyaWZmLXN0b3JpZXMtZGV2L3VzLWNlbnRyYWwxL3N0b3JpZXMtZXMtc3luYy9yVFVUUmtpcmhCbw?alt=json HTTP/1.1" 200 None
2022-05-25 11:42:10,807 DEBUG    urllib3.connectionpool https://cloudfunctions.googleapis.com:443 "GET /v1/operations/Y3Jvd2RyaWZmLXN0b3JpZXMtZGV2L3VzLWNlbnRyYWwxL3N0b3JpZXMtZXMtc3luYy9yVFVUUmtpcmhCbw?alt=json HTTP/1.1" 200 None
2022-05-25 11:42:12,560 DEBUG    urllib3.connectionpool https://cloudfunctions.googleapis.com:443 "GET /v1/operations/Y3Jvd2RyaWZmLXN0b3JpZXMtZGV2L3VzLWNlbnRyYWwxL3N0b3JpZXMtZXMtc3luYy9yVFVUUmtpcmhCbw?alt=json HTTP/1.1" 200 None
2022-05-25 11:42:12,571 INFO     ___FILE_ONLY___ 
For Cloud Build Logs, visit: https://console.cloud.google.com/cloud-build/builds;region=us-central1/ce391cf8-f7db-443a-8be3-ed0786ac2c43?project=31098141265

2022-05-25 11:42:14,289 DEBUG    urllib3.connectionpool https://cloudfunctions.googleapis.com:443 "GET /v1/operations/Y3Jvd2RyaWZmLXN0b3JpZXMtZGV2L3VzLWNlbnRyYWwxL3N0b3JpZXMtZXMtc3luYy9yVFVUUmtpcmhCbw?alt=json HTTP/1.1" 200 None
2022-05-25 11:42:15,467 DEBUG    urllib3.connectionpool https://cloudfunctions.googleapis.com:443 "GET /v1/operations/Y3Jvd2RyaWZmLXN0b3JpZXMtZGV2L3VzLWNlbnRyYWwxL3N0b3JpZXMtZXMtc3luYy9yVFVUUmtpcmhCbw?alt=json HTTP/1.1" 200 None
2022-05-25 11:42:16,649 DEBUG    urllib3.connectionpool https://cloudfunctions.googleapis.com:443 "GET /v1/operations/Y3Jvd2RyaWZmLXN0b3JpZXMtZGV2L3VzLWNlbnRyYWwxL3N0b3JpZXMtZXMtc3luYy9yVFVUUmtpcmhCbw?alt=json HTTP/1.1" 200 None
2022-05-25 11:42:18,479 DEBUG    urllib3.connectionpool https://cloudfunctions.googleapis.com:443 "GET /v1/operations/Y3Jvd2RyaWZmLXN0b3JpZXMtZGV2L3VzLWNlbnRyYWwxL3N0b3JpZXMtZXMtc3luYy9yVFVUUmtpcmhCbw?alt=json HTTP/1.1" 200 None
2022-05-25 11:42:20,037 DEBUG    urllib3.connectionpool https://cloudfunctions.googleapis.com:443 "GET /v1/operations/Y3Jvd2RyaWZmLXN0b3JpZXMtZGV2L3VzLWNlbnRyYWwxL3N0b3JpZXMtZXMtc3luYy9yVFVUUmtpcmhCbw?alt=json HTTP/1.1" 200 None
2022-05-25 11:42:21,588 DEBUG    urllib3.connectionpool https://cloudfunctions.googleapis.com:443 "GET /v1/operations/Y3Jvd2RyaWZmLXN0b3JpZXMtZGV2L3VzLWNlbnRyYWwxL3N0b3JpZXMtZXMtc3luYy9yVFVUUmtpcmhCbw?alt=json HTTP/1.1" 200 None
2022-05-25 11:42:22,794 DEBUG    urllib3.connectionpool https://cloudfunctions.googleapis.com:443 "GET /v1/operations/Y3Jvd2RyaWZmLXN0b3JpZXMtZGV2L3VzLWNlbnRyYWwxL3N0b3JpZXMtZXMtc3luYy9yVFVUUmtpcmhCbw?alt=json HTTP/1.1" 200 None
2022-05-25 11:42:24,066 DEBUG    urllib3.connectionpool https://cloudfunctions.googleapis.com:443 "GET /v1/operations/Y3Jvd2RyaWZmLXN0b3JpZXMtZGV2L3VzLWNlbnRyYWwxL3N0b3JpZXMtZXMtc3luYy9yVFVUUmtpcmhCbw?alt=json HTTP/1.1" 200 None
2022-05-25 11:42:26,047 DEBUG    urllib3.connectionpool https://cloudfunctions.googleapis.com:443 "GET /v1/operations/Y3Jvd2RyaWZmLXN0b3JpZXMtZGV2L3VzLWNlbnRyYWwxL3N0b3JpZXMtZXMtc3luYy9yVFVUUmtpcmhCbw?alt=json HTTP/1.1" 200 None
2022-05-25 11:42:27,370 DEBUG    urllib3.connectionpool https://cloudfunctions.googleapis.com:443 "GET /v1/operations/Y3Jvd2RyaWZmLXN0b3JpZXMtZGV2L3VzLWNlbnRyYWwxL3N0b3JpZXMtZXMtc3luYy9yVFVUUmtpcmhCbw?alt=json HTTP/1.1" 200 None
2022-05-25 11:42:28,792 DEBUG    urllib3.connectionpool https://cloudfunctions.googleapis.com:443 "GET /v1/operations/Y3Jvd2RyaWZmLXN0b3JpZXMtZGV2L3VzLWNlbnRyYWwxL3N0b3JpZXMtZXMtc3luYy9yVFVUUmtpcmhCbw?alt=json HTTP/1.1" 200 None
2022-05-25 11:42:30,035 DEBUG    urllib3.connectionpool https://cloudfunctions.googleapis.com:443 "GET /v1/operations/Y3Jvd2RyaWZmLXN0b3JpZXMtZGV2L3VzLWNlbnRyYWwxL3N0b3JpZXMtZXMtc3luYy9yVFVUUmtpcmhCbw?alt=json HTTP/1.1" 200 None
2022-05-25 11:42:32,018 DEBUG    urllib3.connectionpool https://cloudfunctions.googleapis.com:443 "GET /v1/operations/Y3Jvd2RyaWZmLXN0b3JpZXMtZGV2L3VzLWNlbnRyYWwxL3N0b3JpZXMtZXMtc3luYy9yVFVUUmtpcmhCbw?alt=json HTTP/1.1" 200 None
2022-05-25 11:42:33,724 DEBUG    urllib3.connectionpool https://cloudfunctions.googleapis.com:443 "GET /v1/operations/Y3Jvd2RyaWZmLXN0b3JpZXMtZGV2L3VzLWNlbnRyYWwxL3N0b3JpZXMtZXMtc3luYy9yVFVUUmtpcmhCbw?alt=json HTTP/1.1" 200 None
2022-05-25 11:42:35,106 DEBUG    urllib3.connectionpool https://cloudfunctions.googleapis.com:443 "GET /v1/operations/Y3Jvd2RyaWZmLXN0b3JpZXMtZGV2L3VzLWNlbnRyYWwxL3N0b3JpZXMtZXMtc3luYy9yVFVUUmtpcmhCbw?alt=json HTTP/1.1" 200 None
2022-05-25 11:42:36,789 DEBUG    urllib3.connectionpool https://cloudfunctions.googleapis.com:443 "GET /v1/operations/Y3Jvd2RyaWZmLXN0b3JpZXMtZGV2L3VzLWNlbnRyYWwxL3N0b3JpZXMtZXMtc3luYy9yVFVUUmtpcmhCbw?alt=json HTTP/1.1" 200 None
2022-05-25 11:42:38,566 DEBUG    urllib3.connectionpool https://cloudfunctions.googleapis.com:443 "GET /v1/operations/Y3Jvd2RyaWZmLXN0b3JpZXMtZGV2L3VzLWNlbnRyYWwxL3N0b3JpZXMtZXMtc3luYy9yVFVUUmtpcmhCbw?alt=json HTTP/1.1" 200 None
2022-05-25 11:42:39,912 DEBUG    urllib3.connectionpool https://cloudfunctions.googleapis.com:443 "GET /v1/operations/Y3Jvd2RyaWZmLXN0b3JpZXMtZGV2L3VzLWNlbnRyYWwxL3N0b3JpZXMtZXMtc3luYy9yVFVUUmtpcmhCbw?alt=json HTTP/1.1" 200 None
2022-05-25 11:42:41,236 DEBUG    urllib3.connectionpool https://cloudfunctions.googleapis.com:443 "GET /v1/operations/Y3Jvd2RyaWZmLXN0b3JpZXMtZGV2L3VzLWNlbnRyYWwxL3N0b3JpZXMtZXMtc3luYy9yVFVUUmtpcmhCbw?alt=json HTTP/1.1" 200 None
2022-05-25 11:42:42,912 DEBUG    urllib3.connectionpool https://cloudfunctions.googleapis.com:443 "GET /v1/operations/Y3Jvd2RyaWZmLXN0b3JpZXMtZGV2L3VzLWNlbnRyYWwxL3N0b3JpZXMtZXMtc3luYy9yVFVUUmtpcmhCbw?alt=json HTTP/1.1" 200 None
2022-05-25 11:42:44,661 DEBUG    urllib3.connectionpool https://cloudfunctions.googleapis.com:443 "GET /v1/operations/Y3Jvd2RyaWZmLXN0b3JpZXMtZGV2L3VzLWNlbnRyYWwxL3N0b3JpZXMtZXMtc3luYy9yVFVUUmtpcmhCbw?alt=json HTTP/1.1" 200 None
2022-05-25 11:42:46,776 DEBUG    urllib3.connectionpool https://cloudfunctions.googleapis.com:443 "GET /v1/operations/Y3Jvd2RyaWZmLXN0b3JpZXMtZGV2L3VzLWNlbnRyYWwxL3N0b3JpZXMtZXMtc3luYy9yVFVUUmtpcmhCbw?alt=json HTTP/1.1" 200 None
2022-05-25 11:42:48,834 DEBUG    urllib3.connectionpool https://cloudfunctions.googleapis.com:443 "GET /v1/operations/Y3Jvd2RyaWZmLXN0b3JpZXMtZGV2L3VzLWNlbnRyYWwxL3N0b3JpZXMtZXMtc3luYy9yVFVUUmtpcmhCbw?alt=json HTTP/1.1" 200 None
2022-05-25 11:42:50,020 DEBUG    urllib3.connectionpool https://cloudfunctions.googleapis.com:443 "GET /v1/operations/Y3Jvd2RyaWZmLXN0b3JpZXMtZGV2L3VzLWNlbnRyYWwxL3N0b3JpZXMtZXMtc3luYy9yVFVUUmtpcmhCbw?alt=json HTTP/1.1" 200 None
2022-05-25 11:42:51,385 DEBUG    urllib3.connectionpool https://cloudfunctions.googleapis.com:443 "GET /v1/operations/Y3Jvd2RyaWZmLXN0b3JpZXMtZGV2L3VzLWNlbnRyYWwxL3N0b3JpZXMtZXMtc3luYy9yVFVUUmtpcmhCbw?alt=json HTTP/1.1" 200 None
2022-05-25 11:42:53,112 DEBUG    urllib3.connectionpool https://cloudfunctions.googleapis.com:443 "GET /v1/operations/Y3Jvd2RyaWZmLXN0b3JpZXMtZGV2L3VzLWNlbnRyYWwxL3N0b3JpZXMtZXMtc3luYy9yVFVUUmtpcmhCbw?alt=json HTTP/1.1" 200 None
2022-05-25 11:42:54,974 DEBUG    urllib3.connectionpool https://cloudfunctions.googleapis.com:443 "GET /v1/operations/Y3Jvd2RyaWZmLXN0b3JpZXMtZGV2L3VzLWNlbnRyYWwxL3N0b3JpZXMtZXMtc3luYy9yVFVUUmtpcmhCbw?alt=json HTTP/1.1" 200 None
2022-05-25 11:42:56,733 DEBUG    urllib3.connectionpool https://cloudfunctions.googleapis.com:443 "GET /v1/operations/Y3Jvd2RyaWZmLXN0b3JpZXMtZGV2L3VzLWNlbnRyYWwxL3N0b3JpZXMtZXMtc3luYy9yVFVUUmtpcmhCbw?alt=json HTTP/1.1" 200 None
2022-05-25 11:42:58,683 DEBUG    urllib3.connectionpool https://cloudfunctions.googleapis.com:443 "GET /v1/operations/Y3Jvd2RyaWZmLXN0b3JpZXMtZGV2L3VzLWNlbnRyYWwxL3N0b3JpZXMtZXMtc3luYy9yVFVUUmtpcmhCbw?alt=json HTTP/1.1" 200 None
2022-05-25 11:42:59,999 DEBUG    urllib3.connectionpool https://cloudfunctions.googleapis.com:443 "GET /v1/operations/Y3Jvd2RyaWZmLXN0b3JpZXMtZGV2L3VzLWNlbnRyYWwxL3N0b3JpZXMtZXMtc3luYy9yVFVUUmtpcmhCbw?alt=json HTTP/1.1" 200 None
2022-05-25 11:43:01,181 DEBUG    urllib3.connectionpool https://cloudfunctions.googleapis.com:443 "GET /v1/operations/Y3Jvd2RyaWZmLXN0b3JpZXMtZGV2L3VzLWNlbnRyYWwxL3N0b3JpZXMtZXMtc3luYy9yVFVUUmtpcmhCbw?alt=json HTTP/1.1" 200 None
2022-05-25 11:43:02,982 DEBUG    urllib3.connectionpool https://cloudfunctions.googleapis.com:443 "GET /v1/operations/Y3Jvd2RyaWZmLXN0b3JpZXMtZGV2L3VzLWNlbnRyYWwxL3N0b3JpZXMtZXMtc3luYy9yVFVUUmtpcmhCbw?alt=json HTTP/1.1" 200 None
2022-05-25 11:43:05,020 DEBUG    urllib3.connectionpool https://cloudfunctions.googleapis.com:443 "GET /v1/operations/Y3Jvd2RyaWZmLXN0b3JpZXMtZGV2L3VzLWNlbnRyYWwxL3N0b3JpZXMtZXMtc3luYy9yVFVUUmtpcmhCbw?alt=json HTTP/1.1" 200 None
2022-05-25 11:43:06,351 DEBUG    urllib3.connectionpool https://cloudfunctions.googleapis.com:443 "GET /v1/operations/Y3Jvd2RyaWZmLXN0b3JpZXMtZGV2L3VzLWNlbnRyYWwxL3N0b3JpZXMtZXMtc3luYy9yVFVUUmtpcmhCbw?alt=json HTTP/1.1" 200 None
2022-05-25 11:43:07,916 DEBUG    urllib3.connectionpool https://cloudfunctions.googleapis.com:443 "GET /v1/operations/Y3Jvd2RyaWZmLXN0b3JpZXMtZGV2L3VzLWNlbnRyYWwxL3N0b3JpZXMtZXMtc3luYy9yVFVUUmtpcmhCbw?alt=json HTTP/1.1" 200 None
2022-05-25 11:43:09,927 DEBUG    urllib3.connectionpool https://cloudfunctions.googleapis.com:443 "GET /v1/operations/Y3Jvd2RyaWZmLXN0b3JpZXMtZGV2L3VzLWNlbnRyYWwxL3N0b3JpZXMtZXMtc3luYy9yVFVUUmtpcmhCbw?alt=json HTTP/1.1" 200 None
2022-05-25 11:43:12,011 DEBUG    urllib3.connectionpool https://cloudfunctions.googleapis.com:443 "GET /v1/operations/Y3Jvd2RyaWZmLXN0b3JpZXMtZGV2L3VzLWNlbnRyYWwxL3N0b3JpZXMtZXMtc3luYy9yVFVUUmtpcmhCbw?alt=json HTTP/1.1" 200 None
2022-05-25 11:43:13,502 DEBUG    urllib3.connectionpool https://cloudfunctions.googleapis.com:443 "GET /v1/operations/Y3Jvd2RyaWZmLXN0b3JpZXMtZGV2L3VzLWNlbnRyYWwxL3N0b3JpZXMtZXMtc3luYy9yVFVUUmtpcmhCbw?alt=json HTTP/1.1" 200 None
2022-05-25 11:43:14,830 DEBUG    urllib3.connectionpool https://cloudfunctions.googleapis.com:443 "GET /v1/operations/Y3Jvd2RyaWZmLXN0b3JpZXMtZGV2L3VzLWNlbnRyYWwxL3N0b3JpZXMtZXMtc3luYy9yVFVUUmtpcmhCbw?alt=json HTTP/1.1" 200 None
2022-05-25 11:43:16,479 DEBUG    urllib3.connectionpool https://cloudfunctions.googleapis.com:443 "GET /v1/operations/Y3Jvd2RyaWZmLXN0b3JpZXMtZGV2L3VzLWNlbnRyYWwxL3N0b3JpZXMtZXMtc3luYy9yVFVUUmtpcmhCbw?alt=json HTTP/1.1" 200 None
2022-05-25 11:43:17,977 DEBUG    urllib3.connectionpool https://cloudfunctions.googleapis.com:443 "GET /v1/operations/Y3Jvd2RyaWZmLXN0b3JpZXMtZGV2L3VzLWNlbnRyYWwxL3N0b3JpZXMtZXMtc3luYy9yVFVUUmtpcmhCbw?alt=json HTTP/1.1" 200 None
2022-05-25 11:43:19,112 DEBUG    urllib3.connectionpool https://cloudfunctions.googleapis.com:443 "GET /v1/operations/Y3Jvd2RyaWZmLXN0b3JpZXMtZGV2L3VzLWNlbnRyYWwxL3N0b3JpZXMtZXMtc3luYy9yVFVUUmtpcmhCbw?alt=json HTTP/1.1" 200 None
2022-05-25 11:43:20,560 DEBUG    urllib3.connectionpool https://cloudfunctions.googleapis.com:443 "GET /v1/operations/Y3Jvd2RyaWZmLXN0b3JpZXMtZGV2L3VzLWNlbnRyYWwxL3N0b3JpZXMtZXMtc3luYy9yVFVUUmtpcmhCbw?alt=json HTTP/1.1" 200 None
2022-05-25 11:43:21,917 DEBUG    urllib3.connectionpool https://cloudfunctions.googleapis.com:443 "GET /v1/operations/Y3Jvd2RyaWZmLXN0b3JpZXMtZGV2L3VzLWNlbnRyYWwxL3N0b3JpZXMtZXMtc3luYy9yVFVUUmtpcmhCbw?alt=json HTTP/1.1" 200 None
2022-05-25 11:43:23,652 DEBUG    urllib3.connectionpool https://cloudfunctions.googleapis.com:443 "GET /v1/operations/Y3Jvd2RyaWZmLXN0b3JpZXMtZGV2L3VzLWNlbnRyYWwxL3N0b3JpZXMtZXMtc3luYy9yVFVUUmtpcmhCbw?alt=json HTTP/1.1" 200 None
2022-05-25 11:43:25,183 DEBUG    urllib3.connectionpool https://cloudfunctions.googleapis.com:443 "GET /v1/operations/Y3Jvd2RyaWZmLXN0b3JpZXMtZGV2L3VzLWNlbnRyYWwxL3N0b3JpZXMtZXMtc3luYy9yVFVUUmtpcmhCbw?alt=json HTTP/1.1" 200 None
2022-05-25 11:43:26,535 DEBUG    urllib3.connectionpool https://cloudfunctions.googleapis.com:443 "GET /v1/operations/Y3Jvd2RyaWZmLXN0b3JpZXMtZGV2L3VzLWNlbnRyYWwxL3N0b3JpZXMtZXMtc3luYy9yVFVUUmtpcmhCbw?alt=json HTTP/1.1" 200 None
2022-05-25 11:43:27,918 DEBUG    urllib3.connectionpool https://cloudfunctions.googleapis.com:443 "GET /v1/operations/Y3Jvd2RyaWZmLXN0b3JpZXMtZGV2L3VzLWNlbnRyYWwxL3N0b3JpZXMtZXMtc3luYy9yVFVUUmtpcmhCbw?alt=json HTTP/1.1" 200 None
2022-05-25 11:43:29,929 DEBUG    urllib3.connectionpool https://cloudfunctions.googleapis.com:443 "GET /v1/operations/Y3Jvd2RyaWZmLXN0b3JpZXMtZGV2L3VzLWNlbnRyYWwxL3N0b3JpZXMtZXMtc3luYy9yVFVUUmtpcmhCbw?alt=json HTTP/1.1" 200 None
2022-05-25 11:43:31,396 DEBUG    urllib3.connectionpool https://cloudfunctions.googleapis.com:443 "GET /v1/operations/Y3Jvd2RyaWZmLXN0b3JpZXMtZGV2L3VzLWNlbnRyYWwxL3N0b3JpZXMtZXMtc3luYy9yVFVUUmtpcmhCbw?alt=json HTTP/1.1" 200 None
2022-05-25 11:43:32,609 DEBUG    urllib3.connectionpool https://cloudfunctions.googleapis.com:443 "GET /v1/operations/Y3Jvd2RyaWZmLXN0b3JpZXMtZGV2L3VzLWNlbnRyYWwxL3N0b3JpZXMtZXMtc3luYy9yVFVUUmtpcmhCbw?alt=json HTTP/1.1" 200 None
2022-05-25 11:43:33,939 DEBUG    urllib3.connectionpool https://cloudfunctions.googleapis.com:443 "GET /v1/operations/Y3Jvd2RyaWZmLXN0b3JpZXMtZGV2L3VzLWNlbnRyYWwxL3N0b3JpZXMtZXMtc3luYy9yVFVUUmtpcmhCbw?alt=json HTTP/1.1" 200 None
2022-05-25 11:43:35,375 DEBUG    urllib3.connectionpool https://cloudfunctions.googleapis.com:443 "GET /v1/operations/Y3Jvd2RyaWZmLXN0b3JpZXMtZGV2L3VzLWNlbnRyYWwxL3N0b3JpZXMtZXMtc3luYy9yVFVUUmtpcmhCbw?alt=json HTTP/1.1" 200 None
2022-05-25 11:43:37,460 DEBUG    urllib3.connectionpool https://cloudfunctions.googleapis.com:443 "GET /v1/operations/Y3Jvd2RyaWZmLXN0b3JpZXMtZGV2L3VzLWNlbnRyYWwxL3N0b3JpZXMtZXMtc3luYy9yVFVUUmtpcmhCbw?alt=json HTTP/1.1" 200 None
2022-05-25 11:43:38,609 DEBUG    urllib3.connectionpool https://cloudfunctions.googleapis.com:443 "GET /v1/operations/Y3Jvd2RyaWZmLXN0b3JpZXMtZGV2L3VzLWNlbnRyYWwxL3N0b3JpZXMtZXMtc3luYy9yVFVUUmtpcmhCbw?alt=json HTTP/1.1" 200 None
2022-05-25 11:43:40,371 DEBUG    urllib3.connectionpool https://cloudfunctions.googleapis.com:443 "GET /v1/operations/Y3Jvd2RyaWZmLXN0b3JpZXMtZGV2L3VzLWNlbnRyYWwxL3N0b3JpZXMtZXMtc3luYy9yVFVUUmtpcmhCbw?alt=json HTTP/1.1" 200 None
2022-05-25 11:43:42,258 DEBUG    urllib3.connectionpool https://cloudfunctions.googleapis.com:443 "GET /v1/operations/Y3Jvd2RyaWZmLXN0b3JpZXMtZGV2L3VzLWNlbnRyYWwxL3N0b3JpZXMtZXMtc3luYy9yVFVUUmtpcmhCbw?alt=json HTTP/1.1" 200 None
2022-05-25 11:43:43,751 DEBUG    urllib3.connectionpool https://cloudfunctions.googleapis.com:443 "GET /v1/operations/Y3Jvd2RyaWZmLXN0b3JpZXMtZGV2L3VzLWNlbnRyYWwxL3N0b3JpZXMtZXMtc3luYy9yVFVUUmtpcmhCbw?alt=json HTTP/1.1" 200 None
2022-05-25 11:43:45,210 DEBUG    urllib3.connectionpool https://cloudfunctions.googleapis.com:443 "GET /v1/operations/Y3Jvd2RyaWZmLXN0b3JpZXMtZGV2L3VzLWNlbnRyYWwxL3N0b3JpZXMtZXMtc3luYy9yVFVUUmtpcmhCbw?alt=json HTTP/1.1" 200 None
2022-05-25 11:43:46,986 DEBUG    urllib3.connectionpool https://cloudfunctions.googleapis.com:443 "GET /v1/operations/Y3Jvd2RyaWZmLXN0b3JpZXMtZGV2L3VzLWNlbnRyYWwxL3N0b3JpZXMtZXMtc3luYy9yVFVUUmtpcmhCbw?alt=json HTTP/1.1" 200 None
2022-05-25 11:43:48,322 DEBUG    urllib3.connectionpool https://cloudfunctions.googleapis.com:443 "GET /v1/operations/Y3Jvd2RyaWZmLXN0b3JpZXMtZGV2L3VzLWNlbnRyYWwxL3N0b3JpZXMtZXMtc3luYy9yVFVUUmtpcmhCbw?alt=json HTTP/1.1" 200 None
2022-05-25 11:43:50,004 DEBUG    urllib3.connectionpool https://cloudfunctions.googleapis.com:443 "GET /v1/operations/Y3Jvd2RyaWZmLXN0b3JpZXMtZGV2L3VzLWNlbnRyYWwxL3N0b3JpZXMtZXMtc3luYy9yVFVUUmtpcmhCbw?alt=json HTTP/1.1" 200 None
2022-05-25 11:43:51,292 DEBUG    urllib3.connectionpool https://cloudfunctions.googleapis.com:443 "GET /v1/operations/Y3Jvd2RyaWZmLXN0b3JpZXMtZGV2L3VzLWNlbnRyYWwxL3N0b3JpZXMtZXMtc3luYy9yVFVUUmtpcmhCbw?alt=json HTTP/1.1" 200 None
2022-05-25 11:43:52,477 DEBUG    urllib3.connectionpool https://cloudfunctions.googleapis.com:443 "GET /v1/operations/Y3Jvd2RyaWZmLXN0b3JpZXMtZGV2L3VzLWNlbnRyYWwxL3N0b3JpZXMtZXMtc3luYy9yVFVUUmtpcmhCbw?alt=json HTTP/1.1" 200 None
2022-05-25 11:43:53,650 DEBUG    urllib3.connectionpool https://cloudfunctions.googleapis.com:443 "GET /v1/operations/Y3Jvd2RyaWZmLXN0b3JpZXMtZGV2L3VzLWNlbnRyYWwxL3N0b3JpZXMtZXMtc3luYy9yVFVUUmtpcmhCbw?alt=json HTTP/1.1" 200 None
2022-05-25 11:43:55,708 DEBUG    urllib3.connectionpool https://cloudfunctions.googleapis.com:443 "GET /v1/operations/Y3Jvd2RyaWZmLXN0b3JpZXMtZGV2L3VzLWNlbnRyYWwxL3N0b3JpZXMtZXMtc3luYy9yVFVUUmtpcmhCbw?alt=json HTTP/1.1" 200 None
2022-05-25 11:43:57,093 DEBUG    urllib3.connectionpool https://cloudfunctions.googleapis.com:443 "GET /v1/operations/Y3Jvd2RyaWZmLXN0b3JpZXMtZGV2L3VzLWNlbnRyYWwxL3N0b3JpZXMtZXMtc3luYy9yVFVUUmtpcmhCbw?alt=json HTTP/1.1" 200 None
2022-05-25 11:43:58,982 DEBUG    urllib3.connectionpool https://cloudfunctions.googleapis.com:443 "GET /v1/operations/Y3Jvd2RyaWZmLXN0b3JpZXMtZGV2L3VzLWNlbnRyYWwxL3N0b3JpZXMtZXMtc3luYy9yVFVUUmtpcmhCbw?alt=json HTTP/1.1" 200 None
2022-05-25 11:44:00,442 DEBUG    urllib3.connectionpool https://cloudfunctions.googleapis.com:443 "GET /v1/operations/Y3Jvd2RyaWZmLXN0b3JpZXMtZGV2L3VzLWNlbnRyYWwxL3N0b3JpZXMtZXMtc3luYy9yVFVUUmtpcmhCbw?alt=json HTTP/1.1" 200 None
2022-05-25 11:44:02,168 DEBUG    urllib3.connectionpool https://cloudfunctions.googleapis.com:443 "GET /v1/operations/Y3Jvd2RyaWZmLXN0b3JpZXMtZGV2L3VzLWNlbnRyYWwxL3N0b3JpZXMtZXMtc3luYy9yVFVUUmtpcmhCbw?alt=json HTTP/1.1" 200 None
2022-05-25 11:44:03,590 DEBUG    urllib3.connectionpool https://cloudfunctions.googleapis.com:443 "GET /v1/operations/Y3Jvd2RyaWZmLXN0b3JpZXMtZGV2L3VzLWNlbnRyYWwxL3N0b3JpZXMtZXMtc3luYy9yVFVUUmtpcmhCbw?alt=json HTTP/1.1" 200 None
2022-05-25 11:44:05,082 DEBUG    urllib3.connectionpool https://cloudfunctions.googleapis.com:443 "GET /v1/operations/Y3Jvd2RyaWZmLXN0b3JpZXMtZGV2L3VzLWNlbnRyYWwxL3N0b3JpZXMtZXMtc3luYy9yVFVUUmtpcmhCbw?alt=json HTTP/1.1" 200 None
2022-05-25 11:44:06,430 DEBUG    urllib3.connectionpool https://cloudfunctions.googleapis.com:443 "GET /v1/operations/Y3Jvd2RyaWZmLXN0b3JpZXMtZGV2L3VzLWNlbnRyYWwxL3N0b3JpZXMtZXMtc3luYy9yVFVUUmtpcmhCbw?alt=json HTTP/1.1" 200 None
2022-05-25 11:44:08,519 DEBUG    urllib3.connectionpool https://cloudfunctions.googleapis.com:443 "GET /v1/operations/Y3Jvd2RyaWZmLXN0b3JpZXMtZGV2L3VzLWNlbnRyYWwxL3N0b3JpZXMtZXMtc3luYy9yVFVUUmtpcmhCbw?alt=json HTTP/1.1" 200 None
2022-05-25 11:44:09,749 DEBUG    urllib3.connectionpool https://cloudfunctions.googleapis.com:443 "GET /v1/operations/Y3Jvd2RyaWZmLXN0b3JpZXMtZGV2L3VzLWNlbnRyYWwxL3N0b3JpZXMtZXMtc3luYy9yVFVUUmtpcmhCbw?alt=json HTTP/1.1" 200 None
2022-05-25 11:44:09,789 DEBUG    urllib3.connectionpool Starting new HTTPS connection (1): cloudfunctions.googleapis.com:443
2022-05-25 11:44:09,999 DEBUG    urllib3.connectionpool https://cloudfunctions.googleapis.com:443 "GET /v1/projects/crowdriff-stories-dev/locations/us-central1/functions/stories-es-sync?alt=json HTTP/1.1" 200 None
2022-05-25 11:44:10,008 INFO     root            Display format: "default"
2022-05-25 11:44:10,012 INFO     ___FILE_ONLY___ availableMemoryMb
2022-05-25 11:44:10,012 INFO     ___FILE_ONLY___ :
2022-05-25 11:44:10,012 INFO     ___FILE_ONLY___  
2022-05-25 11:44:10,012 INFO     ___FILE_ONLY___ 256
2022-05-25 11:44:10,012 INFO     ___FILE_ONLY___ 

2022-05-25 11:44:10,012 INFO     ___FILE_ONLY___ buildId
2022-05-25 11:44:10,012 INFO     ___FILE_ONLY___ :
2022-05-25 11:44:10,012 INFO     ___FILE_ONLY___  
2022-05-25 11:44:10,012 INFO     ___FILE_ONLY___ ce391cf8-f7db-443a-8be3-ed0786ac2c43
2022-05-25 11:44:10,013 INFO     ___FILE_ONLY___ 

2022-05-25 11:44:10,013 INFO     ___FILE_ONLY___ buildName
2022-05-25 11:44:10,013 INFO     ___FILE_ONLY___ :
2022-05-25 11:44:10,013 INFO     ___FILE_ONLY___  
2022-05-25 11:44:10,013 INFO     ___FILE_ONLY___ projects/31098141265/locations/us-central1/builds/ce391cf8-f7db-443a-8be3-ed0786ac2c43
2022-05-25 11:44:10,013 INFO     ___FILE_ONLY___ 

2022-05-25 11:44:10,013 INFO     ___FILE_ONLY___ dockerRegistry
2022-05-25 11:44:10,013 INFO     ___FILE_ONLY___ :
2022-05-25 11:44:10,013 INFO     ___FILE_ONLY___  
2022-05-25 11:44:10,013 INFO     ___FILE_ONLY___ CONTAINER_REGISTRY
2022-05-25 11:44:10,013 INFO     ___FILE_ONLY___ 

2022-05-25 11:44:10,013 INFO     ___FILE_ONLY___ entryPoint
2022-05-25 11:44:10,013 INFO     ___FILE_ONLY___ :
2022-05-25 11:44:10,013 INFO     ___FILE_ONLY___  
2022-05-25 11:44:10,013 INFO     ___FILE_ONLY___ entrypoint
2022-05-25 11:44:10,013 INFO     ___FILE_ONLY___ 

2022-05-25 11:44:10,013 INFO     ___FILE_ONLY___ environmentVariables
2022-05-25 11:44:10,014 INFO     ___FILE_ONLY___ :
2022-05-25 11:44:10,014 INFO     ___FILE_ONLY___ 

2022-05-25 11:44:10,014 INFO     ___FILE_ONLY___   
2022-05-25 11:44:10,014 INFO     ___FILE_ONLY___ GATEWAY_BASE
2022-05-25 11:44:10,014 INFO     ___FILE_ONLY___ :
2022-05-25 11:44:10,014 INFO     ___FILE_ONLY___  
2022-05-25 11:44:10,014 INFO     ___FILE_ONLY___ https://story-network-gateway.derp.website
2022-05-25 11:44:10,014 INFO     ___FILE_ONLY___ 

2022-05-25 11:44:10,014 INFO     ___FILE_ONLY___   
2022-05-25 11:44:10,014 INFO     ___FILE_ONLY___ GOOGLE_CLOUD_PROJECT
2022-05-25 11:44:10,014 INFO     ___FILE_ONLY___ :
2022-05-25 11:44:10,014 INFO     ___FILE_ONLY___  
2022-05-25 11:44:10,014 INFO     ___FILE_ONLY___ crowdriff-stories-dev
2022-05-25 11:44:10,014 INFO     ___FILE_ONLY___ 

2022-05-25 11:44:10,014 INFO     ___FILE_ONLY___   
2022-05-25 11:44:10,014 INFO     ___FILE_ONLY___ NODE_ENV
2022-05-25 11:44:10,015 INFO     ___FILE_ONLY___ :
2022-05-25 11:44:10,015 INFO     ___FILE_ONLY___  
2022-05-25 11:44:10,015 INFO     ___FILE_ONLY___ development
2022-05-25 11:44:10,015 INFO     ___FILE_ONLY___ 

2022-05-25 11:44:10,015 INFO     ___FILE_ONLY___   
2022-05-25 11:44:10,015 INFO     ___FILE_ONLY___ NODE_PATH
2022-05-25 11:44:10,015 INFO     ___FILE_ONLY___ :
2022-05-25 11:44:10,015 INFO     ___FILE_ONLY___  
2022-05-25 11:44:10,015 INFO     ___FILE_ONLY___ .
2022-05-25 11:44:10,015 INFO     ___FILE_ONLY___ 

2022-05-25 11:44:10,015 INFO     ___FILE_ONLY___   
2022-05-25 11:44:10,015 INFO     ___FILE_ONLY___ PUB_SUB_TOPIC
2022-05-25 11:44:10,015 INFO     ___FILE_ONLY___ :
2022-05-25 11:44:10,015 INFO     ___FILE_ONLY___  
2022-05-25 11:44:10,015 INFO     ___FILE_ONLY___ stories-es-sync
2022-05-25 11:44:10,015 INFO     ___FILE_ONLY___ 

2022-05-25 11:44:10,015 INFO     ___FILE_ONLY___   
2022-05-25 11:44:10,016 INFO     ___FILE_ONLY___ SERVICE_ACCOUNT
2022-05-25 11:44:10,016 INFO     ___FILE_ONLY___ :
2022-05-25 11:44:10,016 INFO     ___FILE_ONLY___  
2022-05-25 11:44:10,016 INFO     ___FILE_ONLY___ github-actions@crowdriff-stories-dev.iam.gserviceaccount.com
2022-05-25 11:44:10,016 INFO     ___FILE_ONLY___ 

2022-05-25 11:44:10,016 INFO     ___FILE_ONLY___ eventTrigger
2022-05-25 11:44:10,017 INFO     ___FILE_ONLY___ :
2022-05-25 11:44:10,017 INFO     ___FILE_ONLY___ 

2022-05-25 11:44:10,017 INFO     ___FILE_ONLY___   
2022-05-25 11:44:10,017 INFO     ___FILE_ONLY___ eventType
2022-05-25 11:44:10,017 INFO     ___FILE_ONLY___ :
2022-05-25 11:44:10,017 INFO     ___FILE_ONLY___  
2022-05-25 11:44:10,017 INFO     ___FILE_ONLY___ google.pubsub.topic.publish
2022-05-25 11:44:10,017 INFO     ___FILE_ONLY___ 

2022-05-25 11:44:10,017 INFO     ___FILE_ONLY___   
2022-05-25 11:44:10,017 INFO     ___FILE_ONLY___ failurePolicy
2022-05-25 11:44:10,017 INFO     ___FILE_ONLY___ :
2022-05-25 11:44:10,017 INFO     ___FILE_ONLY___  {
2022-05-25 11:44:10,017 INFO     ___FILE_ONLY___ }
2022-05-25 11:44:10,017 INFO     ___FILE_ONLY___ 

2022-05-25 11:44:10,017 INFO     ___FILE_ONLY___   
2022-05-25 11:44:10,017 INFO     ___FILE_ONLY___ resource
2022-05-25 11:44:10,017 INFO     ___FILE_ONLY___ :
2022-05-25 11:44:10,017 INFO     ___FILE_ONLY___  
2022-05-25 11:44:10,017 INFO     ___FILE_ONLY___ projects/crowdriff-stories-dev/topics/stories-es-sync
2022-05-25 11:44:10,018 INFO     ___FILE_ONLY___ 

2022-05-25 11:44:10,018 INFO     ___FILE_ONLY___   
2022-05-25 11:44:10,018 INFO     ___FILE_ONLY___ service
2022-05-25 11:44:10,018 INFO     ___FILE_ONLY___ :
2022-05-25 11:44:10,018 INFO     ___FILE_ONLY___  
2022-05-25 11:44:10,018 INFO     ___FILE_ONLY___ pubsub.googleapis.com
2022-05-25 11:44:10,018 INFO     ___FILE_ONLY___ 

2022-05-25 11:44:10,018 INFO     ___FILE_ONLY___ ingressSettings
2022-05-25 11:44:10,018 INFO     ___FILE_ONLY___ :
2022-05-25 11:44:10,018 INFO     ___FILE_ONLY___  
2022-05-25 11:44:10,018 INFO     ___FILE_ONLY___ ALLOW_ALL
2022-05-25 11:44:10,019 INFO     ___FILE_ONLY___ 

2022-05-25 11:44:10,019 INFO     ___FILE_ONLY___ labels
2022-05-25 11:44:10,019 INFO     ___FILE_ONLY___ :
2022-05-25 11:44:10,019 INFO     ___FILE_ONLY___ 

2022-05-25 11:44:10,019 INFO     ___FILE_ONLY___   
2022-05-25 11:44:10,019 INFO     ___FILE_ONLY___ deployment-tool
2022-05-25 11:44:10,019 INFO     ___FILE_ONLY___ :
2022-05-25 11:44:10,020 INFO     ___FILE_ONLY___  
2022-05-25 11:44:10,020 INFO     ___FILE_ONLY___ cli-gcloud
2022-05-25 11:44:10,020 INFO     ___FILE_ONLY___ 

2022-05-25 11:44:10,020 INFO     ___FILE_ONLY___ name
2022-05-25 11:44:10,020 INFO     ___FILE_ONLY___ :
2022-05-25 11:44:10,020 INFO     ___FILE_ONLY___  
2022-05-25 11:44:10,020 INFO     ___FILE_ONLY___ projects/crowdriff-stories-dev/locations/us-central1/functions/stories-es-sync
2022-05-25 11:44:10,020 INFO     ___FILE_ONLY___ 

2022-05-25 11:44:10,020 INFO     ___FILE_ONLY___ runtime
2022-05-25 11:44:10,020 INFO     ___FILE_ONLY___ :
2022-05-25 11:44:10,020 INFO     ___FILE_ONLY___  
2022-05-25 11:44:10,020 INFO     ___FILE_ONLY___ nodejs14
2022-05-25 11:44:10,020 INFO     ___FILE_ONLY___ 

2022-05-25 11:44:10,021 INFO     ___FILE_ONLY___ serviceAccountEmail
2022-05-25 11:44:10,021 INFO     ___FILE_ONLY___ :
2022-05-25 11:44:10,021 INFO     ___FILE_ONLY___  
2022-05-25 11:44:10,021 INFO     ___FILE_ONLY___ crowdriff-stories-dev@appspot.gserviceaccount.com
2022-05-25 11:44:10,021 INFO     ___FILE_ONLY___ 

2022-05-25 11:44:10,021 INFO     ___FILE_ONLY___ sourceUploadUrl
2022-05-25 11:44:10,021 INFO     ___FILE_ONLY___ :
2022-05-25 11:44:10,021 INFO     ___FILE_ONLY___  
2022-05-25 11:44:10,021 INFO     ___FILE_ONLY___ https://storage.googleapis.com/uploads-556841579775.us-central1.cloudfunctions.appspot.com/4b0e24fc-51a2-4694-be75-c944dd8228d9.zip
2022-05-25 11:44:10,021 INFO     ___FILE_ONLY___ 

2022-05-25 11:44:10,021 INFO     ___FILE_ONLY___ status
2022-05-25 11:44:10,021 INFO     ___FILE_ONLY___ :
2022-05-25 11:44:10,021 INFO     ___FILE_ONLY___  
2022-05-25 11:44:10,021 INFO     ___FILE_ONLY___ ACTIVE
2022-05-25 11:44:10,021 INFO     ___FILE_ONLY___ 

2022-05-25 11:44:10,022 INFO     ___FILE_ONLY___ timeout
2022-05-25 11:44:10,022 INFO     ___FILE_ONLY___ :
2022-05-25 11:44:10,023 INFO     ___FILE_ONLY___  
2022-05-25 11:44:10,023 INFO     ___FILE_ONLY___ 540s
2022-05-25 11:44:10,023 INFO     ___FILE_ONLY___ 

2022-05-25 11:44:10,023 INFO     ___FILE_ONLY___ updateTime
2022-05-25 11:44:10,023 INFO     ___FILE_ONLY___ :
2022-05-25 11:44:10,023 INFO     ___FILE_ONLY___  '
2022-05-25 11:44:10,023 INFO     ___FILE_ONLY___ 2022-05-25T15:44:09.164Z
2022-05-25 11:44:10,023 INFO     ___FILE_ONLY___ '
2022-05-25 11:44:10,024 INFO     ___FILE_ONLY___ 

2022-05-25 11:44:10,024 INFO     ___FILE_ONLY___ versionId
2022-05-25 11:44:10,024 INFO     ___FILE_ONLY___ :
2022-05-25 11:44:10,024 INFO     ___FILE_ONLY___  '
2022-05-25 11:44:10,024 INFO     ___FILE_ONLY___ 20
2022-05-25 11:44:10,024 INFO     ___FILE_ONLY___ '
2022-05-25 11:44:10,024 INFO     ___FILE_ONLY___ 

2022-05-25 11:44:10,034 DEBUG    root            Metrics reporting process started...
