2022-05-25 11:46:30,357 DEBUG    root            Loaded Command Group: ['gcloud', 'functions']
2022-05-25 11:46:30,403 DEBUG    root            Loaded Command Group: ['gcloud', 'functions', 'deploy']
2022-05-25 11:46:30,412 DEBUG    root            Running [gcloud.functions.deploy] with arguments: [--entry-point: "entrypoint", --env-vars-file: "{'NODE_ENV': 'development', 'NODE_PATH': '.', 'GATEWAY_BASE': 'https://story-network-gateway.derp.website', 'SERVICE_ACCOUNT': 'github-actions@crowdriff-stories-dev.iam.gserviceaccount.com', 'GOOGLE_CLOUD_PROJECT': 'crowdriff-stories-dev', 'PUB_SUB_TOPIC': 'stories-es-sync'}", --memory: "256Mi", --runtime: "nodejs14", --source: "dist/", --timeout: "540", --trigger-topic: "stories-es-sync", NAME: "stories-es-sync"]
2022-05-25 11:46:30,429 DEBUG    urllib3.connectionpool Starting new HTTPS connection (1): cloudfunctions.googleapis.com:443
2022-05-25 11:46:30,620 DEBUG    urllib3.connectionpool https://cloudfunctions.googleapis.com:443 "GET /v1/projects/crowdriff-stories-dev/locations/us-central1/functions/stories-es-sync?alt=json HTTP/1.1" 200 None
2022-05-25 11:46:30,624 INFO     root            Not using ignore file.
2022-05-25 11:46:30,625 INFO     root            Not using ignore file.
2022-05-25 11:46:30,642 DEBUG    urllib3.connectionpool Starting new HTTPS connection (1): cloudfunctions.googleapis.com:443
2022-05-25 11:46:31,241 DEBUG    urllib3.connectionpool https://cloudfunctions.googleapis.com:443 "POST /v1/projects/crowdriff-stories-dev/locations/us-central1/functions:generateUploadUrl?alt=json HTTP/1.1" 200 None
2022-05-25 11:46:31,250 DEBUG    urllib3.connectionpool Starting new HTTPS connection (1): storage.googleapis.com:443
2022-05-25 11:46:31,497 DEBUG    urllib3.connectionpool https://storage.googleapis.com:443 "PUT /uploads-556841579775.us-central1.cloudfunctions.appspot.com/242b9066-8d36-4d4a-a977-d8db57aa73d3.zip?GoogleAccessId=service-31098141265%40gcf-admin-robot.iam.gserviceaccount.com&Expires=1653495391&Signature=hZOHdnzQrFoRJwo5W1Yf584%2BjNKXYqKu60Vne%2FfTzBscBzzB8eQc7PViBZB46qU5gZxH0eO%2BWNHGHozl7a5llZ4E2QAOz%2Fe2cw%2FQiEKQQGqxk45WqiCP%2FnJMv0a7zToeF7bNANI%2FCBR6fmxFgcmVur0r2GXh6wpZHvhPWtvwy%2BjTgepZTtUiXssuj2igkcawDuefD3gJg4UlNUkkaopB2apMde40u4k4ccJdw6penLTmet6XTj8zDklf2%2BnTy5GQ6t8hViWBS%2BlLTU3rWMxrSsPGkuKsowZ4DrFAFu5QdwUVFyX5r2NuTHLMu%2BNdSI2umY7a4%2BbUuCnA9LzFtyoHhA%3D%3D HTTP/1.1" 200 0
2022-05-25 11:46:31,508 DEBUG    urllib3.connectionpool Starting new HTTPS connection (1): cloudfunctions.googleapis.com:443
2022-05-25 11:46:31,856 DEBUG    urllib3.connectionpool https://cloudfunctions.googleapis.com:443 "PATCH /v1/projects/crowdriff-stories-dev/locations/us-central1/functions/stories-es-sync?alt=json&updateMask=availableMemoryMb%2CentryPoint%2CeventTrigger%2ChttpsTrigger%2Cruntime%2CsourceUploadUrl%2Ctimeout HTTP/1.1" 200 None
2022-05-25 11:46:31,867 INFO     ___FILE_ONLY___ Deploying function (may take a while - up to 2 minutes)...
2022-05-25 11:46:31,871 DEBUG    urllib3.connectionpool Starting new HTTPS connection (1): cloudfunctions.googleapis.com:443
2022-05-25 11:46:32,050 DEBUG    urllib3.connectionpool https://cloudfunctions.googleapis.com:443 "GET /v1/operations/Y3Jvd2RyaWZmLXN0b3JpZXMtZGV2L3VzLWNlbnRyYWwxL3N0b3JpZXMtZXMtc3luYy93azdILUZobktmQQ?alt=json HTTP/1.1" 200 None
2022-05-25 11:46:33,738 DEBUG    urllib3.connectionpool https://cloudfunctions.googleapis.com:443 "GET /v1/operations/Y3Jvd2RyaWZmLXN0b3JpZXMtZGV2L3VzLWNlbnRyYWwxL3N0b3JpZXMtZXMtc3luYy93azdILUZobktmQQ?alt=json HTTP/1.1" 200 None
2022-05-25 11:46:33,749 INFO     ___FILE_ONLY___ 
For Cloud Build Logs, visit: https://console.cloud.google.com/cloud-build/builds;region=us-central1/c8b4393f-0453-4cf7-b7ad-42ffee98b3c6?project=31098141265

2022-05-25 11:46:35,628 DEBUG    urllib3.connectionpool https://cloudfunctions.googleapis.com:443 "GET /v1/operations/Y3Jvd2RyaWZmLXN0b3JpZXMtZGV2L3VzLWNlbnRyYWwxL3N0b3JpZXMtZXMtc3luYy93azdILUZobktmQQ?alt=json HTTP/1.1" 200 None
2022-05-25 11:46:36,786 DEBUG    urllib3.connectionpool https://cloudfunctions.googleapis.com:443 "GET /v1/operations/Y3Jvd2RyaWZmLXN0b3JpZXMtZGV2L3VzLWNlbnRyYWwxL3N0b3JpZXMtZXMtc3luYy93azdILUZobktmQQ?alt=json HTTP/1.1" 200 None
2022-05-25 11:46:38,548 DEBUG    urllib3.connectionpool https://cloudfunctions.googleapis.com:443 "GET /v1/operations/Y3Jvd2RyaWZmLXN0b3JpZXMtZGV2L3VzLWNlbnRyYWwxL3N0b3JpZXMtZXMtc3luYy93azdILUZobktmQQ?alt=json HTTP/1.1" 200 None
2022-05-25 11:46:40,376 DEBUG    urllib3.connectionpool https://cloudfunctions.googleapis.com:443 "GET /v1/operations/Y3Jvd2RyaWZmLXN0b3JpZXMtZGV2L3VzLWNlbnRyYWwxL3N0b3JpZXMtZXMtc3luYy93azdILUZobktmQQ?alt=json HTTP/1.1" 200 None
2022-05-25 11:46:41,565 DEBUG    urllib3.connectionpool https://cloudfunctions.googleapis.com:443 "GET /v1/operations/Y3Jvd2RyaWZmLXN0b3JpZXMtZGV2L3VzLWNlbnRyYWwxL3N0b3JpZXMtZXMtc3luYy93azdILUZobktmQQ?alt=json HTTP/1.1" 200 None
2022-05-25 11:46:43,329 DEBUG    urllib3.connectionpool https://cloudfunctions.googleapis.com:443 "GET /v1/operations/Y3Jvd2RyaWZmLXN0b3JpZXMtZGV2L3VzLWNlbnRyYWwxL3N0b3JpZXMtZXMtc3luYy93azdILUZobktmQQ?alt=json HTTP/1.1" 200 None
2022-05-25 11:46:45,014 DEBUG    urllib3.connectionpool https://cloudfunctions.googleapis.com:443 "GET /v1/operations/Y3Jvd2RyaWZmLXN0b3JpZXMtZGV2L3VzLWNlbnRyYWwxL3N0b3JpZXMtZXMtc3luYy93azdILUZobktmQQ?alt=json HTTP/1.1" 200 None
2022-05-25 11:46:46,625 DEBUG    urllib3.connectionpool https://cloudfunctions.googleapis.com:443 "GET /v1/operations/Y3Jvd2RyaWZmLXN0b3JpZXMtZGV2L3VzLWNlbnRyYWwxL3N0b3JpZXMtZXMtc3luYy93azdILUZobktmQQ?alt=json HTTP/1.1" 200 None
2022-05-25 11:46:48,334 DEBUG    urllib3.connectionpool https://cloudfunctions.googleapis.com:443 "GET /v1/operations/Y3Jvd2RyaWZmLXN0b3JpZXMtZGV2L3VzLWNlbnRyYWwxL3N0b3JpZXMtZXMtc3luYy93azdILUZobktmQQ?alt=json HTTP/1.1" 200 None
2022-05-25 11:46:49,520 DEBUG    urllib3.connectionpool https://cloudfunctions.googleapis.com:443 "GET /v1/operations/Y3Jvd2RyaWZmLXN0b3JpZXMtZGV2L3VzLWNlbnRyYWwxL3N0b3JpZXMtZXMtc3luYy93azdILUZobktmQQ?alt=json HTTP/1.1" 200 None
2022-05-25 11:46:51,297 DEBUG    urllib3.connectionpool https://cloudfunctions.googleapis.com:443 "GET /v1/operations/Y3Jvd2RyaWZmLXN0b3JpZXMtZGV2L3VzLWNlbnRyYWwxL3N0b3JpZXMtZXMtc3luYy93azdILUZobktmQQ?alt=json HTTP/1.1" 200 None
2022-05-25 11:46:53,363 DEBUG    urllib3.connectionpool https://cloudfunctions.googleapis.com:443 "GET /v1/operations/Y3Jvd2RyaWZmLXN0b3JpZXMtZGV2L3VzLWNlbnRyYWwxL3N0b3JpZXMtZXMtc3luYy93azdILUZobktmQQ?alt=json HTTP/1.1" 200 None
2022-05-25 11:46:55,014 DEBUG    urllib3.connectionpool https://cloudfunctions.googleapis.com:443 "GET /v1/operations/Y3Jvd2RyaWZmLXN0b3JpZXMtZGV2L3VzLWNlbnRyYWwxL3N0b3JpZXMtZXMtc3luYy93azdILUZobktmQQ?alt=json HTTP/1.1" 200 None
2022-05-25 11:46:56,334 DEBUG    urllib3.connectionpool https://cloudfunctions.googleapis.com:443 "GET /v1/operations/Y3Jvd2RyaWZmLXN0b3JpZXMtZGV2L3VzLWNlbnRyYWwxL3N0b3JpZXMtZXMtc3luYy93azdILUZobktmQQ?alt=json HTTP/1.1" 200 None
2022-05-25 11:46:57,932 DEBUG    urllib3.connectionpool https://cloudfunctions.googleapis.com:443 "GET /v1/operations/Y3Jvd2RyaWZmLXN0b3JpZXMtZGV2L3VzLWNlbnRyYWwxL3N0b3JpZXMtZXMtc3luYy93azdILUZobktmQQ?alt=json HTTP/1.1" 200 None
2022-05-25 11:46:59,935 DEBUG    urllib3.connectionpool https://cloudfunctions.googleapis.com:443 "GET /v1/operations/Y3Jvd2RyaWZmLXN0b3JpZXMtZGV2L3VzLWNlbnRyYWwxL3N0b3JpZXMtZXMtc3luYy93azdILUZobktmQQ?alt=json HTTP/1.1" 200 None
2022-05-25 11:47:01,988 DEBUG    urllib3.connectionpool https://cloudfunctions.googleapis.com:443 "GET /v1/operations/Y3Jvd2RyaWZmLXN0b3JpZXMtZGV2L3VzLWNlbnRyYWwxL3N0b3JpZXMtZXMtc3luYy93azdILUZobktmQQ?alt=json HTTP/1.1" 200 None
2022-05-25 11:47:03,534 DEBUG    urllib3.connectionpool https://cloudfunctions.googleapis.com:443 "GET /v1/operations/Y3Jvd2RyaWZmLXN0b3JpZXMtZGV2L3VzLWNlbnRyYWwxL3N0b3JpZXMtZXMtc3luYy93azdILUZobktmQQ?alt=json HTTP/1.1" 200 None
2022-05-25 11:47:05,574 DEBUG    urllib3.connectionpool https://cloudfunctions.googleapis.com:443 "GET /v1/operations/Y3Jvd2RyaWZmLXN0b3JpZXMtZGV2L3VzLWNlbnRyYWwxL3N0b3JpZXMtZXMtc3luYy93azdILUZobktmQQ?alt=json HTTP/1.1" 200 None
2022-05-25 11:47:06,724 DEBUG    urllib3.connectionpool https://cloudfunctions.googleapis.com:443 "GET /v1/operations/Y3Jvd2RyaWZmLXN0b3JpZXMtZGV2L3VzLWNlbnRyYWwxL3N0b3JpZXMtZXMtc3luYy93azdILUZobktmQQ?alt=json HTTP/1.1" 200 None
2022-05-25 11:47:08,273 DEBUG    urllib3.connectionpool https://cloudfunctions.googleapis.com:443 "GET /v1/operations/Y3Jvd2RyaWZmLXN0b3JpZXMtZGV2L3VzLWNlbnRyYWwxL3N0b3JpZXMtZXMtc3luYy93azdILUZobktmQQ?alt=json HTTP/1.1" 200 None
2022-05-25 11:47:09,644 DEBUG    urllib3.connectionpool https://cloudfunctions.googleapis.com:443 "GET /v1/operations/Y3Jvd2RyaWZmLXN0b3JpZXMtZGV2L3VzLWNlbnRyYWwxL3N0b3JpZXMtZXMtc3luYy93azdILUZobktmQQ?alt=json HTTP/1.1" 200 None
2022-05-25 11:47:11,625 DEBUG    urllib3.connectionpool https://cloudfunctions.googleapis.com:443 "GET /v1/operations/Y3Jvd2RyaWZmLXN0b3JpZXMtZGV2L3VzLWNlbnRyYWwxL3N0b3JpZXMtZXMtc3luYy93azdILUZobktmQQ?alt=json HTTP/1.1" 200 None
2022-05-25 11:47:13,524 DEBUG    urllib3.connectionpool https://cloudfunctions.googleapis.com:443 "GET /v1/operations/Y3Jvd2RyaWZmLXN0b3JpZXMtZGV2L3VzLWNlbnRyYWwxL3N0b3JpZXMtZXMtc3luYy93azdILUZobktmQQ?alt=json HTTP/1.1" 200 None
2022-05-25 11:47:14,949 DEBUG    urllib3.connectionpool https://cloudfunctions.googleapis.com:443 "GET /v1/operations/Y3Jvd2RyaWZmLXN0b3JpZXMtZGV2L3VzLWNlbnRyYWwxL3N0b3JpZXMtZXMtc3luYy93azdILUZobktmQQ?alt=json HTTP/1.1" 200 None
2022-05-25 11:47:16,860 DEBUG    urllib3.connectionpool https://cloudfunctions.googleapis.com:443 "GET /v1/operations/Y3Jvd2RyaWZmLXN0b3JpZXMtZGV2L3VzLWNlbnRyYWwxL3N0b3JpZXMtZXMtc3luYy93azdILUZobktmQQ?alt=json HTTP/1.1" 200 None
2022-05-25 11:47:18,018 DEBUG    urllib3.connectionpool https://cloudfunctions.googleapis.com:443 "GET /v1/operations/Y3Jvd2RyaWZmLXN0b3JpZXMtZGV2L3VzLWNlbnRyYWwxL3N0b3JpZXMtZXMtc3luYy93azdILUZobktmQQ?alt=json HTTP/1.1" 200 None
2022-05-25 11:47:19,213 DEBUG    urllib3.connectionpool https://cloudfunctions.googleapis.com:443 "GET /v1/operations/Y3Jvd2RyaWZmLXN0b3JpZXMtZGV2L3VzLWNlbnRyYWwxL3N0b3JpZXMtZXMtc3luYy93azdILUZobktmQQ?alt=json HTTP/1.1" 200 None
2022-05-25 11:47:21,019 DEBUG    urllib3.connectionpool https://cloudfunctions.googleapis.com:443 "GET /v1/operations/Y3Jvd2RyaWZmLXN0b3JpZXMtZGV2L3VzLWNlbnRyYWwxL3N0b3JpZXMtZXMtc3luYy93azdILUZobktmQQ?alt=json HTTP/1.1" 200 None
2022-05-25 11:47:22,170 DEBUG    urllib3.connectionpool https://cloudfunctions.googleapis.com:443 "GET /v1/operations/Y3Jvd2RyaWZmLXN0b3JpZXMtZGV2L3VzLWNlbnRyYWwxL3N0b3JpZXMtZXMtc3luYy93azdILUZobktmQQ?alt=json HTTP/1.1" 200 None
2022-05-25 11:47:23,632 DEBUG    urllib3.connectionpool https://cloudfunctions.googleapis.com:443 "GET /v1/operations/Y3Jvd2RyaWZmLXN0b3JpZXMtZGV2L3VzLWNlbnRyYWwxL3N0b3JpZXMtZXMtc3luYy93azdILUZobktmQQ?alt=json HTTP/1.1" 200 None
2022-05-25 11:47:24,927 DEBUG    urllib3.connectionpool https://cloudfunctions.googleapis.com:443 "GET /v1/operations/Y3Jvd2RyaWZmLXN0b3JpZXMtZGV2L3VzLWNlbnRyYWwxL3N0b3JpZXMtZXMtc3luYy93azdILUZobktmQQ?alt=json HTTP/1.1" 200 None
2022-05-25 11:47:26,131 DEBUG    urllib3.connectionpool https://cloudfunctions.googleapis.com:443 "GET /v1/operations/Y3Jvd2RyaWZmLXN0b3JpZXMtZGV2L3VzLWNlbnRyYWwxL3N0b3JpZXMtZXMtc3luYy93azdILUZobktmQQ?alt=json HTTP/1.1" 200 None
2022-05-25 11:47:28,250 DEBUG    urllib3.connectionpool https://cloudfunctions.googleapis.com:443 "GET /v1/operations/Y3Jvd2RyaWZmLXN0b3JpZXMtZGV2L3VzLWNlbnRyYWwxL3N0b3JpZXMtZXMtc3luYy93azdILUZobktmQQ?alt=json HTTP/1.1" 200 None
2022-05-25 11:47:29,520 DEBUG    urllib3.connectionpool https://cloudfunctions.googleapis.com:443 "GET /v1/operations/Y3Jvd2RyaWZmLXN0b3JpZXMtZGV2L3VzLWNlbnRyYWwxL3N0b3JpZXMtZXMtc3luYy93azdILUZobktmQQ?alt=json HTTP/1.1" 200 None
2022-05-25 11:47:31,214 DEBUG    urllib3.connectionpool https://cloudfunctions.googleapis.com:443 "GET /v1/operations/Y3Jvd2RyaWZmLXN0b3JpZXMtZGV2L3VzLWNlbnRyYWwxL3N0b3JpZXMtZXMtc3luYy93azdILUZobktmQQ?alt=json HTTP/1.1" 200 None
2022-05-25 11:47:32,845 DEBUG    urllib3.connectionpool https://cloudfunctions.googleapis.com:443 "GET /v1/operations/Y3Jvd2RyaWZmLXN0b3JpZXMtZGV2L3VzLWNlbnRyYWwxL3N0b3JpZXMtZXMtc3luYy93azdILUZobktmQQ?alt=json HTTP/1.1" 200 None
2022-05-25 11:47:34,999 DEBUG    urllib3.connectionpool https://cloudfunctions.googleapis.com:443 "GET /v1/operations/Y3Jvd2RyaWZmLXN0b3JpZXMtZGV2L3VzLWNlbnRyYWwxL3N0b3JpZXMtZXMtc3luYy93azdILUZobktmQQ?alt=json HTTP/1.1" 200 None
2022-05-25 11:47:36,811 DEBUG    urllib3.connectionpool https://cloudfunctions.googleapis.com:443 "GET /v1/operations/Y3Jvd2RyaWZmLXN0b3JpZXMtZGV2L3VzLWNlbnRyYWwxL3N0b3JpZXMtZXMtc3luYy93azdILUZobktmQQ?alt=json HTTP/1.1" 200 None
2022-05-25 11:47:38,934 DEBUG    urllib3.connectionpool https://cloudfunctions.googleapis.com:443 "GET /v1/operations/Y3Jvd2RyaWZmLXN0b3JpZXMtZGV2L3VzLWNlbnRyYWwxL3N0b3JpZXMtZXMtc3luYy93azdILUZobktmQQ?alt=json HTTP/1.1" 200 None
2022-05-25 11:47:40,640 DEBUG    urllib3.connectionpool https://cloudfunctions.googleapis.com:443 "GET /v1/operations/Y3Jvd2RyaWZmLXN0b3JpZXMtZGV2L3VzLWNlbnRyYWwxL3N0b3JpZXMtZXMtc3luYy93azdILUZobktmQQ?alt=json HTTP/1.1" 200 None
2022-05-25 11:47:41,926 DEBUG    urllib3.connectionpool https://cloudfunctions.googleapis.com:443 "GET /v1/operations/Y3Jvd2RyaWZmLXN0b3JpZXMtZGV2L3VzLWNlbnRyYWwxL3N0b3JpZXMtZXMtc3luYy93azdILUZobktmQQ?alt=json HTTP/1.1" 200 None
2022-05-25 11:47:43,654 DEBUG    urllib3.connectionpool https://cloudfunctions.googleapis.com:443 "GET /v1/operations/Y3Jvd2RyaWZmLXN0b3JpZXMtZGV2L3VzLWNlbnRyYWwxL3N0b3JpZXMtZXMtc3luYy93azdILUZobktmQQ?alt=json HTTP/1.1" 200 None
2022-05-25 11:47:45,113 DEBUG    urllib3.connectionpool https://cloudfunctions.googleapis.com:443 "GET /v1/operations/Y3Jvd2RyaWZmLXN0b3JpZXMtZGV2L3VzLWNlbnRyYWwxL3N0b3JpZXMtZXMtc3luYy93azdILUZobktmQQ?alt=json HTTP/1.1" 200 None
2022-05-25 11:47:46,243 DEBUG    urllib3.connectionpool https://cloudfunctions.googleapis.com:443 "GET /v1/operations/Y3Jvd2RyaWZmLXN0b3JpZXMtZGV2L3VzLWNlbnRyYWwxL3N0b3JpZXMtZXMtc3luYy93azdILUZobktmQQ?alt=json HTTP/1.1" 200 None
2022-05-25 11:47:48,284 DEBUG    urllib3.connectionpool https://cloudfunctions.googleapis.com:443 "GET /v1/operations/Y3Jvd2RyaWZmLXN0b3JpZXMtZGV2L3VzLWNlbnRyYWwxL3N0b3JpZXMtZXMtc3luYy93azdILUZobktmQQ?alt=json HTTP/1.1" 200 None
2022-05-25 11:47:49,550 DEBUG    urllib3.connectionpool https://cloudfunctions.googleapis.com:443 "GET /v1/operations/Y3Jvd2RyaWZmLXN0b3JpZXMtZGV2L3VzLWNlbnRyYWwxL3N0b3JpZXMtZXMtc3luYy93azdILUZobktmQQ?alt=json HTTP/1.1" 200 None
2022-05-25 11:47:51,666 DEBUG    urllib3.connectionpool https://cloudfunctions.googleapis.com:443 "GET /v1/operations/Y3Jvd2RyaWZmLXN0b3JpZXMtZGV2L3VzLWNlbnRyYWwxL3N0b3JpZXMtZXMtc3luYy93azdILUZobktmQQ?alt=json HTTP/1.1" 200 None
2022-05-25 11:47:53,074 DEBUG    urllib3.connectionpool https://cloudfunctions.googleapis.com:443 "GET /v1/operations/Y3Jvd2RyaWZmLXN0b3JpZXMtZGV2L3VzLWNlbnRyYWwxL3N0b3JpZXMtZXMtc3luYy93azdILUZobktmQQ?alt=json HTTP/1.1" 200 None
2022-05-25 11:47:54,653 DEBUG    urllib3.connectionpool https://cloudfunctions.googleapis.com:443 "GET /v1/operations/Y3Jvd2RyaWZmLXN0b3JpZXMtZGV2L3VzLWNlbnRyYWwxL3N0b3JpZXMtZXMtc3luYy93azdILUZobktmQQ?alt=json HTTP/1.1" 200 None
2022-05-25 11:47:56,018 DEBUG    urllib3.connectionpool https://cloudfunctions.googleapis.com:443 "GET /v1/operations/Y3Jvd2RyaWZmLXN0b3JpZXMtZGV2L3VzLWNlbnRyYWwxL3N0b3JpZXMtZXMtc3luYy93azdILUZobktmQQ?alt=json HTTP/1.1" 200 None
2022-05-25 11:47:57,668 DEBUG    urllib3.connectionpool https://cloudfunctions.googleapis.com:443 "GET /v1/operations/Y3Jvd2RyaWZmLXN0b3JpZXMtZGV2L3VzLWNlbnRyYWwxL3N0b3JpZXMtZXMtc3luYy93azdILUZobktmQQ?alt=json HTTP/1.1" 200 None
2022-05-25 11:47:59,584 DEBUG    urllib3.connectionpool https://cloudfunctions.googleapis.com:443 "GET /v1/operations/Y3Jvd2RyaWZmLXN0b3JpZXMtZGV2L3VzLWNlbnRyYWwxL3N0b3JpZXMtZXMtc3luYy93azdILUZobktmQQ?alt=json HTTP/1.1" 200 None
2022-05-25 11:48:01,616 DEBUG    urllib3.connectionpool https://cloudfunctions.googleapis.com:443 "GET /v1/operations/Y3Jvd2RyaWZmLXN0b3JpZXMtZGV2L3VzLWNlbnRyYWwxL3N0b3JpZXMtZXMtc3luYy93azdILUZobktmQQ?alt=json HTTP/1.1" 200 None
2022-05-25 11:48:03,100 DEBUG    urllib3.connectionpool https://cloudfunctions.googleapis.com:443 "GET /v1/operations/Y3Jvd2RyaWZmLXN0b3JpZXMtZGV2L3VzLWNlbnRyYWwxL3N0b3JpZXMtZXMtc3luYy93azdILUZobktmQQ?alt=json HTTP/1.1" 200 None
2022-05-25 11:48:05,072 DEBUG    urllib3.connectionpool https://cloudfunctions.googleapis.com:443 "GET /v1/operations/Y3Jvd2RyaWZmLXN0b3JpZXMtZGV2L3VzLWNlbnRyYWwxL3N0b3JpZXMtZXMtc3luYy93azdILUZobktmQQ?alt=json HTTP/1.1" 200 None
2022-05-25 11:48:06,528 DEBUG    urllib3.connectionpool https://cloudfunctions.googleapis.com:443 "GET /v1/operations/Y3Jvd2RyaWZmLXN0b3JpZXMtZGV2L3VzLWNlbnRyYWwxL3N0b3JpZXMtZXMtc3luYy93azdILUZobktmQQ?alt=json HTTP/1.1" 200 None
2022-05-25 11:48:08,627 DEBUG    urllib3.connectionpool https://cloudfunctions.googleapis.com:443 "GET /v1/operations/Y3Jvd2RyaWZmLXN0b3JpZXMtZGV2L3VzLWNlbnRyYWwxL3N0b3JpZXMtZXMtc3luYy93azdILUZobktmQQ?alt=json HTTP/1.1" 200 None
2022-05-25 11:48:09,809 DEBUG    urllib3.connectionpool https://cloudfunctions.googleapis.com:443 "GET /v1/operations/Y3Jvd2RyaWZmLXN0b3JpZXMtZGV2L3VzLWNlbnRyYWwxL3N0b3JpZXMtZXMtc3luYy93azdILUZobktmQQ?alt=json HTTP/1.1" 200 None
2022-05-25 11:48:11,749 DEBUG    urllib3.connectionpool https://cloudfunctions.googleapis.com:443 "GET /v1/operations/Y3Jvd2RyaWZmLXN0b3JpZXMtZGV2L3VzLWNlbnRyYWwxL3N0b3JpZXMtZXMtc3luYy93azdILUZobktmQQ?alt=json HTTP/1.1" 200 None
2022-05-25 11:48:13,489 DEBUG    urllib3.connectionpool https://cloudfunctions.googleapis.com:443 "GET /v1/operations/Y3Jvd2RyaWZmLXN0b3JpZXMtZGV2L3VzLWNlbnRyYWwxL3N0b3JpZXMtZXMtc3luYy93azdILUZobktmQQ?alt=json HTTP/1.1" 200 None
2022-05-25 11:48:15,521 DEBUG    urllib3.connectionpool https://cloudfunctions.googleapis.com:443 "GET /v1/operations/Y3Jvd2RyaWZmLXN0b3JpZXMtZGV2L3VzLWNlbnRyYWwxL3N0b3JpZXMtZXMtc3luYy93azdILUZobktmQQ?alt=json HTTP/1.1" 200 None
2022-05-25 11:48:17,134 DEBUG    urllib3.connectionpool https://cloudfunctions.googleapis.com:443 "GET /v1/operations/Y3Jvd2RyaWZmLXN0b3JpZXMtZGV2L3VzLWNlbnRyYWwxL3N0b3JpZXMtZXMtc3luYy93azdILUZobktmQQ?alt=json HTTP/1.1" 200 None
2022-05-25 11:48:18,789 DEBUG    urllib3.connectionpool https://cloudfunctions.googleapis.com:443 "GET /v1/operations/Y3Jvd2RyaWZmLXN0b3JpZXMtZGV2L3VzLWNlbnRyYWwxL3N0b3JpZXMtZXMtc3luYy93azdILUZobktmQQ?alt=json HTTP/1.1" 200 None
2022-05-25 11:48:20,143 DEBUG    urllib3.connectionpool https://cloudfunctions.googleapis.com:443 "GET /v1/operations/Y3Jvd2RyaWZmLXN0b3JpZXMtZGV2L3VzLWNlbnRyYWwxL3N0b3JpZXMtZXMtc3luYy93azdILUZobktmQQ?alt=json HTTP/1.1" 200 None
2022-05-25 11:48:21,432 DEBUG    urllib3.connectionpool https://cloudfunctions.googleapis.com:443 "GET /v1/operations/Y3Jvd2RyaWZmLXN0b3JpZXMtZGV2L3VzLWNlbnRyYWwxL3N0b3JpZXMtZXMtc3luYy93azdILUZobktmQQ?alt=json HTTP/1.1" 200 None
2022-05-25 11:48:23,149 DEBUG    urllib3.connectionpool https://cloudfunctions.googleapis.com:443 "GET /v1/operations/Y3Jvd2RyaWZmLXN0b3JpZXMtZGV2L3VzLWNlbnRyYWwxL3N0b3JpZXMtZXMtc3luYy93azdILUZobktmQQ?alt=json HTTP/1.1" 200 None
2022-05-25 11:48:24,509 DEBUG    urllib3.connectionpool https://cloudfunctions.googleapis.com:443 "GET /v1/operations/Y3Jvd2RyaWZmLXN0b3JpZXMtZGV2L3VzLWNlbnRyYWwxL3N0b3JpZXMtZXMtc3luYy93azdILUZobktmQQ?alt=json HTTP/1.1" 200 None
2022-05-25 11:48:26,650 DEBUG    urllib3.connectionpool https://cloudfunctions.googleapis.com:443 "GET /v1/operations/Y3Jvd2RyaWZmLXN0b3JpZXMtZGV2L3VzLWNlbnRyYWwxL3N0b3JpZXMtZXMtc3luYy93azdILUZobktmQQ?alt=json HTTP/1.1" 200 None
2022-05-25 11:48:27,888 DEBUG    urllib3.connectionpool https://cloudfunctions.googleapis.com:443 "GET /v1/operations/Y3Jvd2RyaWZmLXN0b3JpZXMtZGV2L3VzLWNlbnRyYWwxL3N0b3JpZXMtZXMtc3luYy93azdILUZobktmQQ?alt=json HTTP/1.1" 200 None
2022-05-25 11:48:29,558 DEBUG    urllib3.connectionpool https://cloudfunctions.googleapis.com:443 "GET /v1/operations/Y3Jvd2RyaWZmLXN0b3JpZXMtZGV2L3VzLWNlbnRyYWwxL3N0b3JpZXMtZXMtc3luYy93azdILUZobktmQQ?alt=json HTTP/1.1" 200 None
2022-05-25 11:48:30,884 DEBUG    urllib3.connectionpool https://cloudfunctions.googleapis.com:443 "GET /v1/operations/Y3Jvd2RyaWZmLXN0b3JpZXMtZGV2L3VzLWNlbnRyYWwxL3N0b3JpZXMtZXMtc3luYy93azdILUZobktmQQ?alt=json HTTP/1.1" 200 None
2022-05-25 11:48:32,348 DEBUG    urllib3.connectionpool https://cloudfunctions.googleapis.com:443 "GET /v1/operations/Y3Jvd2RyaWZmLXN0b3JpZXMtZGV2L3VzLWNlbnRyYWwxL3N0b3JpZXMtZXMtc3luYy93azdILUZobktmQQ?alt=json HTTP/1.1" 200 None
2022-05-25 11:48:33,754 DEBUG    urllib3.connectionpool https://cloudfunctions.googleapis.com:443 "GET /v1/operations/Y3Jvd2RyaWZmLXN0b3JpZXMtZGV2L3VzLWNlbnRyYWwxL3N0b3JpZXMtZXMtc3luYy93azdILUZobktmQQ?alt=json HTTP/1.1" 200 None
2022-05-25 11:48:35,681 DEBUG    urllib3.connectionpool https://cloudfunctions.googleapis.com:443 "GET /v1/operations/Y3Jvd2RyaWZmLXN0b3JpZXMtZGV2L3VzLWNlbnRyYWwxL3N0b3JpZXMtZXMtc3luYy93azdILUZobktmQQ?alt=json HTTP/1.1" 200 None
2022-05-25 11:48:37,721 DEBUG    urllib3.connectionpool https://cloudfunctions.googleapis.com:443 "GET /v1/operations/Y3Jvd2RyaWZmLXN0b3JpZXMtZGV2L3VzLWNlbnRyYWwxL3N0b3JpZXMtZXMtc3luYy93azdILUZobktmQQ?alt=json HTTP/1.1" 200 None
2022-05-25 11:48:39,472 DEBUG    urllib3.connectionpool https://cloudfunctions.googleapis.com:443 "GET /v1/operations/Y3Jvd2RyaWZmLXN0b3JpZXMtZGV2L3VzLWNlbnRyYWwxL3N0b3JpZXMtZXMtc3luYy93azdILUZobktmQQ?alt=json HTTP/1.1" 200 None
2022-05-25 11:48:40,930 DEBUG    urllib3.connectionpool https://cloudfunctions.googleapis.com:443 "GET /v1/operations/Y3Jvd2RyaWZmLXN0b3JpZXMtZGV2L3VzLWNlbnRyYWwxL3N0b3JpZXMtZXMtc3luYy93azdILUZobktmQQ?alt=json HTTP/1.1" 200 None
2022-05-25 11:48:43,085 DEBUG    urllib3.connectionpool https://cloudfunctions.googleapis.com:443 "GET /v1/operations/Y3Jvd2RyaWZmLXN0b3JpZXMtZGV2L3VzLWNlbnRyYWwxL3N0b3JpZXMtZXMtc3luYy93azdILUZobktmQQ?alt=json HTTP/1.1" 200 None
2022-05-25 11:48:44,470 DEBUG    urllib3.connectionpool https://cloudfunctions.googleapis.com:443 "GET /v1/operations/Y3Jvd2RyaWZmLXN0b3JpZXMtZGV2L3VzLWNlbnRyYWwxL3N0b3JpZXMtZXMtc3luYy93azdILUZobktmQQ?alt=json HTTP/1.1" 200 None
2022-05-25 11:48:46,512 DEBUG    urllib3.connectionpool https://cloudfunctions.googleapis.com:443 "GET /v1/operations/Y3Jvd2RyaWZmLXN0b3JpZXMtZGV2L3VzLWNlbnRyYWwxL3N0b3JpZXMtZXMtc3luYy93azdILUZobktmQQ?alt=json HTTP/1.1" 200 None
2022-05-25 11:48:48,431 DEBUG    urllib3.connectionpool https://cloudfunctions.googleapis.com:443 "GET /v1/operations/Y3Jvd2RyaWZmLXN0b3JpZXMtZGV2L3VzLWNlbnRyYWwxL3N0b3JpZXMtZXMtc3luYy93azdILUZobktmQQ?alt=json HTTP/1.1" 200 None
2022-05-25 11:48:48,482 DEBUG    urllib3.connectionpool Starting new HTTPS connection (1): cloudfunctions.googleapis.com:443
2022-05-25 11:48:48,674 DEBUG    urllib3.connectionpool https://cloudfunctions.googleapis.com:443 "GET /v1/projects/crowdriff-stories-dev/locations/us-central1/functions/stories-es-sync?alt=json HTTP/1.1" 200 None
2022-05-25 11:48:48,680 INFO     root            Display format: "default"
2022-05-25 11:48:48,687 INFO     ___FILE_ONLY___ availableMemoryMb
2022-05-25 11:48:48,687 INFO     ___FILE_ONLY___ :
2022-05-25 11:48:48,687 INFO     ___FILE_ONLY___  
2022-05-25 11:48:48,687 INFO     ___FILE_ONLY___ 256
2022-05-25 11:48:48,687 INFO     ___FILE_ONLY___ 

2022-05-25 11:48:48,687 INFO     ___FILE_ONLY___ buildId
2022-05-25 11:48:48,687 INFO     ___FILE_ONLY___ :
2022-05-25 11:48:48,687 INFO     ___FILE_ONLY___  
2022-05-25 11:48:48,688 INFO     ___FILE_ONLY___ c8b4393f-0453-4cf7-b7ad-42ffee98b3c6
2022-05-25 11:48:48,688 INFO     ___FILE_ONLY___ 

2022-05-25 11:48:48,688 INFO     ___FILE_ONLY___ buildName
2022-05-25 11:48:48,688 INFO     ___FILE_ONLY___ :
2022-05-25 11:48:48,688 INFO     ___FILE_ONLY___  
2022-05-25 11:48:48,688 INFO     ___FILE_ONLY___ projects/31098141265/locations/us-central1/builds/c8b4393f-0453-4cf7-b7ad-42ffee98b3c6
2022-05-25 11:48:48,688 INFO     ___FILE_ONLY___ 

2022-05-25 11:48:48,688 INFO     ___FILE_ONLY___ dockerRegistry
2022-05-25 11:48:48,688 INFO     ___FILE_ONLY___ :
2022-05-25 11:48:48,688 INFO     ___FILE_ONLY___  
2022-05-25 11:48:48,688 INFO     ___FILE_ONLY___ CONTAINER_REGISTRY
2022-05-25 11:48:48,688 INFO     ___FILE_ONLY___ 

2022-05-25 11:48:48,688 INFO     ___FILE_ONLY___ entryPoint
2022-05-25 11:48:48,688 INFO     ___FILE_ONLY___ :
2022-05-25 11:48:48,688 INFO     ___FILE_ONLY___  
2022-05-25 11:48:48,688 INFO     ___FILE_ONLY___ entrypoint
2022-05-25 11:48:48,688 INFO     ___FILE_ONLY___ 

2022-05-25 11:48:48,689 INFO     ___FILE_ONLY___ environmentVariables
2022-05-25 11:48:48,689 INFO     ___FILE_ONLY___ :
2022-05-25 11:48:48,689 INFO     ___FILE_ONLY___ 

2022-05-25 11:48:48,689 INFO     ___FILE_ONLY___   
2022-05-25 11:48:48,689 INFO     ___FILE_ONLY___ GATEWAY_BASE
2022-05-25 11:48:48,689 INFO     ___FILE_ONLY___ :
2022-05-25 11:48:48,689 INFO     ___FILE_ONLY___  
2022-05-25 11:48:48,689 INFO     ___FILE_ONLY___ https://story-network-gateway.derp.website
2022-05-25 11:48:48,689 INFO     ___FILE_ONLY___ 

2022-05-25 11:48:48,689 INFO     ___FILE_ONLY___   
2022-05-25 11:48:48,689 INFO     ___FILE_ONLY___ GOOGLE_CLOUD_PROJECT
2022-05-25 11:48:48,689 INFO     ___FILE_ONLY___ :
2022-05-25 11:48:48,689 INFO     ___FILE_ONLY___  
2022-05-25 11:48:48,689 INFO     ___FILE_ONLY___ crowdriff-stories-dev
2022-05-25 11:48:48,689 INFO     ___FILE_ONLY___ 

2022-05-25 11:48:48,689 INFO     ___FILE_ONLY___   
2022-05-25 11:48:48,689 INFO     ___FILE_ONLY___ NODE_ENV
2022-05-25 11:48:48,690 INFO     ___FILE_ONLY___ :
2022-05-25 11:48:48,690 INFO     ___FILE_ONLY___  
2022-05-25 11:48:48,690 INFO     ___FILE_ONLY___ development
2022-05-25 11:48:48,690 INFO     ___FILE_ONLY___ 

2022-05-25 11:48:48,690 INFO     ___FILE_ONLY___   
2022-05-25 11:48:48,690 INFO     ___FILE_ONLY___ NODE_PATH
2022-05-25 11:48:48,690 INFO     ___FILE_ONLY___ :
2022-05-25 11:48:48,690 INFO     ___FILE_ONLY___  
2022-05-25 11:48:48,690 INFO     ___FILE_ONLY___ .
2022-05-25 11:48:48,690 INFO     ___FILE_ONLY___ 

2022-05-25 11:48:48,690 INFO     ___FILE_ONLY___   
2022-05-25 11:48:48,690 INFO     ___FILE_ONLY___ PUB_SUB_TOPIC
2022-05-25 11:48:48,690 INFO     ___FILE_ONLY___ :
2022-05-25 11:48:48,690 INFO     ___FILE_ONLY___  
2022-05-25 11:48:48,690 INFO     ___FILE_ONLY___ stories-es-sync
2022-05-25 11:48:48,690 INFO     ___FILE_ONLY___ 

2022-05-25 11:48:48,690 INFO     ___FILE_ONLY___   
2022-05-25 11:48:48,690 INFO     ___FILE_ONLY___ SERVICE_ACCOUNT
2022-05-25 11:48:48,690 INFO     ___FILE_ONLY___ :
2022-05-25 11:48:48,691 INFO     ___FILE_ONLY___  
2022-05-25 11:48:48,691 INFO     ___FILE_ONLY___ github-actions@crowdriff-stories-dev.iam.gserviceaccount.com
2022-05-25 11:48:48,691 INFO     ___FILE_ONLY___ 

2022-05-25 11:48:48,691 INFO     ___FILE_ONLY___ eventTrigger
2022-05-25 11:48:48,691 INFO     ___FILE_ONLY___ :
2022-05-25 11:48:48,691 INFO     ___FILE_ONLY___ 

2022-05-25 11:48:48,691 INFO     ___FILE_ONLY___   
2022-05-25 11:48:48,691 INFO     ___FILE_ONLY___ eventType
2022-05-25 11:48:48,691 INFO     ___FILE_ONLY___ :
2022-05-25 11:48:48,691 INFO     ___FILE_ONLY___  
2022-05-25 11:48:48,691 INFO     ___FILE_ONLY___ google.pubsub.topic.publish
2022-05-25 11:48:48,691 INFO     ___FILE_ONLY___ 

2022-05-25 11:48:48,692 INFO     ___FILE_ONLY___   
2022-05-25 11:48:48,692 INFO     ___FILE_ONLY___ failurePolicy
2022-05-25 11:48:48,692 INFO     ___FILE_ONLY___ :
2022-05-25 11:48:48,692 INFO     ___FILE_ONLY___  {
2022-05-25 11:48:48,692 INFO     ___FILE_ONLY___ }
2022-05-25 11:48:48,692 INFO     ___FILE_ONLY___ 

2022-05-25 11:48:48,692 INFO     ___FILE_ONLY___   
2022-05-25 11:48:48,692 INFO     ___FILE_ONLY___ resource
2022-05-25 11:48:48,692 INFO     ___FILE_ONLY___ :
2022-05-25 11:48:48,692 INFO     ___FILE_ONLY___  
2022-05-25 11:48:48,692 INFO     ___FILE_ONLY___ projects/crowdriff-stories-dev/topics/stories-es-sync
2022-05-25 11:48:48,692 INFO     ___FILE_ONLY___ 

2022-05-25 11:48:48,692 INFO     ___FILE_ONLY___   
2022-05-25 11:48:48,692 INFO     ___FILE_ONLY___ service
2022-05-25 11:48:48,692 INFO     ___FILE_ONLY___ :
2022-05-25 11:48:48,692 INFO     ___FILE_ONLY___  
2022-05-25 11:48:48,692 INFO     ___FILE_ONLY___ pubsub.googleapis.com
2022-05-25 11:48:48,692 INFO     ___FILE_ONLY___ 

2022-05-25 11:48:48,692 INFO     ___FILE_ONLY___ ingressSettings
2022-05-25 11:48:48,692 INFO     ___FILE_ONLY___ :
2022-05-25 11:48:48,692 INFO     ___FILE_ONLY___  
2022-05-25 11:48:48,692 INFO     ___FILE_ONLY___ ALLOW_ALL
2022-05-25 11:48:48,692 INFO     ___FILE_ONLY___ 

2022-05-25 11:48:48,693 INFO     ___FILE_ONLY___ labels
2022-05-25 11:48:48,693 INFO     ___FILE_ONLY___ :
2022-05-25 11:48:48,693 INFO     ___FILE_ONLY___ 

2022-05-25 11:48:48,693 INFO     ___FILE_ONLY___   
2022-05-25 11:48:48,693 INFO     ___FILE_ONLY___ deployment-tool
2022-05-25 11:48:48,693 INFO     ___FILE_ONLY___ :
2022-05-25 11:48:48,693 INFO     ___FILE_ONLY___  
2022-05-25 11:48:48,693 INFO     ___FILE_ONLY___ cli-gcloud
2022-05-25 11:48:48,693 INFO     ___FILE_ONLY___ 

2022-05-25 11:48:48,693 INFO     ___FILE_ONLY___ name
2022-05-25 11:48:48,693 INFO     ___FILE_ONLY___ :
2022-05-25 11:48:48,693 INFO     ___FILE_ONLY___  
2022-05-25 11:48:48,693 INFO     ___FILE_ONLY___ projects/crowdriff-stories-dev/locations/us-central1/functions/stories-es-sync
2022-05-25 11:48:48,693 INFO     ___FILE_ONLY___ 

2022-05-25 11:48:48,693 INFO     ___FILE_ONLY___ runtime
2022-05-25 11:48:48,693 INFO     ___FILE_ONLY___ :
2022-05-25 11:48:48,693 INFO     ___FILE_ONLY___  
2022-05-25 11:48:48,693 INFO     ___FILE_ONLY___ nodejs14
2022-05-25 11:48:48,693 INFO     ___FILE_ONLY___ 

2022-05-25 11:48:48,693 INFO     ___FILE_ONLY___ serviceAccountEmail
2022-05-25 11:48:48,693 INFO     ___FILE_ONLY___ :
2022-05-25 11:48:48,693 INFO     ___FILE_ONLY___  
2022-05-25 11:48:48,694 INFO     ___FILE_ONLY___ crowdriff-stories-dev@appspot.gserviceaccount.com
2022-05-25 11:48:48,694 INFO     ___FILE_ONLY___ 

2022-05-25 11:48:48,694 INFO     ___FILE_ONLY___ sourceUploadUrl
2022-05-25 11:48:48,694 INFO     ___FILE_ONLY___ :
2022-05-25 11:48:48,694 INFO     ___FILE_ONLY___  
2022-05-25 11:48:48,694 INFO     ___FILE_ONLY___ https://storage.googleapis.com/uploads-556841579775.us-central1.cloudfunctions.appspot.com/242b9066-8d36-4d4a-a977-d8db57aa73d3.zip
2022-05-25 11:48:48,694 INFO     ___FILE_ONLY___ 

2022-05-25 11:48:48,694 INFO     ___FILE_ONLY___ status
2022-05-25 11:48:48,694 INFO     ___FILE_ONLY___ :
2022-05-25 11:48:48,694 INFO     ___FILE_ONLY___  
2022-05-25 11:48:48,694 INFO     ___FILE_ONLY___ ACTIVE
2022-05-25 11:48:48,694 INFO     ___FILE_ONLY___ 

2022-05-25 11:48:48,694 INFO     ___FILE_ONLY___ timeout
2022-05-25 11:48:48,694 INFO     ___FILE_ONLY___ :
2022-05-25 11:48:48,694 INFO     ___FILE_ONLY___  
2022-05-25 11:48:48,694 INFO     ___FILE_ONLY___ 540s
2022-05-25 11:48:48,694 INFO     ___FILE_ONLY___ 

2022-05-25 11:48:48,695 INFO     ___FILE_ONLY___ updateTime
2022-05-25 11:48:48,695 INFO     ___FILE_ONLY___ :
2022-05-25 11:48:48,695 INFO     ___FILE_ONLY___  '
2022-05-25 11:48:48,695 INFO     ___FILE_ONLY___ 2022-05-25T15:48:47.334Z
2022-05-25 11:48:48,695 INFO     ___FILE_ONLY___ '
2022-05-25 11:48:48,695 INFO     ___FILE_ONLY___ 

2022-05-25 11:48:48,695 INFO     ___FILE_ONLY___ versionId
2022-05-25 11:48:48,695 INFO     ___FILE_ONLY___ :
2022-05-25 11:48:48,695 INFO     ___FILE_ONLY___  '
2022-05-25 11:48:48,695 INFO     ___FILE_ONLY___ 21
2022-05-25 11:48:48,695 INFO     ___FILE_ONLY___ '
2022-05-25 11:48:48,695 INFO     ___FILE_ONLY___ 

2022-05-25 11:48:48,703 DEBUG    root            Metrics reporting process started...
