2022-05-25 12:04:18,006 DEBUG    root            Loaded Command Group: ['gcloud', 'functions']
2022-05-25 12:04:18,045 DEBUG    root            Loaded Command Group: ['gcloud', 'functions', 'deploy']
2022-05-25 12:04:18,054 DEBUG    root            Running [gcloud.functions.deploy] with arguments: [--entry-point: "entrypoint", --env-vars-file: "{'NODE_ENV': 'development', 'NODE_PATH': '.', 'GATEWAY_BASE': 'https://story-network-gateway.derp.website', 'SERVICE_ACCOUNT': 'github-actions@crowdriff-stories-dev.iam.gserviceaccount.com', 'GOOGLE_CLOUD_PROJECT': 'crowdriff-stories-dev', 'PUB_SUB_TOPIC': 'stories-es-sync'}", --memory: "256Mi", --runtime: "nodejs14", --source: "dist/", --timeout: "540", --trigger-topic: "stories-es-sync", NAME: "stories-es-sync"]
2022-05-25 12:04:18,092 DEBUG    urllib3.connectionpool Starting new HTTPS connection (1): cloudfunctions.googleapis.com:443
2022-05-25 12:04:18,292 DEBUG    urllib3.connectionpool https://cloudfunctions.googleapis.com:443 "GET /v1/projects/crowdriff-stories-dev/locations/us-central1/functions/stories-es-sync?alt=json HTTP/1.1" 200 None
2022-05-25 12:04:18,297 INFO     root            Not using ignore file.
2022-05-25 12:04:18,298 INFO     root            Not using ignore file.
2022-05-25 12:04:18,325 DEBUG    urllib3.connectionpool Starting new HTTPS connection (1): cloudfunctions.googleapis.com:443
2022-05-25 12:04:18,877 DEBUG    urllib3.connectionpool https://cloudfunctions.googleapis.com:443 "POST /v1/projects/crowdriff-stories-dev/locations/us-central1/functions:generateUploadUrl?alt=json HTTP/1.1" 200 None
2022-05-25 12:04:18,884 DEBUG    urllib3.connectionpool Starting new HTTPS connection (1): storage.googleapis.com:443
2022-05-25 12:04:19,635 DEBUG    urllib3.connectionpool https://storage.googleapis.com:443 "PUT /uploads-556841579775.us-central1.cloudfunctions.appspot.com/b81ad5d0-bc9b-4f8d-8a12-daaac70e1888.zip?GoogleAccessId=service-31098141265%40gcf-admin-robot.iam.gserviceaccount.com&Expires=1653496458&Signature=5KAJgUIeWRBwLGU3pMEi481eIr3BQNGnwrds1tosCzIJkSW90c%2FlnDoefQC%2F0Q8LgxhJwO9FFRCquH6ZCFW1VauSV0TaRsQxMXKhgTns5uh5YHkhcJ5%2FQnJjXlF5%2Fo31eEomy%2FqGcjvi%2FAt2eJjuNBl0nAhoUJfK9Q764Q%2BIPlmpYuJg%2BCQaD8S09Aq3jmIrBoR8tOALRlyDR%2B5QupM13dMYAuIQgBe8eLKhugziVH5HW6%2Fd2DO%2FjFBzn7O20tHnVA6ugvgnWoAMKEVqSZd6rsnURv8uunZ05xV4FoB7yz%2FnBLYNK3pVOG4Dow22wONN86UsXkBwmt1kiCFY6Mu1IQ%3D%3D HTTP/1.1" 200 0
2022-05-25 12:04:19,654 DEBUG    urllib3.connectionpool Starting new HTTPS connection (1): cloudfunctions.googleapis.com:443
2022-05-25 12:04:19,985 DEBUG    urllib3.connectionpool https://cloudfunctions.googleapis.com:443 "PATCH /v1/projects/crowdriff-stories-dev/locations/us-central1/functions/stories-es-sync?alt=json&updateMask=availableMemoryMb%2CentryPoint%2CeventTrigger%2ChttpsTrigger%2Cruntime%2CsourceUploadUrl%2Ctimeout HTTP/1.1" 200 None
2022-05-25 12:04:19,997 INFO     ___FILE_ONLY___ Deploying function (may take a while - up to 2 minutes)...
2022-05-25 12:04:20,001 DEBUG    urllib3.connectionpool Starting new HTTPS connection (1): cloudfunctions.googleapis.com:443
2022-05-25 12:04:20,189 DEBUG    urllib3.connectionpool https://cloudfunctions.googleapis.com:443 "GET /v1/operations/Y3Jvd2RyaWZmLXN0b3JpZXMtZGV2L3VzLWNlbnRyYWwxL3N0b3JpZXMtZXMtc3luYy9JMWxlTUE0OWxmSQ?alt=json HTTP/1.1" 200 None
2022-05-25 12:04:22,029 DEBUG    urllib3.connectionpool https://cloudfunctions.googleapis.com:443 "GET /v1/operations/Y3Jvd2RyaWZmLXN0b3JpZXMtZGV2L3VzLWNlbnRyYWwxL3N0b3JpZXMtZXMtc3luYy9JMWxlTUE0OWxmSQ?alt=json HTTP/1.1" 200 None
2022-05-25 12:04:22,038 INFO     ___FILE_ONLY___ 
For Cloud Build Logs, visit: https://console.cloud.google.com/cloud-build/builds;region=us-central1/d14cce0e-bf1b-46dc-a070-9bb73965151a?project=31098141265

2022-05-25 12:04:24,074 DEBUG    urllib3.connectionpool https://cloudfunctions.googleapis.com:443 "GET /v1/operations/Y3Jvd2RyaWZmLXN0b3JpZXMtZGV2L3VzLWNlbnRyYWwxL3N0b3JpZXMtZXMtc3luYy9JMWxlTUE0OWxmSQ?alt=json HTTP/1.1" 200 None
2022-05-25 12:04:25,887 DEBUG    urllib3.connectionpool https://cloudfunctions.googleapis.com:443 "GET /v1/operations/Y3Jvd2RyaWZmLXN0b3JpZXMtZGV2L3VzLWNlbnRyYWwxL3N0b3JpZXMtZXMtc3luYy9JMWxlTUE0OWxmSQ?alt=json HTTP/1.1" 200 None
2022-05-25 12:04:27,212 DEBUG    urllib3.connectionpool https://cloudfunctions.googleapis.com:443 "GET /v1/operations/Y3Jvd2RyaWZmLXN0b3JpZXMtZGV2L3VzLWNlbnRyYWwxL3N0b3JpZXMtZXMtc3luYy9JMWxlTUE0OWxmSQ?alt=json HTTP/1.1" 200 None
2022-05-25 12:04:28,577 DEBUG    urllib3.connectionpool https://cloudfunctions.googleapis.com:443 "GET /v1/operations/Y3Jvd2RyaWZmLXN0b3JpZXMtZGV2L3VzLWNlbnRyYWwxL3N0b3JpZXMtZXMtc3luYy9JMWxlTUE0OWxmSQ?alt=json HTTP/1.1" 200 None
2022-05-25 12:04:30,530 DEBUG    urllib3.connectionpool https://cloudfunctions.googleapis.com:443 "GET /v1/operations/Y3Jvd2RyaWZmLXN0b3JpZXMtZGV2L3VzLWNlbnRyYWwxL3N0b3JpZXMtZXMtc3luYy9JMWxlTUE0OWxmSQ?alt=json HTTP/1.1" 200 None
2022-05-25 12:04:32,302 DEBUG    urllib3.connectionpool https://cloudfunctions.googleapis.com:443 "GET /v1/operations/Y3Jvd2RyaWZmLXN0b3JpZXMtZGV2L3VzLWNlbnRyYWwxL3N0b3JpZXMtZXMtc3luYy9JMWxlTUE0OWxmSQ?alt=json HTTP/1.1" 200 None
2022-05-25 12:04:33,894 DEBUG    urllib3.connectionpool https://cloudfunctions.googleapis.com:443 "GET /v1/operations/Y3Jvd2RyaWZmLXN0b3JpZXMtZGV2L3VzLWNlbnRyYWwxL3N0b3JpZXMtZXMtc3luYy9JMWxlTUE0OWxmSQ?alt=json HTTP/1.1" 200 None
2022-05-25 12:04:35,844 DEBUG    urllib3.connectionpool https://cloudfunctions.googleapis.com:443 "GET /v1/operations/Y3Jvd2RyaWZmLXN0b3JpZXMtZGV2L3VzLWNlbnRyYWwxL3N0b3JpZXMtZXMtc3luYy9JMWxlTUE0OWxmSQ?alt=json HTTP/1.1" 200 None
2022-05-25 12:04:37,761 DEBUG    urllib3.connectionpool https://cloudfunctions.googleapis.com:443 "GET /v1/operations/Y3Jvd2RyaWZmLXN0b3JpZXMtZGV2L3VzLWNlbnRyYWwxL3N0b3JpZXMtZXMtc3luYy9JMWxlTUE0OWxmSQ?alt=json HTTP/1.1" 200 None
2022-05-25 12:04:39,769 DEBUG    urllib3.connectionpool https://cloudfunctions.googleapis.com:443 "GET /v1/operations/Y3Jvd2RyaWZmLXN0b3JpZXMtZGV2L3VzLWNlbnRyYWwxL3N0b3JpZXMtZXMtc3luYy9JMWxlTUE0OWxmSQ?alt=json HTTP/1.1" 200 None
2022-05-25 12:04:41,631 DEBUG    urllib3.connectionpool https://cloudfunctions.googleapis.com:443 "GET /v1/operations/Y3Jvd2RyaWZmLXN0b3JpZXMtZGV2L3VzLWNlbnRyYWwxL3N0b3JpZXMtZXMtc3luYy9JMWxlTUE0OWxmSQ?alt=json HTTP/1.1" 200 None
2022-05-25 12:04:43,640 DEBUG    urllib3.connectionpool https://cloudfunctions.googleapis.com:443 "GET /v1/operations/Y3Jvd2RyaWZmLXN0b3JpZXMtZGV2L3VzLWNlbnRyYWwxL3N0b3JpZXMtZXMtc3luYy9JMWxlTUE0OWxmSQ?alt=json HTTP/1.1" 200 None
2022-05-25 12:04:45,535 DEBUG    urllib3.connectionpool https://cloudfunctions.googleapis.com:443 "GET /v1/operations/Y3Jvd2RyaWZmLXN0b3JpZXMtZGV2L3VzLWNlbnRyYWwxL3N0b3JpZXMtZXMtc3luYy9JMWxlTUE0OWxmSQ?alt=json HTTP/1.1" 200 None
2022-05-25 12:04:46,807 DEBUG    urllib3.connectionpool https://cloudfunctions.googleapis.com:443 "GET /v1/operations/Y3Jvd2RyaWZmLXN0b3JpZXMtZGV2L3VzLWNlbnRyYWwxL3N0b3JpZXMtZXMtc3luYy9JMWxlTUE0OWxmSQ?alt=json HTTP/1.1" 200 None
2022-05-25 12:04:48,140 DEBUG    urllib3.connectionpool https://cloudfunctions.googleapis.com:443 "GET /v1/operations/Y3Jvd2RyaWZmLXN0b3JpZXMtZGV2L3VzLWNlbnRyYWwxL3N0b3JpZXMtZXMtc3luYy9JMWxlTUE0OWxmSQ?alt=json HTTP/1.1" 200 None
2022-05-25 12:04:50,079 DEBUG    urllib3.connectionpool https://cloudfunctions.googleapis.com:443 "GET /v1/operations/Y3Jvd2RyaWZmLXN0b3JpZXMtZGV2L3VzLWNlbnRyYWwxL3N0b3JpZXMtZXMtc3luYy9JMWxlTUE0OWxmSQ?alt=json HTTP/1.1" 200 None
2022-05-25 12:04:52,048 DEBUG    urllib3.connectionpool https://cloudfunctions.googleapis.com:443 "GET /v1/operations/Y3Jvd2RyaWZmLXN0b3JpZXMtZGV2L3VzLWNlbnRyYWwxL3N0b3JpZXMtZXMtc3luYy9JMWxlTUE0OWxmSQ?alt=json HTTP/1.1" 200 None
2022-05-25 12:04:53,328 DEBUG    urllib3.connectionpool https://cloudfunctions.googleapis.com:443 "GET /v1/operations/Y3Jvd2RyaWZmLXN0b3JpZXMtZGV2L3VzLWNlbnRyYWwxL3N0b3JpZXMtZXMtc3luYy9JMWxlTUE0OWxmSQ?alt=json HTTP/1.1" 200 None
2022-05-25 12:04:54,874 DEBUG    urllib3.connectionpool https://cloudfunctions.googleapis.com:443 "GET /v1/operations/Y3Jvd2RyaWZmLXN0b3JpZXMtZGV2L3VzLWNlbnRyYWwxL3N0b3JpZXMtZXMtc3luYy9JMWxlTUE0OWxmSQ?alt=json HTTP/1.1" 200 None
2022-05-25 12:04:56,162 DEBUG    urllib3.connectionpool https://cloudfunctions.googleapis.com:443 "GET /v1/operations/Y3Jvd2RyaWZmLXN0b3JpZXMtZGV2L3VzLWNlbnRyYWwxL3N0b3JpZXMtZXMtc3luYy9JMWxlTUE0OWxmSQ?alt=json HTTP/1.1" 200 None
2022-05-25 12:04:57,872 DEBUG    urllib3.connectionpool https://cloudfunctions.googleapis.com:443 "GET /v1/operations/Y3Jvd2RyaWZmLXN0b3JpZXMtZGV2L3VzLWNlbnRyYWwxL3N0b3JpZXMtZXMtc3luYy9JMWxlTUE0OWxmSQ?alt=json HTTP/1.1" 200 None
2022-05-25 12:04:59,777 DEBUG    urllib3.connectionpool https://cloudfunctions.googleapis.com:443 "GET /v1/operations/Y3Jvd2RyaWZmLXN0b3JpZXMtZGV2L3VzLWNlbnRyYWwxL3N0b3JpZXMtZXMtc3luYy9JMWxlTUE0OWxmSQ?alt=json HTTP/1.1" 200 None
2022-05-25 12:05:01,015 DEBUG    urllib3.connectionpool https://cloudfunctions.googleapis.com:443 "GET /v1/operations/Y3Jvd2RyaWZmLXN0b3JpZXMtZGV2L3VzLWNlbnRyYWwxL3N0b3JpZXMtZXMtc3luYy9JMWxlTUE0OWxmSQ?alt=json HTTP/1.1" 200 None
2022-05-25 12:05:02,719 DEBUG    urllib3.connectionpool https://cloudfunctions.googleapis.com:443 "GET /v1/operations/Y3Jvd2RyaWZmLXN0b3JpZXMtZGV2L3VzLWNlbnRyYWwxL3N0b3JpZXMtZXMtc3luYy9JMWxlTUE0OWxmSQ?alt=json HTTP/1.1" 200 None
2022-05-25 12:05:04,062 DEBUG    urllib3.connectionpool https://cloudfunctions.googleapis.com:443 "GET /v1/operations/Y3Jvd2RyaWZmLXN0b3JpZXMtZGV2L3VzLWNlbnRyYWwxL3N0b3JpZXMtZXMtc3luYy9JMWxlTUE0OWxmSQ?alt=json HTTP/1.1" 200 None
2022-05-25 12:05:05,694 DEBUG    urllib3.connectionpool https://cloudfunctions.googleapis.com:443 "GET /v1/operations/Y3Jvd2RyaWZmLXN0b3JpZXMtZGV2L3VzLWNlbnRyYWwxL3N0b3JpZXMtZXMtc3luYy9JMWxlTUE0OWxmSQ?alt=json HTTP/1.1" 200 None
2022-05-25 12:05:07,021 DEBUG    urllib3.connectionpool https://cloudfunctions.googleapis.com:443 "GET /v1/operations/Y3Jvd2RyaWZmLXN0b3JpZXMtZGV2L3VzLWNlbnRyYWwxL3N0b3JpZXMtZXMtc3luYy9JMWxlTUE0OWxmSQ?alt=json HTTP/1.1" 200 None
2022-05-25 12:05:08,931 DEBUG    urllib3.connectionpool https://cloudfunctions.googleapis.com:443 "GET /v1/operations/Y3Jvd2RyaWZmLXN0b3JpZXMtZGV2L3VzLWNlbnRyYWwxL3N0b3JpZXMtZXMtc3luYy9JMWxlTUE0OWxmSQ?alt=json HTTP/1.1" 200 None
2022-05-25 12:05:10,408 DEBUG    urllib3.connectionpool https://cloudfunctions.googleapis.com:443 "GET /v1/operations/Y3Jvd2RyaWZmLXN0b3JpZXMtZGV2L3VzLWNlbnRyYWwxL3N0b3JpZXMtZXMtc3luYy9JMWxlTUE0OWxmSQ?alt=json HTTP/1.1" 200 None
2022-05-25 12:05:12,373 DEBUG    urllib3.connectionpool https://cloudfunctions.googleapis.com:443 "GET /v1/operations/Y3Jvd2RyaWZmLXN0b3JpZXMtZGV2L3VzLWNlbnRyYWwxL3N0b3JpZXMtZXMtc3luYy9JMWxlTUE0OWxmSQ?alt=json HTTP/1.1" 200 None
2022-05-25 12:05:13,681 DEBUG    urllib3.connectionpool https://cloudfunctions.googleapis.com:443 "GET /v1/operations/Y3Jvd2RyaWZmLXN0b3JpZXMtZGV2L3VzLWNlbnRyYWwxL3N0b3JpZXMtZXMtc3luYy9JMWxlTUE0OWxmSQ?alt=json HTTP/1.1" 200 None
2022-05-25 12:05:15,444 DEBUG    urllib3.connectionpool https://cloudfunctions.googleapis.com:443 "GET /v1/operations/Y3Jvd2RyaWZmLXN0b3JpZXMtZGV2L3VzLWNlbnRyYWwxL3N0b3JpZXMtZXMtc3luYy9JMWxlTUE0OWxmSQ?alt=json HTTP/1.1" 200 None
2022-05-25 12:05:16,893 DEBUG    urllib3.connectionpool https://cloudfunctions.googleapis.com:443 "GET /v1/operations/Y3Jvd2RyaWZmLXN0b3JpZXMtZGV2L3VzLWNlbnRyYWwxL3N0b3JpZXMtZXMtc3luYy9JMWxlTUE0OWxmSQ?alt=json HTTP/1.1" 200 None
2022-05-25 12:05:18,061 DEBUG    urllib3.connectionpool https://cloudfunctions.googleapis.com:443 "GET /v1/operations/Y3Jvd2RyaWZmLXN0b3JpZXMtZGV2L3VzLWNlbnRyYWwxL3N0b3JpZXMtZXMtc3luYy9JMWxlTUE0OWxmSQ?alt=json HTTP/1.1" 200 None
2022-05-25 12:05:19,292 DEBUG    urllib3.connectionpool https://cloudfunctions.googleapis.com:443 "GET /v1/operations/Y3Jvd2RyaWZmLXN0b3JpZXMtZGV2L3VzLWNlbnRyYWwxL3N0b3JpZXMtZXMtc3luYy9JMWxlTUE0OWxmSQ?alt=json HTTP/1.1" 200 None
2022-05-25 12:05:20,981 DEBUG    urllib3.connectionpool https://cloudfunctions.googleapis.com:443 "GET /v1/operations/Y3Jvd2RyaWZmLXN0b3JpZXMtZGV2L3VzLWNlbnRyYWwxL3N0b3JpZXMtZXMtc3luYy9JMWxlTUE0OWxmSQ?alt=json HTTP/1.1" 200 None
2022-05-25 12:05:22,336 DEBUG    urllib3.connectionpool https://cloudfunctions.googleapis.com:443 "GET /v1/operations/Y3Jvd2RyaWZmLXN0b3JpZXMtZGV2L3VzLWNlbnRyYWwxL3N0b3JpZXMtZXMtc3luYy9JMWxlTUE0OWxmSQ?alt=json HTTP/1.1" 200 None
2022-05-25 12:05:24,322 DEBUG    urllib3.connectionpool https://cloudfunctions.googleapis.com:443 "GET /v1/operations/Y3Jvd2RyaWZmLXN0b3JpZXMtZGV2L3VzLWNlbnRyYWwxL3N0b3JpZXMtZXMtc3luYy9JMWxlTUE0OWxmSQ?alt=json HTTP/1.1" 200 None
2022-05-25 12:05:25,504 DEBUG    urllib3.connectionpool https://cloudfunctions.googleapis.com:443 "GET /v1/operations/Y3Jvd2RyaWZmLXN0b3JpZXMtZGV2L3VzLWNlbnRyYWwxL3N0b3JpZXMtZXMtc3luYy9JMWxlTUE0OWxmSQ?alt=json HTTP/1.1" 200 None
2022-05-25 12:05:27,309 DEBUG    urllib3.connectionpool https://cloudfunctions.googleapis.com:443 "GET /v1/operations/Y3Jvd2RyaWZmLXN0b3JpZXMtZGV2L3VzLWNlbnRyYWwxL3N0b3JpZXMtZXMtc3luYy9JMWxlTUE0OWxmSQ?alt=json HTTP/1.1" 200 None
2022-05-25 12:05:29,369 DEBUG    urllib3.connectionpool https://cloudfunctions.googleapis.com:443 "GET /v1/operations/Y3Jvd2RyaWZmLXN0b3JpZXMtZGV2L3VzLWNlbnRyYWwxL3N0b3JpZXMtZXMtc3luYy9JMWxlTUE0OWxmSQ?alt=json HTTP/1.1" 200 None
2022-05-25 12:05:30,990 DEBUG    urllib3.connectionpool https://cloudfunctions.googleapis.com:443 "GET /v1/operations/Y3Jvd2RyaWZmLXN0b3JpZXMtZGV2L3VzLWNlbnRyYWwxL3N0b3JpZXMtZXMtc3luYy9JMWxlTUE0OWxmSQ?alt=json HTTP/1.1" 200 None
2022-05-25 12:05:32,955 DEBUG    urllib3.connectionpool https://cloudfunctions.googleapis.com:443 "GET /v1/operations/Y3Jvd2RyaWZmLXN0b3JpZXMtZGV2L3VzLWNlbnRyYWwxL3N0b3JpZXMtZXMtc3luYy9JMWxlTUE0OWxmSQ?alt=json HTTP/1.1" 200 None
2022-05-25 12:05:34,629 DEBUG    urllib3.connectionpool https://cloudfunctions.googleapis.com:443 "GET /v1/operations/Y3Jvd2RyaWZmLXN0b3JpZXMtZGV2L3VzLWNlbnRyYWwxL3N0b3JpZXMtZXMtc3luYy9JMWxlTUE0OWxmSQ?alt=json HTTP/1.1" 200 None
2022-05-25 12:05:36,458 DEBUG    urllib3.connectionpool https://cloudfunctions.googleapis.com:443 "GET /v1/operations/Y3Jvd2RyaWZmLXN0b3JpZXMtZGV2L3VzLWNlbnRyYWwxL3N0b3JpZXMtZXMtc3luYy9JMWxlTUE0OWxmSQ?alt=json HTTP/1.1" 200 None
2022-05-25 12:05:38,030 DEBUG    urllib3.connectionpool https://cloudfunctions.googleapis.com:443 "GET /v1/operations/Y3Jvd2RyaWZmLXN0b3JpZXMtZGV2L3VzLWNlbnRyYWwxL3N0b3JpZXMtZXMtc3luYy9JMWxlTUE0OWxmSQ?alt=json HTTP/1.1" 200 None
2022-05-25 12:05:39,908 DEBUG    urllib3.connectionpool https://cloudfunctions.googleapis.com:443 "GET /v1/operations/Y3Jvd2RyaWZmLXN0b3JpZXMtZGV2L3VzLWNlbnRyYWwxL3N0b3JpZXMtZXMtc3luYy9JMWxlTUE0OWxmSQ?alt=json HTTP/1.1" 200 None
2022-05-25 12:05:41,124 DEBUG    urllib3.connectionpool https://cloudfunctions.googleapis.com:443 "GET /v1/operations/Y3Jvd2RyaWZmLXN0b3JpZXMtZGV2L3VzLWNlbnRyYWwxL3N0b3JpZXMtZXMtc3luYy9JMWxlTUE0OWxmSQ?alt=json HTTP/1.1" 200 None
2022-05-25 12:05:42,612 DEBUG    urllib3.connectionpool https://cloudfunctions.googleapis.com:443 "GET /v1/operations/Y3Jvd2RyaWZmLXN0b3JpZXMtZGV2L3VzLWNlbnRyYWwxL3N0b3JpZXMtZXMtc3luYy9JMWxlTUE0OWxmSQ?alt=json HTTP/1.1" 200 None
2022-05-25 12:05:44,288 DEBUG    urllib3.connectionpool https://cloudfunctions.googleapis.com:443 "GET /v1/operations/Y3Jvd2RyaWZmLXN0b3JpZXMtZGV2L3VzLWNlbnRyYWwxL3N0b3JpZXMtZXMtc3luYy9JMWxlTUE0OWxmSQ?alt=json HTTP/1.1" 200 None
2022-05-25 12:05:46,070 DEBUG    urllib3.connectionpool https://cloudfunctions.googleapis.com:443 "GET /v1/operations/Y3Jvd2RyaWZmLXN0b3JpZXMtZGV2L3VzLWNlbnRyYWwxL3N0b3JpZXMtZXMtc3luYy9JMWxlTUE0OWxmSQ?alt=json HTTP/1.1" 200 None
2022-05-25 12:05:47,955 DEBUG    urllib3.connectionpool https://cloudfunctions.googleapis.com:443 "GET /v1/operations/Y3Jvd2RyaWZmLXN0b3JpZXMtZGV2L3VzLWNlbnRyYWwxL3N0b3JpZXMtZXMtc3luYy9JMWxlTUE0OWxmSQ?alt=json HTTP/1.1" 200 None
2022-05-25 12:05:49,761 DEBUG    urllib3.connectionpool https://cloudfunctions.googleapis.com:443 "GET /v1/operations/Y3Jvd2RyaWZmLXN0b3JpZXMtZGV2L3VzLWNlbnRyYWwxL3N0b3JpZXMtZXMtc3luYy9JMWxlTUE0OWxmSQ?alt=json HTTP/1.1" 200 None
2022-05-25 12:05:51,340 DEBUG    urllib3.connectionpool https://cloudfunctions.googleapis.com:443 "GET /v1/operations/Y3Jvd2RyaWZmLXN0b3JpZXMtZGV2L3VzLWNlbnRyYWwxL3N0b3JpZXMtZXMtc3luYy9JMWxlTUE0OWxmSQ?alt=json HTTP/1.1" 200 None
2022-05-25 12:05:52,851 DEBUG    urllib3.connectionpool https://cloudfunctions.googleapis.com:443 "GET /v1/operations/Y3Jvd2RyaWZmLXN0b3JpZXMtZGV2L3VzLWNlbnRyYWwxL3N0b3JpZXMtZXMtc3luYy9JMWxlTUE0OWxmSQ?alt=json HTTP/1.1" 200 None
2022-05-25 12:05:54,822 DEBUG    urllib3.connectionpool https://cloudfunctions.googleapis.com:443 "GET /v1/operations/Y3Jvd2RyaWZmLXN0b3JpZXMtZGV2L3VzLWNlbnRyYWwxL3N0b3JpZXMtZXMtc3luYy9JMWxlTUE0OWxmSQ?alt=json HTTP/1.1" 200 None
2022-05-25 12:05:56,544 DEBUG    urllib3.connectionpool https://cloudfunctions.googleapis.com:443 "GET /v1/operations/Y3Jvd2RyaWZmLXN0b3JpZXMtZGV2L3VzLWNlbnRyYWwxL3N0b3JpZXMtZXMtc3luYy9JMWxlTUE0OWxmSQ?alt=json HTTP/1.1" 200 None
2022-05-25 12:05:58,207 DEBUG    urllib3.connectionpool https://cloudfunctions.googleapis.com:443 "GET /v1/operations/Y3Jvd2RyaWZmLXN0b3JpZXMtZGV2L3VzLWNlbnRyYWwxL3N0b3JpZXMtZXMtc3luYy9JMWxlTUE0OWxmSQ?alt=json HTTP/1.1" 200 None
2022-05-25 12:06:00,320 DEBUG    urllib3.connectionpool https://cloudfunctions.googleapis.com:443 "GET /v1/operations/Y3Jvd2RyaWZmLXN0b3JpZXMtZGV2L3VzLWNlbnRyYWwxL3N0b3JpZXMtZXMtc3luYy9JMWxlTUE0OWxmSQ?alt=json HTTP/1.1" 200 None
2022-05-25 12:06:02,417 DEBUG    urllib3.connectionpool https://cloudfunctions.googleapis.com:443 "GET /v1/operations/Y3Jvd2RyaWZmLXN0b3JpZXMtZGV2L3VzLWNlbnRyYWwxL3N0b3JpZXMtZXMtc3luYy9JMWxlTUE0OWxmSQ?alt=json HTTP/1.1" 200 None
2022-05-25 12:06:03,562 DEBUG    urllib3.connectionpool https://cloudfunctions.googleapis.com:443 "GET /v1/operations/Y3Jvd2RyaWZmLXN0b3JpZXMtZGV2L3VzLWNlbnRyYWwxL3N0b3JpZXMtZXMtc3luYy9JMWxlTUE0OWxmSQ?alt=json HTTP/1.1" 200 None
2022-05-25 12:06:04,896 DEBUG    urllib3.connectionpool https://cloudfunctions.googleapis.com:443 "GET /v1/operations/Y3Jvd2RyaWZmLXN0b3JpZXMtZGV2L3VzLWNlbnRyYWwxL3N0b3JpZXMtZXMtc3luYy9JMWxlTUE0OWxmSQ?alt=json HTTP/1.1" 200 None
2022-05-25 12:06:06,385 DEBUG    urllib3.connectionpool https://cloudfunctions.googleapis.com:443 "GET /v1/operations/Y3Jvd2RyaWZmLXN0b3JpZXMtZGV2L3VzLWNlbnRyYWwxL3N0b3JpZXMtZXMtc3luYy9JMWxlTUE0OWxmSQ?alt=json HTTP/1.1" 200 None
2022-05-25 12:06:08,005 DEBUG    urllib3.connectionpool https://cloudfunctions.googleapis.com:443 "GET /v1/operations/Y3Jvd2RyaWZmLXN0b3JpZXMtZGV2L3VzLWNlbnRyYWwxL3N0b3JpZXMtZXMtc3luYy9JMWxlTUE0OWxmSQ?alt=json HTTP/1.1" 200 None
2022-05-25 12:06:09,325 DEBUG    urllib3.connectionpool https://cloudfunctions.googleapis.com:443 "GET /v1/operations/Y3Jvd2RyaWZmLXN0b3JpZXMtZGV2L3VzLWNlbnRyYWwxL3N0b3JpZXMtZXMtc3luYy9JMWxlTUE0OWxmSQ?alt=json HTTP/1.1" 200 None
2022-05-25 12:06:11,177 DEBUG    urllib3.connectionpool https://cloudfunctions.googleapis.com:443 "GET /v1/operations/Y3Jvd2RyaWZmLXN0b3JpZXMtZGV2L3VzLWNlbnRyYWwxL3N0b3JpZXMtZXMtc3luYy9JMWxlTUE0OWxmSQ?alt=json HTTP/1.1" 200 None
2022-05-25 12:06:12,779 DEBUG    urllib3.connectionpool https://cloudfunctions.googleapis.com:443 "GET /v1/operations/Y3Jvd2RyaWZmLXN0b3JpZXMtZGV2L3VzLWNlbnRyYWwxL3N0b3JpZXMtZXMtc3luYy9JMWxlTUE0OWxmSQ?alt=json HTTP/1.1" 200 None
2022-05-25 12:06:14,849 DEBUG    urllib3.connectionpool https://cloudfunctions.googleapis.com:443 "GET /v1/operations/Y3Jvd2RyaWZmLXN0b3JpZXMtZGV2L3VzLWNlbnRyYWwxL3N0b3JpZXMtZXMtc3luYy9JMWxlTUE0OWxmSQ?alt=json HTTP/1.1" 200 None
2022-05-25 12:06:16,697 DEBUG    urllib3.connectionpool https://cloudfunctions.googleapis.com:443 "GET /v1/operations/Y3Jvd2RyaWZmLXN0b3JpZXMtZGV2L3VzLWNlbnRyYWwxL3N0b3JpZXMtZXMtc3luYy9JMWxlTUE0OWxmSQ?alt=json HTTP/1.1" 200 None
2022-05-25 12:06:18,746 DEBUG    urllib3.connectionpool https://cloudfunctions.googleapis.com:443 "GET /v1/operations/Y3Jvd2RyaWZmLXN0b3JpZXMtZGV2L3VzLWNlbnRyYWwxL3N0b3JpZXMtZXMtc3luYy9JMWxlTUE0OWxmSQ?alt=json HTTP/1.1" 200 None
2022-05-25 12:06:20,452 DEBUG    urllib3.connectionpool https://cloudfunctions.googleapis.com:443 "GET /v1/operations/Y3Jvd2RyaWZmLXN0b3JpZXMtZGV2L3VzLWNlbnRyYWwxL3N0b3JpZXMtZXMtc3luYy9JMWxlTUE0OWxmSQ?alt=json HTTP/1.1" 200 None
2022-05-25 12:06:21,594 DEBUG    urllib3.connectionpool https://cloudfunctions.googleapis.com:443 "GET /v1/operations/Y3Jvd2RyaWZmLXN0b3JpZXMtZGV2L3VzLWNlbnRyYWwxL3N0b3JpZXMtZXMtc3luYy9JMWxlTUE0OWxmSQ?alt=json HTTP/1.1" 200 None
2022-05-25 12:06:22,961 DEBUG    urllib3.connectionpool https://cloudfunctions.googleapis.com:443 "GET /v1/operations/Y3Jvd2RyaWZmLXN0b3JpZXMtZGV2L3VzLWNlbnRyYWwxL3N0b3JpZXMtZXMtc3luYy9JMWxlTUE0OWxmSQ?alt=json HTTP/1.1" 200 None
2022-05-25 12:06:24,983 DEBUG    urllib3.connectionpool https://cloudfunctions.googleapis.com:443 "GET /v1/operations/Y3Jvd2RyaWZmLXN0b3JpZXMtZGV2L3VzLWNlbnRyYWwxL3N0b3JpZXMtZXMtc3luYy9JMWxlTUE0OWxmSQ?alt=json HTTP/1.1" 200 None
2022-05-25 12:06:26,352 DEBUG    urllib3.connectionpool https://cloudfunctions.googleapis.com:443 "GET /v1/operations/Y3Jvd2RyaWZmLXN0b3JpZXMtZGV2L3VzLWNlbnRyYWwxL3N0b3JpZXMtZXMtc3luYy9JMWxlTUE0OWxmSQ?alt=json HTTP/1.1" 200 None
2022-05-25 12:06:28,347 DEBUG    urllib3.connectionpool https://cloudfunctions.googleapis.com:443 "GET /v1/operations/Y3Jvd2RyaWZmLXN0b3JpZXMtZGV2L3VzLWNlbnRyYWwxL3N0b3JpZXMtZXMtc3luYy9JMWxlTUE0OWxmSQ?alt=json HTTP/1.1" 200 None
2022-05-25 12:06:30,463 DEBUG    urllib3.connectionpool https://cloudfunctions.googleapis.com:443 "GET /v1/operations/Y3Jvd2RyaWZmLXN0b3JpZXMtZGV2L3VzLWNlbnRyYWwxL3N0b3JpZXMtZXMtc3luYy9JMWxlTUE0OWxmSQ?alt=json HTTP/1.1" 200 None
2022-05-25 12:06:31,771 DEBUG    urllib3.connectionpool https://cloudfunctions.googleapis.com:443 "GET /v1/operations/Y3Jvd2RyaWZmLXN0b3JpZXMtZGV2L3VzLWNlbnRyYWwxL3N0b3JpZXMtZXMtc3luYy9JMWxlTUE0OWxmSQ?alt=json HTTP/1.1" 200 None
2022-05-25 12:06:33,744 DEBUG    urllib3.connectionpool https://cloudfunctions.googleapis.com:443 "GET /v1/operations/Y3Jvd2RyaWZmLXN0b3JpZXMtZGV2L3VzLWNlbnRyYWwxL3N0b3JpZXMtZXMtc3luYy9JMWxlTUE0OWxmSQ?alt=json HTTP/1.1" 200 None
2022-05-25 12:06:35,590 DEBUG    urllib3.connectionpool https://cloudfunctions.googleapis.com:443 "GET /v1/operations/Y3Jvd2RyaWZmLXN0b3JpZXMtZGV2L3VzLWNlbnRyYWwxL3N0b3JpZXMtZXMtc3luYy9JMWxlTUE0OWxmSQ?alt=json HTTP/1.1" 200 None
2022-05-25 12:06:37,496 DEBUG    urllib3.connectionpool https://cloudfunctions.googleapis.com:443 "GET /v1/operations/Y3Jvd2RyaWZmLXN0b3JpZXMtZGV2L3VzLWNlbnRyYWwxL3N0b3JpZXMtZXMtc3luYy9JMWxlTUE0OWxmSQ?alt=json HTTP/1.1" 200 None
2022-05-25 12:06:38,756 DEBUG    urllib3.connectionpool https://cloudfunctions.googleapis.com:443 "GET /v1/operations/Y3Jvd2RyaWZmLXN0b3JpZXMtZGV2L3VzLWNlbnRyYWwxL3N0b3JpZXMtZXMtc3luYy9JMWxlTUE0OWxmSQ?alt=json HTTP/1.1" 200 None
2022-05-25 12:06:40,211 DEBUG    urllib3.connectionpool https://cloudfunctions.googleapis.com:443 "GET /v1/operations/Y3Jvd2RyaWZmLXN0b3JpZXMtZGV2L3VzLWNlbnRyYWwxL3N0b3JpZXMtZXMtc3luYy9JMWxlTUE0OWxmSQ?alt=json HTTP/1.1" 200 None
2022-05-25 12:06:41,772 DEBUG    urllib3.connectionpool https://cloudfunctions.googleapis.com:443 "GET /v1/operations/Y3Jvd2RyaWZmLXN0b3JpZXMtZGV2L3VzLWNlbnRyYWwxL3N0b3JpZXMtZXMtc3luYy9JMWxlTUE0OWxmSQ?alt=json HTTP/1.1" 200 None
2022-05-25 12:06:43,070 DEBUG    urllib3.connectionpool https://cloudfunctions.googleapis.com:443 "GET /v1/operations/Y3Jvd2RyaWZmLXN0b3JpZXMtZGV2L3VzLWNlbnRyYWwxL3N0b3JpZXMtZXMtc3luYy9JMWxlTUE0OWxmSQ?alt=json HTTP/1.1" 200 None
2022-05-25 12:06:44,264 DEBUG    urllib3.connectionpool https://cloudfunctions.googleapis.com:443 "GET /v1/operations/Y3Jvd2RyaWZmLXN0b3JpZXMtZGV2L3VzLWNlbnRyYWwxL3N0b3JpZXMtZXMtc3luYy9JMWxlTUE0OWxmSQ?alt=json HTTP/1.1" 200 None
2022-05-25 12:06:44,292 DEBUG    urllib3.connectionpool Starting new HTTPS connection (1): cloudfunctions.googleapis.com:443
2022-05-25 12:06:44,481 DEBUG    urllib3.connectionpool https://cloudfunctions.googleapis.com:443 "GET /v1/projects/crowdriff-stories-dev/locations/us-central1/functions/stories-es-sync?alt=json HTTP/1.1" 200 None
2022-05-25 12:06:44,493 INFO     root            Display format: "default"
2022-05-25 12:06:44,498 INFO     ___FILE_ONLY___ availableMemoryMb
2022-05-25 12:06:44,498 INFO     ___FILE_ONLY___ :
2022-05-25 12:06:44,498 INFO     ___FILE_ONLY___  
2022-05-25 12:06:44,499 INFO     ___FILE_ONLY___ 256
2022-05-25 12:06:44,499 INFO     ___FILE_ONLY___ 

2022-05-25 12:06:44,499 INFO     ___FILE_ONLY___ buildId
2022-05-25 12:06:44,499 INFO     ___FILE_ONLY___ :
2022-05-25 12:06:44,499 INFO     ___FILE_ONLY___  
2022-05-25 12:06:44,499 INFO     ___FILE_ONLY___ d14cce0e-bf1b-46dc-a070-9bb73965151a
2022-05-25 12:06:44,499 INFO     ___FILE_ONLY___ 

2022-05-25 12:06:44,499 INFO     ___FILE_ONLY___ buildName
2022-05-25 12:06:44,499 INFO     ___FILE_ONLY___ :
2022-05-25 12:06:44,500 INFO     ___FILE_ONLY___  
2022-05-25 12:06:44,500 INFO     ___FILE_ONLY___ projects/31098141265/locations/us-central1/builds/d14cce0e-bf1b-46dc-a070-9bb73965151a
2022-05-25 12:06:44,500 INFO     ___FILE_ONLY___ 

2022-05-25 12:06:44,500 INFO     ___FILE_ONLY___ dockerRegistry
2022-05-25 12:06:44,500 INFO     ___FILE_ONLY___ :
2022-05-25 12:06:44,500 INFO     ___FILE_ONLY___  
2022-05-25 12:06:44,500 INFO     ___FILE_ONLY___ CONTAINER_REGISTRY
2022-05-25 12:06:44,500 INFO     ___FILE_ONLY___ 

2022-05-25 12:06:44,500 INFO     ___FILE_ONLY___ entryPoint
2022-05-25 12:06:44,500 INFO     ___FILE_ONLY___ :
2022-05-25 12:06:44,501 INFO     ___FILE_ONLY___  
2022-05-25 12:06:44,501 INFO     ___FILE_ONLY___ entrypoint
2022-05-25 12:06:44,501 INFO     ___FILE_ONLY___ 

2022-05-25 12:06:44,501 INFO     ___FILE_ONLY___ environmentVariables
2022-05-25 12:06:44,501 INFO     ___FILE_ONLY___ :
2022-05-25 12:06:44,501 INFO     ___FILE_ONLY___ 

2022-05-25 12:06:44,501 INFO     ___FILE_ONLY___   
2022-05-25 12:06:44,501 INFO     ___FILE_ONLY___ GATEWAY_BASE
2022-05-25 12:06:44,501 INFO     ___FILE_ONLY___ :
2022-05-25 12:06:44,501 INFO     ___FILE_ONLY___  
2022-05-25 12:06:44,502 INFO     ___FILE_ONLY___ https://story-network-gateway.derp.website
2022-05-25 12:06:44,502 INFO     ___FILE_ONLY___ 

2022-05-25 12:06:44,502 INFO     ___FILE_ONLY___   
2022-05-25 12:06:44,502 INFO     ___FILE_ONLY___ GOOGLE_CLOUD_PROJECT
2022-05-25 12:06:44,502 INFO     ___FILE_ONLY___ :
2022-05-25 12:06:44,502 INFO     ___FILE_ONLY___  
2022-05-25 12:06:44,502 INFO     ___FILE_ONLY___ crowdriff-stories-dev
2022-05-25 12:06:44,502 INFO     ___FILE_ONLY___ 

2022-05-25 12:06:44,502 INFO     ___FILE_ONLY___   
2022-05-25 12:06:44,502 INFO     ___FILE_ONLY___ NODE_ENV
2022-05-25 12:06:44,502 INFO     ___FILE_ONLY___ :
2022-05-25 12:06:44,503 INFO     ___FILE_ONLY___  
2022-05-25 12:06:44,503 INFO     ___FILE_ONLY___ development
2022-05-25 12:06:44,503 INFO     ___FILE_ONLY___ 

2022-05-25 12:06:44,503 INFO     ___FILE_ONLY___   
2022-05-25 12:06:44,503 INFO     ___FILE_ONLY___ NODE_PATH
2022-05-25 12:06:44,503 INFO     ___FILE_ONLY___ :
2022-05-25 12:06:44,503 INFO     ___FILE_ONLY___  
2022-05-25 12:06:44,503 INFO     ___FILE_ONLY___ .
2022-05-25 12:06:44,503 INFO     ___FILE_ONLY___ 

2022-05-25 12:06:44,503 INFO     ___FILE_ONLY___   
2022-05-25 12:06:44,503 INFO     ___FILE_ONLY___ PUB_SUB_TOPIC
2022-05-25 12:06:44,503 INFO     ___FILE_ONLY___ :
2022-05-25 12:06:44,504 INFO     ___FILE_ONLY___  
2022-05-25 12:06:44,504 INFO     ___FILE_ONLY___ stories-es-sync
2022-05-25 12:06:44,504 INFO     ___FILE_ONLY___ 

2022-05-25 12:06:44,504 INFO     ___FILE_ONLY___   
2022-05-25 12:06:44,504 INFO     ___FILE_ONLY___ SERVICE_ACCOUNT
2022-05-25 12:06:44,504 INFO     ___FILE_ONLY___ :
2022-05-25 12:06:44,504 INFO     ___FILE_ONLY___  
2022-05-25 12:06:44,504 INFO     ___FILE_ONLY___ github-actions@crowdriff-stories-dev.iam.gserviceaccount.com
2022-05-25 12:06:44,504 INFO     ___FILE_ONLY___ 

2022-05-25 12:06:44,504 INFO     ___FILE_ONLY___ eventTrigger
2022-05-25 12:06:44,505 INFO     ___FILE_ONLY___ :
2022-05-25 12:06:44,505 INFO     ___FILE_ONLY___ 

2022-05-25 12:06:44,505 INFO     ___FILE_ONLY___   
2022-05-25 12:06:44,505 INFO     ___FILE_ONLY___ eventType
2022-05-25 12:06:44,505 INFO     ___FILE_ONLY___ :
2022-05-25 12:06:44,505 INFO     ___FILE_ONLY___  
2022-05-25 12:06:44,505 INFO     ___FILE_ONLY___ google.pubsub.topic.publish
2022-05-25 12:06:44,505 INFO     ___FILE_ONLY___ 

2022-05-25 12:06:44,505 INFO     ___FILE_ONLY___   
2022-05-25 12:06:44,505 INFO     ___FILE_ONLY___ failurePolicy
2022-05-25 12:06:44,506 INFO     ___FILE_ONLY___ :
2022-05-25 12:06:44,506 INFO     ___FILE_ONLY___  {
2022-05-25 12:06:44,506 INFO     ___FILE_ONLY___ }
2022-05-25 12:06:44,506 INFO     ___FILE_ONLY___ 

2022-05-25 12:06:44,506 INFO     ___FILE_ONLY___   
2022-05-25 12:06:44,506 INFO     ___FILE_ONLY___ resource
2022-05-25 12:06:44,506 INFO     ___FILE_ONLY___ :
2022-05-25 12:06:44,506 INFO     ___FILE_ONLY___  
2022-05-25 12:06:44,506 INFO     ___FILE_ONLY___ projects/crowdriff-stories-dev/topics/stories-es-sync
2022-05-25 12:06:44,506 INFO     ___FILE_ONLY___ 

2022-05-25 12:06:44,506 INFO     ___FILE_ONLY___   
2022-05-25 12:06:44,506 INFO     ___FILE_ONLY___ service
2022-05-25 12:06:44,506 INFO     ___FILE_ONLY___ :
2022-05-25 12:06:44,507 INFO     ___FILE_ONLY___  
2022-05-25 12:06:44,507 INFO     ___FILE_ONLY___ pubsub.googleapis.com
2022-05-25 12:06:44,507 INFO     ___FILE_ONLY___ 

2022-05-25 12:06:44,507 INFO     ___FILE_ONLY___ ingressSettings
2022-05-25 12:06:44,507 INFO     ___FILE_ONLY___ :
2022-05-25 12:06:44,507 INFO     ___FILE_ONLY___  
2022-05-25 12:06:44,507 INFO     ___FILE_ONLY___ ALLOW_ALL
2022-05-25 12:06:44,507 INFO     ___FILE_ONLY___ 

2022-05-25 12:06:44,507 INFO     ___FILE_ONLY___ labels
2022-05-25 12:06:44,507 INFO     ___FILE_ONLY___ :
2022-05-25 12:06:44,507 INFO     ___FILE_ONLY___ 

2022-05-25 12:06:44,507 INFO     ___FILE_ONLY___   
2022-05-25 12:06:44,507 INFO     ___FILE_ONLY___ deployment-tool
2022-05-25 12:06:44,507 INFO     ___FILE_ONLY___ :
2022-05-25 12:06:44,508 INFO     ___FILE_ONLY___  
2022-05-25 12:06:44,508 INFO     ___FILE_ONLY___ cli-gcloud
2022-05-25 12:06:44,508 INFO     ___FILE_ONLY___ 

2022-05-25 12:06:44,508 INFO     ___FILE_ONLY___ name
2022-05-25 12:06:44,508 INFO     ___FILE_ONLY___ :
2022-05-25 12:06:44,508 INFO     ___FILE_ONLY___  
2022-05-25 12:06:44,508 INFO     ___FILE_ONLY___ projects/crowdriff-stories-dev/locations/us-central1/functions/stories-es-sync
2022-05-25 12:06:44,508 INFO     ___FILE_ONLY___ 

2022-05-25 12:06:44,508 INFO     ___FILE_ONLY___ runtime
2022-05-25 12:06:44,508 INFO     ___FILE_ONLY___ :
2022-05-25 12:06:44,508 INFO     ___FILE_ONLY___  
2022-05-25 12:06:44,508 INFO     ___FILE_ONLY___ nodejs14
2022-05-25 12:06:44,508 INFO     ___FILE_ONLY___ 

2022-05-25 12:06:44,509 INFO     ___FILE_ONLY___ serviceAccountEmail
2022-05-25 12:06:44,509 INFO     ___FILE_ONLY___ :
2022-05-25 12:06:44,509 INFO     ___FILE_ONLY___  
2022-05-25 12:06:44,509 INFO     ___FILE_ONLY___ crowdriff-stories-dev@appspot.gserviceaccount.com
2022-05-25 12:06:44,509 INFO     ___FILE_ONLY___ 

2022-05-25 12:06:44,509 INFO     ___FILE_ONLY___ sourceUploadUrl
2022-05-25 12:06:44,509 INFO     ___FILE_ONLY___ :
2022-05-25 12:06:44,509 INFO     ___FILE_ONLY___  
2022-05-25 12:06:44,509 INFO     ___FILE_ONLY___ https://storage.googleapis.com/uploads-556841579775.us-central1.cloudfunctions.appspot.com/b81ad5d0-bc9b-4f8d-8a12-daaac70e1888.zip
2022-05-25 12:06:44,509 INFO     ___FILE_ONLY___ 

2022-05-25 12:06:44,510 INFO     ___FILE_ONLY___ status
2022-05-25 12:06:44,510 INFO     ___FILE_ONLY___ :
2022-05-25 12:06:44,510 INFO     ___FILE_ONLY___  
2022-05-25 12:06:44,510 INFO     ___FILE_ONLY___ ACTIVE
2022-05-25 12:06:44,510 INFO     ___FILE_ONLY___ 

2022-05-25 12:06:44,510 INFO     ___FILE_ONLY___ timeout
2022-05-25 12:06:44,511 INFO     ___FILE_ONLY___ :
2022-05-25 12:06:44,511 INFO     ___FILE_ONLY___  
2022-05-25 12:06:44,511 INFO     ___FILE_ONLY___ 540s
2022-05-25 12:06:44,511 INFO     ___FILE_ONLY___ 

2022-05-25 12:06:44,511 INFO     ___FILE_ONLY___ updateTime
2022-05-25 12:06:44,511 INFO     ___FILE_ONLY___ :
2022-05-25 12:06:44,511 INFO     ___FILE_ONLY___  '
2022-05-25 12:06:44,511 INFO     ___FILE_ONLY___ 2022-05-25T16:06:43.827Z
2022-05-25 12:06:44,511 INFO     ___FILE_ONLY___ '
2022-05-25 12:06:44,511 INFO     ___FILE_ONLY___ 

2022-05-25 12:06:44,511 INFO     ___FILE_ONLY___ versionId
2022-05-25 12:06:44,511 INFO     ___FILE_ONLY___ :
2022-05-25 12:06:44,512 INFO     ___FILE_ONLY___  '
2022-05-25 12:06:44,512 INFO     ___FILE_ONLY___ 24
2022-05-25 12:06:44,512 INFO     ___FILE_ONLY___ '
2022-05-25 12:06:44,512 INFO     ___FILE_ONLY___ 

2022-05-25 12:06:44,523 DEBUG    root            Metrics reporting process started...
