2022-05-25 12:11:37,421 DEBUG    root            Loaded Command Group: ['gcloud', 'functions']
2022-05-25 12:11:37,463 DEBUG    root            Loaded Command Group: ['gcloud', 'functions', 'deploy']
2022-05-25 12:11:37,476 DEBUG    root            Running [gcloud.functions.deploy] with arguments: [--entry-point: "entrypoint", --env-vars-file: "{'NODE_ENV': 'development', 'NODE_PATH': '.', 'GATEWAY_BASE': 'https://story-network-gateway.derp.website', 'SERVICE_ACCOUNT': 'github-actions@crowdriff-stories-dev.iam.gserviceaccount.com', 'GOOGLE_CLOUD_PROJECT': 'crowdriff-stories-dev', 'PUB_SUB_TOPIC': 'stories-es-sync'}", --memory: "256Mi", --runtime: "nodejs14", --source: "dist/", --timeout: "540", --trigger-topic: "stories-es-sync", NAME: "stories-es-sync"]
2022-05-25 12:11:37,542 DEBUG    urllib3.connectionpool Starting new HTTPS connection (1): cloudfunctions.googleapis.com:443
2022-05-25 12:11:37,756 DEBUG    urllib3.connectionpool https://cloudfunctions.googleapis.com:443 "GET /v1/projects/crowdriff-stories-dev/locations/us-central1/functions/stories-es-sync?alt=json HTTP/1.1" 200 None
2022-05-25 12:11:37,764 INFO     root            Not using ignore file.
2022-05-25 12:11:37,767 INFO     root            Not using ignore file.
2022-05-25 12:11:37,805 DEBUG    urllib3.connectionpool Starting new HTTPS connection (1): cloudfunctions.googleapis.com:443
2022-05-25 12:11:38,411 DEBUG    urllib3.connectionpool https://cloudfunctions.googleapis.com:443 "POST /v1/projects/crowdriff-stories-dev/locations/us-central1/functions:generateUploadUrl?alt=json HTTP/1.1" 200 None
2022-05-25 12:11:38,451 DEBUG    urllib3.connectionpool Starting new HTTPS connection (1): storage.googleapis.com:443
2022-05-25 12:11:38,684 DEBUG    urllib3.connectionpool https://storage.googleapis.com:443 "PUT /uploads-556841579775.us-central1.cloudfunctions.appspot.com/d6f99f66-a38c-41dd-8f12-855ca1fb4721.zip?GoogleAccessId=service-31098141265%40gcf-admin-robot.iam.gserviceaccount.com&Expires=1653496898&Signature=L8x0ncYa%2BWtlLLQrJs705q%2FfC%2FELDONQFpgRxKOLfQrKLGp17FJs1QfsEE26BOaqhbcw2MaLm9gtUbqQ1W7BLtntsfbu494igMtSbo2qGU%2F7Q9PuyN1fZOjFn6I83KifQtMJ0Y%2Bjm2YjDnk1UIR1uHpXrthmIIjd1IYaDtuUHvuH6P0w08h%2BSFqHSPbNEeRfNRPx31DVPjtHQd7kP6caQorZksy5DLPDDmv7r7mBUvsQ7MyCGtkKfQlAVrhVIhFgsYwfEFMOCF0vX5Uy9y7TBrCVRn%2BV%2BV4%2Fbk2zI5lzy78a2cwrWoCFH%2FYRSHpDti37mmIsz1I99VVJlf9%2Bpd2xxg%3D%3D HTTP/1.1" 200 0
2022-05-25 12:11:38,698 DEBUG    urllib3.connectionpool Starting new HTTPS connection (1): cloudfunctions.googleapis.com:443
2022-05-25 12:11:39,052 DEBUG    urllib3.connectionpool https://cloudfunctions.googleapis.com:443 "PATCH /v1/projects/crowdriff-stories-dev/locations/us-central1/functions/stories-es-sync?alt=json&updateMask=availableMemoryMb%2CentryPoint%2CeventTrigger%2ChttpsTrigger%2Cruntime%2CsourceUploadUrl%2Ctimeout HTTP/1.1" 200 None
2022-05-25 12:11:39,060 INFO     ___FILE_ONLY___ Deploying function (may take a while - up to 2 minutes)...
2022-05-25 12:11:39,063 DEBUG    urllib3.connectionpool Starting new HTTPS connection (1): cloudfunctions.googleapis.com:443
2022-05-25 12:11:39,248 DEBUG    urllib3.connectionpool https://cloudfunctions.googleapis.com:443 "GET /v1/operations/Y3Jvd2RyaWZmLXN0b3JpZXMtZGV2L3VzLWNlbnRyYWwxL3N0b3JpZXMtZXMtc3luYy8waldWeWkzRG9acw?alt=json HTTP/1.1" 200 None
2022-05-25 12:11:41,003 DEBUG    urllib3.connectionpool https://cloudfunctions.googleapis.com:443 "GET /v1/operations/Y3Jvd2RyaWZmLXN0b3JpZXMtZGV2L3VzLWNlbnRyYWwxL3N0b3JpZXMtZXMtc3luYy8waldWeWkzRG9acw?alt=json HTTP/1.1" 200 None
2022-05-25 12:11:41,010 INFO     ___FILE_ONLY___ 
For Cloud Build Logs, visit: https://console.cloud.google.com/cloud-build/builds;region=us-central1/405e0558-7b45-427d-ae34-9265e576fbf1?project=31098141265

2022-05-25 12:11:42,235 DEBUG    urllib3.connectionpool https://cloudfunctions.googleapis.com:443 "GET /v1/operations/Y3Jvd2RyaWZmLXN0b3JpZXMtZGV2L3VzLWNlbnRyYWwxL3N0b3JpZXMtZXMtc3luYy8waldWeWkzRG9acw?alt=json HTTP/1.1" 200 None
2022-05-25 12:11:44,083 DEBUG    urllib3.connectionpool https://cloudfunctions.googleapis.com:443 "GET /v1/operations/Y3Jvd2RyaWZmLXN0b3JpZXMtZGV2L3VzLWNlbnRyYWwxL3N0b3JpZXMtZXMtc3luYy8waldWeWkzRG9acw?alt=json HTTP/1.1" 200 None
2022-05-25 12:11:45,859 DEBUG    urllib3.connectionpool https://cloudfunctions.googleapis.com:443 "GET /v1/operations/Y3Jvd2RyaWZmLXN0b3JpZXMtZGV2L3VzLWNlbnRyYWwxL3N0b3JpZXMtZXMtc3luYy8waldWeWkzRG9acw?alt=json HTTP/1.1" 200 None
2022-05-25 12:11:47,737 DEBUG    urllib3.connectionpool https://cloudfunctions.googleapis.com:443 "GET /v1/operations/Y3Jvd2RyaWZmLXN0b3JpZXMtZGV2L3VzLWNlbnRyYWwxL3N0b3JpZXMtZXMtc3luYy8waldWeWkzRG9acw?alt=json HTTP/1.1" 200 None
2022-05-25 12:11:49,085 DEBUG    urllib3.connectionpool https://cloudfunctions.googleapis.com:443 "GET /v1/operations/Y3Jvd2RyaWZmLXN0b3JpZXMtZGV2L3VzLWNlbnRyYWwxL3N0b3JpZXMtZXMtc3luYy8waldWeWkzRG9acw?alt=json HTTP/1.1" 200 None
2022-05-25 12:11:51,033 DEBUG    urllib3.connectionpool https://cloudfunctions.googleapis.com:443 "GET /v1/operations/Y3Jvd2RyaWZmLXN0b3JpZXMtZGV2L3VzLWNlbnRyYWwxL3N0b3JpZXMtZXMtc3luYy8waldWeWkzRG9acw?alt=json HTTP/1.1" 200 None
2022-05-25 12:11:53,144 DEBUG    urllib3.connectionpool https://cloudfunctions.googleapis.com:443 "GET /v1/operations/Y3Jvd2RyaWZmLXN0b3JpZXMtZGV2L3VzLWNlbnRyYWwxL3N0b3JpZXMtZXMtc3luYy8waldWeWkzRG9acw?alt=json HTTP/1.1" 200 None
2022-05-25 12:11:54,535 DEBUG    urllib3.connectionpool https://cloudfunctions.googleapis.com:443 "GET /v1/operations/Y3Jvd2RyaWZmLXN0b3JpZXMtZGV2L3VzLWNlbnRyYWwxL3N0b3JpZXMtZXMtc3luYy8waldWeWkzRG9acw?alt=json HTTP/1.1" 200 None
2022-05-25 12:11:56,548 DEBUG    urllib3.connectionpool https://cloudfunctions.googleapis.com:443 "GET /v1/operations/Y3Jvd2RyaWZmLXN0b3JpZXMtZGV2L3VzLWNlbnRyYWwxL3N0b3JpZXMtZXMtc3luYy8waldWeWkzRG9acw?alt=json HTTP/1.1" 200 None
2022-05-25 12:11:57,958 DEBUG    urllib3.connectionpool https://cloudfunctions.googleapis.com:443 "GET /v1/operations/Y3Jvd2RyaWZmLXN0b3JpZXMtZGV2L3VzLWNlbnRyYWwxL3N0b3JpZXMtZXMtc3luYy8waldWeWkzRG9acw?alt=json HTTP/1.1" 200 None
2022-05-25 12:11:59,491 DEBUG    urllib3.connectionpool https://cloudfunctions.googleapis.com:443 "GET /v1/operations/Y3Jvd2RyaWZmLXN0b3JpZXMtZGV2L3VzLWNlbnRyYWwxL3N0b3JpZXMtZXMtc3luYy8waldWeWkzRG9acw?alt=json HTTP/1.1" 200 None
2022-05-25 12:12:01,165 DEBUG    urllib3.connectionpool https://cloudfunctions.googleapis.com:443 "GET /v1/operations/Y3Jvd2RyaWZmLXN0b3JpZXMtZGV2L3VzLWNlbnRyYWwxL3N0b3JpZXMtZXMtc3luYy8waldWeWkzRG9acw?alt=json HTTP/1.1" 200 None
2022-05-25 12:12:02,935 DEBUG    urllib3.connectionpool https://cloudfunctions.googleapis.com:443 "GET /v1/operations/Y3Jvd2RyaWZmLXN0b3JpZXMtZGV2L3VzLWNlbnRyYWwxL3N0b3JpZXMtZXMtc3luYy8waldWeWkzRG9acw?alt=json HTTP/1.1" 200 None
2022-05-25 12:12:04,643 DEBUG    urllib3.connectionpool https://cloudfunctions.googleapis.com:443 "GET /v1/operations/Y3Jvd2RyaWZmLXN0b3JpZXMtZGV2L3VzLWNlbnRyYWwxL3N0b3JpZXMtZXMtc3luYy8waldWeWkzRG9acw?alt=json HTTP/1.1" 200 None
2022-05-25 12:12:05,858 DEBUG    urllib3.connectionpool https://cloudfunctions.googleapis.com:443 "GET /v1/operations/Y3Jvd2RyaWZmLXN0b3JpZXMtZGV2L3VzLWNlbnRyYWwxL3N0b3JpZXMtZXMtc3luYy8waldWeWkzRG9acw?alt=json HTTP/1.1" 200 None
2022-05-25 12:12:07,982 DEBUG    urllib3.connectionpool https://cloudfunctions.googleapis.com:443 "GET /v1/operations/Y3Jvd2RyaWZmLXN0b3JpZXMtZGV2L3VzLWNlbnRyYWwxL3N0b3JpZXMtZXMtc3luYy8waldWeWkzRG9acw?alt=json HTTP/1.1" 200 None
2022-05-25 12:12:09,738 DEBUG    urllib3.connectionpool https://cloudfunctions.googleapis.com:443 "GET /v1/operations/Y3Jvd2RyaWZmLXN0b3JpZXMtZGV2L3VzLWNlbnRyYWwxL3N0b3JpZXMtZXMtc3luYy8waldWeWkzRG9acw?alt=json HTTP/1.1" 200 None
2022-05-25 12:12:10,899 DEBUG    urllib3.connectionpool https://cloudfunctions.googleapis.com:443 "GET /v1/operations/Y3Jvd2RyaWZmLXN0b3JpZXMtZGV2L3VzLWNlbnRyYWwxL3N0b3JpZXMtZXMtc3luYy8waldWeWkzRG9acw?alt=json HTTP/1.1" 200 None
2022-05-25 12:12:12,982 DEBUG    urllib3.connectionpool https://cloudfunctions.googleapis.com:443 "GET /v1/operations/Y3Jvd2RyaWZmLXN0b3JpZXMtZGV2L3VzLWNlbnRyYWwxL3N0b3JpZXMtZXMtc3luYy8waldWeWkzRG9acw?alt=json HTTP/1.1" 200 None
2022-05-25 12:12:14,669 DEBUG    urllib3.connectionpool https://cloudfunctions.googleapis.com:443 "GET /v1/operations/Y3Jvd2RyaWZmLXN0b3JpZXMtZGV2L3VzLWNlbnRyYWwxL3N0b3JpZXMtZXMtc3luYy8waldWeWkzRG9acw?alt=json HTTP/1.1" 200 None
2022-05-25 12:12:16,341 DEBUG    urllib3.connectionpool https://cloudfunctions.googleapis.com:443 "GET /v1/operations/Y3Jvd2RyaWZmLXN0b3JpZXMtZGV2L3VzLWNlbnRyYWwxL3N0b3JpZXMtZXMtc3luYy8waldWeWkzRG9acw?alt=json HTTP/1.1" 200 None
2022-05-25 12:12:18,252 DEBUG    urllib3.connectionpool https://cloudfunctions.googleapis.com:443 "GET /v1/operations/Y3Jvd2RyaWZmLXN0b3JpZXMtZGV2L3VzLWNlbnRyYWwxL3N0b3JpZXMtZXMtc3luYy8waldWeWkzRG9acw?alt=json HTTP/1.1" 200 None
2022-05-25 12:12:20,261 DEBUG    urllib3.connectionpool https://cloudfunctions.googleapis.com:443 "GET /v1/operations/Y3Jvd2RyaWZmLXN0b3JpZXMtZGV2L3VzLWNlbnRyYWwxL3N0b3JpZXMtZXMtc3luYy8waldWeWkzRG9acw?alt=json HTTP/1.1" 200 None
2022-05-25 12:12:21,420 DEBUG    urllib3.connectionpool https://cloudfunctions.googleapis.com:443 "GET /v1/operations/Y3Jvd2RyaWZmLXN0b3JpZXMtZGV2L3VzLWNlbnRyYWwxL3N0b3JpZXMtZXMtc3luYy8waldWeWkzRG9acw?alt=json HTTP/1.1" 200 None
2022-05-25 12:12:23,267 DEBUG    urllib3.connectionpool https://cloudfunctions.googleapis.com:443 "GET /v1/operations/Y3Jvd2RyaWZmLXN0b3JpZXMtZGV2L3VzLWNlbnRyYWwxL3N0b3JpZXMtZXMtc3luYy8waldWeWkzRG9acw?alt=json HTTP/1.1" 200 None
2022-05-25 12:12:24,650 DEBUG    urllib3.connectionpool https://cloudfunctions.googleapis.com:443 "GET /v1/operations/Y3Jvd2RyaWZmLXN0b3JpZXMtZGV2L3VzLWNlbnRyYWwxL3N0b3JpZXMtZXMtc3luYy8waldWeWkzRG9acw?alt=json HTTP/1.1" 200 None
2022-05-25 12:12:26,460 DEBUG    urllib3.connectionpool https://cloudfunctions.googleapis.com:443 "GET /v1/operations/Y3Jvd2RyaWZmLXN0b3JpZXMtZGV2L3VzLWNlbnRyYWwxL3N0b3JpZXMtZXMtc3luYy8waldWeWkzRG9acw?alt=json HTTP/1.1" 200 None
2022-05-25 12:12:28,235 DEBUG    urllib3.connectionpool https://cloudfunctions.googleapis.com:443 "GET /v1/operations/Y3Jvd2RyaWZmLXN0b3JpZXMtZGV2L3VzLWNlbnRyYWwxL3N0b3JpZXMtZXMtc3luYy8waldWeWkzRG9acw?alt=json HTTP/1.1" 200 None
2022-05-25 12:12:29,436 DEBUG    urllib3.connectionpool https://cloudfunctions.googleapis.com:443 "GET /v1/operations/Y3Jvd2RyaWZmLXN0b3JpZXMtZGV2L3VzLWNlbnRyYWwxL3N0b3JpZXMtZXMtc3luYy8waldWeWkzRG9acw?alt=json HTTP/1.1" 200 None
2022-05-25 12:12:30,579 DEBUG    urllib3.connectionpool https://cloudfunctions.googleapis.com:443 "GET /v1/operations/Y3Jvd2RyaWZmLXN0b3JpZXMtZGV2L3VzLWNlbnRyYWwxL3N0b3JpZXMtZXMtc3luYy8waldWeWkzRG9acw?alt=json HTTP/1.1" 200 None
2022-05-25 12:12:32,010 DEBUG    urllib3.connectionpool https://cloudfunctions.googleapis.com:443 "GET /v1/operations/Y3Jvd2RyaWZmLXN0b3JpZXMtZGV2L3VzLWNlbnRyYWwxL3N0b3JpZXMtZXMtc3luYy8waldWeWkzRG9acw?alt=json HTTP/1.1" 200 None
2022-05-25 12:12:33,163 DEBUG    urllib3.connectionpool https://cloudfunctions.googleapis.com:443 "GET /v1/operations/Y3Jvd2RyaWZmLXN0b3JpZXMtZGV2L3VzLWNlbnRyYWwxL3N0b3JpZXMtZXMtc3luYy8waldWeWkzRG9acw?alt=json HTTP/1.1" 200 None
2022-05-25 12:12:34,716 DEBUG    urllib3.connectionpool https://cloudfunctions.googleapis.com:443 "GET /v1/operations/Y3Jvd2RyaWZmLXN0b3JpZXMtZGV2L3VzLWNlbnRyYWwxL3N0b3JpZXMtZXMtc3luYy8waldWeWkzRG9acw?alt=json HTTP/1.1" 200 None
2022-05-25 12:12:36,778 DEBUG    urllib3.connectionpool https://cloudfunctions.googleapis.com:443 "GET /v1/operations/Y3Jvd2RyaWZmLXN0b3JpZXMtZGV2L3VzLWNlbnRyYWwxL3N0b3JpZXMtZXMtc3luYy8waldWeWkzRG9acw?alt=json HTTP/1.1" 200 None
2022-05-25 12:12:38,412 DEBUG    urllib3.connectionpool https://cloudfunctions.googleapis.com:443 "GET /v1/operations/Y3Jvd2RyaWZmLXN0b3JpZXMtZGV2L3VzLWNlbnRyYWwxL3N0b3JpZXMtZXMtc3luYy8waldWeWkzRG9acw?alt=json HTTP/1.1" 200 None
2022-05-25 12:12:40,433 DEBUG    urllib3.connectionpool https://cloudfunctions.googleapis.com:443 "GET /v1/operations/Y3Jvd2RyaWZmLXN0b3JpZXMtZGV2L3VzLWNlbnRyYWwxL3N0b3JpZXMtZXMtc3luYy8waldWeWkzRG9acw?alt=json HTTP/1.1" 200 None
2022-05-25 12:12:42,055 DEBUG    urllib3.connectionpool https://cloudfunctions.googleapis.com:443 "GET /v1/operations/Y3Jvd2RyaWZmLXN0b3JpZXMtZGV2L3VzLWNlbnRyYWwxL3N0b3JpZXMtZXMtc3luYy8waldWeWkzRG9acw?alt=json HTTP/1.1" 200 None
2022-05-25 12:12:43,943 DEBUG    urllib3.connectionpool https://cloudfunctions.googleapis.com:443 "GET /v1/operations/Y3Jvd2RyaWZmLXN0b3JpZXMtZGV2L3VzLWNlbnRyYWwxL3N0b3JpZXMtZXMtc3luYy8waldWeWkzRG9acw?alt=json HTTP/1.1" 200 None
2022-05-25 12:12:45,347 DEBUG    urllib3.connectionpool https://cloudfunctions.googleapis.com:443 "GET /v1/operations/Y3Jvd2RyaWZmLXN0b3JpZXMtZGV2L3VzLWNlbnRyYWwxL3N0b3JpZXMtZXMtc3luYy8waldWeWkzRG9acw?alt=json HTTP/1.1" 200 None
2022-05-25 12:12:46,762 DEBUG    urllib3.connectionpool https://cloudfunctions.googleapis.com:443 "GET /v1/operations/Y3Jvd2RyaWZmLXN0b3JpZXMtZGV2L3VzLWNlbnRyYWwxL3N0b3JpZXMtZXMtc3luYy8waldWeWkzRG9acw?alt=json HTTP/1.1" 200 None
2022-05-25 12:12:48,161 DEBUG    urllib3.connectionpool https://cloudfunctions.googleapis.com:443 "GET /v1/operations/Y3Jvd2RyaWZmLXN0b3JpZXMtZGV2L3VzLWNlbnRyYWwxL3N0b3JpZXMtZXMtc3luYy8waldWeWkzRG9acw?alt=json HTTP/1.1" 200 None
2022-05-25 12:12:49,826 DEBUG    urllib3.connectionpool https://cloudfunctions.googleapis.com:443 "GET /v1/operations/Y3Jvd2RyaWZmLXN0b3JpZXMtZGV2L3VzLWNlbnRyYWwxL3N0b3JpZXMtZXMtc3luYy8waldWeWkzRG9acw?alt=json HTTP/1.1" 200 None
2022-05-25 12:12:51,422 DEBUG    urllib3.connectionpool https://cloudfunctions.googleapis.com:443 "GET /v1/operations/Y3Jvd2RyaWZmLXN0b3JpZXMtZGV2L3VzLWNlbnRyYWwxL3N0b3JpZXMtZXMtc3luYy8waldWeWkzRG9acw?alt=json HTTP/1.1" 200 None
2022-05-25 12:12:53,488 DEBUG    urllib3.connectionpool https://cloudfunctions.googleapis.com:443 "GET /v1/operations/Y3Jvd2RyaWZmLXN0b3JpZXMtZGV2L3VzLWNlbnRyYWwxL3N0b3JpZXMtZXMtc3luYy8waldWeWkzRG9acw?alt=json HTTP/1.1" 200 None
2022-05-25 12:12:55,533 DEBUG    urllib3.connectionpool https://cloudfunctions.googleapis.com:443 "GET /v1/operations/Y3Jvd2RyaWZmLXN0b3JpZXMtZGV2L3VzLWNlbnRyYWwxL3N0b3JpZXMtZXMtc3luYy8waldWeWkzRG9acw?alt=json HTTP/1.1" 200 None
2022-05-25 12:12:56,911 DEBUG    urllib3.connectionpool https://cloudfunctions.googleapis.com:443 "GET /v1/operations/Y3Jvd2RyaWZmLXN0b3JpZXMtZGV2L3VzLWNlbnRyYWwxL3N0b3JpZXMtZXMtc3luYy8waldWeWkzRG9acw?alt=json HTTP/1.1" 200 None
2022-05-25 12:12:58,528 DEBUG    urllib3.connectionpool https://cloudfunctions.googleapis.com:443 "GET /v1/operations/Y3Jvd2RyaWZmLXN0b3JpZXMtZGV2L3VzLWNlbnRyYWwxL3N0b3JpZXMtZXMtc3luYy8waldWeWkzRG9acw?alt=json HTTP/1.1" 200 None
2022-05-25 12:12:59,835 DEBUG    urllib3.connectionpool https://cloudfunctions.googleapis.com:443 "GET /v1/operations/Y3Jvd2RyaWZmLXN0b3JpZXMtZGV2L3VzLWNlbnRyYWwxL3N0b3JpZXMtZXMtc3luYy8waldWeWkzRG9acw?alt=json HTTP/1.1" 200 None
2022-05-25 12:13:01,774 DEBUG    urllib3.connectionpool https://cloudfunctions.googleapis.com:443 "GET /v1/operations/Y3Jvd2RyaWZmLXN0b3JpZXMtZGV2L3VzLWNlbnRyYWwxL3N0b3JpZXMtZXMtc3luYy8waldWeWkzRG9acw?alt=json HTTP/1.1" 200 None
2022-05-25 12:13:03,114 DEBUG    urllib3.connectionpool https://cloudfunctions.googleapis.com:443 "GET /v1/operations/Y3Jvd2RyaWZmLXN0b3JpZXMtZGV2L3VzLWNlbnRyYWwxL3N0b3JpZXMtZXMtc3luYy8waldWeWkzRG9acw?alt=json HTTP/1.1" 200 None
2022-05-25 12:13:05,195 DEBUG    urllib3.connectionpool https://cloudfunctions.googleapis.com:443 "GET /v1/operations/Y3Jvd2RyaWZmLXN0b3JpZXMtZGV2L3VzLWNlbnRyYWwxL3N0b3JpZXMtZXMtc3luYy8waldWeWkzRG9acw?alt=json HTTP/1.1" 200 None
2022-05-25 12:13:06,575 DEBUG    urllib3.connectionpool https://cloudfunctions.googleapis.com:443 "GET /v1/operations/Y3Jvd2RyaWZmLXN0b3JpZXMtZGV2L3VzLWNlbnRyYWwxL3N0b3JpZXMtZXMtc3luYy8waldWeWkzRG9acw?alt=json HTTP/1.1" 200 None
2022-05-25 12:13:07,909 DEBUG    urllib3.connectionpool https://cloudfunctions.googleapis.com:443 "GET /v1/operations/Y3Jvd2RyaWZmLXN0b3JpZXMtZGV2L3VzLWNlbnRyYWwxL3N0b3JpZXMtZXMtc3luYy8waldWeWkzRG9acw?alt=json HTTP/1.1" 200 None
2022-05-25 12:13:09,870 DEBUG    urllib3.connectionpool https://cloudfunctions.googleapis.com:443 "GET /v1/operations/Y3Jvd2RyaWZmLXN0b3JpZXMtZGV2L3VzLWNlbnRyYWwxL3N0b3JpZXMtZXMtc3luYy8waldWeWkzRG9acw?alt=json HTTP/1.1" 200 None
2022-05-25 12:13:11,809 DEBUG    urllib3.connectionpool https://cloudfunctions.googleapis.com:443 "GET /v1/operations/Y3Jvd2RyaWZmLXN0b3JpZXMtZGV2L3VzLWNlbnRyYWwxL3N0b3JpZXMtZXMtc3luYy8waldWeWkzRG9acw?alt=json HTTP/1.1" 200 None
2022-05-25 12:13:13,309 DEBUG    urllib3.connectionpool https://cloudfunctions.googleapis.com:443 "GET /v1/operations/Y3Jvd2RyaWZmLXN0b3JpZXMtZGV2L3VzLWNlbnRyYWwxL3N0b3JpZXMtZXMtc3luYy8waldWeWkzRG9acw?alt=json HTTP/1.1" 200 None
2022-05-25 12:13:14,788 DEBUG    urllib3.connectionpool https://cloudfunctions.googleapis.com:443 "GET /v1/operations/Y3Jvd2RyaWZmLXN0b3JpZXMtZGV2L3VzLWNlbnRyYWwxL3N0b3JpZXMtZXMtc3luYy8waldWeWkzRG9acw?alt=json HTTP/1.1" 200 None
2022-05-25 12:13:16,238 DEBUG    urllib3.connectionpool https://cloudfunctions.googleapis.com:443 "GET /v1/operations/Y3Jvd2RyaWZmLXN0b3JpZXMtZGV2L3VzLWNlbnRyYWwxL3N0b3JpZXMtZXMtc3luYy8waldWeWkzRG9acw?alt=json HTTP/1.1" 200 None
2022-05-25 12:13:18,326 DEBUG    urllib3.connectionpool https://cloudfunctions.googleapis.com:443 "GET /v1/operations/Y3Jvd2RyaWZmLXN0b3JpZXMtZGV2L3VzLWNlbnRyYWwxL3N0b3JpZXMtZXMtc3luYy8waldWeWkzRG9acw?alt=json HTTP/1.1" 200 None
2022-05-25 12:13:19,968 DEBUG    urllib3.connectionpool https://cloudfunctions.googleapis.com:443 "GET /v1/operations/Y3Jvd2RyaWZmLXN0b3JpZXMtZGV2L3VzLWNlbnRyYWwxL3N0b3JpZXMtZXMtc3luYy8waldWeWkzRG9acw?alt=json HTTP/1.1" 200 None
2022-05-25 12:13:21,736 DEBUG    urllib3.connectionpool https://cloudfunctions.googleapis.com:443 "GET /v1/operations/Y3Jvd2RyaWZmLXN0b3JpZXMtZGV2L3VzLWNlbnRyYWwxL3N0b3JpZXMtZXMtc3luYy8waldWeWkzRG9acw?alt=json HTTP/1.1" 200 None
2022-05-25 12:13:23,363 DEBUG    urllib3.connectionpool https://cloudfunctions.googleapis.com:443 "GET /v1/operations/Y3Jvd2RyaWZmLXN0b3JpZXMtZGV2L3VzLWNlbnRyYWwxL3N0b3JpZXMtZXMtc3luYy8waldWeWkzRG9acw?alt=json HTTP/1.1" 200 None
2022-05-25 12:13:25,190 DEBUG    urllib3.connectionpool https://cloudfunctions.googleapis.com:443 "GET /v1/operations/Y3Jvd2RyaWZmLXN0b3JpZXMtZGV2L3VzLWNlbnRyYWwxL3N0b3JpZXMtZXMtc3luYy8waldWeWkzRG9acw?alt=json HTTP/1.1" 200 None
2022-05-25 12:13:26,425 DEBUG    urllib3.connectionpool https://cloudfunctions.googleapis.com:443 "GET /v1/operations/Y3Jvd2RyaWZmLXN0b3JpZXMtZGV2L3VzLWNlbnRyYWwxL3N0b3JpZXMtZXMtc3luYy8waldWeWkzRG9acw?alt=json HTTP/1.1" 200 None
2022-05-25 12:13:27,736 DEBUG    urllib3.connectionpool https://cloudfunctions.googleapis.com:443 "GET /v1/operations/Y3Jvd2RyaWZmLXN0b3JpZXMtZGV2L3VzLWNlbnRyYWwxL3N0b3JpZXMtZXMtc3luYy8waldWeWkzRG9acw?alt=json HTTP/1.1" 200 None
2022-05-25 12:13:29,568 DEBUG    urllib3.connectionpool https://cloudfunctions.googleapis.com:443 "GET /v1/operations/Y3Jvd2RyaWZmLXN0b3JpZXMtZGV2L3VzLWNlbnRyYWwxL3N0b3JpZXMtZXMtc3luYy8waldWeWkzRG9acw?alt=json HTTP/1.1" 200 None
2022-05-25 12:13:31,080 DEBUG    urllib3.connectionpool https://cloudfunctions.googleapis.com:443 "GET /v1/operations/Y3Jvd2RyaWZmLXN0b3JpZXMtZGV2L3VzLWNlbnRyYWwxL3N0b3JpZXMtZXMtc3luYy8waldWeWkzRG9acw?alt=json HTTP/1.1" 200 None
2022-05-25 12:13:33,117 DEBUG    urllib3.connectionpool https://cloudfunctions.googleapis.com:443 "GET /v1/operations/Y3Jvd2RyaWZmLXN0b3JpZXMtZGV2L3VzLWNlbnRyYWwxL3N0b3JpZXMtZXMtc3luYy8waldWeWkzRG9acw?alt=json HTTP/1.1" 200 None
2022-05-25 12:13:34,788 DEBUG    urllib3.connectionpool https://cloudfunctions.googleapis.com:443 "GET /v1/operations/Y3Jvd2RyaWZmLXN0b3JpZXMtZGV2L3VzLWNlbnRyYWwxL3N0b3JpZXMtZXMtc3luYy8waldWeWkzRG9acw?alt=json HTTP/1.1" 200 None
2022-05-25 12:13:36,864 DEBUG    urllib3.connectionpool https://cloudfunctions.googleapis.com:443 "GET /v1/operations/Y3Jvd2RyaWZmLXN0b3JpZXMtZGV2L3VzLWNlbnRyYWwxL3N0b3JpZXMtZXMtc3luYy8waldWeWkzRG9acw?alt=json HTTP/1.1" 200 None
2022-05-25 12:13:38,681 DEBUG    urllib3.connectionpool https://cloudfunctions.googleapis.com:443 "GET /v1/operations/Y3Jvd2RyaWZmLXN0b3JpZXMtZGV2L3VzLWNlbnRyYWwxL3N0b3JpZXMtZXMtc3luYy8waldWeWkzRG9acw?alt=json HTTP/1.1" 200 None
2022-05-25 12:13:40,607 DEBUG    urllib3.connectionpool https://cloudfunctions.googleapis.com:443 "GET /v1/operations/Y3Jvd2RyaWZmLXN0b3JpZXMtZGV2L3VzLWNlbnRyYWwxL3N0b3JpZXMtZXMtc3luYy8waldWeWkzRG9acw?alt=json HTTP/1.1" 200 None
2022-05-25 12:13:42,589 DEBUG    urllib3.connectionpool https://cloudfunctions.googleapis.com:443 "GET /v1/operations/Y3Jvd2RyaWZmLXN0b3JpZXMtZGV2L3VzLWNlbnRyYWwxL3N0b3JpZXMtZXMtc3luYy8waldWeWkzRG9acw?alt=json HTTP/1.1" 200 None
2022-05-25 12:13:44,420 DEBUG    urllib3.connectionpool https://cloudfunctions.googleapis.com:443 "GET /v1/operations/Y3Jvd2RyaWZmLXN0b3JpZXMtZGV2L3VzLWNlbnRyYWwxL3N0b3JpZXMtZXMtc3luYy8waldWeWkzRG9acw?alt=json HTTP/1.1" 200 None
2022-05-25 12:13:45,627 DEBUG    urllib3.connectionpool https://cloudfunctions.googleapis.com:443 "GET /v1/operations/Y3Jvd2RyaWZmLXN0b3JpZXMtZGV2L3VzLWNlbnRyYWwxL3N0b3JpZXMtZXMtc3luYy8waldWeWkzRG9acw?alt=json HTTP/1.1" 200 None
2022-05-25 12:13:47,682 DEBUG    urllib3.connectionpool https://cloudfunctions.googleapis.com:443 "GET /v1/operations/Y3Jvd2RyaWZmLXN0b3JpZXMtZGV2L3VzLWNlbnRyYWwxL3N0b3JpZXMtZXMtc3luYy8waldWeWkzRG9acw?alt=json HTTP/1.1" 200 None
2022-05-25 12:13:49,110 DEBUG    urllib3.connectionpool https://cloudfunctions.googleapis.com:443 "GET /v1/operations/Y3Jvd2RyaWZmLXN0b3JpZXMtZGV2L3VzLWNlbnRyYWwxL3N0b3JpZXMtZXMtc3luYy8waldWeWkzRG9acw?alt=json HTTP/1.1" 200 None
2022-05-25 12:13:50,427 DEBUG    urllib3.connectionpool https://cloudfunctions.googleapis.com:443 "GET /v1/operations/Y3Jvd2RyaWZmLXN0b3JpZXMtZGV2L3VzLWNlbnRyYWwxL3N0b3JpZXMtZXMtc3luYy8waldWeWkzRG9acw?alt=json HTTP/1.1" 200 None
2022-05-25 12:13:52,199 DEBUG    urllib3.connectionpool https://cloudfunctions.googleapis.com:443 "GET /v1/operations/Y3Jvd2RyaWZmLXN0b3JpZXMtZGV2L3VzLWNlbnRyYWwxL3N0b3JpZXMtZXMtc3luYy8waldWeWkzRG9acw?alt=json HTTP/1.1" 200 None
2022-05-25 12:13:53,625 DEBUG    urllib3.connectionpool https://cloudfunctions.googleapis.com:443 "GET /v1/operations/Y3Jvd2RyaWZmLXN0b3JpZXMtZGV2L3VzLWNlbnRyYWwxL3N0b3JpZXMtZXMtc3luYy8waldWeWkzRG9acw?alt=json HTTP/1.1" 200 None
2022-05-25 12:13:54,980 DEBUG    urllib3.connectionpool https://cloudfunctions.googleapis.com:443 "GET /v1/operations/Y3Jvd2RyaWZmLXN0b3JpZXMtZGV2L3VzLWNlbnRyYWwxL3N0b3JpZXMtZXMtc3luYy8waldWeWkzRG9acw?alt=json HTTP/1.1" 200 None
2022-05-25 12:13:56,341 DEBUG    urllib3.connectionpool https://cloudfunctions.googleapis.com:443 "GET /v1/operations/Y3Jvd2RyaWZmLXN0b3JpZXMtZGV2L3VzLWNlbnRyYWwxL3N0b3JpZXMtZXMtc3luYy8waldWeWkzRG9acw?alt=json HTTP/1.1" 200 None
2022-05-25 12:13:58,325 DEBUG    urllib3.connectionpool https://cloudfunctions.googleapis.com:443 "GET /v1/operations/Y3Jvd2RyaWZmLXN0b3JpZXMtZGV2L3VzLWNlbnRyYWwxL3N0b3JpZXMtZXMtc3luYy8waldWeWkzRG9acw?alt=json HTTP/1.1" 200 None
2022-05-25 12:13:59,680 DEBUG    urllib3.connectionpool https://cloudfunctions.googleapis.com:443 "GET /v1/operations/Y3Jvd2RyaWZmLXN0b3JpZXMtZGV2L3VzLWNlbnRyYWwxL3N0b3JpZXMtZXMtc3luYy8waldWeWkzRG9acw?alt=json HTTP/1.1" 200 None
2022-05-25 12:14:01,426 DEBUG    urllib3.connectionpool https://cloudfunctions.googleapis.com:443 "GET /v1/operations/Y3Jvd2RyaWZmLXN0b3JpZXMtZGV2L3VzLWNlbnRyYWwxL3N0b3JpZXMtZXMtc3luYy8waldWeWkzRG9acw?alt=json HTTP/1.1" 200 None
2022-05-25 12:14:03,499 DEBUG    urllib3.connectionpool https://cloudfunctions.googleapis.com:443 "GET /v1/operations/Y3Jvd2RyaWZmLXN0b3JpZXMtZGV2L3VzLWNlbnRyYWwxL3N0b3JpZXMtZXMtc3luYy8waldWeWkzRG9acw?alt=json HTTP/1.1" 200 None
2022-05-25 12:14:05,622 DEBUG    urllib3.connectionpool https://cloudfunctions.googleapis.com:443 "GET /v1/operations/Y3Jvd2RyaWZmLXN0b3JpZXMtZGV2L3VzLWNlbnRyYWwxL3N0b3JpZXMtZXMtc3luYy8waldWeWkzRG9acw?alt=json HTTP/1.1" 200 None
2022-05-25 12:14:07,723 DEBUG    urllib3.connectionpool https://cloudfunctions.googleapis.com:443 "GET /v1/operations/Y3Jvd2RyaWZmLXN0b3JpZXMtZGV2L3VzLWNlbnRyYWwxL3N0b3JpZXMtZXMtc3luYy8waldWeWkzRG9acw?alt=json HTTP/1.1" 200 None
2022-05-25 12:14:09,029 DEBUG    urllib3.connectionpool https://cloudfunctions.googleapis.com:443 "GET /v1/operations/Y3Jvd2RyaWZmLXN0b3JpZXMtZGV2L3VzLWNlbnRyYWwxL3N0b3JpZXMtZXMtc3luYy8waldWeWkzRG9acw?alt=json HTTP/1.1" 200 None
2022-05-25 12:14:09,051 DEBUG    urllib3.connectionpool Starting new HTTPS connection (1): cloudfunctions.googleapis.com:443
2022-05-25 12:14:09,226 DEBUG    urllib3.connectionpool https://cloudfunctions.googleapis.com:443 "GET /v1/projects/crowdriff-stories-dev/locations/us-central1/functions/stories-es-sync?alt=json HTTP/1.1" 200 None
2022-05-25 12:14:09,236 INFO     root            Display format: "default"
2022-05-25 12:14:09,242 INFO     ___FILE_ONLY___ availableMemoryMb
2022-05-25 12:14:09,242 INFO     ___FILE_ONLY___ :
2022-05-25 12:14:09,242 INFO     ___FILE_ONLY___  
2022-05-25 12:14:09,242 INFO     ___FILE_ONLY___ 256
2022-05-25 12:14:09,242 INFO     ___FILE_ONLY___ 

2022-05-25 12:14:09,243 INFO     ___FILE_ONLY___ buildId
2022-05-25 12:14:09,243 INFO     ___FILE_ONLY___ :
2022-05-25 12:14:09,243 INFO     ___FILE_ONLY___  
2022-05-25 12:14:09,243 INFO     ___FILE_ONLY___ 405e0558-7b45-427d-ae34-9265e576fbf1
2022-05-25 12:14:09,243 INFO     ___FILE_ONLY___ 

2022-05-25 12:14:09,243 INFO     ___FILE_ONLY___ buildName
2022-05-25 12:14:09,243 INFO     ___FILE_ONLY___ :
2022-05-25 12:14:09,243 INFO     ___FILE_ONLY___  
2022-05-25 12:14:09,244 INFO     ___FILE_ONLY___ projects/31098141265/locations/us-central1/builds/405e0558-7b45-427d-ae34-9265e576fbf1
2022-05-25 12:14:09,244 INFO     ___FILE_ONLY___ 

2022-05-25 12:14:09,244 INFO     ___FILE_ONLY___ dockerRegistry
2022-05-25 12:14:09,244 INFO     ___FILE_ONLY___ :
2022-05-25 12:14:09,244 INFO     ___FILE_ONLY___  
2022-05-25 12:14:09,244 INFO     ___FILE_ONLY___ CONTAINER_REGISTRY
2022-05-25 12:14:09,244 INFO     ___FILE_ONLY___ 

2022-05-25 12:14:09,244 INFO     ___FILE_ONLY___ entryPoint
2022-05-25 12:14:09,244 INFO     ___FILE_ONLY___ :
2022-05-25 12:14:09,244 INFO     ___FILE_ONLY___  
2022-05-25 12:14:09,244 INFO     ___FILE_ONLY___ entrypoint
2022-05-25 12:14:09,244 INFO     ___FILE_ONLY___ 

2022-05-25 12:14:09,244 INFO     ___FILE_ONLY___ environmentVariables
2022-05-25 12:14:09,244 INFO     ___FILE_ONLY___ :
2022-05-25 12:14:09,244 INFO     ___FILE_ONLY___ 

2022-05-25 12:14:09,244 INFO     ___FILE_ONLY___   
2022-05-25 12:14:09,244 INFO     ___FILE_ONLY___ GATEWAY_BASE
2022-05-25 12:14:09,244 INFO     ___FILE_ONLY___ :
2022-05-25 12:14:09,244 INFO     ___FILE_ONLY___  
2022-05-25 12:14:09,245 INFO     ___FILE_ONLY___ https://story-network-gateway.derp.website
2022-05-25 12:14:09,245 INFO     ___FILE_ONLY___ 

2022-05-25 12:14:09,245 INFO     ___FILE_ONLY___   
2022-05-25 12:14:09,245 INFO     ___FILE_ONLY___ GOOGLE_CLOUD_PROJECT
2022-05-25 12:14:09,245 INFO     ___FILE_ONLY___ :
2022-05-25 12:14:09,245 INFO     ___FILE_ONLY___  
2022-05-25 12:14:09,245 INFO     ___FILE_ONLY___ crowdriff-stories-dev
2022-05-25 12:14:09,245 INFO     ___FILE_ONLY___ 

2022-05-25 12:14:09,245 INFO     ___FILE_ONLY___   
2022-05-25 12:14:09,246 INFO     ___FILE_ONLY___ NODE_ENV
2022-05-25 12:14:09,246 INFO     ___FILE_ONLY___ :
2022-05-25 12:14:09,246 INFO     ___FILE_ONLY___  
2022-05-25 12:14:09,246 INFO     ___FILE_ONLY___ development
2022-05-25 12:14:09,246 INFO     ___FILE_ONLY___ 

2022-05-25 12:14:09,246 INFO     ___FILE_ONLY___   
2022-05-25 12:14:09,246 INFO     ___FILE_ONLY___ NODE_PATH
2022-05-25 12:14:09,246 INFO     ___FILE_ONLY___ :
2022-05-25 12:14:09,246 INFO     ___FILE_ONLY___  
2022-05-25 12:14:09,246 INFO     ___FILE_ONLY___ .
2022-05-25 12:14:09,247 INFO     ___FILE_ONLY___ 

2022-05-25 12:14:09,247 INFO     ___FILE_ONLY___   
2022-05-25 12:14:09,247 INFO     ___FILE_ONLY___ PUB_SUB_TOPIC
2022-05-25 12:14:09,247 INFO     ___FILE_ONLY___ :
2022-05-25 12:14:09,247 INFO     ___FILE_ONLY___  
2022-05-25 12:14:09,247 INFO     ___FILE_ONLY___ stories-es-sync
2022-05-25 12:14:09,247 INFO     ___FILE_ONLY___ 

2022-05-25 12:14:09,247 INFO     ___FILE_ONLY___   
2022-05-25 12:14:09,247 INFO     ___FILE_ONLY___ SERVICE_ACCOUNT
2022-05-25 12:14:09,247 INFO     ___FILE_ONLY___ :
2022-05-25 12:14:09,247 INFO     ___FILE_ONLY___  
2022-05-25 12:14:09,247 INFO     ___FILE_ONLY___ github-actions@crowdriff-stories-dev.iam.gserviceaccount.com
2022-05-25 12:14:09,248 INFO     ___FILE_ONLY___ 

2022-05-25 12:14:09,248 INFO     ___FILE_ONLY___ eventTrigger
2022-05-25 12:14:09,248 INFO     ___FILE_ONLY___ :
2022-05-25 12:14:09,248 INFO     ___FILE_ONLY___ 

2022-05-25 12:14:09,248 INFO     ___FILE_ONLY___   
2022-05-25 12:14:09,248 INFO     ___FILE_ONLY___ eventType
2022-05-25 12:14:09,248 INFO     ___FILE_ONLY___ :
2022-05-25 12:14:09,248 INFO     ___FILE_ONLY___  
2022-05-25 12:14:09,248 INFO     ___FILE_ONLY___ google.pubsub.topic.publish
2022-05-25 12:14:09,248 INFO     ___FILE_ONLY___ 

2022-05-25 12:14:09,249 INFO     ___FILE_ONLY___   
2022-05-25 12:14:09,249 INFO     ___FILE_ONLY___ failurePolicy
2022-05-25 12:14:09,249 INFO     ___FILE_ONLY___ :
2022-05-25 12:14:09,249 INFO     ___FILE_ONLY___  {
2022-05-25 12:14:09,249 INFO     ___FILE_ONLY___ }
2022-05-25 12:14:09,249 INFO     ___FILE_ONLY___ 

2022-05-25 12:14:09,249 INFO     ___FILE_ONLY___   
2022-05-25 12:14:09,249 INFO     ___FILE_ONLY___ resource
2022-05-25 12:14:09,249 INFO     ___FILE_ONLY___ :
2022-05-25 12:14:09,249 INFO     ___FILE_ONLY___  
2022-05-25 12:14:09,249 INFO     ___FILE_ONLY___ projects/crowdriff-stories-dev/topics/stories-es-sync
2022-05-25 12:14:09,249 INFO     ___FILE_ONLY___ 

2022-05-25 12:14:09,249 INFO     ___FILE_ONLY___   
2022-05-25 12:14:09,250 INFO     ___FILE_ONLY___ service
2022-05-25 12:14:09,250 INFO     ___FILE_ONLY___ :
2022-05-25 12:14:09,250 INFO     ___FILE_ONLY___  
2022-05-25 12:14:09,250 INFO     ___FILE_ONLY___ pubsub.googleapis.com
2022-05-25 12:14:09,250 INFO     ___FILE_ONLY___ 

2022-05-25 12:14:09,250 INFO     ___FILE_ONLY___ ingressSettings
2022-05-25 12:14:09,250 INFO     ___FILE_ONLY___ :
2022-05-25 12:14:09,250 INFO     ___FILE_ONLY___  
2022-05-25 12:14:09,250 INFO     ___FILE_ONLY___ ALLOW_ALL
2022-05-25 12:14:09,250 INFO     ___FILE_ONLY___ 

2022-05-25 12:14:09,250 INFO     ___FILE_ONLY___ labels
2022-05-25 12:14:09,250 INFO     ___FILE_ONLY___ :
2022-05-25 12:14:09,250 INFO     ___FILE_ONLY___ 

2022-05-25 12:14:09,250 INFO     ___FILE_ONLY___   
2022-05-25 12:14:09,251 INFO     ___FILE_ONLY___ deployment-tool
2022-05-25 12:14:09,251 INFO     ___FILE_ONLY___ :
2022-05-25 12:14:09,251 INFO     ___FILE_ONLY___  
2022-05-25 12:14:09,251 INFO     ___FILE_ONLY___ cli-gcloud
2022-05-25 12:14:09,251 INFO     ___FILE_ONLY___ 

2022-05-25 12:14:09,251 INFO     ___FILE_ONLY___ name
2022-05-25 12:14:09,251 INFO     ___FILE_ONLY___ :
2022-05-25 12:14:09,251 INFO     ___FILE_ONLY___  
2022-05-25 12:14:09,251 INFO     ___FILE_ONLY___ projects/crowdriff-stories-dev/locations/us-central1/functions/stories-es-sync
2022-05-25 12:14:09,251 INFO     ___FILE_ONLY___ 

2022-05-25 12:14:09,251 INFO     ___FILE_ONLY___ runtime
2022-05-25 12:14:09,251 INFO     ___FILE_ONLY___ :
2022-05-25 12:14:09,252 INFO     ___FILE_ONLY___  
2022-05-25 12:14:09,252 INFO     ___FILE_ONLY___ nodejs14
2022-05-25 12:14:09,252 INFO     ___FILE_ONLY___ 

2022-05-25 12:14:09,252 INFO     ___FILE_ONLY___ serviceAccountEmail
2022-05-25 12:14:09,252 INFO     ___FILE_ONLY___ :
2022-05-25 12:14:09,252 INFO     ___FILE_ONLY___  
2022-05-25 12:14:09,252 INFO     ___FILE_ONLY___ crowdriff-stories-dev@appspot.gserviceaccount.com
2022-05-25 12:14:09,252 INFO     ___FILE_ONLY___ 

2022-05-25 12:14:09,252 INFO     ___FILE_ONLY___ sourceUploadUrl
2022-05-25 12:14:09,252 INFO     ___FILE_ONLY___ :
2022-05-25 12:14:09,252 INFO     ___FILE_ONLY___  
2022-05-25 12:14:09,253 INFO     ___FILE_ONLY___ https://storage.googleapis.com/uploads-556841579775.us-central1.cloudfunctions.appspot.com/d6f99f66-a38c-41dd-8f12-855ca1fb4721.zip
2022-05-25 12:14:09,253 INFO     ___FILE_ONLY___ 

2022-05-25 12:14:09,253 INFO     ___FILE_ONLY___ status
2022-05-25 12:14:09,253 INFO     ___FILE_ONLY___ :
2022-05-25 12:14:09,253 INFO     ___FILE_ONLY___  
2022-05-25 12:14:09,253 INFO     ___FILE_ONLY___ ACTIVE
2022-05-25 12:14:09,253 INFO     ___FILE_ONLY___ 

2022-05-25 12:14:09,253 INFO     ___FILE_ONLY___ timeout
2022-05-25 12:14:09,253 INFO     ___FILE_ONLY___ :
2022-05-25 12:14:09,253 INFO     ___FILE_ONLY___  
2022-05-25 12:14:09,253 INFO     ___FILE_ONLY___ 540s
2022-05-25 12:14:09,253 INFO     ___FILE_ONLY___ 

2022-05-25 12:14:09,253 INFO     ___FILE_ONLY___ updateTime
2022-05-25 12:14:09,253 INFO     ___FILE_ONLY___ :
2022-05-25 12:14:09,254 INFO     ___FILE_ONLY___  '
2022-05-25 12:14:09,254 INFO     ___FILE_ONLY___ 2022-05-25T16:14:08.646Z
2022-05-25 12:14:09,254 INFO     ___FILE_ONLY___ '
2022-05-25 12:14:09,254 INFO     ___FILE_ONLY___ 

2022-05-25 12:14:09,254 INFO     ___FILE_ONLY___ versionId
2022-05-25 12:14:09,254 INFO     ___FILE_ONLY___ :
2022-05-25 12:14:09,254 INFO     ___FILE_ONLY___  '
2022-05-25 12:14:09,254 INFO     ___FILE_ONLY___ 25
2022-05-25 12:14:09,254 INFO     ___FILE_ONLY___ '
2022-05-25 12:14:09,254 INFO     ___FILE_ONLY___ 

2022-05-25 12:14:09,266 DEBUG    root            Metrics reporting process started...
