2022-05-25 12:14:41,889 DEBUG    root            Loaded Command Group: ['gcloud', 'functions']
2022-05-25 12:14:41,930 DEBUG    root            Loaded Command Group: ['gcloud', 'functions', 'deploy']
2022-05-25 12:14:41,940 DEBUG    root            Running [gcloud.functions.deploy] with arguments: [--entry-point: "entrypoint", --env-vars-file: "{'NODE_ENV': 'development', 'NODE_PATH': '.', 'GATEWAY_BASE': 'https://story-network-gateway.derp.website', 'SERVICE_ACCOUNT': 'github-actions@crowdriff-stories-dev.iam.gserviceaccount.com', 'GOOGLE_CLOUD_PROJECT': 'crowdriff-stories-dev', 'PUB_SUB_TOPIC': 'stories-es-sync'}", --memory: "256Mi", --runtime: "nodejs14", --source: "dist/", --timeout: "540", --trigger-topic: "stories-es-sync", NAME: "stories-es-sync"]
2022-05-25 12:14:41,954 DEBUG    urllib3.connectionpool Starting new HTTPS connection (1): cloudfunctions.googleapis.com:443
2022-05-25 12:14:42,162 DEBUG    urllib3.connectionpool https://cloudfunctions.googleapis.com:443 "GET /v1/projects/crowdriff-stories-dev/locations/us-central1/functions/stories-es-sync?alt=json HTTP/1.1" 200 None
2022-05-25 12:14:42,168 INFO     root            Not using ignore file.
2022-05-25 12:14:42,169 INFO     root            Not using ignore file.
2022-05-25 12:14:42,186 DEBUG    urllib3.connectionpool Starting new HTTPS connection (1): cloudfunctions.googleapis.com:443
2022-05-25 12:14:42,793 DEBUG    urllib3.connectionpool https://cloudfunctions.googleapis.com:443 "POST /v1/projects/crowdriff-stories-dev/locations/us-central1/functions:generateUploadUrl?alt=json HTTP/1.1" 200 None
2022-05-25 12:14:42,800 DEBUG    urllib3.connectionpool Starting new HTTPS connection (1): storage.googleapis.com:443
2022-05-25 12:14:43,076 DEBUG    urllib3.connectionpool https://storage.googleapis.com:443 "PUT /uploads-556841579775.us-central1.cloudfunctions.appspot.com/5943aae1-e204-4a63-a0b6-f5c8c95f58b9.zip?GoogleAccessId=service-31098141265%40gcf-admin-robot.iam.gserviceaccount.com&Expires=1653497082&Signature=iPl%2FP%2BkHhkjJkUPEJnLpFuvcJGaN3naz58BbneSgGXSf2dO2y%2B70CjYoQqZpI7iN3dvmMAhCR4wl4%2FRjblIi9%2B0ZQY3Mg619nsFfCAwRTftXZ45PHWwJqhuBKjfh6kxLt%2Bv%2F857LqoTeG7YZej13LQN3sd0aGTY6cj0vFQhH4HCkJNtdIBwOpde8Xwu7lw0Zlch7V1LNsaLlnqXYfvfEDvl1MY0H8VrllOU23vxFMcd9hMjff4hpzMIvfkFWjt42%2BKWFE1Nthfuo16sneapeBW8MFFvhepNzz5l5bQFfQgZzY3%2FpTmEs9x9JGYMGhrtmYmjmYWpn5mozIGg%2FC201oQ%3D%3D HTTP/1.1" 200 0
2022-05-25 12:14:43,088 DEBUG    urllib3.connectionpool Starting new HTTPS connection (1): cloudfunctions.googleapis.com:443
2022-05-25 12:14:43,590 DEBUG    urllib3.connectionpool https://cloudfunctions.googleapis.com:443 "PATCH /v1/projects/crowdriff-stories-dev/locations/us-central1/functions/stories-es-sync?alt=json&updateMask=availableMemoryMb%2CentryPoint%2CeventTrigger%2ChttpsTrigger%2Cruntime%2CsourceUploadUrl%2Ctimeout HTTP/1.1" 200 None
2022-05-25 12:14:43,602 INFO     ___FILE_ONLY___ Deploying function (may take a while - up to 2 minutes)...
2022-05-25 12:14:43,606 DEBUG    urllib3.connectionpool Starting new HTTPS connection (1): cloudfunctions.googleapis.com:443
2022-05-25 12:14:43,797 DEBUG    urllib3.connectionpool https://cloudfunctions.googleapis.com:443 "GET /v1/operations/Y3Jvd2RyaWZmLXN0b3JpZXMtZGV2L3VzLWNlbnRyYWwxL3N0b3JpZXMtZXMtc3luYy9OeF80Rmw5cUI0RQ?alt=json HTTP/1.1" 200 None
2022-05-25 12:14:45,171 DEBUG    urllib3.connectionpool https://cloudfunctions.googleapis.com:443 "GET /v1/operations/Y3Jvd2RyaWZmLXN0b3JpZXMtZGV2L3VzLWNlbnRyYWwxL3N0b3JpZXMtZXMtc3luYy9OeF80Rmw5cUI0RQ?alt=json HTTP/1.1" 200 None
2022-05-25 12:14:45,180 INFO     ___FILE_ONLY___ 
For Cloud Build Logs, visit: https://console.cloud.google.com/cloud-build/builds;region=us-central1/3321ef24-fc61-4579-8c37-9815c767788c?project=31098141265

2022-05-25 12:14:46,754 DEBUG    urllib3.connectionpool https://cloudfunctions.googleapis.com:443 "GET /v1/operations/Y3Jvd2RyaWZmLXN0b3JpZXMtZGV2L3VzLWNlbnRyYWwxL3N0b3JpZXMtZXMtc3luYy9OeF80Rmw5cUI0RQ?alt=json HTTP/1.1" 200 None
2022-05-25 12:14:48,684 DEBUG    urllib3.connectionpool https://cloudfunctions.googleapis.com:443 "GET /v1/operations/Y3Jvd2RyaWZmLXN0b3JpZXMtZGV2L3VzLWNlbnRyYWwxL3N0b3JpZXMtZXMtc3luYy9OeF80Rmw5cUI0RQ?alt=json HTTP/1.1" 200 None
2022-05-25 12:14:50,645 DEBUG    urllib3.connectionpool https://cloudfunctions.googleapis.com:443 "GET /v1/operations/Y3Jvd2RyaWZmLXN0b3JpZXMtZGV2L3VzLWNlbnRyYWwxL3N0b3JpZXMtZXMtc3luYy9OeF80Rmw5cUI0RQ?alt=json HTTP/1.1" 200 None
2022-05-25 12:14:51,956 DEBUG    urllib3.connectionpool https://cloudfunctions.googleapis.com:443 "GET /v1/operations/Y3Jvd2RyaWZmLXN0b3JpZXMtZGV2L3VzLWNlbnRyYWwxL3N0b3JpZXMtZXMtc3luYy9OeF80Rmw5cUI0RQ?alt=json HTTP/1.1" 200 None
2022-05-25 12:14:53,989 DEBUG    urllib3.connectionpool https://cloudfunctions.googleapis.com:443 "GET /v1/operations/Y3Jvd2RyaWZmLXN0b3JpZXMtZGV2L3VzLWNlbnRyYWwxL3N0b3JpZXMtZXMtc3luYy9OeF80Rmw5cUI0RQ?alt=json HTTP/1.1" 200 None
2022-05-25 12:14:56,040 DEBUG    urllib3.connectionpool https://cloudfunctions.googleapis.com:443 "GET /v1/operations/Y3Jvd2RyaWZmLXN0b3JpZXMtZGV2L3VzLWNlbnRyYWwxL3N0b3JpZXMtZXMtc3luYy9OeF80Rmw5cUI0RQ?alt=json HTTP/1.1" 200 None
2022-05-25 12:14:58,058 DEBUG    urllib3.connectionpool https://cloudfunctions.googleapis.com:443 "GET /v1/operations/Y3Jvd2RyaWZmLXN0b3JpZXMtZGV2L3VzLWNlbnRyYWwxL3N0b3JpZXMtZXMtc3luYy9OeF80Rmw5cUI0RQ?alt=json HTTP/1.1" 200 None
2022-05-25 12:14:59,478 DEBUG    urllib3.connectionpool https://cloudfunctions.googleapis.com:443 "GET /v1/operations/Y3Jvd2RyaWZmLXN0b3JpZXMtZGV2L3VzLWNlbnRyYWwxL3N0b3JpZXMtZXMtc3luYy9OeF80Rmw5cUI0RQ?alt=json HTTP/1.1" 200 None
2022-05-25 12:15:00,970 DEBUG    urllib3.connectionpool https://cloudfunctions.googleapis.com:443 "GET /v1/operations/Y3Jvd2RyaWZmLXN0b3JpZXMtZGV2L3VzLWNlbnRyYWwxL3N0b3JpZXMtZXMtc3luYy9OeF80Rmw5cUI0RQ?alt=json HTTP/1.1" 200 None
2022-05-25 12:15:02,185 DEBUG    urllib3.connectionpool https://cloudfunctions.googleapis.com:443 "GET /v1/operations/Y3Jvd2RyaWZmLXN0b3JpZXMtZGV2L3VzLWNlbnRyYWwxL3N0b3JpZXMtZXMtc3luYy9OeF80Rmw5cUI0RQ?alt=json HTTP/1.1" 200 None
2022-05-25 12:15:04,056 DEBUG    urllib3.connectionpool https://cloudfunctions.googleapis.com:443 "GET /v1/operations/Y3Jvd2RyaWZmLXN0b3JpZXMtZGV2L3VzLWNlbnRyYWwxL3N0b3JpZXMtZXMtc3luYy9OeF80Rmw5cUI0RQ?alt=json HTTP/1.1" 200 None
2022-05-25 12:15:05,903 DEBUG    urllib3.connectionpool https://cloudfunctions.googleapis.com:443 "GET /v1/operations/Y3Jvd2RyaWZmLXN0b3JpZXMtZGV2L3VzLWNlbnRyYWwxL3N0b3JpZXMtZXMtc3luYy9OeF80Rmw5cUI0RQ?alt=json HTTP/1.1" 200 None
2022-05-25 12:15:07,661 DEBUG    urllib3.connectionpool https://cloudfunctions.googleapis.com:443 "GET /v1/operations/Y3Jvd2RyaWZmLXN0b3JpZXMtZGV2L3VzLWNlbnRyYWwxL3N0b3JpZXMtZXMtc3luYy9OeF80Rmw5cUI0RQ?alt=json HTTP/1.1" 200 None
2022-05-25 12:15:08,830 DEBUG    urllib3.connectionpool https://cloudfunctions.googleapis.com:443 "GET /v1/operations/Y3Jvd2RyaWZmLXN0b3JpZXMtZGV2L3VzLWNlbnRyYWwxL3N0b3JpZXMtZXMtc3luYy9OeF80Rmw5cUI0RQ?alt=json HTTP/1.1" 200 None
2022-05-25 12:15:10,263 DEBUG    urllib3.connectionpool https://cloudfunctions.googleapis.com:443 "GET /v1/operations/Y3Jvd2RyaWZmLXN0b3JpZXMtZGV2L3VzLWNlbnRyYWwxL3N0b3JpZXMtZXMtc3luYy9OeF80Rmw5cUI0RQ?alt=json HTTP/1.1" 200 None
2022-05-25 12:15:11,616 DEBUG    urllib3.connectionpool https://cloudfunctions.googleapis.com:443 "GET /v1/operations/Y3Jvd2RyaWZmLXN0b3JpZXMtZGV2L3VzLWNlbnRyYWwxL3N0b3JpZXMtZXMtc3luYy9OeF80Rmw5cUI0RQ?alt=json HTTP/1.1" 200 None
2022-05-25 12:15:13,182 DEBUG    urllib3.connectionpool https://cloudfunctions.googleapis.com:443 "GET /v1/operations/Y3Jvd2RyaWZmLXN0b3JpZXMtZGV2L3VzLWNlbnRyYWwxL3N0b3JpZXMtZXMtc3luYy9OeF80Rmw5cUI0RQ?alt=json HTTP/1.1" 200 None
2022-05-25 12:15:14,768 DEBUG    urllib3.connectionpool https://cloudfunctions.googleapis.com:443 "GET /v1/operations/Y3Jvd2RyaWZmLXN0b3JpZXMtZGV2L3VzLWNlbnRyYWwxL3N0b3JpZXMtZXMtc3luYy9OeF80Rmw5cUI0RQ?alt=json HTTP/1.1" 200 None
2022-05-25 12:15:16,052 DEBUG    urllib3.connectionpool https://cloudfunctions.googleapis.com:443 "GET /v1/operations/Y3Jvd2RyaWZmLXN0b3JpZXMtZGV2L3VzLWNlbnRyYWwxL3N0b3JpZXMtZXMtc3luYy9OeF80Rmw5cUI0RQ?alt=json HTTP/1.1" 200 None
2022-05-25 12:15:17,542 DEBUG    urllib3.connectionpool https://cloudfunctions.googleapis.com:443 "GET /v1/operations/Y3Jvd2RyaWZmLXN0b3JpZXMtZGV2L3VzLWNlbnRyYWwxL3N0b3JpZXMtZXMtc3luYy9OeF80Rmw5cUI0RQ?alt=json HTTP/1.1" 200 None
2022-05-25 12:15:19,437 DEBUG    urllib3.connectionpool https://cloudfunctions.googleapis.com:443 "GET /v1/operations/Y3Jvd2RyaWZmLXN0b3JpZXMtZGV2L3VzLWNlbnRyYWwxL3N0b3JpZXMtZXMtc3luYy9OeF80Rmw5cUI0RQ?alt=json HTTP/1.1" 200 None
2022-05-25 12:15:21,464 DEBUG    urllib3.connectionpool https://cloudfunctions.googleapis.com:443 "GET /v1/operations/Y3Jvd2RyaWZmLXN0b3JpZXMtZGV2L3VzLWNlbnRyYWwxL3N0b3JpZXMtZXMtc3luYy9OeF80Rmw5cUI0RQ?alt=json HTTP/1.1" 200 None
2022-05-25 12:15:22,635 DEBUG    urllib3.connectionpool https://cloudfunctions.googleapis.com:443 "GET /v1/operations/Y3Jvd2RyaWZmLXN0b3JpZXMtZGV2L3VzLWNlbnRyYWwxL3N0b3JpZXMtZXMtc3luYy9OeF80Rmw5cUI0RQ?alt=json HTTP/1.1" 200 None
2022-05-25 12:15:24,657 DEBUG    urllib3.connectionpool https://cloudfunctions.googleapis.com:443 "GET /v1/operations/Y3Jvd2RyaWZmLXN0b3JpZXMtZGV2L3VzLWNlbnRyYWwxL3N0b3JpZXMtZXMtc3luYy9OeF80Rmw5cUI0RQ?alt=json HTTP/1.1" 200 None
2022-05-25 12:15:26,179 DEBUG    urllib3.connectionpool https://cloudfunctions.googleapis.com:443 "GET /v1/operations/Y3Jvd2RyaWZmLXN0b3JpZXMtZGV2L3VzLWNlbnRyYWwxL3N0b3JpZXMtZXMtc3luYy9OeF80Rmw5cUI0RQ?alt=json HTTP/1.1" 200 None
2022-05-25 12:15:28,127 DEBUG    urllib3.connectionpool https://cloudfunctions.googleapis.com:443 "GET /v1/operations/Y3Jvd2RyaWZmLXN0b3JpZXMtZGV2L3VzLWNlbnRyYWwxL3N0b3JpZXMtZXMtc3luYy9OeF80Rmw5cUI0RQ?alt=json HTTP/1.1" 200 None
2022-05-25 12:15:29,846 DEBUG    urllib3.connectionpool https://cloudfunctions.googleapis.com:443 "GET /v1/operations/Y3Jvd2RyaWZmLXN0b3JpZXMtZGV2L3VzLWNlbnRyYWwxL3N0b3JpZXMtZXMtc3luYy9OeF80Rmw5cUI0RQ?alt=json HTTP/1.1" 200 None
2022-05-25 12:15:31,369 DEBUG    urllib3.connectionpool https://cloudfunctions.googleapis.com:443 "GET /v1/operations/Y3Jvd2RyaWZmLXN0b3JpZXMtZGV2L3VzLWNlbnRyYWwxL3N0b3JpZXMtZXMtc3luYy9OeF80Rmw5cUI0RQ?alt=json HTTP/1.1" 200 None
2022-05-25 12:15:32,751 DEBUG    urllib3.connectionpool https://cloudfunctions.googleapis.com:443 "GET /v1/operations/Y3Jvd2RyaWZmLXN0b3JpZXMtZGV2L3VzLWNlbnRyYWwxL3N0b3JpZXMtZXMtc3luYy9OeF80Rmw5cUI0RQ?alt=json HTTP/1.1" 200 None
2022-05-25 12:15:34,535 DEBUG    urllib3.connectionpool https://cloudfunctions.googleapis.com:443 "GET /v1/operations/Y3Jvd2RyaWZmLXN0b3JpZXMtZGV2L3VzLWNlbnRyYWwxL3N0b3JpZXMtZXMtc3luYy9OeF80Rmw5cUI0RQ?alt=json HTTP/1.1" 200 None
2022-05-25 12:15:36,331 DEBUG    urllib3.connectionpool https://cloudfunctions.googleapis.com:443 "GET /v1/operations/Y3Jvd2RyaWZmLXN0b3JpZXMtZGV2L3VzLWNlbnRyYWwxL3N0b3JpZXMtZXMtc3luYy9OeF80Rmw5cUI0RQ?alt=json HTTP/1.1" 200 None
2022-05-25 12:15:37,964 DEBUG    urllib3.connectionpool https://cloudfunctions.googleapis.com:443 "GET /v1/operations/Y3Jvd2RyaWZmLXN0b3JpZXMtZGV2L3VzLWNlbnRyYWwxL3N0b3JpZXMtZXMtc3luYy9OeF80Rmw5cUI0RQ?alt=json HTTP/1.1" 200 None
2022-05-25 12:15:39,312 DEBUG    urllib3.connectionpool https://cloudfunctions.googleapis.com:443 "GET /v1/operations/Y3Jvd2RyaWZmLXN0b3JpZXMtZGV2L3VzLWNlbnRyYWwxL3N0b3JpZXMtZXMtc3luYy9OeF80Rmw5cUI0RQ?alt=json HTTP/1.1" 200 None
2022-05-25 12:15:40,489 DEBUG    urllib3.connectionpool https://cloudfunctions.googleapis.com:443 "GET /v1/operations/Y3Jvd2RyaWZmLXN0b3JpZXMtZGV2L3VzLWNlbnRyYWwxL3N0b3JpZXMtZXMtc3luYy9OeF80Rmw5cUI0RQ?alt=json HTTP/1.1" 200 None
2022-05-25 12:15:41,811 DEBUG    urllib3.connectionpool https://cloudfunctions.googleapis.com:443 "GET /v1/operations/Y3Jvd2RyaWZmLXN0b3JpZXMtZGV2L3VzLWNlbnRyYWwxL3N0b3JpZXMtZXMtc3luYy9OeF80Rmw5cUI0RQ?alt=json HTTP/1.1" 200 None
2022-05-25 12:15:43,028 DEBUG    urllib3.connectionpool https://cloudfunctions.googleapis.com:443 "GET /v1/operations/Y3Jvd2RyaWZmLXN0b3JpZXMtZGV2L3VzLWNlbnRyYWwxL3N0b3JpZXMtZXMtc3luYy9OeF80Rmw5cUI0RQ?alt=json HTTP/1.1" 200 None
2022-05-25 12:15:44,433 DEBUG    urllib3.connectionpool https://cloudfunctions.googleapis.com:443 "GET /v1/operations/Y3Jvd2RyaWZmLXN0b3JpZXMtZGV2L3VzLWNlbnRyYWwxL3N0b3JpZXMtZXMtc3luYy9OeF80Rmw5cUI0RQ?alt=json HTTP/1.1" 200 None
2022-05-25 12:15:46,313 DEBUG    urllib3.connectionpool https://cloudfunctions.googleapis.com:443 "GET /v1/operations/Y3Jvd2RyaWZmLXN0b3JpZXMtZGV2L3VzLWNlbnRyYWwxL3N0b3JpZXMtZXMtc3luYy9OeF80Rmw5cUI0RQ?alt=json HTTP/1.1" 200 None
2022-05-25 12:15:47,983 DEBUG    urllib3.connectionpool https://cloudfunctions.googleapis.com:443 "GET /v1/operations/Y3Jvd2RyaWZmLXN0b3JpZXMtZGV2L3VzLWNlbnRyYWwxL3N0b3JpZXMtZXMtc3luYy9OeF80Rmw5cUI0RQ?alt=json HTTP/1.1" 200 None
2022-05-25 12:15:50,111 DEBUG    urllib3.connectionpool https://cloudfunctions.googleapis.com:443 "GET /v1/operations/Y3Jvd2RyaWZmLXN0b3JpZXMtZGV2L3VzLWNlbnRyYWwxL3N0b3JpZXMtZXMtc3luYy9OeF80Rmw5cUI0RQ?alt=json HTTP/1.1" 200 None
2022-05-25 12:15:51,435 DEBUG    urllib3.connectionpool https://cloudfunctions.googleapis.com:443 "GET /v1/operations/Y3Jvd2RyaWZmLXN0b3JpZXMtZGV2L3VzLWNlbnRyYWwxL3N0b3JpZXMtZXMtc3luYy9OeF80Rmw5cUI0RQ?alt=json HTTP/1.1" 200 None
2022-05-25 12:15:53,537 DEBUG    urllib3.connectionpool https://cloudfunctions.googleapis.com:443 "GET /v1/operations/Y3Jvd2RyaWZmLXN0b3JpZXMtZGV2L3VzLWNlbnRyYWwxL3N0b3JpZXMtZXMtc3luYy9OeF80Rmw5cUI0RQ?alt=json HTTP/1.1" 200 None
2022-05-25 12:15:55,250 DEBUG    urllib3.connectionpool https://cloudfunctions.googleapis.com:443 "GET /v1/operations/Y3Jvd2RyaWZmLXN0b3JpZXMtZGV2L3VzLWNlbnRyYWwxL3N0b3JpZXMtZXMtc3luYy9OeF80Rmw5cUI0RQ?alt=json HTTP/1.1" 200 None
2022-05-25 12:15:56,810 DEBUG    urllib3.connectionpool https://cloudfunctions.googleapis.com:443 "GET /v1/operations/Y3Jvd2RyaWZmLXN0b3JpZXMtZGV2L3VzLWNlbnRyYWwxL3N0b3JpZXMtZXMtc3luYy9OeF80Rmw5cUI0RQ?alt=json HTTP/1.1" 200 None
2022-05-25 12:15:58,395 DEBUG    urllib3.connectionpool https://cloudfunctions.googleapis.com:443 "GET /v1/operations/Y3Jvd2RyaWZmLXN0b3JpZXMtZGV2L3VzLWNlbnRyYWwxL3N0b3JpZXMtZXMtc3luYy9OeF80Rmw5cUI0RQ?alt=json HTTP/1.1" 200 None
2022-05-25 12:16:00,441 DEBUG    urllib3.connectionpool https://cloudfunctions.googleapis.com:443 "GET /v1/operations/Y3Jvd2RyaWZmLXN0b3JpZXMtZGV2L3VzLWNlbnRyYWwxL3N0b3JpZXMtZXMtc3luYy9OeF80Rmw5cUI0RQ?alt=json HTTP/1.1" 200 None
2022-05-25 12:16:01,895 DEBUG    urllib3.connectionpool https://cloudfunctions.googleapis.com:443 "GET /v1/operations/Y3Jvd2RyaWZmLXN0b3JpZXMtZGV2L3VzLWNlbnRyYWwxL3N0b3JpZXMtZXMtc3luYy9OeF80Rmw5cUI0RQ?alt=json HTTP/1.1" 200 None
2022-05-25 12:16:03,404 DEBUG    urllib3.connectionpool https://cloudfunctions.googleapis.com:443 "GET /v1/operations/Y3Jvd2RyaWZmLXN0b3JpZXMtZGV2L3VzLWNlbnRyYWwxL3N0b3JpZXMtZXMtc3luYy9OeF80Rmw5cUI0RQ?alt=json HTTP/1.1" 200 None
2022-05-25 12:16:05,567 DEBUG    urllib3.connectionpool https://cloudfunctions.googleapis.com:443 "GET /v1/operations/Y3Jvd2RyaWZmLXN0b3JpZXMtZGV2L3VzLWNlbnRyYWwxL3N0b3JpZXMtZXMtc3luYy9OeF80Rmw5cUI0RQ?alt=json HTTP/1.1" 200 None
2022-05-25 12:16:06,740 DEBUG    urllib3.connectionpool https://cloudfunctions.googleapis.com:443 "GET /v1/operations/Y3Jvd2RyaWZmLXN0b3JpZXMtZGV2L3VzLWNlbnRyYWwxL3N0b3JpZXMtZXMtc3luYy9OeF80Rmw5cUI0RQ?alt=json HTTP/1.1" 200 None
2022-05-25 12:16:07,914 DEBUG    urllib3.connectionpool https://cloudfunctions.googleapis.com:443 "GET /v1/operations/Y3Jvd2RyaWZmLXN0b3JpZXMtZGV2L3VzLWNlbnRyYWwxL3N0b3JpZXMtZXMtc3luYy9OeF80Rmw5cUI0RQ?alt=json HTTP/1.1" 200 None
2022-05-25 12:16:09,443 DEBUG    urllib3.connectionpool https://cloudfunctions.googleapis.com:443 "GET /v1/operations/Y3Jvd2RyaWZmLXN0b3JpZXMtZGV2L3VzLWNlbnRyYWwxL3N0b3JpZXMtZXMtc3luYy9OeF80Rmw5cUI0RQ?alt=json HTTP/1.1" 200 None
2022-05-25 12:16:11,575 DEBUG    urllib3.connectionpool https://cloudfunctions.googleapis.com:443 "GET /v1/operations/Y3Jvd2RyaWZmLXN0b3JpZXMtZGV2L3VzLWNlbnRyYWwxL3N0b3JpZXMtZXMtc3luYy9OeF80Rmw5cUI0RQ?alt=json HTTP/1.1" 200 None
2022-05-25 12:16:13,603 DEBUG    urllib3.connectionpool https://cloudfunctions.googleapis.com:443 "GET /v1/operations/Y3Jvd2RyaWZmLXN0b3JpZXMtZGV2L3VzLWNlbnRyYWwxL3N0b3JpZXMtZXMtc3luYy9OeF80Rmw5cUI0RQ?alt=json HTTP/1.1" 200 None
2022-05-25 12:16:15,329 DEBUG    urllib3.connectionpool https://cloudfunctions.googleapis.com:443 "GET /v1/operations/Y3Jvd2RyaWZmLXN0b3JpZXMtZGV2L3VzLWNlbnRyYWwxL3N0b3JpZXMtZXMtc3luYy9OeF80Rmw5cUI0RQ?alt=json HTTP/1.1" 200 None
2022-05-25 12:16:17,437 DEBUG    urllib3.connectionpool https://cloudfunctions.googleapis.com:443 "GET /v1/operations/Y3Jvd2RyaWZmLXN0b3JpZXMtZGV2L3VzLWNlbnRyYWwxL3N0b3JpZXMtZXMtc3luYy9OeF80Rmw5cUI0RQ?alt=json HTTP/1.1" 200 None
2022-05-25 12:16:18,827 DEBUG    urllib3.connectionpool https://cloudfunctions.googleapis.com:443 "GET /v1/operations/Y3Jvd2RyaWZmLXN0b3JpZXMtZGV2L3VzLWNlbnRyYWwxL3N0b3JpZXMtZXMtc3luYy9OeF80Rmw5cUI0RQ?alt=json HTTP/1.1" 200 None
2022-05-25 12:16:20,454 DEBUG    urllib3.connectionpool https://cloudfunctions.googleapis.com:443 "GET /v1/operations/Y3Jvd2RyaWZmLXN0b3JpZXMtZGV2L3VzLWNlbnRyYWwxL3N0b3JpZXMtZXMtc3luYy9OeF80Rmw5cUI0RQ?alt=json HTTP/1.1" 200 None
2022-05-25 12:16:22,412 DEBUG    urllib3.connectionpool https://cloudfunctions.googleapis.com:443 "GET /v1/operations/Y3Jvd2RyaWZmLXN0b3JpZXMtZGV2L3VzLWNlbnRyYWwxL3N0b3JpZXMtZXMtc3luYy9OeF80Rmw5cUI0RQ?alt=json HTTP/1.1" 200 None
2022-05-25 12:16:23,747 DEBUG    urllib3.connectionpool https://cloudfunctions.googleapis.com:443 "GET /v1/operations/Y3Jvd2RyaWZmLXN0b3JpZXMtZGV2L3VzLWNlbnRyYWwxL3N0b3JpZXMtZXMtc3luYy9OeF80Rmw5cUI0RQ?alt=json HTTP/1.1" 200 None
2022-05-25 12:16:25,212 DEBUG    urllib3.connectionpool https://cloudfunctions.googleapis.com:443 "GET /v1/operations/Y3Jvd2RyaWZmLXN0b3JpZXMtZGV2L3VzLWNlbnRyYWwxL3N0b3JpZXMtZXMtc3luYy9OeF80Rmw5cUI0RQ?alt=json HTTP/1.1" 200 None
2022-05-25 12:16:26,872 DEBUG    urllib3.connectionpool https://cloudfunctions.googleapis.com:443 "GET /v1/operations/Y3Jvd2RyaWZmLXN0b3JpZXMtZGV2L3VzLWNlbnRyYWwxL3N0b3JpZXMtZXMtc3luYy9OeF80Rmw5cUI0RQ?alt=json HTTP/1.1" 200 None
2022-05-25 12:16:28,502 DEBUG    urllib3.connectionpool https://cloudfunctions.googleapis.com:443 "GET /v1/operations/Y3Jvd2RyaWZmLXN0b3JpZXMtZGV2L3VzLWNlbnRyYWwxL3N0b3JpZXMtZXMtc3luYy9OeF80Rmw5cUI0RQ?alt=json HTTP/1.1" 200 None
2022-05-25 12:16:29,755 DEBUG    urllib3.connectionpool https://cloudfunctions.googleapis.com:443 "GET /v1/operations/Y3Jvd2RyaWZmLXN0b3JpZXMtZGV2L3VzLWNlbnRyYWwxL3N0b3JpZXMtZXMtc3luYy9OeF80Rmw5cUI0RQ?alt=json HTTP/1.1" 200 None
2022-05-25 12:16:31,418 DEBUG    urllib3.connectionpool https://cloudfunctions.googleapis.com:443 "GET /v1/operations/Y3Jvd2RyaWZmLXN0b3JpZXMtZGV2L3VzLWNlbnRyYWwxL3N0b3JpZXMtZXMtc3luYy9OeF80Rmw5cUI0RQ?alt=json HTTP/1.1" 200 None
2022-05-25 12:16:33,142 DEBUG    urllib3.connectionpool https://cloudfunctions.googleapis.com:443 "GET /v1/operations/Y3Jvd2RyaWZmLXN0b3JpZXMtZGV2L3VzLWNlbnRyYWwxL3N0b3JpZXMtZXMtc3luYy9OeF80Rmw5cUI0RQ?alt=json HTTP/1.1" 200 None
2022-05-25 12:16:34,888 DEBUG    urllib3.connectionpool https://cloudfunctions.googleapis.com:443 "GET /v1/operations/Y3Jvd2RyaWZmLXN0b3JpZXMtZGV2L3VzLWNlbnRyYWwxL3N0b3JpZXMtZXMtc3luYy9OeF80Rmw5cUI0RQ?alt=json HTTP/1.1" 200 None
2022-05-25 12:16:36,488 DEBUG    urllib3.connectionpool https://cloudfunctions.googleapis.com:443 "GET /v1/operations/Y3Jvd2RyaWZmLXN0b3JpZXMtZGV2L3VzLWNlbnRyYWwxL3N0b3JpZXMtZXMtc3luYy9OeF80Rmw5cUI0RQ?alt=json HTTP/1.1" 200 None
2022-05-25 12:16:37,801 DEBUG    urllib3.connectionpool https://cloudfunctions.googleapis.com:443 "GET /v1/operations/Y3Jvd2RyaWZmLXN0b3JpZXMtZGV2L3VzLWNlbnRyYWwxL3N0b3JpZXMtZXMtc3luYy9OeF80Rmw5cUI0RQ?alt=json HTTP/1.1" 200 None
2022-05-25 12:16:39,718 DEBUG    urllib3.connectionpool https://cloudfunctions.googleapis.com:443 "GET /v1/operations/Y3Jvd2RyaWZmLXN0b3JpZXMtZGV2L3VzLWNlbnRyYWwxL3N0b3JpZXMtZXMtc3luYy9OeF80Rmw5cUI0RQ?alt=json HTTP/1.1" 200 None
2022-05-25 12:16:41,159 DEBUG    urllib3.connectionpool https://cloudfunctions.googleapis.com:443 "GET /v1/operations/Y3Jvd2RyaWZmLXN0b3JpZXMtZGV2L3VzLWNlbnRyYWwxL3N0b3JpZXMtZXMtc3luYy9OeF80Rmw5cUI0RQ?alt=json HTTP/1.1" 200 None
2022-05-25 12:16:42,822 DEBUG    urllib3.connectionpool https://cloudfunctions.googleapis.com:443 "GET /v1/operations/Y3Jvd2RyaWZmLXN0b3JpZXMtZGV2L3VzLWNlbnRyYWwxL3N0b3JpZXMtZXMtc3luYy9OeF80Rmw5cUI0RQ?alt=json HTTP/1.1" 200 None
2022-05-25 12:16:44,727 DEBUG    urllib3.connectionpool https://cloudfunctions.googleapis.com:443 "GET /v1/operations/Y3Jvd2RyaWZmLXN0b3JpZXMtZGV2L3VzLWNlbnRyYWwxL3N0b3JpZXMtZXMtc3luYy9OeF80Rmw5cUI0RQ?alt=json HTTP/1.1" 200 None
2022-05-25 12:16:46,084 DEBUG    urllib3.connectionpool https://cloudfunctions.googleapis.com:443 "GET /v1/operations/Y3Jvd2RyaWZmLXN0b3JpZXMtZGV2L3VzLWNlbnRyYWwxL3N0b3JpZXMtZXMtc3luYy9OeF80Rmw5cUI0RQ?alt=json HTTP/1.1" 200 None
2022-05-25 12:16:47,455 DEBUG    urllib3.connectionpool https://cloudfunctions.googleapis.com:443 "GET /v1/operations/Y3Jvd2RyaWZmLXN0b3JpZXMtZGV2L3VzLWNlbnRyYWwxL3N0b3JpZXMtZXMtc3luYy9OeF80Rmw5cUI0RQ?alt=json HTTP/1.1" 200 None
2022-05-25 12:16:49,020 DEBUG    urllib3.connectionpool https://cloudfunctions.googleapis.com:443 "GET /v1/operations/Y3Jvd2RyaWZmLXN0b3JpZXMtZGV2L3VzLWNlbnRyYWwxL3N0b3JpZXMtZXMtc3luYy9OeF80Rmw5cUI0RQ?alt=json HTTP/1.1" 200 None
2022-05-25 12:16:50,150 DEBUG    urllib3.connectionpool https://cloudfunctions.googleapis.com:443 "GET /v1/operations/Y3Jvd2RyaWZmLXN0b3JpZXMtZGV2L3VzLWNlbnRyYWwxL3N0b3JpZXMtZXMtc3luYy9OeF80Rmw5cUI0RQ?alt=json HTTP/1.1" 200 None
2022-05-25 12:16:51,769 DEBUG    urllib3.connectionpool https://cloudfunctions.googleapis.com:443 "GET /v1/operations/Y3Jvd2RyaWZmLXN0b3JpZXMtZGV2L3VzLWNlbnRyYWwxL3N0b3JpZXMtZXMtc3luYy9OeF80Rmw5cUI0RQ?alt=json HTTP/1.1" 200 None
2022-05-25 12:16:53,788 DEBUG    urllib3.connectionpool https://cloudfunctions.googleapis.com:443 "GET /v1/operations/Y3Jvd2RyaWZmLXN0b3JpZXMtZGV2L3VzLWNlbnRyYWwxL3N0b3JpZXMtZXMtc3luYy9OeF80Rmw5cUI0RQ?alt=json HTTP/1.1" 200 None
2022-05-25 12:16:55,334 DEBUG    urllib3.connectionpool https://cloudfunctions.googleapis.com:443 "GET /v1/operations/Y3Jvd2RyaWZmLXN0b3JpZXMtZGV2L3VzLWNlbnRyYWwxL3N0b3JpZXMtZXMtc3luYy9OeF80Rmw5cUI0RQ?alt=json HTTP/1.1" 200 None
2022-05-25 12:16:56,528 DEBUG    urllib3.connectionpool https://cloudfunctions.googleapis.com:443 "GET /v1/operations/Y3Jvd2RyaWZmLXN0b3JpZXMtZGV2L3VzLWNlbnRyYWwxL3N0b3JpZXMtZXMtc3luYy9OeF80Rmw5cUI0RQ?alt=json HTTP/1.1" 200 None
2022-05-25 12:16:58,614 DEBUG    urllib3.connectionpool https://cloudfunctions.googleapis.com:443 "GET /v1/operations/Y3Jvd2RyaWZmLXN0b3JpZXMtZGV2L3VzLWNlbnRyYWwxL3N0b3JpZXMtZXMtc3luYy9OeF80Rmw5cUI0RQ?alt=json HTTP/1.1" 200 None
2022-05-25 12:17:00,077 DEBUG    urllib3.connectionpool https://cloudfunctions.googleapis.com:443 "GET /v1/operations/Y3Jvd2RyaWZmLXN0b3JpZXMtZGV2L3VzLWNlbnRyYWwxL3N0b3JpZXMtZXMtc3luYy9OeF80Rmw5cUI0RQ?alt=json HTTP/1.1" 200 None
2022-05-25 12:17:01,461 DEBUG    urllib3.connectionpool https://cloudfunctions.googleapis.com:443 "GET /v1/operations/Y3Jvd2RyaWZmLXN0b3JpZXMtZGV2L3VzLWNlbnRyYWwxL3N0b3JpZXMtZXMtc3luYy9OeF80Rmw5cUI0RQ?alt=json HTTP/1.1" 200 None
2022-05-25 12:17:03,184 DEBUG    urllib3.connectionpool https://cloudfunctions.googleapis.com:443 "GET /v1/operations/Y3Jvd2RyaWZmLXN0b3JpZXMtZGV2L3VzLWNlbnRyYWwxL3N0b3JpZXMtZXMtc3luYy9OeF80Rmw5cUI0RQ?alt=json HTTP/1.1" 200 None
2022-05-25 12:17:05,128 DEBUG    urllib3.connectionpool https://cloudfunctions.googleapis.com:443 "GET /v1/operations/Y3Jvd2RyaWZmLXN0b3JpZXMtZGV2L3VzLWNlbnRyYWwxL3N0b3JpZXMtZXMtc3luYy9OeF80Rmw5cUI0RQ?alt=json HTTP/1.1" 200 None
2022-05-25 12:17:05,161 DEBUG    urllib3.connectionpool Starting new HTTPS connection (1): cloudfunctions.googleapis.com:443
2022-05-25 12:17:05,416 DEBUG    urllib3.connectionpool https://cloudfunctions.googleapis.com:443 "GET /v1/projects/crowdriff-stories-dev/locations/us-central1/functions/stories-es-sync?alt=json HTTP/1.1" 200 None
2022-05-25 12:17:05,422 INFO     root            Display format: "default"
2022-05-25 12:17:05,428 INFO     ___FILE_ONLY___ availableMemoryMb
2022-05-25 12:17:05,428 INFO     ___FILE_ONLY___ :
2022-05-25 12:17:05,428 INFO     ___FILE_ONLY___  
2022-05-25 12:17:05,428 INFO     ___FILE_ONLY___ 256
2022-05-25 12:17:05,428 INFO     ___FILE_ONLY___ 

2022-05-25 12:17:05,428 INFO     ___FILE_ONLY___ buildId
2022-05-25 12:17:05,430 INFO     ___FILE_ONLY___ :
2022-05-25 12:17:05,431 INFO     ___FILE_ONLY___  
2022-05-25 12:17:05,431 INFO     ___FILE_ONLY___ 3321ef24-fc61-4579-8c37-9815c767788c
2022-05-25 12:17:05,431 INFO     ___FILE_ONLY___ 

2022-05-25 12:17:05,431 INFO     ___FILE_ONLY___ buildName
2022-05-25 12:17:05,431 INFO     ___FILE_ONLY___ :
2022-05-25 12:17:05,431 INFO     ___FILE_ONLY___  
2022-05-25 12:17:05,431 INFO     ___FILE_ONLY___ projects/31098141265/locations/us-central1/builds/3321ef24-fc61-4579-8c37-9815c767788c
2022-05-25 12:17:05,431 INFO     ___FILE_ONLY___ 

2022-05-25 12:17:05,432 INFO     ___FILE_ONLY___ dockerRegistry
2022-05-25 12:17:05,432 INFO     ___FILE_ONLY___ :
2022-05-25 12:17:05,432 INFO     ___FILE_ONLY___  
2022-05-25 12:17:05,432 INFO     ___FILE_ONLY___ CONTAINER_REGISTRY
2022-05-25 12:17:05,432 INFO     ___FILE_ONLY___ 

2022-05-25 12:17:05,432 INFO     ___FILE_ONLY___ entryPoint
2022-05-25 12:17:05,432 INFO     ___FILE_ONLY___ :
2022-05-25 12:17:05,432 INFO     ___FILE_ONLY___  
2022-05-25 12:17:05,433 INFO     ___FILE_ONLY___ entrypoint
2022-05-25 12:17:05,433 INFO     ___FILE_ONLY___ 

2022-05-25 12:17:05,433 INFO     ___FILE_ONLY___ environmentVariables
2022-05-25 12:17:05,433 INFO     ___FILE_ONLY___ :
2022-05-25 12:17:05,433 INFO     ___FILE_ONLY___ 

2022-05-25 12:17:05,433 INFO     ___FILE_ONLY___   
2022-05-25 12:17:05,433 INFO     ___FILE_ONLY___ GATEWAY_BASE
2022-05-25 12:17:05,433 INFO     ___FILE_ONLY___ :
2022-05-25 12:17:05,434 INFO     ___FILE_ONLY___  
2022-05-25 12:17:05,434 INFO     ___FILE_ONLY___ https://story-network-gateway.derp.website
2022-05-25 12:17:05,434 INFO     ___FILE_ONLY___ 

2022-05-25 12:17:05,434 INFO     ___FILE_ONLY___   
2022-05-25 12:17:05,434 INFO     ___FILE_ONLY___ GOOGLE_CLOUD_PROJECT
2022-05-25 12:17:05,434 INFO     ___FILE_ONLY___ :
2022-05-25 12:17:05,434 INFO     ___FILE_ONLY___  
2022-05-25 12:17:05,434 INFO     ___FILE_ONLY___ crowdriff-stories-dev
2022-05-25 12:17:05,434 INFO     ___FILE_ONLY___ 

2022-05-25 12:17:05,434 INFO     ___FILE_ONLY___   
2022-05-25 12:17:05,435 INFO     ___FILE_ONLY___ NODE_ENV
2022-05-25 12:17:05,435 INFO     ___FILE_ONLY___ :
2022-05-25 12:17:05,435 INFO     ___FILE_ONLY___  
2022-05-25 12:17:05,435 INFO     ___FILE_ONLY___ development
2022-05-25 12:17:05,435 INFO     ___FILE_ONLY___ 

2022-05-25 12:17:05,435 INFO     ___FILE_ONLY___   
2022-05-25 12:17:05,435 INFO     ___FILE_ONLY___ NODE_PATH
2022-05-25 12:17:05,435 INFO     ___FILE_ONLY___ :
2022-05-25 12:17:05,435 INFO     ___FILE_ONLY___  
2022-05-25 12:17:05,435 INFO     ___FILE_ONLY___ .
2022-05-25 12:17:05,435 INFO     ___FILE_ONLY___ 

2022-05-25 12:17:05,436 INFO     ___FILE_ONLY___   
2022-05-25 12:17:05,436 INFO     ___FILE_ONLY___ PUB_SUB_TOPIC
2022-05-25 12:17:05,436 INFO     ___FILE_ONLY___ :
2022-05-25 12:17:05,436 INFO     ___FILE_ONLY___  
2022-05-25 12:17:05,436 INFO     ___FILE_ONLY___ stories-es-sync
2022-05-25 12:17:05,436 INFO     ___FILE_ONLY___ 

2022-05-25 12:17:05,436 INFO     ___FILE_ONLY___   
2022-05-25 12:17:05,436 INFO     ___FILE_ONLY___ SERVICE_ACCOUNT
2022-05-25 12:17:05,436 INFO     ___FILE_ONLY___ :
2022-05-25 12:17:05,437 INFO     ___FILE_ONLY___  
2022-05-25 12:17:05,437 INFO     ___FILE_ONLY___ github-actions@crowdriff-stories-dev.iam.gserviceaccount.com
2022-05-25 12:17:05,437 INFO     ___FILE_ONLY___ 

2022-05-25 12:17:05,437 INFO     ___FILE_ONLY___ eventTrigger
2022-05-25 12:17:05,437 INFO     ___FILE_ONLY___ :
2022-05-25 12:17:05,437 INFO     ___FILE_ONLY___ 

2022-05-25 12:17:05,437 INFO     ___FILE_ONLY___   
2022-05-25 12:17:05,438 INFO     ___FILE_ONLY___ eventType
2022-05-25 12:17:05,438 INFO     ___FILE_ONLY___ :
2022-05-25 12:17:05,438 INFO     ___FILE_ONLY___  
2022-05-25 12:17:05,438 INFO     ___FILE_ONLY___ google.pubsub.topic.publish
2022-05-25 12:17:05,438 INFO     ___FILE_ONLY___ 

2022-05-25 12:17:05,438 INFO     ___FILE_ONLY___   
2022-05-25 12:17:05,438 INFO     ___FILE_ONLY___ failurePolicy
2022-05-25 12:17:05,438 INFO     ___FILE_ONLY___ :
2022-05-25 12:17:05,438 INFO     ___FILE_ONLY___  {
2022-05-25 12:17:05,439 INFO     ___FILE_ONLY___ }
2022-05-25 12:17:05,439 INFO     ___FILE_ONLY___ 

2022-05-25 12:17:05,439 INFO     ___FILE_ONLY___   
2022-05-25 12:17:05,439 INFO     ___FILE_ONLY___ resource
2022-05-25 12:17:05,439 INFO     ___FILE_ONLY___ :
2022-05-25 12:17:05,439 INFO     ___FILE_ONLY___  
2022-05-25 12:17:05,439 INFO     ___FILE_ONLY___ projects/crowdriff-stories-dev/topics/stories-es-sync
2022-05-25 12:17:05,439 INFO     ___FILE_ONLY___ 

2022-05-25 12:17:05,439 INFO     ___FILE_ONLY___   
2022-05-25 12:17:05,439 INFO     ___FILE_ONLY___ service
2022-05-25 12:17:05,439 INFO     ___FILE_ONLY___ :
2022-05-25 12:17:05,439 INFO     ___FILE_ONLY___  
2022-05-25 12:17:05,439 INFO     ___FILE_ONLY___ pubsub.googleapis.com
2022-05-25 12:17:05,440 INFO     ___FILE_ONLY___ 

2022-05-25 12:17:05,440 INFO     ___FILE_ONLY___ ingressSettings
2022-05-25 12:17:05,440 INFO     ___FILE_ONLY___ :
2022-05-25 12:17:05,440 INFO     ___FILE_ONLY___  
2022-05-25 12:17:05,440 INFO     ___FILE_ONLY___ ALLOW_ALL
2022-05-25 12:17:05,440 INFO     ___FILE_ONLY___ 

2022-05-25 12:17:05,440 INFO     ___FILE_ONLY___ labels
2022-05-25 12:17:05,440 INFO     ___FILE_ONLY___ :
2022-05-25 12:17:05,440 INFO     ___FILE_ONLY___ 

2022-05-25 12:17:05,440 INFO     ___FILE_ONLY___   
2022-05-25 12:17:05,440 INFO     ___FILE_ONLY___ deployment-tool
2022-05-25 12:17:05,440 INFO     ___FILE_ONLY___ :
2022-05-25 12:17:05,441 INFO     ___FILE_ONLY___  
2022-05-25 12:17:05,441 INFO     ___FILE_ONLY___ cli-gcloud
2022-05-25 12:17:05,441 INFO     ___FILE_ONLY___ 

2022-05-25 12:17:05,441 INFO     ___FILE_ONLY___ name
2022-05-25 12:17:05,441 INFO     ___FILE_ONLY___ :
2022-05-25 12:17:05,441 INFO     ___FILE_ONLY___  
2022-05-25 12:17:05,441 INFO     ___FILE_ONLY___ projects/crowdriff-stories-dev/locations/us-central1/functions/stories-es-sync
2022-05-25 12:17:05,441 INFO     ___FILE_ONLY___ 

2022-05-25 12:17:05,442 INFO     ___FILE_ONLY___ runtime
2022-05-25 12:17:05,442 INFO     ___FILE_ONLY___ :
2022-05-25 12:17:05,442 INFO     ___FILE_ONLY___  
2022-05-25 12:17:05,442 INFO     ___FILE_ONLY___ nodejs14
2022-05-25 12:17:05,442 INFO     ___FILE_ONLY___ 

2022-05-25 12:17:05,442 INFO     ___FILE_ONLY___ serviceAccountEmail
2022-05-25 12:17:05,442 INFO     ___FILE_ONLY___ :
2022-05-25 12:17:05,442 INFO     ___FILE_ONLY___  
2022-05-25 12:17:05,442 INFO     ___FILE_ONLY___ crowdriff-stories-dev@appspot.gserviceaccount.com
2022-05-25 12:17:05,442 INFO     ___FILE_ONLY___ 

2022-05-25 12:17:05,443 INFO     ___FILE_ONLY___ sourceUploadUrl
2022-05-25 12:17:05,443 INFO     ___FILE_ONLY___ :
2022-05-25 12:17:05,443 INFO     ___FILE_ONLY___  
2022-05-25 12:17:05,443 INFO     ___FILE_ONLY___ https://storage.googleapis.com/uploads-556841579775.us-central1.cloudfunctions.appspot.com/5943aae1-e204-4a63-a0b6-f5c8c95f58b9.zip
2022-05-25 12:17:05,443 INFO     ___FILE_ONLY___ 

2022-05-25 12:17:05,443 INFO     ___FILE_ONLY___ status
2022-05-25 12:17:05,444 INFO     ___FILE_ONLY___ :
2022-05-25 12:17:05,444 INFO     ___FILE_ONLY___  
2022-05-25 12:17:05,444 INFO     ___FILE_ONLY___ ACTIVE
2022-05-25 12:17:05,444 INFO     ___FILE_ONLY___ 

2022-05-25 12:17:05,444 INFO     ___FILE_ONLY___ timeout
2022-05-25 12:17:05,444 INFO     ___FILE_ONLY___ :
2022-05-25 12:17:05,444 INFO     ___FILE_ONLY___  
2022-05-25 12:17:05,444 INFO     ___FILE_ONLY___ 540s
2022-05-25 12:17:05,444 INFO     ___FILE_ONLY___ 

2022-05-25 12:17:05,445 INFO     ___FILE_ONLY___ updateTime
2022-05-25 12:17:05,445 INFO     ___FILE_ONLY___ :
2022-05-25 12:17:05,445 INFO     ___FILE_ONLY___  '
2022-05-25 12:17:05,445 INFO     ___FILE_ONLY___ 2022-05-25T16:17:03.493Z
2022-05-25 12:17:05,445 INFO     ___FILE_ONLY___ '
2022-05-25 12:17:05,445 INFO     ___FILE_ONLY___ 

2022-05-25 12:17:05,445 INFO     ___FILE_ONLY___ versionId
2022-05-25 12:17:05,445 INFO     ___FILE_ONLY___ :
2022-05-25 12:17:05,445 INFO     ___FILE_ONLY___  '
2022-05-25 12:17:05,445 INFO     ___FILE_ONLY___ 26
2022-05-25 12:17:05,445 INFO     ___FILE_ONLY___ '
2022-05-25 12:17:05,446 INFO     ___FILE_ONLY___ 

2022-05-25 12:17:05,482 DEBUG    root            Metrics reporting process started...
