2022-05-25 13:34:31,122 DEBUG    root            Loaded Command Group: ['gcloud', 'functions']
2022-05-25 13:34:31,157 DEBUG    root            Loaded Command Group: ['gcloud', 'functions', 'deploy']
2022-05-25 13:34:31,166 DEBUG    root            Running [gcloud.functions.deploy] with arguments: [--entry-point: "entrypoint", --env-vars-file: "{'NODE_ENV': 'development', 'NODE_PATH': '.', 'GATEWAY_BASE': 'https://story-network-gateway.derp.website', 'SERVICE_ACCOUNT': 'github-actions@crowdriff-stories-dev.iam.gserviceaccount.com', 'GOOGLE_CLOUD_PROJECT': 'crowdriff-stories-dev', 'PUB_SUB_TOPIC': 'stories-es-sync'}", --memory: "256Mi", --runtime: "nodejs14", --source: "dist/", --timeout: "540", --trigger-topic: "stories-es-sync", NAME: "stories-es-sync"]
2022-05-25 13:34:31,213 DEBUG    urllib3.connectionpool Starting new HTTPS connection (1): cloudfunctions.googleapis.com:443
2022-05-25 13:34:31,420 DEBUG    urllib3.connectionpool https://cloudfunctions.googleapis.com:443 "GET /v1/projects/crowdriff-stories-dev/locations/us-central1/functions/stories-es-sync?alt=json HTTP/1.1" 200 None
2022-05-25 13:34:31,425 INFO     root            Not using ignore file.
2022-05-25 13:34:31,426 INFO     root            Not using ignore file.
2022-05-25 13:34:31,451 DEBUG    urllib3.connectionpool Starting new HTTPS connection (1): cloudfunctions.googleapis.com:443
2022-05-25 13:34:32,017 DEBUG    urllib3.connectionpool https://cloudfunctions.googleapis.com:443 "POST /v1/projects/crowdriff-stories-dev/locations/us-central1/functions:generateUploadUrl?alt=json HTTP/1.1" 200 None
2022-05-25 13:34:32,056 DEBUG    urllib3.connectionpool Starting new HTTPS connection (1): storage.googleapis.com:443
2022-05-25 13:34:32,311 DEBUG    urllib3.connectionpool https://storage.googleapis.com:443 "PUT /uploads-556841579775.us-central1.cloudfunctions.appspot.com/0fdf6834-c4e6-4ff8-a327-f41b5d75e385.zip?GoogleAccessId=service-31098141265%40gcf-admin-robot.iam.gserviceaccount.com&Expires=1653501871&Signature=zPC4k7c9UFIqLle9IXIERnvS2PAF9XSvNqdG9X4Ura6iAGx5p3FYYhghu21aY6HoXTbIkEhgzmNZpCdPKi8e%2FYTAi8ktiTMC%2BIRRDZBRhiLwAVQ9PuwJ0qpkbwcS91jD2Fr6c6lM6dqgURJExvFvQVopkCsVD2B1w2Q9pNDm3gf2SPCVW32xF05R1Ja0FHUe3rsqXcG96Xm7a7uW7ninwvpT6VR4FIGwUHcy%2Bfeym6rchtwk7k4YVQDL%2FaNv7AbkySgzQtFp%2B2zlB5K05JDplU29zZ2nlup3FH3ISdS2Ve4dcJN6lDx63elp2PnqYi9y1E4fVbTq1zFw%2FvF8VbB0Jw%3D%3D HTTP/1.1" 200 0
2022-05-25 13:34:32,335 DEBUG    urllib3.connectionpool Starting new HTTPS connection (1): cloudfunctions.googleapis.com:443
2022-05-25 13:34:32,789 DEBUG    urllib3.connectionpool https://cloudfunctions.googleapis.com:443 "PATCH /v1/projects/crowdriff-stories-dev/locations/us-central1/functions/stories-es-sync?alt=json&updateMask=availableMemoryMb%2CentryPoint%2CeventTrigger%2ChttpsTrigger%2Cruntime%2CsourceUploadUrl%2Ctimeout HTTP/1.1" 200 None
2022-05-25 13:34:32,800 INFO     ___FILE_ONLY___ Deploying function (may take a while - up to 2 minutes)...
2022-05-25 13:34:32,809 DEBUG    urllib3.connectionpool Starting new HTTPS connection (1): cloudfunctions.googleapis.com:443
2022-05-25 13:34:33,027 DEBUG    urllib3.connectionpool https://cloudfunctions.googleapis.com:443 "GET /v1/operations/Y3Jvd2RyaWZmLXN0b3JpZXMtZGV2L3VzLWNlbnRyYWwxL3N0b3JpZXMtZXMtc3luYy9fWXZVdzlQUkpjTQ?alt=json HTTP/1.1" 200 None
2022-05-25 13:34:34,613 DEBUG    urllib3.connectionpool https://cloudfunctions.googleapis.com:443 "GET /v1/operations/Y3Jvd2RyaWZmLXN0b3JpZXMtZGV2L3VzLWNlbnRyYWwxL3N0b3JpZXMtZXMtc3luYy9fWXZVdzlQUkpjTQ?alt=json HTTP/1.1" 200 None
2022-05-25 13:34:34,625 INFO     ___FILE_ONLY___ 
For Cloud Build Logs, visit: https://console.cloud.google.com/cloud-build/builds;region=us-central1/9c1b4890-6630-401b-b0a3-e1bb95f4fa42?project=31098141265

2022-05-25 13:34:36,496 DEBUG    urllib3.connectionpool https://cloudfunctions.googleapis.com:443 "GET /v1/operations/Y3Jvd2RyaWZmLXN0b3JpZXMtZGV2L3VzLWNlbnRyYWwxL3N0b3JpZXMtZXMtc3luYy9fWXZVdzlQUkpjTQ?alt=json HTTP/1.1" 200 None
2022-05-25 13:34:37,710 DEBUG    urllib3.connectionpool https://cloudfunctions.googleapis.com:443 "GET /v1/operations/Y3Jvd2RyaWZmLXN0b3JpZXMtZGV2L3VzLWNlbnRyYWwxL3N0b3JpZXMtZXMtc3luYy9fWXZVdzlQUkpjTQ?alt=json HTTP/1.1" 200 None
2022-05-25 13:34:38,940 DEBUG    urllib3.connectionpool https://cloudfunctions.googleapis.com:443 "GET /v1/operations/Y3Jvd2RyaWZmLXN0b3JpZXMtZGV2L3VzLWNlbnRyYWwxL3N0b3JpZXMtZXMtc3luYy9fWXZVdzlQUkpjTQ?alt=json HTTP/1.1" 200 None
2022-05-25 13:34:40,339 DEBUG    urllib3.connectionpool https://cloudfunctions.googleapis.com:443 "GET /v1/operations/Y3Jvd2RyaWZmLXN0b3JpZXMtZGV2L3VzLWNlbnRyYWwxL3N0b3JpZXMtZXMtc3luYy9fWXZVdzlQUkpjTQ?alt=json HTTP/1.1" 200 None
2022-05-25 13:34:42,354 DEBUG    urllib3.connectionpool https://cloudfunctions.googleapis.com:443 "GET /v1/operations/Y3Jvd2RyaWZmLXN0b3JpZXMtZGV2L3VzLWNlbnRyYWwxL3N0b3JpZXMtZXMtc3luYy9fWXZVdzlQUkpjTQ?alt=json HTTP/1.1" 200 None
2022-05-25 13:34:43,745 DEBUG    urllib3.connectionpool https://cloudfunctions.googleapis.com:443 "GET /v1/operations/Y3Jvd2RyaWZmLXN0b3JpZXMtZGV2L3VzLWNlbnRyYWwxL3N0b3JpZXMtZXMtc3luYy9fWXZVdzlQUkpjTQ?alt=json HTTP/1.1" 200 None
2022-05-25 13:34:45,724 DEBUG    urllib3.connectionpool https://cloudfunctions.googleapis.com:443 "GET /v1/operations/Y3Jvd2RyaWZmLXN0b3JpZXMtZGV2L3VzLWNlbnRyYWwxL3N0b3JpZXMtZXMtc3luYy9fWXZVdzlQUkpjTQ?alt=json HTTP/1.1" 200 None
2022-05-25 13:34:47,178 DEBUG    urllib3.connectionpool https://cloudfunctions.googleapis.com:443 "GET /v1/operations/Y3Jvd2RyaWZmLXN0b3JpZXMtZGV2L3VzLWNlbnRyYWwxL3N0b3JpZXMtZXMtc3luYy9fWXZVdzlQUkpjTQ?alt=json HTTP/1.1" 200 None
2022-05-25 13:34:49,036 DEBUG    urllib3.connectionpool https://cloudfunctions.googleapis.com:443 "GET /v1/operations/Y3Jvd2RyaWZmLXN0b3JpZXMtZGV2L3VzLWNlbnRyYWwxL3N0b3JpZXMtZXMtc3luYy9fWXZVdzlQUkpjTQ?alt=json HTTP/1.1" 200 None
2022-05-25 13:34:50,304 DEBUG    urllib3.connectionpool https://cloudfunctions.googleapis.com:443 "GET /v1/operations/Y3Jvd2RyaWZmLXN0b3JpZXMtZGV2L3VzLWNlbnRyYWwxL3N0b3JpZXMtZXMtc3luYy9fWXZVdzlQUkpjTQ?alt=json HTTP/1.1" 200 None
2022-05-25 13:34:51,787 DEBUG    urllib3.connectionpool https://cloudfunctions.googleapis.com:443 "GET /v1/operations/Y3Jvd2RyaWZmLXN0b3JpZXMtZGV2L3VzLWNlbnRyYWwxL3N0b3JpZXMtZXMtc3luYy9fWXZVdzlQUkpjTQ?alt=json HTTP/1.1" 200 None
2022-05-25 13:34:53,611 DEBUG    urllib3.connectionpool https://cloudfunctions.googleapis.com:443 "GET /v1/operations/Y3Jvd2RyaWZmLXN0b3JpZXMtZGV2L3VzLWNlbnRyYWwxL3N0b3JpZXMtZXMtc3luYy9fWXZVdzlQUkpjTQ?alt=json HTTP/1.1" 200 None
2022-05-25 13:34:54,901 DEBUG    urllib3.connectionpool https://cloudfunctions.googleapis.com:443 "GET /v1/operations/Y3Jvd2RyaWZmLXN0b3JpZXMtZGV2L3VzLWNlbnRyYWwxL3N0b3JpZXMtZXMtc3luYy9fWXZVdzlQUkpjTQ?alt=json HTTP/1.1" 200 None
2022-05-25 13:34:56,365 DEBUG    urllib3.connectionpool https://cloudfunctions.googleapis.com:443 "GET /v1/operations/Y3Jvd2RyaWZmLXN0b3JpZXMtZGV2L3VzLWNlbnRyYWwxL3N0b3JpZXMtZXMtc3luYy9fWXZVdzlQUkpjTQ?alt=json HTTP/1.1" 200 None
2022-05-25 13:34:57,935 DEBUG    urllib3.connectionpool https://cloudfunctions.googleapis.com:443 "GET /v1/operations/Y3Jvd2RyaWZmLXN0b3JpZXMtZGV2L3VzLWNlbnRyYWwxL3N0b3JpZXMtZXMtc3luYy9fWXZVdzlQUkpjTQ?alt=json HTTP/1.1" 200 None
2022-05-25 13:34:59,965 DEBUG    urllib3.connectionpool https://cloudfunctions.googleapis.com:443 "GET /v1/operations/Y3Jvd2RyaWZmLXN0b3JpZXMtZGV2L3VzLWNlbnRyYWwxL3N0b3JpZXMtZXMtc3luYy9fWXZVdzlQUkpjTQ?alt=json HTTP/1.1" 200 None
2022-05-25 13:35:01,639 DEBUG    urllib3.connectionpool https://cloudfunctions.googleapis.com:443 "GET /v1/operations/Y3Jvd2RyaWZmLXN0b3JpZXMtZGV2L3VzLWNlbnRyYWwxL3N0b3JpZXMtZXMtc3luYy9fWXZVdzlQUkpjTQ?alt=json HTTP/1.1" 200 None
2022-05-25 13:35:03,319 DEBUG    urllib3.connectionpool https://cloudfunctions.googleapis.com:443 "GET /v1/operations/Y3Jvd2RyaWZmLXN0b3JpZXMtZGV2L3VzLWNlbnRyYWwxL3N0b3JpZXMtZXMtc3luYy9fWXZVdzlQUkpjTQ?alt=json HTTP/1.1" 200 None
2022-05-25 13:35:04,835 DEBUG    urllib3.connectionpool https://cloudfunctions.googleapis.com:443 "GET /v1/operations/Y3Jvd2RyaWZmLXN0b3JpZXMtZGV2L3VzLWNlbnRyYWwxL3N0b3JpZXMtZXMtc3luYy9fWXZVdzlQUkpjTQ?alt=json HTTP/1.1" 200 None
2022-05-25 13:35:06,360 DEBUG    urllib3.connectionpool https://cloudfunctions.googleapis.com:443 "GET /v1/operations/Y3Jvd2RyaWZmLXN0b3JpZXMtZGV2L3VzLWNlbnRyYWwxL3N0b3JpZXMtZXMtc3luYy9fWXZVdzlQUkpjTQ?alt=json HTTP/1.1" 200 None
2022-05-25 13:35:07,790 DEBUG    urllib3.connectionpool https://cloudfunctions.googleapis.com:443 "GET /v1/operations/Y3Jvd2RyaWZmLXN0b3JpZXMtZGV2L3VzLWNlbnRyYWwxL3N0b3JpZXMtZXMtc3luYy9fWXZVdzlQUkpjTQ?alt=json HTTP/1.1" 200 None
2022-05-25 13:35:09,103 DEBUG    urllib3.connectionpool https://cloudfunctions.googleapis.com:443 "GET /v1/operations/Y3Jvd2RyaWZmLXN0b3JpZXMtZGV2L3VzLWNlbnRyYWwxL3N0b3JpZXMtZXMtc3luYy9fWXZVdzlQUkpjTQ?alt=json HTTP/1.1" 200 None
2022-05-25 13:35:11,171 DEBUG    urllib3.connectionpool https://cloudfunctions.googleapis.com:443 "GET /v1/operations/Y3Jvd2RyaWZmLXN0b3JpZXMtZGV2L3VzLWNlbnRyYWwxL3N0b3JpZXMtZXMtc3luYy9fWXZVdzlQUkpjTQ?alt=json HTTP/1.1" 200 None
2022-05-25 13:35:13,250 DEBUG    urllib3.connectionpool https://cloudfunctions.googleapis.com:443 "GET /v1/operations/Y3Jvd2RyaWZmLXN0b3JpZXMtZGV2L3VzLWNlbnRyYWwxL3N0b3JpZXMtZXMtc3luYy9fWXZVdzlQUkpjTQ?alt=json HTTP/1.1" 200 None
2022-05-25 13:35:15,185 DEBUG    urllib3.connectionpool https://cloudfunctions.googleapis.com:443 "GET /v1/operations/Y3Jvd2RyaWZmLXN0b3JpZXMtZGV2L3VzLWNlbnRyYWwxL3N0b3JpZXMtZXMtc3luYy9fWXZVdzlQUkpjTQ?alt=json HTTP/1.1" 200 None
2022-05-25 13:35:17,172 DEBUG    urllib3.connectionpool https://cloudfunctions.googleapis.com:443 "GET /v1/operations/Y3Jvd2RyaWZmLXN0b3JpZXMtZGV2L3VzLWNlbnRyYWwxL3N0b3JpZXMtZXMtc3luYy9fWXZVdzlQUkpjTQ?alt=json HTTP/1.1" 200 None
2022-05-25 13:35:18,772 DEBUG    urllib3.connectionpool https://cloudfunctions.googleapis.com:443 "GET /v1/operations/Y3Jvd2RyaWZmLXN0b3JpZXMtZGV2L3VzLWNlbnRyYWwxL3N0b3JpZXMtZXMtc3luYy9fWXZVdzlQUkpjTQ?alt=json HTTP/1.1" 200 None
2022-05-25 13:35:19,996 DEBUG    urllib3.connectionpool https://cloudfunctions.googleapis.com:443 "GET /v1/operations/Y3Jvd2RyaWZmLXN0b3JpZXMtZGV2L3VzLWNlbnRyYWwxL3N0b3JpZXMtZXMtc3luYy9fWXZVdzlQUkpjTQ?alt=json HTTP/1.1" 200 None
2022-05-25 13:35:21,980 DEBUG    urllib3.connectionpool https://cloudfunctions.googleapis.com:443 "GET /v1/operations/Y3Jvd2RyaWZmLXN0b3JpZXMtZGV2L3VzLWNlbnRyYWwxL3N0b3JpZXMtZXMtc3luYy9fWXZVdzlQUkpjTQ?alt=json HTTP/1.1" 200 None
2022-05-25 13:35:23,147 DEBUG    urllib3.connectionpool https://cloudfunctions.googleapis.com:443 "GET /v1/operations/Y3Jvd2RyaWZmLXN0b3JpZXMtZGV2L3VzLWNlbnRyYWwxL3N0b3JpZXMtZXMtc3luYy9fWXZVdzlQUkpjTQ?alt=json HTTP/1.1" 200 None
2022-05-25 13:35:25,128 DEBUG    urllib3.connectionpool https://cloudfunctions.googleapis.com:443 "GET /v1/operations/Y3Jvd2RyaWZmLXN0b3JpZXMtZGV2L3VzLWNlbnRyYWwxL3N0b3JpZXMtZXMtc3luYy9fWXZVdzlQUkpjTQ?alt=json HTTP/1.1" 200 None
2022-05-25 13:35:26,757 DEBUG    urllib3.connectionpool https://cloudfunctions.googleapis.com:443 "GET /v1/operations/Y3Jvd2RyaWZmLXN0b3JpZXMtZGV2L3VzLWNlbnRyYWwxL3N0b3JpZXMtZXMtc3luYy9fWXZVdzlQUkpjTQ?alt=json HTTP/1.1" 200 None
2022-05-25 13:35:28,373 DEBUG    urllib3.connectionpool https://cloudfunctions.googleapis.com:443 "GET /v1/operations/Y3Jvd2RyaWZmLXN0b3JpZXMtZGV2L3VzLWNlbnRyYWwxL3N0b3JpZXMtZXMtc3luYy9fWXZVdzlQUkpjTQ?alt=json HTTP/1.1" 200 None
2022-05-25 13:35:29,520 DEBUG    urllib3.connectionpool https://cloudfunctions.googleapis.com:443 "GET /v1/operations/Y3Jvd2RyaWZmLXN0b3JpZXMtZGV2L3VzLWNlbnRyYWwxL3N0b3JpZXMtZXMtc3luYy9fWXZVdzlQUkpjTQ?alt=json HTTP/1.1" 200 None
2022-05-25 13:35:31,602 DEBUG    urllib3.connectionpool https://cloudfunctions.googleapis.com:443 "GET /v1/operations/Y3Jvd2RyaWZmLXN0b3JpZXMtZGV2L3VzLWNlbnRyYWwxL3N0b3JpZXMtZXMtc3luYy9fWXZVdzlQUkpjTQ?alt=json HTTP/1.1" 200 None
2022-05-25 13:35:33,487 DEBUG    urllib3.connectionpool https://cloudfunctions.googleapis.com:443 "GET /v1/operations/Y3Jvd2RyaWZmLXN0b3JpZXMtZGV2L3VzLWNlbnRyYWwxL3N0b3JpZXMtZXMtc3luYy9fWXZVdzlQUkpjTQ?alt=json HTTP/1.1" 200 None
2022-05-25 13:35:35,595 DEBUG    urllib3.connectionpool https://cloudfunctions.googleapis.com:443 "GET /v1/operations/Y3Jvd2RyaWZmLXN0b3JpZXMtZGV2L3VzLWNlbnRyYWwxL3N0b3JpZXMtZXMtc3luYy9fWXZVdzlQUkpjTQ?alt=json HTTP/1.1" 200 None
2022-05-25 13:35:37,496 DEBUG    urllib3.connectionpool https://cloudfunctions.googleapis.com:443 "GET /v1/operations/Y3Jvd2RyaWZmLXN0b3JpZXMtZGV2L3VzLWNlbnRyYWwxL3N0b3JpZXMtZXMtc3luYy9fWXZVdzlQUkpjTQ?alt=json HTTP/1.1" 200 None
2022-05-25 13:35:39,574 DEBUG    urllib3.connectionpool https://cloudfunctions.googleapis.com:443 "GET /v1/operations/Y3Jvd2RyaWZmLXN0b3JpZXMtZGV2L3VzLWNlbnRyYWwxL3N0b3JpZXMtZXMtc3luYy9fWXZVdzlQUkpjTQ?alt=json HTTP/1.1" 200 None
2022-05-25 13:35:41,234 DEBUG    urllib3.connectionpool https://cloudfunctions.googleapis.com:443 "GET /v1/operations/Y3Jvd2RyaWZmLXN0b3JpZXMtZGV2L3VzLWNlbnRyYWwxL3N0b3JpZXMtZXMtc3luYy9fWXZVdzlQUkpjTQ?alt=json HTTP/1.1" 200 None
2022-05-25 13:35:43,057 DEBUG    urllib3.connectionpool https://cloudfunctions.googleapis.com:443 "GET /v1/operations/Y3Jvd2RyaWZmLXN0b3JpZXMtZGV2L3VzLWNlbnRyYWwxL3N0b3JpZXMtZXMtc3luYy9fWXZVdzlQUkpjTQ?alt=json HTTP/1.1" 200 None
2022-05-25 13:35:44,434 DEBUG    urllib3.connectionpool https://cloudfunctions.googleapis.com:443 "GET /v1/operations/Y3Jvd2RyaWZmLXN0b3JpZXMtZGV2L3VzLWNlbnRyYWwxL3N0b3JpZXMtZXMtc3luYy9fWXZVdzlQUkpjTQ?alt=json HTTP/1.1" 200 None
2022-05-25 13:35:46,318 DEBUG    urllib3.connectionpool https://cloudfunctions.googleapis.com:443 "GET /v1/operations/Y3Jvd2RyaWZmLXN0b3JpZXMtZGV2L3VzLWNlbnRyYWwxL3N0b3JpZXMtZXMtc3luYy9fWXZVdzlQUkpjTQ?alt=json HTTP/1.1" 200 None
2022-05-25 13:35:47,859 DEBUG    urllib3.connectionpool https://cloudfunctions.googleapis.com:443 "GET /v1/operations/Y3Jvd2RyaWZmLXN0b3JpZXMtZGV2L3VzLWNlbnRyYWwxL3N0b3JpZXMtZXMtc3luYy9fWXZVdzlQUkpjTQ?alt=json HTTP/1.1" 200 None
2022-05-25 13:35:49,152 DEBUG    urllib3.connectionpool https://cloudfunctions.googleapis.com:443 "GET /v1/operations/Y3Jvd2RyaWZmLXN0b3JpZXMtZGV2L3VzLWNlbnRyYWwxL3N0b3JpZXMtZXMtc3luYy9fWXZVdzlQUkpjTQ?alt=json HTTP/1.1" 200 None
2022-05-25 13:35:51,027 DEBUG    urllib3.connectionpool https://cloudfunctions.googleapis.com:443 "GET /v1/operations/Y3Jvd2RyaWZmLXN0b3JpZXMtZGV2L3VzLWNlbnRyYWwxL3N0b3JpZXMtZXMtc3luYy9fWXZVdzlQUkpjTQ?alt=json HTTP/1.1" 200 None
2022-05-25 13:35:52,768 DEBUG    urllib3.connectionpool https://cloudfunctions.googleapis.com:443 "GET /v1/operations/Y3Jvd2RyaWZmLXN0b3JpZXMtZGV2L3VzLWNlbnRyYWwxL3N0b3JpZXMtZXMtc3luYy9fWXZVdzlQUkpjTQ?alt=json HTTP/1.1" 200 None
2022-05-25 13:35:54,687 DEBUG    urllib3.connectionpool https://cloudfunctions.googleapis.com:443 "GET /v1/operations/Y3Jvd2RyaWZmLXN0b3JpZXMtZGV2L3VzLWNlbnRyYWwxL3N0b3JpZXMtZXMtc3luYy9fWXZVdzlQUkpjTQ?alt=json HTTP/1.1" 200 None
2022-05-25 13:35:56,243 DEBUG    urllib3.connectionpool https://cloudfunctions.googleapis.com:443 "GET /v1/operations/Y3Jvd2RyaWZmLXN0b3JpZXMtZGV2L3VzLWNlbnRyYWwxL3N0b3JpZXMtZXMtc3luYy9fWXZVdzlQUkpjTQ?alt=json HTTP/1.1" 200 None
2022-05-25 13:35:58,117 DEBUG    urllib3.connectionpool https://cloudfunctions.googleapis.com:443 "GET /v1/operations/Y3Jvd2RyaWZmLXN0b3JpZXMtZGV2L3VzLWNlbnRyYWwxL3N0b3JpZXMtZXMtc3luYy9fWXZVdzlQUkpjTQ?alt=json HTTP/1.1" 200 None
2022-05-25 13:35:59,929 DEBUG    urllib3.connectionpool https://cloudfunctions.googleapis.com:443 "GET /v1/operations/Y3Jvd2RyaWZmLXN0b3JpZXMtZGV2L3VzLWNlbnRyYWwxL3N0b3JpZXMtZXMtc3luYy9fWXZVdzlQUkpjTQ?alt=json HTTP/1.1" 200 None
2022-05-25 13:36:01,651 DEBUG    urllib3.connectionpool https://cloudfunctions.googleapis.com:443 "GET /v1/operations/Y3Jvd2RyaWZmLXN0b3JpZXMtZGV2L3VzLWNlbnRyYWwxL3N0b3JpZXMtZXMtc3luYy9fWXZVdzlQUkpjTQ?alt=json HTTP/1.1" 200 None
2022-05-25 13:36:03,246 DEBUG    urllib3.connectionpool https://cloudfunctions.googleapis.com:443 "GET /v1/operations/Y3Jvd2RyaWZmLXN0b3JpZXMtZGV2L3VzLWNlbnRyYWwxL3N0b3JpZXMtZXMtc3luYy9fWXZVdzlQUkpjTQ?alt=json HTTP/1.1" 200 None
2022-05-25 13:36:05,179 DEBUG    urllib3.connectionpool https://cloudfunctions.googleapis.com:443 "GET /v1/operations/Y3Jvd2RyaWZmLXN0b3JpZXMtZGV2L3VzLWNlbnRyYWwxL3N0b3JpZXMtZXMtc3luYy9fWXZVdzlQUkpjTQ?alt=json HTTP/1.1" 200 None
2022-05-25 13:36:07,154 DEBUG    urllib3.connectionpool https://cloudfunctions.googleapis.com:443 "GET /v1/operations/Y3Jvd2RyaWZmLXN0b3JpZXMtZGV2L3VzLWNlbnRyYWwxL3N0b3JpZXMtZXMtc3luYy9fWXZVdzlQUkpjTQ?alt=json HTTP/1.1" 200 None
2022-05-25 13:36:08,491 DEBUG    urllib3.connectionpool https://cloudfunctions.googleapis.com:443 "GET /v1/operations/Y3Jvd2RyaWZmLXN0b3JpZXMtZGV2L3VzLWNlbnRyYWwxL3N0b3JpZXMtZXMtc3luYy9fWXZVdzlQUkpjTQ?alt=json HTTP/1.1" 200 None
2022-05-25 13:36:10,098 DEBUG    urllib3.connectionpool https://cloudfunctions.googleapis.com:443 "GET /v1/operations/Y3Jvd2RyaWZmLXN0b3JpZXMtZGV2L3VzLWNlbnRyYWwxL3N0b3JpZXMtZXMtc3luYy9fWXZVdzlQUkpjTQ?alt=json HTTP/1.1" 200 None
2022-05-25 13:36:11,301 DEBUG    urllib3.connectionpool https://cloudfunctions.googleapis.com:443 "GET /v1/operations/Y3Jvd2RyaWZmLXN0b3JpZXMtZGV2L3VzLWNlbnRyYWwxL3N0b3JpZXMtZXMtc3luYy9fWXZVdzlQUkpjTQ?alt=json HTTP/1.1" 200 None
2022-05-25 13:36:13,446 DEBUG    urllib3.connectionpool https://cloudfunctions.googleapis.com:443 "GET /v1/operations/Y3Jvd2RyaWZmLXN0b3JpZXMtZGV2L3VzLWNlbnRyYWwxL3N0b3JpZXMtZXMtc3luYy9fWXZVdzlQUkpjTQ?alt=json HTTP/1.1" 200 None
2022-05-25 13:36:14,618 DEBUG    urllib3.connectionpool https://cloudfunctions.googleapis.com:443 "GET /v1/operations/Y3Jvd2RyaWZmLXN0b3JpZXMtZGV2L3VzLWNlbnRyYWwxL3N0b3JpZXMtZXMtc3luYy9fWXZVdzlQUkpjTQ?alt=json HTTP/1.1" 200 None
2022-05-25 13:36:16,382 DEBUG    urllib3.connectionpool https://cloudfunctions.googleapis.com:443 "GET /v1/operations/Y3Jvd2RyaWZmLXN0b3JpZXMtZGV2L3VzLWNlbnRyYWwxL3N0b3JpZXMtZXMtc3luYy9fWXZVdzlQUkpjTQ?alt=json HTTP/1.1" 200 None
2022-05-25 13:36:18,359 DEBUG    urllib3.connectionpool https://cloudfunctions.googleapis.com:443 "GET /v1/operations/Y3Jvd2RyaWZmLXN0b3JpZXMtZGV2L3VzLWNlbnRyYWwxL3N0b3JpZXMtZXMtc3luYy9fWXZVdzlQUkpjTQ?alt=json HTTP/1.1" 200 None
2022-05-25 13:36:19,735 DEBUG    urllib3.connectionpool https://cloudfunctions.googleapis.com:443 "GET /v1/operations/Y3Jvd2RyaWZmLXN0b3JpZXMtZGV2L3VzLWNlbnRyYWwxL3N0b3JpZXMtZXMtc3luYy9fWXZVdzlQUkpjTQ?alt=json HTTP/1.1" 200 None
2022-05-25 13:36:20,936 DEBUG    urllib3.connectionpool https://cloudfunctions.googleapis.com:443 "GET /v1/operations/Y3Jvd2RyaWZmLXN0b3JpZXMtZGV2L3VzLWNlbnRyYWwxL3N0b3JpZXMtZXMtc3luYy9fWXZVdzlQUkpjTQ?alt=json HTTP/1.1" 200 None
2022-05-25 13:36:22,495 DEBUG    urllib3.connectionpool https://cloudfunctions.googleapis.com:443 "GET /v1/operations/Y3Jvd2RyaWZmLXN0b3JpZXMtZGV2L3VzLWNlbnRyYWwxL3N0b3JpZXMtZXMtc3luYy9fWXZVdzlQUkpjTQ?alt=json HTTP/1.1" 200 None
2022-05-25 13:36:24,155 DEBUG    urllib3.connectionpool https://cloudfunctions.googleapis.com:443 "GET /v1/operations/Y3Jvd2RyaWZmLXN0b3JpZXMtZGV2L3VzLWNlbnRyYWwxL3N0b3JpZXMtZXMtc3luYy9fWXZVdzlQUkpjTQ?alt=json HTTP/1.1" 200 None
2022-05-25 13:36:26,067 DEBUG    urllib3.connectionpool https://cloudfunctions.googleapis.com:443 "GET /v1/operations/Y3Jvd2RyaWZmLXN0b3JpZXMtZGV2L3VzLWNlbnRyYWwxL3N0b3JpZXMtZXMtc3luYy9fWXZVdzlQUkpjTQ?alt=json HTTP/1.1" 200 None
2022-05-25 13:36:27,809 DEBUG    urllib3.connectionpool https://cloudfunctions.googleapis.com:443 "GET /v1/operations/Y3Jvd2RyaWZmLXN0b3JpZXMtZGV2L3VzLWNlbnRyYWwxL3N0b3JpZXMtZXMtc3luYy9fWXZVdzlQUkpjTQ?alt=json HTTP/1.1" 200 None
2022-05-25 13:36:29,626 DEBUG    urllib3.connectionpool https://cloudfunctions.googleapis.com:443 "GET /v1/operations/Y3Jvd2RyaWZmLXN0b3JpZXMtZGV2L3VzLWNlbnRyYWwxL3N0b3JpZXMtZXMtc3luYy9fWXZVdzlQUkpjTQ?alt=json HTTP/1.1" 200 None
2022-05-25 13:36:30,942 DEBUG    urllib3.connectionpool https://cloudfunctions.googleapis.com:443 "GET /v1/operations/Y3Jvd2RyaWZmLXN0b3JpZXMtZGV2L3VzLWNlbnRyYWwxL3N0b3JpZXMtZXMtc3luYy9fWXZVdzlQUkpjTQ?alt=json HTTP/1.1" 200 None
2022-05-25 13:36:33,043 DEBUG    urllib3.connectionpool https://cloudfunctions.googleapis.com:443 "GET /v1/operations/Y3Jvd2RyaWZmLXN0b3JpZXMtZGV2L3VzLWNlbnRyYWwxL3N0b3JpZXMtZXMtc3luYy9fWXZVdzlQUkpjTQ?alt=json HTTP/1.1" 200 None
2022-05-25 13:36:34,682 DEBUG    urllib3.connectionpool https://cloudfunctions.googleapis.com:443 "GET /v1/operations/Y3Jvd2RyaWZmLXN0b3JpZXMtZGV2L3VzLWNlbnRyYWwxL3N0b3JpZXMtZXMtc3luYy9fWXZVdzlQUkpjTQ?alt=json HTTP/1.1" 200 None
2022-05-25 13:36:36,383 DEBUG    urllib3.connectionpool https://cloudfunctions.googleapis.com:443 "GET /v1/operations/Y3Jvd2RyaWZmLXN0b3JpZXMtZGV2L3VzLWNlbnRyYWwxL3N0b3JpZXMtZXMtc3luYy9fWXZVdzlQUkpjTQ?alt=json HTTP/1.1" 200 None
2022-05-25 13:36:38,500 DEBUG    urllib3.connectionpool https://cloudfunctions.googleapis.com:443 "GET /v1/operations/Y3Jvd2RyaWZmLXN0b3JpZXMtZGV2L3VzLWNlbnRyYWwxL3N0b3JpZXMtZXMtc3luYy9fWXZVdzlQUkpjTQ?alt=json HTTP/1.1" 200 None
2022-05-25 13:36:39,813 DEBUG    urllib3.connectionpool https://cloudfunctions.googleapis.com:443 "GET /v1/operations/Y3Jvd2RyaWZmLXN0b3JpZXMtZGV2L3VzLWNlbnRyYWwxL3N0b3JpZXMtZXMtc3luYy9fWXZVdzlQUkpjTQ?alt=json HTTP/1.1" 200 None
2022-05-25 13:36:41,912 DEBUG    urllib3.connectionpool https://cloudfunctions.googleapis.com:443 "GET /v1/operations/Y3Jvd2RyaWZmLXN0b3JpZXMtZGV2L3VzLWNlbnRyYWwxL3N0b3JpZXMtZXMtc3luYy9fWXZVdzlQUkpjTQ?alt=json HTTP/1.1" 200 None
2022-05-25 13:36:43,927 DEBUG    urllib3.connectionpool https://cloudfunctions.googleapis.com:443 "GET /v1/operations/Y3Jvd2RyaWZmLXN0b3JpZXMtZGV2L3VzLWNlbnRyYWwxL3N0b3JpZXMtZXMtc3luYy9fWXZVdzlQUkpjTQ?alt=json HTTP/1.1" 200 None
2022-05-25 13:36:45,386 DEBUG    urllib3.connectionpool https://cloudfunctions.googleapis.com:443 "GET /v1/operations/Y3Jvd2RyaWZmLXN0b3JpZXMtZGV2L3VzLWNlbnRyYWwxL3N0b3JpZXMtZXMtc3luYy9fWXZVdzlQUkpjTQ?alt=json HTTP/1.1" 200 None
2022-05-25 13:36:46,571 DEBUG    urllib3.connectionpool https://cloudfunctions.googleapis.com:443 "GET /v1/operations/Y3Jvd2RyaWZmLXN0b3JpZXMtZGV2L3VzLWNlbnRyYWwxL3N0b3JpZXMtZXMtc3luYy9fWXZVdzlQUkpjTQ?alt=json HTTP/1.1" 200 None
2022-05-25 13:36:47,771 DEBUG    urllib3.connectionpool https://cloudfunctions.googleapis.com:443 "GET /v1/operations/Y3Jvd2RyaWZmLXN0b3JpZXMtZGV2L3VzLWNlbnRyYWwxL3N0b3JpZXMtZXMtc3luYy9fWXZVdzlQUkpjTQ?alt=json HTTP/1.1" 200 None
2022-05-25 13:36:49,292 DEBUG    urllib3.connectionpool https://cloudfunctions.googleapis.com:443 "GET /v1/operations/Y3Jvd2RyaWZmLXN0b3JpZXMtZGV2L3VzLWNlbnRyYWwxL3N0b3JpZXMtZXMtc3luYy9fWXZVdzlQUkpjTQ?alt=json HTTP/1.1" 200 None
2022-05-25 13:36:50,519 DEBUG    urllib3.connectionpool https://cloudfunctions.googleapis.com:443 "GET /v1/operations/Y3Jvd2RyaWZmLXN0b3JpZXMtZGV2L3VzLWNlbnRyYWwxL3N0b3JpZXMtZXMtc3luYy9fWXZVdzlQUkpjTQ?alt=json HTTP/1.1" 200 None
2022-05-25 13:36:52,197 DEBUG    urllib3.connectionpool https://cloudfunctions.googleapis.com:443 "GET /v1/operations/Y3Jvd2RyaWZmLXN0b3JpZXMtZGV2L3VzLWNlbnRyYWwxL3N0b3JpZXMtZXMtc3luYy9fWXZVdzlQUkpjTQ?alt=json HTTP/1.1" 200 None
2022-05-25 13:36:53,628 DEBUG    urllib3.connectionpool https://cloudfunctions.googleapis.com:443 "GET /v1/operations/Y3Jvd2RyaWZmLXN0b3JpZXMtZGV2L3VzLWNlbnRyYWwxL3N0b3JpZXMtZXMtc3luYy9fWXZVdzlQUkpjTQ?alt=json HTTP/1.1" 200 None
2022-05-25 13:36:55,647 DEBUG    urllib3.connectionpool https://cloudfunctions.googleapis.com:443 "GET /v1/operations/Y3Jvd2RyaWZmLXN0b3JpZXMtZGV2L3VzLWNlbnRyYWwxL3N0b3JpZXMtZXMtc3luYy9fWXZVdzlQUkpjTQ?alt=json HTTP/1.1" 200 None
2022-05-25 13:36:56,909 DEBUG    urllib3.connectionpool https://cloudfunctions.googleapis.com:443 "GET /v1/operations/Y3Jvd2RyaWZmLXN0b3JpZXMtZGV2L3VzLWNlbnRyYWwxL3N0b3JpZXMtZXMtc3luYy9fWXZVdzlQUkpjTQ?alt=json HTTP/1.1" 200 None
2022-05-25 13:36:56,941 DEBUG    urllib3.connectionpool Starting new HTTPS connection (1): cloudfunctions.googleapis.com:443
2022-05-25 13:36:57,141 DEBUG    urllib3.connectionpool https://cloudfunctions.googleapis.com:443 "GET /v1/projects/crowdriff-stories-dev/locations/us-central1/functions/stories-es-sync?alt=json HTTP/1.1" 200 None
2022-05-25 13:36:57,148 INFO     root            Display format: "default"
2022-05-25 13:36:57,157 INFO     ___FILE_ONLY___ availableMemoryMb
2022-05-25 13:36:57,157 INFO     ___FILE_ONLY___ :
2022-05-25 13:36:57,157 INFO     ___FILE_ONLY___  
2022-05-25 13:36:57,157 INFO     ___FILE_ONLY___ 256
2022-05-25 13:36:57,157 INFO     ___FILE_ONLY___ 

2022-05-25 13:36:57,158 INFO     ___FILE_ONLY___ buildId
2022-05-25 13:36:57,159 INFO     ___FILE_ONLY___ :
2022-05-25 13:36:57,159 INFO     ___FILE_ONLY___  
2022-05-25 13:36:57,159 INFO     ___FILE_ONLY___ 9c1b4890-6630-401b-b0a3-e1bb95f4fa42
2022-05-25 13:36:57,159 INFO     ___FILE_ONLY___ 

2022-05-25 13:36:57,160 INFO     ___FILE_ONLY___ buildName
2022-05-25 13:36:57,160 INFO     ___FILE_ONLY___ :
2022-05-25 13:36:57,160 INFO     ___FILE_ONLY___  
2022-05-25 13:36:57,160 INFO     ___FILE_ONLY___ projects/31098141265/locations/us-central1/builds/9c1b4890-6630-401b-b0a3-e1bb95f4fa42
2022-05-25 13:36:57,160 INFO     ___FILE_ONLY___ 

2022-05-25 13:36:57,161 INFO     ___FILE_ONLY___ dockerRegistry
2022-05-25 13:36:57,161 INFO     ___FILE_ONLY___ :
2022-05-25 13:36:57,161 INFO     ___FILE_ONLY___  
2022-05-25 13:36:57,161 INFO     ___FILE_ONLY___ CONTAINER_REGISTRY
2022-05-25 13:36:57,161 INFO     ___FILE_ONLY___ 

2022-05-25 13:36:57,162 INFO     ___FILE_ONLY___ entryPoint
2022-05-25 13:36:57,162 INFO     ___FILE_ONLY___ :
2022-05-25 13:36:57,162 INFO     ___FILE_ONLY___  
2022-05-25 13:36:57,162 INFO     ___FILE_ONLY___ entrypoint
2022-05-25 13:36:57,162 INFO     ___FILE_ONLY___ 

2022-05-25 13:36:57,162 INFO     ___FILE_ONLY___ environmentVariables
2022-05-25 13:36:57,163 INFO     ___FILE_ONLY___ :
2022-05-25 13:36:57,163 INFO     ___FILE_ONLY___ 

2022-05-25 13:36:57,163 INFO     ___FILE_ONLY___   
2022-05-25 13:36:57,163 INFO     ___FILE_ONLY___ GATEWAY_BASE
2022-05-25 13:36:57,163 INFO     ___FILE_ONLY___ :
2022-05-25 13:36:57,163 INFO     ___FILE_ONLY___  
2022-05-25 13:36:57,163 INFO     ___FILE_ONLY___ https://story-network-gateway.derp.website
2022-05-25 13:36:57,164 INFO     ___FILE_ONLY___ 

2022-05-25 13:36:57,164 INFO     ___FILE_ONLY___   
2022-05-25 13:36:57,164 INFO     ___FILE_ONLY___ GOOGLE_CLOUD_PROJECT
2022-05-25 13:36:57,164 INFO     ___FILE_ONLY___ :
2022-05-25 13:36:57,164 INFO     ___FILE_ONLY___  
2022-05-25 13:36:57,164 INFO     ___FILE_ONLY___ crowdriff-stories-dev
2022-05-25 13:36:57,164 INFO     ___FILE_ONLY___ 

2022-05-25 13:36:57,165 INFO     ___FILE_ONLY___   
2022-05-25 13:36:57,165 INFO     ___FILE_ONLY___ NODE_ENV
2022-05-25 13:36:57,165 INFO     ___FILE_ONLY___ :
2022-05-25 13:36:57,165 INFO     ___FILE_ONLY___  
2022-05-25 13:36:57,165 INFO     ___FILE_ONLY___ development
2022-05-25 13:36:57,165 INFO     ___FILE_ONLY___ 

2022-05-25 13:36:57,165 INFO     ___FILE_ONLY___   
2022-05-25 13:36:57,165 INFO     ___FILE_ONLY___ NODE_PATH
2022-05-25 13:36:57,165 INFO     ___FILE_ONLY___ :
2022-05-25 13:36:57,166 INFO     ___FILE_ONLY___  
2022-05-25 13:36:57,166 INFO     ___FILE_ONLY___ .
2022-05-25 13:36:57,166 INFO     ___FILE_ONLY___ 

2022-05-25 13:36:57,166 INFO     ___FILE_ONLY___   
2022-05-25 13:36:57,166 INFO     ___FILE_ONLY___ PUB_SUB_TOPIC
2022-05-25 13:36:57,166 INFO     ___FILE_ONLY___ :
2022-05-25 13:36:57,166 INFO     ___FILE_ONLY___  
2022-05-25 13:36:57,166 INFO     ___FILE_ONLY___ stories-es-sync
2022-05-25 13:36:57,166 INFO     ___FILE_ONLY___ 

2022-05-25 13:36:57,166 INFO     ___FILE_ONLY___   
2022-05-25 13:36:57,166 INFO     ___FILE_ONLY___ SERVICE_ACCOUNT
2022-05-25 13:36:57,166 INFO     ___FILE_ONLY___ :
2022-05-25 13:36:57,167 INFO     ___FILE_ONLY___  
2022-05-25 13:36:57,167 INFO     ___FILE_ONLY___ github-actions@crowdriff-stories-dev.iam.gserviceaccount.com
2022-05-25 13:36:57,167 INFO     ___FILE_ONLY___ 

2022-05-25 13:36:57,167 INFO     ___FILE_ONLY___ eventTrigger
2022-05-25 13:36:57,167 INFO     ___FILE_ONLY___ :
2022-05-25 13:36:57,167 INFO     ___FILE_ONLY___ 

2022-05-25 13:36:57,167 INFO     ___FILE_ONLY___   
2022-05-25 13:36:57,167 INFO     ___FILE_ONLY___ eventType
2022-05-25 13:36:57,167 INFO     ___FILE_ONLY___ :
2022-05-25 13:36:57,167 INFO     ___FILE_ONLY___  
2022-05-25 13:36:57,167 INFO     ___FILE_ONLY___ google.pubsub.topic.publish
2022-05-25 13:36:57,167 INFO     ___FILE_ONLY___ 

2022-05-25 13:36:57,167 INFO     ___FILE_ONLY___   
2022-05-25 13:36:57,167 INFO     ___FILE_ONLY___ failurePolicy
2022-05-25 13:36:57,167 INFO     ___FILE_ONLY___ :
2022-05-25 13:36:57,167 INFO     ___FILE_ONLY___  {
2022-05-25 13:36:57,167 INFO     ___FILE_ONLY___ }
2022-05-25 13:36:57,167 INFO     ___FILE_ONLY___ 

2022-05-25 13:36:57,167 INFO     ___FILE_ONLY___   
2022-05-25 13:36:57,167 INFO     ___FILE_ONLY___ resource
2022-05-25 13:36:57,167 INFO     ___FILE_ONLY___ :
2022-05-25 13:36:57,168 INFO     ___FILE_ONLY___  
2022-05-25 13:36:57,168 INFO     ___FILE_ONLY___ projects/crowdriff-stories-dev/topics/stories-es-sync
2022-05-25 13:36:57,168 INFO     ___FILE_ONLY___ 

2022-05-25 13:36:57,168 INFO     ___FILE_ONLY___   
2022-05-25 13:36:57,168 INFO     ___FILE_ONLY___ service
2022-05-25 13:36:57,168 INFO     ___FILE_ONLY___ :
2022-05-25 13:36:57,168 INFO     ___FILE_ONLY___  
2022-05-25 13:36:57,168 INFO     ___FILE_ONLY___ pubsub.googleapis.com
2022-05-25 13:36:57,168 INFO     ___FILE_ONLY___ 

2022-05-25 13:36:57,168 INFO     ___FILE_ONLY___ ingressSettings
2022-05-25 13:36:57,168 INFO     ___FILE_ONLY___ :
2022-05-25 13:36:57,168 INFO     ___FILE_ONLY___  
2022-05-25 13:36:57,168 INFO     ___FILE_ONLY___ ALLOW_ALL
2022-05-25 13:36:57,168 INFO     ___FILE_ONLY___ 

2022-05-25 13:36:57,168 INFO     ___FILE_ONLY___ labels
2022-05-25 13:36:57,168 INFO     ___FILE_ONLY___ :
2022-05-25 13:36:57,168 INFO     ___FILE_ONLY___ 

2022-05-25 13:36:57,168 INFO     ___FILE_ONLY___   
2022-05-25 13:36:57,168 INFO     ___FILE_ONLY___ deployment-tool
2022-05-25 13:36:57,168 INFO     ___FILE_ONLY___ :
2022-05-25 13:36:57,168 INFO     ___FILE_ONLY___  
2022-05-25 13:36:57,168 INFO     ___FILE_ONLY___ cli-gcloud
2022-05-25 13:36:57,168 INFO     ___FILE_ONLY___ 

2022-05-25 13:36:57,169 INFO     ___FILE_ONLY___ name
2022-05-25 13:36:57,169 INFO     ___FILE_ONLY___ :
2022-05-25 13:36:57,169 INFO     ___FILE_ONLY___  
2022-05-25 13:36:57,169 INFO     ___FILE_ONLY___ projects/crowdriff-stories-dev/locations/us-central1/functions/stories-es-sync
2022-05-25 13:36:57,169 INFO     ___FILE_ONLY___ 

2022-05-25 13:36:57,169 INFO     ___FILE_ONLY___ runtime
2022-05-25 13:36:57,169 INFO     ___FILE_ONLY___ :
2022-05-25 13:36:57,169 INFO     ___FILE_ONLY___  
2022-05-25 13:36:57,169 INFO     ___FILE_ONLY___ nodejs14
2022-05-25 13:36:57,169 INFO     ___FILE_ONLY___ 

2022-05-25 13:36:57,169 INFO     ___FILE_ONLY___ serviceAccountEmail
2022-05-25 13:36:57,169 INFO     ___FILE_ONLY___ :
2022-05-25 13:36:57,169 INFO     ___FILE_ONLY___  
2022-05-25 13:36:57,169 INFO     ___FILE_ONLY___ crowdriff-stories-dev@appspot.gserviceaccount.com
2022-05-25 13:36:57,169 INFO     ___FILE_ONLY___ 

2022-05-25 13:36:57,169 INFO     ___FILE_ONLY___ sourceUploadUrl
2022-05-25 13:36:57,169 INFO     ___FILE_ONLY___ :
2022-05-25 13:36:57,169 INFO     ___FILE_ONLY___  
2022-05-25 13:36:57,169 INFO     ___FILE_ONLY___ https://storage.googleapis.com/uploads-556841579775.us-central1.cloudfunctions.appspot.com/0fdf6834-c4e6-4ff8-a327-f41b5d75e385.zip
2022-05-25 13:36:57,169 INFO     ___FILE_ONLY___ 

2022-05-25 13:36:57,169 INFO     ___FILE_ONLY___ status
2022-05-25 13:36:57,169 INFO     ___FILE_ONLY___ :
2022-05-25 13:36:57,169 INFO     ___FILE_ONLY___  
2022-05-25 13:36:57,170 INFO     ___FILE_ONLY___ ACTIVE
2022-05-25 13:36:57,170 INFO     ___FILE_ONLY___ 

2022-05-25 13:36:57,170 INFO     ___FILE_ONLY___ timeout
2022-05-25 13:36:57,170 INFO     ___FILE_ONLY___ :
2022-05-25 13:36:57,170 INFO     ___FILE_ONLY___  
2022-05-25 13:36:57,170 INFO     ___FILE_ONLY___ 540s
2022-05-25 13:36:57,170 INFO     ___FILE_ONLY___ 

2022-05-25 13:36:57,170 INFO     ___FILE_ONLY___ updateTime
2022-05-25 13:36:57,170 INFO     ___FILE_ONLY___ :
2022-05-25 13:36:57,170 INFO     ___FILE_ONLY___  '
2022-05-25 13:36:57,170 INFO     ___FILE_ONLY___ 2022-05-25T17:36:55.764Z
2022-05-25 13:36:57,170 INFO     ___FILE_ONLY___ '
2022-05-25 13:36:57,170 INFO     ___FILE_ONLY___ 

2022-05-25 13:36:57,170 INFO     ___FILE_ONLY___ versionId
2022-05-25 13:36:57,170 INFO     ___FILE_ONLY___ :
2022-05-25 13:36:57,170 INFO     ___FILE_ONLY___  '
2022-05-25 13:36:57,170 INFO     ___FILE_ONLY___ 27
2022-05-25 13:36:57,170 INFO     ___FILE_ONLY___ '
2022-05-25 13:36:57,170 INFO     ___FILE_ONLY___ 

2022-05-25 13:36:57,184 DEBUG    root            Metrics reporting process started...
