2022-05-25 15:49:32,330 DEBUG    root            Loaded Command Group: ['gcloud', 'config']
2022-05-25 15:49:32,331 DEBUG    root            Loaded Command Group: ['gcloud', 'config', 'config_helper']
2022-05-25 15:49:32,332 DEBUG    root            Running [gcloud.config.config-helper] with arguments: [--format: "json"]
2022-05-25 15:49:32,334 INFO     root            Display format: "default json"
2022-05-25 15:49:32,335 INFO     ___FILE_ONLY___ {
  "configuration": {
    "active_configuration": "default",
    "properties": {
      "compute": {
        "zone": "us-central1"
      },
      "core": {
        "account": "britton.jenner@crowdriff.com",
        "disable_usage_reporting": "False",
        "project": "crowdriff-stories-dev"
      }
    }
  },
  "credential": {
    "access_token": "ya29.a0ARrdaM8CSr97Tq_zOEK8BQb4bIk4QYIHbCZtW09cjIn4WVUSe8cvvxo7yTkQXweLx0js6gwZ3PImKhHAE_OlQDwxPWmDZJ3MLVpbMTofX703Yx6abapbM7sDFxhnMP_tYGOceBX8bjItnQe7eEGs_S2jGVfYV7XxUf82xnU",
    "id_token": "eyJhbGciOiJSUzI1NiIsImtpZCI6IjQ4NmYxNjQ4MjAwNWEyY2RhZjI2ZDkyMTQwMThkMDI5Y2E0NmZiNTYiLCJ0eXAiOiJKV1QifQ.eyJpc3MiOiJodHRwczovL2FjY291bnRzLmdvb2dsZS5jb20iLCJhenAiOiIzMjU1NTk0MDU1OS5hcHBzLmdvb2dsZXVzZXJjb250ZW50LmNvbSIsImF1ZCI6IjMyNTU1OTQwNTU5LmFwcHMuZ29vZ2xldXNlcmNvbnRlbnQuY29tIiwic3ViIjoiMTA0NzU3Njk2MTMwOTc4MTMyNDM4IiwiaGQiOiJjcm93ZHJpZmYuY29tIiwiZW1haWwiOiJicml0dG9uLmplbm5lckBjcm93ZHJpZmYuY29tIiwiZW1haWxfdmVyaWZpZWQiOnRydWUsImF0X2hhc2giOiJUX2VEaXo2Q0E0bWxTdWxwVDJ3NjlBIiwiaWF0IjoxNjUzNTA3MzU4LCJleHAiOjE2NTM1MTA5NTh9.LE67bTkGVjyxJ_pZkjXSOrvcEJVMlC0f_wN7yOruIsgpeTn4CFACyDfEzwsioMYzm7ce4DVygx6p-uBnQyiJMmvI7GxA2iZzOOH7BL0-FXJ5IpbipmsC1wiEPLanry40NV5Acn_LAYxJBtMS-HgBwd7MS7JhKU1BjVI3xQHNp4z7NeMCCKaSidO4hlA3bVo-ZQmH5nNvbacfwKmjgnnLTGaCl-PJs6HPswcjBq4R-JVmqkbK7tUOW5L_Kf6pEL0A5p2eB0uNBWkEIjO7X4UxQ3rbpdnbFNvFKG8rnZHqmeb4VMSpVIVt15LumDeLGKVAISDTc4GYppZ90dVTrt2Ugw",
    "token_expiry": "2022-05-25T20:35:57Z"
  },
  "sentinels": {
    "config_sentinel": "/Users/britton.jenner/.config/gcloud/config_sentinel"
  }
}
2022-05-25 15:49:32,335 INFO     ___FILE_ONLY___ 

2022-05-25 15:49:32,338 DEBUG    root            Metrics reporting process started...
