2022-05-25 16:11:40,150 DEBUG    root            Loaded Command Group: ['gcloud', 'auth']
2022-05-25 16:11:40,152 DEBUG    root            Loaded Command Group: ['gcloud', 'auth', 'application_default']
2022-05-25 16:11:40,182 DEBUG    root            Loaded Command Group: ['gcloud', 'auth', 'application-default', 'login']
2022-05-25 16:11:40,183 DEBUG    root            Running [gcloud.auth.application-default.login] with arguments: []
2022-05-25 16:11:40,198 DEBUG    requests_oauthlib.oauth2_session Generated new state fIU6yGhzPAYCFzrEA14fsPbdKVsAMC.
2022-05-25 16:11:40,715 INFO     ___FILE_ONLY___ Your browser has been opened to visit:

    https://accounts.google.com/o/oauth2/auth?response_type=code&client_id=764086051850-6qr4p6gpi6hn506pt8ejuq83di341hur.apps.googleusercontent.com&redirect_uri=http%3A%2F%2Flocalhost%3A8085%2F&scope=openid+https%3A%2F%2Fwww.googleapis.com%2Fauth%2Fuserinfo.email+https%3A%2F%2Fwww.googleapis.com%2Fauth%2Fcloud-platform+https%3A%2F%2Fwww.googleapis.com%2Fauth%2Faccounts.reauth&state=fIU6yGhzPAYCFzrEA14fsPbdKVsAMC&access_type=offline&code_challenge=FvvhpN8LzLX4cf-htC9aUMrpyaRLwQ5_2-P8j6mgGwo&code_challenge_method=S256


2022-05-25 16:11:54,228 INFO     google_auth_oauthlib.flow "GET /?state=fIU6yGhzPAYCFzrEA14fsPbdKVsAMC&code=4/0AX4XfWiLcnF0t4rqf9u6hObPQ_EKo73UEzurw9v95RyiUyYDb0okKB0olGnFRvPLn6YZEw&scope=email%20openid%20https://www.googleapis.com/auth/userinfo.email%20https://www.googleapis.com/auth/cloud-platform%20https://www.googleapis.com/auth/accounts.reauth&authuser=0&hd=crowdriff.com&prompt=consent HTTP/1.1" 200 959
2022-05-25 16:11:54,231 DEBUG    requests_oauthlib.oauth2_session Requesting url https://oauth2.googleapis.com/token using method POST.
2022-05-25 16:11:54,231 DEBUG    requests_oauthlib.oauth2_session Supplying headers {b'Accept': b'application/json', b'Content-Type': b'application/x-www-form-urlencoded;charset=UTF-8', b'user-agent': b'google-cloud-sdk gcloud/386.0.0 command/gcloud.auth.application-default.login invocation-id/a816991459b844e1b4b1d5af43c3c96e environment/None environment-version/None interactive/True from-script/False python/3.9.8 term/screen (Macintosh; Intel Mac OS X 21.3.0)'} and data {'grant_type': 'authorization_code', 'client_id': '764086051850-6qr4p6gpi6hn506pt8ejuq83di341hur.apps.googleusercontent.com', 'client_secret': 'd-FL95Q19q7MQmFpd7hHD0Ty', 'code': '4/0AX4XfWiLcnF0t4rqf9u6hObPQ_EKo73UEzurw9v95RyiUyYDb0okKB0olGnFRvPLn6YZEw', 'redirect_uri': 'http://localhost:8085/', 'code_verifier': 'fjA-etjPD3UGmgP5LbksEqAZv6I87Zl6M~2AtzzfZtPJ9lM-ZSdHW05rH~VqgjddL5QKOcNyA1ONB5n29OvKvcqsFsiVRI-r3urBW4kuWqIu~pU6SzX4W1RfnVVuxiAR'}
2022-05-25 16:11:54,231 DEBUG    requests_oauthlib.oauth2_session Passing through key word arguments {'json': None, 'timeout': None, 'auth': None, 'verify': None, 'proxies': None}.
2022-05-25 16:11:54,250 DEBUG    urllib3.connectionpool Starting new HTTPS connection (1): oauth2.googleapis.com:443
2022-05-25 16:11:54,404 DEBUG    urllib3.connectionpool https://oauth2.googleapis.com:443 "POST /token HTTP/1.1" 200 None
2022-05-25 16:11:54,405 DEBUG    requests_oauthlib.oauth2_session Prepared fetch token request body grant_type=authorization_code&client_id=764086051850-6qr4p6gpi6hn506pt8ejuq83di341hur.apps.googleusercontent.com&client_secret=d-FL95Q19q7MQmFpd7hHD0Ty&code=4%2F0AX4XfWiLcnF0t4rqf9u6hObPQ_EKo73UEzurw9v95RyiUyYDb0okKB0olGnFRvPLn6YZEw&redirect_uri=http%3A%2F%2Flocalhost%3A8085%2F&code_verifier=fjA-etjPD3UGmgP5LbksEqAZv6I87Zl6M~2AtzzfZtPJ9lM-ZSdHW05rH~VqgjddL5QKOcNyA1ONB5n29OvKvcqsFsiVRI-r3urBW4kuWqIu~pU6SzX4W1RfnVVuxiAR
2022-05-25 16:11:54,405 DEBUG    requests_oauthlib.oauth2_session Request to fetch token completed with status 200.
2022-05-25 16:11:54,406 DEBUG    requests_oauthlib.oauth2_session Request headers were {'user-agent': b'google-cloud-sdk gcloud/386.0.0 command/gcloud.auth.application-default.login invocation-id/a816991459b844e1b4b1d5af43c3c96e environment/None environment-version/None interactive/True from-script/False python/3.9.8 term/screen (Macintosh; Intel Mac OS X 21.3.0)', 'Accept-Encoding': 'gzip, deflate', 'Accept': b'application/json', 'Connection': 'keep-alive', 'Content-Type': b'application/x-www-form-urlencoded;charset=UTF-8', 'Content-Length': '421'}
2022-05-25 16:11:54,406 DEBUG    requests_oauthlib.oauth2_session Request body was grant_type=authorization_code&client_id=764086051850-6qr4p6gpi6hn506pt8ejuq83di341hur.apps.googleusercontent.com&client_secret=d-FL95Q19q7MQmFpd7hHD0Ty&code=4%2F0AX4XfWiLcnF0t4rqf9u6hObPQ_EKo73UEzurw9v95RyiUyYDb0okKB0olGnFRvPLn6YZEw&redirect_uri=http%3A%2F%2Flocalhost%3A8085%2F&code_verifier=fjA-etjPD3UGmgP5LbksEqAZv6I87Zl6M~2AtzzfZtPJ9lM-ZSdHW05rH~VqgjddL5QKOcNyA1ONB5n29OvKvcqsFsiVRI-r3urBW4kuWqIu~pU6SzX4W1RfnVVuxiAR
2022-05-25 16:11:54,406 DEBUG    requests_oauthlib.oauth2_session Response headers were {'Date': 'Wed, 25 May 2022 20:11:54 GMT', 'Pragma': 'no-cache', 'Expires': 'Mon, 01 Jan 1990 00:00:00 GMT', 'Cache-Control': 'no-cache, no-store, max-age=0, must-revalidate', 'Content-Type': 'application/json; charset=utf-8', 'Vary': 'Origin, X-Origin, Referer', 'Content-Encoding': 'gzip', 'Server': 'scaffolding on HTTPServer2', 'X-XSS-Protection': '0', 'X-Frame-Options': 'SAMEORIGIN', 'X-Content-Type-Options': 'nosniff', 'Alt-Svc': 'h3=":443"; ma=2592000,h3-29=":443"; ma=2592000,h3-Q050=":443"; ma=2592000,h3-Q046=":443"; ma=2592000,h3-Q043=":443"; ma=2592000,quic=":443"; ma=2592000; v="46,43"', 'Transfer-Encoding': 'chunked'} and content {
  "access_token": "ya29.a0ARrdaM9saZKQv-CQhPEGblMxbkK4eamf0Z18akuYiqrXEeZTuJaa56i7CNFYrcwfpy6OjAG7xTcjkcavfG5S2qyZFWW8F6LM8pu_zvy_dp2ov_h7aLSVtJqdyytN_BUkjCqdv4UYYq_l1wwAVVnp3Ydp0StO",
  "expires_in": 3599,
  "refresh_token": "1//04nSEE8bfPCTNCgYIARAAGAQSNwF-L9Iry_ukI0leJP_89rDDfUJmlLs-cwVo2f9KWvrWUUtha0uJmpFh2pB5cxmoimxXfq90G68",
  "scope": "https://www.googleapis.com/auth/cloud-platform https://www.googleapis.com/auth/userinfo.email https://www.googleapis.com/auth/accounts.reauth openid",
  "token_type": "Bearer",
  "id_token": "eyJhbGciOiJSUzI1NiIsImtpZCI6IjQ4NmYxNjQ4MjAwNWEyY2RhZjI2ZDkyMTQwMThkMDI5Y2E0NmZiNTYiLCJ0eXAiOiJKV1QifQ.eyJpc3MiOiJodHRwczovL2FjY291bnRzLmdvb2dsZS5jb20iLCJhenAiOiI3NjQwODYwNTE4NTAtNnFyNHA2Z3BpNmhuNTA2cHQ4ZWp1cTgzZGkzNDFodXIuYXBwcy5nb29nbGV1c2VyY29udGVudC5jb20iLCJhdWQiOiI3NjQwODYwNTE4NTAtNnFyNHA2Z3BpNmhuNTA2cHQ4ZWp1cTgzZGkzNDFodXIuYXBwcy5nb29nbGV1c2VyY29udGVudC5jb20iLCJzdWIiOiIxMDQ3NTc2OTYxMzA5NzgxMzI0MzgiLCJoZCI6ImNyb3dkcmlmZi5jb20iLCJlbWFpbCI6ImJyaXR0b24uamVubmVyQGNyb3dkcmlmZi5jb20iLCJlbWFpbF92ZXJpZmllZCI6dHJ1ZSwiYXRfaGFzaCI6IjdMWWNRakRDV1pWakNWLVNDODBzY3ciLCJpYXQiOjE2NTM1MDk1MTQsImV4cCI6MTY1MzUxMzExNH0.CFHBUHxbAxBDxtLNo8l-DZpKL-MCUOLOQbCILQMyXTcONHO7tqxz-XFtdIHOlX4E33rpk9W9nROetMIO1S89vx_h5ys-Z7EGHNOk8sSaL53uGn1QwQirb-Uj-RbL5RNg8PjCmMhEGrrWkna244ZzwRipOug1OptAUb-XA1Q_3vNz_RJaVBJ_cE1DNe_bQeqZLkCTl1iaG3ilOmpK15mDqu1qDl6asgbb51SvZWmdWYN8un9V-OT20oJY60Nq51Jtnnp6R_k-beey_fRQ8D7mQYVobd2r-myZngvWN1Hl4Kp7yNiH7AdjROvmxRUkbdZHyYgV-hkrqJRrKJEu6GDrnA"
}.
2022-05-25 16:11:54,406 DEBUG    requests_oauthlib.oauth2_session Invoking 0 token response hooks.
2022-05-25 16:11:54,407 DEBUG    requests_oauthlib.oauth2_session Obtained token {'access_token': 'ya29.a0ARrdaM9saZKQv-CQhPEGblMxbkK4eamf0Z18akuYiqrXEeZTuJaa56i7CNFYrcwfpy6OjAG7xTcjkcavfG5S2qyZFWW8F6LM8pu_zvy_dp2ov_h7aLSVtJqdyytN_BUkjCqdv4UYYq_l1wwAVVnp3Ydp0StO', 'expires_in': 3599, 'refresh_token': '1//04nSEE8bfPCTNCgYIARAAGAQSNwF-L9Iry_ukI0leJP_89rDDfUJmlLs-cwVo2f9KWvrWUUtha0uJmpFh2pB5cxmoimxXfq90G68', 'scope': ['https://www.googleapis.com/auth/cloud-platform', 'https://www.googleapis.com/auth/userinfo.email', 'https://www.googleapis.com/auth/accounts.reauth', 'openid'], 'token_type': 'Bearer', 'id_token': 'eyJhbGciOiJSUzI1NiIsImtpZCI6IjQ4NmYxNjQ4MjAwNWEyY2RhZjI2ZDkyMTQwMThkMDI5Y2E0NmZiNTYiLCJ0eXAiOiJKV1QifQ.eyJpc3MiOiJodHRwczovL2FjY291bnRzLmdvb2dsZS5jb20iLCJhenAiOiI3NjQwODYwNTE4NTAtNnFyNHA2Z3BpNmhuNTA2cHQ4ZWp1cTgzZGkzNDFodXIuYXBwcy5nb29nbGV1c2VyY29udGVudC5jb20iLCJhdWQiOiI3NjQwODYwNTE4NTAtNnFyNHA2Z3BpNmhuNTA2cHQ4ZWp1cTgzZGkzNDFodXIuYXBwcy5nb29nbGV1c2VyY29udGVudC5jb20iLCJzdWIiOiIxMDQ3NTc2OTYxMzA5NzgxMzI0MzgiLCJoZCI6ImNyb3dkcmlmZi5jb20iLCJlbWFpbCI6ImJyaXR0b24uamVubmVyQGNyb3dkcmlmZi5jb20iLCJlbWFpbF92ZXJpZmllZCI6dHJ1ZSwiYXRfaGFzaCI6IjdMWWNRakRDV1pWakNWLVNDODBzY3ciLCJpYXQiOjE2NTM1MDk1MTQsImV4cCI6MTY1MzUxMzExNH0.CFHBUHxbAxBDxtLNo8l-DZpKL-MCUOLOQbCILQMyXTcONHO7tqxz-XFtdIHOlX4E33rpk9W9nROetMIO1S89vx_h5ys-Z7EGHNOk8sSaL53uGn1QwQirb-Uj-RbL5RNg8PjCmMhEGrrWkna244ZzwRipOug1OptAUb-XA1Q_3vNz_RJaVBJ_cE1DNe_bQeqZLkCTl1iaG3ilOmpK15mDqu1qDl6asgbb51SvZWmdWYN8un9V-OT20oJY60Nq51Jtnnp6R_k-beey_fRQ8D7mQYVobd2r-myZngvWN1Hl4Kp7yNiH7AdjROvmxRUkbdZHyYgV-hkrqJRrKJEu6GDrnA', 'expires_at': 1653513113.4072561}.
2022-05-25 16:11:54,414 INFO     ___FILE_ONLY___ 
Credentials saved to file: [/Users/britton.jenner/.config/gcloud/application_default_credentials.json]

2022-05-25 16:11:54,415 INFO     ___FILE_ONLY___ 
These credentials will be used by any library that requests Application Default Credentials (ADC).

2022-05-25 16:11:54,421 INFO     root            Using alternate credentials from file: [/Users/britton.jenner/.config/gcloud/application_default_credentials.json]
2022-05-25 16:11:54,427 DEBUG    google.auth.transport.requests Making request: POST https://oauth2.googleapis.com/token
2022-05-25 16:11:54,430 DEBUG    urllib3.connectionpool Starting new HTTPS connection (1): oauth2.googleapis.com:443
2022-05-25 16:11:54,534 DEBUG    urllib3.connectionpool https://oauth2.googleapis.com:443 "POST /token HTTP/1.1" 200 None
2022-05-25 16:11:54,539 INFO     root            Using alternate credentials from file: [/Users/britton.jenner/.config/gcloud/application_default_credentials.json]
2022-05-25 16:11:54,561 DEBUG    urllib3.connectionpool Starting new HTTPS connection (1): cloudresourcemanager.googleapis.com:443
2022-05-25 16:11:54,787 DEBUG    urllib3.connectionpool https://cloudresourcemanager.googleapis.com:443 "POST /v1/projects/crowdriff-stories-dev:testIamPermissions?alt=json HTTP/1.1" 200 None
2022-05-25 16:11:54,795 INFO     ___FILE_ONLY___ 
Quota project "crowdriff-stories-dev" was added to ADC which can be used by Google client libraries for billing and quota. Note that some services may still bill the project owning the resource.

2022-05-25 16:11:54,796 INFO     root            Display format: "none"
2022-05-25 16:11:54,822 DEBUG    root            Metrics reporting process started...
