2022-05-25 16:53:29,734 DEBUG    root            Loaded Command Group: ['gcloud', 'auth']
2022-05-25 16:53:29,735 DEBUG    root            Loaded Command Group: ['gcloud', 'auth', 'application_default']
2022-05-25 16:53:29,757 DEBUG    root            Loaded Command Group: ['gcloud', 'auth', 'application-default', 'login']
2022-05-25 16:53:29,758 DEBUG    root            Running [gcloud.auth.application-default.login] with arguments: []
2022-05-25 16:53:29,763 DEBUG    requests_oauthlib.oauth2_session Generated new state Iwp3PmT1uLgZUR7oXI1ogJUibfvTc6.
2022-05-25 16:53:30,253 INFO     ___FILE_ONLY___ Your browser has been opened to visit:

    https://accounts.google.com/o/oauth2/auth?response_type=code&client_id=764086051850-6qr4p6gpi6hn506pt8ejuq83di341hur.apps.googleusercontent.com&redirect_uri=http%3A%2F%2Flocalhost%3A8085%2F&scope=openid+https%3A%2F%2Fwww.googleapis.com%2Fauth%2Fuserinfo.email+https%3A%2F%2Fwww.googleapis.com%2Fauth%2Fcloud-platform+https%3A%2F%2Fwww.googleapis.com%2Fauth%2Faccounts.reauth&state=Iwp3PmT1uLgZUR7oXI1ogJUibfvTc6&access_type=offline&code_challenge=2ue48G8-FD3sQAC33Ncow-HIWaiifZdELVQp5j7zp20&code_challenge_method=S256


2022-05-25 16:53:36,603 INFO     google_auth_oauthlib.flow "GET /?state=Iwp3PmT1uLgZUR7oXI1ogJUibfvTc6&code=4/0AX4XfWhCL9jBoAB70NM1iMHRCBYS2jxVafoCpPTsmAdRhanVn7yMDT7ppmlKxvtDRucI_w&scope=email%20openid%20https://www.googleapis.com/auth/userinfo.email%20https://www.googleapis.com/auth/cloud-platform%20https://www.googleapis.com/auth/accounts.reauth&authuser=0&hd=crowdriff.com&prompt=consent HTTP/1.1" 200 959
2022-05-25 16:53:36,606 DEBUG    requests_oauthlib.oauth2_session Requesting url https://oauth2.googleapis.com/token using method POST.
2022-05-25 16:53:36,606 DEBUG    requests_oauthlib.oauth2_session Supplying headers {b'Accept': b'application/json', b'Content-Type': b'application/x-www-form-urlencoded;charset=UTF-8', b'user-agent': b'google-cloud-sdk gcloud/386.0.0 command/gcloud.auth.application-default.login invocation-id/8fbd8a783ede4e5c818ed3353013d0e1 environment/None environment-version/None interactive/True from-script/False python/3.9.8 term/screen (Macintosh; Intel Mac OS X 21.3.0)'} and data {'grant_type': 'authorization_code', 'client_id': '764086051850-6qr4p6gpi6hn506pt8ejuq83di341hur.apps.googleusercontent.com', 'client_secret': 'd-FL95Q19q7MQmFpd7hHD0Ty', 'code': '4/0AX4XfWhCL9jBoAB70NM1iMHRCBYS2jxVafoCpPTsmAdRhanVn7yMDT7ppmlKxvtDRucI_w', 'redirect_uri': 'http://localhost:8085/', 'code_verifier': 'lo79et~XhNhD-I0UN1lZ8Hvi_40x_8.wpz9ZnL~s0CbF_GWFLxz3qx~FFAIvwGPsnwWahgONFDG-n9Y4CraHNbYP~DcYcv_R4iFBTXUn-JM_xXktIC3qRaB3gEprSoEn'}
2022-05-25 16:53:36,606 DEBUG    requests_oauthlib.oauth2_session Passing through key word arguments {'json': None, 'timeout': None, 'auth': None, 'verify': None, 'proxies': None}.
2022-05-25 16:53:36,629 DEBUG    urllib3.connectionpool Starting new HTTPS connection (1): oauth2.googleapis.com:443
2022-05-25 16:53:36,772 DEBUG    urllib3.connectionpool https://oauth2.googleapis.com:443 "POST /token HTTP/1.1" 200 None
2022-05-25 16:53:36,774 DEBUG    requests_oauthlib.oauth2_session Prepared fetch token request body grant_type=authorization_code&client_id=764086051850-6qr4p6gpi6hn506pt8ejuq83di341hur.apps.googleusercontent.com&client_secret=d-FL95Q19q7MQmFpd7hHD0Ty&code=4%2F0AX4XfWhCL9jBoAB70NM1iMHRCBYS2jxVafoCpPTsmAdRhanVn7yMDT7ppmlKxvtDRucI_w&redirect_uri=http%3A%2F%2Flocalhost%3A8085%2F&code_verifier=lo79et~XhNhD-I0UN1lZ8Hvi_40x_8.wpz9ZnL~s0CbF_GWFLxz3qx~FFAIvwGPsnwWahgONFDG-n9Y4CraHNbYP~DcYcv_R4iFBTXUn-JM_xXktIC3qRaB3gEprSoEn
2022-05-25 16:53:36,774 DEBUG    requests_oauthlib.oauth2_session Request to fetch token completed with status 200.
2022-05-25 16:53:36,775 DEBUG    requests_oauthlib.oauth2_session Request headers were {'user-agent': b'google-cloud-sdk gcloud/386.0.0 command/gcloud.auth.application-default.login invocation-id/8fbd8a783ede4e5c818ed3353013d0e1 environment/None environment-version/None interactive/True from-script/False python/3.9.8 term/screen (Macintosh; Intel Mac OS X 21.3.0)', 'Accept-Encoding': 'gzip, deflate', 'Accept': b'application/json', 'Connection': 'keep-alive', 'Content-Type': b'application/x-www-form-urlencoded;charset=UTF-8', 'Content-Length': '421'}
2022-05-25 16:53:36,775 DEBUG    requests_oauthlib.oauth2_session Request body was grant_type=authorization_code&client_id=764086051850-6qr4p6gpi6hn506pt8ejuq83di341hur.apps.googleusercontent.com&client_secret=d-FL95Q19q7MQmFpd7hHD0Ty&code=4%2F0AX4XfWhCL9jBoAB70NM1iMHRCBYS2jxVafoCpPTsmAdRhanVn7yMDT7ppmlKxvtDRucI_w&redirect_uri=http%3A%2F%2Flocalhost%3A8085%2F&code_verifier=lo79et~XhNhD-I0UN1lZ8Hvi_40x_8.wpz9ZnL~s0CbF_GWFLxz3qx~FFAIvwGPsnwWahgONFDG-n9Y4CraHNbYP~DcYcv_R4iFBTXUn-JM_xXktIC3qRaB3gEprSoEn
2022-05-25 16:53:36,775 DEBUG    requests_oauthlib.oauth2_session Response headers were {'Expires': 'Mon, 01 Jan 1990 00:00:00 GMT', 'Cache-Control': 'no-cache, no-store, max-age=0, must-revalidate', 'Pragma': 'no-cache', 'Date': 'Wed, 25 May 2022 20:53:36 GMT', 'Content-Type': 'application/json; charset=utf-8', 'Vary': 'Origin, X-Origin, Referer', 'Content-Encoding': 'gzip', 'Server': 'scaffolding on HTTPServer2', 'X-XSS-Protection': '0', 'X-Frame-Options': 'SAMEORIGIN', 'X-Content-Type-Options': 'nosniff', 'Alt-Svc': 'h3=":443"; ma=2592000,h3-29=":443"; ma=2592000,h3-Q050=":443"; ma=2592000,h3-Q046=":443"; ma=2592000,h3-Q043=":443"; ma=2592000,quic=":443"; ma=2592000; v="46,43"', 'Transfer-Encoding': 'chunked'} and content {
  "access_token": "ya29.a0ARrdaM-ufAEWawNDTbNhCTT-J1ptg-rfHpLoM7H9KCW0wliUOMk3C-dEH5QgGIXiNCOEceSWGNNEl8nlqHPsSBJhQrYbShDsnJe2Mm48ZairRwIV0WHGnqiwiFZ_yfz664wX35nqXlyYzFSGJ1K_PRfhJFGw",
  "expires_in": 3599,
  "refresh_token": "1//04a2tq0ZJsZlmCgYIARAAGAQSNwF-L9IrqWE0HaTsE0pulrmKv_8qS4canldS0E8yeuRL-NrNuECFm-GNL1R2MEPrMt3uHhD7Aro",
  "scope": "openid https://www.googleapis.com/auth/cloud-platform https://www.googleapis.com/auth/userinfo.email https://www.googleapis.com/auth/accounts.reauth",
  "token_type": "Bearer",
  "id_token": "eyJhbGciOiJSUzI1NiIsImtpZCI6IjQ4NmYxNjQ4MjAwNWEyY2RhZjI2ZDkyMTQwMThkMDI5Y2E0NmZiNTYiLCJ0eXAiOiJKV1QifQ.eyJpc3MiOiJodHRwczovL2FjY291bnRzLmdvb2dsZS5jb20iLCJhenAiOiI3NjQwODYwNTE4NTAtNnFyNHA2Z3BpNmhuNTA2cHQ4ZWp1cTgzZGkzNDFodXIuYXBwcy5nb29nbGV1c2VyY29udGVudC5jb20iLCJhdWQiOiI3NjQwODYwNTE4NTAtNnFyNHA2Z3BpNmhuNTA2cHQ4ZWp1cTgzZGkzNDFodXIuYXBwcy5nb29nbGV1c2VyY29udGVudC5jb20iLCJzdWIiOiIxMDQ3NTc2OTYxMzA5NzgxMzI0MzgiLCJoZCI6ImNyb3dkcmlmZi5jb20iLCJlbWFpbCI6ImJyaXR0b24uamVubmVyQGNyb3dkcmlmZi5jb20iLCJlbWFpbF92ZXJpZmllZCI6dHJ1ZSwiYXRfaGFzaCI6ImNtRVMxOTF0MUhYbjRNX3ljUnFjVVEiLCJpYXQiOjE2NTM1MTIwMTYsImV4cCI6MTY1MzUxNTYxNn0.G1M5Xf8X3Yo4iAUa0ezMIIMB56E7oMuqpXWV8m9NeGr_Pao25d1uwgWs02a4cNdJQO_7GKxgNeJhpZvRGPW_16ElKskMDQ3labURMy9JE66vQKla3m2a2LTc3I1w0KE0jsgEYsM6UNW7hEoD-GJPaS_7InF7Vx5_YPMbqv0mOAVQbTKFYLGiYQfn3nhHRhX3BGONsQEs9rs7D4qYbeMbPWFHETV_ItICUSLInaJx5SLXREA8Iga5Xih7WencE8w-iwB5YROZk47AtyCDU7P74kLTnYiHZmmhtn1JEoQ1QdgUOGEEajpxQPNqImDra2IbRcJA369ouvm5Azs3CUBFDg"
}.
2022-05-25 16:53:36,775 DEBUG    requests_oauthlib.oauth2_session Invoking 0 token response hooks.
2022-05-25 16:53:36,775 DEBUG    requests_oauthlib.oauth2_session Obtained token {'access_token': 'ya29.a0ARrdaM-ufAEWawNDTbNhCTT-J1ptg-rfHpLoM7H9KCW0wliUOMk3C-dEH5QgGIXiNCOEceSWGNNEl8nlqHPsSBJhQrYbShDsnJe2Mm48ZairRwIV0WHGnqiwiFZ_yfz664wX35nqXlyYzFSGJ1K_PRfhJFGw', 'expires_in': 3599, 'refresh_token': '1//04a2tq0ZJsZlmCgYIARAAGAQSNwF-L9IrqWE0HaTsE0pulrmKv_8qS4canldS0E8yeuRL-NrNuECFm-GNL1R2MEPrMt3uHhD7Aro', 'scope': ['openid', 'https://www.googleapis.com/auth/cloud-platform', 'https://www.googleapis.com/auth/userinfo.email', 'https://www.googleapis.com/auth/accounts.reauth'], 'token_type': 'Bearer', 'id_token': 'eyJhbGciOiJSUzI1NiIsImtpZCI6IjQ4NmYxNjQ4MjAwNWEyY2RhZjI2ZDkyMTQwMThkMDI5Y2E0NmZiNTYiLCJ0eXAiOiJKV1QifQ.eyJpc3MiOiJodHRwczovL2FjY291bnRzLmdvb2dsZS5jb20iLCJhenAiOiI3NjQwODYwNTE4NTAtNnFyNHA2Z3BpNmhuNTA2cHQ4ZWp1cTgzZGkzNDFodXIuYXBwcy5nb29nbGV1c2VyY29udGVudC5jb20iLCJhdWQiOiI3NjQwODYwNTE4NTAtNnFyNHA2Z3BpNmhuNTA2cHQ4ZWp1cTgzZGkzNDFodXIuYXBwcy5nb29nbGV1c2VyY29udGVudC5jb20iLCJzdWIiOiIxMDQ3NTc2OTYxMzA5NzgxMzI0MzgiLCJoZCI6ImNyb3dkcmlmZi5jb20iLCJlbWFpbCI6ImJyaXR0b24uamVubmVyQGNyb3dkcmlmZi5jb20iLCJlbWFpbF92ZXJpZmllZCI6dHJ1ZSwiYXRfaGFzaCI6ImNtRVMxOTF0MUhYbjRNX3ljUnFjVVEiLCJpYXQiOjE2NTM1MTIwMTYsImV4cCI6MTY1MzUxNTYxNn0.G1M5Xf8X3Yo4iAUa0ezMIIMB56E7oMuqpXWV8m9NeGr_Pao25d1uwgWs02a4cNdJQO_7GKxgNeJhpZvRGPW_16ElKskMDQ3labURMy9JE66vQKla3m2a2LTc3I1w0KE0jsgEYsM6UNW7hEoD-GJPaS_7InF7Vx5_YPMbqv0mOAVQbTKFYLGiYQfn3nhHRhX3BGONsQEs9rs7D4qYbeMbPWFHETV_ItICUSLInaJx5SLXREA8Iga5Xih7WencE8w-iwB5YROZk47AtyCDU7P74kLTnYiHZmmhtn1JEoQ1QdgUOGEEajpxQPNqImDra2IbRcJA369ouvm5Azs3CUBFDg', 'expires_at': 1653515615.775701}.
2022-05-25 16:53:36,781 INFO     ___FILE_ONLY___ 
Credentials saved to file: [/Users/britton.jenner/.config/gcloud/application_default_credentials.json]

2022-05-25 16:53:36,781 INFO     ___FILE_ONLY___ 
These credentials will be used by any library that requests Application Default Credentials (ADC).

2022-05-25 16:53:36,791 INFO     root            Using alternate credentials from file: [/Users/britton.jenner/.config/gcloud/application_default_credentials.json]
2022-05-25 16:53:36,795 DEBUG    google.auth.transport.requests Making request: POST https://oauth2.googleapis.com/token
2022-05-25 16:53:36,799 DEBUG    urllib3.connectionpool Starting new HTTPS connection (1): oauth2.googleapis.com:443
2022-05-25 16:53:36,920 DEBUG    urllib3.connectionpool https://oauth2.googleapis.com:443 "POST /token HTTP/1.1" 200 None
2022-05-25 16:53:36,925 INFO     root            Using alternate credentials from file: [/Users/britton.jenner/.config/gcloud/application_default_credentials.json]
2022-05-25 16:53:36,946 DEBUG    urllib3.connectionpool Starting new HTTPS connection (1): cloudresourcemanager.googleapis.com:443
2022-05-25 16:53:37,178 DEBUG    urllib3.connectionpool https://cloudresourcemanager.googleapis.com:443 "POST /v1/projects/crowdriff-stories-dev:testIamPermissions?alt=json HTTP/1.1" 200 None
2022-05-25 16:53:37,180 INFO     ___FILE_ONLY___ 
Quota project "crowdriff-stories-dev" was added to ADC which can be used by Google client libraries for billing and quota. Note that some services may still bill the project owning the resource.

2022-05-25 16:53:37,181 INFO     root            Display format: "none"
2022-05-25 16:53:37,203 DEBUG    root            Metrics reporting process started...
