2022-05-16 09:29:18,218 DEBUG    root            Loaded Command Group: ['gcloud', 'config']
2022-05-16 09:29:18,219 DEBUG    root            Loaded Command Group: ['gcloud', 'config', 'config_helper']
2022-05-16 09:29:18,220 DEBUG    root            Running [gcloud.config.config-helper] with arguments: [--format: "json"]
2022-05-16 09:29:18,222 INFO     root            Display format: "default json"
2022-05-16 09:29:18,222 INFO     ___FILE_ONLY___ {
  "configuration": {
    "active_configuration": "default",
    "properties": {
      "compute": {
        "zone": "us-central1"
      },
      "core": {
        "account": "britton.jenner@crowdriff.com",
        "disable_usage_reporting": "False",
        "project": "crowdriff-stories-dev"
      }
    }
  },
  "credential": {
    "access_token": "ya29.A0ARrdaM9DIh-dFMzj9z6LpOA1ce5Np-puovfzMtl2RdoaAOPynRLLg1_xzbe-DEhbsSVew1YuYgoDcfEaO6PTeSqHgKnmbXIzSM0ZpVOwFLHXcG7-shXqb1CS393gc_xawg1-NEUiJ521G9mVwv98ycQUptlO_NOrEWKq7ks",
    "id_token": "eyJhbGciOiJSUzI1NiIsImtpZCI6ImIxYTgyNTllYjA3NjYwZWYyMzc4MWM4NWI3ODQ5YmZhMGExYzgwNmMiLCJ0eXAiOiJKV1QifQ.eyJpc3MiOiJodHRwczovL2FjY291bnRzLmdvb2dsZS5jb20iLCJhenAiOiIzMjU1NTk0MDU1OS5hcHBzLmdvb2dsZXVzZXJjb250ZW50LmNvbSIsImF1ZCI6IjMyNTU1OTQwNTU5LmFwcHMuZ29vZ2xldXNlcmNvbnRlbnQuY29tIiwic3ViIjoiMTA0NzU3Njk2MTMwOTc4MTMyNDM4IiwiaGQiOiJjcm93ZHJpZmYuY29tIiwiZW1haWwiOiJicml0dG9uLmplbm5lckBjcm93ZHJpZmYuY29tIiwiZW1haWxfdmVyaWZpZWQiOnRydWUsImF0X2hhc2giOiJicWJKWEp0TTNLemJDSlRMYXJTZUJnIiwiaWF0IjoxNjUyNzA2NDM4LCJleHAiOjE2NTI3MTAwMzh9.TQzTzyKpIXisOa9jq4xcuLGzR3AfALq-CpkPKDqxhm05Dk3DliPuHSwn0VJVb4y3wS9kxqop1JDJdjJ5iQtNN8ypIVCQQwt6B0Al1OeLqE88d0m-UP7at0v-9lunnjd4SWHDKv4xqOAvXorja_73FL5Ppp9KAKfTGi4ziThfr2Gkk_sUJyVAqAR7M3K04YU3pfXSTkwWlcUBet-8mZ4tCOWsu5jG4_HiRlOm_dOaie0kOneduqTUK8qm5xfBNiyONZXWVtDVvJB0kDsyCtaKliE0ecNaP84gPEmMU4X_U3FWJ1vHk7dQD6N1djB6CwDM9I7SEVc9VpRytCQNpEBthw",
    "token_expiry": "2022-05-16T14:07:17Z"
  },
  "sentinels": {
    "config_sentinel": "/Users/britton.jenner/.config/gcloud/config_sentinel"
  }
}
2022-05-16 09:29:18,222 INFO     ___FILE_ONLY___ 

2022-05-16 09:29:18,227 DEBUG    root            Metrics reporting process started...
