2022-05-16 14:02:18,555 DEBUG    root            Loaded Command Group: ['gcloud', 'config']
2022-05-16 14:02:18,558 DEBUG    root            Loaded Command Group: ['gcloud', 'config', 'config_helper']
2022-05-16 14:02:18,559 DEBUG    root            Running [gcloud.config.config-helper] with arguments: [--format: "json", --min-expiry: "3600"]
2022-05-16 14:02:18,565 DEBUG    google.auth.transport.requests Making request: POST https://oauth2.googleapis.com/token
2022-05-16 14:02:18,572 DEBUG    urllib3.connectionpool Starting new HTTPS connection (1): oauth2.googleapis.com:443
2022-05-16 14:02:18,689 DEBUG    urllib3.connectionpool https://oauth2.googleapis.com:443 "POST /token HTTP/1.1" 200 None
2022-05-16 14:02:18,692 INFO     root            Display format: "default json"
2022-05-16 14:02:18,693 INFO     ___FILE_ONLY___ {
  "configuration": {
    "active_configuration": "default",
    "properties": {
      "compute": {
        "zone": "us-central1"
      },
      "core": {
        "account": "britton.jenner@crowdriff.com",
        "disable_usage_reporting": "False",
        "project": "crowdriff-stories-dev"
      }
    }
  },
  "credential": {
    "access_token": "ya29.a0ARrdaM9LaJdp8wPUe-wuSW33Ee6yF-1P6IHi90szoUpwyCbc8D9R2qPVTNKSQcWpNDBsk2QpKkDMuPWBUa8MNddJryRX8ZIlR0mPkXJfwyMxXKElIZ9kc6QpZC611mxaVRGOCSqX1cSkcShLL2bQvLzxxcf1lFJRZLl21oU",
    "id_token": "eyJhbGciOiJSUzI1NiIsImtpZCI6ImIxYTgyNTllYjA3NjYwZWYyMzc4MWM4NWI3ODQ5YmZhMGExYzgwNmMiLCJ0eXAiOiJKV1QifQ.eyJpc3MiOiJodHRwczovL2FjY291bnRzLmdvb2dsZS5jb20iLCJhenAiOiIzMjU1NTk0MDU1OS5hcHBzLmdvb2dsZXVzZXJjb250ZW50LmNvbSIsImF1ZCI6IjMyNTU1OTQwNTU5LmFwcHMuZ29vZ2xldXNlcmNvbnRlbnQuY29tIiwic3ViIjoiMTA0NzU3Njk2MTMwOTc4MTMyNDM4IiwiaGQiOiJjcm93ZHJpZmYuY29tIiwiZW1haWwiOiJicml0dG9uLmplbm5lckBjcm93ZHJpZmYuY29tIiwiZW1haWxfdmVyaWZpZWQiOnRydWUsImF0X2hhc2giOiJKdTEyQVlYdmloUzQ3YWwwb3FIOEZ3IiwiaWF0IjoxNjUyNzI0MTM4LCJleHAiOjE2NTI3Mjc3Mzh9.rQKVZ75gN3EeFQ1POZ3OILScNL9uSR-GJ_9LxSyB-TDSHA0qzd7m5nIxvyI0NfQWVcKNUJg0Hg3AE1hredODMPKeOMuD6zyEzASl266uXZg0P_kzOZrQv0_Iy4-4-HGK1IU1ETxqZmlX933TJenS_-8vHomupMsFTIZBXNCxrQvgNq2LduY7xUe10oahb7jeNa7ZgxsyqjLGYxSjMO9oQ7Hs2C_CxAKFSNylBCYtIB8EG0Rc3bNKmKql-VYFktcaSqVT47j31oTt5fwpxpoTy12sCvpGR9_W07fQ0eG3MNDlLc22qq1DdeuXArfsVNL1ga9mlOGZi_HdWv_OOhggaA",
    "token_expiry": "2022-05-16T19:02:17Z"
  },
  "sentinels": {
    "config_sentinel": "/Users/britton.jenner/.config/gcloud/config_sentinel"
  }
}
2022-05-16 14:02:18,693 INFO     ___FILE_ONLY___ 

2022-05-16 14:02:18,698 DEBUG    root            Metrics reporting process started...
