2022-05-16 16:57:04,420 DEBUG    root            Loaded Command Group: ['gcloud', 'config']
2022-05-16 16:57:04,422 DEBUG    root            Loaded Command Group: ['gcloud', 'config', 'config_helper']
2022-05-16 16:57:04,423 DEBUG    root            Running [gcloud.config.config-helper] with arguments: [--format: "json"]
2022-05-16 16:57:04,428 INFO     root            Display format: "default json"
2022-05-16 16:57:04,429 INFO     ___FILE_ONLY___ {
  "configuration": {
    "active_configuration": "default",
    "properties": {
      "compute": {
        "zone": "us-central1"
      },
      "core": {
        "account": "britton.jenner@crowdriff.com",
        "disable_usage_reporting": "False",
        "project": "crowdriff-stories-dev"
      }
    }
  },
  "credential": {
    "access_token": "ya29.A0ARrdaM9TvKGs-KwGu75pdwbc_in_Hbn8dBwRxdTuY4CkSStPVA-hfvIikBrmQbx4WYtJpGDvt2ZrFvSQvgXfR_-2nwldEYG-XCudjQX745fi42PZ2bUBcJwA3mfspGu2doaos4sAif1qol4FaGx62E_ZxqP2CVdW5G0oLZA",
    "id_token": "eyJhbGciOiJSUzI1NiIsImtpZCI6ImIxYTgyNTllYjA3NjYwZWYyMzc4MWM4NWI3ODQ5YmZhMGExYzgwNmMiLCJ0eXAiOiJKV1QifQ.eyJpc3MiOiJodHRwczovL2FjY291bnRzLmdvb2dsZS5jb20iLCJhenAiOiIzMjU1NTk0MDU1OS5hcHBzLmdvb2dsZXVzZXJjb250ZW50LmNvbSIsImF1ZCI6IjMyNTU1OTQwNTU5LmFwcHMuZ29vZ2xldXNlcmNvbnRlbnQuY29tIiwic3ViIjoiMTA0NzU3Njk2MTMwOTc4MTMyNDM4IiwiaGQiOiJjcm93ZHJpZmYuY29tIiwiZW1haWwiOiJicml0dG9uLmplbm5lckBjcm93ZHJpZmYuY29tIiwiZW1haWxfdmVyaWZpZWQiOnRydWUsImF0X2hhc2giOiJxVnphaUR5MkF1YkotYUgwbjI1Q2NnIiwiaWF0IjoxNjUyNzMzNDk4LCJleHAiOjE2NTI3MzcwOTh9.BC0qJbQIlMbfMSAx8h-YvJRDfTiB_9FFRejnXLY2UsFOU2RbAE47PeWYyfIGaNdzp_GdUTsx3l27Ae7SbDcpTe5FSiRyhYu7UrCShitNmT5dXTSLx_cMH6J6O8fNXhBJTRYfeW2ddYjS3pKzdRhCtwantyALkSWcVr0ENXrtK6eqjdtj9v1P0hYC-5-rumKzlB-X-qRqVaFdyR1qCZoJw-SqdWQeCbKPK2zoRr1s9Tvg6cH9YRzpbeY021KK6cxcntIlxJlwXs22cJ5LZoyxjTox48S2Qlmca6BGbgrL1PRK9E6-FuEefd8zcBNj28YcR_lfnNu_DezpP97hCZ1U1g",
    "token_expiry": "2022-05-16T21:38:17Z"
  },
  "sentinels": {
    "config_sentinel": "/Users/britton.jenner/.config/gcloud/config_sentinel"
  }
}
2022-05-16 16:57:04,429 INFO     ___FILE_ONLY___ 

2022-05-16 16:57:04,432 DEBUG    root            Metrics reporting process started...
