2022-05-19 09:29:13,677 DEBUG    root            Loaded Command Group: ['gcloud', 'functions']
2022-05-19 09:29:13,705 DEBUG    root            Loaded Command Group: ['gcloud', 'functions', 'deploy']
2022-05-19 09:29:13,712 DEBUG    root            Running [gcloud.functions.deploy] with arguments: [--entry-point: "entrypoint", --env-vars-file: "{'NODE_ENV': 'production', 'NODE_PATH': '.', 'GATEWAY_BASE': 'https://story-network-gateway.crowdriff.com', 'SERVICE_ACCOUNT': 'github-actions@crowdriff-stories-prod.iam.gserviceaccount.com', 'GOOGLE_CLOUD_PROJECT': 'crowdriff-stories-prod'}", --memory: "256Mi", --runtime: "nodejs14", --source: "dist/", --timeout: "540", --trigger-topic: "stories-es-sync", NAME: "stories-es-sync"]
2022-05-19 09:29:13,721 DEBUG    urllib3.connectionpool Starting new HTTPS connection (1): cloudfunctions.googleapis.com:443
2022-05-19 09:29:13,902 DEBUG    urllib3.connectionpool https://cloudfunctions.googleapis.com:443 "GET /v1/projects/crowdriff-stories-prod/locations/us-central1/functions/stories-es-sync?alt=json HTTP/1.1" 200 None
2022-05-19 09:29:13,909 INFO     root            Not using ignore file.
2022-05-19 09:29:13,910 INFO     root            Not using ignore file.
2022-05-19 09:29:13,930 DEBUG    urllib3.connectionpool Starting new HTTPS connection (1): cloudfunctions.googleapis.com:443
2022-05-19 09:29:14,433 DEBUG    urllib3.connectionpool https://cloudfunctions.googleapis.com:443 "POST /v1/projects/crowdriff-stories-prod/locations/us-central1/functions:generateUploadUrl?alt=json HTTP/1.1" 200 None
2022-05-19 09:29:14,441 DEBUG    urllib3.connectionpool Starting new HTTPS connection (1): storage.googleapis.com:443
2022-05-19 09:29:14,740 DEBUG    urllib3.connectionpool https://storage.googleapis.com:443 "PUT /uploads-447683951867.us-central1.cloudfunctions.appspot.com/78f1d2b5-23dd-42a7-bfff-0f679ca68587.zip?GoogleAccessId=service-844241651460%40gcf-admin-robot.iam.gserviceaccount.com&Expires=1652968754&Signature=tQpsgClUUsDoCRXBm0zBMVIWHqZ6yxdwIaDNcu%2BfT7W36HA5rFNRDw%2Bv1iqu6ymRN3czTGvPhKVwQQkr0lnIuyHFiBsLIKuVjoQrkspkU5iR5ouQ%2FKIE2aGMTh1j%2BRP%2BHTvi9Nr4rKZrASaib3apEzfgs4UknC0a5Zqeen7nt9JwF16AM49iS%2FpV9xTtSjBj%2Fc6GZh6eO4i6NqMU7ZEWq4RiAq3H6x%2FvKpo0rilfMxgMkzLQSuDv4E9Uu0aI7vf0iNWHX4eegKq%2BFBkQFwkd7s8FH7T0oGF7HabetJyAlkP21x3mP4zJuaBjUZyf1BcDl4Inu3gb49fDnmYdlarnCw%3D%3D HTTP/1.1" 200 0
2022-05-19 09:29:14,752 DEBUG    urllib3.connectionpool Starting new HTTPS connection (1): cloudfunctions.googleapis.com:443
2022-05-19 09:29:15,237 DEBUG    urllib3.connectionpool https://cloudfunctions.googleapis.com:443 "PATCH /v1/projects/crowdriff-stories-prod/locations/us-central1/functions/stories-es-sync?alt=json&updateMask=availableMemoryMb%2CentryPoint%2CeventTrigger%2ChttpsTrigger%2Cruntime%2CsourceUploadUrl%2Ctimeout HTTP/1.1" 200 None
2022-05-19 09:29:15,251 INFO     ___FILE_ONLY___ Deploying function (may take a while - up to 2 minutes)...
2022-05-19 09:29:15,255 DEBUG    urllib3.connectionpool Starting new HTTPS connection (1): cloudfunctions.googleapis.com:443
2022-05-19 09:29:15,447 DEBUG    urllib3.connectionpool https://cloudfunctions.googleapis.com:443 "GET /v1/operations/Y3Jvd2RyaWZmLXN0b3JpZXMtcHJvZC91cy1jZW50cmFsMS9zdG9yaWVzLWVzLXN5bmMvNmRNSzdNUWVFazA?alt=json HTTP/1.1" 200 None
2022-05-19 09:29:16,891 DEBUG    urllib3.connectionpool https://cloudfunctions.googleapis.com:443 "GET /v1/operations/Y3Jvd2RyaWZmLXN0b3JpZXMtcHJvZC91cy1jZW50cmFsMS9zdG9yaWVzLWVzLXN5bmMvNmRNSzdNUWVFazA?alt=json HTTP/1.1" 200 None
2022-05-19 09:29:16,907 INFO     ___FILE_ONLY___ 
For Cloud Build Logs, visit: https://console.cloud.google.com/cloud-build/builds;region=us-central1/df630c1f-dffa-459e-b6af-ec5c8ee8eaef?project=844241651460

2022-05-19 09:29:18,519 DEBUG    urllib3.connectionpool https://cloudfunctions.googleapis.com:443 "GET /v1/operations/Y3Jvd2RyaWZmLXN0b3JpZXMtcHJvZC91cy1jZW50cmFsMS9zdG9yaWVzLWVzLXN5bmMvNmRNSzdNUWVFazA?alt=json HTTP/1.1" 200 None
2022-05-19 09:29:19,903 DEBUG    urllib3.connectionpool https://cloudfunctions.googleapis.com:443 "GET /v1/operations/Y3Jvd2RyaWZmLXN0b3JpZXMtcHJvZC91cy1jZW50cmFsMS9zdG9yaWVzLWVzLXN5bmMvNmRNSzdNUWVFazA?alt=json HTTP/1.1" 200 None
2022-05-19 09:29:21,746 DEBUG    urllib3.connectionpool https://cloudfunctions.googleapis.com:443 "GET /v1/operations/Y3Jvd2RyaWZmLXN0b3JpZXMtcHJvZC91cy1jZW50cmFsMS9zdG9yaWVzLWVzLXN5bmMvNmRNSzdNUWVFazA?alt=json HTTP/1.1" 200 None
2022-05-19 09:29:23,139 DEBUG    urllib3.connectionpool https://cloudfunctions.googleapis.com:443 "GET /v1/operations/Y3Jvd2RyaWZmLXN0b3JpZXMtcHJvZC91cy1jZW50cmFsMS9zdG9yaWVzLWVzLXN5bmMvNmRNSzdNUWVFazA?alt=json HTTP/1.1" 200 None
2022-05-19 09:29:24,873 DEBUG    urllib3.connectionpool https://cloudfunctions.googleapis.com:443 "GET /v1/operations/Y3Jvd2RyaWZmLXN0b3JpZXMtcHJvZC91cy1jZW50cmFsMS9zdG9yaWVzLWVzLXN5bmMvNmRNSzdNUWVFazA?alt=json HTTP/1.1" 200 None
2022-05-19 09:29:26,738 DEBUG    urllib3.connectionpool https://cloudfunctions.googleapis.com:443 "GET /v1/operations/Y3Jvd2RyaWZmLXN0b3JpZXMtcHJvZC91cy1jZW50cmFsMS9zdG9yaWVzLWVzLXN5bmMvNmRNSzdNUWVFazA?alt=json HTTP/1.1" 200 None
2022-05-19 09:29:28,044 DEBUG    urllib3.connectionpool https://cloudfunctions.googleapis.com:443 "GET /v1/operations/Y3Jvd2RyaWZmLXN0b3JpZXMtcHJvZC91cy1jZW50cmFsMS9zdG9yaWVzLWVzLXN5bmMvNmRNSzdNUWVFazA?alt=json HTTP/1.1" 200 None
2022-05-19 09:29:30,076 DEBUG    urllib3.connectionpool https://cloudfunctions.googleapis.com:443 "GET /v1/operations/Y3Jvd2RyaWZmLXN0b3JpZXMtcHJvZC91cy1jZW50cmFsMS9zdG9yaWVzLWVzLXN5bmMvNmRNSzdNUWVFazA?alt=json HTTP/1.1" 200 None
2022-05-19 09:29:31,413 DEBUG    urllib3.connectionpool https://cloudfunctions.googleapis.com:443 "GET /v1/operations/Y3Jvd2RyaWZmLXN0b3JpZXMtcHJvZC91cy1jZW50cmFsMS9zdG9yaWVzLWVzLXN5bmMvNmRNSzdNUWVFazA?alt=json HTTP/1.1" 200 None
2022-05-19 09:29:32,717 DEBUG    urllib3.connectionpool https://cloudfunctions.googleapis.com:443 "GET /v1/operations/Y3Jvd2RyaWZmLXN0b3JpZXMtcHJvZC91cy1jZW50cmFsMS9zdG9yaWVzLWVzLXN5bmMvNmRNSzdNUWVFazA?alt=json HTTP/1.1" 200 None
2022-05-19 09:29:34,374 DEBUG    urllib3.connectionpool https://cloudfunctions.googleapis.com:443 "GET /v1/operations/Y3Jvd2RyaWZmLXN0b3JpZXMtcHJvZC91cy1jZW50cmFsMS9zdG9yaWVzLWVzLXN5bmMvNmRNSzdNUWVFazA?alt=json HTTP/1.1" 200 None
2022-05-19 09:29:35,842 DEBUG    urllib3.connectionpool https://cloudfunctions.googleapis.com:443 "GET /v1/operations/Y3Jvd2RyaWZmLXN0b3JpZXMtcHJvZC91cy1jZW50cmFsMS9zdG9yaWVzLWVzLXN5bmMvNmRNSzdNUWVFazA?alt=json HTTP/1.1" 200 None
2022-05-19 09:29:37,815 DEBUG    urllib3.connectionpool https://cloudfunctions.googleapis.com:443 "GET /v1/operations/Y3Jvd2RyaWZmLXN0b3JpZXMtcHJvZC91cy1jZW50cmFsMS9zdG9yaWVzLWVzLXN5bmMvNmRNSzdNUWVFazA?alt=json HTTP/1.1" 200 None
2022-05-19 09:29:38,946 DEBUG    urllib3.connectionpool https://cloudfunctions.googleapis.com:443 "GET /v1/operations/Y3Jvd2RyaWZmLXN0b3JpZXMtcHJvZC91cy1jZW50cmFsMS9zdG9yaWVzLWVzLXN5bmMvNmRNSzdNUWVFazA?alt=json HTTP/1.1" 200 None
2022-05-19 09:29:40,668 DEBUG    urllib3.connectionpool https://cloudfunctions.googleapis.com:443 "GET /v1/operations/Y3Jvd2RyaWZmLXN0b3JpZXMtcHJvZC91cy1jZW50cmFsMS9zdG9yaWVzLWVzLXN5bmMvNmRNSzdNUWVFazA?alt=json HTTP/1.1" 200 None
2022-05-19 09:29:42,119 DEBUG    urllib3.connectionpool https://cloudfunctions.googleapis.com:443 "GET /v1/operations/Y3Jvd2RyaWZmLXN0b3JpZXMtcHJvZC91cy1jZW50cmFsMS9zdG9yaWVzLWVzLXN5bmMvNmRNSzdNUWVFazA?alt=json HTTP/1.1" 200 None
2022-05-19 09:29:43,406 DEBUG    urllib3.connectionpool https://cloudfunctions.googleapis.com:443 "GET /v1/operations/Y3Jvd2RyaWZmLXN0b3JpZXMtcHJvZC91cy1jZW50cmFsMS9zdG9yaWVzLWVzLXN5bmMvNmRNSzdNUWVFazA?alt=json HTTP/1.1" 200 None
2022-05-19 09:29:45,007 DEBUG    urllib3.connectionpool https://cloudfunctions.googleapis.com:443 "GET /v1/operations/Y3Jvd2RyaWZmLXN0b3JpZXMtcHJvZC91cy1jZW50cmFsMS9zdG9yaWVzLWVzLXN5bmMvNmRNSzdNUWVFazA?alt=json HTTP/1.1" 200 None
2022-05-19 09:29:46,270 DEBUG    urllib3.connectionpool https://cloudfunctions.googleapis.com:443 "GET /v1/operations/Y3Jvd2RyaWZmLXN0b3JpZXMtcHJvZC91cy1jZW50cmFsMS9zdG9yaWVzLWVzLXN5bmMvNmRNSzdNUWVFazA?alt=json HTTP/1.1" 200 None
2022-05-19 09:29:47,543 DEBUG    urllib3.connectionpool https://cloudfunctions.googleapis.com:443 "GET /v1/operations/Y3Jvd2RyaWZmLXN0b3JpZXMtcHJvZC91cy1jZW50cmFsMS9zdG9yaWVzLWVzLXN5bmMvNmRNSzdNUWVFazA?alt=json HTTP/1.1" 200 None
2022-05-19 09:29:48,687 DEBUG    urllib3.connectionpool https://cloudfunctions.googleapis.com:443 "GET /v1/operations/Y3Jvd2RyaWZmLXN0b3JpZXMtcHJvZC91cy1jZW50cmFsMS9zdG9yaWVzLWVzLXN5bmMvNmRNSzdNUWVFazA?alt=json HTTP/1.1" 200 None
2022-05-19 09:29:50,052 DEBUG    urllib3.connectionpool https://cloudfunctions.googleapis.com:443 "GET /v1/operations/Y3Jvd2RyaWZmLXN0b3JpZXMtcHJvZC91cy1jZW50cmFsMS9zdG9yaWVzLWVzLXN5bmMvNmRNSzdNUWVFazA?alt=json HTTP/1.1" 200 None
2022-05-19 09:29:51,737 DEBUG    urllib3.connectionpool https://cloudfunctions.googleapis.com:443 "GET /v1/operations/Y3Jvd2RyaWZmLXN0b3JpZXMtcHJvZC91cy1jZW50cmFsMS9zdG9yaWVzLWVzLXN5bmMvNmRNSzdNUWVFazA?alt=json HTTP/1.1" 200 None
2022-05-19 09:29:53,257 DEBUG    urllib3.connectionpool https://cloudfunctions.googleapis.com:443 "GET /v1/operations/Y3Jvd2RyaWZmLXN0b3JpZXMtcHJvZC91cy1jZW50cmFsMS9zdG9yaWVzLWVzLXN5bmMvNmRNSzdNUWVFazA?alt=json HTTP/1.1" 200 None
2022-05-19 09:29:54,879 DEBUG    urllib3.connectionpool https://cloudfunctions.googleapis.com:443 "GET /v1/operations/Y3Jvd2RyaWZmLXN0b3JpZXMtcHJvZC91cy1jZW50cmFsMS9zdG9yaWVzLWVzLXN5bmMvNmRNSzdNUWVFazA?alt=json HTTP/1.1" 200 None
2022-05-19 09:29:56,282 DEBUG    urllib3.connectionpool https://cloudfunctions.googleapis.com:443 "GET /v1/operations/Y3Jvd2RyaWZmLXN0b3JpZXMtcHJvZC91cy1jZW50cmFsMS9zdG9yaWVzLWVzLXN5bmMvNmRNSzdNUWVFazA?alt=json HTTP/1.1" 200 None
2022-05-19 09:29:58,304 DEBUG    urllib3.connectionpool https://cloudfunctions.googleapis.com:443 "GET /v1/operations/Y3Jvd2RyaWZmLXN0b3JpZXMtcHJvZC91cy1jZW50cmFsMS9zdG9yaWVzLWVzLXN5bmMvNmRNSzdNUWVFazA?alt=json HTTP/1.1" 200 None
2022-05-19 09:29:59,598 DEBUG    urllib3.connectionpool https://cloudfunctions.googleapis.com:443 "GET /v1/operations/Y3Jvd2RyaWZmLXN0b3JpZXMtcHJvZC91cy1jZW50cmFsMS9zdG9yaWVzLWVzLXN5bmMvNmRNSzdNUWVFazA?alt=json HTTP/1.1" 200 None
2022-05-19 09:30:01,064 DEBUG    urllib3.connectionpool https://cloudfunctions.googleapis.com:443 "GET /v1/operations/Y3Jvd2RyaWZmLXN0b3JpZXMtcHJvZC91cy1jZW50cmFsMS9zdG9yaWVzLWVzLXN5bmMvNmRNSzdNUWVFazA?alt=json HTTP/1.1" 200 None
2022-05-19 09:30:03,111 DEBUG    urllib3.connectionpool https://cloudfunctions.googleapis.com:443 "GET /v1/operations/Y3Jvd2RyaWZmLXN0b3JpZXMtcHJvZC91cy1jZW50cmFsMS9zdG9yaWVzLWVzLXN5bmMvNmRNSzdNUWVFazA?alt=json HTTP/1.1" 200 None
2022-05-19 09:30:04,538 DEBUG    urllib3.connectionpool https://cloudfunctions.googleapis.com:443 "GET /v1/operations/Y3Jvd2RyaWZmLXN0b3JpZXMtcHJvZC91cy1jZW50cmFsMS9zdG9yaWVzLWVzLXN5bmMvNmRNSzdNUWVFazA?alt=json HTTP/1.1" 200 None
2022-05-19 09:30:06,472 DEBUG    urllib3.connectionpool https://cloudfunctions.googleapis.com:443 "GET /v1/operations/Y3Jvd2RyaWZmLXN0b3JpZXMtcHJvZC91cy1jZW50cmFsMS9zdG9yaWVzLWVzLXN5bmMvNmRNSzdNUWVFazA?alt=json HTTP/1.1" 200 None
2022-05-19 09:30:08,147 DEBUG    urllib3.connectionpool https://cloudfunctions.googleapis.com:443 "GET /v1/operations/Y3Jvd2RyaWZmLXN0b3JpZXMtcHJvZC91cy1jZW50cmFsMS9zdG9yaWVzLWVzLXN5bmMvNmRNSzdNUWVFazA?alt=json HTTP/1.1" 200 None
2022-05-19 09:30:10,003 DEBUG    urllib3.connectionpool https://cloudfunctions.googleapis.com:443 "GET /v1/operations/Y3Jvd2RyaWZmLXN0b3JpZXMtcHJvZC91cy1jZW50cmFsMS9zdG9yaWVzLWVzLXN5bmMvNmRNSzdNUWVFazA?alt=json HTTP/1.1" 200 None
2022-05-19 09:30:11,497 DEBUG    urllib3.connectionpool https://cloudfunctions.googleapis.com:443 "GET /v1/operations/Y3Jvd2RyaWZmLXN0b3JpZXMtcHJvZC91cy1jZW50cmFsMS9zdG9yaWVzLWVzLXN5bmMvNmRNSzdNUWVFazA?alt=json HTTP/1.1" 200 None
2022-05-19 09:30:13,587 DEBUG    urllib3.connectionpool https://cloudfunctions.googleapis.com:443 "GET /v1/operations/Y3Jvd2RyaWZmLXN0b3JpZXMtcHJvZC91cy1jZW50cmFsMS9zdG9yaWVzLWVzLXN5bmMvNmRNSzdNUWVFazA?alt=json HTTP/1.1" 200 None
2022-05-19 09:30:15,689 DEBUG    urllib3.connectionpool https://cloudfunctions.googleapis.com:443 "GET /v1/operations/Y3Jvd2RyaWZmLXN0b3JpZXMtcHJvZC91cy1jZW50cmFsMS9zdG9yaWVzLWVzLXN5bmMvNmRNSzdNUWVFazA?alt=json HTTP/1.1" 200 None
2022-05-19 09:30:17,144 DEBUG    urllib3.connectionpool https://cloudfunctions.googleapis.com:443 "GET /v1/operations/Y3Jvd2RyaWZmLXN0b3JpZXMtcHJvZC91cy1jZW50cmFsMS9zdG9yaWVzLWVzLXN5bmMvNmRNSzdNUWVFazA?alt=json HTTP/1.1" 200 None
2022-05-19 09:30:18,373 DEBUG    urllib3.connectionpool https://cloudfunctions.googleapis.com:443 "GET /v1/operations/Y3Jvd2RyaWZmLXN0b3JpZXMtcHJvZC91cy1jZW50cmFsMS9zdG9yaWVzLWVzLXN5bmMvNmRNSzdNUWVFazA?alt=json HTTP/1.1" 200 None
2022-05-19 09:30:20,011 DEBUG    urllib3.connectionpool https://cloudfunctions.googleapis.com:443 "GET /v1/operations/Y3Jvd2RyaWZmLXN0b3JpZXMtcHJvZC91cy1jZW50cmFsMS9zdG9yaWVzLWVzLXN5bmMvNmRNSzdNUWVFazA?alt=json HTTP/1.1" 200 None
2022-05-19 09:30:21,255 DEBUG    urllib3.connectionpool https://cloudfunctions.googleapis.com:443 "GET /v1/operations/Y3Jvd2RyaWZmLXN0b3JpZXMtcHJvZC91cy1jZW50cmFsMS9zdG9yaWVzLWVzLXN5bmMvNmRNSzdNUWVFazA?alt=json HTTP/1.1" 200 None
2022-05-19 09:30:23,041 DEBUG    urllib3.connectionpool https://cloudfunctions.googleapis.com:443 "GET /v1/operations/Y3Jvd2RyaWZmLXN0b3JpZXMtcHJvZC91cy1jZW50cmFsMS9zdG9yaWVzLWVzLXN5bmMvNmRNSzdNUWVFazA?alt=json HTTP/1.1" 200 None
2022-05-19 09:30:24,506 DEBUG    urllib3.connectionpool https://cloudfunctions.googleapis.com:443 "GET /v1/operations/Y3Jvd2RyaWZmLXN0b3JpZXMtcHJvZC91cy1jZW50cmFsMS9zdG9yaWVzLWVzLXN5bmMvNmRNSzdNUWVFazA?alt=json HTTP/1.1" 200 None
2022-05-19 09:30:26,547 DEBUG    urllib3.connectionpool https://cloudfunctions.googleapis.com:443 "GET /v1/operations/Y3Jvd2RyaWZmLXN0b3JpZXMtcHJvZC91cy1jZW50cmFsMS9zdG9yaWVzLWVzLXN5bmMvNmRNSzdNUWVFazA?alt=json HTTP/1.1" 200 None
2022-05-19 09:30:28,304 DEBUG    urllib3.connectionpool https://cloudfunctions.googleapis.com:443 "GET /v1/operations/Y3Jvd2RyaWZmLXN0b3JpZXMtcHJvZC91cy1jZW50cmFsMS9zdG9yaWVzLWVzLXN5bmMvNmRNSzdNUWVFazA?alt=json HTTP/1.1" 200 None
2022-05-19 09:30:29,536 DEBUG    urllib3.connectionpool https://cloudfunctions.googleapis.com:443 "GET /v1/operations/Y3Jvd2RyaWZmLXN0b3JpZXMtcHJvZC91cy1jZW50cmFsMS9zdG9yaWVzLWVzLXN5bmMvNmRNSzdNUWVFazA?alt=json HTTP/1.1" 200 None
2022-05-19 09:30:31,543 DEBUG    urllib3.connectionpool https://cloudfunctions.googleapis.com:443 "GET /v1/operations/Y3Jvd2RyaWZmLXN0b3JpZXMtcHJvZC91cy1jZW50cmFsMS9zdG9yaWVzLWVzLXN5bmMvNmRNSzdNUWVFazA?alt=json HTTP/1.1" 200 None
2022-05-19 09:30:33,060 DEBUG    urllib3.connectionpool https://cloudfunctions.googleapis.com:443 "GET /v1/operations/Y3Jvd2RyaWZmLXN0b3JpZXMtcHJvZC91cy1jZW50cmFsMS9zdG9yaWVzLWVzLXN5bmMvNmRNSzdNUWVFazA?alt=json HTTP/1.1" 200 None
2022-05-19 09:30:34,406 DEBUG    urllib3.connectionpool https://cloudfunctions.googleapis.com:443 "GET /v1/operations/Y3Jvd2RyaWZmLXN0b3JpZXMtcHJvZC91cy1jZW50cmFsMS9zdG9yaWVzLWVzLXN5bmMvNmRNSzdNUWVFazA?alt=json HTTP/1.1" 200 None
2022-05-19 09:30:36,334 DEBUG    urllib3.connectionpool https://cloudfunctions.googleapis.com:443 "GET /v1/operations/Y3Jvd2RyaWZmLXN0b3JpZXMtcHJvZC91cy1jZW50cmFsMS9zdG9yaWVzLWVzLXN5bmMvNmRNSzdNUWVFazA?alt=json HTTP/1.1" 200 None
2022-05-19 09:30:38,045 DEBUG    urllib3.connectionpool https://cloudfunctions.googleapis.com:443 "GET /v1/operations/Y3Jvd2RyaWZmLXN0b3JpZXMtcHJvZC91cy1jZW50cmFsMS9zdG9yaWVzLWVzLXN5bmMvNmRNSzdNUWVFazA?alt=json HTTP/1.1" 200 None
2022-05-19 09:30:40,071 DEBUG    urllib3.connectionpool https://cloudfunctions.googleapis.com:443 "GET /v1/operations/Y3Jvd2RyaWZmLXN0b3JpZXMtcHJvZC91cy1jZW50cmFsMS9zdG9yaWVzLWVzLXN5bmMvNmRNSzdNUWVFazA?alt=json HTTP/1.1" 200 None
2022-05-19 09:30:41,835 DEBUG    urllib3.connectionpool https://cloudfunctions.googleapis.com:443 "GET /v1/operations/Y3Jvd2RyaWZmLXN0b3JpZXMtcHJvZC91cy1jZW50cmFsMS9zdG9yaWVzLWVzLXN5bmMvNmRNSzdNUWVFazA?alt=json HTTP/1.1" 200 None
2022-05-19 09:30:43,507 DEBUG    urllib3.connectionpool https://cloudfunctions.googleapis.com:443 "GET /v1/operations/Y3Jvd2RyaWZmLXN0b3JpZXMtcHJvZC91cy1jZW50cmFsMS9zdG9yaWVzLWVzLXN5bmMvNmRNSzdNUWVFazA?alt=json HTTP/1.1" 200 None
2022-05-19 09:30:45,612 DEBUG    urllib3.connectionpool https://cloudfunctions.googleapis.com:443 "GET /v1/operations/Y3Jvd2RyaWZmLXN0b3JpZXMtcHJvZC91cy1jZW50cmFsMS9zdG9yaWVzLWVzLXN5bmMvNmRNSzdNUWVFazA?alt=json HTTP/1.1" 200 None
2022-05-19 09:30:47,019 DEBUG    urllib3.connectionpool https://cloudfunctions.googleapis.com:443 "GET /v1/operations/Y3Jvd2RyaWZmLXN0b3JpZXMtcHJvZC91cy1jZW50cmFsMS9zdG9yaWVzLWVzLXN5bmMvNmRNSzdNUWVFazA?alt=json HTTP/1.1" 200 None
2022-05-19 09:30:48,207 DEBUG    urllib3.connectionpool https://cloudfunctions.googleapis.com:443 "GET /v1/operations/Y3Jvd2RyaWZmLXN0b3JpZXMtcHJvZC91cy1jZW50cmFsMS9zdG9yaWVzLWVzLXN5bmMvNmRNSzdNUWVFazA?alt=json HTTP/1.1" 200 None
2022-05-19 09:30:49,477 DEBUG    urllib3.connectionpool https://cloudfunctions.googleapis.com:443 "GET /v1/operations/Y3Jvd2RyaWZmLXN0b3JpZXMtcHJvZC91cy1jZW50cmFsMS9zdG9yaWVzLWVzLXN5bmMvNmRNSzdNUWVFazA?alt=json HTTP/1.1" 200 None
2022-05-19 09:30:50,947 DEBUG    urllib3.connectionpool https://cloudfunctions.googleapis.com:443 "GET /v1/operations/Y3Jvd2RyaWZmLXN0b3JpZXMtcHJvZC91cy1jZW50cmFsMS9zdG9yaWVzLWVzLXN5bmMvNmRNSzdNUWVFazA?alt=json HTTP/1.1" 200 None
2022-05-19 09:30:52,954 DEBUG    urllib3.connectionpool https://cloudfunctions.googleapis.com:443 "GET /v1/operations/Y3Jvd2RyaWZmLXN0b3JpZXMtcHJvZC91cy1jZW50cmFsMS9zdG9yaWVzLWVzLXN5bmMvNmRNSzdNUWVFazA?alt=json HTTP/1.1" 200 None
2022-05-19 09:30:54,454 DEBUG    urllib3.connectionpool https://cloudfunctions.googleapis.com:443 "GET /v1/operations/Y3Jvd2RyaWZmLXN0b3JpZXMtcHJvZC91cy1jZW50cmFsMS9zdG9yaWVzLWVzLXN5bmMvNmRNSzdNUWVFazA?alt=json HTTP/1.1" 200 None
2022-05-19 09:30:55,774 DEBUG    urllib3.connectionpool https://cloudfunctions.googleapis.com:443 "GET /v1/operations/Y3Jvd2RyaWZmLXN0b3JpZXMtcHJvZC91cy1jZW50cmFsMS9zdG9yaWVzLWVzLXN5bmMvNmRNSzdNUWVFazA?alt=json HTTP/1.1" 200 None
2022-05-19 09:30:57,219 DEBUG    urllib3.connectionpool https://cloudfunctions.googleapis.com:443 "GET /v1/operations/Y3Jvd2RyaWZmLXN0b3JpZXMtcHJvZC91cy1jZW50cmFsMS9zdG9yaWVzLWVzLXN5bmMvNmRNSzdNUWVFazA?alt=json HTTP/1.1" 200 None
2022-05-19 09:30:58,810 DEBUG    urllib3.connectionpool https://cloudfunctions.googleapis.com:443 "GET /v1/operations/Y3Jvd2RyaWZmLXN0b3JpZXMtcHJvZC91cy1jZW50cmFsMS9zdG9yaWVzLWVzLXN5bmMvNmRNSzdNUWVFazA?alt=json HTTP/1.1" 200 None
2022-05-19 09:31:00,557 DEBUG    urllib3.connectionpool https://cloudfunctions.googleapis.com:443 "GET /v1/operations/Y3Jvd2RyaWZmLXN0b3JpZXMtcHJvZC91cy1jZW50cmFsMS9zdG9yaWVzLWVzLXN5bmMvNmRNSzdNUWVFazA?alt=json HTTP/1.1" 200 None
2022-05-19 09:31:01,715 DEBUG    urllib3.connectionpool https://cloudfunctions.googleapis.com:443 "GET /v1/operations/Y3Jvd2RyaWZmLXN0b3JpZXMtcHJvZC91cy1jZW50cmFsMS9zdG9yaWVzLWVzLXN5bmMvNmRNSzdNUWVFazA?alt=json HTTP/1.1" 200 None
2022-05-19 09:31:03,598 DEBUG    urllib3.connectionpool https://cloudfunctions.googleapis.com:443 "GET /v1/operations/Y3Jvd2RyaWZmLXN0b3JpZXMtcHJvZC91cy1jZW50cmFsMS9zdG9yaWVzLWVzLXN5bmMvNmRNSzdNUWVFazA?alt=json HTTP/1.1" 200 None
2022-05-19 09:31:05,685 DEBUG    urllib3.connectionpool https://cloudfunctions.googleapis.com:443 "GET /v1/operations/Y3Jvd2RyaWZmLXN0b3JpZXMtcHJvZC91cy1jZW50cmFsMS9zdG9yaWVzLWVzLXN5bmMvNmRNSzdNUWVFazA?alt=json HTTP/1.1" 200 None
2022-05-19 09:31:06,956 DEBUG    urllib3.connectionpool https://cloudfunctions.googleapis.com:443 "GET /v1/operations/Y3Jvd2RyaWZmLXN0b3JpZXMtcHJvZC91cy1jZW50cmFsMS9zdG9yaWVzLWVzLXN5bmMvNmRNSzdNUWVFazA?alt=json HTTP/1.1" 200 None
2022-05-19 09:31:08,180 DEBUG    urllib3.connectionpool https://cloudfunctions.googleapis.com:443 "GET /v1/operations/Y3Jvd2RyaWZmLXN0b3JpZXMtcHJvZC91cy1jZW50cmFsMS9zdG9yaWVzLWVzLXN5bmMvNmRNSzdNUWVFazA?alt=json HTTP/1.1" 200 None
2022-05-19 09:31:10,081 DEBUG    urllib3.connectionpool https://cloudfunctions.googleapis.com:443 "GET /v1/operations/Y3Jvd2RyaWZmLXN0b3JpZXMtcHJvZC91cy1jZW50cmFsMS9zdG9yaWVzLWVzLXN5bmMvNmRNSzdNUWVFazA?alt=json HTTP/1.1" 200 None
2022-05-19 09:31:11,389 DEBUG    urllib3.connectionpool https://cloudfunctions.googleapis.com:443 "GET /v1/operations/Y3Jvd2RyaWZmLXN0b3JpZXMtcHJvZC91cy1jZW50cmFsMS9zdG9yaWVzLWVzLXN5bmMvNmRNSzdNUWVFazA?alt=json HTTP/1.1" 200 None
2022-05-19 09:31:13,221 DEBUG    urllib3.connectionpool https://cloudfunctions.googleapis.com:443 "GET /v1/operations/Y3Jvd2RyaWZmLXN0b3JpZXMtcHJvZC91cy1jZW50cmFsMS9zdG9yaWVzLWVzLXN5bmMvNmRNSzdNUWVFazA?alt=json HTTP/1.1" 200 None
2022-05-19 09:31:13,263 DEBUG    urllib3.connectionpool Starting new HTTPS connection (1): cloudfunctions.googleapis.com:443
2022-05-19 09:31:13,444 DEBUG    urllib3.connectionpool https://cloudfunctions.googleapis.com:443 "GET /v1/projects/crowdriff-stories-prod/locations/us-central1/functions/stories-es-sync?alt=json HTTP/1.1" 200 None
2022-05-19 09:31:13,452 INFO     root            Display format: "default"
2022-05-19 09:31:13,460 INFO     ___FILE_ONLY___ availableMemoryMb
2022-05-19 09:31:13,460 INFO     ___FILE_ONLY___ :
2022-05-19 09:31:13,460 INFO     ___FILE_ONLY___  
2022-05-19 09:31:13,460 INFO     ___FILE_ONLY___ 256
2022-05-19 09:31:13,460 INFO     ___FILE_ONLY___ 

2022-05-19 09:31:13,461 INFO     ___FILE_ONLY___ buildId
2022-05-19 09:31:13,461 INFO     ___FILE_ONLY___ :
2022-05-19 09:31:13,461 INFO     ___FILE_ONLY___  
2022-05-19 09:31:13,461 INFO     ___FILE_ONLY___ df630c1f-dffa-459e-b6af-ec5c8ee8eaef
2022-05-19 09:31:13,461 INFO     ___FILE_ONLY___ 

2022-05-19 09:31:13,461 INFO     ___FILE_ONLY___ buildName
2022-05-19 09:31:13,462 INFO     ___FILE_ONLY___ :
2022-05-19 09:31:13,462 INFO     ___FILE_ONLY___  
2022-05-19 09:31:13,462 INFO     ___FILE_ONLY___ projects/844241651460/locations/us-central1/builds/df630c1f-dffa-459e-b6af-ec5c8ee8eaef
2022-05-19 09:31:13,462 INFO     ___FILE_ONLY___ 

2022-05-19 09:31:13,462 INFO     ___FILE_ONLY___ dockerRegistry
2022-05-19 09:31:13,462 INFO     ___FILE_ONLY___ :
2022-05-19 09:31:13,463 INFO     ___FILE_ONLY___  
2022-05-19 09:31:13,463 INFO     ___FILE_ONLY___ CONTAINER_REGISTRY
2022-05-19 09:31:13,463 INFO     ___FILE_ONLY___ 

2022-05-19 09:31:13,463 INFO     ___FILE_ONLY___ entryPoint
2022-05-19 09:31:13,463 INFO     ___FILE_ONLY___ :
2022-05-19 09:31:13,463 INFO     ___FILE_ONLY___  
2022-05-19 09:31:13,463 INFO     ___FILE_ONLY___ entrypoint
2022-05-19 09:31:13,463 INFO     ___FILE_ONLY___ 

2022-05-19 09:31:13,463 INFO     ___FILE_ONLY___ environmentVariables
2022-05-19 09:31:13,464 INFO     ___FILE_ONLY___ :
2022-05-19 09:31:13,464 INFO     ___FILE_ONLY___ 

2022-05-19 09:31:13,464 INFO     ___FILE_ONLY___   
2022-05-19 09:31:13,464 INFO     ___FILE_ONLY___ GATEWAY_BASE
2022-05-19 09:31:13,464 INFO     ___FILE_ONLY___ :
2022-05-19 09:31:13,464 INFO     ___FILE_ONLY___  
2022-05-19 09:31:13,464 INFO     ___FILE_ONLY___ https://story-network-gateway.crowdriff.com
2022-05-19 09:31:13,464 INFO     ___FILE_ONLY___ 

2022-05-19 09:31:13,464 INFO     ___FILE_ONLY___   
2022-05-19 09:31:13,465 INFO     ___FILE_ONLY___ GOOGLE_CLOUD_PROJECT
2022-05-19 09:31:13,465 INFO     ___FILE_ONLY___ :
2022-05-19 09:31:13,465 INFO     ___FILE_ONLY___  
2022-05-19 09:31:13,465 INFO     ___FILE_ONLY___ crowdriff-stories-prod
2022-05-19 09:31:13,465 INFO     ___FILE_ONLY___ 

2022-05-19 09:31:13,465 INFO     ___FILE_ONLY___   
2022-05-19 09:31:13,465 INFO     ___FILE_ONLY___ NODE_ENV
2022-05-19 09:31:13,465 INFO     ___FILE_ONLY___ :
2022-05-19 09:31:13,465 INFO     ___FILE_ONLY___  
2022-05-19 09:31:13,466 INFO     ___FILE_ONLY___ production
2022-05-19 09:31:13,466 INFO     ___FILE_ONLY___ 

2022-05-19 09:31:13,466 INFO     ___FILE_ONLY___   
2022-05-19 09:31:13,466 INFO     ___FILE_ONLY___ NODE_PATH
2022-05-19 09:31:13,466 INFO     ___FILE_ONLY___ :
2022-05-19 09:31:13,466 INFO     ___FILE_ONLY___  
2022-05-19 09:31:13,466 INFO     ___FILE_ONLY___ .
2022-05-19 09:31:13,466 INFO     ___FILE_ONLY___ 

2022-05-19 09:31:13,466 INFO     ___FILE_ONLY___   
2022-05-19 09:31:13,466 INFO     ___FILE_ONLY___ SERVICE_ACCOUNT
2022-05-19 09:31:13,466 INFO     ___FILE_ONLY___ :
2022-05-19 09:31:13,466 INFO     ___FILE_ONLY___  
2022-05-19 09:31:13,466 INFO     ___FILE_ONLY___ github-actions@crowdriff-stories-prod.iam.gserviceaccount.com
2022-05-19 09:31:13,466 INFO     ___FILE_ONLY___ 

2022-05-19 09:31:13,466 INFO     ___FILE_ONLY___ eventTrigger
2022-05-19 09:31:13,467 INFO     ___FILE_ONLY___ :
2022-05-19 09:31:13,467 INFO     ___FILE_ONLY___ 

2022-05-19 09:31:13,467 INFO     ___FILE_ONLY___   
2022-05-19 09:31:13,467 INFO     ___FILE_ONLY___ eventType
2022-05-19 09:31:13,467 INFO     ___FILE_ONLY___ :
2022-05-19 09:31:13,467 INFO     ___FILE_ONLY___  
2022-05-19 09:31:13,467 INFO     ___FILE_ONLY___ google.pubsub.topic.publish
2022-05-19 09:31:13,467 INFO     ___FILE_ONLY___ 

2022-05-19 09:31:13,467 INFO     ___FILE_ONLY___   
2022-05-19 09:31:13,467 INFO     ___FILE_ONLY___ failurePolicy
2022-05-19 09:31:13,467 INFO     ___FILE_ONLY___ :
2022-05-19 09:31:13,467 INFO     ___FILE_ONLY___  {
2022-05-19 09:31:13,467 INFO     ___FILE_ONLY___ }
2022-05-19 09:31:13,467 INFO     ___FILE_ONLY___ 

2022-05-19 09:31:13,467 INFO     ___FILE_ONLY___   
2022-05-19 09:31:13,467 INFO     ___FILE_ONLY___ resource
2022-05-19 09:31:13,467 INFO     ___FILE_ONLY___ :
2022-05-19 09:31:13,467 INFO     ___FILE_ONLY___  
2022-05-19 09:31:13,467 INFO     ___FILE_ONLY___ projects/crowdriff-stories-prod/topics/stories-es-sync
2022-05-19 09:31:13,467 INFO     ___FILE_ONLY___ 

2022-05-19 09:31:13,467 INFO     ___FILE_ONLY___   
2022-05-19 09:31:13,467 INFO     ___FILE_ONLY___ service
2022-05-19 09:31:13,467 INFO     ___FILE_ONLY___ :
2022-05-19 09:31:13,467 INFO     ___FILE_ONLY___  
2022-05-19 09:31:13,467 INFO     ___FILE_ONLY___ pubsub.googleapis.com
2022-05-19 09:31:13,467 INFO     ___FILE_ONLY___ 

2022-05-19 09:31:13,467 INFO     ___FILE_ONLY___ ingressSettings
2022-05-19 09:31:13,468 INFO     ___FILE_ONLY___ :
2022-05-19 09:31:13,468 INFO     ___FILE_ONLY___  
2022-05-19 09:31:13,468 INFO     ___FILE_ONLY___ ALLOW_ALL
2022-05-19 09:31:13,468 INFO     ___FILE_ONLY___ 

2022-05-19 09:31:13,468 INFO     ___FILE_ONLY___ labels
2022-05-19 09:31:13,468 INFO     ___FILE_ONLY___ :
2022-05-19 09:31:13,468 INFO     ___FILE_ONLY___ 

2022-05-19 09:31:13,468 INFO     ___FILE_ONLY___   
2022-05-19 09:31:13,468 INFO     ___FILE_ONLY___ deployment-tool
2022-05-19 09:31:13,468 INFO     ___FILE_ONLY___ :
2022-05-19 09:31:13,468 INFO     ___FILE_ONLY___  
2022-05-19 09:31:13,468 INFO     ___FILE_ONLY___ cli-gcloud
2022-05-19 09:31:13,468 INFO     ___FILE_ONLY___ 

2022-05-19 09:31:13,468 INFO     ___FILE_ONLY___ name
2022-05-19 09:31:13,468 INFO     ___FILE_ONLY___ :
2022-05-19 09:31:13,468 INFO     ___FILE_ONLY___  
2022-05-19 09:31:13,468 INFO     ___FILE_ONLY___ projects/crowdriff-stories-prod/locations/us-central1/functions/stories-es-sync
2022-05-19 09:31:13,468 INFO     ___FILE_ONLY___ 

2022-05-19 09:31:13,468 INFO     ___FILE_ONLY___ runtime
2022-05-19 09:31:13,468 INFO     ___FILE_ONLY___ :
2022-05-19 09:31:13,468 INFO     ___FILE_ONLY___  
2022-05-19 09:31:13,468 INFO     ___FILE_ONLY___ nodejs14
2022-05-19 09:31:13,468 INFO     ___FILE_ONLY___ 

2022-05-19 09:31:13,468 INFO     ___FILE_ONLY___ serviceAccountEmail
2022-05-19 09:31:13,468 INFO     ___FILE_ONLY___ :
2022-05-19 09:31:13,468 INFO     ___FILE_ONLY___  
2022-05-19 09:31:13,468 INFO     ___FILE_ONLY___ crowdriff-stories-prod@appspot.gserviceaccount.com
2022-05-19 09:31:13,468 INFO     ___FILE_ONLY___ 

2022-05-19 09:31:13,468 INFO     ___FILE_ONLY___ sourceUploadUrl
2022-05-19 09:31:13,469 INFO     ___FILE_ONLY___ :
2022-05-19 09:31:13,469 INFO     ___FILE_ONLY___  
2022-05-19 09:31:13,469 INFO     ___FILE_ONLY___ https://storage.googleapis.com/uploads-447683951867.us-central1.cloudfunctions.appspot.com/78f1d2b5-23dd-42a7-bfff-0f679ca68587.zip
2022-05-19 09:31:13,469 INFO     ___FILE_ONLY___ 

2022-05-19 09:31:13,469 INFO     ___FILE_ONLY___ status
2022-05-19 09:31:13,469 INFO     ___FILE_ONLY___ :
2022-05-19 09:31:13,469 INFO     ___FILE_ONLY___  
2022-05-19 09:31:13,469 INFO     ___FILE_ONLY___ ACTIVE
2022-05-19 09:31:13,469 INFO     ___FILE_ONLY___ 

2022-05-19 09:31:13,469 INFO     ___FILE_ONLY___ timeout
2022-05-19 09:31:13,469 INFO     ___FILE_ONLY___ :
2022-05-19 09:31:13,469 INFO     ___FILE_ONLY___  
2022-05-19 09:31:13,469 INFO     ___FILE_ONLY___ 540s
2022-05-19 09:31:13,469 INFO     ___FILE_ONLY___ 

2022-05-19 09:31:13,469 INFO     ___FILE_ONLY___ updateTime
2022-05-19 09:31:13,469 INFO     ___FILE_ONLY___ :
2022-05-19 09:31:13,469 INFO     ___FILE_ONLY___  '
2022-05-19 09:31:13,470 INFO     ___FILE_ONLY___ 2022-05-19T13:31:12.405Z
2022-05-19 09:31:13,470 INFO     ___FILE_ONLY___ '
2022-05-19 09:31:13,470 INFO     ___FILE_ONLY___ 

2022-05-19 09:31:13,470 INFO     ___FILE_ONLY___ versionId
2022-05-19 09:31:13,470 INFO     ___FILE_ONLY___ :
2022-05-19 09:31:13,470 INFO     ___FILE_ONLY___  '
2022-05-19 09:31:13,470 INFO     ___FILE_ONLY___ 4
2022-05-19 09:31:13,470 INFO     ___FILE_ONLY___ '
2022-05-19 09:31:13,470 INFO     ___FILE_ONLY___ 

2022-05-19 09:31:13,478 DEBUG    root            Metrics reporting process started...
