2022-05-19 09:24:08,464 DEBUG    root            Loaded Command Group: ['gcloud', 'functions']
2022-05-19 09:24:08,507 DEBUG    root            Loaded Command Group: ['gcloud', 'functions', 'deploy']
2022-05-19 09:24:08,515 DEBUG    root            Running [gcloud.functions.deploy] with arguments: [--entry-point: "entrypoint", --env-vars-file: "{'NODE_ENV': 'production', 'NODE_PATH': '.', 'GATEWAY_BASE': 'https://story-network-gateway.crowdriff.com', 'SERVICE_ACCOUNT': 'github-actions@crowdriff-stories-prod.iam.gserviceaccount.com', 'GOOGLE_CLOUD_PROJECT': 'crowdriff-stories-prod'}", --memory: "256Mi", --runtime: "nodejs14", --source: "dist/", --timeout: "540", --trigger-topic: "stories-es-sync", NAME: "stories-es-sync"]
2022-05-19 09:24:08,567 DEBUG    urllib3.connectionpool Starting new HTTPS connection (1): cloudfunctions.googleapis.com:443
2022-05-19 09:24:08,845 DEBUG    urllib3.connectionpool https://cloudfunctions.googleapis.com:443 "GET /v1/projects/crowdriff-stories-dev/locations/us-central1/functions/stories-es-sync?alt=json HTTP/1.1" 200 None
2022-05-19 09:24:08,852 INFO     root            Not using ignore file.
2022-05-19 09:24:08,854 INFO     root            Not using ignore file.
2022-05-19 09:24:08,885 DEBUG    urllib3.connectionpool Starting new HTTPS connection (1): cloudfunctions.googleapis.com:443
2022-05-19 09:24:09,566 DEBUG    urllib3.connectionpool https://cloudfunctions.googleapis.com:443 "POST /v1/projects/crowdriff-stories-dev/locations/us-central1/functions:generateUploadUrl?alt=json HTTP/1.1" 200 None
2022-05-19 09:24:09,608 DEBUG    urllib3.connectionpool Starting new HTTPS connection (1): storage.googleapis.com:443
2022-05-19 09:24:09,848 DEBUG    urllib3.connectionpool https://storage.googleapis.com:443 "PUT /uploads-556841579775.us-central1.cloudfunctions.appspot.com/7f014c80-4782-45f9-b8ca-59e13e2d65d2.zip?GoogleAccessId=service-31098141265%40gcf-admin-robot.iam.gserviceaccount.com&Expires=1652968449&Signature=PIHJmE1aCV2eP6qd7V5LpkpnMzprToY7EwAmOk0NGu%2FrBXEl7Gz%2Bf9DK%2F5OMetcCqOyx3ziBZ50e0LUtIKxGhNfiHFh9xwMcI8EfclKSrLQW0aX1UGZl9i0l9H%2BLwvxp1LzQUY8%2Bd8kiMlmQr5D%2BQ2xGmgasrWqStPOh0iRizuuCiugb%2BBK2Bo6WZJkDkpYYWrPet7xcmck%2BnvXJgUOxkJBzJLRz1s2qKu%2B8fLcWvr9yrI1DDN7orKZKJaltOSz3H29Ze5f84JVnNp9MP3BInNBzx3hgt7qfxkVLQZ4CLIc%2BA5BaFgb18elsmMRlgZRxypwwP73lZpNJfDevqsgO7Q%3D%3D HTTP/1.1" 200 0
2022-05-19 09:24:09,864 DEBUG    urllib3.connectionpool Starting new HTTPS connection (1): cloudfunctions.googleapis.com:443
2022-05-19 09:24:10,277 DEBUG    urllib3.connectionpool https://cloudfunctions.googleapis.com:443 "PATCH /v1/projects/crowdriff-stories-dev/locations/us-central1/functions/stories-es-sync?alt=json&updateMask=availableMemoryMb%2CentryPoint%2CeventTrigger%2ChttpsTrigger%2Cruntime%2CsourceUploadUrl%2Ctimeout HTTP/1.1" 200 None
2022-05-19 09:24:10,286 INFO     ___FILE_ONLY___ Deploying function (may take a while - up to 2 minutes)...
2022-05-19 09:24:10,289 DEBUG    urllib3.connectionpool Starting new HTTPS connection (1): cloudfunctions.googleapis.com:443
2022-05-19 09:24:10,479 DEBUG    urllib3.connectionpool https://cloudfunctions.googleapis.com:443 "GET /v1/operations/Y3Jvd2RyaWZmLXN0b3JpZXMtZGV2L3VzLWNlbnRyYWwxL3N0b3JpZXMtZXMtc3luYy9OdXNHeHBiQVRuNA?alt=json HTTP/1.1" 200 None
2022-05-19 09:24:12,053 DEBUG    urllib3.connectionpool https://cloudfunctions.googleapis.com:443 "GET /v1/operations/Y3Jvd2RyaWZmLXN0b3JpZXMtZGV2L3VzLWNlbnRyYWwxL3N0b3JpZXMtZXMtc3luYy9OdXNHeHBiQVRuNA?alt=json HTTP/1.1" 200 None
2022-05-19 09:24:12,062 INFO     ___FILE_ONLY___ 
For Cloud Build Logs, visit: https://console.cloud.google.com/cloud-build/builds;region=us-central1/bba50a39-dffb-4613-ad8f-075856c28979?project=31098141265

2022-05-19 09:24:13,444 DEBUG    urllib3.connectionpool https://cloudfunctions.googleapis.com:443 "GET /v1/operations/Y3Jvd2RyaWZmLXN0b3JpZXMtZGV2L3VzLWNlbnRyYWwxL3N0b3JpZXMtZXMtc3luYy9OdXNHeHBiQVRuNA?alt=json HTTP/1.1" 200 None
2022-05-19 09:24:15,493 DEBUG    urllib3.connectionpool https://cloudfunctions.googleapis.com:443 "GET /v1/operations/Y3Jvd2RyaWZmLXN0b3JpZXMtZGV2L3VzLWNlbnRyYWwxL3N0b3JpZXMtZXMtc3luYy9OdXNHeHBiQVRuNA?alt=json HTTP/1.1" 200 None
2022-05-19 09:24:16,675 DEBUG    urllib3.connectionpool https://cloudfunctions.googleapis.com:443 "GET /v1/operations/Y3Jvd2RyaWZmLXN0b3JpZXMtZGV2L3VzLWNlbnRyYWwxL3N0b3JpZXMtZXMtc3luYy9OdXNHeHBiQVRuNA?alt=json HTTP/1.1" 200 None
2022-05-19 09:24:17,838 DEBUG    urllib3.connectionpool https://cloudfunctions.googleapis.com:443 "GET /v1/operations/Y3Jvd2RyaWZmLXN0b3JpZXMtZGV2L3VzLWNlbnRyYWwxL3N0b3JpZXMtZXMtc3luYy9OdXNHeHBiQVRuNA?alt=json HTTP/1.1" 200 None
2022-05-19 09:24:19,025 DEBUG    urllib3.connectionpool https://cloudfunctions.googleapis.com:443 "GET /v1/operations/Y3Jvd2RyaWZmLXN0b3JpZXMtZGV2L3VzLWNlbnRyYWwxL3N0b3JpZXMtZXMtc3luYy9OdXNHeHBiQVRuNA?alt=json HTTP/1.1" 200 None
2022-05-19 09:24:21,095 DEBUG    urllib3.connectionpool https://cloudfunctions.googleapis.com:443 "GET /v1/operations/Y3Jvd2RyaWZmLXN0b3JpZXMtZGV2L3VzLWNlbnRyYWwxL3N0b3JpZXMtZXMtc3luYy9OdXNHeHBiQVRuNA?alt=json HTTP/1.1" 200 None
2022-05-19 09:24:22,660 DEBUG    urllib3.connectionpool https://cloudfunctions.googleapis.com:443 "GET /v1/operations/Y3Jvd2RyaWZmLXN0b3JpZXMtZGV2L3VzLWNlbnRyYWwxL3N0b3JpZXMtZXMtc3luYy9OdXNHeHBiQVRuNA?alt=json HTTP/1.1" 200 None
2022-05-19 09:24:23,953 DEBUG    urllib3.connectionpool https://cloudfunctions.googleapis.com:443 "GET /v1/operations/Y3Jvd2RyaWZmLXN0b3JpZXMtZGV2L3VzLWNlbnRyYWwxL3N0b3JpZXMtZXMtc3luYy9OdXNHeHBiQVRuNA?alt=json HTTP/1.1" 200 None
2022-05-19 09:24:25,928 DEBUG    urllib3.connectionpool https://cloudfunctions.googleapis.com:443 "GET /v1/operations/Y3Jvd2RyaWZmLXN0b3JpZXMtZGV2L3VzLWNlbnRyYWwxL3N0b3JpZXMtZXMtc3luYy9OdXNHeHBiQVRuNA?alt=json HTTP/1.1" 200 None
2022-05-19 09:24:27,421 DEBUG    urllib3.connectionpool https://cloudfunctions.googleapis.com:443 "GET /v1/operations/Y3Jvd2RyaWZmLXN0b3JpZXMtZGV2L3VzLWNlbnRyYWwxL3N0b3JpZXMtZXMtc3luYy9OdXNHeHBiQVRuNA?alt=json HTTP/1.1" 200 None
2022-05-19 09:24:28,746 DEBUG    urllib3.connectionpool https://cloudfunctions.googleapis.com:443 "GET /v1/operations/Y3Jvd2RyaWZmLXN0b3JpZXMtZGV2L3VzLWNlbnRyYWwxL3N0b3JpZXMtZXMtc3luYy9OdXNHeHBiQVRuNA?alt=json HTTP/1.1" 200 None
2022-05-19 09:24:30,372 DEBUG    urllib3.connectionpool https://cloudfunctions.googleapis.com:443 "GET /v1/operations/Y3Jvd2RyaWZmLXN0b3JpZXMtZGV2L3VzLWNlbnRyYWwxL3N0b3JpZXMtZXMtc3luYy9OdXNHeHBiQVRuNA?alt=json HTTP/1.1" 200 None
2022-05-19 09:24:31,804 DEBUG    urllib3.connectionpool https://cloudfunctions.googleapis.com:443 "GET /v1/operations/Y3Jvd2RyaWZmLXN0b3JpZXMtZGV2L3VzLWNlbnRyYWwxL3N0b3JpZXMtZXMtc3luYy9OdXNHeHBiQVRuNA?alt=json HTTP/1.1" 200 None
2022-05-19 09:24:33,085 DEBUG    urllib3.connectionpool https://cloudfunctions.googleapis.com:443 "GET /v1/operations/Y3Jvd2RyaWZmLXN0b3JpZXMtZGV2L3VzLWNlbnRyYWwxL3N0b3JpZXMtZXMtc3luYy9OdXNHeHBiQVRuNA?alt=json HTTP/1.1" 200 None
2022-05-19 09:24:35,063 DEBUG    urllib3.connectionpool https://cloudfunctions.googleapis.com:443 "GET /v1/operations/Y3Jvd2RyaWZmLXN0b3JpZXMtZGV2L3VzLWNlbnRyYWwxL3N0b3JpZXMtZXMtc3luYy9OdXNHeHBiQVRuNA?alt=json HTTP/1.1" 200 None
2022-05-19 09:24:36,931 DEBUG    urllib3.connectionpool https://cloudfunctions.googleapis.com:443 "GET /v1/operations/Y3Jvd2RyaWZmLXN0b3JpZXMtZGV2L3VzLWNlbnRyYWwxL3N0b3JpZXMtZXMtc3luYy9OdXNHeHBiQVRuNA?alt=json HTTP/1.1" 200 None
2022-05-19 09:24:38,211 DEBUG    urllib3.connectionpool https://cloudfunctions.googleapis.com:443 "GET /v1/operations/Y3Jvd2RyaWZmLXN0b3JpZXMtZGV2L3VzLWNlbnRyYWwxL3N0b3JpZXMtZXMtc3luYy9OdXNHeHBiQVRuNA?alt=json HTTP/1.1" 200 None
2022-05-19 09:24:40,142 DEBUG    urllib3.connectionpool https://cloudfunctions.googleapis.com:443 "GET /v1/operations/Y3Jvd2RyaWZmLXN0b3JpZXMtZGV2L3VzLWNlbnRyYWwxL3N0b3JpZXMtZXMtc3luYy9OdXNHeHBiQVRuNA?alt=json HTTP/1.1" 200 None
2022-05-19 09:24:42,198 DEBUG    urllib3.connectionpool https://cloudfunctions.googleapis.com:443 "GET /v1/operations/Y3Jvd2RyaWZmLXN0b3JpZXMtZGV2L3VzLWNlbnRyYWwxL3N0b3JpZXMtZXMtc3luYy9OdXNHeHBiQVRuNA?alt=json HTTP/1.1" 200 None
2022-05-19 09:24:44,009 DEBUG    urllib3.connectionpool https://cloudfunctions.googleapis.com:443 "GET /v1/operations/Y3Jvd2RyaWZmLXN0b3JpZXMtZGV2L3VzLWNlbnRyYWwxL3N0b3JpZXMtZXMtc3luYy9OdXNHeHBiQVRuNA?alt=json HTTP/1.1" 200 None
2022-05-19 09:24:45,930 DEBUG    urllib3.connectionpool https://cloudfunctions.googleapis.com:443 "GET /v1/operations/Y3Jvd2RyaWZmLXN0b3JpZXMtZGV2L3VzLWNlbnRyYWwxL3N0b3JpZXMtZXMtc3luYy9OdXNHeHBiQVRuNA?alt=json HTTP/1.1" 200 None
2022-05-19 09:24:47,408 DEBUG    urllib3.connectionpool https://cloudfunctions.googleapis.com:443 "GET /v1/operations/Y3Jvd2RyaWZmLXN0b3JpZXMtZGV2L3VzLWNlbnRyYWwxL3N0b3JpZXMtZXMtc3luYy9OdXNHeHBiQVRuNA?alt=json HTTP/1.1" 200 None
2022-05-19 09:24:49,123 DEBUG    urllib3.connectionpool https://cloudfunctions.googleapis.com:443 "GET /v1/operations/Y3Jvd2RyaWZmLXN0b3JpZXMtZGV2L3VzLWNlbnRyYWwxL3N0b3JpZXMtZXMtc3luYy9OdXNHeHBiQVRuNA?alt=json HTTP/1.1" 200 None
2022-05-19 09:24:50,867 DEBUG    urllib3.connectionpool https://cloudfunctions.googleapis.com:443 "GET /v1/operations/Y3Jvd2RyaWZmLXN0b3JpZXMtZGV2L3VzLWNlbnRyYWwxL3N0b3JpZXMtZXMtc3luYy9OdXNHeHBiQVRuNA?alt=json HTTP/1.1" 200 None
2022-05-19 09:24:52,023 DEBUG    urllib3.connectionpool https://cloudfunctions.googleapis.com:443 "GET /v1/operations/Y3Jvd2RyaWZmLXN0b3JpZXMtZGV2L3VzLWNlbnRyYWwxL3N0b3JpZXMtZXMtc3luYy9OdXNHeHBiQVRuNA?alt=json HTTP/1.1" 200 None
2022-05-19 09:24:53,741 DEBUG    urllib3.connectionpool https://cloudfunctions.googleapis.com:443 "GET /v1/operations/Y3Jvd2RyaWZmLXN0b3JpZXMtZGV2L3VzLWNlbnRyYWwxL3N0b3JpZXMtZXMtc3luYy9OdXNHeHBiQVRuNA?alt=json HTTP/1.1" 200 None
2022-05-19 09:24:55,127 DEBUG    urllib3.connectionpool https://cloudfunctions.googleapis.com:443 "GET /v1/operations/Y3Jvd2RyaWZmLXN0b3JpZXMtZGV2L3VzLWNlbnRyYWwxL3N0b3JpZXMtZXMtc3luYy9OdXNHeHBiQVRuNA?alt=json HTTP/1.1" 200 None
2022-05-19 09:24:56,933 DEBUG    urllib3.connectionpool https://cloudfunctions.googleapis.com:443 "GET /v1/operations/Y3Jvd2RyaWZmLXN0b3JpZXMtZGV2L3VzLWNlbnRyYWwxL3N0b3JpZXMtZXMtc3luYy9OdXNHeHBiQVRuNA?alt=json HTTP/1.1" 200 None
2022-05-19 09:24:58,606 DEBUG    urllib3.connectionpool https://cloudfunctions.googleapis.com:443 "GET /v1/operations/Y3Jvd2RyaWZmLXN0b3JpZXMtZGV2L3VzLWNlbnRyYWwxL3N0b3JpZXMtZXMtc3luYy9OdXNHeHBiQVRuNA?alt=json HTTP/1.1" 200 None
2022-05-19 09:25:00,224 DEBUG    urllib3.connectionpool https://cloudfunctions.googleapis.com:443 "GET /v1/operations/Y3Jvd2RyaWZmLXN0b3JpZXMtZGV2L3VzLWNlbnRyYWwxL3N0b3JpZXMtZXMtc3luYy9OdXNHeHBiQVRuNA?alt=json HTTP/1.1" 200 None
2022-05-19 09:25:01,351 DEBUG    urllib3.connectionpool https://cloudfunctions.googleapis.com:443 "GET /v1/operations/Y3Jvd2RyaWZmLXN0b3JpZXMtZGV2L3VzLWNlbnRyYWwxL3N0b3JpZXMtZXMtc3luYy9OdXNHeHBiQVRuNA?alt=json HTTP/1.1" 200 None
2022-05-19 09:25:02,939 DEBUG    urllib3.connectionpool https://cloudfunctions.googleapis.com:443 "GET /v1/operations/Y3Jvd2RyaWZmLXN0b3JpZXMtZGV2L3VzLWNlbnRyYWwxL3N0b3JpZXMtZXMtc3luYy9OdXNHeHBiQVRuNA?alt=json HTTP/1.1" 200 None
2022-05-19 09:25:04,194 DEBUG    urllib3.connectionpool https://cloudfunctions.googleapis.com:443 "GET /v1/operations/Y3Jvd2RyaWZmLXN0b3JpZXMtZGV2L3VzLWNlbnRyYWwxL3N0b3JpZXMtZXMtc3luYy9OdXNHeHBiQVRuNA?alt=json HTTP/1.1" 200 None
2022-05-19 09:25:05,982 DEBUG    urllib3.connectionpool https://cloudfunctions.googleapis.com:443 "GET /v1/operations/Y3Jvd2RyaWZmLXN0b3JpZXMtZGV2L3VzLWNlbnRyYWwxL3N0b3JpZXMtZXMtc3luYy9OdXNHeHBiQVRuNA?alt=json HTTP/1.1" 200 None
2022-05-19 09:25:07,865 DEBUG    urllib3.connectionpool https://cloudfunctions.googleapis.com:443 "GET /v1/operations/Y3Jvd2RyaWZmLXN0b3JpZXMtZGV2L3VzLWNlbnRyYWwxL3N0b3JpZXMtZXMtc3luYy9OdXNHeHBiQVRuNA?alt=json HTTP/1.1" 200 None
2022-05-19 09:25:09,223 DEBUG    urllib3.connectionpool https://cloudfunctions.googleapis.com:443 "GET /v1/operations/Y3Jvd2RyaWZmLXN0b3JpZXMtZGV2L3VzLWNlbnRyYWwxL3N0b3JpZXMtZXMtc3luYy9OdXNHeHBiQVRuNA?alt=json HTTP/1.1" 200 None
2022-05-19 09:25:10,727 DEBUG    urllib3.connectionpool https://cloudfunctions.googleapis.com:443 "GET /v1/operations/Y3Jvd2RyaWZmLXN0b3JpZXMtZGV2L3VzLWNlbnRyYWwxL3N0b3JpZXMtZXMtc3luYy9OdXNHeHBiQVRuNA?alt=json HTTP/1.1" 200 None
2022-05-19 09:25:12,724 DEBUG    urllib3.connectionpool https://cloudfunctions.googleapis.com:443 "GET /v1/operations/Y3Jvd2RyaWZmLXN0b3JpZXMtZGV2L3VzLWNlbnRyYWwxL3N0b3JpZXMtZXMtc3luYy9OdXNHeHBiQVRuNA?alt=json HTTP/1.1" 200 None
2022-05-19 09:25:14,742 DEBUG    urllib3.connectionpool https://cloudfunctions.googleapis.com:443 "GET /v1/operations/Y3Jvd2RyaWZmLXN0b3JpZXMtZGV2L3VzLWNlbnRyYWwxL3N0b3JpZXMtZXMtc3luYy9OdXNHeHBiQVRuNA?alt=json HTTP/1.1" 200 None
2022-05-19 09:25:16,266 DEBUG    urllib3.connectionpool https://cloudfunctions.googleapis.com:443 "GET /v1/operations/Y3Jvd2RyaWZmLXN0b3JpZXMtZGV2L3VzLWNlbnRyYWwxL3N0b3JpZXMtZXMtc3luYy9OdXNHeHBiQVRuNA?alt=json HTTP/1.1" 200 None
2022-05-19 09:25:17,882 DEBUG    urllib3.connectionpool https://cloudfunctions.googleapis.com:443 "GET /v1/operations/Y3Jvd2RyaWZmLXN0b3JpZXMtZGV2L3VzLWNlbnRyYWwxL3N0b3JpZXMtZXMtc3luYy9OdXNHeHBiQVRuNA?alt=json HTTP/1.1" 200 None
2022-05-19 09:25:19,975 DEBUG    urllib3.connectionpool https://cloudfunctions.googleapis.com:443 "GET /v1/operations/Y3Jvd2RyaWZmLXN0b3JpZXMtZGV2L3VzLWNlbnRyYWwxL3N0b3JpZXMtZXMtc3luYy9OdXNHeHBiQVRuNA?alt=json HTTP/1.1" 200 None
2022-05-19 09:25:21,172 DEBUG    urllib3.connectionpool https://cloudfunctions.googleapis.com:443 "GET /v1/operations/Y3Jvd2RyaWZmLXN0b3JpZXMtZGV2L3VzLWNlbnRyYWwxL3N0b3JpZXMtZXMtc3luYy9OdXNHeHBiQVRuNA?alt=json HTTP/1.1" 200 None
2022-05-19 09:25:23,119 DEBUG    urllib3.connectionpool https://cloudfunctions.googleapis.com:443 "GET /v1/operations/Y3Jvd2RyaWZmLXN0b3JpZXMtZGV2L3VzLWNlbnRyYWwxL3N0b3JpZXMtZXMtc3luYy9OdXNHeHBiQVRuNA?alt=json HTTP/1.1" 200 None
2022-05-19 09:25:24,392 DEBUG    urllib3.connectionpool https://cloudfunctions.googleapis.com:443 "GET /v1/operations/Y3Jvd2RyaWZmLXN0b3JpZXMtZGV2L3VzLWNlbnRyYWwxL3N0b3JpZXMtZXMtc3luYy9OdXNHeHBiQVRuNA?alt=json HTTP/1.1" 200 None
2022-05-19 09:25:26,442 DEBUG    urllib3.connectionpool https://cloudfunctions.googleapis.com:443 "GET /v1/operations/Y3Jvd2RyaWZmLXN0b3JpZXMtZGV2L3VzLWNlbnRyYWwxL3N0b3JpZXMtZXMtc3luYy9OdXNHeHBiQVRuNA?alt=json HTTP/1.1" 200 None
2022-05-19 09:25:28,550 DEBUG    urllib3.connectionpool https://cloudfunctions.googleapis.com:443 "GET /v1/operations/Y3Jvd2RyaWZmLXN0b3JpZXMtZGV2L3VzLWNlbnRyYWwxL3N0b3JpZXMtZXMtc3luYy9OdXNHeHBiQVRuNA?alt=json HTTP/1.1" 200 None
2022-05-19 09:25:29,941 DEBUG    urllib3.connectionpool https://cloudfunctions.googleapis.com:443 "GET /v1/operations/Y3Jvd2RyaWZmLXN0b3JpZXMtZGV2L3VzLWNlbnRyYWwxL3N0b3JpZXMtZXMtc3luYy9OdXNHeHBiQVRuNA?alt=json HTTP/1.1" 200 None
2022-05-19 09:25:31,829 DEBUG    urllib3.connectionpool https://cloudfunctions.googleapis.com:443 "GET /v1/operations/Y3Jvd2RyaWZmLXN0b3JpZXMtZGV2L3VzLWNlbnRyYWwxL3N0b3JpZXMtZXMtc3luYy9OdXNHeHBiQVRuNA?alt=json HTTP/1.1" 200 None
2022-05-19 09:25:33,814 DEBUG    urllib3.connectionpool https://cloudfunctions.googleapis.com:443 "GET /v1/operations/Y3Jvd2RyaWZmLXN0b3JpZXMtZGV2L3VzLWNlbnRyYWwxL3N0b3JpZXMtZXMtc3luYy9OdXNHeHBiQVRuNA?alt=json HTTP/1.1" 200 None
2022-05-19 09:25:35,761 DEBUG    urllib3.connectionpool https://cloudfunctions.googleapis.com:443 "GET /v1/operations/Y3Jvd2RyaWZmLXN0b3JpZXMtZGV2L3VzLWNlbnRyYWwxL3N0b3JpZXMtZXMtc3luYy9OdXNHeHBiQVRuNA?alt=json HTTP/1.1" 200 None
2022-05-19 09:25:37,628 DEBUG    urllib3.connectionpool https://cloudfunctions.googleapis.com:443 "GET /v1/operations/Y3Jvd2RyaWZmLXN0b3JpZXMtZGV2L3VzLWNlbnRyYWwxL3N0b3JpZXMtZXMtc3luYy9OdXNHeHBiQVRuNA?alt=json HTTP/1.1" 200 None
2022-05-19 09:25:38,839 DEBUG    urllib3.connectionpool https://cloudfunctions.googleapis.com:443 "GET /v1/operations/Y3Jvd2RyaWZmLXN0b3JpZXMtZGV2L3VzLWNlbnRyYWwxL3N0b3JpZXMtZXMtc3luYy9OdXNHeHBiQVRuNA?alt=json HTTP/1.1" 200 None
2022-05-19 09:25:40,878 DEBUG    urllib3.connectionpool https://cloudfunctions.googleapis.com:443 "GET /v1/operations/Y3Jvd2RyaWZmLXN0b3JpZXMtZGV2L3VzLWNlbnRyYWwxL3N0b3JpZXMtZXMtc3luYy9OdXNHeHBiQVRuNA?alt=json HTTP/1.1" 200 None
2022-05-19 09:25:42,424 DEBUG    urllib3.connectionpool https://cloudfunctions.googleapis.com:443 "GET /v1/operations/Y3Jvd2RyaWZmLXN0b3JpZXMtZGV2L3VzLWNlbnRyYWwxL3N0b3JpZXMtZXMtc3luYy9OdXNHeHBiQVRuNA?alt=json HTTP/1.1" 200 None
2022-05-19 09:25:43,644 DEBUG    urllib3.connectionpool https://cloudfunctions.googleapis.com:443 "GET /v1/operations/Y3Jvd2RyaWZmLXN0b3JpZXMtZGV2L3VzLWNlbnRyYWwxL3N0b3JpZXMtZXMtc3luYy9OdXNHeHBiQVRuNA?alt=json HTTP/1.1" 200 None
2022-05-19 09:25:45,214 DEBUG    urllib3.connectionpool https://cloudfunctions.googleapis.com:443 "GET /v1/operations/Y3Jvd2RyaWZmLXN0b3JpZXMtZGV2L3VzLWNlbnRyYWwxL3N0b3JpZXMtZXMtc3luYy9OdXNHeHBiQVRuNA?alt=json HTTP/1.1" 200 None
2022-05-19 09:25:47,052 DEBUG    urllib3.connectionpool https://cloudfunctions.googleapis.com:443 "GET /v1/operations/Y3Jvd2RyaWZmLXN0b3JpZXMtZGV2L3VzLWNlbnRyYWwxL3N0b3JpZXMtZXMtc3luYy9OdXNHeHBiQVRuNA?alt=json HTTP/1.1" 200 None
2022-05-19 09:25:48,787 DEBUG    urllib3.connectionpool https://cloudfunctions.googleapis.com:443 "GET /v1/operations/Y3Jvd2RyaWZmLXN0b3JpZXMtZGV2L3VzLWNlbnRyYWwxL3N0b3JpZXMtZXMtc3luYy9OdXNHeHBiQVRuNA?alt=json HTTP/1.1" 200 None
2022-05-19 09:25:50,462 DEBUG    urllib3.connectionpool https://cloudfunctions.googleapis.com:443 "GET /v1/operations/Y3Jvd2RyaWZmLXN0b3JpZXMtZGV2L3VzLWNlbnRyYWwxL3N0b3JpZXMtZXMtc3luYy9OdXNHeHBiQVRuNA?alt=json HTTP/1.1" 200 None
2022-05-19 09:25:52,558 DEBUG    urllib3.connectionpool https://cloudfunctions.googleapis.com:443 "GET /v1/operations/Y3Jvd2RyaWZmLXN0b3JpZXMtZGV2L3VzLWNlbnRyYWwxL3N0b3JpZXMtZXMtc3luYy9OdXNHeHBiQVRuNA?alt=json HTTP/1.1" 200 None
2022-05-19 09:25:53,731 DEBUG    urllib3.connectionpool https://cloudfunctions.googleapis.com:443 "GET /v1/operations/Y3Jvd2RyaWZmLXN0b3JpZXMtZGV2L3VzLWNlbnRyYWwxL3N0b3JpZXMtZXMtc3luYy9OdXNHeHBiQVRuNA?alt=json HTTP/1.1" 200 None
2022-05-19 09:25:55,399 DEBUG    urllib3.connectionpool https://cloudfunctions.googleapis.com:443 "GET /v1/operations/Y3Jvd2RyaWZmLXN0b3JpZXMtZGV2L3VzLWNlbnRyYWwxL3N0b3JpZXMtZXMtc3luYy9OdXNHeHBiQVRuNA?alt=json HTTP/1.1" 200 None
2022-05-19 09:25:56,575 DEBUG    urllib3.connectionpool https://cloudfunctions.googleapis.com:443 "GET /v1/operations/Y3Jvd2RyaWZmLXN0b3JpZXMtZGV2L3VzLWNlbnRyYWwxL3N0b3JpZXMtZXMtc3luYy9OdXNHeHBiQVRuNA?alt=json HTTP/1.1" 200 None
2022-05-19 09:25:58,209 DEBUG    urllib3.connectionpool https://cloudfunctions.googleapis.com:443 "GET /v1/operations/Y3Jvd2RyaWZmLXN0b3JpZXMtZGV2L3VzLWNlbnRyYWwxL3N0b3JpZXMtZXMtc3luYy9OdXNHeHBiQVRuNA?alt=json HTTP/1.1" 200 None
2022-05-19 09:26:00,338 DEBUG    urllib3.connectionpool https://cloudfunctions.googleapis.com:443 "GET /v1/operations/Y3Jvd2RyaWZmLXN0b3JpZXMtZGV2L3VzLWNlbnRyYWwxL3N0b3JpZXMtZXMtc3luYy9OdXNHeHBiQVRuNA?alt=json HTTP/1.1" 200 None
2022-05-19 09:26:00,437 DEBUG    urllib3.connectionpool Starting new HTTPS connection (1): cloudfunctions.googleapis.com:443
2022-05-19 09:26:00,635 DEBUG    urllib3.connectionpool https://cloudfunctions.googleapis.com:443 "GET /v1/projects/crowdriff-stories-dev/locations/us-central1/functions/stories-es-sync?alt=json HTTP/1.1" 200 None
2022-05-19 09:26:00,683 INFO     root            Display format: "default"
2022-05-19 09:26:00,692 INFO     ___FILE_ONLY___ availableMemoryMb
2022-05-19 09:26:00,692 INFO     ___FILE_ONLY___ :
2022-05-19 09:26:00,692 INFO     ___FILE_ONLY___  
2022-05-19 09:26:00,692 INFO     ___FILE_ONLY___ 256
2022-05-19 09:26:00,692 INFO     ___FILE_ONLY___ 

2022-05-19 09:26:00,693 INFO     ___FILE_ONLY___ buildId
2022-05-19 09:26:00,693 INFO     ___FILE_ONLY___ :
2022-05-19 09:26:00,693 INFO     ___FILE_ONLY___  
2022-05-19 09:26:00,693 INFO     ___FILE_ONLY___ bba50a39-dffb-4613-ad8f-075856c28979
2022-05-19 09:26:00,693 INFO     ___FILE_ONLY___ 

2022-05-19 09:26:00,693 INFO     ___FILE_ONLY___ buildName
2022-05-19 09:26:00,693 INFO     ___FILE_ONLY___ :
2022-05-19 09:26:00,693 INFO     ___FILE_ONLY___  
2022-05-19 09:26:00,693 INFO     ___FILE_ONLY___ projects/31098141265/locations/us-central1/builds/bba50a39-dffb-4613-ad8f-075856c28979
2022-05-19 09:26:00,693 INFO     ___FILE_ONLY___ 

2022-05-19 09:26:00,693 INFO     ___FILE_ONLY___ dockerRegistry
2022-05-19 09:26:00,693 INFO     ___FILE_ONLY___ :
2022-05-19 09:26:00,693 INFO     ___FILE_ONLY___  
2022-05-19 09:26:00,693 INFO     ___FILE_ONLY___ CONTAINER_REGISTRY
2022-05-19 09:26:00,693 INFO     ___FILE_ONLY___ 

2022-05-19 09:26:00,693 INFO     ___FILE_ONLY___ entryPoint
2022-05-19 09:26:00,694 INFO     ___FILE_ONLY___ :
2022-05-19 09:26:00,694 INFO     ___FILE_ONLY___  
2022-05-19 09:26:00,694 INFO     ___FILE_ONLY___ entrypoint
2022-05-19 09:26:00,694 INFO     ___FILE_ONLY___ 

2022-05-19 09:26:00,694 INFO     ___FILE_ONLY___ environmentVariables
2022-05-19 09:26:00,694 INFO     ___FILE_ONLY___ :
2022-05-19 09:26:00,694 INFO     ___FILE_ONLY___ 

2022-05-19 09:26:00,694 INFO     ___FILE_ONLY___   
2022-05-19 09:26:00,694 INFO     ___FILE_ONLY___ GATEWAY_BASE
2022-05-19 09:26:00,694 INFO     ___FILE_ONLY___ :
2022-05-19 09:26:00,694 INFO     ___FILE_ONLY___  
2022-05-19 09:26:00,694 INFO     ___FILE_ONLY___ https://story-network-gateway.crowdriff.com
2022-05-19 09:26:00,694 INFO     ___FILE_ONLY___ 

2022-05-19 09:26:00,694 INFO     ___FILE_ONLY___   
2022-05-19 09:26:00,695 INFO     ___FILE_ONLY___ GOOGLE_CLOUD_PROJECT
2022-05-19 09:26:00,695 INFO     ___FILE_ONLY___ :
2022-05-19 09:26:00,695 INFO     ___FILE_ONLY___  
2022-05-19 09:26:00,695 INFO     ___FILE_ONLY___ crowdriff-stories-prod
2022-05-19 09:26:00,695 INFO     ___FILE_ONLY___ 

2022-05-19 09:26:00,695 INFO     ___FILE_ONLY___   
2022-05-19 09:26:00,695 INFO     ___FILE_ONLY___ NODE_ENV
2022-05-19 09:26:00,695 INFO     ___FILE_ONLY___ :
2022-05-19 09:26:00,695 INFO     ___FILE_ONLY___  
2022-05-19 09:26:00,695 INFO     ___FILE_ONLY___ production
2022-05-19 09:26:00,695 INFO     ___FILE_ONLY___ 

2022-05-19 09:26:00,695 INFO     ___FILE_ONLY___   
2022-05-19 09:26:00,695 INFO     ___FILE_ONLY___ NODE_PATH
2022-05-19 09:26:00,695 INFO     ___FILE_ONLY___ :
2022-05-19 09:26:00,695 INFO     ___FILE_ONLY___  
2022-05-19 09:26:00,695 INFO     ___FILE_ONLY___ .
2022-05-19 09:26:00,695 INFO     ___FILE_ONLY___ 

2022-05-19 09:26:00,695 INFO     ___FILE_ONLY___   
2022-05-19 09:26:00,695 INFO     ___FILE_ONLY___ SERVICE_ACCOUNT
2022-05-19 09:26:00,696 INFO     ___FILE_ONLY___ :
2022-05-19 09:26:00,696 INFO     ___FILE_ONLY___  
2022-05-19 09:26:00,696 INFO     ___FILE_ONLY___ github-actions@crowdriff-stories-prod.iam.gserviceaccount.com
2022-05-19 09:26:00,696 INFO     ___FILE_ONLY___ 

2022-05-19 09:26:00,696 INFO     ___FILE_ONLY___ eventTrigger
2022-05-19 09:26:00,696 INFO     ___FILE_ONLY___ :
2022-05-19 09:26:00,696 INFO     ___FILE_ONLY___ 

2022-05-19 09:26:00,696 INFO     ___FILE_ONLY___   
2022-05-19 09:26:00,696 INFO     ___FILE_ONLY___ eventType
2022-05-19 09:26:00,696 INFO     ___FILE_ONLY___ :
2022-05-19 09:26:00,696 INFO     ___FILE_ONLY___  
2022-05-19 09:26:00,696 INFO     ___FILE_ONLY___ google.pubsub.topic.publish
2022-05-19 09:26:00,696 INFO     ___FILE_ONLY___ 

2022-05-19 09:26:00,696 INFO     ___FILE_ONLY___   
2022-05-19 09:26:00,697 INFO     ___FILE_ONLY___ failurePolicy
2022-05-19 09:26:00,697 INFO     ___FILE_ONLY___ :
2022-05-19 09:26:00,697 INFO     ___FILE_ONLY___  {
2022-05-19 09:26:00,697 INFO     ___FILE_ONLY___ }
2022-05-19 09:26:00,697 INFO     ___FILE_ONLY___ 

2022-05-19 09:26:00,697 INFO     ___FILE_ONLY___   
2022-05-19 09:26:00,697 INFO     ___FILE_ONLY___ resource
2022-05-19 09:26:00,697 INFO     ___FILE_ONLY___ :
2022-05-19 09:26:00,697 INFO     ___FILE_ONLY___  
2022-05-19 09:26:00,697 INFO     ___FILE_ONLY___ projects/crowdriff-stories-dev/topics/stories-es-sync
2022-05-19 09:26:00,697 INFO     ___FILE_ONLY___ 

2022-05-19 09:26:00,697 INFO     ___FILE_ONLY___   
2022-05-19 09:26:00,697 INFO     ___FILE_ONLY___ service
2022-05-19 09:26:00,697 INFO     ___FILE_ONLY___ :
2022-05-19 09:26:00,697 INFO     ___FILE_ONLY___  
2022-05-19 09:26:00,697 INFO     ___FILE_ONLY___ pubsub.googleapis.com
2022-05-19 09:26:00,697 INFO     ___FILE_ONLY___ 

2022-05-19 09:26:00,698 INFO     ___FILE_ONLY___ ingressSettings
2022-05-19 09:26:00,698 INFO     ___FILE_ONLY___ :
2022-05-19 09:26:00,698 INFO     ___FILE_ONLY___  
2022-05-19 09:26:00,698 INFO     ___FILE_ONLY___ ALLOW_ALL
2022-05-19 09:26:00,698 INFO     ___FILE_ONLY___ 

2022-05-19 09:26:00,698 INFO     ___FILE_ONLY___ labels
2022-05-19 09:26:00,698 INFO     ___FILE_ONLY___ :
2022-05-19 09:26:00,698 INFO     ___FILE_ONLY___ 

2022-05-19 09:26:00,698 INFO     ___FILE_ONLY___   
2022-05-19 09:26:00,698 INFO     ___FILE_ONLY___ deployment-tool
2022-05-19 09:26:00,698 INFO     ___FILE_ONLY___ :
2022-05-19 09:26:00,698 INFO     ___FILE_ONLY___  
2022-05-19 09:26:00,698 INFO     ___FILE_ONLY___ cli-gcloud
2022-05-19 09:26:00,698 INFO     ___FILE_ONLY___ 

2022-05-19 09:26:00,698 INFO     ___FILE_ONLY___ name
2022-05-19 09:26:00,699 INFO     ___FILE_ONLY___ :
2022-05-19 09:26:00,699 INFO     ___FILE_ONLY___  
2022-05-19 09:26:00,699 INFO     ___FILE_ONLY___ projects/crowdriff-stories-dev/locations/us-central1/functions/stories-es-sync
2022-05-19 09:26:00,699 INFO     ___FILE_ONLY___ 

2022-05-19 09:26:00,699 INFO     ___FILE_ONLY___ runtime
2022-05-19 09:26:00,699 INFO     ___FILE_ONLY___ :
2022-05-19 09:26:00,699 INFO     ___FILE_ONLY___  
2022-05-19 09:26:00,699 INFO     ___FILE_ONLY___ nodejs14
2022-05-19 09:26:00,699 INFO     ___FILE_ONLY___ 

2022-05-19 09:26:00,699 INFO     ___FILE_ONLY___ serviceAccountEmail
2022-05-19 09:26:00,699 INFO     ___FILE_ONLY___ :
2022-05-19 09:26:00,699 INFO     ___FILE_ONLY___  
2022-05-19 09:26:00,699 INFO     ___FILE_ONLY___ crowdriff-stories-dev@appspot.gserviceaccount.com
2022-05-19 09:26:00,699 INFO     ___FILE_ONLY___ 

2022-05-19 09:26:00,699 INFO     ___FILE_ONLY___ sourceUploadUrl
2022-05-19 09:26:00,699 INFO     ___FILE_ONLY___ :
2022-05-19 09:26:00,700 INFO     ___FILE_ONLY___  
2022-05-19 09:26:00,700 INFO     ___FILE_ONLY___ https://storage.googleapis.com/uploads-556841579775.us-central1.cloudfunctions.appspot.com/7f014c80-4782-45f9-b8ca-59e13e2d65d2.zip
2022-05-19 09:26:00,700 INFO     ___FILE_ONLY___ 

2022-05-19 09:26:00,700 INFO     ___FILE_ONLY___ status
2022-05-19 09:26:00,700 INFO     ___FILE_ONLY___ :
2022-05-19 09:26:00,700 INFO     ___FILE_ONLY___  
2022-05-19 09:26:00,700 INFO     ___FILE_ONLY___ ACTIVE
2022-05-19 09:26:00,700 INFO     ___FILE_ONLY___ 

2022-05-19 09:26:00,700 INFO     ___FILE_ONLY___ timeout
2022-05-19 09:26:00,701 INFO     ___FILE_ONLY___ :
2022-05-19 09:26:00,701 INFO     ___FILE_ONLY___  
2022-05-19 09:26:00,701 INFO     ___FILE_ONLY___ 540s
2022-05-19 09:26:00,701 INFO     ___FILE_ONLY___ 

2022-05-19 09:26:00,701 INFO     ___FILE_ONLY___ updateTime
2022-05-19 09:26:00,701 INFO     ___FILE_ONLY___ :
2022-05-19 09:26:00,701 INFO     ___FILE_ONLY___  '
2022-05-19 09:26:00,701 INFO     ___FILE_ONLY___ 2022-05-19T13:25:58.826Z
2022-05-19 09:26:00,701 INFO     ___FILE_ONLY___ '
2022-05-19 09:26:00,701 INFO     ___FILE_ONLY___ 

2022-05-19 09:26:00,701 INFO     ___FILE_ONLY___ versionId
2022-05-19 09:26:00,701 INFO     ___FILE_ONLY___ :
2022-05-19 09:26:00,701 INFO     ___FILE_ONLY___  '
2022-05-19 09:26:00,701 INFO     ___FILE_ONLY___ 15
2022-05-19 09:26:00,701 INFO     ___FILE_ONLY___ '
2022-05-19 09:26:00,702 INFO     ___FILE_ONLY___ 

2022-05-19 09:26:00,737 DEBUG    root            Metrics reporting process started...
