2022-05-19 10:12:25,191 DEBUG    root            Loaded Command Group: ['gcloud', 'config']
2022-05-19 10:12:25,192 DEBUG    root            Loaded Command Group: ['gcloud', 'config', 'config_helper']
2022-05-19 10:12:25,193 DEBUG    root            Running [gcloud.config.config-helper] with arguments: [--format: "json"]
2022-05-19 10:12:25,195 INFO     root            Display format: "default json"
2022-05-19 10:12:25,195 INFO     ___FILE_ONLY___ {
  "configuration": {
    "active_configuration": "default",
    "properties": {
      "compute": {
        "zone": "us-central1"
      },
      "core": {
        "account": "britton.jenner@crowdriff.com",
        "disable_usage_reporting": "False",
        "project": "crowdriff-stories-prod"
      }
    }
  },
  "credential": {
    "access_token": "ya29.a0ARrdaM9q96kxRlktcuhlfWvu5_pX0taeCWeTpRwUiPJgFd-HKsgFT1nPkTULui1kMd466In94F2CZOYyFNbPNasP_0ZAaet-t0KkWDjY30yEHPqp9Gqmz4tRZQzwpLuuwLYpkHkylLrF2yKUG9Pcyl1iMYvfl-Ewb_Fo0Tc",
    "id_token": "eyJhbGciOiJSUzI1NiIsImtpZCI6ImIxYTgyNTllYjA3NjYwZWYyMzc4MWM4NWI3ODQ5YmZhMGExYzgwNmMiLCJ0eXAiOiJKV1QifQ.eyJpc3MiOiJodHRwczovL2FjY291bnRzLmdvb2dsZS5jb20iLCJhenAiOiIzMjU1NTk0MDU1OS5hcHBzLmdvb2dsZXVzZXJjb250ZW50LmNvbSIsImF1ZCI6IjMyNTU1OTQwNTU5LmFwcHMuZ29vZ2xldXNlcmNvbnRlbnQuY29tIiwic3ViIjoiMTA0NzU3Njk2MTMwOTc4MTMyNDM4IiwiaGQiOiJjcm93ZHJpZmYuY29tIiwiZW1haWwiOiJicml0dG9uLmplbm5lckBjcm93ZHJpZmYuY29tIiwiZW1haWxfdmVyaWZpZWQiOnRydWUsImF0X2hhc2giOiJnaWFlb212VENVNmlYWE9vZzVwVl9nIiwiaWF0IjoxNjUyOTY5NTQwLCJleHAiOjE2NTI5NzMxNDB9.BBxcNkAzwBSWlVOriaLVKQ22wti_gfwoALyCDuNTqDKaA3oY0Lt76jLpQfW_NoNk6e7uH85VD8fYh9wWdpraBCagxrp1_AGxJUrAKAbRkOTKQ3dz1Fn9LjuTuJ7XQt9gm_ZAaxN8P06kQQdI6B-9eoOdkX7kddidCO-z9nOHRT_AtdkRBni0DlJndK-pHdGygnCIQkuzBWdMAiqSmt_4Bd1dnhmBdDl2g1oC0UhIzM6nE_BGRa53q3-lJ-bIRlw7w45OS-R52j6Jlv9tUmpZE2hfdeeZsTbPEeGpgdfIKZWn3WShnvVjGOPKnwQOzMwKqHBY3JX_vPAUzMCAv3c5-A",
    "token_expiry": "2022-05-19T15:12:19Z"
  },
  "sentinels": {
    "config_sentinel": "/Users/britton.jenner/.config/gcloud/config_sentinel"
  }
}
2022-05-19 10:12:25,195 INFO     ___FILE_ONLY___ 

2022-05-19 10:12:25,199 DEBUG    root            Metrics reporting process started...
