2022-05-19 12:40:04,563 DEBUG    root            Loaded Command Group: ['gcloud', 'config']
2022-05-19 12:40:04,565 DEBUG    root            Loaded Command Group: ['gcloud', 'config', 'config_helper']
2022-05-19 12:40:04,566 DEBUG    root            Running [gcloud.config.config-helper] with arguments: [--format: "json", --min-expiry: "3600"]
2022-05-19 12:40:04,595 DEBUG    google.auth.transport.requests Making request: POST https://oauth2.googleapis.com/token
2022-05-19 12:40:04,647 DEBUG    urllib3.connectionpool Starting new HTTPS connection (1): oauth2.googleapis.com:443
2022-05-19 12:40:04,772 DEBUG    urllib3.connectionpool https://oauth2.googleapis.com:443 "POST /token HTTP/1.1" 200 None
2022-05-19 12:40:04,774 DEBUG    google.auth.transport.requests Making request: POST https://oauth2.googleapis.com/token
2022-05-19 12:40:04,776 DEBUG    urllib3.connectionpool Starting new HTTPS connection (1): oauth2.googleapis.com:443
2022-05-19 12:40:04,888 DEBUG    urllib3.connectionpool https://oauth2.googleapis.com:443 "POST /token HTTP/1.1" 200 None
2022-05-19 12:40:04,900 INFO     root            Display format: "default json"
2022-05-19 12:40:04,902 INFO     ___FILE_ONLY___ {
  "configuration": {
    "active_configuration": "default",
    "properties": {
      "compute": {
        "zone": "us-central1"
      },
      "core": {
        "account": "britton.jenner@crowdriff.com",
        "disable_usage_reporting": "False",
        "project": "crowdriff-stories-prod"
      }
    }
  },
  "credential": {
    "access_token": "ya29.a0ARrdaM-G8UtMESEd5Fnb3Bsih6s-8soUPO8dKhbS0JOwaCoRWs8wBlQdqcAkixrtOltR6Z3MJUCcPkiTnai3-0Rb-vHthOtWSiZiNXPXifRiUQFUn9rfywAGZ8j3JaeG9FNN1ukXKAEaP8GV-cE3B_Pt9lak6XmND84Nia0",
    "id_token": "eyJhbGciOiJSUzI1NiIsImtpZCI6ImIxYTgyNTllYjA3NjYwZWYyMzc4MWM4NWI3ODQ5YmZhMGExYzgwNmMiLCJ0eXAiOiJKV1QifQ.eyJpc3MiOiJodHRwczovL2FjY291bnRzLmdvb2dsZS5jb20iLCJhenAiOiIzMjU1NTk0MDU1OS5hcHBzLmdvb2dsZXVzZXJjb250ZW50LmNvbSIsImF1ZCI6IjMyNTU1OTQwNTU5LmFwcHMuZ29vZ2xldXNlcmNvbnRlbnQuY29tIiwic3ViIjoiMTA0NzU3Njk2MTMwOTc4MTMyNDM4IiwiaGQiOiJjcm93ZHJpZmYuY29tIiwiZW1haWwiOiJicml0dG9uLmplbm5lckBjcm93ZHJpZmYuY29tIiwiZW1haWxfdmVyaWZpZWQiOnRydWUsImF0X2hhc2giOiJjNjhIY3QwQVVLaWRJME5RMEhOQUtBIiwiaWF0IjoxNjUyOTc4NDA0LCJleHAiOjE2NTI5ODIwMDR9.Ze9EtXLucswD0jOuJj7ca7TbXyoGISZ0k1k9-2f3Gafegme_kcd2hSkywfh0FJGw22VqsgqtEogqmeKcW4-RT0NZirfZ4HySgc_w20LT5Nl5uJDbFFiyE0Iwbka36lg0tZ1Y3APijoHtOcTFpyo7lYvk5fU15mx23O2OO4wcVxyGGe6RtyNW7gxeVKsayhDUH0DzwpmXXBHymwxGfkvY-E8XXgAHUYDigvkY_FZJv4pCT4_S15RJiKhs-avBSD4LOy0wjhUFaO5naXxJ6rKHKE9ZwEPD6A23PhhSbQkjpTowpdJ1N4NWWd2mm4gtdXj5a5qACvC2thwt038hwhKzCw",
    "token_expiry": "2022-05-19T17:40:03Z"
  },
  "sentinels": {
    "config_sentinel": "/Users/britton.jenner/.config/gcloud/config_sentinel"
  }
}
2022-05-19 12:40:04,902 INFO     ___FILE_ONLY___ 

2022-05-19 12:40:04,915 DEBUG    root            Metrics reporting process started...
