2022-05-19 13:48:59,444 DEBUG    root            Loaded Command Group: ['gcloud', 'config']
2022-05-19 13:48:59,472 DEBUG    root            Loaded Command Group: ['gcloud', 'config', 'config_helper']
2022-05-19 13:48:59,474 DEBUG    root            Running [gcloud.config.config-helper] with arguments: [--format: "json", --min-expiry: "3600"]
2022-05-19 13:48:59,503 DEBUG    google.auth.transport.requests Making request: POST https://oauth2.googleapis.com/token
2022-05-19 13:48:59,562 DEBUG    urllib3.connectionpool Starting new HTTPS connection (1): oauth2.googleapis.com:443
2022-05-19 13:48:59,727 DEBUG    urllib3.connectionpool https://oauth2.googleapis.com:443 "POST /token HTTP/1.1" 200 None
2022-05-19 13:48:59,745 INFO     root            Display format: "default json"
2022-05-19 13:48:59,745 INFO     ___FILE_ONLY___ {
  "configuration": {
    "active_configuration": "default",
    "properties": {
      "compute": {
        "zone": "us-central1"
      },
      "core": {
        "account": "britton.jenner@crowdriff.com",
        "disable_usage_reporting": "False",
        "project": "crowdriff-stories-prod"
      }
    }
  },
  "credential": {
    "access_token": "ya29.a0ARrdaM97-S6hV74IQwMczNMzUFIiGYIjFdUQHTuD8gKie_Aov7nNuXSb6mqyTOzFwsDJ6Fzcsz3x3uZx8PzJ3RYDx56NmIRwZgiMPPQ5IbOthbZwHQ334y5Ks1Atxykl1B7cbhZfdlNUm8z476_agj9BM2YVrmDwQFq4mFA",
    "id_token": "eyJhbGciOiJSUzI1NiIsImtpZCI6ImIxYTgyNTllYjA3NjYwZWYyMzc4MWM4NWI3ODQ5YmZhMGExYzgwNmMiLCJ0eXAiOiJKV1QifQ.eyJpc3MiOiJodHRwczovL2FjY291bnRzLmdvb2dsZS5jb20iLCJhenAiOiIzMjU1NTk0MDU1OS5hcHBzLmdvb2dsZXVzZXJjb250ZW50LmNvbSIsImF1ZCI6IjMyNTU1OTQwNTU5LmFwcHMuZ29vZ2xldXNlcmNvbnRlbnQuY29tIiwic3ViIjoiMTA0NzU3Njk2MTMwOTc4MTMyNDM4IiwiaGQiOiJjcm93ZHJpZmYuY29tIiwiZW1haWwiOiJicml0dG9uLmplbm5lckBjcm93ZHJpZmYuY29tIiwiZW1haWxfdmVyaWZpZWQiOnRydWUsImF0X2hhc2giOiI4ZnZ3NmhTcXMtMlY3SVJPT0lsNjNRIiwiaWF0IjoxNjUyOTgyNTM5LCJleHAiOjE2NTI5ODYxMzl9.eHbnlkb6wV5ce6KGod7MPXmRxpru2BJJkAo-VJAjgnNSS3mkcyiZ__EZTuju6HRtkdXQXAhTLkVRjUPplXgu-DRHOKQazfIukLhzolbMJOar0e4Bthnzyiyqa-baZBxWOUX9SOvJYmDOjVALPb52bikgwC0hbI0Xkm3fYPyFjRLrWGofGuxFOy7mZ4EWbZoGmrQ9kJxf912ZVlbBc8SThFp47-RLz0zHdh3HF3QBIiDYpqGo5TlHqfWyVjBbbSKo7xtevOX5l1Ioq7mcl8AUFXW7LPLM0DQhH18A4kRBrU4pldRdXFIHB73o52BBZ3MZOZkK0AsiiutyJ5OLHbKmeA",
    "token_expiry": "2022-05-19T18:48:58Z"
  },
  "sentinels": {
    "config_sentinel": "/Users/britton.jenner/.config/gcloud/config_sentinel"
  }
}
2022-05-19 13:48:59,745 INFO     ___FILE_ONLY___ 

2022-05-19 13:48:59,769 DEBUG    root            Metrics reporting process started...
