2022-05-10 14:58:45,586 DEBUG    root            Loaded Command Group: ['gcloud', 'config']
2022-05-10 14:58:45,587 DEBUG    root            Loaded Command Group: ['gcloud', 'config', 'config_helper']
2022-05-10 14:58:45,588 DEBUG    root            Running [gcloud.config.config-helper] with arguments: [--format: "json"]
2022-05-10 14:58:45,591 INFO     root            Display format: "default json"
2022-05-10 14:58:45,591 INFO     ___FILE_ONLY___ {
  "configuration": {
    "active_configuration": "default",
    "properties": {
      "compute": {
        "zone": "us-central1"
      },
      "core": {
        "account": "britton.jenner@crowdriff.com",
        "disable_usage_reporting": "False",
        "project": "crowdriff-stories-dev"
      }
    }
  },
  "credential": {
    "access_token": "ya29.a0ARrdaM8CHHdYzANm_hOZx6hE-G7vQPHA9Z_Bgnoq3dGoqyW7GfADsOmhkpYwcx31GF6QUVI9FurjbNaJKx7jmhVT74Kx3n_6EJjhG6Pon2-JLUDpKaiV1JRaGWtY9uVSg6fBS-7beJ1Lzi63krke2qUPCjtR2oHWFDQZcdw",
    "id_token": "eyJhbGciOiJSUzI1NiIsImtpZCI6ImZjYmQ3ZjQ4MWE4MjVkMTEzZTBkMDNkZDk0ZTYwYjY5ZmYxNjY1YTIiLCJ0eXAiOiJKV1QifQ.eyJpc3MiOiJodHRwczovL2FjY291bnRzLmdvb2dsZS5jb20iLCJhenAiOiIzMjU1NTk0MDU1OS5hcHBzLmdvb2dsZXVzZXJjb250ZW50LmNvbSIsImF1ZCI6IjMyNTU1OTQwNTU5LmFwcHMuZ29vZ2xldXNlcmNvbnRlbnQuY29tIiwic3ViIjoiMTA0NzU3Njk2MTMwOTc4MTMyNDM4IiwiaGQiOiJjcm93ZHJpZmYuY29tIiwiZW1haWwiOiJicml0dG9uLmplbm5lckBjcm93ZHJpZmYuY29tIiwiZW1haWxfdmVyaWZpZWQiOnRydWUsImF0X2hhc2giOiJMZkNadEl6NGZPa29qZm9DOFBSaURRIiwiaWF0IjoxNjUyMjA5MTIxLCJleHAiOjE2NTIyMTI3MjF9.ba4h8kLtfEvMf5hMd8gn5s6gXR7CBw5BLWqdPDJCX7W0QII7VfAB1WG3OAPXrJdqJhRRxy4eMYd40axFt4jLQXjeif_iSvlyiAG5XpohYBpD9eCbnY7YaDTuqLXDhSHQBEv3CeVQ-ufKt4dPN8a63MkA-NHrzu-cTBTLl2smtNcqRCu2P5PNW5weo0kauRW-aJQVGXDiPy6Z6LUrjx0_XlDbq82-1ZasWvxgBuN42Ymhu_O-FBn0eEsI4U4sHHzRLlLHr2GrFBDGgkYV-XTaIhfAULrso-JoceeiiqSWUFPU-084BBPcWyf51q2ZnEhwjxeKEM3vJM88jGjFqd3Byg",
    "token_expiry": "2022-05-10T19:58:40Z"
  },
  "sentinels": {
    "config_sentinel": "/Users/britton.jenner/.config/gcloud/config_sentinel"
  }
}
2022-05-10 14:58:45,591 INFO     ___FILE_ONLY___ 

2022-05-10 14:58:45,595 DEBUG    root            Metrics reporting process started...
