2022-05-17 09:25:15,259 DEBUG    root            Loaded Command Group: ['gcloud', 'config']
2022-05-17 09:25:15,261 DEBUG    root            Loaded Command Group: ['gcloud', 'config', 'config_helper']
2022-05-17 09:25:15,262 DEBUG    root            Running [gcloud.config.config-helper] with arguments: [--format: "json", --min-expiry: "3600"]
2022-05-17 09:25:15,263 DEBUG    google.auth.transport.requests Making request: POST https://oauth2.googleapis.com/token
2022-05-17 09:25:15,267 DEBUG    urllib3.connectionpool Starting new HTTPS connection (1): oauth2.googleapis.com:443
2022-05-17 09:25:15,380 DEBUG    urllib3.connectionpool https://oauth2.googleapis.com:443 "POST /token HTTP/1.1" 200 None
2022-05-17 09:25:15,386 INFO     root            Display format: "default json"
2022-05-17 09:25:15,387 INFO     ___FILE_ONLY___ {
  "configuration": {
    "active_configuration": "default",
    "properties": {
      "compute": {
        "zone": "us-central1"
      },
      "core": {
        "account": "britton.jenner@crowdriff.com",
        "disable_usage_reporting": "False",
        "project": "crowdriff-stories-dev"
      }
    }
  },
  "credential": {
    "access_token": "ya29.A0ARrdaM8ku0VOpZgm0CNd80HtTUEz7-0hWebJsUwwDyV-3K4HcvTOkbLMRCwa7JcdAbrK5RNTC6jZl6V5Ut1AlS6JoF4i4z9Y7E5_NeeUyd13-KoDVWF05QkUw73obtGOLlFqAy07yI_RdBlnKpdmMIGt2Ls7D7j3tswc_qw",
    "id_token": "eyJhbGciOiJSUzI1NiIsImtpZCI6ImIxYTgyNTllYjA3NjYwZWYyMzc4MWM4NWI3ODQ5YmZhMGExYzgwNmMiLCJ0eXAiOiJKV1QifQ.eyJpc3MiOiJodHRwczovL2FjY291bnRzLmdvb2dsZS5jb20iLCJhenAiOiIzMjU1NTk0MDU1OS5hcHBzLmdvb2dsZXVzZXJjb250ZW50LmNvbSIsImF1ZCI6IjMyNTU1OTQwNTU5LmFwcHMuZ29vZ2xldXNlcmNvbnRlbnQuY29tIiwic3ViIjoiMTA0NzU3Njk2MTMwOTc4MTMyNDM4IiwiaGQiOiJjcm93ZHJpZmYuY29tIiwiZW1haWwiOiJicml0dG9uLmplbm5lckBjcm93ZHJpZmYuY29tIiwiZW1haWxfdmVyaWZpZWQiOnRydWUsImF0X2hhc2giOiJIcjNwNThkT0RIb2Y0emMyWm4tekVBIiwiaWF0IjoxNjUyNzkzOTE1LCJleHAiOjE2NTI3OTc1MTV9.TUJh3BNXLX0mlAW3jsz32PWjJ435qODqKYaFk1McxxUkTp4J2EO3LjN_tq8kaPnJqrTvXoOnWuGjifqe25hehJ4hNMxlaHTj3RMKPZFm3dlsl0WyTLnJwVdmFnbPwarUgHS0JQc_sclzEBDpnqcW8QKHy7DkY-PUyEvJu4piB35C8AHa1fKKTFiLWxy9kLDRJqCgr7RE3_0zVR__0ZXxDcnxrEVvW_xVVSB1TfgZTicUDdaqjpMkRa83BAhEKeLvBBGSdcdwZzFTQWe8nXS319ZcBb3PvKhgkHFcXErfuUbHQFHhCG2zxTBbyribTJ0DxZX_L-k--yb0d3pgZQX0yg",
    "token_expiry": "2022-05-17T14:25:14Z"
  },
  "sentinels": {
    "config_sentinel": "/Users/britton.jenner/.config/gcloud/config_sentinel"
  }
}
2022-05-17 09:25:15,387 INFO     ___FILE_ONLY___ 

2022-05-17 09:25:15,392 DEBUG    root            Metrics reporting process started...
