2022-05-17 09:26:33,829 DEBUG    root            Loaded Command Group: ['gcloud', 'config']
2022-05-17 09:26:33,830 DEBUG    root            Loaded Command Group: ['gcloud', 'config', 'config_helper']
2022-05-17 09:26:33,831 DEBUG    root            Running [gcloud.config.config-helper] with arguments: [--format: "json"]
2022-05-17 09:26:33,834 INFO     root            Display format: "default json"
2022-05-17 09:26:33,834 INFO     ___FILE_ONLY___ {
  "configuration": {
    "active_configuration": "default",
    "properties": {
      "compute": {
        "zone": "us-central1"
      },
      "core": {
        "account": "britton.jenner@crowdriff.com",
        "disable_usage_reporting": "False",
        "project": "crowdriff-stories-dev"
      }
    }
  },
  "credential": {
    "access_token": "ya29.A0ARrdaM9OtJDGuZCmbWdkKIo5f219pnsCx6rCn6FUBAUuiMHG8Vhjr1XmqcnGJIwUlEcAVnDqDlkHIxOiC306KupaCyUrcdTMbD1gO2jF41xcSCIfRrPfwzF5YYP3mvGLFpQw77s3tkzF7HiCwbKMZKaWLLkTt4dEin9b3Wk",
    "id_token": "eyJhbGciOiJSUzI1NiIsImtpZCI6ImIxYTgyNTllYjA3NjYwZWYyMzc4MWM4NWI3ODQ5YmZhMGExYzgwNmMiLCJ0eXAiOiJKV1QifQ.eyJpc3MiOiJodHRwczovL2FjY291bnRzLmdvb2dsZS5jb20iLCJhenAiOiIzMjU1NTk0MDU1OS5hcHBzLmdvb2dsZXVzZXJjb250ZW50LmNvbSIsImF1ZCI6IjMyNTU1OTQwNTU5LmFwcHMuZ29vZ2xldXNlcmNvbnRlbnQuY29tIiwic3ViIjoiMTA0NzU3Njk2MTMwOTc4MTMyNDM4IiwiaGQiOiJjcm93ZHJpZmYuY29tIiwiZW1haWwiOiJicml0dG9uLmplbm5lckBjcm93ZHJpZmYuY29tIiwiZW1haWxfdmVyaWZpZWQiOnRydWUsImF0X2hhc2giOiJ4clBTbjRwLXJjdGl4TXV5RE4xRUp3IiwiaWF0IjoxNjUyNzkzOTIwLCJleHAiOjE2NTI3OTc1MjB9.Ph0bS7IXLNOR7Vomo1Hg44OOHI7Y4a5ucKurKFneul_ICPlJTIahh0zy9iT2WGRkHxth9Fg3gWfkt4kQWSmDqNgxtBO0CAzkf2A5_R3gkXiUFxv8TVeh3WOyiGGXCykop83pAwbNYHD3bzeMzJOwz9KS4R8nmId0ocuj0lOFwni63JiYur29j7ORbaRGF9nDCyp2wSw6aQN1MVwZ9wyVdyDe8uUEkxdl9msLDCEvnFIroT1PUAHwha7j-2qOS9NRpEk3yYUGE91HPHmNyKQZtpx63HwpN4esiVsCKWvRr0ooMOR4R21jiTcBn8oOoBIV3f52e_EsyZ--vHtLY-4MHQ",
    "token_expiry": "2022-05-17T14:25:19Z"
  },
  "sentinels": {
    "config_sentinel": "/Users/britton.jenner/.config/gcloud/config_sentinel"
  }
}
2022-05-17 09:26:33,834 INFO     ___FILE_ONLY___ 

2022-05-17 09:26:33,839 DEBUG    root            Metrics reporting process started...
