2022-05-17 09:24:56,674 DEBUG    root            Loaded Command Group: ['gcloud', 'config']
2022-05-17 09:24:56,675 DEBUG    root            Loaded Command Group: ['gcloud', 'config', 'config_helper']
2022-05-17 09:24:56,676 DEBUG    root            Running [gcloud.config.config-helper] with arguments: [--format: "json"]
2022-05-17 09:24:56,678 INFO     root            Display format: "default json"
2022-05-17 09:24:56,679 INFO     ___FILE_ONLY___ {
  "configuration": {
    "active_configuration": "default",
    "properties": {
      "compute": {
        "zone": "us-central1"
      },
      "core": {
        "account": "britton.jenner@crowdriff.com",
        "disable_usage_reporting": "False",
        "project": "crowdriff-stories-dev"
      }
    }
  },
  "credential": {
    "access_token": "ya29.A0ARrdaM9SmsxjnlG9iaVxMcVunKMeNPSlmq0Uy95PM3jtt1AHQUPR7uxAyXvVZqAiqhouzQwTqt-HbvFcCFSEkwbRU_g-sbXU712yoRzLwUBHDCKFOMk5suko2aywh-sx_Km8aJj-fFV20L1-1auU0lcjAuPDPSuJPoiQFVE",
    "id_token": "eyJhbGciOiJSUzI1NiIsImtpZCI6ImIxYTgyNTllYjA3NjYwZWYyMzc4MWM4NWI3ODQ5YmZhMGExYzgwNmMiLCJ0eXAiOiJKV1QifQ.eyJpc3MiOiJodHRwczovL2FjY291bnRzLmdvb2dsZS5jb20iLCJhenAiOiIzMjU1NTk0MDU1OS5hcHBzLmdvb2dsZXVzZXJjb250ZW50LmNvbSIsImF1ZCI6IjMyNTU1OTQwNTU5LmFwcHMuZ29vZ2xldXNlcmNvbnRlbnQuY29tIiwic3ViIjoiMTA0NzU3Njk2MTMwOTc4MTMyNDM4IiwiaGQiOiJjcm93ZHJpZmYuY29tIiwiZW1haWwiOiJicml0dG9uLmplbm5lckBjcm93ZHJpZmYuY29tIiwiZW1haWxfdmVyaWZpZWQiOnRydWUsImF0X2hhc2giOiJwRXZtSDY4Q1ZXY3FmTklSLWMtUHVRIiwiaWF0IjoxNjUyNzkzNjA5LCJleHAiOjE2NTI3OTcyMDl9.x-iluzhQsNexUWI3wcc5x08aFhBKeq2vEhc2wuLsMf6iOge82WZIhl6GtQiU3b1ceJG0fO6BEN-ekZxjEvid-ZeN1Z4QwXO0sO1py5M1FgSvm78GaV6fKZslUDQQ5O0t6-AInfDIuAOfzTf_5WTkoRyh2kzV60NEF_LcTByu512dZZ1HN9yT7-nE91H1xrG-o50T-ZdjBP7g8GvX2UaiE_ApXyWGRcUZcgAcIMcHyScoHzrhKcGVcil5hyWrFuTMRp3xfQ06EiqEf61KtaXIPM2jXWKOX_GQTEwvp-TnicvEtsNgwk5uk5wO5VdsCprD7aroXALdgZ85DXrbtZ7dlQ",
    "token_expiry": "2022-05-17T14:20:08Z"
  },
  "sentinels": {
    "config_sentinel": "/Users/britton.jenner/.config/gcloud/config_sentinel"
  }
}
2022-05-17 09:24:56,679 INFO     ___FILE_ONLY___ 

2022-05-17 09:24:56,683 DEBUG    root            Metrics reporting process started...
