2022-05-17 10:31:55,469 DEBUG    root            Loaded Command Group: ['gcloud', 'config']
2022-05-17 10:31:55,473 DEBUG    root            Loaded Command Group: ['gcloud', 'config', 'config_helper']
2022-05-17 10:31:55,474 DEBUG    root            Running [gcloud.config.config-helper] with arguments: [--format: "json", --min-expiry: "3600"]
2022-05-17 10:31:55,479 DEBUG    google.auth.transport.requests Making request: POST https://oauth2.googleapis.com/token
2022-05-17 10:31:55,521 DEBUG    urllib3.connectionpool Starting new HTTPS connection (1): oauth2.googleapis.com:443
2022-05-17 10:31:55,636 DEBUG    urllib3.connectionpool https://oauth2.googleapis.com:443 "POST /token HTTP/1.1" 200 None
2022-05-17 10:31:55,639 INFO     root            Display format: "default json"
2022-05-17 10:31:55,640 INFO     ___FILE_ONLY___ {
  "configuration": {
    "active_configuration": "default",
    "properties": {
      "compute": {
        "zone": "us-central1"
      },
      "core": {
        "account": "britton.jenner@crowdriff.com",
        "disable_usage_reporting": "False",
        "project": "crowdriff-stories-dev"
      }
    }
  },
  "credential": {
    "access_token": "ya29.a0ARrdaM9bnFrj5cwGs6rMctbvgZwoBGJljBLWKtqFLhSarxmNVMwsSGRmdirkaDIUNnWYi48K5ZX2mvwVBw0jyZkbgTDOPqKVKiuhGT8sGH3Tg21VO5ciloZxOuwruCW7S2y32GNlWezLkZFhqRtT3wCUfHv7m1yH9-821EU",
    "id_token": "eyJhbGciOiJSUzI1NiIsImtpZCI6ImIxYTgyNTllYjA3NjYwZWYyMzc4MWM4NWI3ODQ5YmZhMGExYzgwNmMiLCJ0eXAiOiJKV1QifQ.eyJpc3MiOiJodHRwczovL2FjY291bnRzLmdvb2dsZS5jb20iLCJhenAiOiIzMjU1NTk0MDU1OS5hcHBzLmdvb2dsZXVzZXJjb250ZW50LmNvbSIsImF1ZCI6IjMyNTU1OTQwNTU5LmFwcHMuZ29vZ2xldXNlcmNvbnRlbnQuY29tIiwic3ViIjoiMTA0NzU3Njk2MTMwOTc4MTMyNDM4IiwiaGQiOiJjcm93ZHJpZmYuY29tIiwiZW1haWwiOiJicml0dG9uLmplbm5lckBjcm93ZHJpZmYuY29tIiwiZW1haWxfdmVyaWZpZWQiOnRydWUsImF0X2hhc2giOiJqTVNGemhoUzAtVHhNdzM4RXJ3WTJ3IiwiaWF0IjoxNjUyNzk3OTE1LCJleHAiOjE2NTI4MDE1MTV9.H2QQnT8BJ06zH2w--_87mqGb9LEe9Iwds4-JPrRKZZkYOsb8WIXuw-grn7xu_UKulb9VRLobGgzTsR3Ic3S-qrpB295NT5kTAV04VK4erDvLigeO2zt_14gV2hqC-f7WK3UyNIG76Pg6SpdQQAP-hBTVx-SDE_XTFRTM1irdSVjoCDWhTTXLPnYccSQeiaW5qh6F-782ZOXKaPDmY7h4MUpSvFZ7ZuU2OdbCz8eXmM36qzudxn9bs8Qfv6GQTDh2hSopMuphPALFgiq_ZYfY3y51FTgQNvFDiGzP8CCI4-2MAxpgG1stQf_JFg3zrymNRQlc2dEeE26MIqmW6rO0vQ",
    "token_expiry": "2022-05-17T15:31:54Z"
  },
  "sentinels": {
    "config_sentinel": "/Users/britton.jenner/.config/gcloud/config_sentinel"
  }
}
2022-05-17 10:31:55,640 INFO     ___FILE_ONLY___ 

2022-05-17 10:31:55,646 DEBUG    root            Metrics reporting process started...
