2022-05-11 14:41:54,502 DEBUG    root            Loaded Command Group: ['gcloud', 'config']
2022-05-11 14:41:54,505 DEBUG    root            Loaded Command Group: ['gcloud', 'config', 'config_helper']
2022-05-11 14:41:54,506 DEBUG    root            Running [gcloud.config.config-helper] with arguments: [--format: "json", --min-expiry: "3600"]
2022-05-11 14:41:54,551 DEBUG    google.auth.transport.requests Making request: POST https://oauth2.googleapis.com/token
2022-05-11 14:41:54,575 DEBUG    urllib3.connectionpool Starting new HTTPS connection (1): oauth2.googleapis.com:443
2022-05-11 14:41:54,674 DEBUG    urllib3.connectionpool https://oauth2.googleapis.com:443 "POST /token HTTP/1.1" 200 None
2022-05-11 14:41:54,676 DEBUG    google.auth.transport.requests Making request: POST https://oauth2.googleapis.com/token
2022-05-11 14:41:54,677 DEBUG    urllib3.connectionpool Starting new HTTPS connection (1): oauth2.googleapis.com:443
2022-05-11 14:41:54,965 DEBUG    urllib3.connectionpool https://oauth2.googleapis.com:443 "POST /token HTTP/1.1" 200 None
2022-05-11 14:41:54,974 INFO     root            Display format: "default json"
2022-05-11 14:41:54,974 INFO     ___FILE_ONLY___ {
  "configuration": {
    "active_configuration": "default",
    "properties": {
      "compute": {
        "zone": "us-central1"
      },
      "core": {
        "account": "britton.jenner@crowdriff.com",
        "disable_usage_reporting": "False",
        "project": "crowdriff-stories-dev"
      }
    }
  },
  "credential": {
    "access_token": "ya29.A0ARrdaM_rkNkSZKRmTkefl8YS-MQfTkAU898n5PrTFHHH6TJQ96wwa6hV6f_D0HrTuP1upKE4mZwgiVYiPZNGbzJGjSvNL8-jkZ98dfLfl2RLSLiLbaWvBtEb6TroovuSSbw1V1CCAvZ9EAMpW2RWRJPqvf8vtPSWTONJ8ko",
    "id_token": "eyJhbGciOiJSUzI1NiIsImtpZCI6ImZjYmQ3ZjQ4MWE4MjVkMTEzZTBkMDNkZDk0ZTYwYjY5ZmYxNjY1YTIiLCJ0eXAiOiJKV1QifQ.eyJpc3MiOiJodHRwczovL2FjY291bnRzLmdvb2dsZS5jb20iLCJhenAiOiIzMjU1NTk0MDU1OS5hcHBzLmdvb2dsZXVzZXJjb250ZW50LmNvbSIsImF1ZCI6IjMyNTU1OTQwNTU5LmFwcHMuZ29vZ2xldXNlcmNvbnRlbnQuY29tIiwic3ViIjoiMTA0NzU3Njk2MTMwOTc4MTMyNDM4IiwiaGQiOiJjcm93ZHJpZmYuY29tIiwiZW1haWwiOiJicml0dG9uLmplbm5lckBjcm93ZHJpZmYuY29tIiwiZW1haWxfdmVyaWZpZWQiOnRydWUsImF0X2hhc2giOiJMYWtfcE5xSENFRWJ6SUlsbTh6M0xnIiwiaWF0IjoxNjUyMjk0NTE0LCJleHAiOjE2NTIyOTgxMTR9.b5cjuP5Qh4-Td8R0tVaWBHnneIZm-XolVP07OFzl2rz3VoJhvhKi5N8IZdZAD07ubzZ4xKS0bzDx6ncLdM-b7uEMTXgMQUX3KqOTKZXYF8a3oh7qaURk8EJkoriHn9PGIOZsOmJHz1G7If9MK249gXvPDi92HAcLknugfsQFnElaHCD6BFgrhP2Mv1L3oty5eNFI7KdWCXnrTqTVlMVc41rFr9Yq3zGZemrtknmFbOe9VwMDd_l75GWoAKo3I2LwjIxmz9UuZHOg3Bka8XPkTqqHuaZvp3fUdQSDHjj15M6oD94_PVKfXCu3YR-j0nrUsnlvic5M6Z3RrVvivZ4Bvg",
    "token_expiry": "2022-05-11T19:41:53Z"
  },
  "sentinels": {
    "config_sentinel": "/Users/britton.jenner/.config/gcloud/config_sentinel"
  }
}
2022-05-11 14:41:54,974 INFO     ___FILE_ONLY___ 

2022-05-11 14:41:54,982 DEBUG    root            Metrics reporting process started...
