2022-05-09 09:48:09,805 DEBUG    root            Loaded Command Group: ['gcloud', 'config']
2022-05-09 09:48:09,806 DEBUG    root            Loaded Command Group: ['gcloud', 'config', 'config_helper']
2022-05-09 09:48:09,807 DEBUG    root            Running [gcloud.config.config-helper] with arguments: [--format: "json"]
2022-05-09 09:48:09,810 INFO     root            Display format: "default json"
2022-05-09 09:48:09,810 INFO     ___FILE_ONLY___ {
  "configuration": {
    "active_configuration": "default",
    "properties": {
      "compute": {
        "zone": "us-central1"
      },
      "core": {
        "account": "britton.jenner@crowdriff.com",
        "disable_usage_reporting": "False",
        "project": "crowdriff-stories-dev"
      }
    }
  },
  "credential": {
    "access_token": "ya29.A0ARrdaM-XPmyu7lKOzZILyR1yRjq_6oK9kz83tORHX4i9hkFc8vdxO3caxyMm4wCMLyVqbqtVmdPxAL8aSCoQhdWVAVx7lQ3b220lG8qXnWBvd4qUrNINcMSsp8Ie9pCcm-3Hw0_s2fKbCiTCOhv6dGPTrsBnt14WZMO7b1g",
    "id_token": "eyJhbGciOiJSUzI1NiIsImtpZCI6ImZjYmQ3ZjQ4MWE4MjVkMTEzZTBkMDNkZDk0ZTYwYjY5ZmYxNjY1YTIiLCJ0eXAiOiJKV1QifQ.eyJpc3MiOiJodHRwczovL2FjY291bnRzLmdvb2dsZS5jb20iLCJhenAiOiIzMjU1NTk0MDU1OS5hcHBzLmdvb2dsZXVzZXJjb250ZW50LmNvbSIsImF1ZCI6IjMyNTU1OTQwNTU5LmFwcHMuZ29vZ2xldXNlcmNvbnRlbnQuY29tIiwic3ViIjoiMTA0NzU3Njk2MTMwOTc4MTMyNDM4IiwiaGQiOiJjcm93ZHJpZmYuY29tIiwiZW1haWwiOiJicml0dG9uLmplbm5lckBjcm93ZHJpZmYuY29tIiwiZW1haWxfdmVyaWZpZWQiOnRydWUsImF0X2hhc2giOiJFSXhiNE9xeUFGdUJ3dExpNmVDQ3ZBIiwiaWF0IjoxNjUyMTA0MDc3LCJleHAiOjE2NTIxMDc2Nzd9.lfiZpWgVZ0d4hh0dI5lR77O9pnOX9C6qPjRFmBsuJI3Nmg5C4CS_OJpJu8ZJtGrMm5PYZrLjK-FJLsklzUpTYZwB08rPkZJcG_zroK43wMU-7HoYSEIOV34l6p14Z2F4WAm2XRhPN9z6d3NMAVFSL0HUxXWqhTUAIGMjPsiebjE6HJqANlPsW8HQUDo1kEZXC4GlyZyzoaz7eKNf751u4ygEk7iyXdkmKbBu8oPOcMHasMZZCUnwGwVaZO2Rkg0ov4IVZdcB2HoZLj33cdlebgqbOR8zun8t0A8oftM6pBbZ-ZKr8S7LIubIunIMuq_67780yak5SPLVy3V3gA6mjQ",
    "token_expiry": "2022-05-09T14:47:56Z"
  },
  "sentinels": {
    "config_sentinel": "/Users/britton.jenner/.config/gcloud/config_sentinel"
  }
}
2022-05-09 09:48:09,810 INFO     ___FILE_ONLY___ 

2022-05-09 09:48:09,817 DEBUG    root            Metrics reporting process started...
