2022-05-01 00:33:20,097 DEBUG    root            Loaded Command Group: ['gcloud', 'config']
2022-05-01 00:33:20,099 DEBUG    root            Loaded Command Group: ['gcloud', 'config', 'config_helper']
2022-05-01 00:33:20,100 DEBUG    root            Running [gcloud.config.config-helper] with arguments: [--format: "json", --min-expiry: "3600"]
2022-05-01 00:33:20,109 DEBUG    google.auth.transport.requests Making request: POST https://oauth2.googleapis.com/token
2022-05-01 00:33:20,156 DEBUG    urllib3.connectionpool Starting new HTTPS connection (1): oauth2.googleapis.com:443
2022-05-01 00:33:20,264 DEBUG    urllib3.connectionpool https://oauth2.googleapis.com:443 "POST /token HTTP/1.1" 200 None
2022-05-01 00:33:20,266 DEBUG    google.auth.transport.requests Making request: POST https://oauth2.googleapis.com/token
2022-05-01 00:33:20,267 DEBUG    urllib3.connectionpool Starting new HTTPS connection (1): oauth2.googleapis.com:443
2022-05-01 00:33:20,391 DEBUG    urllib3.connectionpool https://oauth2.googleapis.com:443 "POST /token HTTP/1.1" 200 None
2022-05-01 00:33:20,393 INFO     root            Display format: "default json"
2022-05-01 00:33:20,394 INFO     ___FILE_ONLY___ {
  "configuration": {
    "active_configuration": "default",
    "properties": {
      "compute": {
        "zone": "us-central1"
      },
      "core": {
        "account": "britton.jenner@crowdriff.com",
        "disable_usage_reporting": "False",
        "project": "crowdriff-stories-dev"
      }
    }
  },
  "credential": {
    "access_token": "ya29.A0ARrdaM-6he3yZvOvABtbdFWmEVNVbaEBgXXXqh38CS1nxfq7e6Twib_Pai5kJZeL8LGloakoCrVC15pSAFxKaxIi9Nc4EqpxvPRZuVNiDgkWDb7smf6JKhG9DxTtgdIK6KnCUxs7fwJKQQSaBzkSaGkmOB6q-aO4Zu5Sroo",
    "id_token": "eyJhbGciOiJSUzI1NiIsImtpZCI6Ijg2MTY0OWU0NTAzMTUzODNmNmI5ZDUxMGI3Y2Q0ZTkyMjZjM2NkODgiLCJ0eXAiOiJKV1QifQ.eyJpc3MiOiJodHRwczovL2FjY291bnRzLmdvb2dsZS5jb20iLCJhenAiOiIzMjU1NTk0MDU1OS5hcHBzLmdvb2dsZXVzZXJjb250ZW50LmNvbSIsImF1ZCI6IjMyNTU1OTQwNTU5LmFwcHMuZ29vZ2xldXNlcmNvbnRlbnQuY29tIiwic3ViIjoiMTA0NzU3Njk2MTMwOTc4MTMyNDM4IiwiaGQiOiJjcm93ZHJpZmYuY29tIiwiZW1haWwiOiJicml0dG9uLmplbm5lckBjcm93ZHJpZmYuY29tIiwiZW1haWxfdmVyaWZpZWQiOnRydWUsImF0X2hhc2giOiJ1MDJaUHR0SkRnNGlEc3hiMUxTeEJRIiwiaWF0IjoxNjUxMzc5NjAwLCJleHAiOjE2NTEzODMyMDB9.N3q9ELaf1IMQvNybjjjcpG8nuGg8kom_MOCicNk8g5WrIlzAiogMcF5dY696RPnKsXPR-U60xQWZ6OA6Xa3tdEbaHT9QmEaYsTvn14x8TBqT4WPgjX08pDr6dZ-uuz2ud0mM9C_q3V2gtDOe4ca17jzrTq6u5d0Dkma88_-rv_WzgdkscxpVsA0O9TWdaMzKV9IaexnfcH709fmY1dYVy5F8hCom61dzO63Ze02HXLwSJA8-3aVPIMa-1XgI2lnE57PcahLkeNnPeytnzMj2hVIb9Ab_esuun86Wy1QXqWn4WTW-Ur1fU-v7qbb9bXVqtoB5gVk7MCvY-9RVUZSTfg",
    "token_expiry": "2022-05-01T05:33:19Z"
  },
  "sentinels": {
    "config_sentinel": "/Users/britton.jenner/.config/gcloud/config_sentinel"
  }
}
2022-05-01 00:33:20,394 INFO     ___FILE_ONLY___ 

2022-05-01 00:33:20,400 DEBUG    root            Metrics reporting process started...
