2022-05-01 02:43:39,441 DEBUG    root            Loaded Command Group: ['gcloud', 'config']
2022-05-01 02:43:39,443 DEBUG    root            Loaded Command Group: ['gcloud', 'config', 'config_helper']
2022-05-01 02:43:39,444 DEBUG    root            Running [gcloud.config.config-helper] with arguments: [--format: "json", --min-expiry: "3600"]
2022-05-01 02:43:39,453 DEBUG    google.auth.transport.requests Making request: POST https://oauth2.googleapis.com/token
2022-05-01 02:43:39,509 DEBUG    urllib3.connectionpool Starting new HTTPS connection (1): oauth2.googleapis.com:443
2022-05-01 02:43:39,625 DEBUG    urllib3.connectionpool https://oauth2.googleapis.com:443 "POST /token HTTP/1.1" 200 None
2022-05-01 02:43:39,626 DEBUG    google.auth.transport.requests Making request: POST https://oauth2.googleapis.com/token
2022-05-01 02:43:39,628 DEBUG    urllib3.connectionpool Starting new HTTPS connection (1): oauth2.googleapis.com:443
2022-05-01 02:43:39,733 DEBUG    urllib3.connectionpool https://oauth2.googleapis.com:443 "POST /token HTTP/1.1" 200 None
2022-05-01 02:43:39,736 INFO     root            Display format: "default json"
2022-05-01 02:43:39,736 INFO     ___FILE_ONLY___ {
  "configuration": {
    "active_configuration": "default",
    "properties": {
      "compute": {
        "zone": "us-central1"
      },
      "core": {
        "account": "britton.jenner@crowdriff.com",
        "disable_usage_reporting": "False",
        "project": "crowdriff-stories-dev"
      }
    }
  },
  "credential": {
    "access_token": "ya29.A0ARrdaM8atQqywapb_3QxvyiGjFu2dE-wUFRrFKH7isdKjMiw_7kNiyRuk0y-L62GuPTVs_3-gxq8ppSRdrDHafhBjc_9u5CcTyfx9kExkv5kLVr1bQaNN2JRk5gYzDrxieEy1uK3XXIaUW3k4QGJ4jUZ5zAmSCtop6qknGc",
    "id_token": "eyJhbGciOiJSUzI1NiIsImtpZCI6Ijg2MTY0OWU0NTAzMTUzODNmNmI5ZDUxMGI3Y2Q0ZTkyMjZjM2NkODgiLCJ0eXAiOiJKV1QifQ.eyJpc3MiOiJodHRwczovL2FjY291bnRzLmdvb2dsZS5jb20iLCJhenAiOiIzMjU1NTk0MDU1OS5hcHBzLmdvb2dsZXVzZXJjb250ZW50LmNvbSIsImF1ZCI6IjMyNTU1OTQwNTU5LmFwcHMuZ29vZ2xldXNlcmNvbnRlbnQuY29tIiwic3ViIjoiMTA0NzU3Njk2MTMwOTc4MTMyNDM4IiwiaGQiOiJjcm93ZHJpZmYuY29tIiwiZW1haWwiOiJicml0dG9uLmplbm5lckBjcm93ZHJpZmYuY29tIiwiZW1haWxfdmVyaWZpZWQiOnRydWUsImF0X2hhc2giOiJtZUJOSk1NRDBpV0QzX0NJdzQyM3lRIiwiaWF0IjoxNjUxMzg3NDE5LCJleHAiOjE2NTEzOTEwMTl9.ilfZwz8XtGq3BYoDgEgt9bJrm14s3F2IjP0WKTLZuPiZ_5UKANnPxKCOi8NLS3oyVLOaHfHGb6zMlAAVlQrX2a80Gt7bI1Zay7L8xUnYl2lQTxQMCVCBf38HSQokuCg9OeZgKUm8tsP5NKX5P1yDSEUkDf7df3bNfS0uOAvnce9JvlQhlDnq11QN_3L6Z2XURb_KsBr24IZ2703S7WXVSN_HotSINvO9uagqyyA3pLZ7viVDcM3QEj7MbMM9oSYwh466-UX2_t2tFdrjwP3fNKL05t_YGlKVMnb_dhvLrJPEbRxS0EQQ6fraqUbLkO11E_KqHyy0bNsc80YaixpiCA",
    "token_expiry": "2022-05-01T07:43:38Z"
  },
  "sentinels": {
    "config_sentinel": "/Users/britton.jenner/.config/gcloud/config_sentinel"
  }
}
2022-05-01 02:43:39,736 INFO     ___FILE_ONLY___ 

2022-05-01 02:43:39,742 DEBUG    root            Metrics reporting process started...
