2022-05-01 07:44:35,968 DEBUG    root            Loaded Command Group: ['gcloud', 'config']
2022-05-01 07:44:35,970 DEBUG    root            Loaded Command Group: ['gcloud', 'config', 'config_helper']
2022-05-01 07:44:35,971 DEBUG    root            Running [gcloud.config.config-helper] with arguments: [--format: "json", --min-expiry: "3600"]
2022-05-01 07:44:35,980 DEBUG    google.auth.transport.requests Making request: POST https://oauth2.googleapis.com/token
2022-05-01 07:44:36,037 DEBUG    urllib3.connectionpool Starting new HTTPS connection (1): oauth2.googleapis.com:443
2022-05-01 07:44:36,140 DEBUG    urllib3.connectionpool https://oauth2.googleapis.com:443 "POST /token HTTP/1.1" 200 None
2022-05-01 07:44:36,141 DEBUG    google.auth.transport.requests Making request: POST https://oauth2.googleapis.com/token
2022-05-01 07:44:36,143 DEBUG    urllib3.connectionpool Starting new HTTPS connection (1): oauth2.googleapis.com:443
2022-05-01 07:44:36,244 DEBUG    urllib3.connectionpool https://oauth2.googleapis.com:443 "POST /token HTTP/1.1" 200 None
2022-05-01 07:44:36,246 INFO     root            Display format: "default json"
2022-05-01 07:44:36,246 INFO     ___FILE_ONLY___ {
  "configuration": {
    "active_configuration": "default",
    "properties": {
      "compute": {
        "zone": "us-central1"
      },
      "core": {
        "account": "britton.jenner@crowdriff.com",
        "disable_usage_reporting": "False",
        "project": "crowdriff-stories-dev"
      }
    }
  },
  "credential": {
    "access_token": "ya29.A0ARrdaM9rJEV6Dfo-KEz7GtjXZHg0DFP5R61VTVo80KTiuQhw5QxRjNsFHOIlawWpR9BkLR95MgA8BEbt-SaFHPsEyQYlHDwg0sRobO50vliP69xUEXXsBJ1Rxr-_inDtcyXZW281nJ3X3y3t81gPo7cFMkiTww5hOHnqCI8",
    "id_token": "eyJhbGciOiJSUzI1NiIsImtpZCI6Ijg2MTY0OWU0NTAzMTUzODNmNmI5ZDUxMGI3Y2Q0ZTkyMjZjM2NkODgiLCJ0eXAiOiJKV1QifQ.eyJpc3MiOiJodHRwczovL2FjY291bnRzLmdvb2dsZS5jb20iLCJhenAiOiIzMjU1NTk0MDU1OS5hcHBzLmdvb2dsZXVzZXJjb250ZW50LmNvbSIsImF1ZCI6IjMyNTU1OTQwNTU5LmFwcHMuZ29vZ2xldXNlcmNvbnRlbnQuY29tIiwic3ViIjoiMTA0NzU3Njk2MTMwOTc4MTMyNDM4IiwiaGQiOiJjcm93ZHJpZmYuY29tIiwiZW1haWwiOiJicml0dG9uLmplbm5lckBjcm93ZHJpZmYuY29tIiwiZW1haWxfdmVyaWZpZWQiOnRydWUsImF0X2hhc2giOiI1ZTh3Nl9TSVdaOXdNZEtLZnJnTVB3IiwiaWF0IjoxNjUxNDA1NDc2LCJleHAiOjE2NTE0MDkwNzZ9.m8TW5Y52imBXlLpseXa1ptYHB4gFTUev2jdau3Sd54wYq-miM6gqekWL7Z9R5nD1gWg-9q9ryJqormpenKj83s9HzAvn7nmJXekk_rmT58aG5ATlHw4WWyPyX7knPq4HY-Fw8n8HKZsyQ7_pmXA2k2QrRu3b98XY9hWHJwTAvVJPObdnrQrnKhXmbCrDGCiACzTdd_pdEL3JmtVmZRyh5zsb7LN6V_-dCy1m6fYEOipTh0ZGULYb0IMYOzYXnb_bVa8hpmbR5Kf5OBP2FdF6WLA_VlG6TDOMf9xp9AZb37xshd7rZj2MBIuL9JzoTUYBUaCSyfI_UDtYGs_eCu7qpA",
    "token_expiry": "2022-05-01T12:44:35Z"
  },
  "sentinels": {
    "config_sentinel": "/Users/britton.jenner/.config/gcloud/config_sentinel"
  }
}
2022-05-01 07:44:36,246 INFO     ___FILE_ONLY___ 

2022-05-01 07:44:36,252 DEBUG    root            Metrics reporting process started...
