2022-05-01 10:26:27,149 DEBUG    root            Loaded Command Group: ['gcloud', 'config']
2022-05-01 10:26:27,153 DEBUG    root            Loaded Command Group: ['gcloud', 'config', 'config_helper']
2022-05-01 10:26:27,154 DEBUG    root            Running [gcloud.config.config-helper] with arguments: [--format: "json", --min-expiry: "3600"]
2022-05-01 10:26:27,173 DEBUG    google.auth.transport.requests Making request: POST https://oauth2.googleapis.com/token
2022-05-01 10:26:27,225 DEBUG    urllib3.connectionpool Starting new HTTPS connection (1): oauth2.googleapis.com:443
2022-05-01 10:26:27,336 DEBUG    urllib3.connectionpool https://oauth2.googleapis.com:443 "POST /token HTTP/1.1" 200 None
2022-05-01 10:26:27,338 DEBUG    google.auth.transport.requests Making request: POST https://oauth2.googleapis.com/token
2022-05-01 10:26:27,340 DEBUG    urllib3.connectionpool Starting new HTTPS connection (1): oauth2.googleapis.com:443
2022-05-01 10:26:27,444 DEBUG    urllib3.connectionpool https://oauth2.googleapis.com:443 "POST /token HTTP/1.1" 200 None
2022-05-01 10:26:27,446 INFO     root            Display format: "default json"
2022-05-01 10:26:27,446 INFO     ___FILE_ONLY___ {
  "configuration": {
    "active_configuration": "default",
    "properties": {
      "compute": {
        "zone": "us-central1"
      },
      "core": {
        "account": "britton.jenner@crowdriff.com",
        "disable_usage_reporting": "False",
        "project": "crowdriff-stories-dev"
      }
    }
  },
  "credential": {
    "access_token": "ya29.A0ARrdaM9jz_poKH55L8btjHt51_v_TMNIGrxwVR1cXOo3fzIce-5kJcyx2JX6kShJGq1iiSlYud9SRxeA-sxhonun9l_FXHr0YYDAyJCjPucY2Kjg-o84x6ZL9QfAHy7lAguiZKE3oa56DSbEmpaEANfY9BaXhzO_PJPkOic",
    "id_token": "eyJhbGciOiJSUzI1NiIsImtpZCI6Ijg2MTY0OWU0NTAzMTUzODNmNmI5ZDUxMGI3Y2Q0ZTkyMjZjM2NkODgiLCJ0eXAiOiJKV1QifQ.eyJpc3MiOiJodHRwczovL2FjY291bnRzLmdvb2dsZS5jb20iLCJhenAiOiIzMjU1NTk0MDU1OS5hcHBzLmdvb2dsZXVzZXJjb250ZW50LmNvbSIsImF1ZCI6IjMyNTU1OTQwNTU5LmFwcHMuZ29vZ2xldXNlcmNvbnRlbnQuY29tIiwic3ViIjoiMTA0NzU3Njk2MTMwOTc4MTMyNDM4IiwiaGQiOiJjcm93ZHJpZmYuY29tIiwiZW1haWwiOiJicml0dG9uLmplbm5lckBjcm93ZHJpZmYuY29tIiwiZW1haWxfdmVyaWZpZWQiOnRydWUsImF0X2hhc2giOiJMUjlGdEtodHhOMVpvVlFxazF1dlR3IiwiaWF0IjoxNjUxNDE1MTg3LCJleHAiOjE2NTE0MTg3ODd9.bCm6BB0nZJR2fW7K67uhiZLt34-XjVI843L7Mb2_1sMfj9IHAz4Dl9cNeXhT1e7b5F82xoq7higNuKTGM-divnzX5lWkfYAbLLSBXikjcq3qT_Fgws_P0YZNW3yImqz4TL5RjwCirF3CBmyXcLFntoLsNbuHwI9_zhFWUp-5z4c99FI3gjTsCMn2LilttDv8VMkiBlH7eNOjTUWF20CCXu7LWRDZg9QICEMo_jEK1FOt84vYmK7yTpHRIdSJFrxaxDRFT18RXTw8Fv9kctP1dvJXaxzEYasM3guO_b_14RSLexePEgQGb_Evy05qon8L_9c3dZXtvjS3Et1D1iD8mA",
    "token_expiry": "2022-05-01T15:26:26Z"
  },
  "sentinels": {
    "config_sentinel": "/Users/britton.jenner/.config/gcloud/config_sentinel"
  }
}
2022-05-01 10:26:27,446 INFO     ___FILE_ONLY___ 

2022-05-01 10:26:27,452 DEBUG    root            Metrics reporting process started...
