2022-05-01 14:25:57,776 DEBUG    root            Loaded Command Group: ['gcloud', 'config']
2022-05-01 14:25:57,778 DEBUG    root            Loaded Command Group: ['gcloud', 'config', 'config_helper']
2022-05-01 14:25:57,779 DEBUG    root            Running [gcloud.config.config-helper] with arguments: [--format: "json", --min-expiry: "3600"]
2022-05-01 14:25:57,789 DEBUG    google.auth.transport.requests Making request: POST https://oauth2.googleapis.com/token
2022-05-01 14:25:57,853 DEBUG    urllib3.connectionpool Starting new HTTPS connection (1): oauth2.googleapis.com:443
2022-05-01 14:25:57,956 DEBUG    urllib3.connectionpool https://oauth2.googleapis.com:443 "POST /token HTTP/1.1" 200 None
2022-05-01 14:25:57,957 DEBUG    google.auth.transport.requests Making request: POST https://oauth2.googleapis.com/token
2022-05-01 14:25:57,958 DEBUG    urllib3.connectionpool Starting new HTTPS connection (1): oauth2.googleapis.com:443
2022-05-01 14:25:58,054 DEBUG    urllib3.connectionpool https://oauth2.googleapis.com:443 "POST /token HTTP/1.1" 200 None
2022-05-01 14:25:58,058 INFO     root            Display format: "default json"
2022-05-01 14:25:58,058 INFO     ___FILE_ONLY___ {
  "configuration": {
    "active_configuration": "default",
    "properties": {
      "compute": {
        "zone": "us-central1"
      },
      "core": {
        "account": "britton.jenner@crowdriff.com",
        "disable_usage_reporting": "False",
        "project": "crowdriff-stories-dev"
      }
    }
  },
  "credential": {
    "access_token": "ya29.A0ARrdaM-fOYH_-_qpB9UpNuQkPYF70xKr_BxI0NoweFZ1qL4iFW1mMPNAGNrPM1LqRDUX56spwRcA-_G9aJLJiinV-OtFGhiCRQ58prFafp0HIRYCKB1n6Cu6TL0ty0P3xTiTZ1AegAOctgrd-kyyos7uAUCcbpvMcJr0-Fw",
    "id_token": "eyJhbGciOiJSUzI1NiIsImtpZCI6Ijg2MTY0OWU0NTAzMTUzODNmNmI5ZDUxMGI3Y2Q0ZTkyMjZjM2NkODgiLCJ0eXAiOiJKV1QifQ.eyJpc3MiOiJodHRwczovL2FjY291bnRzLmdvb2dsZS5jb20iLCJhenAiOiIzMjU1NTk0MDU1OS5hcHBzLmdvb2dsZXVzZXJjb250ZW50LmNvbSIsImF1ZCI6IjMyNTU1OTQwNTU5LmFwcHMuZ29vZ2xldXNlcmNvbnRlbnQuY29tIiwic3ViIjoiMTA0NzU3Njk2MTMwOTc4MTMyNDM4IiwiaGQiOiJjcm93ZHJpZmYuY29tIiwiZW1haWwiOiJicml0dG9uLmplbm5lckBjcm93ZHJpZmYuY29tIiwiZW1haWxfdmVyaWZpZWQiOnRydWUsImF0X2hhc2giOiJ2TXhUNTJqRzJFb3lrbkVwbXBNNF9RIiwiaWF0IjoxNjUxNDI5NTU4LCJleHAiOjE2NTE0MzMxNTh9.KxQci8kX-ypfU-L948aZEgVXN2DAb6iyvc0bV-SmOqdFLUJF_-QWpvGG4aubNsxStG4PfW0Eie0MB1KDZ0SpgwXmjCo3_VrSyWyeM_ldzzvJaQJ9_NgD-DGbLMR_5wUOWMAUPjp7FD70pghHEL0XgN0O9rWDmIHuQwrg8IgesviyqnIXAp7nmr9BG8UIzixQfGiq7L3fmfJd23vbsPT9gHUkHeUgSK-GWKwEADORA1-4WkjtHaKYvB9OBaqqojzQsizvKvbjzwxTmXABiUIf_ykckJTaMWn5rbltk6Eq3mlP_TXe5jVzT0Ldydmj5Q0Yu1vmywlWHf_n178fTZJ59Q",
    "token_expiry": "2022-05-01T19:25:57Z"
  },
  "sentinels": {
    "config_sentinel": "/Users/britton.jenner/.config/gcloud/config_sentinel"
  }
}
2022-05-01 14:25:58,058 INFO     ___FILE_ONLY___ 

2022-05-01 14:25:58,063 DEBUG    root            Metrics reporting process started...
