2022-05-01 17:20:33,814 DEBUG    root            Loaded Command Group: ['gcloud', 'config']
2022-05-01 17:20:33,817 DEBUG    root            Loaded Command Group: ['gcloud', 'config', 'config_helper']
2022-05-01 17:20:33,818 DEBUG    root            Running [gcloud.config.config-helper] with arguments: [--format: "json", --min-expiry: "3600"]
2022-05-01 17:20:33,831 DEBUG    google.auth.transport.requests Making request: POST https://oauth2.googleapis.com/token
2022-05-01 17:20:33,875 DEBUG    urllib3.connectionpool Starting new HTTPS connection (1): oauth2.googleapis.com:443
2022-05-01 17:20:33,981 DEBUG    urllib3.connectionpool https://oauth2.googleapis.com:443 "POST /token HTTP/1.1" 200 None
2022-05-01 17:20:33,983 DEBUG    google.auth.transport.requests Making request: POST https://oauth2.googleapis.com/token
2022-05-01 17:20:33,985 DEBUG    urllib3.connectionpool Starting new HTTPS connection (1): oauth2.googleapis.com:443
2022-05-01 17:20:34,101 DEBUG    urllib3.connectionpool https://oauth2.googleapis.com:443 "POST /token HTTP/1.1" 200 None
2022-05-01 17:20:34,103 INFO     root            Display format: "default json"
2022-05-01 17:20:34,104 INFO     ___FILE_ONLY___ {
  "configuration": {
    "active_configuration": "default",
    "properties": {
      "compute": {
        "zone": "us-central1"
      },
      "core": {
        "account": "britton.jenner@crowdriff.com",
        "disable_usage_reporting": "False",
        "project": "crowdriff-stories-dev"
      }
    }
  },
  "credential": {
    "access_token": "ya29.A0ARrdaM86rYAk-QXFt3EeyB5omXQO733Zof05puM45Qt3HXUAY-cLWizctXu1t65pHB-SFSprTAQMp0H5MBN1347DTfNwvVxq2yfSrut-Bwd548W3k_2yxVS5TZneXmLhUystcUin_5ZHuuDawvbRKwWTXq8kVNHjXDvmOGg",
    "id_token": "eyJhbGciOiJSUzI1NiIsImtpZCI6Ijg2MTY0OWU0NTAzMTUzODNmNmI5ZDUxMGI3Y2Q0ZTkyMjZjM2NkODgiLCJ0eXAiOiJKV1QifQ.eyJpc3MiOiJodHRwczovL2FjY291bnRzLmdvb2dsZS5jb20iLCJhenAiOiIzMjU1NTk0MDU1OS5hcHBzLmdvb2dsZXVzZXJjb250ZW50LmNvbSIsImF1ZCI6IjMyNTU1OTQwNTU5LmFwcHMuZ29vZ2xldXNlcmNvbnRlbnQuY29tIiwic3ViIjoiMTA0NzU3Njk2MTMwOTc4MTMyNDM4IiwiaGQiOiJjcm93ZHJpZmYuY29tIiwiZW1haWwiOiJicml0dG9uLmplbm5lckBjcm93ZHJpZmYuY29tIiwiZW1haWxfdmVyaWZpZWQiOnRydWUsImF0X2hhc2giOiJZUEptUmtBQ2NjZ3ZBRThQUjZuNjhRIiwiaWF0IjoxNjUxNDQwMDM0LCJleHAiOjE2NTE0NDM2MzR9.BkLXksYLDLYrTBAn_bFMDxsOZu4FH8NZWk9MgVH3NiFbh-XJxDn0XWeXWfY4zUbeIKNndSQLBfLerPklJVulo0lqvqcThWPC2FtEqckjFqhXaU7yd1GLQ3XkYatmW7DzuSnEAJvwVcJ_x5_4H2AQEMn1_Ht9-ks6YpRmmF2dLmegnIRfWL0PPs5GTYFq-1dPtJ0Ay_QzXM1EvOxitOplmj0q5Xb4mhE5C2EvoGsVZkVedHR106jlMIIQvjrM_mmmDM__TcFjcJdCTnZo06nLn-8bAyB48MAf2rJw4sUveWVajf7PemP33GCQ7DeCLrktRhHJz6LC7xYotvcM3UM8Cg",
    "token_expiry": "2022-05-01T22:20:33Z"
  },
  "sentinels": {
    "config_sentinel": "/Users/britton.jenner/.config/gcloud/config_sentinel"
  }
}
2022-05-01 17:20:34,104 INFO     ___FILE_ONLY___ 

2022-05-01 17:20:34,104 DEBUG    root            Checking for updates...
2022-05-01 17:20:34,138 DEBUG    urllib3.connectionpool Starting new HTTPS connection (1): dl.google.com:443
2022-05-01 17:20:34,222 DEBUG    urllib3.connectionpool https://dl.google.com:443 "GET /dl/cloudsdk/channels/rapid/components-2.json HTTP/1.1" 200 187078
2022-05-01 17:20:34,267 DEBUG    root            Metrics reporting process started...
