2022-05-01 19:32:49,465 DEBUG    root            Loaded Command Group: ['gcloud', 'config']
2022-05-01 19:32:49,467 DEBUG    root            Loaded Command Group: ['gcloud', 'config', 'config_helper']
2022-05-01 19:32:49,468 DEBUG    root            Running [gcloud.config.config-helper] with arguments: [--format: "json", --min-expiry: "3600"]
2022-05-01 19:32:49,476 DEBUG    google.auth.transport.requests Making request: POST https://oauth2.googleapis.com/token
2022-05-01 19:32:49,526 DEBUG    urllib3.connectionpool Starting new HTTPS connection (1): oauth2.googleapis.com:443
2022-05-01 19:32:49,631 DEBUG    urllib3.connectionpool https://oauth2.googleapis.com:443 "POST /token HTTP/1.1" 200 None
2022-05-01 19:32:49,634 DEBUG    google.auth.transport.requests Making request: POST https://oauth2.googleapis.com/token
2022-05-01 19:32:49,636 DEBUG    urllib3.connectionpool Starting new HTTPS connection (1): oauth2.googleapis.com:443
2022-05-01 19:32:49,746 DEBUG    urllib3.connectionpool https://oauth2.googleapis.com:443 "POST /token HTTP/1.1" 200 None
2022-05-01 19:32:49,748 INFO     root            Display format: "default json"
2022-05-01 19:32:49,748 INFO     ___FILE_ONLY___ {
  "configuration": {
    "active_configuration": "default",
    "properties": {
      "compute": {
        "zone": "us-central1"
      },
      "core": {
        "account": "britton.jenner@crowdriff.com",
        "disable_usage_reporting": "False",
        "project": "crowdriff-stories-dev"
      }
    }
  },
  "credential": {
    "access_token": "ya29.A0ARrdaM-nUfQI7f9dKoluI6dcMi9vtDOtYi42yyZqCOnd116NY3pjsM9SKZN58NK65t-90dfA9C3W2t0ebSyee8ppnVzNqQnqJcEr3UKRduJav1GmtYNDyjKkiyfhvXhsgMFKJUD8IolAvms1pNlfwJzPf6P7lUS-Ghkma3E",
    "id_token": "eyJhbGciOiJSUzI1NiIsImtpZCI6Ijg2MTY0OWU0NTAzMTUzODNmNmI5ZDUxMGI3Y2Q0ZTkyMjZjM2NkODgiLCJ0eXAiOiJKV1QifQ.eyJpc3MiOiJodHRwczovL2FjY291bnRzLmdvb2dsZS5jb20iLCJhenAiOiIzMjU1NTk0MDU1OS5hcHBzLmdvb2dsZXVzZXJjb250ZW50LmNvbSIsImF1ZCI6IjMyNTU1OTQwNTU5LmFwcHMuZ29vZ2xldXNlcmNvbnRlbnQuY29tIiwic3ViIjoiMTA0NzU3Njk2MTMwOTc4MTMyNDM4IiwiaGQiOiJjcm93ZHJpZmYuY29tIiwiZW1haWwiOiJicml0dG9uLmplbm5lckBjcm93ZHJpZmYuY29tIiwiZW1haWxfdmVyaWZpZWQiOnRydWUsImF0X2hhc2giOiJXLTBlamh4bEE2QW5LaDJoRXNPTG5nIiwiaWF0IjoxNjUxNDQ3OTY5LCJleHAiOjE2NTE0NTE1Njl9.lqVzAjrSpUikHpEiZjTKnRNGSfl7mfVLoLtCCpWLb34m2YhGweGSPdjMJz8BNUn3GTbtM17NZB1hcs_0creDxU9z9SNTpapXf6XFt9HdRL68KoFaIHL0fRp1KWckYFqIs44kUuhGb8CaDUpa5UygRLsET-WRhisBgXpJyurI0GqJ_KiYcUCW-kcToyTFF-QHPn0UCBx7r-dwzye7vkSZnST0rug8o0vbG1_P4yuyEY0KkyrTakmiMIfsYMjFRQyam2qvL6HTgSCnMrldhMkimW_bJKr2E1e7PstO3fCkgYGKTEQGz8uNTRYAuMEiGwRUYVvrSXMmg-nlnhtK05hR7g",
    "token_expiry": "2022-05-02T00:32:48Z"
  },
  "sentinels": {
    "config_sentinel": "/Users/britton.jenner/.config/gcloud/config_sentinel"
  }
}
2022-05-01 19:32:49,748 INFO     ___FILE_ONLY___ 

2022-05-01 19:32:49,754 DEBUG    root            Metrics reporting process started...
