2022-05-27 09:59:53,368 DEBUG    root            Loaded Command Group: ['gcloud', 'components']
2022-05-27 09:59:53,370 DEBUG    root            Loaded Command Group: ['gcloud', 'components', 'update']
2022-05-27 09:59:53,371 DEBUG    root            Running [gcloud.components.update] with arguments: []
2022-05-27 09:59:53,371 INFO     ___FILE_ONLY___ Beginning update. This process may take several minutes.

2022-05-27 09:59:53,414 DEBUG    urllib3.connectionpool Starting new HTTPS connection (1): dl.google.com:443
2022-05-27 09:59:53,493 DEBUG    urllib3.connectionpool https://dl.google.com:443 "GET /dl/cloudsdk/channels/rapid/components-2.json HTTP/1.1" 200 190923
2022-05-27 09:59:53,552 INFO     ___FILE_ONLY___ 

2022-05-27 09:59:53,553 INFO     ___FILE_ONLY___ 
Your current Google Cloud CLI version is: 386.0.0

2022-05-27 09:59:53,553 INFO     ___FILE_ONLY___ You will be upgraded to version: 387.0.0

2022-05-27 09:59:53,553 INFO     ___FILE_ONLY___ 

2022-05-27 09:59:53,554 INFO     ___FILE_ONLY___ ┌─────────────────────────────────────────────────────────┐
2022-05-27 09:59:53,554 INFO     ___FILE_ONLY___ 

2022-05-27 09:59:53,554 INFO     ___FILE_ONLY___ │            These components will be updated.            │
2022-05-27 09:59:53,554 INFO     ___FILE_ONLY___ 

2022-05-27 09:59:53,554 INFO     ___FILE_ONLY___ ├─────────────────────────────────┬────────────┬──────────┤
2022-05-27 09:59:53,554 INFO     ___FILE_ONLY___ 

2022-05-27 09:59:53,554 INFO     ___FILE_ONLY___ │               Name              │  Version   │   Size   │
2022-05-27 09:59:53,554 INFO     ___FILE_ONLY___ 

2022-05-27 09:59:53,554 INFO     ___FILE_ONLY___ ├─────────────────────────────────┼────────────┼──────────┤
2022-05-27 09:59:53,555 INFO     ___FILE_ONLY___ 

2022-05-27 09:59:53,555 INFO     ___FILE_ONLY___ │ 
2022-05-27 09:59:53,555 INFO     ___FILE_ONLY___ Google Cloud CLI Core Libraries
2022-05-27 09:59:53,555 INFO     ___FILE_ONLY___  
2022-05-27 09:59:53,555 INFO     ___FILE_ONLY___ │ 
2022-05-27 09:59:53,555 INFO     ___FILE_ONLY___ 2022.05.20
2022-05-27 09:59:53,555 INFO     ___FILE_ONLY___  
2022-05-27 09:59:53,555 INFO     ___FILE_ONLY___ │ 
2022-05-27 09:59:53,555 INFO     ___FILE_ONLY___ 23.3 MiB
2022-05-27 09:59:53,555 INFO     ___FILE_ONLY___  
2022-05-27 09:59:53,555 INFO     ___FILE_ONLY___ │
2022-05-27 09:59:53,555 INFO     ___FILE_ONLY___ 

2022-05-27 09:59:53,555 INFO     ___FILE_ONLY___ └─────────────────────────────────┴────────────┴──────────┘
2022-05-27 09:59:53,555 INFO     ___FILE_ONLY___ 

2022-05-27 09:59:53,555 INFO     ___FILE_ONLY___ 

2022-05-27 09:59:53,557 DEBUG    urllib3.connectionpool Starting new HTTPS connection (1): dl.google.com:443
2022-05-27 09:59:53,636 DEBUG    urllib3.connectionpool https://dl.google.com:443 "GET /dl/cloudsdk/channels/rapid/RELEASE_NOTES HTTP/1.1" 200 808364
2022-05-27 09:59:53,697 INFO     ___FILE_ONLY___ The following release notes are new in this upgrade.
Please read carefully for information about new features, breaking changes,
and bugs fixed.  The latest full release notes can be viewed at:
  https://cloud.google.com/sdk/release_notes


2022-05-27 09:59:53,697 INFO     ___FILE_ONLY___ [m
2022-05-27 09:59:53,697 INFO     ___FILE_ONLY___ [1m387.0.0 (2022-05-24)[m

2022-05-27 09:59:53,697 INFO     ___FILE_ONLY___ [m
2022-05-27 09:59:53,697 INFO     ___FILE_ONLY___   
2022-05-27 09:59:53,697 INFO     ___FILE_ONLY___ [1mAnthos Multi-Cloud[m

2022-05-27 09:59:53,697 INFO     ___FILE_ONLY___       ▪
2022-05-27 09:59:53,697 INFO     ___FILE_ONLY___  
2022-05-27 09:59:53,697 INFO     ___FILE_ONLY___ Fixed
2022-05-27 09:59:53,698 INFO     ___FILE_ONLY___  
2022-05-27 09:59:53,698 INFO     ___FILE_ONLY___ issue
2022-05-27 09:59:53,698 INFO     ___FILE_ONLY___  
2022-05-27 09:59:53,698 INFO     ___FILE_ONLY___ where
2022-05-27 09:59:53,698 INFO     ___FILE_ONLY___  
2022-05-27 09:59:53,698 INFO     ___FILE_ONLY___ [1mgcloud
2022-05-27 09:59:53,698 INFO     ___FILE_ONLY___  
2022-05-27 09:59:53,698 INFO     ___FILE_ONLY___ container
2022-05-27 09:59:53,698 INFO     ___FILE_ONLY___  
2022-05-27 09:59:53,698 INFO     ___FILE_ONLY___ aws
2022-05-27 09:59:53,698 INFO     ___FILE_ONLY___  
2022-05-27 09:59:53,698 INFO     ___FILE_ONLY___ clusters
2022-05-27 09:59:53,698 INFO     ___FILE_ONLY___  
2022-05-27 09:59:53,698 INFO     ___FILE_ONLY___ get-credentials
2022-05-27 09:59:53,698 INFO     ___FILE_ONLY___ 

2022-05-27 09:59:53,698 INFO     ___FILE_ONLY___         
2022-05-27 09:59:53,698 INFO     ___FILE_ONLY___ --private-endpoint[m
2022-05-27 09:59:53,698 INFO     ___FILE_ONLY___  
2022-05-27 09:59:53,698 INFO     ___FILE_ONLY___ and
2022-05-27 09:59:53,698 INFO     ___FILE_ONLY___  
2022-05-27 09:59:53,698 INFO     ___FILE_ONLY___ [1mgcloud
2022-05-27 09:59:53,698 INFO     ___FILE_ONLY___  
2022-05-27 09:59:53,698 INFO     ___FILE_ONLY___ container
2022-05-27 09:59:53,698 INFO     ___FILE_ONLY___  
2022-05-27 09:59:53,698 INFO     ___FILE_ONLY___ azure
2022-05-27 09:59:53,699 INFO     ___FILE_ONLY___  
2022-05-27 09:59:53,699 INFO     ___FILE_ONLY___ clusters
2022-05-27 09:59:53,699 INFO     ___FILE_ONLY___  
2022-05-27 09:59:53,699 INFO     ___FILE_ONLY___ get-credentials
2022-05-27 09:59:53,699 INFO     ___FILE_ONLY___ 

2022-05-27 09:59:53,699 INFO     ___FILE_ONLY___         
2022-05-27 09:59:53,699 INFO     ___FILE_ONLY___ --private-endpoint[m
2022-05-27 09:59:53,699 INFO     ___FILE_ONLY___  
2022-05-27 09:59:53,699 INFO     ___FILE_ONLY___ commands
2022-05-27 09:59:53,699 INFO     ___FILE_ONLY___  
2022-05-27 09:59:53,699 INFO     ___FILE_ONLY___ do
2022-05-27 09:59:53,699 INFO     ___FILE_ONLY___  
2022-05-27 09:59:53,699 INFO     ___FILE_ONLY___ not
2022-05-27 09:59:53,699 INFO     ___FILE_ONLY___  
2022-05-27 09:59:53,699 INFO     ___FILE_ONLY___ work
2022-05-27 09:59:53,699 INFO     ___FILE_ONLY___  
2022-05-27 09:59:53,699 INFO     ___FILE_ONLY___ for
2022-05-27 09:59:53,699 INFO     ___FILE_ONLY___  
2022-05-27 09:59:53,699 INFO     ___FILE_ONLY___ clusters
2022-05-27 09:59:53,699 INFO     ___FILE_ONLY___  
2022-05-27 09:59:53,699 INFO     ___FILE_ONLY___ in
2022-05-27 09:59:53,699 INFO     ___FILE_ONLY___  
2022-05-27 09:59:53,699 INFO     ___FILE_ONLY___ a
2022-05-27 09:59:53,699 INFO     ___FILE_ONLY___  
2022-05-27 09:59:53,699 INFO     ___FILE_ONLY___ project
2022-05-27 09:59:53,700 INFO     ___FILE_ONLY___ 

2022-05-27 09:59:53,700 INFO     ___FILE_ONLY___         
2022-05-27 09:59:53,700 INFO     ___FILE_ONLY___ different
2022-05-27 09:59:53,700 INFO     ___FILE_ONLY___  
2022-05-27 09:59:53,700 INFO     ___FILE_ONLY___ from
2022-05-27 09:59:53,700 INFO     ___FILE_ONLY___  
2022-05-27 09:59:53,700 INFO     ___FILE_ONLY___ the
2022-05-27 09:59:53,700 INFO     ___FILE_ONLY___  
2022-05-27 09:59:53,700 INFO     ___FILE_ONLY___ default
2022-05-27 09:59:53,700 INFO     ___FILE_ONLY___  
2022-05-27 09:59:53,700 INFO     ___FILE_ONLY___ project.
2022-05-27 09:59:53,700 INFO     ___FILE_ONLY___ 

2022-05-27 09:59:53,700 INFO     ___FILE_ONLY___ 

2022-05-27 09:59:53,700 INFO     ___FILE_ONLY___ [m
2022-05-27 09:59:53,700 INFO     ___FILE_ONLY___   
2022-05-27 09:59:53,700 INFO     ___FILE_ONLY___ [1mCloud Composer[m

2022-05-27 09:59:53,700 INFO     ___FILE_ONLY___       ▪
2022-05-27 09:59:53,700 INFO     ___FILE_ONLY___  
2022-05-27 09:59:53,700 INFO     ___FILE_ONLY___ Added
2022-05-27 09:59:53,700 INFO     ___FILE_ONLY___  
2022-05-27 09:59:53,700 INFO     ___FILE_ONLY___ [1m--enable-privately-used-public-ips[m
2022-05-27 09:59:53,700 INFO     ___FILE_ONLY___  
2022-05-27 09:59:53,700 INFO     ___FILE_ONLY___ flag
2022-05-27 09:59:53,700 INFO     ___FILE_ONLY___  
2022-05-27 09:59:53,700 INFO     ___FILE_ONLY___ to
2022-05-27 09:59:53,700 INFO     ___FILE_ONLY___  
2022-05-27 09:59:53,700 INFO     ___FILE_ONLY___ [1mgcloud
2022-05-27 09:59:53,700 INFO     ___FILE_ONLY___  
2022-05-27 09:59:53,700 INFO     ___FILE_ONLY___ composer
2022-05-27 09:59:53,700 INFO     ___FILE_ONLY___ 

2022-05-27 09:59:53,700 INFO     ___FILE_ONLY___         
2022-05-27 09:59:53,700 INFO     ___FILE_ONLY___ environments
2022-05-27 09:59:53,701 INFO     ___FILE_ONLY___  
2022-05-27 09:59:53,701 INFO     ___FILE_ONLY___ create[m
2022-05-27 09:59:53,701 INFO     ___FILE_ONLY___  
2022-05-27 09:59:53,701 INFO     ___FILE_ONLY___ command
2022-05-27 09:59:53,701 INFO     ___FILE_ONLY___  
2022-05-27 09:59:53,701 INFO     ___FILE_ONLY___ to
2022-05-27 09:59:53,701 INFO     ___FILE_ONLY___  
2022-05-27 09:59:53,701 INFO     ___FILE_ONLY___ enable
2022-05-27 09:59:53,701 INFO     ___FILE_ONLY___  
2022-05-27 09:59:53,701 INFO     ___FILE_ONLY___ using
2022-05-27 09:59:53,701 INFO     ___FILE_ONLY___  
2022-05-27 09:59:53,701 INFO     ___FILE_ONLY___ privately
2022-05-27 09:59:53,701 INFO     ___FILE_ONLY___  
2022-05-27 09:59:53,701 INFO     ___FILE_ONLY___ used
2022-05-27 09:59:53,701 INFO     ___FILE_ONLY___  
2022-05-27 09:59:53,701 INFO     ___FILE_ONLY___ public
2022-05-27 09:59:53,701 INFO     ___FILE_ONLY___  
2022-05-27 09:59:53,701 INFO     ___FILE_ONLY___ IP
2022-05-27 09:59:53,701 INFO     ___FILE_ONLY___ 

2022-05-27 09:59:53,701 INFO     ___FILE_ONLY___         
2022-05-27 09:59:53,701 INFO     ___FILE_ONLY___ address
2022-05-27 09:59:53,701 INFO     ___FILE_ONLY___  
2022-05-27 09:59:53,701 INFO     ___FILE_ONLY___ ranges
2022-05-27 09:59:53,701 INFO     ___FILE_ONLY___  
2022-05-27 09:59:53,701 INFO     ___FILE_ONLY___ feature
2022-05-27 09:59:53,701 INFO     ___FILE_ONLY___  
2022-05-27 09:59:53,701 INFO     ___FILE_ONLY___ in
2022-05-27 09:59:53,701 INFO     ___FILE_ONLY___  
2022-05-27 09:59:53,701 INFO     ___FILE_ONLY___ the
2022-05-27 09:59:53,701 INFO     ___FILE_ONLY___  
2022-05-27 09:59:53,701 INFO     ___FILE_ONLY___ GKE
2022-05-27 09:59:53,701 INFO     ___FILE_ONLY___  
2022-05-27 09:59:53,701 INFO     ___FILE_ONLY___ cluster.
2022-05-27 09:59:53,701 INFO     ___FILE_ONLY___ 

2022-05-27 09:59:53,701 INFO     ___FILE_ONLY___ 

2022-05-27 09:59:53,701 INFO     ___FILE_ONLY___ [m
2022-05-27 09:59:53,701 INFO     ___FILE_ONLY___   
2022-05-27 09:59:53,701 INFO     ___FILE_ONLY___ [1mCloud Dataproc[m

2022-05-27 09:59:53,701 INFO     ___FILE_ONLY___       ▪
2022-05-27 09:59:53,701 INFO     ___FILE_ONLY___  
2022-05-27 09:59:53,701 INFO     ___FILE_ONLY___ Added
2022-05-27 09:59:53,701 INFO     ___FILE_ONLY___  
2022-05-27 09:59:53,701 INFO     ___FILE_ONLY___ [1m--properties-file[m
2022-05-27 09:59:53,701 INFO     ___FILE_ONLY___  
2022-05-27 09:59:53,701 INFO     ___FILE_ONLY___ flag
2022-05-27 09:59:53,702 INFO     ___FILE_ONLY___  
2022-05-27 09:59:53,702 INFO     ___FILE_ONLY___ to
2022-05-27 09:59:53,702 INFO     ___FILE_ONLY___  
2022-05-27 09:59:53,702 INFO     ___FILE_ONLY___ [1mgcloud
2022-05-27 09:59:53,702 INFO     ___FILE_ONLY___  
2022-05-27 09:59:53,702 INFO     ___FILE_ONLY___ beta
2022-05-27 09:59:53,702 INFO     ___FILE_ONLY___  
2022-05-27 09:59:53,702 INFO     ___FILE_ONLY___ dataproc
2022-05-27 09:59:53,702 INFO     ___FILE_ONLY___  
2022-05-27 09:59:53,702 INFO     ___FILE_ONLY___ jobs
2022-05-27 09:59:53,702 INFO     ___FILE_ONLY___  
2022-05-27 09:59:53,702 INFO     ___FILE_ONLY___ submit[m.
2022-05-27 09:59:53,702 INFO     ___FILE_ONLY___ 

2022-05-27 09:59:53,702 INFO     ___FILE_ONLY___ 

2022-05-27 09:59:53,702 INFO     ___FILE_ONLY___ [m
2022-05-27 09:59:53,702 INFO     ___FILE_ONLY___   
2022-05-27 09:59:53,702 INFO     ___FILE_ONLY___ [1mCloud Deploy[m

2022-05-27 09:59:53,702 INFO     ___FILE_ONLY___       ▪
2022-05-27 09:59:53,702 INFO     ___FILE_ONLY___  
2022-05-27 09:59:53,702 INFO     ___FILE_ONLY___ Fixed
2022-05-27 09:59:53,702 INFO     ___FILE_ONLY___  
2022-05-27 09:59:53,702 INFO     ___FILE_ONLY___ [1mgcloud
2022-05-27 09:59:53,702 INFO     ___FILE_ONLY___  
2022-05-27 09:59:53,702 INFO     ___FILE_ONLY___ deploy
2022-05-27 09:59:53,702 INFO     ___FILE_ONLY___  
2022-05-27 09:59:53,702 INFO     ___FILE_ONLY___ releases
2022-05-27 09:59:53,702 INFO     ___FILE_ONLY___  
2022-05-27 09:59:53,702 INFO     ___FILE_ONLY___ <create|promote>[m
2022-05-27 09:59:53,702 INFO     ___FILE_ONLY___  
2022-05-27 09:59:53,702 INFO     ___FILE_ONLY___ and
2022-05-27 09:59:53,702 INFO     ___FILE_ONLY___  
2022-05-27 09:59:53,702 INFO     ___FILE_ONLY___ [1mgcloud
2022-05-27 09:59:53,702 INFO     ___FILE_ONLY___  
2022-05-27 09:59:53,702 INFO     ___FILE_ONLY___ deploy
2022-05-27 09:59:53,702 INFO     ___FILE_ONLY___ 

2022-05-27 09:59:53,702 INFO     ___FILE_ONLY___         
2022-05-27 09:59:53,702 INFO     ___FILE_ONLY___ targets
2022-05-27 09:59:53,702 INFO     ___FILE_ONLY___  
2022-05-27 09:59:53,702 INFO     ___FILE_ONLY___ rollback[m
2022-05-27 09:59:53,702 INFO     ___FILE_ONLY___  
2022-05-27 09:59:53,702 INFO     ___FILE_ONLY___ to
2022-05-27 09:59:53,702 INFO     ___FILE_ONLY___  
2022-05-27 09:59:53,703 INFO     ___FILE_ONLY___ support
2022-05-27 09:59:53,703 INFO     ___FILE_ONLY___  
2022-05-27 09:59:53,703 INFO     ___FILE_ONLY___ [1m--format[m
2022-05-27 09:59:53,703 INFO     ___FILE_ONLY___  
2022-05-27 09:59:53,703 INFO     ___FILE_ONLY___ flag.
2022-05-27 09:59:53,703 INFO     ___FILE_ONLY___ 

2022-05-27 09:59:53,703 INFO     ___FILE_ONLY___ 

2022-05-27 09:59:53,703 INFO     ___FILE_ONLY___ [m
2022-05-27 09:59:53,703 INFO     ___FILE_ONLY___   
2022-05-27 09:59:53,703 INFO     ___FILE_ONLY___ [1mCloud Functions[m

2022-05-27 09:59:53,703 INFO     ___FILE_ONLY___       ▪
2022-05-27 09:59:53,703 INFO     ___FILE_ONLY___  
2022-05-27 09:59:53,703 INFO     ___FILE_ONLY___ -
2022-05-27 09:59:53,703 INFO     ___FILE_ONLY___  
2022-05-27 09:59:53,703 INFO     ___FILE_ONLY___ Added
2022-05-27 09:59:53,703 INFO     ___FILE_ONLY___  
2022-05-27 09:59:53,703 INFO     ___FILE_ONLY___ [1m--trigger-event-filters-path-pattern[m
2022-05-27 09:59:53,703 INFO     ___FILE_ONLY___  
2022-05-27 09:59:53,703 INFO     ___FILE_ONLY___ flag
2022-05-27 09:59:53,703 INFO     ___FILE_ONLY___  
2022-05-27 09:59:53,703 INFO     ___FILE_ONLY___ to
2022-05-27 09:59:53,703 INFO     ___FILE_ONLY___  
2022-05-27 09:59:53,703 INFO     ___FILE_ONLY___ [1mgcloud
2022-05-27 09:59:53,703 INFO     ___FILE_ONLY___  
2022-05-27 09:59:53,703 INFO     ___FILE_ONLY___ beta
2022-05-27 09:59:53,703 INFO     ___FILE_ONLY___ 

2022-05-27 09:59:53,703 INFO     ___FILE_ONLY___         
2022-05-27 09:59:53,703 INFO     ___FILE_ONLY___ functions
2022-05-27 09:59:53,703 INFO     ___FILE_ONLY___  
2022-05-27 09:59:53,703 INFO     ___FILE_ONLY___ deploy[m.
2022-05-27 09:59:53,703 INFO     ___FILE_ONLY___ 

2022-05-27 09:59:53,703 INFO     ___FILE_ONLY___ 

2022-05-27 09:59:53,703 INFO     ___FILE_ONLY___ [m
2022-05-27 09:59:53,703 INFO     ___FILE_ONLY___   
2022-05-27 09:59:53,703 INFO     ___FILE_ONLY___ [1mCloud Pub/Sub[m

2022-05-27 09:59:53,703 INFO     ___FILE_ONLY___       ▪
2022-05-27 09:59:53,703 INFO     ___FILE_ONLY___  
2022-05-27 09:59:53,703 INFO     ___FILE_ONLY___ Added
2022-05-27 09:59:53,704 INFO     ___FILE_ONLY___  
2022-05-27 09:59:53,704 INFO     ___FILE_ONLY___ [1m--bigquery-table[m,
2022-05-27 09:59:53,704 INFO     ___FILE_ONLY___  
2022-05-27 09:59:53,704 INFO     ___FILE_ONLY___ [1m--write-metadata[m,
2022-05-27 09:59:53,704 INFO     ___FILE_ONLY___  
2022-05-27 09:59:53,704 INFO     ___FILE_ONLY___ [1m--use-topic-schema[m,
2022-05-27 09:59:53,704 INFO     ___FILE_ONLY___  
2022-05-27 09:59:53,704 INFO     ___FILE_ONLY___ and
2022-05-27 09:59:53,704 INFO     ___FILE_ONLY___ 

2022-05-27 09:59:53,704 INFO     ___FILE_ONLY___         
2022-05-27 09:59:53,704 INFO     ___FILE_ONLY___ [1m--drop-unknown-fields[m
2022-05-27 09:59:53,704 INFO     ___FILE_ONLY___  
2022-05-27 09:59:53,704 INFO     ___FILE_ONLY___ flags
2022-05-27 09:59:53,704 INFO     ___FILE_ONLY___  
2022-05-27 09:59:53,704 INFO     ___FILE_ONLY___ to
2022-05-27 09:59:53,704 INFO     ___FILE_ONLY___  
2022-05-27 09:59:53,704 INFO     ___FILE_ONLY___ [1mgcloud
2022-05-27 09:59:53,704 INFO     ___FILE_ONLY___  
2022-05-27 09:59:53,704 INFO     ___FILE_ONLY___ pubsub
2022-05-27 09:59:53,704 INFO     ___FILE_ONLY___  
2022-05-27 09:59:53,704 INFO     ___FILE_ONLY___ subscriptions
2022-05-27 09:59:53,704 INFO     ___FILE_ONLY___  
2022-05-27 09:59:53,704 INFO     ___FILE_ONLY___ create[m
2022-05-27 09:59:53,704 INFO     ___FILE_ONLY___  
2022-05-27 09:59:53,704 INFO     ___FILE_ONLY___ to
2022-05-27 09:59:53,704 INFO     ___FILE_ONLY___ 

2022-05-27 09:59:53,704 INFO     ___FILE_ONLY___         
2022-05-27 09:59:53,704 INFO     ___FILE_ONLY___ set
2022-05-27 09:59:53,704 INFO     ___FILE_ONLY___  
2022-05-27 09:59:53,704 INFO     ___FILE_ONLY___ BigQuery
2022-05-27 09:59:53,704 INFO     ___FILE_ONLY___  
2022-05-27 09:59:53,704 INFO     ___FILE_ONLY___ configuration
2022-05-27 09:59:53,704 INFO     ___FILE_ONLY___  
2022-05-27 09:59:53,704 INFO     ___FILE_ONLY___ options
2022-05-27 09:59:53,704 INFO     ___FILE_ONLY___  
2022-05-27 09:59:53,704 INFO     ___FILE_ONLY___ in
2022-05-27 09:59:53,704 INFO     ___FILE_ONLY___  
2022-05-27 09:59:53,704 INFO     ___FILE_ONLY___ Cloud
2022-05-27 09:59:53,704 INFO     ___FILE_ONLY___  
2022-05-27 09:59:53,704 INFO     ___FILE_ONLY___ Pub/Sub
2022-05-27 09:59:53,704 INFO     ___FILE_ONLY___  
2022-05-27 09:59:53,704 INFO     ___FILE_ONLY___ subscriptions.
2022-05-27 09:59:53,704 INFO     ___FILE_ONLY___ 

2022-05-27 09:59:53,704 INFO     ___FILE_ONLY___       ▪
2022-05-27 09:59:53,705 INFO     ___FILE_ONLY___  
2022-05-27 09:59:53,705 INFO     ___FILE_ONLY___ Added
2022-05-27 09:59:53,705 INFO     ___FILE_ONLY___  
2022-05-27 09:59:53,705 INFO     ___FILE_ONLY___ [1m--bigquery-table[m,
2022-05-27 09:59:53,733 INFO     ___FILE_ONLY___  
2022-05-27 09:59:53,734 INFO     ___FILE_ONLY___ [1m--write-metadata[m,
2022-05-27 09:59:53,734 INFO     ___FILE_ONLY___  
2022-05-27 09:59:53,734 INFO     ___FILE_ONLY___ [1m--use-topic-schema[m,
2022-05-27 09:59:53,734 INFO     ___FILE_ONLY___ 

2022-05-27 09:59:53,734 INFO     ___FILE_ONLY___         
2022-05-27 09:59:53,734 INFO     ___FILE_ONLY___ [1m--drop-unknown-fields[m,
2022-05-27 09:59:53,734 INFO     ___FILE_ONLY___  
2022-05-27 09:59:53,734 INFO     ___FILE_ONLY___ and
2022-05-27 09:59:53,734 INFO     ___FILE_ONLY___  
2022-05-27 09:59:53,734 INFO     ___FILE_ONLY___ [1m--clear-bigquery-config[m
2022-05-27 09:59:53,734 INFO     ___FILE_ONLY___  
2022-05-27 09:59:53,734 INFO     ___FILE_ONLY___ flags
2022-05-27 09:59:53,734 INFO     ___FILE_ONLY___  
2022-05-27 09:59:53,734 INFO     ___FILE_ONLY___ to
2022-05-27 09:59:53,734 INFO     ___FILE_ONLY___  
2022-05-27 09:59:53,734 INFO     ___FILE_ONLY___ [1mgcloud
2022-05-27 09:59:53,734 INFO     ___FILE_ONLY___ 

2022-05-27 09:59:53,734 INFO     ___FILE_ONLY___         
2022-05-27 09:59:53,734 INFO     ___FILE_ONLY___ pubsub
2022-05-27 09:59:53,734 INFO     ___FILE_ONLY___  
2022-05-27 09:59:53,734 INFO     ___FILE_ONLY___ subscriptions
2022-05-27 09:59:53,734 INFO     ___FILE_ONLY___  
2022-05-27 09:59:53,734 INFO     ___FILE_ONLY___ update[m
2022-05-27 09:59:53,734 INFO     ___FILE_ONLY___  
2022-05-27 09:59:53,734 INFO     ___FILE_ONLY___ to
2022-05-27 09:59:53,734 INFO     ___FILE_ONLY___  
2022-05-27 09:59:53,734 INFO     ___FILE_ONLY___ update
2022-05-27 09:59:53,735 INFO     ___FILE_ONLY___  
2022-05-27 09:59:53,735 INFO     ___FILE_ONLY___ BigQuery
2022-05-27 09:59:53,735 INFO     ___FILE_ONLY___  
2022-05-27 09:59:53,735 INFO     ___FILE_ONLY___ configuration
2022-05-27 09:59:53,735 INFO     ___FILE_ONLY___  
2022-05-27 09:59:53,735 INFO     ___FILE_ONLY___ options
2022-05-27 09:59:53,735 INFO     ___FILE_ONLY___  
2022-05-27 09:59:53,735 INFO     ___FILE_ONLY___ in
2022-05-27 09:59:53,735 INFO     ___FILE_ONLY___ 

2022-05-27 09:59:53,735 INFO     ___FILE_ONLY___         
2022-05-27 09:59:53,735 INFO     ___FILE_ONLY___ Cloud
2022-05-27 09:59:53,735 INFO     ___FILE_ONLY___  
2022-05-27 09:59:53,735 INFO     ___FILE_ONLY___ Pub/Sub
2022-05-27 09:59:53,735 INFO     ___FILE_ONLY___  
2022-05-27 09:59:53,735 INFO     ___FILE_ONLY___ subscriptions.
2022-05-27 09:59:53,735 INFO     ___FILE_ONLY___ 

2022-05-27 09:59:53,735 INFO     ___FILE_ONLY___ 

2022-05-27 09:59:53,735 INFO     ___FILE_ONLY___ [m
2022-05-27 09:59:53,735 INFO     ___FILE_ONLY___   
2022-05-27 09:59:53,735 INFO     ___FILE_ONLY___ [1mCompute Engine[m

2022-05-27 09:59:53,735 INFO     ___FILE_ONLY___       ▪
2022-05-27 09:59:53,735 INFO     ___FILE_ONLY___  
2022-05-27 09:59:53,735 INFO     ___FILE_ONLY___ Added
2022-05-27 09:59:53,735 INFO     ___FILE_ONLY___  
2022-05-27 09:59:53,735 INFO     ___FILE_ONLY___ [1m22.04[m
2022-05-27 09:59:53,735 INFO     ___FILE_ONLY___  
2022-05-27 09:59:53,735 INFO     ___FILE_ONLY___ to
2022-05-27 09:59:53,735 INFO     ___FILE_ONLY___  
2022-05-27 09:59:53,735 INFO     ___FILE_ONLY___ allowed
2022-05-27 09:59:53,735 INFO     ___FILE_ONLY___  
2022-05-27 09:59:53,735 INFO     ___FILE_ONLY___ list
2022-05-27 09:59:53,736 INFO     ___FILE_ONLY___  
2022-05-27 09:59:53,736 INFO     ___FILE_ONLY___ of
2022-05-27 09:59:53,736 INFO     ___FILE_ONLY___  
2022-05-27 09:59:53,736 INFO     ___FILE_ONLY___ values
2022-05-27 09:59:53,736 INFO     ___FILE_ONLY___  
2022-05-27 09:59:53,736 INFO     ___FILE_ONLY___ for
2022-05-27 09:59:53,736 INFO     ___FILE_ONLY___  
2022-05-27 09:59:53,736 INFO     ___FILE_ONLY___ [1m--version[m
2022-05-27 09:59:53,736 INFO     ___FILE_ONLY___  
2022-05-27 09:59:53,736 INFO     ___FILE_ONLY___ of
2022-05-27 09:59:53,736 INFO     ___FILE_ONLY___  
2022-05-27 09:59:53,736 INFO     ___FILE_ONLY___ [1mgcloud
2022-05-27 09:59:53,736 INFO     ___FILE_ONLY___  
2022-05-27 09:59:53,736 INFO     ___FILE_ONLY___ beta
2022-05-27 09:59:53,736 INFO     ___FILE_ONLY___ 

2022-05-27 09:59:53,736 INFO     ___FILE_ONLY___         
2022-05-27 09:59:53,736 INFO     ___FILE_ONLY___ compute
2022-05-27 09:59:53,736 INFO     ___FILE_ONLY___  
2022-05-27 09:59:53,736 INFO     ___FILE_ONLY___ instances
2022-05-27 09:59:53,736 INFO     ___FILE_ONLY___  
2022-05-27 09:59:53,736 INFO     ___FILE_ONLY___ ops-agents
2022-05-27 09:59:53,736 INFO     ___FILE_ONLY___  
2022-05-27 09:59:53,736 INFO     ___FILE_ONLY___ policies
2022-05-27 09:59:53,736 INFO     ___FILE_ONLY___  
2022-05-27 09:59:53,736 INFO     ___FILE_ONLY___ [create|update][m.
2022-05-27 09:59:53,736 INFO     ___FILE_ONLY___ 

2022-05-27 09:59:53,736 INFO     ___FILE_ONLY___       ▪
2022-05-27 09:59:53,736 INFO     ___FILE_ONLY___  
2022-05-27 09:59:53,736 INFO     ___FILE_ONLY___ Promoted
2022-05-27 09:59:53,736 INFO     ___FILE_ONLY___  
2022-05-27 09:59:53,736 INFO     ___FILE_ONLY___ [1mdelete[m
2022-05-27 09:59:53,736 INFO     ___FILE_ONLY___  
2022-05-27 09:59:53,736 INFO     ___FILE_ONLY___ command
2022-05-27 09:59:53,736 INFO     ___FILE_ONLY___  
2022-05-27 09:59:53,736 INFO     ___FILE_ONLY___ of
2022-05-27 09:59:53,736 INFO     ___FILE_ONLY___  
2022-05-27 09:59:53,737 INFO     ___FILE_ONLY___ [1mgcloud
2022-05-27 09:59:53,737 INFO     ___FILE_ONLY___  
2022-05-27 09:59:53,737 INFO     ___FILE_ONLY___ compute
2022-05-27 09:59:53,737 INFO     ___FILE_ONLY___  
2022-05-27 09:59:53,737 INFO     ___FILE_ONLY___ instance-groups
2022-05-27 09:59:53,737 INFO     ___FILE_ONLY___  
2022-05-27 09:59:53,737 INFO     ___FILE_ONLY___ managed
2022-05-27 09:59:53,737 INFO     ___FILE_ONLY___ 

2022-05-27 09:59:53,737 INFO     ___FILE_ONLY___         
2022-05-27 09:59:53,737 INFO     ___FILE_ONLY___ all-instances-config[m
2022-05-27 09:59:53,737 INFO     ___FILE_ONLY___  
2022-05-27 09:59:53,737 INFO     ___FILE_ONLY___ to
2022-05-27 09:59:53,737 INFO     ___FILE_ONLY___  
2022-05-27 09:59:53,737 INFO     ___FILE_ONLY___ beta.
2022-05-27 09:59:53,737 INFO     ___FILE_ONLY___ 

2022-05-27 09:59:53,737 INFO     ___FILE_ONLY___       ▪
2022-05-27 09:59:53,737 INFO     ___FILE_ONLY___  
2022-05-27 09:59:53,737 INFO     ___FILE_ONLY___ Promoted
2022-05-27 09:59:53,737 INFO     ___FILE_ONLY___  
2022-05-27 09:59:53,737 INFO     ___FILE_ONLY___ [1mupdate[m
2022-05-27 09:59:53,737 INFO     ___FILE_ONLY___  
2022-05-27 09:59:53,737 INFO     ___FILE_ONLY___ command
2022-05-27 09:59:53,737 INFO     ___FILE_ONLY___  
2022-05-27 09:59:53,737 INFO     ___FILE_ONLY___ of
2022-05-27 09:59:53,737 INFO     ___FILE_ONLY___  
2022-05-27 09:59:53,737 INFO     ___FILE_ONLY___ [1mgcloud
2022-05-27 09:59:53,737 INFO     ___FILE_ONLY___  
2022-05-27 09:59:53,737 INFO     ___FILE_ONLY___ compute
2022-05-27 09:59:53,737 INFO     ___FILE_ONLY___  
2022-05-27 09:59:53,737 INFO     ___FILE_ONLY___ instance-groups
2022-05-27 09:59:53,737 INFO     ___FILE_ONLY___  
2022-05-27 09:59:53,737 INFO     ___FILE_ONLY___ managed
2022-05-27 09:59:53,737 INFO     ___FILE_ONLY___ 

2022-05-27 09:59:53,738 INFO     ___FILE_ONLY___         
2022-05-27 09:59:53,738 INFO     ___FILE_ONLY___ all-instances-config[m
2022-05-27 09:59:53,738 INFO     ___FILE_ONLY___  
2022-05-27 09:59:53,738 INFO     ___FILE_ONLY___ to
2022-05-27 09:59:53,738 INFO     ___FILE_ONLY___  
2022-05-27 09:59:53,738 INFO     ___FILE_ONLY___ beta.
2022-05-27 09:59:53,738 INFO     ___FILE_ONLY___ 

2022-05-27 09:59:53,738 INFO     ___FILE_ONLY___       ▪
2022-05-27 09:59:53,738 INFO     ___FILE_ONLY___  
2022-05-27 09:59:53,738 INFO     ___FILE_ONLY___ Promoted
2022-05-27 09:59:53,738 INFO     ___FILE_ONLY___  
2022-05-27 09:59:53,738 INFO     ___FILE_ONLY___ [1m--region[m
2022-05-27 09:59:53,738 INFO     ___FILE_ONLY___  
2022-05-27 09:59:53,738 INFO     ___FILE_ONLY___ for
2022-05-27 09:59:53,738 INFO     ___FILE_ONLY___  
2022-05-27 09:59:53,738 INFO     ___FILE_ONLY___ [1mgcloud
2022-05-27 09:59:53,738 INFO     ___FILE_ONLY___  
2022-05-27 09:59:53,738 INFO     ___FILE_ONLY___ compute
2022-05-27 09:59:53,738 INFO     ___FILE_ONLY___  
2022-05-27 09:59:53,738 INFO     ___FILE_ONLY___ ssl-policies[m
2022-05-27 09:59:53,738 INFO     ___FILE_ONLY___  
2022-05-27 09:59:53,738 INFO     ___FILE_ONLY___ to
2022-05-27 09:59:53,738 INFO     ___FILE_ONLY___  
2022-05-27 09:59:53,738 INFO     ___FILE_ONLY___ beta.
2022-05-27 09:59:53,738 INFO     ___FILE_ONLY___ 

2022-05-27 09:59:53,738 INFO     ___FILE_ONLY___       ▪
2022-05-27 09:59:53,738 INFO     ___FILE_ONLY___  
2022-05-27 09:59:53,738 INFO     ___FILE_ONLY___ Promoted
2022-05-27 09:59:53,738 INFO     ___FILE_ONLY___  
2022-05-27 09:59:53,738 INFO     ___FILE_ONLY___ [1m--region[m
2022-05-27 09:59:53,738 INFO     ___FILE_ONLY___  
2022-05-27 09:59:53,738 INFO     ___FILE_ONLY___ flag
2022-05-27 09:59:53,738 INFO     ___FILE_ONLY___  
2022-05-27 09:59:53,738 INFO     ___FILE_ONLY___ for
2022-05-27 09:59:53,738 INFO     ___FILE_ONLY___  
2022-05-27 09:59:53,739 INFO     ___FILE_ONLY___ [1mgcloud
2022-05-27 09:59:53,739 INFO     ___FILE_ONLY___  
2022-05-27 09:59:53,739 INFO     ___FILE_ONLY___ compute
2022-05-27 09:59:53,739 INFO     ___FILE_ONLY___  
2022-05-27 09:59:53,739 INFO     ___FILE_ONLY___ target-tcp-proxies[m
2022-05-27 09:59:53,739 INFO     ___FILE_ONLY___  
2022-05-27 09:59:53,739 INFO     ___FILE_ONLY___ to
2022-05-27 09:59:53,739 INFO     ___FILE_ONLY___  
2022-05-27 09:59:53,739 INFO     ___FILE_ONLY___ beta.
2022-05-27 09:59:53,739 INFO     ___FILE_ONLY___ 

2022-05-27 09:59:53,739 INFO     ___FILE_ONLY___       ▪
2022-05-27 09:59:53,739 INFO     ___FILE_ONLY___  
2022-05-27 09:59:53,739 INFO     ___FILE_ONLY___ Added
2022-05-27 09:59:53,739 INFO     ___FILE_ONLY___  
2022-05-27 09:59:53,739 INFO     ___FILE_ONLY___ [1m--target-distribution-shape[m
2022-05-27 09:59:53,739 INFO     ___FILE_ONLY___  
2022-05-27 09:59:53,739 INFO     ___FILE_ONLY___ flag
2022-05-27 09:59:53,739 INFO     ___FILE_ONLY___  
2022-05-27 09:59:53,739 INFO     ___FILE_ONLY___ to
2022-05-27 09:59:53,739 INFO     ___FILE_ONLY___  
2022-05-27 09:59:53,739 INFO     ___FILE_ONLY___ [1mgcloud
2022-05-27 09:59:53,739 INFO     ___FILE_ONLY___  
2022-05-27 09:59:53,739 INFO     ___FILE_ONLY___ compute
2022-05-27 09:59:53,739 INFO     ___FILE_ONLY___  
2022-05-27 09:59:53,739 INFO     ___FILE_ONLY___ instances
2022-05-27 09:59:53,739 INFO     ___FILE_ONLY___ 

2022-05-27 09:59:53,739 INFO     ___FILE_ONLY___         
2022-05-27 09:59:53,739 INFO     ___FILE_ONLY___ bulk
2022-05-27 09:59:53,739 INFO     ___FILE_ONLY___  
2022-05-27 09:59:53,739 INFO     ___FILE_ONLY___ create[m
2022-05-27 09:59:53,739 INFO     ___FILE_ONLY___  
2022-05-27 09:59:53,739 INFO     ___FILE_ONLY___ to
2022-05-27 09:59:53,739 INFO     ___FILE_ONLY___  
2022-05-27 09:59:53,739 INFO     ___FILE_ONLY___ specify
2022-05-27 09:59:53,739 INFO     ___FILE_ONLY___  
2022-05-27 09:59:53,740 INFO     ___FILE_ONLY___ shape
2022-05-27 09:59:53,740 INFO     ___FILE_ONLY___  
2022-05-27 09:59:53,740 INFO     ___FILE_ONLY___ of
2022-05-27 09:59:53,740 INFO     ___FILE_ONLY___  
2022-05-27 09:59:53,740 INFO     ___FILE_ONLY___ distribution
2022-05-27 09:59:53,740 INFO     ___FILE_ONLY___  
2022-05-27 09:59:53,740 INFO     ___FILE_ONLY___ in
2022-05-27 09:59:53,740 INFO     ___FILE_ONLY___  
2022-05-27 09:59:53,740 INFO     ___FILE_ONLY___ regional
2022-05-27 09:59:53,740 INFO     ___FILE_ONLY___  
2022-05-27 09:59:53,740 INFO     ___FILE_ONLY___ bulk
2022-05-27 09:59:53,740 INFO     ___FILE_ONLY___  
2022-05-27 09:59:53,740 INFO     ___FILE_ONLY___ insert
2022-05-27 09:59:53,740 INFO     ___FILE_ONLY___ 

2022-05-27 09:59:53,740 INFO     ___FILE_ONLY___         
2022-05-27 09:59:53,740 INFO     ___FILE_ONLY___ for
2022-05-27 09:59:53,740 INFO     ___FILE_ONLY___  
2022-05-27 09:59:53,740 INFO     ___FILE_ONLY___ alpha
2022-05-27 09:59:53,740 INFO     ___FILE_ONLY___  
2022-05-27 09:59:53,740 INFO     ___FILE_ONLY___ and
2022-05-27 09:59:53,740 INFO     ___FILE_ONLY___  
2022-05-27 09:59:53,740 INFO     ___FILE_ONLY___ beta.
2022-05-27 09:59:53,740 INFO     ___FILE_ONLY___ 

2022-05-27 09:59:53,740 INFO     ___FILE_ONLY___ 

2022-05-27 09:59:53,740 INFO     ___FILE_ONLY___ [m
2022-05-27 09:59:53,740 INFO     ___FILE_ONLY___   
2022-05-27 09:59:53,740 INFO     ___FILE_ONLY___ [1mConfig Connector[m

2022-05-27 09:59:53,740 INFO     ___FILE_ONLY___       ▪
2022-05-27 09:59:53,740 INFO     ___FILE_ONLY___  
2022-05-27 09:59:53,740 INFO     ___FILE_ONLY___ Updated
2022-05-27 09:59:53,740 INFO     ___FILE_ONLY___  
2022-05-27 09:59:53,740 INFO     ___FILE_ONLY___ Google
2022-05-27 09:59:53,740 INFO     ___FILE_ONLY___  
2022-05-27 09:59:53,740 INFO     ___FILE_ONLY___ Cloud
2022-05-27 09:59:53,741 INFO     ___FILE_ONLY___  
2022-05-27 09:59:53,741 INFO     ___FILE_ONLY___ Config
2022-05-27 09:59:53,741 INFO     ___FILE_ONLY___  
2022-05-27 09:59:53,741 INFO     ___FILE_ONLY___ Connector
2022-05-27 09:59:53,741 INFO     ___FILE_ONLY___  
2022-05-27 09:59:53,741 INFO     ___FILE_ONLY___ to
2022-05-27 09:59:53,741 INFO     ___FILE_ONLY___  
2022-05-27 09:59:53,741 INFO     ___FILE_ONLY___ version
2022-05-27 09:59:53,741 INFO     ___FILE_ONLY___  
2022-05-27 09:59:53,741 INFO     ___FILE_ONLY___ 1.85.0.
2022-05-27 09:59:53,741 INFO     ___FILE_ONLY___  
2022-05-27 09:59:53,741 INFO     ___FILE_ONLY___ See
2022-05-27 09:59:53,741 INFO     ___FILE_ONLY___  
2022-05-27 09:59:53,741 INFO     ___FILE_ONLY___ Config
2022-05-27 09:59:53,741 INFO     ___FILE_ONLY___ 

2022-05-27 09:59:53,741 INFO     ___FILE_ONLY___         
2022-05-27 09:59:53,741 INFO     ___FILE_ONLY___ Connector
2022-05-27 09:59:53,741 INFO     ___FILE_ONLY___  
2022-05-27 09:59:53,741 INFO     ___FILE_ONLY___ Overview
2022-05-27 09:59:53,741 INFO     ___FILE_ONLY___  
2022-05-27 09:59:53,741 INFO     ___FILE_ONLY___ for
2022-05-27 09:59:53,741 INFO     ___FILE_ONLY___  
2022-05-27 09:59:53,741 INFO     ___FILE_ONLY___ more
2022-05-27 09:59:53,741 INFO     ___FILE_ONLY___  
2022-05-27 09:59:53,741 INFO     ___FILE_ONLY___ details
2022-05-27 09:59:53,741 INFO     ___FILE_ONLY___ 

2022-05-27 09:59:53,741 INFO     ___FILE_ONLY___         
2022-05-27 09:59:53,741 INFO     ___FILE_ONLY___ https://cloud.google.com/config-connector/docs/overview
2022-05-27 09:59:53,741 INFO     ___FILE_ONLY___ 

2022-05-27 09:59:53,741 INFO     ___FILE_ONLY___         
2022-05-27 09:59:53,741 INFO     ___FILE_ONLY___ (https://cloud.google.com/config-connector/docs/overview).
2022-05-27 09:59:53,741 INFO     ___FILE_ONLY___ 

2022-05-27 09:59:53,741 INFO     ___FILE_ONLY___ 

2022-05-27 09:59:53,741 INFO     ___FILE_ONLY___ [m
2022-05-27 09:59:53,742 INFO     ___FILE_ONLY___   
2022-05-27 09:59:53,742 INFO     ___FILE_ONLY___ [1mEventarc[m

2022-05-27 09:59:53,742 INFO     ___FILE_ONLY___       ▪
2022-05-27 09:59:53,742 INFO     ___FILE_ONLY___  
2022-05-27 09:59:53,742 INFO     ___FILE_ONLY___ Added
2022-05-27 09:59:53,742 INFO     ___FILE_ONLY___  
2022-05-27 09:59:53,742 INFO     ___FILE_ONLY___ [1mgcloud
2022-05-27 09:59:53,742 INFO     ___FILE_ONLY___  
2022-05-27 09:59:53,742 INFO     ___FILE_ONLY___ eventarc
2022-05-27 09:59:53,742 INFO     ___FILE_ONLY___  
2022-05-27 09:59:53,742 INFO     ___FILE_ONLY___ audit-logs-provider[m
2022-05-27 09:59:53,742 INFO     ___FILE_ONLY___  
2022-05-27 09:59:53,742 INFO     ___FILE_ONLY___ command
2022-05-27 09:59:53,742 INFO     ___FILE_ONLY___  
2022-05-27 09:59:53,742 INFO     ___FILE_ONLY___ group.
2022-05-27 09:59:53,742 INFO     ___FILE_ONLY___ 

2022-05-27 09:59:53,742 INFO     ___FILE_ONLY___ 

2022-05-27 09:59:53,742 INFO     ___FILE_ONLY___ [m
2022-05-27 09:59:53,742 INFO     ___FILE_ONLY___   
2022-05-27 09:59:53,742 INFO     ___FILE_ONLY___ [1mStackdriver Monitoring[m

2022-05-27 09:59:53,742 INFO     ___FILE_ONLY___       ▪
2022-05-27 09:59:53,742 INFO     ___FILE_ONLY___  
2022-05-27 09:59:53,742 INFO     ___FILE_ONLY___ Promoted
2022-05-27 09:59:53,742 INFO     ___FILE_ONLY___  
2022-05-27 09:59:53,742 INFO     ___FILE_ONLY___ [1mgcloud
2022-05-27 09:59:53,742 INFO     ___FILE_ONLY___  
2022-05-27 09:59:53,742 INFO     ___FILE_ONLY___ monitoring
2022-05-27 09:59:53,742 INFO     ___FILE_ONLY___  
2022-05-27 09:59:53,742 INFO     ___FILE_ONLY___ metrics-scopes[m
2022-05-27 09:59:53,742 INFO     ___FILE_ONLY___  
2022-05-27 09:59:53,742 INFO     ___FILE_ONLY___ command
2022-05-27 09:59:53,742 INFO     ___FILE_ONLY___  
2022-05-27 09:59:53,742 INFO     ___FILE_ONLY___ group
2022-05-27 09:59:53,742 INFO     ___FILE_ONLY___  
2022-05-27 09:59:53,742 INFO     ___FILE_ONLY___ to
2022-05-27 09:59:53,742 INFO     ___FILE_ONLY___  
2022-05-27 09:59:53,742 INFO     ___FILE_ONLY___ beta.
2022-05-27 09:59:53,742 INFO     ___FILE_ONLY___ 

2022-05-27 09:59:53,742 INFO     ___FILE_ONLY___ 

2022-05-27 09:59:53,742 INFO     ___FILE_ONLY___ [m
2022-05-27 09:59:53,743 INFO     ___FILE_ONLY___   
2022-05-27 09:59:53,743 INFO     ___FILE_ONLY___ [1mTerraform[m

2022-05-27 09:59:53,743 INFO     ___FILE_ONLY___       ▪
2022-05-27 09:59:53,743 INFO     ___FILE_ONLY___  
2022-05-27 09:59:53,743 INFO     ___FILE_ONLY___ Added
2022-05-27 09:59:53,743 INFO     ___FILE_ONLY___  
2022-05-27 09:59:53,743 INFO     ___FILE_ONLY___ support
2022-05-27 09:59:53,743 INFO     ___FILE_ONLY___  
2022-05-27 09:59:53,743 INFO     ___FILE_ONLY___ for
2022-05-27 09:59:53,743 INFO     ___FILE_ONLY___  
2022-05-27 09:59:53,743 INFO     ___FILE_ONLY___ the
2022-05-27 09:59:53,743 INFO     ___FILE_ONLY___  
2022-05-27 09:59:53,743 INFO     ___FILE_ONLY___ following
2022-05-27 09:59:53,743 INFO     ___FILE_ONLY___  
2022-05-27 09:59:53,743 INFO     ___FILE_ONLY___ resources
2022-05-27 09:59:53,743 INFO     ___FILE_ONLY___  
2022-05-27 09:59:53,743 INFO     ___FILE_ONLY___ in
2022-05-27 09:59:53,743 INFO     ___FILE_ONLY___  
2022-05-27 09:59:53,743 INFO     ___FILE_ONLY___ CAI-based
2022-05-27 09:59:53,743 INFO     ___FILE_ONLY___  
2022-05-27 09:59:53,743 INFO     ___FILE_ONLY___ policies:
2022-05-27 09:59:53,743 INFO     ___FILE_ONLY___ 

2022-05-27 09:59:53,743 INFO     ___FILE_ONLY___         ◆
2022-05-27 09:59:53,743 INFO     ___FILE_ONLY___  
2022-05-27 09:59:53,743 INFO     ___FILE_ONLY___ [1mgoogle_access_context_manager_access_policy_iam_binding[m
2022-05-27 09:59:53,743 INFO     ___FILE_ONLY___ 

2022-05-27 09:59:53,743 INFO     ___FILE_ONLY___         ◆
2022-05-27 09:59:53,743 INFO     ___FILE_ONLY___  
2022-05-27 09:59:53,743 INFO     ___FILE_ONLY___ [1mgoogle_access_context_manager_access_policy_iam_member[m
2022-05-27 09:59:53,743 INFO     ___FILE_ONLY___ 

2022-05-27 09:59:53,743 INFO     ___FILE_ONLY___         ◆
2022-05-27 09:59:53,744 INFO     ___FILE_ONLY___  
2022-05-27 09:59:53,744 INFO     ___FILE_ONLY___ [1mgoogle_access_context_manager_access_policy_iam_policy[m
2022-05-27 09:59:53,744 INFO     ___FILE_ONLY___ 

2022-05-27 09:59:53,744 INFO     ___FILE_ONLY___         ◆
2022-05-27 09:59:53,744 INFO     ___FILE_ONLY___  
2022-05-27 09:59:53,744 INFO     ___FILE_ONLY___ [1mgoogle_endpoints_service_consumers_iam_binding[m
2022-05-27 09:59:53,744 INFO     ___FILE_ONLY___ 

2022-05-27 09:59:53,744 INFO     ___FILE_ONLY___         ◆
2022-05-27 09:59:53,744 INFO     ___FILE_ONLY___  
2022-05-27 09:59:53,744 INFO     ___FILE_ONLY___ [1mgoogle_endpoints_service_consumers_iam_member[m
2022-05-27 09:59:53,744 INFO     ___FILE_ONLY___ 

2022-05-27 09:59:53,744 INFO     ___FILE_ONLY___         ◆
2022-05-27 09:59:53,744 INFO     ___FILE_ONLY___  
2022-05-27 09:59:53,744 INFO     ___FILE_ONLY___ [1mgoogle_endpoints_service_consumers_iam_policy[m
2022-05-27 09:59:53,744 INFO     ___FILE_ONLY___ 

2022-05-27 09:59:53,744 INFO     ___FILE_ONLY___         ◆
2022-05-27 09:59:53,744 INFO     ___FILE_ONLY___  
2022-05-27 09:59:53,744 INFO     ___FILE_ONLY___ [1mgoogle_privateca_certificate_template_iam_binding[m
2022-05-27 09:59:53,744 INFO     ___FILE_ONLY___ 

2022-05-27 09:59:53,745 INFO     ___FILE_ONLY___         ◆
2022-05-27 09:59:53,745 INFO     ___FILE_ONLY___  
2022-05-27 09:59:53,745 INFO     ___FILE_ONLY___ [1mgoogle_privateca_certificate_template_iam_member[m
2022-05-27 09:59:53,745 INFO     ___FILE_ONLY___ 

2022-05-27 09:59:53,745 INFO     ___FILE_ONLY___         ◆
2022-05-27 09:59:53,745 INFO     ___FILE_ONLY___  
2022-05-27 09:59:53,745 INFO     ___FILE_ONLY___ [1mgoogle_privateca_certificate_template_iam_policy[m
2022-05-27 09:59:53,745 INFO     ___FILE_ONLY___ 

2022-05-27 09:59:53,745 INFO     ___FILE_ONLY___       ▪
2022-05-27 09:59:53,745 INFO     ___FILE_ONLY___  
2022-05-27 09:59:53,745 INFO     ___FILE_ONLY___ TF
2022-05-27 09:59:53,745 INFO     ___FILE_ONLY___  
2022-05-27 09:59:53,745 INFO     ___FILE_ONLY___ ->
2022-05-27 09:59:53,745 INFO     ___FILE_ONLY___  
2022-05-27 09:59:53,745 INFO     ___FILE_ONLY___ CAI
2022-05-27 09:59:53,745 INFO     ___FILE_ONLY___  
2022-05-27 09:59:53,745 INFO     ___FILE_ONLY___ resource
2022-05-27 09:59:53,745 INFO     ___FILE_ONLY___  
2022-05-27 09:59:53,745 INFO     ___FILE_ONLY___ conversion
2022-05-27 09:59:53,745 INFO     ___FILE_ONLY___  
2022-05-27 09:59:53,745 INFO     ___FILE_ONLY___ compiled
2022-05-27 09:59:53,745 INFO     ___FILE_ONLY___  
2022-05-27 09:59:53,745 INFO     ___FILE_ONLY___ against
2022-05-27 09:59:53,745 INFO     ___FILE_ONLY___  
2022-05-27 09:59:53,745 INFO     ___FILE_ONLY___ `google`
2022-05-27 09:59:53,745 INFO     ___FILE_ONLY___  
2022-05-27 09:59:53,745 INFO     ___FILE_ONLY___ provider
2022-05-27 09:59:53,745 INFO     ___FILE_ONLY___ 

2022-05-27 09:59:53,745 INFO     ___FILE_ONLY___         
2022-05-27 09:59:53,746 INFO     ___FILE_ONLY___ version
2022-05-27 09:59:53,746 INFO     ___FILE_ONLY___  
2022-05-27 09:59:53,746 INFO     ___FILE_ONLY___ 4.20.0
2022-05-27 09:59:53,746 INFO     ___FILE_ONLY___ 

2022-05-27 09:59:53,746 INFO     ___FILE_ONLY___         
2022-05-27 09:59:53,746 INFO     ___FILE_ONLY___ (https://github.com/hashicorp/terraform-provider-google/releases/tag/v4.20.0).
2022-05-27 09:59:53,746 INFO     ___FILE_ONLY___ 

2022-05-27 09:59:53,746 INFO     ___FILE_ONLY___ 

2022-05-27 09:59:53,746 INFO     ___FILE_ONLY___    
2022-05-27 09:59:53,746 INFO     ___FILE_ONLY___  
2022-05-27 09:59:53,746 INFO     ___FILE_ONLY___ Subscribe
2022-05-27 09:59:53,746 INFO     ___FILE_ONLY___  
2022-05-27 09:59:53,746 INFO     ___FILE_ONLY___ to
2022-05-27 09:59:53,746 INFO     ___FILE_ONLY___  
2022-05-27 09:59:53,746 INFO     ___FILE_ONLY___ these
2022-05-27 09:59:53,746 INFO     ___FILE_ONLY___  
2022-05-27 09:59:53,746 INFO     ___FILE_ONLY___ release
2022-05-27 09:59:53,746 INFO     ___FILE_ONLY___  
2022-05-27 09:59:53,746 INFO     ___FILE_ONLY___ notes
2022-05-27 09:59:53,746 INFO     ___FILE_ONLY___  
2022-05-27 09:59:53,746 INFO     ___FILE_ONLY___ at
2022-05-27 09:59:53,746 INFO     ___FILE_ONLY___ 

2022-05-27 09:59:53,746 INFO     ___FILE_ONLY___     
2022-05-27 09:59:53,746 INFO     ___FILE_ONLY___ https://groups.google.com/forum/#!forum/google-cloud-sdk-announce
2022-05-27 09:59:53,746 INFO     ___FILE_ONLY___ 

2022-05-27 09:59:53,746 INFO     ___FILE_ONLY___     
2022-05-27 09:59:53,746 INFO     ___FILE_ONLY___ (https://groups.google.com/forum/#!forum/google-cloud-sdk-announce).
2022-05-27 09:59:53,746 INFO     ___FILE_ONLY___ 

2022-05-27 09:59:53,747 INFO     ___FILE_ONLY___ [m
2022-05-27 09:59:53,747 INFO     ___FILE_ONLY___ 

2022-05-27 10:10:13,603 INFO     ___FILE_ONLY___ ╔════════════════════════════════════════════════════════════╗

2022-05-27 10:10:13,650 INFO     ___FILE_ONLY___ ╠═ Creating update staging area                             ═╣

2022-05-27 10:10:13,659 INFO     ___FILE_ONLY___ ╚
2022-05-27 10:10:13,666 INFO     ___FILE_ONLY___ ══════
2022-05-27 10:10:17,559 INFO     ___FILE_ONLY___ ══════
2022-05-27 10:10:17,559 INFO     ___FILE_ONLY___ ══════
2022-05-27 10:10:18,387 INFO     ___FILE_ONLY___ ═
2022-05-27 10:10:18,659 INFO     ___FILE_ONLY___ ═
2022-05-27 10:10:18,852 INFO     ___FILE_ONLY___ ═
2022-05-27 10:10:19,472 INFO     ___FILE_ONLY___ ═
2022-05-27 10:10:19,979 INFO     ___FILE_ONLY___ ═
2022-05-27 10:10:20,210 INFO     ___FILE_ONLY___ ═
2022-05-27 10:10:20,458 INFO     ___FILE_ONLY___ ═
2022-05-27 10:10:20,846 INFO     ___FILE_ONLY___ ═
2022-05-27 10:10:22,050 INFO     ___FILE_ONLY___ ═
2022-05-27 10:10:22,628 INFO     ___FILE_ONLY___ ═
2022-05-27 10:10:23,183 INFO     ___FILE_ONLY___ ═
2022-05-27 10:10:23,594 INFO     ___FILE_ONLY___ ═
2022-05-27 10:10:23,825 INFO     ___FILE_ONLY___ ═
2022-05-27 10:10:23,997 INFO     ___FILE_ONLY___ ═
2022-05-27 10:10:24,151 INFO     ___FILE_ONLY___ ═
2022-05-27 10:10:24,411 INFO     ___FILE_ONLY___ ═
2022-05-27 10:10:24,991 INFO     ___FILE_ONLY___ ═
2022-05-27 10:10:25,148 INFO     ___FILE_ONLY___ ═
2022-05-27 10:10:25,480 INFO     ___FILE_ONLY___ ═
2022-05-27 10:10:25,670 INFO     ___FILE_ONLY___ ═
2022-05-27 10:10:25,749 INFO     ___FILE_ONLY___ ═
2022-05-27 10:10:25,853 INFO     ___FILE_ONLY___ ═
2022-05-27 10:10:25,925 INFO     ___FILE_ONLY___ ═
2022-05-27 10:10:26,070 INFO     ___FILE_ONLY___ ═
2022-05-27 10:10:26,197 INFO     ___FILE_ONLY___ ═
2022-05-27 10:10:26,447 INFO     ___FILE_ONLY___ ═
2022-05-27 10:10:26,640 INFO     ___FILE_ONLY___ ═
2022-05-27 10:10:26,848 INFO     ___FILE_ONLY___ ═
2022-05-27 10:10:26,993 INFO     ___FILE_ONLY___ ═
2022-05-27 10:10:27,138 INFO     ___FILE_ONLY___ ═
2022-05-27 10:10:27,318 INFO     ___FILE_ONLY___ ═
2022-05-27 10:10:27,500 INFO     ___FILE_ONLY___ ═
2022-05-27 10:10:27,763 INFO     ___FILE_ONLY___ ═
2022-05-27 10:10:27,931 INFO     ___FILE_ONLY___ ═
2022-05-27 10:10:28,093 INFO     ___FILE_ONLY___ ═
2022-05-27 10:10:28,228 INFO     ___FILE_ONLY___ ═
2022-05-27 10:10:28,356 INFO     ___FILE_ONLY___ ═
2022-05-27 10:10:28,496 INFO     ___FILE_ONLY___ ═
2022-05-27 10:10:28,629 INFO     ___FILE_ONLY___ ═
2022-05-27 10:10:28,745 INFO     ___FILE_ONLY___ ═
2022-05-27 10:10:28,880 INFO     ___FILE_ONLY___ ═
2022-05-27 10:10:28,991 INFO     ___FILE_ONLY___ ═
2022-05-27 10:10:28,991 INFO     ___FILE_ONLY___ ╝
2022-05-27 10:10:34,635 INFO     ___FILE_ONLY___ ╠════════════════════════════════════════════════════════════╣

2022-05-27 10:10:34,639 INFO     ___FILE_ONLY___ ╠═ Uninstalling: Google Cloud CLI Core Libraries            ═╣

2022-05-27 10:10:34,639 INFO     ___FILE_ONLY___ ╚
2022-05-27 10:10:34,669 INFO     ___FILE_ONLY___ ═
2022-05-27 10:10:34,678 INFO     ___FILE_ONLY___ ═
2022-05-27 10:10:34,687 INFO     ___FILE_ONLY___ ═
2022-05-27 10:10:34,697 INFO     ___FILE_ONLY___ ═
2022-05-27 10:10:34,707 INFO     ___FILE_ONLY___ ═
2022-05-27 10:10:34,717 INFO     ___FILE_ONLY___ ═
2022-05-27 10:10:34,726 INFO     ___FILE_ONLY___ ═
2022-05-27 10:10:34,737 INFO     ___FILE_ONLY___ ═
2022-05-27 10:10:34,745 INFO     ___FILE_ONLY___ ═
2022-05-27 10:10:34,778 INFO     ___FILE_ONLY___ ═
2022-05-27 10:10:34,787 INFO     ___FILE_ONLY___ ═
2022-05-27 10:10:34,796 INFO     ___FILE_ONLY___ ═
2022-05-27 10:10:34,805 INFO     ___FILE_ONLY___ ═
2022-05-27 10:10:34,815 INFO     ___FILE_ONLY___ ═
2022-05-27 10:10:34,824 INFO     ___FILE_ONLY___ ═
2022-05-27 10:10:34,833 INFO     ___FILE_ONLY___ ═
2022-05-27 10:10:34,842 INFO     ___FILE_ONLY___ ═
2022-05-27 10:10:34,851 INFO     ___FILE_ONLY___ ═
2022-05-27 10:10:34,860 INFO     ___FILE_ONLY___ ═
2022-05-27 10:10:34,870 INFO     ___FILE_ONLY___ ═
2022-05-27 10:10:34,880 INFO     ___FILE_ONLY___ ═
2022-05-27 10:10:34,889 INFO     ___FILE_ONLY___ ═
2022-05-27 10:10:34,899 INFO     ___FILE_ONLY___ ═
2022-05-27 10:10:34,910 INFO     ___FILE_ONLY___ ═
2022-05-27 10:10:34,921 INFO     ___FILE_ONLY___ ═
2022-05-27 10:10:34,932 INFO     ___FILE_ONLY___ ═
2022-05-27 10:10:34,943 INFO     ___FILE_ONLY___ ═
2022-05-27 10:10:34,954 INFO     ___FILE_ONLY___ ═
2022-05-27 10:10:34,965 INFO     ___FILE_ONLY___ ═
2022-05-27 10:10:34,975 INFO     ___FILE_ONLY___ ═
2022-05-27 10:10:34,987 INFO     ___FILE_ONLY___ ═
2022-05-27 10:10:34,996 INFO     ___FILE_ONLY___ ═
2022-05-27 10:10:35,005 INFO     ___FILE_ONLY___ ═
2022-05-27 10:10:35,015 INFO     ___FILE_ONLY___ ═
2022-05-27 10:10:35,024 INFO     ___FILE_ONLY___ ═
2022-05-27 10:10:35,034 INFO     ___FILE_ONLY___ ═
2022-05-27 10:10:35,044 INFO     ___FILE_ONLY___ ═
2022-05-27 10:10:35,053 INFO     ___FILE_ONLY___ ═
2022-05-27 10:10:35,064 INFO     ___FILE_ONLY___ ═
2022-05-27 10:10:35,074 INFO     ___FILE_ONLY___ ═
2022-05-27 10:10:35,114 INFO     ___FILE_ONLY___ ═
2022-05-27 10:10:35,126 INFO     ___FILE_ONLY___ ═
2022-05-27 10:10:35,135 INFO     ___FILE_ONLY___ ═
2022-05-27 10:10:35,144 INFO     ___FILE_ONLY___ ═
2022-05-27 10:10:35,153 INFO     ___FILE_ONLY___ ═
2022-05-27 10:10:35,162 INFO     ___FILE_ONLY___ ═
2022-05-27 10:10:35,171 INFO     ___FILE_ONLY___ ═
2022-05-27 10:10:35,179 INFO     ___FILE_ONLY___ ═
2022-05-27 10:10:35,188 INFO     ___FILE_ONLY___ ═
2022-05-27 10:10:35,197 INFO     ___FILE_ONLY___ ═
2022-05-27 10:10:35,205 INFO     ___FILE_ONLY___ ═
2022-05-27 10:10:35,214 INFO     ___FILE_ONLY___ ═
2022-05-27 10:10:35,223 INFO     ___FILE_ONLY___ ═
2022-05-27 10:10:35,231 INFO     ___FILE_ONLY___ ═
2022-05-27 10:10:35,240 INFO     ___FILE_ONLY___ ═
2022-05-27 10:10:35,249 INFO     ___FILE_ONLY___ ═
2022-05-27 10:10:35,258 INFO     ___FILE_ONLY___ ═
2022-05-27 10:10:35,267 INFO     ___FILE_ONLY___ ═
2022-05-27 10:10:35,276 INFO     ___FILE_ONLY___ ═
2022-05-27 10:10:35,285 INFO     ___FILE_ONLY___ ═
2022-05-27 10:10:35,285 INFO     ___FILE_ONLY___ ╝
2022-05-27 10:10:36,341 INFO     ___FILE_ONLY___ ╠════════════════════════════════════════════════════════════╣

2022-05-27 10:10:36,341 INFO     ___FILE_ONLY___ ╠═ Installing: Google Cloud CLI Core Libraries              ═╣

2022-05-27 10:10:36,341 INFO     ___FILE_ONLY___ ╚
2022-05-27 10:10:36,507 DEBUG    urllib3.connectionpool Starting new HTTPS connection (1): dl.google.com:443
2022-05-27 10:10:36,609 DEBUG    urllib3.connectionpool https://dl.google.com:443 "GET /dl/cloudsdk/channels/rapid/components/google-cloud-sdk-core-20220520145440.tar.gz HTTP/1.1" 200 24409265
2022-05-27 10:10:37,613 INFO     ___FILE_ONLY___ ═
2022-05-27 10:10:37,615 INFO     ___FILE_ONLY___ ═
2022-05-27 10:10:37,617 INFO     ___FILE_ONLY___ ═
2022-05-27 10:10:37,620 INFO     ___FILE_ONLY___ ═
2022-05-27 10:10:37,622 INFO     ___FILE_ONLY___ ═
2022-05-27 10:10:37,624 INFO     ___FILE_ONLY___ ═
2022-05-27 10:10:37,625 INFO     ___FILE_ONLY___ ═
2022-05-27 10:10:37,626 INFO     ___FILE_ONLY___ ═
2022-05-27 10:10:37,627 INFO     ___FILE_ONLY___ ═
2022-05-27 10:10:37,628 INFO     ___FILE_ONLY___ ═
2022-05-27 10:10:37,629 INFO     ___FILE_ONLY___ ═
2022-05-27 10:10:37,629 INFO     ___FILE_ONLY___ ═
2022-05-27 10:10:37,630 INFO     ___FILE_ONLY___ ═
2022-05-27 10:10:37,631 INFO     ___FILE_ONLY___ ═
2022-05-27 10:10:37,634 INFO     ___FILE_ONLY___ ═
2022-05-27 10:10:37,635 INFO     ___FILE_ONLY___ ═
2022-05-27 10:10:37,636 INFO     ___FILE_ONLY___ ═
2022-05-27 10:10:37,636 INFO     ___FILE_ONLY___ ═
2022-05-27 10:10:37,637 INFO     ___FILE_ONLY___ ═
2022-05-27 10:10:37,638 INFO     ___FILE_ONLY___ ═
2022-05-27 10:10:37,639 INFO     ___FILE_ONLY___ ═
2022-05-27 10:10:37,640 INFO     ___FILE_ONLY___ ═
2022-05-27 10:10:37,640 INFO     ___FILE_ONLY___ ═
2022-05-27 10:10:37,641 INFO     ___FILE_ONLY___ ═
2022-05-27 10:10:37,641 INFO     ___FILE_ONLY___ ═
2022-05-27 10:10:37,642 INFO     ___FILE_ONLY___ ═
2022-05-27 10:10:37,642 INFO     ___FILE_ONLY___ ═
2022-05-27 10:10:37,643 INFO     ___FILE_ONLY___ ═
2022-05-27 10:10:37,643 INFO     ___FILE_ONLY___ ═
2022-05-27 10:10:37,644 INFO     ___FILE_ONLY___ ═
2022-05-27 10:10:38,736 INFO     ___FILE_ONLY___ ═
2022-05-27 10:10:38,783 INFO     ___FILE_ONLY___ ═
2022-05-27 10:10:38,829 INFO     ___FILE_ONLY___ ═
2022-05-27 10:10:38,874 INFO     ___FILE_ONLY___ ═
2022-05-27 10:10:38,913 INFO     ___FILE_ONLY___ ═
2022-05-27 10:10:38,954 INFO     ___FILE_ONLY___ ═
2022-05-27 10:10:38,994 INFO     ___FILE_ONLY___ ═
2022-05-27 10:10:39,042 INFO     ___FILE_ONLY___ ═
2022-05-27 10:10:39,090 INFO     ___FILE_ONLY___ ═
2022-05-27 10:10:39,133 INFO     ___FILE_ONLY___ ═
2022-05-27 10:10:39,178 INFO     ___FILE_ONLY___ ═
2022-05-27 10:10:39,237 INFO     ___FILE_ONLY___ ═
2022-05-27 10:10:39,290 INFO     ___FILE_ONLY___ ═
2022-05-27 10:10:39,328 INFO     ___FILE_ONLY___ ═
2022-05-27 10:10:39,366 INFO     ___FILE_ONLY___ ═
2022-05-27 10:10:39,398 INFO     ___FILE_ONLY___ ═
2022-05-27 10:10:39,432 INFO     ___FILE_ONLY___ ═
2022-05-27 10:10:39,466 INFO     ___FILE_ONLY___ ═
2022-05-27 10:10:39,502 INFO     ___FILE_ONLY___ ═
2022-05-27 10:10:39,537 INFO     ___FILE_ONLY___ ═
2022-05-27 10:10:39,571 INFO     ___FILE_ONLY___ ═
2022-05-27 10:10:39,615 INFO     ___FILE_ONLY___ ═
2022-05-27 10:10:39,654 INFO     ___FILE_ONLY___ ═
2022-05-27 10:10:39,727 INFO     ___FILE_ONLY___ ═
2022-05-27 10:10:39,856 INFO     ___FILE_ONLY___ ═
2022-05-27 10:10:39,999 INFO     ___FILE_ONLY___ ═
2022-05-27 10:10:40,285 INFO     ___FILE_ONLY___ ═
2022-05-27 10:10:40,495 INFO     ___FILE_ONLY___ ═
2022-05-27 10:10:40,588 INFO     ___FILE_ONLY___ ═
2022-05-27 10:10:40,672 INFO     ___FILE_ONLY___ ═
2022-05-27 10:10:40,672 INFO     ___FILE_ONLY___ ╝
2022-05-27 10:10:40,730 INFO     ___FILE_ONLY___ ╠════════════════════════════════════════════════════════════╣

2022-05-27 10:10:40,730 INFO     ___FILE_ONLY___ ╠═ Creating backup and activating new installation          ═╣

2022-05-27 10:10:40,730 INFO     ___FILE_ONLY___ ╚
2022-05-27 10:10:40,730 DEBUG    root            Attempting to move directory [/opt/homebrew/Caskroom/google-cloud-sdk/latest/google-cloud-sdk] to [/opt/homebrew/Caskroom/google-cloud-sdk/latest/google-cloud-sdk.staging/.install/.backup]
2022-05-27 10:10:40,731 INFO     ___FILE_ONLY___ ══════════════════════════════
2022-05-27 10:10:40,731 DEBUG    root            Attempting to move directory [/opt/homebrew/Caskroom/google-cloud-sdk/latest/google-cloud-sdk.staging] to [/opt/homebrew/Caskroom/google-cloud-sdk/latest/google-cloud-sdk]
2022-05-27 10:10:40,731 INFO     ___FILE_ONLY___ ══════════════════════════════
2022-05-27 10:10:40,731 INFO     ___FILE_ONLY___ ╝

2022-05-27 10:10:40,735 DEBUG    root            Updating notification cache...
2022-05-27 10:10:40,737 INFO     ___FILE_ONLY___ 

2022-05-27 10:10:40,739 INFO     ___FILE_ONLY___ Performing post processing steps...
2022-05-27 10:10:40,740 DEBUG    root            Executing command: ['/opt/homebrew/bin/python3', '-S', '/opt/homebrew/Caskroom/google-cloud-sdk/latest/google-cloud-sdk/lib/gcloud.py', 'components', 'post-process']
2022-05-27 10:10:54,173 DEBUG    ___FILE_ONLY___ 
2022-05-27 10:10:54,174 DEBUG    ___FILE_ONLY___ 
2022-05-27 10:10:54,202 INFO     ___FILE_ONLY___ 
Update done!


2022-05-27 10:10:54,203 INFO     ___FILE_ONLY___ To revert your CLI to the previously installed version, you may run:
  $ gcloud components update --version 386.0.0


2022-05-27 10:10:54,223 INFO     root            Display format: "none"
2022-05-27 10:10:54,244 DEBUG    root            Metrics reporting process started...
