2022-05-06 10:31:14,150 ERROR    root            (gcloud) Command name argument expected.
2022-05-06 10:31:14,180 DEBUG    root            Loaded Command Group: ['gcloud', 'compute']
2022-05-06 10:31:14,193 DEBUG    root            Loaded Command Group: ['gcloud', 'app']
2022-05-06 10:31:14,196 DEBUG    root            Loaded Command Group: ['gcloud', 'metastore']
2022-05-06 10:31:14,198 DEBUG    root            Loaded Command Group: ['gcloud', 'iot']
2022-05-06 10:31:14,199 DEBUG    root            Loaded Command Group: ['gcloud', 'network_connectivity']
2022-05-06 10:31:14,201 DEBUG    root            Loaded Command Group: ['gcloud', 'resource_settings']
2022-05-06 10:31:14,202 DEBUG    root            Loaded Command Group: ['gcloud', 'dataflow']
2022-05-06 10:31:14,204 DEBUG    root            Loaded Command Group: ['gcloud', 'iap']
2022-05-06 10:31:14,208 DEBUG    root            Loaded Command Group: ['gcloud', 'init']
2022-05-06 10:31:14,209 DEBUG    root            Loaded Command Group: ['gcloud', 'topic']
2022-05-06 10:31:14,245 DEBUG    root            No implementation for release track [GA] for element: [/opt/homebrew/Caskroom/google-cloud-sdk/latest/google-cloud-sdk/lib/surface/interactive]
2022-05-06 10:31:14,247 DEBUG    root            Loaded Command Group: ['gcloud', 'workflows']
2022-05-06 10:31:14,249 DEBUG    root            Loaded Command Group: ['gcloud', 'anthos']
2022-05-06 10:31:14,250 DEBUG    root            Loaded Command Group: ['gcloud', 'monitoring']
2022-05-06 10:31:14,252 DEBUG    root            No implementation for release track [GA] for element: [/opt/homebrew/Caskroom/google-cloud-sdk/latest/google-cloud-sdk/lib/surface/dialogflow]
2022-05-06 10:31:14,254 DEBUG    root            Loaded Command Group: ['gcloud', 'docker']
2022-05-06 10:31:14,255 DEBUG    root            Loaded Command Group: ['gcloud', 'sql']
2022-05-06 10:31:14,257 DEBUG    root            Loaded Command Group: ['gcloud', 'ml']
2022-05-06 10:31:14,259 DEBUG    root            Loaded Command Group: ['gcloud', 'network_services']
2022-05-06 10:31:14,260 DEBUG    root            Loaded Command Group: ['gcloud', 'privateca']
2022-05-06 10:31:14,262 DEBUG    root            Loaded Command Group: ['gcloud', 'redis']
2022-05-06 10:31:14,264 DEBUG    root            Loaded Command Group: ['gcloud', 'dns']
2022-05-06 10:31:14,266 DEBUG    root            Loaded Command Group: ['gcloud', 'components']
2022-05-06 10:31:14,267 DEBUG    root            Loaded Command Group: ['gcloud', 'filestore']
2022-05-06 10:31:14,269 DEBUG    root            Loaded Command Group: ['gcloud', 'identity']
2022-05-06 10:31:14,270 DEBUG    root            Loaded Command Group: ['gcloud', 'datastore']
2022-05-06 10:31:14,271 DEBUG    root            Loaded Command Group: ['gcloud', 'firestore']
2022-05-06 10:31:14,272 DEBUG    root            Loaded Command Group: ['gcloud', 'access_context_manager']
2022-05-06 10:31:14,274 DEBUG    root            Loaded Command Group: ['gcloud', 'apigee']
2022-05-06 10:31:14,275 DEBUG    root            No implementation for release track [GA] for element: [/opt/homebrew/Caskroom/google-cloud-sdk/latest/google-cloud-sdk/lib/surface/transfer]
2022-05-06 10:31:14,276 DEBUG    root            No implementation for release track [GA] for element: [/opt/homebrew/Caskroom/google-cloud-sdk/latest/google-cloud-sdk/lib/surface/dlp]
2022-05-06 10:31:14,276 DEBUG    root            Loaded Command Group: ['gcloud', 'cloud_shell']
2022-05-06 10:31:14,277 DEBUG    root            No implementation for release track [GA] for element: [/opt/homebrew/Caskroom/google-cloud-sdk/latest/google-cloud-sdk/lib/surface/datapipelines]
2022-05-06 10:31:14,278 DEBUG    root            Loaded Command Group: ['gcloud', 'access_approval']
2022-05-06 10:31:14,279 DEBUG    root            Loaded Command Group: ['gcloud', 'artifacts']
2022-05-06 10:31:14,281 DEBUG    root            No implementation for release track [GA] for element: [/opt/homebrew/Caskroom/google-cloud-sdk/latest/google-cloud-sdk/lib/surface/publicca]
2022-05-06 10:31:14,302 DEBUG    root            Loaded Command Group: ['gcloud', 'ml_engine']
2022-05-06 10:31:14,304 DEBUG    root            Loaded Command Group: ['gcloud', 'recommender']
2022-05-06 10:31:14,305 DEBUG    root            Loaded Command Group: ['gcloud', 'essential_contacts']
2022-05-06 10:31:14,306 DEBUG    root            Loaded Command Group: ['gcloud', 'policy_intelligence']
2022-05-06 10:31:14,307 DEBUG    root            Loaded Command Group: ['gcloud', 'game']
2022-05-06 10:31:14,308 DEBUG    root            Loaded Command Group: ['gcloud', 'active_directory']
2022-05-06 10:31:14,310 DEBUG    root            No implementation for release track [GA] for element: [/opt/homebrew/Caskroom/google-cloud-sdk/latest/google-cloud-sdk/lib/surface/code]
2022-05-06 10:31:14,311 DEBUG    root            Loaded Command Group: ['gcloud', 'run']
2022-05-06 10:31:14,312 DEBUG    root            Loaded Command Group: ['gcloud', 'bms']
2022-05-06 10:31:14,314 DEBUG    root            Loaded Command Group: ['gcloud', 'healthcare']
2022-05-06 10:31:14,316 DEBUG    root            Loaded Command Group: ['gcloud', 'datastream']
2022-05-06 10:31:14,317 DEBUG    root            No implementation for release track [GA] for element: [/opt/homebrew/Caskroom/google-cloud-sdk/latest/google-cloud-sdk/lib/surface/storage]
2022-05-06 10:31:14,318 DEBUG    root            Loaded Command Group: ['gcloud', 'meta']
2022-05-06 10:31:14,320 DEBUG    root            Loaded Command Group: ['gcloud', 'auth']
2022-05-06 10:31:14,324 DEBUG    root            Loaded Command Group: ['gcloud', 'container']
2022-05-06 10:31:14,328 DEBUG    root            Loaded Command Group: ['gcloud', 'info']
2022-05-06 10:31:14,329 DEBUG    root            Loaded Command Group: ['gcloud', 'dataproc']
2022-05-06 10:31:14,333 DEBUG    root            Loaded Command Group: ['gcloud', 'help']
2022-05-06 10:31:14,334 DEBUG    root            Loaded Command Group: ['gcloud', 'scheduler']
2022-05-06 10:31:14,349 DEBUG    root            No implementation for release track [GA] for element: [/opt/homebrew/Caskroom/google-cloud-sdk/latest/google-cloud-sdk/lib/surface/events]
2022-05-06 10:31:14,350 DEBUG    root            No implementation for release track [GA] for element: [/opt/homebrew/Caskroom/google-cloud-sdk/latest/google-cloud-sdk/lib/surface/lifesciences]
2022-05-06 10:31:14,350 DEBUG    root            No implementation for release track [GA] for element: [/opt/homebrew/Caskroom/google-cloud-sdk/latest/google-cloud-sdk/lib/surface/alloydb]
2022-05-06 10:31:14,351 DEBUG    root            No implementation for release track [GA] for element: [/opt/homebrew/Caskroom/google-cloud-sdk/latest/google-cloud-sdk/lib/surface/dataplex]
2022-05-06 10:31:14,351 DEBUG    root            No implementation for release track [GA] for element: [/opt/homebrew/Caskroom/google-cloud-sdk/latest/google-cloud-sdk/lib/surface/edge_container]
2022-05-06 10:31:14,352 DEBUG    root            Loaded Command Group: ['gcloud', 'config']
2022-05-06 10:31:14,353 DEBUG    root            Loaded Command Group: ['gcloud', 'tasks']
2022-05-06 10:31:14,355 DEBUG    root            No implementation for release track [GA] for element: [/opt/homebrew/Caskroom/google-cloud-sdk/latest/google-cloud-sdk/lib/surface/admin_service_cluster]
2022-05-06 10:31:14,355 DEBUG    root            No implementation for release track [GA] for element: [/opt/homebrew/Caskroom/google-cloud-sdk/latest/google-cloud-sdk/lib/surface/bq]
2022-05-06 10:31:14,356 DEBUG    root            Loaded Command Group: ['gcloud', 'deployment_manager']
2022-05-06 10:31:14,357 DEBUG    root            Loaded Command Group: ['gcloud', 'composer']
2022-05-06 10:31:14,359 DEBUG    root            Loaded Command Group: ['gcloud', 'version']
2022-05-06 10:31:14,359 DEBUG    root            Loaded Command Group: ['gcloud', 'eventarc']
2022-05-06 10:31:14,361 DEBUG    root            Loaded Command Group: ['gcloud', 'spanner']
2022-05-06 10:31:14,363 DEBUG    root            Loaded Command Group: ['gcloud', 'endpoints']
2022-05-06 10:31:14,364 DEBUG    root            No implementation for release track [GA] for element: [/opt/homebrew/Caskroom/google-cloud-sdk/latest/google-cloud-sdk/lib/surface/trace]
2022-05-06 10:31:14,364 DEBUG    root            No implementation for release track [GA] for element: [/opt/homebrew/Caskroom/google-cloud-sdk/latest/google-cloud-sdk/lib/surface/certificate_manager]
2022-05-06 10:31:14,365 DEBUG    root            No implementation for release track [GA] for element: [/opt/homebrew/Caskroom/google-cloud-sdk/latest/google-cloud-sdk/lib/surface/genomics]
2022-05-06 10:31:14,365 DEBUG    root            No implementation for release track [GA] for element: [/opt/homebrew/Caskroom/google-cloud-sdk/latest/google-cloud-sdk/lib/surface/data_fusion]
2022-05-06 10:31:14,365 DEBUG    root            Loaded Command Group: ['gcloud', 'ids']
2022-05-06 10:31:14,366 DEBUG    root            No implementation for release track [GA] for element: [/opt/homebrew/Caskroom/google-cloud-sdk/latest/google-cloud-sdk/lib/surface/vmware]
2022-05-06 10:31:14,367 DEBUG    root            Loaded Command Group: ['gcloud', 'transcoder']
2022-05-06 10:31:14,368 DEBUG    root            Loaded Command Group: ['gcloud', 'recaptcha']
2022-05-06 10:31:14,368 DEBUG    root            Loaded Command Group: ['gcloud', 'projects']
2022-05-06 10:31:14,369 DEBUG    root            Loaded Command Group: ['gcloud', 'ai_platform']
2022-05-06 10:31:14,370 DEBUG    root            Loaded Command Group: ['gcloud', 'organizations']
2022-05-06 10:31:14,371 DEBUG    root            Loaded Command Group: ['gcloud', 'cheat_sheet']
2022-05-06 10:31:14,372 DEBUG    root            Loaded Command Group: ['gcloud', 'database_migration']
2022-05-06 10:31:14,373 DEBUG    root            Loaded Command Group: ['gcloud', 'data_catalog']
2022-05-06 10:31:14,374 DEBUG    root            Loaded Command Group: ['gcloud', 'notebooks']
2022-05-06 10:31:14,375 DEBUG    root            Loaded Command Group: ['gcloud', 'edge_cache']
2022-05-06 10:31:14,378 DEBUG    root            Loaded Command Group: ['gcloud', 'feedback']
2022-05-06 10:31:14,379 DEBUG    root            No implementation for release track [GA] for element: [/opt/homebrew/Caskroom/google-cloud-sdk/latest/google-cloud-sdk/lib/surface/kuberun]
2022-05-06 10:31:14,381 DEBUG    root            Loaded Command Group: ['gcloud', 'survey']
2022-05-06 10:31:14,382 DEBUG    root            No implementation for release track [GA] for element: [/opt/homebrew/Caskroom/google-cloud-sdk/latest/google-cloud-sdk/lib/surface/runtime_config]
2022-05-06 10:31:14,382 DEBUG    root            Loaded Command Group: ['gcloud', 'workspace_add_ons']
2022-05-06 10:31:14,383 DEBUG    root            Loaded Command Group: ['gcloud', 'iam']
2022-05-06 10:31:14,385 DEBUG    root            Loaded Command Group: ['gcloud', 'network_security']
2022-05-06 10:31:14,387 DEBUG    root            Loaded Command Group: ['gcloud', 'kms']
2022-05-06 10:31:14,388 DEBUG    root            Loaded Command Group: ['gcloud', 'policy_troubleshoot']
2022-05-06 10:31:14,389 DEBUG    root            Loaded Command Group: ['gcloud', 'source']
2022-05-06 10:31:14,390 DEBUG    root            Loaded Command Group: ['gcloud', 'emulators']
2022-05-06 10:31:14,390 DEBUG    root            Loaded Command Group: ['gcloud', 'assured']
2022-05-06 10:31:14,393 DEBUG    root            Loaded Command Group: ['gcloud', 'functions']
2022-05-06 10:31:14,394 DEBUG    root            Loaded Command Group: ['gcloud', 'asset']
2022-05-06 10:31:14,395 DEBUG    root            Loaded Command Group: ['gcloud', 'logging']
2022-05-06 10:31:14,397 DEBUG    root            Loaded Command Group: ['gcloud', 'billing']
2022-05-06 10:31:14,398 DEBUG    root            No implementation for release track [GA] for element: [/opt/homebrew/Caskroom/google-cloud-sdk/latest/google-cloud-sdk/lib/surface/beyondcorp]
2022-05-06 10:31:14,398 DEBUG    root            Loaded Command Group: ['gcloud', 'bigtable']
2022-05-06 10:31:14,400 DEBUG    root            No implementation for release track [GA] for element: [/opt/homebrew/Caskroom/google-cloud-sdk/latest/google-cloud-sdk/lib/surface/error_reporting]
2022-05-06 10:31:14,400 DEBUG    root            Loaded Command Group: ['gcloud', 'org_policies']
2022-05-06 10:31:14,401 DEBUG    root            Loaded Command Group: ['gcloud', 'services']
2022-05-06 10:31:14,403 DEBUG    root            Loaded Command Group: ['gcloud', 'scc']
2022-05-06 10:31:14,404 DEBUG    root            No implementation for release track [GA] for element: [/opt/homebrew/Caskroom/google-cloud-sdk/latest/google-cloud-sdk/lib/surface/media]
2022-05-06 10:31:14,405 DEBUG    root            Loaded Command Group: ['gcloud', 'debug']
2022-05-06 10:31:14,406 DEBUG    root            No implementation for release track [GA] for element: [/opt/homebrew/Caskroom/google-cloud-sdk/latest/google-cloud-sdk/lib/surface/blueprints]
2022-05-06 10:31:14,407 DEBUG    root            No implementation for release track [GA] for element: [/opt/homebrew/Caskroom/google-cloud-sdk/latest/google-cloud-sdk/lib/surface/resource_config]
2022-05-06 10:31:14,407 DEBUG    root            Loaded Command Group: ['gcloud', 'memcache']
2022-05-06 10:31:14,408 DEBUG    root            Loaded Command Group: ['gcloud', 'secrets']
2022-05-06 10:31:14,409 DEBUG    root            No implementation for release track [GA] for element: [/opt/homebrew/Caskroom/google-cloud-sdk/latest/google-cloud-sdk/lib/surface/remote_build_execution]
2022-05-06 10:31:14,411 DEBUG    root            Loaded Command Group: ['gcloud', 'builds']
2022-05-06 10:31:14,412 DEBUG    root            Loaded Command Group: ['gcloud', 'ai']
2022-05-06 10:31:14,415 DEBUG    root            Loaded Command Group: ['gcloud', 'api_gateway']
2022-05-06 10:31:14,415 DEBUG    root            No implementation for release track [GA] for element: [/opt/homebrew/Caskroom/google-cloud-sdk/latest/google-cloud-sdk/lib/surface/commerce_procurement]
2022-05-06 10:31:14,416 DEBUG    root            Loaded Command Group: ['gcloud', 'service_directory']
2022-05-06 10:31:14,417 DEBUG    root            Loaded Command Group: ['gcloud', 'domains']
2022-05-06 10:31:14,418 DEBUG    root            Loaded Command Group: ['gcloud', 'network_management']
2022-05-06 10:31:14,419 DEBUG    root            Loaded Command Group: ['gcloud', 'pubsub']
2022-05-06 10:31:14,421 DEBUG    root            Loaded Command Group: ['gcloud', 'resource_manager']
2022-05-06 10:31:14,422 DEBUG    root            No implementation for release track [GA] for element: [/opt/homebrew/Caskroom/google-cloud-sdk/latest/google-cloud-sdk/lib/surface/web_security_scanner]
2022-05-06 10:31:14,423 DEBUG    root            Loaded Command Group: ['gcloud', 'firebase']
2022-05-06 10:31:14,424 DEBUG    root            No implementation for release track [GA] for element: [/opt/homebrew/Caskroom/google-cloud-sdk/latest/google-cloud-sdk/lib/surface/deploy]
2022-05-06 10:31:27,411 DEBUG    root            Metrics reporting process started...
