2022-05-06 10:35:17,355 DEBUG    root            Loaded Command Group: ['gcloud', 'config']
2022-05-06 10:35:17,357 DEBUG    root            Loaded Command Group: ['gcloud', 'config', 'config_helper']
2022-05-06 10:35:17,358 DEBUG    root            Running [gcloud.config.config-helper] with arguments: [--format: "json"]
2022-05-06 10:35:17,364 INFO     root            Display format: "default json"
2022-05-06 10:35:17,365 INFO     ___FILE_ONLY___ {
  "configuration": {
    "active_configuration": "default",
    "properties": {
      "compute": {
        "zone": "us-central1"
      },
      "core": {
        "account": "britton.jenner@crowdriff.com",
        "disable_usage_reporting": "False",
        "project": "crowdriff-stories-dev"
      }
    }
  },
  "credential": {
    "access_token": "ya29.A0ARrdaM-7cKekYDCxTWHWYHcSYtfcmzBvwe8-Uy_Uiu6ZVbXzmnwWvoZ1ur8wcxFoI7g3wnY1vAaAWM8Ru2F63MBt8pjbjYLJcDMVcD6mEgk6LVvdQvPdg9-u9FgbmLoMggffMO7V38ZcZlF0O8n_R3wW2k8Exyvr6MiQKms",
    "id_token": "eyJhbGciOiJSUzI1NiIsImtpZCI6ImZjYmQ3ZjQ4MWE4MjVkMTEzZTBkMDNkZDk0ZTYwYjY5ZmYxNjY1YTIiLCJ0eXAiOiJKV1QifQ.eyJpc3MiOiJodHRwczovL2FjY291bnRzLmdvb2dsZS5jb20iLCJhenAiOiIzMjU1NTk0MDU1OS5hcHBzLmdvb2dsZXVzZXJjb250ZW50LmNvbSIsImF1ZCI6IjMyNTU1OTQwNTU5LmFwcHMuZ29vZ2xldXNlcmNvbnRlbnQuY29tIiwic3ViIjoiMTA0NzU3Njk2MTMwOTc4MTMyNDM4IiwiaGQiOiJjcm93ZHJpZmYuY29tIiwiZW1haWwiOiJicml0dG9uLmplbm5lckBjcm93ZHJpZmYuY29tIiwiZW1haWxfdmVyaWZpZWQiOnRydWUsImF0X2hhc2giOiI2MUVSSHZYaXJVTk02MGx5bUdvY1B3IiwiaWF0IjoxNjUxODQ3NDY0LCJleHAiOjE2NTE4NTEwNjR9.NkqfDWWSmedx6kuuZWqWm9pazHliZU1Ou1yY23aTg2CZc1AjXkMD35s7-HC3_--Yu3HLcZup9AxvCGSPhVr1p4Rvcuq-O3SSdGsGdmztsBrdgW1_mSwcjbjM2DpCa4fM65lHDbETa2j7_ujsbL8FHU_zPhRoaz_EeY3k6zkJbWZZLUIApaKDDtFSr36x9_s2Vo8vf_pRWV1r1BcxnUhzuLTAak-rGGG2yFO1wtsNc9gkY0-rPmk5xZ3g_U6ljb0LVQGyMgEeQ4IJ8I-rDXNMQfn9NWlnx5l45XP8uto_cKJ1NLyUFfYce9gF7ya1WtbgQM3I1HOaskYdNp5V6pARCQ",
    "token_expiry": "2022-05-06T15:31:03Z"
  },
  "sentinels": {
    "config_sentinel": "/Users/britton.jenner/.config/gcloud/config_sentinel"
  }
}
2022-05-06 10:35:17,365 INFO     ___FILE_ONLY___ 

2022-05-06 10:35:17,375 DEBUG    root            Metrics reporting process started...
