2022-05-06 11:59:56,776 DEBUG    root            Loaded Command Group: ['gcloud', 'config']
2022-05-06 11:59:56,777 DEBUG    root            Loaded Command Group: ['gcloud', 'config', 'config_helper']
2022-05-06 11:59:56,779 DEBUG    root            Running [gcloud.config.config-helper] with arguments: [--format: "json"]
2022-05-06 11:59:56,782 INFO     root            Display format: "default json"
2022-05-06 11:59:56,782 INFO     ___FILE_ONLY___ {
  "configuration": {
    "active_configuration": "default",
    "properties": {
      "compute": {
        "zone": "us-central1"
      },
      "core": {
        "account": "britton.jenner@crowdriff.com",
        "disable_usage_reporting": "False",
        "project": "crowdriff-stories-dev"
      }
    }
  },
  "credential": {
    "access_token": "ya29.A0ARrdaM8mcWKS5t2NChxUKoSEF9mTUER6VmHCuL7T-poYdoELHruvxGNiN8_wy8FcHGnFOY6Usi15vt2CDYzeWTrHZsnmFTne8UiT8O7itxbu3Id3q0Eg-DfLo9oiypZGMOm-yqoV1f4a3QaLnIgGt2decy7TaMiHw3JGkgg",
    "id_token": "eyJhbGciOiJSUzI1NiIsImtpZCI6ImZjYmQ3ZjQ4MWE4MjVkMTEzZTBkMDNkZDk0ZTYwYjY5ZmYxNjY1YTIiLCJ0eXAiOiJKV1QifQ.eyJpc3MiOiJodHRwczovL2FjY291bnRzLmdvb2dsZS5jb20iLCJhenAiOiIzMjU1NTk0MDU1OS5hcHBzLmdvb2dsZXVzZXJjb250ZW50LmNvbSIsImF1ZCI6IjMyNTU1OTQwNTU5LmFwcHMuZ29vZ2xldXNlcmNvbnRlbnQuY29tIiwic3ViIjoiMTA0NzU3Njk2MTMwOTc4MTMyNDM4IiwiaGQiOiJjcm93ZHJpZmYuY29tIiwiZW1haWwiOiJicml0dG9uLmplbm5lckBjcm93ZHJpZmYuY29tIiwiZW1haWxfdmVyaWZpZWQiOnRydWUsImF0X2hhc2giOiJWTk5Ib3F5MlVrakRXXzZHR0FVdG9nIiwiaWF0IjoxNjUxODUxODQ2LCJleHAiOjE2NTE4NTU0NDZ9.oWR_Gh59Flr4zTfaHeyw-oZA0u6rZ_t_H5TClLOVCoGBREajvDNlcQ-Z9uOpz4mkl8rf6lhxxKnik2DPYFWd0qitwD89cPtvP01FXKBE5xKw0QQ_w8Cmr8_cMXzEBjTDANtKixfGhucO-UpzagOctpGJqKnc_eK1QZIxjenNDKCp-pu10CMXu7eAM34v2zG5Dq4CAupSwzrjkNwZy8_kPQfM8JA_5_v8gKBNjXmQGYptHcXGFEVQWRXBcQBDhcR6cc1h7AAocoyFkgiVr8HDieZQeql2Aexw1xBmcLWdFbU4IIlRygKI4vA0GcoeluPmo8zmD2l14fYuPLcCwR9gyQ",
    "token_expiry": "2022-05-06T16:44:05Z"
  },
  "sentinels": {
    "config_sentinel": "/Users/britton.jenner/.config/gcloud/config_sentinel"
  }
}
2022-05-06 11:59:56,782 INFO     ___FILE_ONLY___ 

2022-05-06 11:59:56,788 DEBUG    root            Metrics reporting process started...
