2022-05-06 13:34:12,196 DEBUG    root            Loaded Command Group: ['gcloud', 'config']
2022-05-06 13:34:12,198 DEBUG    root            Loaded Command Group: ['gcloud', 'config', 'config_helper']
2022-05-06 13:34:12,199 DEBUG    root            Running [gcloud.config.config-helper] with arguments: [--format: "json", --min-expiry: "3600"]
2022-05-06 13:34:12,208 DEBUG    google.auth.transport.requests Making request: POST https://oauth2.googleapis.com/token
2022-05-06 13:34:12,252 DEBUG    urllib3.connectionpool Starting new HTTPS connection (1): oauth2.googleapis.com:443
2022-05-06 13:34:12,359 DEBUG    urllib3.connectionpool https://oauth2.googleapis.com:443 "POST /token HTTP/1.1" 200 None
2022-05-06 13:34:12,361 DEBUG    google.auth.transport.requests Making request: POST https://oauth2.googleapis.com/token
2022-05-06 13:34:12,363 DEBUG    urllib3.connectionpool Starting new HTTPS connection (1): oauth2.googleapis.com:443
2022-05-06 13:34:12,458 DEBUG    urllib3.connectionpool https://oauth2.googleapis.com:443 "POST /token HTTP/1.1" 200 None
2022-05-06 13:34:12,461 INFO     root            Display format: "default json"
2022-05-06 13:34:12,462 INFO     ___FILE_ONLY___ {
  "configuration": {
    "active_configuration": "default",
    "properties": {
      "compute": {
        "zone": "us-central1"
      },
      "core": {
        "account": "britton.jenner@crowdriff.com",
        "disable_usage_reporting": "False",
        "project": "crowdriff-stories-dev"
      }
    }
  },
  "credential": {
    "access_token": "ya29.A0ARrdaM8sYdiw8Lq9bhl_Gy29cS_TruvbPN1_oJdoJwVBna1VyNHL-48pUzt9tdh9R64sCL7Y92Zb1PTb7U2C5F9hRjFEuAFq-O5HGYau7u1KDNBz8UupwrU07CVAAm4GJtSUw3FeFdB442-TRacTQgd2QzviKwPj1qbxEOI",
    "id_token": "eyJhbGciOiJSUzI1NiIsImtpZCI6ImZjYmQ3ZjQ4MWE4MjVkMTEzZTBkMDNkZDk0ZTYwYjY5ZmYxNjY1YTIiLCJ0eXAiOiJKV1QifQ.eyJpc3MiOiJodHRwczovL2FjY291bnRzLmdvb2dsZS5jb20iLCJhenAiOiIzMjU1NTk0MDU1OS5hcHBzLmdvb2dsZXVzZXJjb250ZW50LmNvbSIsImF1ZCI6IjMyNTU1OTQwNTU5LmFwcHMuZ29vZ2xldXNlcmNvbnRlbnQuY29tIiwic3ViIjoiMTA0NzU3Njk2MTMwOTc4MTMyNDM4IiwiaGQiOiJjcm93ZHJpZmYuY29tIiwiZW1haWwiOiJicml0dG9uLmplbm5lckBjcm93ZHJpZmYuY29tIiwiZW1haWxfdmVyaWZpZWQiOnRydWUsImF0X2hhc2giOiJkRkkyNkV3Tk5BbTJiX1pOR2RqRXh3IiwiaWF0IjoxNjUxODU4NDUyLCJleHAiOjE2NTE4NjIwNTJ9.lxqggc9Wl6PVA_stN4VP5cLSCzWOI-cnU3cy899zGH3o-ldmMVW203jhRC7ZOsLqBmBUxTjFbvrivI73rrjEiPs68hsC1qw1H0l42hZPBeyud5xl8ntfkRRLNst9njcTQVrO8Pz3-Bbq89XlDrbMi5dOpahxbIOmc9Zlkm7ymZ0UeeCygUw0k2Xa__UQli1V_EP7pPyKUYyHH2EE_UyMfwYlOgfQBygr9y_UdL0roqqTDXr1eMyFawVoVGd_WqlwLBX1_-MnJNp8r-s2yvpuUzrc_zZVlRye8X6vwylvZRq8vDd6tcQSk5z1-yf30AhAbQMztBn7wFFmykVS_yw37g",
    "token_expiry": "2022-05-06T18:34:11Z"
  },
  "sentinels": {
    "config_sentinel": "/Users/britton.jenner/.config/gcloud/config_sentinel"
  }
}
2022-05-06 13:34:12,462 INFO     ___FILE_ONLY___ 

2022-05-06 13:34:12,468 DEBUG    root            Metrics reporting process started...
